[2025-01-30T00:00:21.954+0000] {processor.py:161} INFO - Started process (PID=3062) to work on /opt/airflow/dags/spotify_etl_dag.py
[2025-01-30T00:00:21.956+0000] {processor.py:830} INFO - Processing file /opt/airflow/dags/spotify_etl_dag.py for tasks to queue
[2025-01-30T00:00:21.958+0000] {logging_mixin.py:188} INFO - [2025-01-30T00:00:21.957+0000] {dagbag.py:538} INFO - Filling up the DagBag from /opt/airflow/dags/spotify_etl_dag.py
[2025-01-30T00:00:22.313+0000] {processor.py:840} INFO - DAG(s) 'spotify_etl' retrieved from /opt/airflow/dags/spotify_etl_dag.py
[2025-01-30T00:00:22.390+0000] {logging_mixin.py:188} INFO - [2025-01-30T00:00:22.389+0000] {dag.py:3036} INFO - Sync 1 DAGs
[2025-01-30T00:00:22.485+0000] {logging_mixin.py:188} INFO - [2025-01-30T00:00:22.484+0000] {dag.py:3823} INFO - Setting next_dagrun for spotify_etl to 2025-01-30 00:00:00+00:00, run_after=2025-01-31 00:00:00+00:00
[2025-01-30T00:00:22.558+0000] {processor.py:183} INFO - Processing /opt/airflow/dags/spotify_etl_dag.py took 0.616 seconds
[2025-01-30T00:00:53.081+0000] {processor.py:161} INFO - Started process (PID=3118) to work on /opt/airflow/dags/spotify_etl_dag.py
[2025-01-30T00:00:53.086+0000] {processor.py:830} INFO - Processing file /opt/airflow/dags/spotify_etl_dag.py for tasks to queue
[2025-01-30T00:00:53.090+0000] {logging_mixin.py:188} INFO - [2025-01-30T00:00:53.089+0000] {dagbag.py:538} INFO - Filling up the DagBag from /opt/airflow/dags/spotify_etl_dag.py
[2025-01-30T00:00:53.582+0000] {processor.py:840} INFO - DAG(s) 'spotify_etl' retrieved from /opt/airflow/dags/spotify_etl_dag.py
[2025-01-30T00:00:53.658+0000] {logging_mixin.py:188} INFO - [2025-01-30T00:00:53.657+0000] {dag.py:3036} INFO - Sync 1 DAGs
[2025-01-30T00:00:53.766+0000] {logging_mixin.py:188} INFO - [2025-01-30T00:00:53.765+0000] {dag.py:3823} INFO - Setting next_dagrun for spotify_etl to 2025-01-30 00:00:00+00:00, run_after=2025-01-31 00:00:00+00:00
[2025-01-30T00:00:53.869+0000] {processor.py:183} INFO - Processing /opt/airflow/dags/spotify_etl_dag.py took 0.798 seconds
[2025-01-30T00:01:24.931+0000] {processor.py:161} INFO - Started process (PID=3175) to work on /opt/airflow/dags/spotify_etl_dag.py
[2025-01-30T00:01:24.934+0000] {processor.py:830} INFO - Processing file /opt/airflow/dags/spotify_etl_dag.py for tasks to queue
[2025-01-30T00:01:24.936+0000] {logging_mixin.py:188} INFO - [2025-01-30T00:01:24.936+0000] {dagbag.py:538} INFO - Filling up the DagBag from /opt/airflow/dags/spotify_etl_dag.py
[2025-01-30T00:01:25.530+0000] {processor.py:840} INFO - DAG(s) 'spotify_etl' retrieved from /opt/airflow/dags/spotify_etl_dag.py
[2025-01-30T00:01:25.591+0000] {logging_mixin.py:188} INFO - [2025-01-30T00:01:25.591+0000] {dag.py:3036} INFO - Sync 1 DAGs
[2025-01-30T00:01:25.685+0000] {logging_mixin.py:188} INFO - [2025-01-30T00:01:25.684+0000] {dag.py:3823} INFO - Setting next_dagrun for spotify_etl to 2025-01-30 00:00:00+00:00, run_after=2025-01-31 00:00:00+00:00
[2025-01-30T00:01:25.778+0000] {processor.py:183} INFO - Processing /opt/airflow/dags/spotify_etl_dag.py took 0.867 seconds
[2025-01-30T00:01:55.994+0000] {processor.py:161} INFO - Started process (PID=3230) to work on /opt/airflow/dags/spotify_etl_dag.py
[2025-01-30T00:01:55.998+0000] {processor.py:830} INFO - Processing file /opt/airflow/dags/spotify_etl_dag.py for tasks to queue
[2025-01-30T00:01:56.005+0000] {logging_mixin.py:188} INFO - [2025-01-30T00:01:56.004+0000] {dagbag.py:538} INFO - Filling up the DagBag from /opt/airflow/dags/spotify_etl_dag.py
[2025-01-30T00:01:56.404+0000] {processor.py:840} INFO - DAG(s) 'spotify_etl' retrieved from /opt/airflow/dags/spotify_etl_dag.py
[2025-01-30T00:01:56.457+0000] {logging_mixin.py:188} INFO - [2025-01-30T00:01:56.456+0000] {dag.py:3036} INFO - Sync 1 DAGs
[2025-01-30T00:01:56.521+0000] {logging_mixin.py:188} INFO - [2025-01-30T00:01:56.520+0000] {dag.py:3823} INFO - Setting next_dagrun for spotify_etl to 2025-01-30 00:00:00+00:00, run_after=2025-01-31 00:00:00+00:00
[2025-01-30T00:01:56.569+0000] {processor.py:183} INFO - Processing /opt/airflow/dags/spotify_etl_dag.py took 0.583 seconds
[2025-01-30T00:02:26.827+0000] {processor.py:161} INFO - Started process (PID=3286) to work on /opt/airflow/dags/spotify_etl_dag.py
[2025-01-30T00:02:26.830+0000] {processor.py:830} INFO - Processing file /opt/airflow/dags/spotify_etl_dag.py for tasks to queue
[2025-01-30T00:02:26.833+0000] {logging_mixin.py:188} INFO - [2025-01-30T00:02:26.831+0000] {dagbag.py:538} INFO - Filling up the DagBag from /opt/airflow/dags/spotify_etl_dag.py
[2025-01-30T00:02:27.414+0000] {processor.py:840} INFO - DAG(s) 'spotify_etl' retrieved from /opt/airflow/dags/spotify_etl_dag.py
[2025-01-30T00:02:27.494+0000] {logging_mixin.py:188} INFO - [2025-01-30T00:02:27.493+0000] {dag.py:3036} INFO - Sync 1 DAGs
[2025-01-30T00:02:27.640+0000] {logging_mixin.py:188} INFO - [2025-01-30T00:02:27.640+0000] {dag.py:3823} INFO - Setting next_dagrun for spotify_etl to 2025-01-30 00:00:00+00:00, run_after=2025-01-31 00:00:00+00:00
[2025-01-30T00:02:27.742+0000] {processor.py:183} INFO - Processing /opt/airflow/dags/spotify_etl_dag.py took 0.925 seconds
[2025-01-30T00:02:57.937+0000] {processor.py:161} INFO - Started process (PID=3342) to work on /opt/airflow/dags/spotify_etl_dag.py
[2025-01-30T00:02:57.939+0000] {processor.py:830} INFO - Processing file /opt/airflow/dags/spotify_etl_dag.py for tasks to queue
[2025-01-30T00:02:57.942+0000] {logging_mixin.py:188} INFO - [2025-01-30T00:02:57.941+0000] {dagbag.py:538} INFO - Filling up the DagBag from /opt/airflow/dags/spotify_etl_dag.py
[2025-01-30T00:02:58.214+0000] {processor.py:840} INFO - DAG(s) 'spotify_etl' retrieved from /opt/airflow/dags/spotify_etl_dag.py
[2025-01-30T00:02:58.247+0000] {logging_mixin.py:188} INFO - [2025-01-30T00:02:58.247+0000] {dag.py:3036} INFO - Sync 1 DAGs
[2025-01-30T00:02:58.299+0000] {logging_mixin.py:188} INFO - [2025-01-30T00:02:58.298+0000] {dag.py:3823} INFO - Setting next_dagrun for spotify_etl to 2025-01-30 00:00:00+00:00, run_after=2025-01-31 00:00:00+00:00
[2025-01-30T00:02:58.339+0000] {processor.py:183} INFO - Processing /opt/airflow/dags/spotify_etl_dag.py took 0.409 seconds
[2025-01-30T00:03:29.908+0000] {processor.py:161} INFO - Started process (PID=3398) to work on /opt/airflow/dags/spotify_etl_dag.py
[2025-01-30T00:03:29.911+0000] {processor.py:830} INFO - Processing file /opt/airflow/dags/spotify_etl_dag.py for tasks to queue
[2025-01-30T00:03:29.914+0000] {logging_mixin.py:188} INFO - [2025-01-30T00:03:29.913+0000] {dagbag.py:538} INFO - Filling up the DagBag from /opt/airflow/dags/spotify_etl_dag.py
[2025-01-30T00:03:30.488+0000] {processor.py:840} INFO - DAG(s) 'spotify_etl' retrieved from /opt/airflow/dags/spotify_etl_dag.py
[2025-01-30T00:03:30.556+0000] {logging_mixin.py:188} INFO - [2025-01-30T00:03:30.555+0000] {dag.py:3036} INFO - Sync 1 DAGs
[2025-01-30T00:03:30.648+0000] {logging_mixin.py:188} INFO - [2025-01-30T00:03:30.646+0000] {dag.py:3823} INFO - Setting next_dagrun for spotify_etl to 2025-01-30 00:00:00+00:00, run_after=2025-01-31 00:00:00+00:00
[2025-01-30T00:03:30.714+0000] {processor.py:183} INFO - Processing /opt/airflow/dags/spotify_etl_dag.py took 0.825 seconds
[2025-01-30T00:04:00.861+0000] {processor.py:161} INFO - Started process (PID=3454) to work on /opt/airflow/dags/spotify_etl_dag.py
[2025-01-30T00:04:00.863+0000] {processor.py:830} INFO - Processing file /opt/airflow/dags/spotify_etl_dag.py for tasks to queue
[2025-01-30T00:04:00.866+0000] {logging_mixin.py:188} INFO - [2025-01-30T00:04:00.865+0000] {dagbag.py:538} INFO - Filling up the DagBag from /opt/airflow/dags/spotify_etl_dag.py
[2025-01-30T00:04:01.207+0000] {processor.py:840} INFO - DAG(s) 'spotify_etl' retrieved from /opt/airflow/dags/spotify_etl_dag.py
[2025-01-30T00:04:01.243+0000] {logging_mixin.py:188} INFO - [2025-01-30T00:04:01.242+0000] {dag.py:3036} INFO - Sync 1 DAGs
[2025-01-30T00:04:01.291+0000] {logging_mixin.py:188} INFO - [2025-01-30T00:04:01.291+0000] {dag.py:3823} INFO - Setting next_dagrun for spotify_etl to 2025-01-30 00:00:00+00:00, run_after=2025-01-31 00:00:00+00:00
[2025-01-30T00:04:01.332+0000] {processor.py:183} INFO - Processing /opt/airflow/dags/spotify_etl_dag.py took 0.478 seconds
[2025-01-30T00:04:32.930+0000] {processor.py:161} INFO - Started process (PID=3515) to work on /opt/airflow/dags/spotify_etl_dag.py
[2025-01-30T00:04:32.932+0000] {processor.py:830} INFO - Processing file /opt/airflow/dags/spotify_etl_dag.py for tasks to queue
[2025-01-30T00:04:32.936+0000] {logging_mixin.py:188} INFO - [2025-01-30T00:04:32.934+0000] {dagbag.py:538} INFO - Filling up the DagBag from /opt/airflow/dags/spotify_etl_dag.py
[2025-01-30T00:04:33.631+0000] {processor.py:840} INFO - DAG(s) 'spotify_etl' retrieved from /opt/airflow/dags/spotify_etl_dag.py
[2025-01-30T00:04:33.735+0000] {logging_mixin.py:188} INFO - [2025-01-30T00:04:33.734+0000] {dag.py:3036} INFO - Sync 1 DAGs
[2025-01-30T00:04:33.914+0000] {logging_mixin.py:188} INFO - [2025-01-30T00:04:33.913+0000] {dag.py:3823} INFO - Setting next_dagrun for spotify_etl to 2025-01-30 00:00:00+00:00, run_after=2025-01-31 00:00:00+00:00
[2025-01-30T00:04:34.205+0000] {processor.py:183} INFO - Processing /opt/airflow/dags/spotify_etl_dag.py took 1.289 seconds
[2025-01-30T00:05:05.337+0000] {processor.py:161} INFO - Started process (PID=3569) to work on /opt/airflow/dags/spotify_etl_dag.py
[2025-01-30T00:05:05.365+0000] {processor.py:830} INFO - Processing file /opt/airflow/dags/spotify_etl_dag.py for tasks to queue
[2025-01-30T00:05:05.376+0000] {logging_mixin.py:188} INFO - [2025-01-30T00:05:05.375+0000] {dagbag.py:538} INFO - Filling up the DagBag from /opt/airflow/dags/spotify_etl_dag.py
[2025-01-30T00:05:06.773+0000] {processor.py:840} INFO - DAG(s) 'spotify_etl' retrieved from /opt/airflow/dags/spotify_etl_dag.py
[2025-01-30T00:05:06.838+0000] {logging_mixin.py:188} INFO - [2025-01-30T00:05:06.837+0000] {dag.py:3036} INFO - Sync 1 DAGs
[2025-01-30T00:05:06.948+0000] {logging_mixin.py:188} INFO - [2025-01-30T00:05:06.947+0000] {dag.py:3823} INFO - Setting next_dagrun for spotify_etl to 2025-01-30 00:00:00+00:00, run_after=2025-01-31 00:00:00+00:00
[2025-01-30T00:05:07.124+0000] {processor.py:183} INFO - Processing /opt/airflow/dags/spotify_etl_dag.py took 1.800 seconds
[2025-01-30T00:05:37.631+0000] {processor.py:161} INFO - Started process (PID=3626) to work on /opt/airflow/dags/spotify_etl_dag.py
[2025-01-30T00:05:37.636+0000] {processor.py:830} INFO - Processing file /opt/airflow/dags/spotify_etl_dag.py for tasks to queue
[2025-01-30T00:05:37.648+0000] {logging_mixin.py:188} INFO - [2025-01-30T00:05:37.647+0000] {dagbag.py:538} INFO - Filling up the DagBag from /opt/airflow/dags/spotify_etl_dag.py
[2025-01-30T00:05:38.230+0000] {processor.py:840} INFO - DAG(s) 'spotify_etl' retrieved from /opt/airflow/dags/spotify_etl_dag.py
[2025-01-30T00:05:38.281+0000] {logging_mixin.py:188} INFO - [2025-01-30T00:05:38.280+0000] {dag.py:3036} INFO - Sync 1 DAGs
[2025-01-30T00:05:38.353+0000] {logging_mixin.py:188} INFO - [2025-01-30T00:05:38.353+0000] {dag.py:3823} INFO - Setting next_dagrun for spotify_etl to 2025-01-30 00:00:00+00:00, run_after=2025-01-31 00:00:00+00:00
[2025-01-30T00:05:38.419+0000] {processor.py:183} INFO - Processing /opt/airflow/dags/spotify_etl_dag.py took 0.806 seconds
[2025-01-30T00:06:08.560+0000] {processor.py:161} INFO - Started process (PID=3682) to work on /opt/airflow/dags/spotify_etl_dag.py
[2025-01-30T00:06:08.562+0000] {processor.py:830} INFO - Processing file /opt/airflow/dags/spotify_etl_dag.py for tasks to queue
[2025-01-30T00:06:08.564+0000] {logging_mixin.py:188} INFO - [2025-01-30T00:06:08.563+0000] {dagbag.py:538} INFO - Filling up the DagBag from /opt/airflow/dags/spotify_etl_dag.py
[2025-01-30T00:06:08.840+0000] {processor.py:840} INFO - DAG(s) 'spotify_etl' retrieved from /opt/airflow/dags/spotify_etl_dag.py
[2025-01-30T00:06:08.900+0000] {logging_mixin.py:188} INFO - [2025-01-30T00:06:08.900+0000] {dag.py:3036} INFO - Sync 1 DAGs
[2025-01-30T00:06:09.031+0000] {logging_mixin.py:188} INFO - [2025-01-30T00:06:09.020+0000] {dag.py:3823} INFO - Setting next_dagrun for spotify_etl to 2025-01-30 00:00:00+00:00, run_after=2025-01-31 00:00:00+00:00
[2025-01-30T00:06:09.113+0000] {processor.py:183} INFO - Processing /opt/airflow/dags/spotify_etl_dag.py took 0.559 seconds
[2025-01-30T00:06:39.598+0000] {processor.py:161} INFO - Started process (PID=3738) to work on /opt/airflow/dags/spotify_etl_dag.py
[2025-01-30T00:06:39.600+0000] {processor.py:830} INFO - Processing file /opt/airflow/dags/spotify_etl_dag.py for tasks to queue
[2025-01-30T00:06:39.602+0000] {logging_mixin.py:188} INFO - [2025-01-30T00:06:39.601+0000] {dagbag.py:538} INFO - Filling up the DagBag from /opt/airflow/dags/spotify_etl_dag.py
[2025-01-30T00:06:39.968+0000] {processor.py:840} INFO - DAG(s) 'spotify_etl' retrieved from /opt/airflow/dags/spotify_etl_dag.py
[2025-01-30T00:06:40.026+0000] {logging_mixin.py:188} INFO - [2025-01-30T00:06:40.025+0000] {dag.py:3036} INFO - Sync 1 DAGs
[2025-01-30T00:06:40.157+0000] {logging_mixin.py:188} INFO - [2025-01-30T00:06:40.156+0000] {dag.py:3823} INFO - Setting next_dagrun for spotify_etl to 2025-01-30 00:00:00+00:00, run_after=2025-01-31 00:00:00+00:00
[2025-01-30T00:06:40.235+0000] {processor.py:183} INFO - Processing /opt/airflow/dags/spotify_etl_dag.py took 0.646 seconds
[2025-01-30T00:07:11.369+0000] {processor.py:161} INFO - Started process (PID=3794) to work on /opt/airflow/dags/spotify_etl_dag.py
[2025-01-30T00:07:11.385+0000] {processor.py:830} INFO - Processing file /opt/airflow/dags/spotify_etl_dag.py for tasks to queue
[2025-01-30T00:07:11.399+0000] {logging_mixin.py:188} INFO - [2025-01-30T00:07:11.398+0000] {dagbag.py:538} INFO - Filling up the DagBag from /opt/airflow/dags/spotify_etl_dag.py
[2025-01-30T00:07:11.896+0000] {processor.py:840} INFO - DAG(s) 'spotify_etl' retrieved from /opt/airflow/dags/spotify_etl_dag.py
[2025-01-30T00:07:11.973+0000] {logging_mixin.py:188} INFO - [2025-01-30T00:07:11.973+0000] {dag.py:3036} INFO - Sync 1 DAGs
[2025-01-30T00:07:12.096+0000] {logging_mixin.py:188} INFO - [2025-01-30T00:07:12.095+0000] {dag.py:3823} INFO - Setting next_dagrun for spotify_etl to 2025-01-30 00:00:00+00:00, run_after=2025-01-31 00:00:00+00:00
[2025-01-30T00:07:12.208+0000] {processor.py:183} INFO - Processing /opt/airflow/dags/spotify_etl_dag.py took 0.859 seconds
[2025-01-30T00:07:42.841+0000] {processor.py:161} INFO - Started process (PID=3849) to work on /opt/airflow/dags/spotify_etl_dag.py
[2025-01-30T00:07:42.843+0000] {processor.py:830} INFO - Processing file /opt/airflow/dags/spotify_etl_dag.py for tasks to queue
[2025-01-30T00:07:42.846+0000] {logging_mixin.py:188} INFO - [2025-01-30T00:07:42.845+0000] {dagbag.py:538} INFO - Filling up the DagBag from /opt/airflow/dags/spotify_etl_dag.py
[2025-01-30T00:07:43.210+0000] {processor.py:840} INFO - DAG(s) 'spotify_etl' retrieved from /opt/airflow/dags/spotify_etl_dag.py
[2025-01-30T00:07:43.249+0000] {logging_mixin.py:188} INFO - [2025-01-30T00:07:43.248+0000] {dag.py:3036} INFO - Sync 1 DAGs
[2025-01-30T00:07:43.322+0000] {logging_mixin.py:188} INFO - [2025-01-30T00:07:43.322+0000] {dag.py:3823} INFO - Setting next_dagrun for spotify_etl to 2025-01-30 00:00:00+00:00, run_after=2025-01-31 00:00:00+00:00
[2025-01-30T00:07:43.420+0000] {processor.py:183} INFO - Processing /opt/airflow/dags/spotify_etl_dag.py took 0.585 seconds
[2025-01-30T00:08:13.662+0000] {processor.py:161} INFO - Started process (PID=3905) to work on /opt/airflow/dags/spotify_etl_dag.py
[2025-01-30T00:08:13.671+0000] {processor.py:830} INFO - Processing file /opt/airflow/dags/spotify_etl_dag.py for tasks to queue
[2025-01-30T00:08:13.674+0000] {logging_mixin.py:188} INFO - [2025-01-30T00:08:13.673+0000] {dagbag.py:538} INFO - Filling up the DagBag from /opt/airflow/dags/spotify_etl_dag.py
[2025-01-30T00:08:14.084+0000] {processor.py:840} INFO - DAG(s) 'spotify_etl' retrieved from /opt/airflow/dags/spotify_etl_dag.py
[2025-01-30T00:08:14.131+0000] {logging_mixin.py:188} INFO - [2025-01-30T00:08:14.130+0000] {dag.py:3036} INFO - Sync 1 DAGs
[2025-01-30T00:08:14.358+0000] {logging_mixin.py:188} INFO - [2025-01-30T00:08:14.358+0000] {dag.py:3823} INFO - Setting next_dagrun for spotify_etl to 2025-01-30 00:00:00+00:00, run_after=2025-01-31 00:00:00+00:00
[2025-01-30T00:08:14.501+0000] {processor.py:183} INFO - Processing /opt/airflow/dags/spotify_etl_dag.py took 0.849 seconds
[2025-01-30T00:08:44.702+0000] {processor.py:161} INFO - Started process (PID=3961) to work on /opt/airflow/dags/spotify_etl_dag.py
[2025-01-30T00:08:44.704+0000] {processor.py:830} INFO - Processing file /opt/airflow/dags/spotify_etl_dag.py for tasks to queue
[2025-01-30T00:08:44.706+0000] {logging_mixin.py:188} INFO - [2025-01-30T00:08:44.705+0000] {dagbag.py:538} INFO - Filling up the DagBag from /opt/airflow/dags/spotify_etl_dag.py
[2025-01-30T00:08:45.130+0000] {processor.py:840} INFO - DAG(s) 'spotify_etl' retrieved from /opt/airflow/dags/spotify_etl_dag.py
[2025-01-30T00:08:45.173+0000] {logging_mixin.py:188} INFO - [2025-01-30T00:08:45.173+0000] {dag.py:3036} INFO - Sync 1 DAGs
[2025-01-30T00:08:45.253+0000] {logging_mixin.py:188} INFO - [2025-01-30T00:08:45.252+0000] {dag.py:3823} INFO - Setting next_dagrun for spotify_etl to 2025-01-30 00:00:00+00:00, run_after=2025-01-31 00:00:00+00:00
[2025-01-30T00:08:45.314+0000] {processor.py:183} INFO - Processing /opt/airflow/dags/spotify_etl_dag.py took 0.618 seconds
[2025-01-30T00:09:15.728+0000] {processor.py:161} INFO - Started process (PID=4017) to work on /opt/airflow/dags/spotify_etl_dag.py
[2025-01-30T00:09:15.733+0000] {processor.py:830} INFO - Processing file /opt/airflow/dags/spotify_etl_dag.py for tasks to queue
[2025-01-30T00:09:15.741+0000] {logging_mixin.py:188} INFO - [2025-01-30T00:09:15.740+0000] {dagbag.py:538} INFO - Filling up the DagBag from /opt/airflow/dags/spotify_etl_dag.py
[2025-01-30T00:09:16.356+0000] {processor.py:840} INFO - DAG(s) 'spotify_etl' retrieved from /opt/airflow/dags/spotify_etl_dag.py
[2025-01-30T00:09:16.479+0000] {logging_mixin.py:188} INFO - [2025-01-30T00:09:16.478+0000] {dag.py:3036} INFO - Sync 1 DAGs
[2025-01-30T00:09:16.599+0000] {logging_mixin.py:188} INFO - [2025-01-30T00:09:16.598+0000] {dag.py:3823} INFO - Setting next_dagrun for spotify_etl to 2025-01-30 00:00:00+00:00, run_after=2025-01-31 00:00:00+00:00
[2025-01-30T00:09:16.849+0000] {processor.py:183} INFO - Processing /opt/airflow/dags/spotify_etl_dag.py took 1.140 seconds
[2025-01-30T00:09:53.367+0000] {processor.py:161} INFO - Started process (PID=4066) to work on /opt/airflow/dags/spotify_etl_dag.py
[2025-01-30T00:09:53.376+0000] {processor.py:830} INFO - Processing file /opt/airflow/dags/spotify_etl_dag.py for tasks to queue
[2025-01-30T00:09:53.381+0000] {logging_mixin.py:188} INFO - [2025-01-30T00:09:53.380+0000] {dagbag.py:538} INFO - Filling up the DagBag from /opt/airflow/dags/spotify_etl_dag.py
[2025-01-30T00:09:54.341+0000] {processor.py:840} INFO - DAG(s) 'spotify_etl' retrieved from /opt/airflow/dags/spotify_etl_dag.py
[2025-01-30T00:09:54.530+0000] {logging_mixin.py:188} INFO - [2025-01-30T00:09:54.518+0000] {dag.py:3036} INFO - Sync 1 DAGs
[2025-01-30T00:09:54.699+0000] {logging_mixin.py:188} INFO - [2025-01-30T00:09:54.699+0000] {dag.py:3823} INFO - Setting next_dagrun for spotify_etl to 2025-01-30 00:00:00+00:00, run_after=2025-01-31 00:00:00+00:00
[2025-01-30T00:09:54.817+0000] {processor.py:183} INFO - Processing /opt/airflow/dags/spotify_etl_dag.py took 1.458 seconds
[2025-01-30T00:10:25.267+0000] {processor.py:161} INFO - Started process (PID=4123) to work on /opt/airflow/dags/spotify_etl_dag.py
[2025-01-30T00:10:25.271+0000] {processor.py:830} INFO - Processing file /opt/airflow/dags/spotify_etl_dag.py for tasks to queue
[2025-01-30T00:10:25.274+0000] {logging_mixin.py:188} INFO - [2025-01-30T00:10:25.273+0000] {dagbag.py:538} INFO - Filling up the DagBag from /opt/airflow/dags/spotify_etl_dag.py
[2025-01-30T00:10:25.728+0000] {processor.py:840} INFO - DAG(s) 'spotify_etl' retrieved from /opt/airflow/dags/spotify_etl_dag.py
[2025-01-30T00:10:25.825+0000] {logging_mixin.py:188} INFO - [2025-01-30T00:10:25.825+0000] {dag.py:3036} INFO - Sync 1 DAGs
[2025-01-30T00:10:25.951+0000] {logging_mixin.py:188} INFO - [2025-01-30T00:10:25.950+0000] {dag.py:3823} INFO - Setting next_dagrun for spotify_etl to 2025-01-30 00:00:00+00:00, run_after=2025-01-31 00:00:00+00:00
[2025-01-30T00:10:26.085+0000] {processor.py:183} INFO - Processing /opt/airflow/dags/spotify_etl_dag.py took 0.832 seconds
[2025-01-30T00:10:56.784+0000] {processor.py:161} INFO - Started process (PID=4180) to work on /opt/airflow/dags/spotify_etl_dag.py
[2025-01-30T00:10:56.789+0000] {processor.py:830} INFO - Processing file /opt/airflow/dags/spotify_etl_dag.py for tasks to queue
[2025-01-30T00:10:56.793+0000] {logging_mixin.py:188} INFO - [2025-01-30T00:10:56.792+0000] {dagbag.py:538} INFO - Filling up the DagBag from /opt/airflow/dags/spotify_etl_dag.py
[2025-01-30T00:10:57.235+0000] {processor.py:840} INFO - DAG(s) 'spotify_etl' retrieved from /opt/airflow/dags/spotify_etl_dag.py
[2025-01-30T00:10:57.282+0000] {logging_mixin.py:188} INFO - [2025-01-30T00:10:57.281+0000] {dag.py:3036} INFO - Sync 1 DAGs
[2025-01-30T00:10:57.354+0000] {logging_mixin.py:188} INFO - [2025-01-30T00:10:57.353+0000] {dag.py:3823} INFO - Setting next_dagrun for spotify_etl to 2025-01-30 00:00:00+00:00, run_after=2025-01-31 00:00:00+00:00
[2025-01-30T00:10:57.409+0000] {processor.py:183} INFO - Processing /opt/airflow/dags/spotify_etl_dag.py took 0.642 seconds
[2025-01-30T00:11:27.999+0000] {processor.py:161} INFO - Started process (PID=4238) to work on /opt/airflow/dags/spotify_etl_dag.py
[2025-01-30T00:11:28.001+0000] {processor.py:830} INFO - Processing file /opt/airflow/dags/spotify_etl_dag.py for tasks to queue
[2025-01-30T00:11:28.004+0000] {logging_mixin.py:188} INFO - [2025-01-30T00:11:28.003+0000] {dagbag.py:538} INFO - Filling up the DagBag from /opt/airflow/dags/spotify_etl_dag.py
[2025-01-30T00:11:28.543+0000] {processor.py:840} INFO - DAG(s) 'spotify_etl' retrieved from /opt/airflow/dags/spotify_etl_dag.py
[2025-01-30T00:11:28.652+0000] {logging_mixin.py:188} INFO - [2025-01-30T00:11:28.651+0000] {dag.py:3036} INFO - Sync 1 DAGs
[2025-01-30T00:11:28.757+0000] {logging_mixin.py:188} INFO - [2025-01-30T00:11:28.757+0000] {dag.py:3823} INFO - Setting next_dagrun for spotify_etl to 2025-01-30 00:00:00+00:00, run_after=2025-01-31 00:00:00+00:00
[2025-01-30T00:11:28.819+0000] {processor.py:183} INFO - Processing /opt/airflow/dags/spotify_etl_dag.py took 0.830 seconds
[2025-01-30T00:11:59.123+0000] {processor.py:161} INFO - Started process (PID=4296) to work on /opt/airflow/dags/spotify_etl_dag.py
[2025-01-30T00:11:59.141+0000] {processor.py:830} INFO - Processing file /opt/airflow/dags/spotify_etl_dag.py for tasks to queue
[2025-01-30T00:11:59.147+0000] {logging_mixin.py:188} INFO - [2025-01-30T00:11:59.146+0000] {dagbag.py:538} INFO - Filling up the DagBag from /opt/airflow/dags/spotify_etl_dag.py
[2025-01-30T00:11:59.942+0000] {processor.py:840} INFO - DAG(s) 'spotify_etl' retrieved from /opt/airflow/dags/spotify_etl_dag.py
[2025-01-30T00:12:00.017+0000] {logging_mixin.py:188} INFO - [2025-01-30T00:12:00.017+0000] {dag.py:3036} INFO - Sync 1 DAGs
[2025-01-30T00:12:00.192+0000] {logging_mixin.py:188} INFO - [2025-01-30T00:12:00.192+0000] {dag.py:3823} INFO - Setting next_dagrun for spotify_etl to 2025-01-30 00:00:00+00:00, run_after=2025-01-31 00:00:00+00:00
[2025-01-30T00:12:00.279+0000] {processor.py:183} INFO - Processing /opt/airflow/dags/spotify_etl_dag.py took 1.167 seconds
[2025-01-30T00:12:30.635+0000] {processor.py:161} INFO - Started process (PID=4349) to work on /opt/airflow/dags/spotify_etl_dag.py
[2025-01-30T00:12:30.639+0000] {processor.py:830} INFO - Processing file /opt/airflow/dags/spotify_etl_dag.py for tasks to queue
[2025-01-30T00:12:30.651+0000] {logging_mixin.py:188} INFO - [2025-01-30T00:12:30.650+0000] {dagbag.py:538} INFO - Filling up the DagBag from /opt/airflow/dags/spotify_etl_dag.py
[2025-01-30T00:12:31.722+0000] {processor.py:840} INFO - DAG(s) 'spotify_etl' retrieved from /opt/airflow/dags/spotify_etl_dag.py
[2025-01-30T00:12:31.837+0000] {logging_mixin.py:188} INFO - [2025-01-30T00:12:31.836+0000] {dag.py:3036} INFO - Sync 1 DAGs
[2025-01-30T00:12:32.037+0000] {logging_mixin.py:188} INFO - [2025-01-30T00:12:32.037+0000] {dag.py:3823} INFO - Setting next_dagrun for spotify_etl to 2025-01-30 00:00:00+00:00, run_after=2025-01-31 00:00:00+00:00
[2025-01-30T00:12:32.179+0000] {processor.py:183} INFO - Processing /opt/airflow/dags/spotify_etl_dag.py took 1.561 seconds
[2025-01-30T00:13:02.634+0000] {processor.py:161} INFO - Started process (PID=4405) to work on /opt/airflow/dags/spotify_etl_dag.py
[2025-01-30T00:13:02.638+0000] {processor.py:830} INFO - Processing file /opt/airflow/dags/spotify_etl_dag.py for tasks to queue
[2025-01-30T00:13:02.644+0000] {logging_mixin.py:188} INFO - [2025-01-30T00:13:02.642+0000] {dagbag.py:538} INFO - Filling up the DagBag from /opt/airflow/dags/spotify_etl_dag.py
[2025-01-30T00:13:03.431+0000] {processor.py:840} INFO - DAG(s) 'spotify_etl' retrieved from /opt/airflow/dags/spotify_etl_dag.py
[2025-01-30T00:13:03.484+0000] {logging_mixin.py:188} INFO - [2025-01-30T00:13:03.484+0000] {dag.py:3036} INFO - Sync 1 DAGs
[2025-01-30T00:13:03.563+0000] {logging_mixin.py:188} INFO - [2025-01-30T00:13:03.562+0000] {dag.py:3823} INFO - Setting next_dagrun for spotify_etl to 2025-01-30 00:00:00+00:00, run_after=2025-01-31 00:00:00+00:00
[2025-01-30T00:13:03.650+0000] {processor.py:183} INFO - Processing /opt/airflow/dags/spotify_etl_dag.py took 1.026 seconds
[2025-01-30T00:13:33.988+0000] {processor.py:161} INFO - Started process (PID=4462) to work on /opt/airflow/dags/spotify_etl_dag.py
[2025-01-30T00:13:33.990+0000] {processor.py:830} INFO - Processing file /opt/airflow/dags/spotify_etl_dag.py for tasks to queue
[2025-01-30T00:13:33.992+0000] {logging_mixin.py:188} INFO - [2025-01-30T00:13:33.991+0000] {dagbag.py:538} INFO - Filling up the DagBag from /opt/airflow/dags/spotify_etl_dag.py
[2025-01-30T00:13:34.483+0000] {processor.py:840} INFO - DAG(s) 'spotify_etl' retrieved from /opt/airflow/dags/spotify_etl_dag.py
[2025-01-30T00:13:34.533+0000] {logging_mixin.py:188} INFO - [2025-01-30T00:13:34.532+0000] {dag.py:3036} INFO - Sync 1 DAGs
[2025-01-30T00:13:34.733+0000] {logging_mixin.py:188} INFO - [2025-01-30T00:13:34.732+0000] {dag.py:3823} INFO - Setting next_dagrun for spotify_etl to 2025-01-30 00:00:00+00:00, run_after=2025-01-31 00:00:00+00:00
[2025-01-30T00:13:34.885+0000] {processor.py:183} INFO - Processing /opt/airflow/dags/spotify_etl_dag.py took 0.907 seconds
[2025-01-30T00:14:06.203+0000] {processor.py:161} INFO - Started process (PID=4517) to work on /opt/airflow/dags/spotify_etl_dag.py
[2025-01-30T00:14:06.206+0000] {processor.py:830} INFO - Processing file /opt/airflow/dags/spotify_etl_dag.py for tasks to queue
[2025-01-30T00:14:06.209+0000] {logging_mixin.py:188} INFO - [2025-01-30T00:14:06.208+0000] {dagbag.py:538} INFO - Filling up the DagBag from /opt/airflow/dags/spotify_etl_dag.py
[2025-01-30T00:14:06.857+0000] {processor.py:840} INFO - DAG(s) 'spotify_etl' retrieved from /opt/airflow/dags/spotify_etl_dag.py
[2025-01-30T00:14:06.913+0000] {logging_mixin.py:188} INFO - [2025-01-30T00:14:06.913+0000] {dag.py:3036} INFO - Sync 1 DAGs
[2025-01-30T00:14:06.992+0000] {logging_mixin.py:188} INFO - [2025-01-30T00:14:06.991+0000] {dag.py:3823} INFO - Setting next_dagrun for spotify_etl to 2025-01-30 00:00:00+00:00, run_after=2025-01-31 00:00:00+00:00
[2025-01-30T00:14:07.047+0000] {processor.py:183} INFO - Processing /opt/airflow/dags/spotify_etl_dag.py took 0.855 seconds
[2025-01-30T00:14:37.218+0000] {processor.py:161} INFO - Started process (PID=4581) to work on /opt/airflow/dags/spotify_etl_dag.py
[2025-01-30T00:14:37.220+0000] {processor.py:830} INFO - Processing file /opt/airflow/dags/spotify_etl_dag.py for tasks to queue
[2025-01-30T00:14:37.222+0000] {logging_mixin.py:188} INFO - [2025-01-30T00:14:37.222+0000] {dagbag.py:538} INFO - Filling up the DagBag from /opt/airflow/dags/spotify_etl_dag.py
[2025-01-30T00:14:37.449+0000] {processor.py:840} INFO - DAG(s) 'spotify_etl' retrieved from /opt/airflow/dags/spotify_etl_dag.py
[2025-01-30T00:14:37.477+0000] {logging_mixin.py:188} INFO - [2025-01-30T00:14:37.477+0000] {dag.py:3036} INFO - Sync 1 DAGs
[2025-01-30T00:14:37.522+0000] {logging_mixin.py:188} INFO - [2025-01-30T00:14:37.521+0000] {dag.py:3823} INFO - Setting next_dagrun for spotify_etl to 2025-01-30 00:00:00+00:00, run_after=2025-01-31 00:00:00+00:00
[2025-01-30T00:14:37.557+0000] {processor.py:183} INFO - Processing /opt/airflow/dags/spotify_etl_dag.py took 0.344 seconds
[2025-01-30T00:15:07.923+0000] {processor.py:161} INFO - Started process (PID=4636) to work on /opt/airflow/dags/spotify_etl_dag.py
[2025-01-30T00:15:07.930+0000] {processor.py:830} INFO - Processing file /opt/airflow/dags/spotify_etl_dag.py for tasks to queue
[2025-01-30T00:15:07.934+0000] {logging_mixin.py:188} INFO - [2025-01-30T00:15:07.933+0000] {dagbag.py:538} INFO - Filling up the DagBag from /opt/airflow/dags/spotify_etl_dag.py
[2025-01-30T00:15:08.251+0000] {processor.py:840} INFO - DAG(s) 'spotify_etl' retrieved from /opt/airflow/dags/spotify_etl_dag.py
[2025-01-30T00:15:08.297+0000] {logging_mixin.py:188} INFO - [2025-01-30T00:15:08.297+0000] {dag.py:3036} INFO - Sync 1 DAGs
[2025-01-30T00:15:08.365+0000] {logging_mixin.py:188} INFO - [2025-01-30T00:15:08.364+0000] {dag.py:3823} INFO - Setting next_dagrun for spotify_etl to 2025-01-30 00:00:00+00:00, run_after=2025-01-31 00:00:00+00:00
[2025-01-30T00:15:08.409+0000] {processor.py:183} INFO - Processing /opt/airflow/dags/spotify_etl_dag.py took 0.495 seconds
[2025-01-30T00:15:39.062+0000] {processor.py:161} INFO - Started process (PID=4692) to work on /opt/airflow/dags/spotify_etl_dag.py
[2025-01-30T00:15:39.066+0000] {processor.py:830} INFO - Processing file /opt/airflow/dags/spotify_etl_dag.py for tasks to queue
[2025-01-30T00:15:39.069+0000] {logging_mixin.py:188} INFO - [2025-01-30T00:15:39.068+0000] {dagbag.py:538} INFO - Filling up the DagBag from /opt/airflow/dags/spotify_etl_dag.py
[2025-01-30T00:15:39.478+0000] {processor.py:840} INFO - DAG(s) 'spotify_etl' retrieved from /opt/airflow/dags/spotify_etl_dag.py
[2025-01-30T00:15:39.558+0000] {logging_mixin.py:188} INFO - [2025-01-30T00:15:39.556+0000] {dag.py:3036} INFO - Sync 1 DAGs
[2025-01-30T00:15:39.681+0000] {logging_mixin.py:188} INFO - [2025-01-30T00:15:39.678+0000] {dag.py:3823} INFO - Setting next_dagrun for spotify_etl to 2025-01-30 00:00:00+00:00, run_after=2025-01-31 00:00:00+00:00
[2025-01-30T00:15:39.775+0000] {processor.py:183} INFO - Processing /opt/airflow/dags/spotify_etl_dag.py took 0.722 seconds
[2025-01-30T00:16:10.966+0000] {processor.py:161} INFO - Started process (PID=4748) to work on /opt/airflow/dags/spotify_etl_dag.py
[2025-01-30T00:16:10.971+0000] {processor.py:830} INFO - Processing file /opt/airflow/dags/spotify_etl_dag.py for tasks to queue
[2025-01-30T00:16:10.983+0000] {logging_mixin.py:188} INFO - [2025-01-30T00:16:10.982+0000] {dagbag.py:538} INFO - Filling up the DagBag from /opt/airflow/dags/spotify_etl_dag.py
[2025-01-30T00:16:12.849+0000] {processor.py:840} INFO - DAG(s) 'spotify_etl' retrieved from /opt/airflow/dags/spotify_etl_dag.py
[2025-01-30T00:16:13.001+0000] {logging_mixin.py:188} INFO - [2025-01-30T00:16:13.001+0000] {dag.py:3036} INFO - Sync 1 DAGs
[2025-01-30T00:16:13.213+0000] {logging_mixin.py:188} INFO - [2025-01-30T00:16:13.212+0000] {dag.py:3823} INFO - Setting next_dagrun for spotify_etl to 2025-01-30 00:00:00+00:00, run_after=2025-01-31 00:00:00+00:00
[2025-01-30T00:16:13.342+0000] {processor.py:183} INFO - Processing /opt/airflow/dags/spotify_etl_dag.py took 2.401 seconds
[2025-01-30T00:16:44.201+0000] {processor.py:161} INFO - Started process (PID=4805) to work on /opt/airflow/dags/spotify_etl_dag.py
[2025-01-30T00:16:44.208+0000] {processor.py:830} INFO - Processing file /opt/airflow/dags/spotify_etl_dag.py for tasks to queue
[2025-01-30T00:16:44.212+0000] {logging_mixin.py:188} INFO - [2025-01-30T00:16:44.211+0000] {dagbag.py:538} INFO - Filling up the DagBag from /opt/airflow/dags/spotify_etl_dag.py
[2025-01-30T00:16:45.083+0000] {processor.py:840} INFO - DAG(s) 'spotify_etl' retrieved from /opt/airflow/dags/spotify_etl_dag.py
[2025-01-30T00:16:45.129+0000] {logging_mixin.py:188} INFO - [2025-01-30T00:16:45.128+0000] {dag.py:3036} INFO - Sync 1 DAGs
[2025-01-30T00:16:45.192+0000] {logging_mixin.py:188} INFO - [2025-01-30T00:16:45.192+0000] {dag.py:3823} INFO - Setting next_dagrun for spotify_etl to 2025-01-30 00:00:00+00:00, run_after=2025-01-31 00:00:00+00:00
[2025-01-30T00:16:45.246+0000] {processor.py:183} INFO - Processing /opt/airflow/dags/spotify_etl_dag.py took 1.052 seconds
[2025-01-30T00:17:15.336+0000] {processor.py:161} INFO - Started process (PID=4861) to work on /opt/airflow/dags/spotify_etl_dag.py
[2025-01-30T00:17:15.338+0000] {processor.py:830} INFO - Processing file /opt/airflow/dags/spotify_etl_dag.py for tasks to queue
[2025-01-30T00:17:15.340+0000] {logging_mixin.py:188} INFO - [2025-01-30T00:17:15.339+0000] {dagbag.py:538} INFO - Filling up the DagBag from /opt/airflow/dags/spotify_etl_dag.py
[2025-01-30T00:17:15.723+0000] {processor.py:840} INFO - DAG(s) 'spotify_etl' retrieved from /opt/airflow/dags/spotify_etl_dag.py
[2025-01-30T00:17:15.813+0000] {logging_mixin.py:188} INFO - [2025-01-30T00:17:15.811+0000] {dag.py:3036} INFO - Sync 1 DAGs
[2025-01-30T00:17:15.923+0000] {logging_mixin.py:188} INFO - [2025-01-30T00:17:15.922+0000] {dag.py:3823} INFO - Setting next_dagrun for spotify_etl to 2025-01-30 00:00:00+00:00, run_after=2025-01-31 00:00:00+00:00
[2025-01-30T00:17:15.966+0000] {processor.py:183} INFO - Processing /opt/airflow/dags/spotify_etl_dag.py took 0.637 seconds
[2025-01-30T00:17:46.051+0000] {processor.py:161} INFO - Started process (PID=4918) to work on /opt/airflow/dags/spotify_etl_dag.py
[2025-01-30T00:17:46.053+0000] {processor.py:830} INFO - Processing file /opt/airflow/dags/spotify_etl_dag.py for tasks to queue
[2025-01-30T00:17:46.056+0000] {logging_mixin.py:188} INFO - [2025-01-30T00:17:46.056+0000] {dagbag.py:538} INFO - Filling up the DagBag from /opt/airflow/dags/spotify_etl_dag.py
[2025-01-30T00:17:46.464+0000] {processor.py:840} INFO - DAG(s) 'spotify_etl' retrieved from /opt/airflow/dags/spotify_etl_dag.py
[2025-01-30T00:17:46.511+0000] {logging_mixin.py:188} INFO - [2025-01-30T00:17:46.510+0000] {dag.py:3036} INFO - Sync 1 DAGs
[2025-01-30T00:17:46.572+0000] {logging_mixin.py:188} INFO - [2025-01-30T00:17:46.572+0000] {dag.py:3823} INFO - Setting next_dagrun for spotify_etl to 2025-01-30 00:00:00+00:00, run_after=2025-01-31 00:00:00+00:00
[2025-01-30T00:17:46.615+0000] {processor.py:183} INFO - Processing /opt/airflow/dags/spotify_etl_dag.py took 0.572 seconds
[2025-01-30T00:18:17.386+0000] {processor.py:161} INFO - Started process (PID=4973) to work on /opt/airflow/dags/spotify_etl_dag.py
[2025-01-30T00:18:17.387+0000] {processor.py:830} INFO - Processing file /opt/airflow/dags/spotify_etl_dag.py for tasks to queue
[2025-01-30T00:18:17.389+0000] {logging_mixin.py:188} INFO - [2025-01-30T00:18:17.388+0000] {dagbag.py:538} INFO - Filling up the DagBag from /opt/airflow/dags/spotify_etl_dag.py
[2025-01-30T00:18:17.609+0000] {processor.py:840} INFO - DAG(s) 'spotify_etl' retrieved from /opt/airflow/dags/spotify_etl_dag.py
[2025-01-30T00:18:17.637+0000] {logging_mixin.py:188} INFO - [2025-01-30T00:18:17.637+0000] {dag.py:3036} INFO - Sync 1 DAGs
[2025-01-30T00:18:17.685+0000] {logging_mixin.py:188} INFO - [2025-01-30T00:18:17.684+0000] {dag.py:3823} INFO - Setting next_dagrun for spotify_etl to 2025-01-30 00:00:00+00:00, run_after=2025-01-31 00:00:00+00:00
[2025-01-30T00:18:17.725+0000] {processor.py:183} INFO - Processing /opt/airflow/dags/spotify_etl_dag.py took 0.345 seconds
[2025-01-30T00:18:47.868+0000] {processor.py:161} INFO - Started process (PID=5029) to work on /opt/airflow/dags/spotify_etl_dag.py
[2025-01-30T00:18:47.870+0000] {processor.py:830} INFO - Processing file /opt/airflow/dags/spotify_etl_dag.py for tasks to queue
[2025-01-30T00:18:47.871+0000] {logging_mixin.py:188} INFO - [2025-01-30T00:18:47.871+0000] {dagbag.py:538} INFO - Filling up the DagBag from /opt/airflow/dags/spotify_etl_dag.py
[2025-01-30T00:18:48.047+0000] {processor.py:840} INFO - DAG(s) 'spotify_etl' retrieved from /opt/airflow/dags/spotify_etl_dag.py
[2025-01-30T00:18:48.070+0000] {logging_mixin.py:188} INFO - [2025-01-30T00:18:48.070+0000] {dag.py:3036} INFO - Sync 1 DAGs
[2025-01-30T00:18:48.104+0000] {logging_mixin.py:188} INFO - [2025-01-30T00:18:48.103+0000] {dag.py:3823} INFO - Setting next_dagrun for spotify_etl to 2025-01-30 00:00:00+00:00, run_after=2025-01-31 00:00:00+00:00
[2025-01-30T00:18:48.132+0000] {processor.py:183} INFO - Processing /opt/airflow/dags/spotify_etl_dag.py took 0.268 seconds
[2025-01-30T00:19:18.590+0000] {processor.py:161} INFO - Started process (PID=5085) to work on /opt/airflow/dags/spotify_etl_dag.py
[2025-01-30T00:19:18.592+0000] {processor.py:830} INFO - Processing file /opt/airflow/dags/spotify_etl_dag.py for tasks to queue
[2025-01-30T00:19:18.593+0000] {logging_mixin.py:188} INFO - [2025-01-30T00:19:18.593+0000] {dagbag.py:538} INFO - Filling up the DagBag from /opt/airflow/dags/spotify_etl_dag.py
[2025-01-30T00:19:18.813+0000] {processor.py:840} INFO - DAG(s) 'spotify_etl' retrieved from /opt/airflow/dags/spotify_etl_dag.py
[2025-01-30T00:19:18.843+0000] {logging_mixin.py:188} INFO - [2025-01-30T00:19:18.843+0000] {dag.py:3036} INFO - Sync 1 DAGs
[2025-01-30T00:19:18.893+0000] {logging_mixin.py:188} INFO - [2025-01-30T00:19:18.893+0000] {dag.py:3823} INFO - Setting next_dagrun for spotify_etl to 2025-01-30 00:00:00+00:00, run_after=2025-01-31 00:00:00+00:00
[2025-01-30T00:19:18.936+0000] {processor.py:183} INFO - Processing /opt/airflow/dags/spotify_etl_dag.py took 0.353 seconds
[2025-01-30T00:19:49.743+0000] {processor.py:161} INFO - Started process (PID=5142) to work on /opt/airflow/dags/spotify_etl_dag.py
[2025-01-30T00:19:49.766+0000] {processor.py:830} INFO - Processing file /opt/airflow/dags/spotify_etl_dag.py for tasks to queue
[2025-01-30T00:19:49.783+0000] {logging_mixin.py:188} INFO - [2025-01-30T00:19:49.782+0000] {dagbag.py:538} INFO - Filling up the DagBag from /opt/airflow/dags/spotify_etl_dag.py
[2025-01-30T00:19:50.684+0000] {processor.py:840} INFO - DAG(s) 'spotify_etl' retrieved from /opt/airflow/dags/spotify_etl_dag.py
[2025-01-30T00:19:50.781+0000] {logging_mixin.py:188} INFO - [2025-01-30T00:19:50.781+0000] {dag.py:3036} INFO - Sync 1 DAGs
[2025-01-30T00:19:50.884+0000] {logging_mixin.py:188} INFO - [2025-01-30T00:19:50.884+0000] {dag.py:3823} INFO - Setting next_dagrun for spotify_etl to 2025-01-30 00:00:00+00:00, run_after=2025-01-31 00:00:00+00:00
[2025-01-30T00:19:50.990+0000] {processor.py:183} INFO - Processing /opt/airflow/dags/spotify_etl_dag.py took 1.308 seconds
[2025-01-30T00:20:21.374+0000] {processor.py:161} INFO - Started process (PID=5196) to work on /opt/airflow/dags/spotify_etl_dag.py
[2025-01-30T00:20:21.375+0000] {processor.py:830} INFO - Processing file /opt/airflow/dags/spotify_etl_dag.py for tasks to queue
[2025-01-30T00:20:21.377+0000] {logging_mixin.py:188} INFO - [2025-01-30T00:20:21.377+0000] {dagbag.py:538} INFO - Filling up the DagBag from /opt/airflow/dags/spotify_etl_dag.py
[2025-01-30T00:20:21.614+0000] {processor.py:840} INFO - DAG(s) 'spotify_etl' retrieved from /opt/airflow/dags/spotify_etl_dag.py
[2025-01-30T00:20:21.645+0000] {logging_mixin.py:188} INFO - [2025-01-30T00:20:21.644+0000] {dag.py:3036} INFO - Sync 1 DAGs
[2025-01-30T00:20:21.692+0000] {logging_mixin.py:188} INFO - [2025-01-30T00:20:21.691+0000] {dag.py:3823} INFO - Setting next_dagrun for spotify_etl to 2025-01-30 00:00:00+00:00, run_after=2025-01-31 00:00:00+00:00
[2025-01-30T00:20:21.735+0000] {processor.py:183} INFO - Processing /opt/airflow/dags/spotify_etl_dag.py took 0.367 seconds
[2025-01-30T00:20:52.280+0000] {processor.py:161} INFO - Started process (PID=5252) to work on /opt/airflow/dags/spotify_etl_dag.py
[2025-01-30T00:20:52.283+0000] {processor.py:830} INFO - Processing file /opt/airflow/dags/spotify_etl_dag.py for tasks to queue
[2025-01-30T00:20:52.286+0000] {logging_mixin.py:188} INFO - [2025-01-30T00:20:52.285+0000] {dagbag.py:538} INFO - Filling up the DagBag from /opt/airflow/dags/spotify_etl_dag.py
[2025-01-30T00:20:52.772+0000] {processor.py:840} INFO - DAG(s) 'spotify_etl' retrieved from /opt/airflow/dags/spotify_etl_dag.py
[2025-01-30T00:20:52.814+0000] {logging_mixin.py:188} INFO - [2025-01-30T00:20:52.814+0000] {dag.py:3036} INFO - Sync 1 DAGs
[2025-01-30T00:20:52.888+0000] {logging_mixin.py:188} INFO - [2025-01-30T00:20:52.888+0000] {dag.py:3823} INFO - Setting next_dagrun for spotify_etl to 2025-01-30 00:00:00+00:00, run_after=2025-01-31 00:00:00+00:00
[2025-01-30T00:20:52.934+0000] {processor.py:183} INFO - Processing /opt/airflow/dags/spotify_etl_dag.py took 0.661 seconds
[2025-01-30T00:21:23.648+0000] {processor.py:161} INFO - Started process (PID=5308) to work on /opt/airflow/dags/spotify_etl_dag.py
[2025-01-30T00:21:23.677+0000] {processor.py:830} INFO - Processing file /opt/airflow/dags/spotify_etl_dag.py for tasks to queue
[2025-01-30T00:21:23.709+0000] {logging_mixin.py:188} INFO - [2025-01-30T00:21:23.708+0000] {dagbag.py:538} INFO - Filling up the DagBag from /opt/airflow/dags/spotify_etl_dag.py
[2025-01-30T00:21:24.825+0000] {processor.py:840} INFO - DAG(s) 'spotify_etl' retrieved from /opt/airflow/dags/spotify_etl_dag.py
[2025-01-30T00:21:24.942+0000] {logging_mixin.py:188} INFO - [2025-01-30T00:21:24.941+0000] {dag.py:3036} INFO - Sync 1 DAGs
[2025-01-30T00:21:25.110+0000] {logging_mixin.py:188} INFO - [2025-01-30T00:21:25.108+0000] {dag.py:3823} INFO - Setting next_dagrun for spotify_etl to 2025-01-30 00:00:00+00:00, run_after=2025-01-31 00:00:00+00:00
[2025-01-30T00:21:25.288+0000] {processor.py:183} INFO - Processing /opt/airflow/dags/spotify_etl_dag.py took 1.686 seconds
[2025-01-30T00:21:57.387+0000] {processor.py:161} INFO - Started process (PID=5359) to work on /opt/airflow/dags/spotify_etl_dag.py
[2025-01-30T00:21:57.391+0000] {processor.py:830} INFO - Processing file /opt/airflow/dags/spotify_etl_dag.py for tasks to queue
[2025-01-30T00:21:57.403+0000] {logging_mixin.py:188} INFO - [2025-01-30T00:21:57.402+0000] {dagbag.py:538} INFO - Filling up the DagBag from /opt/airflow/dags/spotify_etl_dag.py
[2025-01-30T00:21:59.500+0000] {processor.py:840} INFO - DAG(s) 'spotify_etl' retrieved from /opt/airflow/dags/spotify_etl_dag.py
[2025-01-30T00:21:59.760+0000] {logging_mixin.py:188} INFO - [2025-01-30T00:21:59.759+0000] {dag.py:3036} INFO - Sync 1 DAGs
[2025-01-30T00:22:00.080+0000] {logging_mixin.py:188} INFO - [2025-01-30T00:22:00.079+0000] {dag.py:3823} INFO - Setting next_dagrun for spotify_etl to 2025-01-30 00:00:00+00:00, run_after=2025-01-31 00:00:00+00:00
[2025-01-30T00:22:00.317+0000] {processor.py:183} INFO - Processing /opt/airflow/dags/spotify_etl_dag.py took 2.960 seconds
[2025-01-30T00:22:30.795+0000] {processor.py:161} INFO - Started process (PID=5416) to work on /opt/airflow/dags/spotify_etl_dag.py
[2025-01-30T00:22:30.799+0000] {processor.py:830} INFO - Processing file /opt/airflow/dags/spotify_etl_dag.py for tasks to queue
[2025-01-30T00:22:30.812+0000] {logging_mixin.py:188} INFO - [2025-01-30T00:22:30.811+0000] {dagbag.py:538} INFO - Filling up the DagBag from /opt/airflow/dags/spotify_etl_dag.py
[2025-01-30T00:22:33.007+0000] {processor.py:840} INFO - DAG(s) 'spotify_etl' retrieved from /opt/airflow/dags/spotify_etl_dag.py
[2025-01-30T00:22:33.103+0000] {logging_mixin.py:188} INFO - [2025-01-30T00:22:33.102+0000] {dag.py:3036} INFO - Sync 1 DAGs
[2025-01-30T00:22:33.255+0000] {logging_mixin.py:188} INFO - [2025-01-30T00:22:33.255+0000] {dag.py:3823} INFO - Setting next_dagrun for spotify_etl to 2025-01-30 00:00:00+00:00, run_after=2025-01-31 00:00:00+00:00
[2025-01-30T00:22:33.353+0000] {processor.py:183} INFO - Processing /opt/airflow/dags/spotify_etl_dag.py took 2.590 seconds
[2025-01-30T00:23:03.771+0000] {processor.py:161} INFO - Started process (PID=5472) to work on /opt/airflow/dags/spotify_etl_dag.py
[2025-01-30T00:23:03.783+0000] {processor.py:830} INFO - Processing file /opt/airflow/dags/spotify_etl_dag.py for tasks to queue
[2025-01-30T00:23:03.797+0000] {logging_mixin.py:188} INFO - [2025-01-30T00:23:03.794+0000] {dagbag.py:538} INFO - Filling up the DagBag from /opt/airflow/dags/spotify_etl_dag.py
[2025-01-30T00:23:04.551+0000] {processor.py:840} INFO - DAG(s) 'spotify_etl' retrieved from /opt/airflow/dags/spotify_etl_dag.py
[2025-01-30T00:23:04.716+0000] {logging_mixin.py:188} INFO - [2025-01-30T00:23:04.715+0000] {dag.py:3036} INFO - Sync 1 DAGs
[2025-01-30T00:23:05.032+0000] {logging_mixin.py:188} INFO - [2025-01-30T00:23:05.031+0000] {dag.py:3823} INFO - Setting next_dagrun for spotify_etl to 2025-01-30 00:00:00+00:00, run_after=2025-01-31 00:00:00+00:00
[2025-01-30T00:23:05.185+0000] {processor.py:183} INFO - Processing /opt/airflow/dags/spotify_etl_dag.py took 1.437 seconds
[2025-01-30T00:23:35.800+0000] {processor.py:161} INFO - Started process (PID=5528) to work on /opt/airflow/dags/spotify_etl_dag.py
[2025-01-30T00:23:35.805+0000] {processor.py:830} INFO - Processing file /opt/airflow/dags/spotify_etl_dag.py for tasks to queue
[2025-01-30T00:23:35.812+0000] {logging_mixin.py:188} INFO - [2025-01-30T00:23:35.812+0000] {dagbag.py:538} INFO - Filling up the DagBag from /opt/airflow/dags/spotify_etl_dag.py
[2025-01-30T00:23:37.610+0000] {processor.py:840} INFO - DAG(s) 'spotify_etl' retrieved from /opt/airflow/dags/spotify_etl_dag.py
[2025-01-30T00:23:37.685+0000] {logging_mixin.py:188} INFO - [2025-01-30T00:23:37.685+0000] {dag.py:3036} INFO - Sync 1 DAGs
[2025-01-30T00:23:37.818+0000] {logging_mixin.py:188} INFO - [2025-01-30T00:23:37.817+0000] {dag.py:3823} INFO - Setting next_dagrun for spotify_etl to 2025-01-30 00:00:00+00:00, run_after=2025-01-31 00:00:00+00:00
[2025-01-30T00:23:38.003+0000] {processor.py:183} INFO - Processing /opt/airflow/dags/spotify_etl_dag.py took 2.204 seconds
[2025-01-30T00:24:08.322+0000] {processor.py:161} INFO - Started process (PID=5584) to work on /opt/airflow/dags/spotify_etl_dag.py
[2025-01-30T00:24:08.333+0000] {processor.py:830} INFO - Processing file /opt/airflow/dags/spotify_etl_dag.py for tasks to queue
[2025-01-30T00:24:08.339+0000] {logging_mixin.py:188} INFO - [2025-01-30T00:24:08.338+0000] {dagbag.py:538} INFO - Filling up the DagBag from /opt/airflow/dags/spotify_etl_dag.py
[2025-01-30T00:24:09.004+0000] {processor.py:840} INFO - DAG(s) 'spotify_etl' retrieved from /opt/airflow/dags/spotify_etl_dag.py
[2025-01-30T00:24:09.086+0000] {logging_mixin.py:188} INFO - [2025-01-30T00:24:09.086+0000] {dag.py:3036} INFO - Sync 1 DAGs
[2025-01-30T00:24:09.187+0000] {logging_mixin.py:188} INFO - [2025-01-30T00:24:09.184+0000] {dag.py:3823} INFO - Setting next_dagrun for spotify_etl to 2025-01-30 00:00:00+00:00, run_after=2025-01-31 00:00:00+00:00
[2025-01-30T00:24:09.262+0000] {processor.py:183} INFO - Processing /opt/airflow/dags/spotify_etl_dag.py took 0.949 seconds
[2025-01-30T00:24:40.028+0000] {processor.py:161} INFO - Started process (PID=5640) to work on /opt/airflow/dags/spotify_etl_dag.py
[2025-01-30T00:24:40.043+0000] {processor.py:830} INFO - Processing file /opt/airflow/dags/spotify_etl_dag.py for tasks to queue
[2025-01-30T00:24:40.047+0000] {logging_mixin.py:188} INFO - [2025-01-30T00:24:40.046+0000] {dagbag.py:538} INFO - Filling up the DagBag from /opt/airflow/dags/spotify_etl_dag.py
[2025-01-30T00:24:41.131+0000] {processor.py:840} INFO - DAG(s) 'spotify_etl' retrieved from /opt/airflow/dags/spotify_etl_dag.py
[2025-01-30T00:24:41.337+0000] {logging_mixin.py:188} INFO - [2025-01-30T00:24:41.336+0000] {dag.py:3036} INFO - Sync 1 DAGs
[2025-01-30T00:24:41.535+0000] {logging_mixin.py:188} INFO - [2025-01-30T00:24:41.534+0000] {dag.py:3823} INFO - Setting next_dagrun for spotify_etl to 2025-01-30 00:00:00+00:00, run_after=2025-01-31 00:00:00+00:00
[2025-01-30T00:24:41.703+0000] {processor.py:183} INFO - Processing /opt/airflow/dags/spotify_etl_dag.py took 1.692 seconds
[2025-01-30T00:25:11.793+0000] {processor.py:161} INFO - Started process (PID=5697) to work on /opt/airflow/dags/spotify_etl_dag.py
[2025-01-30T00:25:11.795+0000] {processor.py:830} INFO - Processing file /opt/airflow/dags/spotify_etl_dag.py for tasks to queue
[2025-01-30T00:25:11.796+0000] {logging_mixin.py:188} INFO - [2025-01-30T00:25:11.796+0000] {dagbag.py:538} INFO - Filling up the DagBag from /opt/airflow/dags/spotify_etl_dag.py
[2025-01-30T00:25:11.983+0000] {processor.py:840} INFO - DAG(s) 'spotify_etl' retrieved from /opt/airflow/dags/spotify_etl_dag.py
[2025-01-30T00:25:12.006+0000] {logging_mixin.py:188} INFO - [2025-01-30T00:25:12.006+0000] {dag.py:3036} INFO - Sync 1 DAGs
[2025-01-30T00:25:12.035+0000] {logging_mixin.py:188} INFO - [2025-01-30T00:25:12.035+0000] {dag.py:3823} INFO - Setting next_dagrun for spotify_etl to 2025-01-30 00:00:00+00:00, run_after=2025-01-31 00:00:00+00:00
[2025-01-30T00:25:12.064+0000] {processor.py:183} INFO - Processing /opt/airflow/dags/spotify_etl_dag.py took 0.275 seconds
[2025-01-30T00:25:42.397+0000] {processor.py:161} INFO - Started process (PID=5752) to work on /opt/airflow/dags/spotify_etl_dag.py
[2025-01-30T00:25:42.399+0000] {processor.py:830} INFO - Processing file /opt/airflow/dags/spotify_etl_dag.py for tasks to queue
[2025-01-30T00:25:42.401+0000] {logging_mixin.py:188} INFO - [2025-01-30T00:25:42.400+0000] {dagbag.py:538} INFO - Filling up the DagBag from /opt/airflow/dags/spotify_etl_dag.py
[2025-01-30T00:25:42.577+0000] {processor.py:840} INFO - DAG(s) 'spotify_etl' retrieved from /opt/airflow/dags/spotify_etl_dag.py
[2025-01-30T00:25:42.607+0000] {logging_mixin.py:188} INFO - [2025-01-30T00:25:42.606+0000] {dag.py:3036} INFO - Sync 1 DAGs
[2025-01-30T00:25:42.643+0000] {logging_mixin.py:188} INFO - [2025-01-30T00:25:42.642+0000] {dag.py:3823} INFO - Setting next_dagrun for spotify_etl to 2025-01-30 00:00:00+00:00, run_after=2025-01-31 00:00:00+00:00
[2025-01-30T00:25:42.672+0000] {processor.py:183} INFO - Processing /opt/airflow/dags/spotify_etl_dag.py took 0.281 seconds
[2025-01-30T00:26:13.868+0000] {processor.py:161} INFO - Started process (PID=5808) to work on /opt/airflow/dags/spotify_etl_dag.py
[2025-01-30T00:26:13.894+0000] {processor.py:830} INFO - Processing file /opt/airflow/dags/spotify_etl_dag.py for tasks to queue
[2025-01-30T00:26:13.909+0000] {logging_mixin.py:188} INFO - [2025-01-30T00:26:13.908+0000] {dagbag.py:538} INFO - Filling up the DagBag from /opt/airflow/dags/spotify_etl_dag.py
[2025-01-30T00:26:14.720+0000] {processor.py:840} INFO - DAG(s) 'spotify_etl' retrieved from /opt/airflow/dags/spotify_etl_dag.py
[2025-01-30T00:26:14.888+0000] {logging_mixin.py:188} INFO - [2025-01-30T00:26:14.887+0000] {dag.py:3036} INFO - Sync 1 DAGs
[2025-01-30T00:26:15.132+0000] {logging_mixin.py:188} INFO - [2025-01-30T00:26:15.131+0000] {dag.py:3823} INFO - Setting next_dagrun for spotify_etl to 2025-01-30 00:00:00+00:00, run_after=2025-01-31 00:00:00+00:00
[2025-01-30T00:26:15.369+0000] {processor.py:183} INFO - Processing /opt/airflow/dags/spotify_etl_dag.py took 1.520 seconds
[2025-01-30T00:26:47.853+0000] {processor.py:161} INFO - Started process (PID=5871) to work on /opt/airflow/dags/spotify_etl_dag.py
[2025-01-30T00:26:47.880+0000] {processor.py:830} INFO - Processing file /opt/airflow/dags/spotify_etl_dag.py for tasks to queue
[2025-01-30T00:26:47.913+0000] {logging_mixin.py:188} INFO - [2025-01-30T00:26:47.913+0000] {dagbag.py:538} INFO - Filling up the DagBag from /opt/airflow/dags/spotify_etl_dag.py
[2025-01-30T00:26:48.594+0000] {processor.py:840} INFO - DAG(s) 'spotify_etl' retrieved from /opt/airflow/dags/spotify_etl_dag.py
[2025-01-30T00:26:48.655+0000] {logging_mixin.py:188} INFO - [2025-01-30T00:26:48.654+0000] {dag.py:3036} INFO - Sync 1 DAGs
[2025-01-30T00:26:48.753+0000] {logging_mixin.py:188} INFO - [2025-01-30T00:26:48.752+0000] {dag.py:3823} INFO - Setting next_dagrun for spotify_etl to 2025-01-30 00:00:00+00:00, run_after=2025-01-31 00:00:00+00:00
[2025-01-30T00:26:48.847+0000] {processor.py:183} INFO - Processing /opt/airflow/dags/spotify_etl_dag.py took 1.012 seconds
[2025-01-30T00:27:19.791+0000] {processor.py:161} INFO - Started process (PID=5928) to work on /opt/airflow/dags/spotify_etl_dag.py
[2025-01-30T00:27:19.793+0000] {processor.py:830} INFO - Processing file /opt/airflow/dags/spotify_etl_dag.py for tasks to queue
[2025-01-30T00:27:19.794+0000] {logging_mixin.py:188} INFO - [2025-01-30T00:27:19.794+0000] {dagbag.py:538} INFO - Filling up the DagBag from /opt/airflow/dags/spotify_etl_dag.py
[2025-01-30T00:27:20.032+0000] {processor.py:840} INFO - DAG(s) 'spotify_etl' retrieved from /opt/airflow/dags/spotify_etl_dag.py
[2025-01-30T00:27:20.068+0000] {logging_mixin.py:188} INFO - [2025-01-30T00:27:20.068+0000] {dag.py:3036} INFO - Sync 1 DAGs
[2025-01-30T00:27:20.114+0000] {logging_mixin.py:188} INFO - [2025-01-30T00:27:20.114+0000] {dag.py:3823} INFO - Setting next_dagrun for spotify_etl to 2025-01-30 00:00:00+00:00, run_after=2025-01-31 00:00:00+00:00
[2025-01-30T00:27:20.155+0000] {processor.py:183} INFO - Processing /opt/airflow/dags/spotify_etl_dag.py took 0.368 seconds
[2025-01-30T00:27:50.481+0000] {processor.py:161} INFO - Started process (PID=5984) to work on /opt/airflow/dags/spotify_etl_dag.py
[2025-01-30T00:27:50.483+0000] {processor.py:830} INFO - Processing file /opt/airflow/dags/spotify_etl_dag.py for tasks to queue
[2025-01-30T00:27:50.485+0000] {logging_mixin.py:188} INFO - [2025-01-30T00:27:50.484+0000] {dagbag.py:538} INFO - Filling up the DagBag from /opt/airflow/dags/spotify_etl_dag.py
[2025-01-30T00:27:50.878+0000] {processor.py:840} INFO - DAG(s) 'spotify_etl' retrieved from /opt/airflow/dags/spotify_etl_dag.py
[2025-01-30T00:27:50.926+0000] {logging_mixin.py:188} INFO - [2025-01-30T00:27:50.926+0000] {dag.py:3036} INFO - Sync 1 DAGs
[2025-01-30T00:27:50.977+0000] {logging_mixin.py:188} INFO - [2025-01-30T00:27:50.977+0000] {dag.py:3823} INFO - Setting next_dagrun for spotify_etl to 2025-01-30 00:00:00+00:00, run_after=2025-01-31 00:00:00+00:00
[2025-01-30T00:27:51.018+0000] {processor.py:183} INFO - Processing /opt/airflow/dags/spotify_etl_dag.py took 0.541 seconds
[2025-01-30T00:28:21.682+0000] {processor.py:161} INFO - Started process (PID=6039) to work on /opt/airflow/dags/spotify_etl_dag.py
[2025-01-30T00:28:21.685+0000] {processor.py:830} INFO - Processing file /opt/airflow/dags/spotify_etl_dag.py for tasks to queue
[2025-01-30T00:28:21.689+0000] {logging_mixin.py:188} INFO - [2025-01-30T00:28:21.688+0000] {dagbag.py:538} INFO - Filling up the DagBag from /opt/airflow/dags/spotify_etl_dag.py
[2025-01-30T00:28:22.056+0000] {processor.py:840} INFO - DAG(s) 'spotify_etl' retrieved from /opt/airflow/dags/spotify_etl_dag.py
[2025-01-30T00:28:22.107+0000] {logging_mixin.py:188} INFO - [2025-01-30T00:28:22.104+0000] {dag.py:3036} INFO - Sync 1 DAGs
[2025-01-30T00:28:22.204+0000] {logging_mixin.py:188} INFO - [2025-01-30T00:28:22.204+0000] {dag.py:3823} INFO - Setting next_dagrun for spotify_etl to 2025-01-30 00:00:00+00:00, run_after=2025-01-31 00:00:00+00:00
[2025-01-30T00:28:22.274+0000] {processor.py:183} INFO - Processing /opt/airflow/dags/spotify_etl_dag.py took 0.598 seconds
[2025-01-30T00:28:53.202+0000] {processor.py:161} INFO - Started process (PID=6094) to work on /opt/airflow/dags/spotify_etl_dag.py
[2025-01-30T00:28:53.208+0000] {processor.py:830} INFO - Processing file /opt/airflow/dags/spotify_etl_dag.py for tasks to queue
[2025-01-30T00:28:53.212+0000] {logging_mixin.py:188} INFO - [2025-01-30T00:28:53.211+0000] {dagbag.py:538} INFO - Filling up the DagBag from /opt/airflow/dags/spotify_etl_dag.py
[2025-01-30T00:28:54.639+0000] {processor.py:840} INFO - DAG(s) 'spotify_etl' retrieved from /opt/airflow/dags/spotify_etl_dag.py
[2025-01-30T00:28:54.756+0000] {logging_mixin.py:188} INFO - [2025-01-30T00:28:54.756+0000] {dag.py:3036} INFO - Sync 1 DAGs
[2025-01-30T00:28:54.877+0000] {logging_mixin.py:188} INFO - [2025-01-30T00:28:54.877+0000] {dag.py:3823} INFO - Setting next_dagrun for spotify_etl to 2025-01-30 00:00:00+00:00, run_after=2025-01-31 00:00:00+00:00
[2025-01-30T00:28:54.986+0000] {processor.py:183} INFO - Processing /opt/airflow/dags/spotify_etl_dag.py took 1.809 seconds
[2025-01-30T00:29:25.659+0000] {processor.py:161} INFO - Started process (PID=6150) to work on /opt/airflow/dags/spotify_etl_dag.py
[2025-01-30T00:29:25.671+0000] {processor.py:830} INFO - Processing file /opt/airflow/dags/spotify_etl_dag.py for tasks to queue
[2025-01-30T00:29:25.674+0000] {logging_mixin.py:188} INFO - [2025-01-30T00:29:25.673+0000] {dagbag.py:538} INFO - Filling up the DagBag from /opt/airflow/dags/spotify_etl_dag.py
[2025-01-30T00:29:26.258+0000] {processor.py:840} INFO - DAG(s) 'spotify_etl' retrieved from /opt/airflow/dags/spotify_etl_dag.py
[2025-01-30T00:29:26.310+0000] {logging_mixin.py:188} INFO - [2025-01-30T00:29:26.310+0000] {dag.py:3036} INFO - Sync 1 DAGs
[2025-01-30T00:29:26.399+0000] {logging_mixin.py:188} INFO - [2025-01-30T00:29:26.398+0000] {dag.py:3823} INFO - Setting next_dagrun for spotify_etl to 2025-01-30 00:00:00+00:00, run_after=2025-01-31 00:00:00+00:00
[2025-01-30T00:29:26.457+0000] {processor.py:183} INFO - Processing /opt/airflow/dags/spotify_etl_dag.py took 0.818 seconds
[2025-01-30T00:29:57.340+0000] {processor.py:161} INFO - Started process (PID=6207) to work on /opt/airflow/dags/spotify_etl_dag.py
[2025-01-30T00:29:57.342+0000] {processor.py:830} INFO - Processing file /opt/airflow/dags/spotify_etl_dag.py for tasks to queue
[2025-01-30T00:29:57.344+0000] {logging_mixin.py:188} INFO - [2025-01-30T00:29:57.343+0000] {dagbag.py:538} INFO - Filling up the DagBag from /opt/airflow/dags/spotify_etl_dag.py
[2025-01-30T00:29:57.581+0000] {processor.py:840} INFO - DAG(s) 'spotify_etl' retrieved from /opt/airflow/dags/spotify_etl_dag.py
[2025-01-30T00:29:57.632+0000] {logging_mixin.py:188} INFO - [2025-01-30T00:29:57.631+0000] {dag.py:3036} INFO - Sync 1 DAGs
[2025-01-30T00:29:57.703+0000] {logging_mixin.py:188} INFO - [2025-01-30T00:29:57.701+0000] {dag.py:3823} INFO - Setting next_dagrun for spotify_etl to 2025-01-30 00:00:00+00:00, run_after=2025-01-31 00:00:00+00:00
[2025-01-30T00:29:57.751+0000] {processor.py:183} INFO - Processing /opt/airflow/dags/spotify_etl_dag.py took 0.415 seconds
[2025-01-30T00:30:27.912+0000] {processor.py:161} INFO - Started process (PID=6262) to work on /opt/airflow/dags/spotify_etl_dag.py
[2025-01-30T00:30:27.915+0000] {processor.py:830} INFO - Processing file /opt/airflow/dags/spotify_etl_dag.py for tasks to queue
[2025-01-30T00:30:27.918+0000] {logging_mixin.py:188} INFO - [2025-01-30T00:30:27.917+0000] {dagbag.py:538} INFO - Filling up the DagBag from /opt/airflow/dags/spotify_etl_dag.py
[2025-01-30T00:30:28.426+0000] {processor.py:840} INFO - DAG(s) 'spotify_etl' retrieved from /opt/airflow/dags/spotify_etl_dag.py
[2025-01-30T00:30:28.586+0000] {logging_mixin.py:188} INFO - [2025-01-30T00:30:28.585+0000] {dag.py:3036} INFO - Sync 1 DAGs
[2025-01-30T00:30:28.680+0000] {logging_mixin.py:188} INFO - [2025-01-30T00:30:28.679+0000] {dag.py:3823} INFO - Setting next_dagrun for spotify_etl to 2025-01-30 00:00:00+00:00, run_after=2025-01-31 00:00:00+00:00
[2025-01-30T00:30:28.778+0000] {processor.py:183} INFO - Processing /opt/airflow/dags/spotify_etl_dag.py took 0.872 seconds
[2025-01-30T00:30:59.094+0000] {processor.py:161} INFO - Started process (PID=6318) to work on /opt/airflow/dags/spotify_etl_dag.py
[2025-01-30T00:30:59.101+0000] {processor.py:830} INFO - Processing file /opt/airflow/dags/spotify_etl_dag.py for tasks to queue
[2025-01-30T00:30:59.113+0000] {logging_mixin.py:188} INFO - [2025-01-30T00:30:59.112+0000] {dagbag.py:538} INFO - Filling up the DagBag from /opt/airflow/dags/spotify_etl_dag.py
[2025-01-30T00:30:59.482+0000] {processor.py:840} INFO - DAG(s) 'spotify_etl' retrieved from /opt/airflow/dags/spotify_etl_dag.py
[2025-01-30T00:30:59.534+0000] {logging_mixin.py:188} INFO - [2025-01-30T00:30:59.533+0000] {dag.py:3036} INFO - Sync 1 DAGs
[2025-01-30T00:30:59.629+0000] {logging_mixin.py:188} INFO - [2025-01-30T00:30:59.628+0000] {dag.py:3823} INFO - Setting next_dagrun for spotify_etl to 2025-01-30 00:00:00+00:00, run_after=2025-01-31 00:00:00+00:00
[2025-01-30T00:30:59.810+0000] {processor.py:183} INFO - Processing /opt/airflow/dags/spotify_etl_dag.py took 0.739 seconds
[2025-01-30T00:31:32.440+0000] {processor.py:161} INFO - Started process (PID=6374) to work on /opt/airflow/dags/spotify_etl_dag.py
[2025-01-30T00:31:32.449+0000] {processor.py:830} INFO - Processing file /opt/airflow/dags/spotify_etl_dag.py for tasks to queue
[2025-01-30T00:31:32.461+0000] {logging_mixin.py:188} INFO - [2025-01-30T00:31:32.460+0000] {dagbag.py:538} INFO - Filling up the DagBag from /opt/airflow/dags/spotify_etl_dag.py
[2025-01-30T00:31:32.791+0000] {processor.py:840} INFO - DAG(s) 'spotify_etl' retrieved from /opt/airflow/dags/spotify_etl_dag.py
[2025-01-30T00:31:32.850+0000] {logging_mixin.py:188} INFO - [2025-01-30T00:31:32.849+0000] {dag.py:3036} INFO - Sync 1 DAGs
[2025-01-30T00:31:32.910+0000] {logging_mixin.py:188} INFO - [2025-01-30T00:31:32.910+0000] {dag.py:3823} INFO - Setting next_dagrun for spotify_etl to 2025-01-30 00:00:00+00:00, run_after=2025-01-31 00:00:00+00:00
[2025-01-30T00:31:32.963+0000] {processor.py:183} INFO - Processing /opt/airflow/dags/spotify_etl_dag.py took 0.542 seconds
[2025-01-30T00:32:03.126+0000] {processor.py:161} INFO - Started process (PID=6429) to work on /opt/airflow/dags/spotify_etl_dag.py
[2025-01-30T00:32:03.129+0000] {processor.py:830} INFO - Processing file /opt/airflow/dags/spotify_etl_dag.py for tasks to queue
[2025-01-30T00:32:03.131+0000] {logging_mixin.py:188} INFO - [2025-01-30T00:32:03.131+0000] {dagbag.py:538} INFO - Filling up the DagBag from /opt/airflow/dags/spotify_etl_dag.py
[2025-01-30T00:32:03.399+0000] {processor.py:840} INFO - DAG(s) 'spotify_etl' retrieved from /opt/airflow/dags/spotify_etl_dag.py
[2025-01-30T00:32:03.436+0000] {logging_mixin.py:188} INFO - [2025-01-30T00:32:03.435+0000] {dag.py:3036} INFO - Sync 1 DAGs
[2025-01-30T00:32:03.491+0000] {logging_mixin.py:188} INFO - [2025-01-30T00:32:03.490+0000] {dag.py:3823} INFO - Setting next_dagrun for spotify_etl to 2025-01-30 00:00:00+00:00, run_after=2025-01-31 00:00:00+00:00
[2025-01-30T00:32:03.533+0000] {processor.py:183} INFO - Processing /opt/airflow/dags/spotify_etl_dag.py took 0.414 seconds
[2025-01-30T00:32:33.808+0000] {processor.py:161} INFO - Started process (PID=6487) to work on /opt/airflow/dags/spotify_etl_dag.py
[2025-01-30T00:32:33.810+0000] {processor.py:830} INFO - Processing file /opt/airflow/dags/spotify_etl_dag.py for tasks to queue
[2025-01-30T00:32:33.813+0000] {logging_mixin.py:188} INFO - [2025-01-30T00:32:33.812+0000] {dagbag.py:538} INFO - Filling up the DagBag from /opt/airflow/dags/spotify_etl_dag.py
[2025-01-30T00:32:34.156+0000] {processor.py:840} INFO - DAG(s) 'spotify_etl' retrieved from /opt/airflow/dags/spotify_etl_dag.py
[2025-01-30T00:32:34.221+0000] {logging_mixin.py:188} INFO - [2025-01-30T00:32:34.221+0000] {dag.py:3036} INFO - Sync 1 DAGs
[2025-01-30T00:32:34.300+0000] {logging_mixin.py:188} INFO - [2025-01-30T00:32:34.300+0000] {dag.py:3823} INFO - Setting next_dagrun for spotify_etl to 2025-01-30 00:00:00+00:00, run_after=2025-01-31 00:00:00+00:00
[2025-01-30T00:32:34.549+0000] {processor.py:183} INFO - Processing /opt/airflow/dags/spotify_etl_dag.py took 0.749 seconds
[2025-01-30T00:33:05.515+0000] {processor.py:161} INFO - Started process (PID=6543) to work on /opt/airflow/dags/spotify_etl_dag.py
[2025-01-30T00:33:05.530+0000] {processor.py:830} INFO - Processing file /opt/airflow/dags/spotify_etl_dag.py for tasks to queue
[2025-01-30T00:33:05.537+0000] {logging_mixin.py:188} INFO - [2025-01-30T00:33:05.536+0000] {dagbag.py:538} INFO - Filling up the DagBag from /opt/airflow/dags/spotify_etl_dag.py
[2025-01-30T00:33:06.048+0000] {processor.py:840} INFO - DAG(s) 'spotify_etl' retrieved from /opt/airflow/dags/spotify_etl_dag.py
[2025-01-30T00:33:06.109+0000] {logging_mixin.py:188} INFO - [2025-01-30T00:33:06.109+0000] {dag.py:3036} INFO - Sync 1 DAGs
[2025-01-30T00:33:06.204+0000] {logging_mixin.py:188} INFO - [2025-01-30T00:33:06.203+0000] {dag.py:3823} INFO - Setting next_dagrun for spotify_etl to 2025-01-30 00:00:00+00:00, run_after=2025-01-31 00:00:00+00:00
[2025-01-30T00:33:06.258+0000] {processor.py:183} INFO - Processing /opt/airflow/dags/spotify_etl_dag.py took 0.751 seconds
[2025-01-30T00:33:36.602+0000] {processor.py:161} INFO - Started process (PID=6598) to work on /opt/airflow/dags/spotify_etl_dag.py
[2025-01-30T00:33:36.606+0000] {processor.py:830} INFO - Processing file /opt/airflow/dags/spotify_etl_dag.py for tasks to queue
[2025-01-30T00:33:36.610+0000] {logging_mixin.py:188} INFO - [2025-01-30T00:33:36.608+0000] {dagbag.py:538} INFO - Filling up the DagBag from /opt/airflow/dags/spotify_etl_dag.py
[2025-01-30T00:33:36.977+0000] {processor.py:840} INFO - DAG(s) 'spotify_etl' retrieved from /opt/airflow/dags/spotify_etl_dag.py
[2025-01-30T00:33:37.029+0000] {logging_mixin.py:188} INFO - [2025-01-30T00:33:37.028+0000] {dag.py:3036} INFO - Sync 1 DAGs
[2025-01-30T00:33:37.111+0000] {logging_mixin.py:188} INFO - [2025-01-30T00:33:37.110+0000] {dag.py:3823} INFO - Setting next_dagrun for spotify_etl to 2025-01-30 00:00:00+00:00, run_after=2025-01-31 00:00:00+00:00
[2025-01-30T00:33:37.172+0000] {processor.py:183} INFO - Processing /opt/airflow/dags/spotify_etl_dag.py took 0.577 seconds
