[2025-01-12T00:41:29.902+0000] {processor.py:161} INFO - Started process (PID=93) to work on /home/airflow/.local/lib/python3.8/site-packages/airflow/example_dags/example_xcomargs.py
[2025-01-12T00:41:29.905+0000] {processor.py:830} INFO - Processing file /home/airflow/.local/lib/python3.8/site-packages/airflow/example_dags/example_xcomargs.py for tasks to queue
[2025-01-12T00:41:29.910+0000] {logging_mixin.py:188} INFO - [2025-01-12T00:41:29.909+0000] {dagbag.py:538} INFO - Filling up the DagBag from /home/airflow/.local/lib/python3.8/site-packages/airflow/example_dags/example_xcomargs.py
[2025-01-12T00:41:29.935+0000] {processor.py:840} INFO - DAG(s) 'example_xcom_args', 'example_xcom_args_with_operators' retrieved from /home/airflow/.local/lib/python3.8/site-packages/airflow/example_dags/example_xcomargs.py
[2025-01-12T00:41:29.968+0000] {logging_mixin.py:188} INFO - [2025-01-12T00:41:29.967+0000] {dag.py:3036} INFO - Sync 2 DAGs
[2025-01-12T00:41:29.998+0000] {logging_mixin.py:188} INFO - [2025-01-12T00:41:29.998+0000] {dag.py:3823} INFO - Setting next_dagrun for example_xcom_args to None, run_after=None
[2025-01-12T00:41:30.006+0000] {logging_mixin.py:188} INFO - [2025-01-12T00:41:30.006+0000] {dag.py:3823} INFO - Setting next_dagrun for example_xcom_args_with_operators to None, run_after=None
[2025-01-12T00:41:30.040+0000] {processor.py:183} INFO - Processing /home/airflow/.local/lib/python3.8/site-packages/airflow/example_dags/example_xcomargs.py took 0.146 seconds
[2025-01-12T00:42:06.821+0000] {processor.py:161} INFO - Started process (PID=149) to work on /home/airflow/.local/lib/python3.8/site-packages/airflow/example_dags/example_xcomargs.py
[2025-01-12T00:42:06.826+0000] {processor.py:830} INFO - Processing file /home/airflow/.local/lib/python3.8/site-packages/airflow/example_dags/example_xcomargs.py for tasks to queue
[2025-01-12T00:42:06.840+0000] {logging_mixin.py:188} INFO - [2025-01-12T00:42:06.839+0000] {dagbag.py:538} INFO - Filling up the DagBag from /home/airflow/.local/lib/python3.8/site-packages/airflow/example_dags/example_xcomargs.py
[2025-01-12T00:42:06.900+0000] {processor.py:840} INFO - DAG(s) 'example_xcom_args_with_operators', 'example_xcom_args' retrieved from /home/airflow/.local/lib/python3.8/site-packages/airflow/example_dags/example_xcomargs.py
[2025-01-12T00:42:07.522+0000] {logging_mixin.py:188} INFO - [2025-01-12T00:42:07.521+0000] {dag.py:3036} INFO - Sync 2 DAGs
[2025-01-12T00:42:07.582+0000] {logging_mixin.py:188} INFO - [2025-01-12T00:42:07.578+0000] {dag.py:3823} INFO - Setting next_dagrun for example_xcom_args to None, run_after=None
[2025-01-12T00:42:07.601+0000] {logging_mixin.py:188} INFO - [2025-01-12T00:42:07.598+0000] {dag.py:3823} INFO - Setting next_dagrun for example_xcom_args_with_operators to None, run_after=None
[2025-01-12T00:42:07.686+0000] {processor.py:183} INFO - Processing /home/airflow/.local/lib/python3.8/site-packages/airflow/example_dags/example_xcomargs.py took 0.884 seconds
[2025-01-12T00:42:37.864+0000] {processor.py:161} INFO - Started process (PID=205) to work on /home/airflow/.local/lib/python3.8/site-packages/airflow/example_dags/example_xcomargs.py
[2025-01-12T00:42:37.867+0000] {processor.py:830} INFO - Processing file /home/airflow/.local/lib/python3.8/site-packages/airflow/example_dags/example_xcomargs.py for tasks to queue
[2025-01-12T00:42:37.881+0000] {logging_mixin.py:188} INFO - [2025-01-12T00:42:37.880+0000] {dagbag.py:538} INFO - Filling up the DagBag from /home/airflow/.local/lib/python3.8/site-packages/airflow/example_dags/example_xcomargs.py
[2025-01-12T00:42:37.947+0000] {processor.py:840} INFO - DAG(s) 'example_xcom_args_with_operators', 'example_xcom_args' retrieved from /home/airflow/.local/lib/python3.8/site-packages/airflow/example_dags/example_xcomargs.py
[2025-01-12T00:42:38.108+0000] {logging_mixin.py:188} INFO - [2025-01-12T00:42:38.107+0000] {dag.py:3036} INFO - Sync 2 DAGs
[2025-01-12T00:42:38.177+0000] {logging_mixin.py:188} INFO - [2025-01-12T00:42:38.176+0000] {dag.py:3823} INFO - Setting next_dagrun for example_xcom_args to None, run_after=None
[2025-01-12T00:42:38.197+0000] {logging_mixin.py:188} INFO - [2025-01-12T00:42:38.196+0000] {dag.py:3823} INFO - Setting next_dagrun for example_xcom_args_with_operators to None, run_after=None
[2025-01-12T00:42:38.298+0000] {processor.py:183} INFO - Processing /home/airflow/.local/lib/python3.8/site-packages/airflow/example_dags/example_xcomargs.py took 0.448 seconds
[2025-01-12T00:43:08.431+0000] {processor.py:161} INFO - Started process (PID=262) to work on /home/airflow/.local/lib/python3.8/site-packages/airflow/example_dags/example_xcomargs.py
[2025-01-12T00:43:08.433+0000] {processor.py:830} INFO - Processing file /home/airflow/.local/lib/python3.8/site-packages/airflow/example_dags/example_xcomargs.py for tasks to queue
[2025-01-12T00:43:08.438+0000] {logging_mixin.py:188} INFO - [2025-01-12T00:43:08.438+0000] {dagbag.py:538} INFO - Filling up the DagBag from /home/airflow/.local/lib/python3.8/site-packages/airflow/example_dags/example_xcomargs.py
[2025-01-12T00:43:08.459+0000] {processor.py:840} INFO - DAG(s) 'example_xcom_args', 'example_xcom_args_with_operators' retrieved from /home/airflow/.local/lib/python3.8/site-packages/airflow/example_dags/example_xcomargs.py
[2025-01-12T00:43:08.512+0000] {logging_mixin.py:188} INFO - [2025-01-12T00:43:08.511+0000] {dag.py:3036} INFO - Sync 2 DAGs
[2025-01-12T00:43:08.539+0000] {logging_mixin.py:188} INFO - [2025-01-12T00:43:08.538+0000] {dag.py:3823} INFO - Setting next_dagrun for example_xcom_args to None, run_after=None
[2025-01-12T00:43:08.553+0000] {logging_mixin.py:188} INFO - [2025-01-12T00:43:08.552+0000] {dag.py:3823} INFO - Setting next_dagrun for example_xcom_args_with_operators to None, run_after=None
[2025-01-12T00:43:08.606+0000] {processor.py:183} INFO - Processing /home/airflow/.local/lib/python3.8/site-packages/airflow/example_dags/example_xcomargs.py took 0.182 seconds
[2025-01-12T00:43:39.426+0000] {processor.py:161} INFO - Started process (PID=318) to work on /home/airflow/.local/lib/python3.8/site-packages/airflow/example_dags/example_xcomargs.py
[2025-01-12T00:43:39.451+0000] {processor.py:830} INFO - Processing file /home/airflow/.local/lib/python3.8/site-packages/airflow/example_dags/example_xcomargs.py for tasks to queue
[2025-01-12T00:43:39.460+0000] {logging_mixin.py:188} INFO - [2025-01-12T00:43:39.459+0000] {dagbag.py:538} INFO - Filling up the DagBag from /home/airflow/.local/lib/python3.8/site-packages/airflow/example_dags/example_xcomargs.py
[2025-01-12T00:43:39.515+0000] {processor.py:840} INFO - DAG(s) 'example_xcom_args_with_operators', 'example_xcom_args' retrieved from /home/airflow/.local/lib/python3.8/site-packages/airflow/example_dags/example_xcomargs.py
[2025-01-12T00:43:39.602+0000] {logging_mixin.py:188} INFO - [2025-01-12T00:43:39.601+0000] {dag.py:3036} INFO - Sync 2 DAGs
[2025-01-12T00:43:39.688+0000] {logging_mixin.py:188} INFO - [2025-01-12T00:43:39.688+0000] {dag.py:3823} INFO - Setting next_dagrun for example_xcom_args to None, run_after=None
[2025-01-12T00:43:39.708+0000] {logging_mixin.py:188} INFO - [2025-01-12T00:43:39.707+0000] {dag.py:3823} INFO - Setting next_dagrun for example_xcom_args_with_operators to None, run_after=None
[2025-01-12T00:43:39.795+0000] {processor.py:183} INFO - Processing /home/airflow/.local/lib/python3.8/site-packages/airflow/example_dags/example_xcomargs.py took 0.400 seconds
[2025-01-12T00:44:10.024+0000] {processor.py:161} INFO - Started process (PID=374) to work on /home/airflow/.local/lib/python3.8/site-packages/airflow/example_dags/example_xcomargs.py
[2025-01-12T00:44:10.038+0000] {processor.py:830} INFO - Processing file /home/airflow/.local/lib/python3.8/site-packages/airflow/example_dags/example_xcomargs.py for tasks to queue
[2025-01-12T00:44:10.048+0000] {logging_mixin.py:188} INFO - [2025-01-12T00:44:10.045+0000] {dagbag.py:538} INFO - Filling up the DagBag from /home/airflow/.local/lib/python3.8/site-packages/airflow/example_dags/example_xcomargs.py
[2025-01-12T00:44:10.073+0000] {processor.py:840} INFO - DAG(s) 'example_xcom_args', 'example_xcom_args_with_operators' retrieved from /home/airflow/.local/lib/python3.8/site-packages/airflow/example_dags/example_xcomargs.py
[2025-01-12T00:44:10.436+0000] {logging_mixin.py:188} INFO - [2025-01-12T00:44:10.436+0000] {dag.py:3036} INFO - Sync 2 DAGs
[2025-01-12T00:44:10.469+0000] {logging_mixin.py:188} INFO - [2025-01-12T00:44:10.468+0000] {dag.py:3823} INFO - Setting next_dagrun for example_xcom_args to None, run_after=None
[2025-01-12T00:44:10.476+0000] {logging_mixin.py:188} INFO - [2025-01-12T00:44:10.476+0000] {dag.py:3823} INFO - Setting next_dagrun for example_xcom_args_with_operators to None, run_after=None
[2025-01-12T00:44:10.525+0000] {processor.py:183} INFO - Processing /home/airflow/.local/lib/python3.8/site-packages/airflow/example_dags/example_xcomargs.py took 0.509 seconds
[2025-01-12T00:44:42.306+0000] {processor.py:161} INFO - Started process (PID=430) to work on /home/airflow/.local/lib/python3.8/site-packages/airflow/example_dags/example_xcomargs.py
[2025-01-12T00:44:42.309+0000] {processor.py:830} INFO - Processing file /home/airflow/.local/lib/python3.8/site-packages/airflow/example_dags/example_xcomargs.py for tasks to queue
[2025-01-12T00:44:42.314+0000] {logging_mixin.py:188} INFO - [2025-01-12T00:44:42.314+0000] {dagbag.py:538} INFO - Filling up the DagBag from /home/airflow/.local/lib/python3.8/site-packages/airflow/example_dags/example_xcomargs.py
[2025-01-12T00:44:42.348+0000] {processor.py:840} INFO - DAG(s) 'example_xcom_args', 'example_xcom_args_with_operators' retrieved from /home/airflow/.local/lib/python3.8/site-packages/airflow/example_dags/example_xcomargs.py
[2025-01-12T00:44:42.479+0000] {logging_mixin.py:188} INFO - [2025-01-12T00:44:42.472+0000] {dag.py:3036} INFO - Sync 2 DAGs
[2025-01-12T00:44:42.533+0000] {logging_mixin.py:188} INFO - [2025-01-12T00:44:42.533+0000] {dag.py:3823} INFO - Setting next_dagrun for example_xcom_args to None, run_after=None
[2025-01-12T00:44:42.554+0000] {logging_mixin.py:188} INFO - [2025-01-12T00:44:42.553+0000] {dag.py:3823} INFO - Setting next_dagrun for example_xcom_args_with_operators to None, run_after=None
[2025-01-12T00:44:42.634+0000] {processor.py:183} INFO - Processing /home/airflow/.local/lib/python3.8/site-packages/airflow/example_dags/example_xcomargs.py took 0.346 seconds
[2025-01-12T00:45:13.302+0000] {processor.py:161} INFO - Started process (PID=486) to work on /home/airflow/.local/lib/python3.8/site-packages/airflow/example_dags/example_xcomargs.py
[2025-01-12T00:45:13.305+0000] {processor.py:830} INFO - Processing file /home/airflow/.local/lib/python3.8/site-packages/airflow/example_dags/example_xcomargs.py for tasks to queue
[2025-01-12T00:45:13.313+0000] {logging_mixin.py:188} INFO - [2025-01-12T00:45:13.313+0000] {dagbag.py:538} INFO - Filling up the DagBag from /home/airflow/.local/lib/python3.8/site-packages/airflow/example_dags/example_xcomargs.py
[2025-01-12T00:45:13.356+0000] {processor.py:840} INFO - DAG(s) 'example_xcom_args', 'example_xcom_args_with_operators' retrieved from /home/airflow/.local/lib/python3.8/site-packages/airflow/example_dags/example_xcomargs.py
[2025-01-12T00:45:13.440+0000] {logging_mixin.py:188} INFO - [2025-01-12T00:45:13.440+0000] {dag.py:3036} INFO - Sync 2 DAGs
[2025-01-12T00:45:13.484+0000] {logging_mixin.py:188} INFO - [2025-01-12T00:45:13.483+0000] {dag.py:3823} INFO - Setting next_dagrun for example_xcom_args to None, run_after=None
[2025-01-12T00:45:13.492+0000] {logging_mixin.py:188} INFO - [2025-01-12T00:45:13.491+0000] {dag.py:3823} INFO - Setting next_dagrun for example_xcom_args_with_operators to None, run_after=None
[2025-01-12T00:45:13.569+0000] {processor.py:183} INFO - Processing /home/airflow/.local/lib/python3.8/site-packages/airflow/example_dags/example_xcomargs.py took 0.275 seconds
[2025-01-12T00:45:43.715+0000] {processor.py:161} INFO - Started process (PID=543) to work on /home/airflow/.local/lib/python3.8/site-packages/airflow/example_dags/example_xcomargs.py
[2025-01-12T00:45:43.716+0000] {processor.py:830} INFO - Processing file /home/airflow/.local/lib/python3.8/site-packages/airflow/example_dags/example_xcomargs.py for tasks to queue
[2025-01-12T00:45:43.719+0000] {logging_mixin.py:188} INFO - [2025-01-12T00:45:43.719+0000] {dagbag.py:538} INFO - Filling up the DagBag from /home/airflow/.local/lib/python3.8/site-packages/airflow/example_dags/example_xcomargs.py
[2025-01-12T00:45:43.736+0000] {processor.py:840} INFO - DAG(s) 'example_xcom_args', 'example_xcom_args_with_operators' retrieved from /home/airflow/.local/lib/python3.8/site-packages/airflow/example_dags/example_xcomargs.py
[2025-01-12T00:45:43.779+0000] {logging_mixin.py:188} INFO - [2025-01-12T00:45:43.779+0000] {dag.py:3036} INFO - Sync 2 DAGs
[2025-01-12T00:45:43.802+0000] {logging_mixin.py:188} INFO - [2025-01-12T00:45:43.802+0000] {dag.py:3823} INFO - Setting next_dagrun for example_xcom_args to None, run_after=None
[2025-01-12T00:45:43.807+0000] {logging_mixin.py:188} INFO - [2025-01-12T00:45:43.807+0000] {dag.py:3823} INFO - Setting next_dagrun for example_xcom_args_with_operators to None, run_after=None
[2025-01-12T00:45:43.843+0000] {processor.py:183} INFO - Processing /home/airflow/.local/lib/python3.8/site-packages/airflow/example_dags/example_xcomargs.py took 0.131 seconds
[2025-01-12T00:46:13.986+0000] {processor.py:161} INFO - Started process (PID=599) to work on /home/airflow/.local/lib/python3.8/site-packages/airflow/example_dags/example_xcomargs.py
[2025-01-12T00:46:13.988+0000] {processor.py:830} INFO - Processing file /home/airflow/.local/lib/python3.8/site-packages/airflow/example_dags/example_xcomargs.py for tasks to queue
[2025-01-12T00:46:13.991+0000] {logging_mixin.py:188} INFO - [2025-01-12T00:46:13.990+0000] {dagbag.py:538} INFO - Filling up the DagBag from /home/airflow/.local/lib/python3.8/site-packages/airflow/example_dags/example_xcomargs.py
[2025-01-12T00:46:14.007+0000] {processor.py:840} INFO - DAG(s) 'example_xcom_args', 'example_xcom_args_with_operators' retrieved from /home/airflow/.local/lib/python3.8/site-packages/airflow/example_dags/example_xcomargs.py
[2025-01-12T00:46:14.049+0000] {logging_mixin.py:188} INFO - [2025-01-12T00:46:14.049+0000] {dag.py:3036} INFO - Sync 2 DAGs
[2025-01-12T00:46:14.068+0000] {logging_mixin.py:188} INFO - [2025-01-12T00:46:14.067+0000] {dag.py:3823} INFO - Setting next_dagrun for example_xcom_args to None, run_after=None
[2025-01-12T00:46:14.072+0000] {logging_mixin.py:188} INFO - [2025-01-12T00:46:14.072+0000] {dag.py:3823} INFO - Setting next_dagrun for example_xcom_args_with_operators to None, run_after=None
[2025-01-12T00:46:14.101+0000] {processor.py:183} INFO - Processing /home/airflow/.local/lib/python3.8/site-packages/airflow/example_dags/example_xcomargs.py took 0.120 seconds
[2025-01-12T00:46:44.256+0000] {processor.py:161} INFO - Started process (PID=655) to work on /home/airflow/.local/lib/python3.8/site-packages/airflow/example_dags/example_xcomargs.py
[2025-01-12T00:46:44.258+0000] {processor.py:830} INFO - Processing file /home/airflow/.local/lib/python3.8/site-packages/airflow/example_dags/example_xcomargs.py for tasks to queue
[2025-01-12T00:46:44.262+0000] {logging_mixin.py:188} INFO - [2025-01-12T00:46:44.261+0000] {dagbag.py:538} INFO - Filling up the DagBag from /home/airflow/.local/lib/python3.8/site-packages/airflow/example_dags/example_xcomargs.py
[2025-01-12T00:46:44.285+0000] {processor.py:840} INFO - DAG(s) 'example_xcom_args', 'example_xcom_args_with_operators' retrieved from /home/airflow/.local/lib/python3.8/site-packages/airflow/example_dags/example_xcomargs.py
[2025-01-12T00:46:44.349+0000] {logging_mixin.py:188} INFO - [2025-01-12T00:46:44.349+0000] {dag.py:3036} INFO - Sync 2 DAGs
[2025-01-12T00:46:44.377+0000] {logging_mixin.py:188} INFO - [2025-01-12T00:46:44.376+0000] {dag.py:3823} INFO - Setting next_dagrun for example_xcom_args to None, run_after=None
[2025-01-12T00:46:44.385+0000] {logging_mixin.py:188} INFO - [2025-01-12T00:46:44.385+0000] {dag.py:3823} INFO - Setting next_dagrun for example_xcom_args_with_operators to None, run_after=None
[2025-01-12T00:46:44.420+0000] {processor.py:183} INFO - Processing /home/airflow/.local/lib/python3.8/site-packages/airflow/example_dags/example_xcomargs.py took 0.169 seconds
[2025-01-12T00:47:15.805+0000] {processor.py:161} INFO - Started process (PID=712) to work on /home/airflow/.local/lib/python3.8/site-packages/airflow/example_dags/example_xcomargs.py
[2025-01-12T00:47:15.808+0000] {processor.py:830} INFO - Processing file /home/airflow/.local/lib/python3.8/site-packages/airflow/example_dags/example_xcomargs.py for tasks to queue
[2025-01-12T00:47:15.825+0000] {logging_mixin.py:188} INFO - [2025-01-12T00:47:15.824+0000] {dagbag.py:538} INFO - Filling up the DagBag from /home/airflow/.local/lib/python3.8/site-packages/airflow/example_dags/example_xcomargs.py
[2025-01-12T00:47:15.895+0000] {processor.py:840} INFO - DAG(s) 'example_xcom_args', 'example_xcom_args_with_operators' retrieved from /home/airflow/.local/lib/python3.8/site-packages/airflow/example_dags/example_xcomargs.py
[2025-01-12T00:47:16.038+0000] {logging_mixin.py:188} INFO - [2025-01-12T00:47:16.036+0000] {dag.py:3036} INFO - Sync 2 DAGs
[2025-01-12T00:47:16.104+0000] {logging_mixin.py:188} INFO - [2025-01-12T00:47:16.104+0000] {dag.py:3823} INFO - Setting next_dagrun for example_xcom_args to None, run_after=None
[2025-01-12T00:47:16.126+0000] {logging_mixin.py:188} INFO - [2025-01-12T00:47:16.125+0000] {dag.py:3823} INFO - Setting next_dagrun for example_xcom_args_with_operators to None, run_after=None
[2025-01-12T00:47:16.226+0000] {processor.py:183} INFO - Processing /home/airflow/.local/lib/python3.8/site-packages/airflow/example_dags/example_xcomargs.py took 0.438 seconds
[2025-01-12T00:47:47.207+0000] {processor.py:161} INFO - Started process (PID=768) to work on /home/airflow/.local/lib/python3.8/site-packages/airflow/example_dags/example_xcomargs.py
[2025-01-12T00:47:47.209+0000] {processor.py:830} INFO - Processing file /home/airflow/.local/lib/python3.8/site-packages/airflow/example_dags/example_xcomargs.py for tasks to queue
[2025-01-12T00:47:47.213+0000] {logging_mixin.py:188} INFO - [2025-01-12T00:47:47.213+0000] {dagbag.py:538} INFO - Filling up the DagBag from /home/airflow/.local/lib/python3.8/site-packages/airflow/example_dags/example_xcomargs.py
[2025-01-12T00:47:47.237+0000] {processor.py:840} INFO - DAG(s) 'example_xcom_args', 'example_xcom_args_with_operators' retrieved from /home/airflow/.local/lib/python3.8/site-packages/airflow/example_dags/example_xcomargs.py
[2025-01-12T00:47:47.300+0000] {logging_mixin.py:188} INFO - [2025-01-12T00:47:47.300+0000] {dag.py:3036} INFO - Sync 2 DAGs
[2025-01-12T00:47:47.340+0000] {logging_mixin.py:188} INFO - [2025-01-12T00:47:47.339+0000] {dag.py:3823} INFO - Setting next_dagrun for example_xcom_args to None, run_after=None
[2025-01-12T00:47:47.350+0000] {logging_mixin.py:188} INFO - [2025-01-12T00:47:47.350+0000] {dag.py:3823} INFO - Setting next_dagrun for example_xcom_args_with_operators to None, run_after=None
[2025-01-12T00:47:47.420+0000] {processor.py:183} INFO - Processing /home/airflow/.local/lib/python3.8/site-packages/airflow/example_dags/example_xcomargs.py took 0.219 seconds
[2025-01-12T00:48:17.788+0000] {processor.py:161} INFO - Started process (PID=824) to work on /home/airflow/.local/lib/python3.8/site-packages/airflow/example_dags/example_xcomargs.py
[2025-01-12T00:48:17.792+0000] {processor.py:830} INFO - Processing file /home/airflow/.local/lib/python3.8/site-packages/airflow/example_dags/example_xcomargs.py for tasks to queue
[2025-01-12T00:48:17.802+0000] {logging_mixin.py:188} INFO - [2025-01-12T00:48:17.802+0000] {dagbag.py:538} INFO - Filling up the DagBag from /home/airflow/.local/lib/python3.8/site-packages/airflow/example_dags/example_xcomargs.py
[2025-01-12T00:48:17.844+0000] {processor.py:840} INFO - DAG(s) 'example_xcom_args', 'example_xcom_args_with_operators' retrieved from /home/airflow/.local/lib/python3.8/site-packages/airflow/example_dags/example_xcomargs.py
[2025-01-12T00:48:17.936+0000] {logging_mixin.py:188} INFO - [2025-01-12T00:48:17.935+0000] {dag.py:3036} INFO - Sync 2 DAGs
[2025-01-12T00:48:17.978+0000] {logging_mixin.py:188} INFO - [2025-01-12T00:48:17.977+0000] {dag.py:3823} INFO - Setting next_dagrun for example_xcom_args to None, run_after=None
[2025-01-12T00:48:17.990+0000] {logging_mixin.py:188} INFO - [2025-01-12T00:48:17.989+0000] {dag.py:3823} INFO - Setting next_dagrun for example_xcom_args_with_operators to None, run_after=None
[2025-01-12T00:48:18.048+0000] {processor.py:183} INFO - Processing /home/airflow/.local/lib/python3.8/site-packages/airflow/example_dags/example_xcomargs.py took 0.274 seconds
[2025-01-12T00:48:48.901+0000] {processor.py:161} INFO - Started process (PID=880) to work on /home/airflow/.local/lib/python3.8/site-packages/airflow/example_dags/example_xcomargs.py
[2025-01-12T00:48:48.906+0000] {processor.py:830} INFO - Processing file /home/airflow/.local/lib/python3.8/site-packages/airflow/example_dags/example_xcomargs.py for tasks to queue
[2025-01-12T00:48:48.917+0000] {logging_mixin.py:188} INFO - [2025-01-12T00:48:48.916+0000] {dagbag.py:538} INFO - Filling up the DagBag from /home/airflow/.local/lib/python3.8/site-packages/airflow/example_dags/example_xcomargs.py
[2025-01-12T00:48:48.967+0000] {processor.py:840} INFO - DAG(s) 'example_xcom_args_with_operators', 'example_xcom_args' retrieved from /home/airflow/.local/lib/python3.8/site-packages/airflow/example_dags/example_xcomargs.py
[2025-01-12T00:48:49.111+0000] {logging_mixin.py:188} INFO - [2025-01-12T00:48:49.110+0000] {dag.py:3036} INFO - Sync 2 DAGs
[2025-01-12T00:48:49.188+0000] {logging_mixin.py:188} INFO - [2025-01-12T00:48:49.187+0000] {dag.py:3823} INFO - Setting next_dagrun for example_xcom_args to None, run_after=None
[2025-01-12T00:48:49.220+0000] {logging_mixin.py:188} INFO - [2025-01-12T00:48:49.209+0000] {dag.py:3823} INFO - Setting next_dagrun for example_xcom_args_with_operators to None, run_after=None
[2025-01-12T00:48:49.346+0000] {processor.py:183} INFO - Processing /home/airflow/.local/lib/python3.8/site-packages/airflow/example_dags/example_xcomargs.py took 0.471 seconds
[2025-01-12T00:49:19.470+0000] {processor.py:161} INFO - Started process (PID=935) to work on /home/airflow/.local/lib/python3.8/site-packages/airflow/example_dags/example_xcomargs.py
[2025-01-12T00:49:19.472+0000] {processor.py:830} INFO - Processing file /home/airflow/.local/lib/python3.8/site-packages/airflow/example_dags/example_xcomargs.py for tasks to queue
[2025-01-12T00:49:19.478+0000] {logging_mixin.py:188} INFO - [2025-01-12T00:49:19.475+0000] {dagbag.py:538} INFO - Filling up the DagBag from /home/airflow/.local/lib/python3.8/site-packages/airflow/example_dags/example_xcomargs.py
[2025-01-12T00:49:19.501+0000] {processor.py:840} INFO - DAG(s) 'example_xcom_args_with_operators', 'example_xcom_args' retrieved from /home/airflow/.local/lib/python3.8/site-packages/airflow/example_dags/example_xcomargs.py
[2025-01-12T00:49:19.567+0000] {logging_mixin.py:188} INFO - [2025-01-12T00:49:19.566+0000] {dag.py:3036} INFO - Sync 2 DAGs
[2025-01-12T00:49:19.599+0000] {logging_mixin.py:188} INFO - [2025-01-12T00:49:19.599+0000] {dag.py:3823} INFO - Setting next_dagrun for example_xcom_args to None, run_after=None
[2025-01-12T00:49:19.608+0000] {logging_mixin.py:188} INFO - [2025-01-12T00:49:19.607+0000] {dag.py:3823} INFO - Setting next_dagrun for example_xcom_args_with_operators to None, run_after=None
[2025-01-12T00:49:19.658+0000] {processor.py:183} INFO - Processing /home/airflow/.local/lib/python3.8/site-packages/airflow/example_dags/example_xcomargs.py took 0.195 seconds
[2025-01-12T00:49:50.092+0000] {processor.py:161} INFO - Started process (PID=991) to work on /home/airflow/.local/lib/python3.8/site-packages/airflow/example_dags/example_xcomargs.py
[2025-01-12T00:49:50.095+0000] {processor.py:830} INFO - Processing file /home/airflow/.local/lib/python3.8/site-packages/airflow/example_dags/example_xcomargs.py for tasks to queue
[2025-01-12T00:49:50.101+0000] {logging_mixin.py:188} INFO - [2025-01-12T00:49:50.100+0000] {dagbag.py:538} INFO - Filling up the DagBag from /home/airflow/.local/lib/python3.8/site-packages/airflow/example_dags/example_xcomargs.py
[2025-01-12T00:49:50.125+0000] {processor.py:840} INFO - DAG(s) 'example_xcom_args_with_operators', 'example_xcom_args' retrieved from /home/airflow/.local/lib/python3.8/site-packages/airflow/example_dags/example_xcomargs.py
[2025-01-12T00:49:50.188+0000] {logging_mixin.py:188} INFO - [2025-01-12T00:49:50.187+0000] {dag.py:3036} INFO - Sync 2 DAGs
[2025-01-12T00:49:50.219+0000] {logging_mixin.py:188} INFO - [2025-01-12T00:49:50.218+0000] {dag.py:3823} INFO - Setting next_dagrun for example_xcom_args to None, run_after=None
[2025-01-12T00:49:50.232+0000] {logging_mixin.py:188} INFO - [2025-01-12T00:49:50.232+0000] {dag.py:3823} INFO - Setting next_dagrun for example_xcom_args_with_operators to None, run_after=None
[2025-01-12T00:49:50.296+0000] {processor.py:183} INFO - Processing /home/airflow/.local/lib/python3.8/site-packages/airflow/example_dags/example_xcomargs.py took 0.213 seconds
[2025-01-12T00:50:32.796+0000] {processor.py:161} INFO - Started process (PID=1055) to work on /home/airflow/.local/lib/python3.8/site-packages/airflow/example_dags/example_xcomargs.py
[2025-01-12T00:50:32.807+0000] {processor.py:830} INFO - Processing file /home/airflow/.local/lib/python3.8/site-packages/airflow/example_dags/example_xcomargs.py for tasks to queue
[2025-01-12T00:50:32.826+0000] {logging_mixin.py:188} INFO - [2025-01-12T00:50:32.825+0000] {dagbag.py:538} INFO - Filling up the DagBag from /home/airflow/.local/lib/python3.8/site-packages/airflow/example_dags/example_xcomargs.py
[2025-01-12T00:50:32.898+0000] {processor.py:840} INFO - DAG(s) 'example_xcom_args', 'example_xcom_args_with_operators' retrieved from /home/airflow/.local/lib/python3.8/site-packages/airflow/example_dags/example_xcomargs.py
[2025-01-12T00:50:33.255+0000] {logging_mixin.py:188} INFO - [2025-01-12T00:50:33.254+0000] {dag.py:3036} INFO - Sync 2 DAGs
[2025-01-12T00:50:33.341+0000] {logging_mixin.py:188} INFO - [2025-01-12T00:50:33.341+0000] {dag.py:3823} INFO - Setting next_dagrun for example_xcom_args to None, run_after=None
[2025-01-12T00:50:33.376+0000] {logging_mixin.py:188} INFO - [2025-01-12T00:50:33.375+0000] {dag.py:3823} INFO - Setting next_dagrun for example_xcom_args_with_operators to None, run_after=None
[2025-01-12T00:50:33.513+0000] {processor.py:183} INFO - Processing /home/airflow/.local/lib/python3.8/site-packages/airflow/example_dags/example_xcomargs.py took 0.734 seconds
[2025-01-12T00:51:04.461+0000] {processor.py:161} INFO - Started process (PID=1111) to work on /home/airflow/.local/lib/python3.8/site-packages/airflow/example_dags/example_xcomargs.py
[2025-01-12T00:51:04.463+0000] {processor.py:830} INFO - Processing file /home/airflow/.local/lib/python3.8/site-packages/airflow/example_dags/example_xcomargs.py for tasks to queue
[2025-01-12T00:51:04.468+0000] {logging_mixin.py:188} INFO - [2025-01-12T00:51:04.467+0000] {dagbag.py:538} INFO - Filling up the DagBag from /home/airflow/.local/lib/python3.8/site-packages/airflow/example_dags/example_xcomargs.py
[2025-01-12T00:51:04.490+0000] {processor.py:840} INFO - DAG(s) 'example_xcom_args_with_operators', 'example_xcom_args' retrieved from /home/airflow/.local/lib/python3.8/site-packages/airflow/example_dags/example_xcomargs.py
[2025-01-12T00:51:04.560+0000] {logging_mixin.py:188} INFO - [2025-01-12T00:51:04.559+0000] {dag.py:3036} INFO - Sync 2 DAGs
[2025-01-12T00:51:04.590+0000] {logging_mixin.py:188} INFO - [2025-01-12T00:51:04.590+0000] {dag.py:3823} INFO - Setting next_dagrun for example_xcom_args to None, run_after=None
[2025-01-12T00:51:04.600+0000] {logging_mixin.py:188} INFO - [2025-01-12T00:51:04.599+0000] {dag.py:3823} INFO - Setting next_dagrun for example_xcom_args_with_operators to None, run_after=None
[2025-01-12T00:51:04.640+0000] {processor.py:183} INFO - Processing /home/airflow/.local/lib/python3.8/site-packages/airflow/example_dags/example_xcomargs.py took 0.187 seconds
[2025-01-12T00:51:35.084+0000] {processor.py:161} INFO - Started process (PID=1168) to work on /home/airflow/.local/lib/python3.8/site-packages/airflow/example_dags/example_xcomargs.py
[2025-01-12T00:51:35.087+0000] {processor.py:830} INFO - Processing file /home/airflow/.local/lib/python3.8/site-packages/airflow/example_dags/example_xcomargs.py for tasks to queue
[2025-01-12T00:51:35.093+0000] {logging_mixin.py:188} INFO - [2025-01-12T00:51:35.092+0000] {dagbag.py:538} INFO - Filling up the DagBag from /home/airflow/.local/lib/python3.8/site-packages/airflow/example_dags/example_xcomargs.py
[2025-01-12T00:51:35.115+0000] {processor.py:840} INFO - DAG(s) 'example_xcom_args', 'example_xcom_args_with_operators' retrieved from /home/airflow/.local/lib/python3.8/site-packages/airflow/example_dags/example_xcomargs.py
[2025-01-12T00:51:35.195+0000] {logging_mixin.py:188} INFO - [2025-01-12T00:51:35.194+0000] {dag.py:3036} INFO - Sync 2 DAGs
[2025-01-12T00:51:35.303+0000] {logging_mixin.py:188} INFO - [2025-01-12T00:51:35.303+0000] {dag.py:3823} INFO - Setting next_dagrun for example_xcom_args to None, run_after=None
[2025-01-12T00:51:35.349+0000] {logging_mixin.py:188} INFO - [2025-01-12T00:51:35.348+0000] {dag.py:3823} INFO - Setting next_dagrun for example_xcom_args_with_operators to None, run_after=None
[2025-01-12T00:51:35.524+0000] {processor.py:183} INFO - Processing /home/airflow/.local/lib/python3.8/site-packages/airflow/example_dags/example_xcomargs.py took 0.450 seconds
[2025-01-12T00:52:05.928+0000] {processor.py:161} INFO - Started process (PID=1224) to work on /home/airflow/.local/lib/python3.8/site-packages/airflow/example_dags/example_xcomargs.py
[2025-01-12T00:52:05.930+0000] {processor.py:830} INFO - Processing file /home/airflow/.local/lib/python3.8/site-packages/airflow/example_dags/example_xcomargs.py for tasks to queue
[2025-01-12T00:52:05.940+0000] {logging_mixin.py:188} INFO - [2025-01-12T00:52:05.938+0000] {dagbag.py:538} INFO - Filling up the DagBag from /home/airflow/.local/lib/python3.8/site-packages/airflow/example_dags/example_xcomargs.py
[2025-01-12T00:52:05.997+0000] {processor.py:840} INFO - DAG(s) 'example_xcom_args_with_operators', 'example_xcom_args' retrieved from /home/airflow/.local/lib/python3.8/site-packages/airflow/example_dags/example_xcomargs.py
[2025-01-12T00:52:06.149+0000] {logging_mixin.py:188} INFO - [2025-01-12T00:52:06.148+0000] {dag.py:3036} INFO - Sync 2 DAGs
[2025-01-12T00:52:06.199+0000] {logging_mixin.py:188} INFO - [2025-01-12T00:52:06.198+0000] {dag.py:3823} INFO - Setting next_dagrun for example_xcom_args to None, run_after=None
[2025-01-12T00:52:06.229+0000] {logging_mixin.py:188} INFO - [2025-01-12T00:52:06.219+0000] {dag.py:3823} INFO - Setting next_dagrun for example_xcom_args_with_operators to None, run_after=None
[2025-01-12T00:52:06.311+0000] {processor.py:183} INFO - Processing /home/airflow/.local/lib/python3.8/site-packages/airflow/example_dags/example_xcomargs.py took 0.391 seconds
[2025-01-12T00:52:36.790+0000] {processor.py:161} INFO - Started process (PID=1279) to work on /home/airflow/.local/lib/python3.8/site-packages/airflow/example_dags/example_xcomargs.py
[2025-01-12T00:52:36.792+0000] {processor.py:830} INFO - Processing file /home/airflow/.local/lib/python3.8/site-packages/airflow/example_dags/example_xcomargs.py for tasks to queue
[2025-01-12T00:52:36.794+0000] {logging_mixin.py:188} INFO - [2025-01-12T00:52:36.793+0000] {dagbag.py:538} INFO - Filling up the DagBag from /home/airflow/.local/lib/python3.8/site-packages/airflow/example_dags/example_xcomargs.py
[2025-01-12T00:52:36.810+0000] {processor.py:840} INFO - DAG(s) 'example_xcom_args', 'example_xcom_args_with_operators' retrieved from /home/airflow/.local/lib/python3.8/site-packages/airflow/example_dags/example_xcomargs.py
[2025-01-12T00:52:36.852+0000] {logging_mixin.py:188} INFO - [2025-01-12T00:52:36.851+0000] {dag.py:3036} INFO - Sync 2 DAGs
[2025-01-12T00:52:36.873+0000] {logging_mixin.py:188} INFO - [2025-01-12T00:52:36.872+0000] {dag.py:3823} INFO - Setting next_dagrun for example_xcom_args to None, run_after=None
[2025-01-12T00:52:36.883+0000] {logging_mixin.py:188} INFO - [2025-01-12T00:52:36.882+0000] {dag.py:3823} INFO - Setting next_dagrun for example_xcom_args_with_operators to None, run_after=None
[2025-01-12T00:52:36.914+0000] {processor.py:183} INFO - Processing /home/airflow/.local/lib/python3.8/site-packages/airflow/example_dags/example_xcomargs.py took 0.129 seconds
[2025-01-12T00:53:07.008+0000] {processor.py:161} INFO - Started process (PID=1334) to work on /home/airflow/.local/lib/python3.8/site-packages/airflow/example_dags/example_xcomargs.py
[2025-01-12T00:53:07.011+0000] {processor.py:830} INFO - Processing file /home/airflow/.local/lib/python3.8/site-packages/airflow/example_dags/example_xcomargs.py for tasks to queue
[2025-01-12T00:53:07.013+0000] {logging_mixin.py:188} INFO - [2025-01-12T00:53:07.013+0000] {dagbag.py:538} INFO - Filling up the DagBag from /home/airflow/.local/lib/python3.8/site-packages/airflow/example_dags/example_xcomargs.py
[2025-01-12T00:53:07.042+0000] {processor.py:840} INFO - DAG(s) 'example_xcom_args', 'example_xcom_args_with_operators' retrieved from /home/airflow/.local/lib/python3.8/site-packages/airflow/example_dags/example_xcomargs.py
[2025-01-12T00:53:07.128+0000] {logging_mixin.py:188} INFO - [2025-01-12T00:53:07.127+0000] {dag.py:3036} INFO - Sync 2 DAGs
[2025-01-12T00:53:07.178+0000] {logging_mixin.py:188} INFO - [2025-01-12T00:53:07.178+0000] {dag.py:3823} INFO - Setting next_dagrun for example_xcom_args to None, run_after=None
[2025-01-12T00:53:07.188+0000] {logging_mixin.py:188} INFO - [2025-01-12T00:53:07.187+0000] {dag.py:3823} INFO - Setting next_dagrun for example_xcom_args_with_operators to None, run_after=None
[2025-01-12T00:53:07.266+0000] {processor.py:183} INFO - Processing /home/airflow/.local/lib/python3.8/site-packages/airflow/example_dags/example_xcomargs.py took 0.269 seconds
[2025-01-12T00:53:38.132+0000] {processor.py:161} INFO - Started process (PID=1389) to work on /home/airflow/.local/lib/python3.8/site-packages/airflow/example_dags/example_xcomargs.py
[2025-01-12T00:53:38.134+0000] {processor.py:830} INFO - Processing file /home/airflow/.local/lib/python3.8/site-packages/airflow/example_dags/example_xcomargs.py for tasks to queue
[2025-01-12T00:53:38.136+0000] {logging_mixin.py:188} INFO - [2025-01-12T00:53:38.135+0000] {dagbag.py:538} INFO - Filling up the DagBag from /home/airflow/.local/lib/python3.8/site-packages/airflow/example_dags/example_xcomargs.py
[2025-01-12T00:53:38.150+0000] {processor.py:840} INFO - DAG(s) 'example_xcom_args', 'example_xcom_args_with_operators' retrieved from /home/airflow/.local/lib/python3.8/site-packages/airflow/example_dags/example_xcomargs.py
[2025-01-12T00:53:38.191+0000] {logging_mixin.py:188} INFO - [2025-01-12T00:53:38.190+0000] {dag.py:3036} INFO - Sync 2 DAGs
[2025-01-12T00:53:38.217+0000] {logging_mixin.py:188} INFO - [2025-01-12T00:53:38.216+0000] {dag.py:3823} INFO - Setting next_dagrun for example_xcom_args to None, run_after=None
[2025-01-12T00:53:38.227+0000] {logging_mixin.py:188} INFO - [2025-01-12T00:53:38.226+0000] {dag.py:3823} INFO - Setting next_dagrun for example_xcom_args_with_operators to None, run_after=None
[2025-01-12T00:53:38.256+0000] {processor.py:183} INFO - Processing /home/airflow/.local/lib/python3.8/site-packages/airflow/example_dags/example_xcomargs.py took 0.129 seconds
[2025-01-12T00:54:09.097+0000] {processor.py:161} INFO - Started process (PID=1449) to work on /home/airflow/.local/lib/python3.8/site-packages/airflow/example_dags/example_xcomargs.py
[2025-01-12T00:54:09.103+0000] {processor.py:830} INFO - Processing file /home/airflow/.local/lib/python3.8/site-packages/airflow/example_dags/example_xcomargs.py for tasks to queue
[2025-01-12T00:54:09.107+0000] {logging_mixin.py:188} INFO - [2025-01-12T00:54:09.106+0000] {dagbag.py:538} INFO - Filling up the DagBag from /home/airflow/.local/lib/python3.8/site-packages/airflow/example_dags/example_xcomargs.py
[2025-01-12T00:54:09.141+0000] {processor.py:840} INFO - DAG(s) 'example_xcom_args_with_operators', 'example_xcom_args' retrieved from /home/airflow/.local/lib/python3.8/site-packages/airflow/example_dags/example_xcomargs.py
[2025-01-12T00:54:09.248+0000] {logging_mixin.py:188} INFO - [2025-01-12T00:54:09.245+0000] {dag.py:3036} INFO - Sync 2 DAGs
[2025-01-12T00:54:09.320+0000] {logging_mixin.py:188} INFO - [2025-01-12T00:54:09.320+0000] {dag.py:3823} INFO - Setting next_dagrun for example_xcom_args to None, run_after=None
[2025-01-12T00:54:09.340+0000] {logging_mixin.py:188} INFO - [2025-01-12T00:54:09.339+0000] {dag.py:3823} INFO - Setting next_dagrun for example_xcom_args_with_operators to None, run_after=None
[2025-01-12T00:54:09.426+0000] {processor.py:183} INFO - Processing /home/airflow/.local/lib/python3.8/site-packages/airflow/example_dags/example_xcomargs.py took 0.344 seconds
[2025-01-12T00:54:40.335+0000] {processor.py:161} INFO - Started process (PID=1505) to work on /home/airflow/.local/lib/python3.8/site-packages/airflow/example_dags/example_xcomargs.py
[2025-01-12T00:54:40.337+0000] {processor.py:830} INFO - Processing file /home/airflow/.local/lib/python3.8/site-packages/airflow/example_dags/example_xcomargs.py for tasks to queue
[2025-01-12T00:54:40.339+0000] {logging_mixin.py:188} INFO - [2025-01-12T00:54:40.338+0000] {dagbag.py:538} INFO - Filling up the DagBag from /home/airflow/.local/lib/python3.8/site-packages/airflow/example_dags/example_xcomargs.py
[2025-01-12T00:54:40.360+0000] {processor.py:840} INFO - DAG(s) 'example_xcom_args', 'example_xcom_args_with_operators' retrieved from /home/airflow/.local/lib/python3.8/site-packages/airflow/example_dags/example_xcomargs.py
[2025-01-12T00:54:40.402+0000] {logging_mixin.py:188} INFO - [2025-01-12T00:54:40.402+0000] {dag.py:3036} INFO - Sync 2 DAGs
[2025-01-12T00:54:40.428+0000] {logging_mixin.py:188} INFO - [2025-01-12T00:54:40.428+0000] {dag.py:3823} INFO - Setting next_dagrun for example_xcom_args to None, run_after=None
[2025-01-12T00:54:40.436+0000] {logging_mixin.py:188} INFO - [2025-01-12T00:54:40.435+0000] {dag.py:3823} INFO - Setting next_dagrun for example_xcom_args_with_operators to None, run_after=None
[2025-01-12T00:54:40.479+0000] {processor.py:183} INFO - Processing /home/airflow/.local/lib/python3.8/site-packages/airflow/example_dags/example_xcomargs.py took 0.150 seconds
[2025-01-12T00:55:11.871+0000] {processor.py:161} INFO - Started process (PID=1561) to work on /home/airflow/.local/lib/python3.8/site-packages/airflow/example_dags/example_xcomargs.py
[2025-01-12T00:55:11.910+0000] {processor.py:830} INFO - Processing file /home/airflow/.local/lib/python3.8/site-packages/airflow/example_dags/example_xcomargs.py for tasks to queue
[2025-01-12T00:55:11.914+0000] {logging_mixin.py:188} INFO - [2025-01-12T00:55:11.913+0000] {dagbag.py:538} INFO - Filling up the DagBag from /home/airflow/.local/lib/python3.8/site-packages/airflow/example_dags/example_xcomargs.py
[2025-01-12T00:55:12.006+0000] {processor.py:840} INFO - DAG(s) 'example_xcom_args', 'example_xcom_args_with_operators' retrieved from /home/airflow/.local/lib/python3.8/site-packages/airflow/example_dags/example_xcomargs.py
[2025-01-12T00:55:12.246+0000] {logging_mixin.py:188} INFO - [2025-01-12T00:55:12.244+0000] {dag.py:3036} INFO - Sync 2 DAGs
[2025-01-12T00:55:12.327+0000] {logging_mixin.py:188} INFO - [2025-01-12T00:55:12.326+0000] {dag.py:3823} INFO - Setting next_dagrun for example_xcom_args to None, run_after=None
[2025-01-12T00:55:12.344+0000] {logging_mixin.py:188} INFO - [2025-01-12T00:55:12.344+0000] {dag.py:3823} INFO - Setting next_dagrun for example_xcom_args_with_operators to None, run_after=None
[2025-01-12T00:55:12.475+0000] {processor.py:183} INFO - Processing /home/airflow/.local/lib/python3.8/site-packages/airflow/example_dags/example_xcomargs.py took 0.629 seconds
[2025-01-12T00:55:43.269+0000] {processor.py:161} INFO - Started process (PID=1617) to work on /home/airflow/.local/lib/python3.8/site-packages/airflow/example_dags/example_xcomargs.py
[2025-01-12T00:55:43.270+0000] {processor.py:830} INFO - Processing file /home/airflow/.local/lib/python3.8/site-packages/airflow/example_dags/example_xcomargs.py for tasks to queue
[2025-01-12T00:55:43.272+0000] {logging_mixin.py:188} INFO - [2025-01-12T00:55:43.272+0000] {dagbag.py:538} INFO - Filling up the DagBag from /home/airflow/.local/lib/python3.8/site-packages/airflow/example_dags/example_xcomargs.py
[2025-01-12T00:55:43.300+0000] {processor.py:840} INFO - DAG(s) 'example_xcom_args', 'example_xcom_args_with_operators' retrieved from /home/airflow/.local/lib/python3.8/site-packages/airflow/example_dags/example_xcomargs.py
[2025-01-12T00:55:43.358+0000] {logging_mixin.py:188} INFO - [2025-01-12T00:55:43.358+0000] {dag.py:3036} INFO - Sync 2 DAGs
[2025-01-12T00:55:43.392+0000] {logging_mixin.py:188} INFO - [2025-01-12T00:55:43.392+0000] {dag.py:3823} INFO - Setting next_dagrun for example_xcom_args to None, run_after=None
[2025-01-12T00:55:43.400+0000] {logging_mixin.py:188} INFO - [2025-01-12T00:55:43.400+0000] {dag.py:3823} INFO - Setting next_dagrun for example_xcom_args_with_operators to None, run_after=None
[2025-01-12T00:55:43.434+0000] {processor.py:183} INFO - Processing /home/airflow/.local/lib/python3.8/site-packages/airflow/example_dags/example_xcomargs.py took 0.170 seconds
[2025-01-12T00:56:13.491+0000] {processor.py:161} INFO - Started process (PID=1673) to work on /home/airflow/.local/lib/python3.8/site-packages/airflow/example_dags/example_xcomargs.py
[2025-01-12T00:56:13.493+0000] {processor.py:830} INFO - Processing file /home/airflow/.local/lib/python3.8/site-packages/airflow/example_dags/example_xcomargs.py for tasks to queue
[2025-01-12T00:56:13.495+0000] {logging_mixin.py:188} INFO - [2025-01-12T00:56:13.494+0000] {dagbag.py:538} INFO - Filling up the DagBag from /home/airflow/.local/lib/python3.8/site-packages/airflow/example_dags/example_xcomargs.py
[2025-01-12T00:56:13.514+0000] {processor.py:840} INFO - DAG(s) 'example_xcom_args_with_operators', 'example_xcom_args' retrieved from /home/airflow/.local/lib/python3.8/site-packages/airflow/example_dags/example_xcomargs.py
[2025-01-12T00:56:13.581+0000] {logging_mixin.py:188} INFO - [2025-01-12T00:56:13.580+0000] {dag.py:3036} INFO - Sync 2 DAGs
[2025-01-12T00:56:13.628+0000] {logging_mixin.py:188} INFO - [2025-01-12T00:56:13.627+0000] {dag.py:3823} INFO - Setting next_dagrun for example_xcom_args to None, run_after=None
[2025-01-12T00:56:13.644+0000] {logging_mixin.py:188} INFO - [2025-01-12T00:56:13.643+0000] {dag.py:3823} INFO - Setting next_dagrun for example_xcom_args_with_operators to None, run_after=None
[2025-01-12T00:56:13.696+0000] {processor.py:183} INFO - Processing /home/airflow/.local/lib/python3.8/site-packages/airflow/example_dags/example_xcomargs.py took 0.212 seconds
[2025-01-12T00:56:43.813+0000] {processor.py:161} INFO - Started process (PID=1729) to work on /home/airflow/.local/lib/python3.8/site-packages/airflow/example_dags/example_xcomargs.py
[2025-01-12T00:56:43.817+0000] {processor.py:830} INFO - Processing file /home/airflow/.local/lib/python3.8/site-packages/airflow/example_dags/example_xcomargs.py for tasks to queue
[2025-01-12T00:56:43.820+0000] {logging_mixin.py:188} INFO - [2025-01-12T00:56:43.820+0000] {dagbag.py:538} INFO - Filling up the DagBag from /home/airflow/.local/lib/python3.8/site-packages/airflow/example_dags/example_xcomargs.py
[2025-01-12T00:56:43.859+0000] {processor.py:840} INFO - DAG(s) 'example_xcom_args_with_operators', 'example_xcom_args' retrieved from /home/airflow/.local/lib/python3.8/site-packages/airflow/example_dags/example_xcomargs.py
[2025-01-12T00:56:43.974+0000] {logging_mixin.py:188} INFO - [2025-01-12T00:56:43.974+0000] {dag.py:3036} INFO - Sync 2 DAGs
[2025-01-12T00:56:44.024+0000] {logging_mixin.py:188} INFO - [2025-01-12T00:56:44.024+0000] {dag.py:3823} INFO - Setting next_dagrun for example_xcom_args to None, run_after=None
[2025-01-12T00:56:44.039+0000] {logging_mixin.py:188} INFO - [2025-01-12T00:56:44.038+0000] {dag.py:3823} INFO - Setting next_dagrun for example_xcom_args_with_operators to None, run_after=None
[2025-01-12T00:56:44.107+0000] {processor.py:183} INFO - Processing /home/airflow/.local/lib/python3.8/site-packages/airflow/example_dags/example_xcomargs.py took 0.308 seconds
[2025-01-12T00:57:17.270+0000] {processor.py:161} INFO - Started process (PID=1786) to work on /home/airflow/.local/lib/python3.8/site-packages/airflow/example_dags/example_xcomargs.py
[2025-01-12T00:57:17.287+0000] {processor.py:830} INFO - Processing file /home/airflow/.local/lib/python3.8/site-packages/airflow/example_dags/example_xcomargs.py for tasks to queue
[2025-01-12T00:57:17.303+0000] {logging_mixin.py:188} INFO - [2025-01-12T00:57:17.302+0000] {dagbag.py:538} INFO - Filling up the DagBag from /home/airflow/.local/lib/python3.8/site-packages/airflow/example_dags/example_xcomargs.py
[2025-01-12T00:57:17.519+0000] {processor.py:840} INFO - DAG(s) 'example_xcom_args', 'example_xcom_args_with_operators' retrieved from /home/airflow/.local/lib/python3.8/site-packages/airflow/example_dags/example_xcomargs.py
[2025-01-12T00:57:17.809+0000] {logging_mixin.py:188} INFO - [2025-01-12T00:57:17.808+0000] {dag.py:3036} INFO - Sync 2 DAGs
[2025-01-12T00:57:17.885+0000] {logging_mixin.py:188} INFO - [2025-01-12T00:57:17.884+0000] {dag.py:3823} INFO - Setting next_dagrun for example_xcom_args to None, run_after=None
[2025-01-12T00:57:17.929+0000] {logging_mixin.py:188} INFO - [2025-01-12T00:57:17.928+0000] {dag.py:3823} INFO - Setting next_dagrun for example_xcom_args_with_operators to None, run_after=None
[2025-01-12T00:57:18.035+0000] {processor.py:183} INFO - Processing /home/airflow/.local/lib/python3.8/site-packages/airflow/example_dags/example_xcomargs.py took 0.800 seconds
[2025-01-12T00:57:48.505+0000] {processor.py:161} INFO - Started process (PID=1847) to work on /home/airflow/.local/lib/python3.8/site-packages/airflow/example_dags/example_xcomargs.py
[2025-01-12T00:57:48.508+0000] {processor.py:830} INFO - Processing file /home/airflow/.local/lib/python3.8/site-packages/airflow/example_dags/example_xcomargs.py for tasks to queue
[2025-01-12T00:57:48.511+0000] {logging_mixin.py:188} INFO - [2025-01-12T00:57:48.510+0000] {dagbag.py:538} INFO - Filling up the DagBag from /home/airflow/.local/lib/python3.8/site-packages/airflow/example_dags/example_xcomargs.py
[2025-01-12T00:57:48.538+0000] {processor.py:840} INFO - DAG(s) 'example_xcom_args_with_operators', 'example_xcom_args' retrieved from /home/airflow/.local/lib/python3.8/site-packages/airflow/example_dags/example_xcomargs.py
[2025-01-12T00:57:48.610+0000] {logging_mixin.py:188} INFO - [2025-01-12T00:57:48.609+0000] {dag.py:3036} INFO - Sync 2 DAGs
[2025-01-12T00:57:48.645+0000] {logging_mixin.py:188} INFO - [2025-01-12T00:57:48.644+0000] {dag.py:3823} INFO - Setting next_dagrun for example_xcom_args to None, run_after=None
[2025-01-12T00:57:48.655+0000] {logging_mixin.py:188} INFO - [2025-01-12T00:57:48.655+0000] {dag.py:3823} INFO - Setting next_dagrun for example_xcom_args_with_operators to None, run_after=None
[2025-01-12T00:57:48.720+0000] {processor.py:183} INFO - Processing /home/airflow/.local/lib/python3.8/site-packages/airflow/example_dags/example_xcomargs.py took 0.228 seconds
[2025-01-12T00:58:18.915+0000] {processor.py:161} INFO - Started process (PID=1903) to work on /home/airflow/.local/lib/python3.8/site-packages/airflow/example_dags/example_xcomargs.py
[2025-01-12T00:58:18.917+0000] {processor.py:830} INFO - Processing file /home/airflow/.local/lib/python3.8/site-packages/airflow/example_dags/example_xcomargs.py for tasks to queue
[2025-01-12T00:58:18.918+0000] {logging_mixin.py:188} INFO - [2025-01-12T00:58:18.918+0000] {dagbag.py:538} INFO - Filling up the DagBag from /home/airflow/.local/lib/python3.8/site-packages/airflow/example_dags/example_xcomargs.py
[2025-01-12T00:58:18.930+0000] {processor.py:840} INFO - DAG(s) 'example_xcom_args', 'example_xcom_args_with_operators' retrieved from /home/airflow/.local/lib/python3.8/site-packages/airflow/example_dags/example_xcomargs.py
[2025-01-12T00:58:18.965+0000] {logging_mixin.py:188} INFO - [2025-01-12T00:58:18.965+0000] {dag.py:3036} INFO - Sync 2 DAGs
[2025-01-12T00:58:18.983+0000] {logging_mixin.py:188} INFO - [2025-01-12T00:58:18.983+0000] {dag.py:3823} INFO - Setting next_dagrun for example_xcom_args to None, run_after=None
[2025-01-12T00:58:18.989+0000] {logging_mixin.py:188} INFO - [2025-01-12T00:58:18.989+0000] {dag.py:3823} INFO - Setting next_dagrun for example_xcom_args_with_operators to None, run_after=None
[2025-01-12T00:58:19.015+0000] {processor.py:183} INFO - Processing /home/airflow/.local/lib/python3.8/site-packages/airflow/example_dags/example_xcomargs.py took 0.103 seconds
[2025-01-12T00:58:49.460+0000] {processor.py:161} INFO - Started process (PID=1958) to work on /home/airflow/.local/lib/python3.8/site-packages/airflow/example_dags/example_xcomargs.py
[2025-01-12T00:58:49.466+0000] {processor.py:830} INFO - Processing file /home/airflow/.local/lib/python3.8/site-packages/airflow/example_dags/example_xcomargs.py for tasks to queue
[2025-01-12T00:58:49.476+0000] {logging_mixin.py:188} INFO - [2025-01-12T00:58:49.470+0000] {dagbag.py:538} INFO - Filling up the DagBag from /home/airflow/.local/lib/python3.8/site-packages/airflow/example_dags/example_xcomargs.py
[2025-01-12T00:58:49.574+0000] {processor.py:840} INFO - DAG(s) 'example_xcom_args', 'example_xcom_args_with_operators' retrieved from /home/airflow/.local/lib/python3.8/site-packages/airflow/example_dags/example_xcomargs.py
[2025-01-12T00:58:49.694+0000] {logging_mixin.py:188} INFO - [2025-01-12T00:58:49.694+0000] {dag.py:3036} INFO - Sync 2 DAGs
[2025-01-12T00:58:49.744+0000] {logging_mixin.py:188} INFO - [2025-01-12T00:58:49.744+0000] {dag.py:3823} INFO - Setting next_dagrun for example_xcom_args to None, run_after=None
[2025-01-12T00:58:49.767+0000] {logging_mixin.py:188} INFO - [2025-01-12T00:58:49.767+0000] {dag.py:3823} INFO - Setting next_dagrun for example_xcom_args_with_operators to None, run_after=None
[2025-01-12T00:58:49.924+0000] {processor.py:183} INFO - Processing /home/airflow/.local/lib/python3.8/site-packages/airflow/example_dags/example_xcomargs.py took 0.505 seconds
[2025-01-12T00:59:20.258+0000] {processor.py:161} INFO - Started process (PID=2013) to work on /home/airflow/.local/lib/python3.8/site-packages/airflow/example_dags/example_xcomargs.py
[2025-01-12T00:59:20.261+0000] {processor.py:830} INFO - Processing file /home/airflow/.local/lib/python3.8/site-packages/airflow/example_dags/example_xcomargs.py for tasks to queue
[2025-01-12T00:59:20.263+0000] {logging_mixin.py:188} INFO - [2025-01-12T00:59:20.262+0000] {dagbag.py:538} INFO - Filling up the DagBag from /home/airflow/.local/lib/python3.8/site-packages/airflow/example_dags/example_xcomargs.py
[2025-01-12T00:59:20.279+0000] {processor.py:840} INFO - DAG(s) 'example_xcom_args_with_operators', 'example_xcom_args' retrieved from /home/airflow/.local/lib/python3.8/site-packages/airflow/example_dags/example_xcomargs.py
[2025-01-12T00:59:20.334+0000] {logging_mixin.py:188} INFO - [2025-01-12T00:59:20.334+0000] {dag.py:3036} INFO - Sync 2 DAGs
[2025-01-12T00:59:20.363+0000] {logging_mixin.py:188} INFO - [2025-01-12T00:59:20.362+0000] {dag.py:3823} INFO - Setting next_dagrun for example_xcom_args to None, run_after=None
[2025-01-12T00:59:20.370+0000] {logging_mixin.py:188} INFO - [2025-01-12T00:59:20.370+0000] {dag.py:3823} INFO - Setting next_dagrun for example_xcom_args_with_operators to None, run_after=None
[2025-01-12T00:59:20.410+0000] {processor.py:183} INFO - Processing /home/airflow/.local/lib/python3.8/site-packages/airflow/example_dags/example_xcomargs.py took 0.158 seconds
[2025-01-12T00:59:50.518+0000] {processor.py:161} INFO - Started process (PID=2069) to work on /home/airflow/.local/lib/python3.8/site-packages/airflow/example_dags/example_xcomargs.py
[2025-01-12T00:59:50.521+0000] {processor.py:830} INFO - Processing file /home/airflow/.local/lib/python3.8/site-packages/airflow/example_dags/example_xcomargs.py for tasks to queue
[2025-01-12T00:59:50.523+0000] {logging_mixin.py:188} INFO - [2025-01-12T00:59:50.522+0000] {dagbag.py:538} INFO - Filling up the DagBag from /home/airflow/.local/lib/python3.8/site-packages/airflow/example_dags/example_xcomargs.py
[2025-01-12T00:59:50.552+0000] {processor.py:840} INFO - DAG(s) 'example_xcom_args_with_operators', 'example_xcom_args' retrieved from /home/airflow/.local/lib/python3.8/site-packages/airflow/example_dags/example_xcomargs.py
[2025-01-12T00:59:50.627+0000] {logging_mixin.py:188} INFO - [2025-01-12T00:59:50.626+0000] {dag.py:3036} INFO - Sync 2 DAGs
[2025-01-12T00:59:50.667+0000] {logging_mixin.py:188} INFO - [2025-01-12T00:59:50.666+0000] {dag.py:3823} INFO - Setting next_dagrun for example_xcom_args to None, run_after=None
[2025-01-12T00:59:50.684+0000] {logging_mixin.py:188} INFO - [2025-01-12T00:59:50.683+0000] {dag.py:3823} INFO - Setting next_dagrun for example_xcom_args_with_operators to None, run_after=None
[2025-01-12T00:59:50.743+0000] {processor.py:183} INFO - Processing /home/airflow/.local/lib/python3.8/site-packages/airflow/example_dags/example_xcomargs.py took 0.235 seconds
[2025-01-12T01:00:21.032+0000] {processor.py:161} INFO - Started process (PID=2125) to work on /home/airflow/.local/lib/python3.8/site-packages/airflow/example_dags/example_xcomargs.py
[2025-01-12T01:00:21.058+0000] {processor.py:830} INFO - Processing file /home/airflow/.local/lib/python3.8/site-packages/airflow/example_dags/example_xcomargs.py for tasks to queue
[2025-01-12T01:00:21.065+0000] {logging_mixin.py:188} INFO - [2025-01-12T01:00:21.064+0000] {dagbag.py:538} INFO - Filling up the DagBag from /home/airflow/.local/lib/python3.8/site-packages/airflow/example_dags/example_xcomargs.py
[2025-01-12T01:00:21.109+0000] {processor.py:840} INFO - DAG(s) 'example_xcom_args_with_operators', 'example_xcom_args' retrieved from /home/airflow/.local/lib/python3.8/site-packages/airflow/example_dags/example_xcomargs.py
[2025-01-12T01:00:21.260+0000] {logging_mixin.py:188} INFO - [2025-01-12T01:00:21.259+0000] {dag.py:3036} INFO - Sync 2 DAGs
[2025-01-12T01:00:21.334+0000] {logging_mixin.py:188} INFO - [2025-01-12T01:00:21.333+0000] {dag.py:3823} INFO - Setting next_dagrun for example_xcom_args to None, run_after=None
[2025-01-12T01:00:21.364+0000] {logging_mixin.py:188} INFO - [2025-01-12T01:00:21.362+0000] {dag.py:3823} INFO - Setting next_dagrun for example_xcom_args_with_operators to None, run_after=None
[2025-01-12T01:00:21.443+0000] {processor.py:183} INFO - Processing /home/airflow/.local/lib/python3.8/site-packages/airflow/example_dags/example_xcomargs.py took 0.425 seconds
[2025-01-12T01:00:51.947+0000] {processor.py:161} INFO - Started process (PID=2181) to work on /home/airflow/.local/lib/python3.8/site-packages/airflow/example_dags/example_xcomargs.py
[2025-01-12T01:00:51.950+0000] {processor.py:830} INFO - Processing file /home/airflow/.local/lib/python3.8/site-packages/airflow/example_dags/example_xcomargs.py for tasks to queue
[2025-01-12T01:00:51.953+0000] {logging_mixin.py:188} INFO - [2025-01-12T01:00:51.952+0000] {dagbag.py:538} INFO - Filling up the DagBag from /home/airflow/.local/lib/python3.8/site-packages/airflow/example_dags/example_xcomargs.py
[2025-01-12T01:00:51.979+0000] {processor.py:840} INFO - DAG(s) 'example_xcom_args_with_operators', 'example_xcom_args' retrieved from /home/airflow/.local/lib/python3.8/site-packages/airflow/example_dags/example_xcomargs.py
[2025-01-12T01:00:52.073+0000] {logging_mixin.py:188} INFO - [2025-01-12T01:00:52.072+0000] {dag.py:3036} INFO - Sync 2 DAGs
[2025-01-12T01:00:52.118+0000] {logging_mixin.py:188} INFO - [2025-01-12T01:00:52.117+0000] {dag.py:3823} INFO - Setting next_dagrun for example_xcom_args to None, run_after=None
[2025-01-12T01:00:52.135+0000] {logging_mixin.py:188} INFO - [2025-01-12T01:00:52.135+0000] {dag.py:3823} INFO - Setting next_dagrun for example_xcom_args_with_operators to None, run_after=None
[2025-01-12T01:00:52.187+0000] {processor.py:183} INFO - Processing /home/airflow/.local/lib/python3.8/site-packages/airflow/example_dags/example_xcomargs.py took 0.249 seconds
[2025-01-12T01:01:22.726+0000] {processor.py:161} INFO - Started process (PID=2237) to work on /home/airflow/.local/lib/python3.8/site-packages/airflow/example_dags/example_xcomargs.py
[2025-01-12T01:01:22.729+0000] {processor.py:830} INFO - Processing file /home/airflow/.local/lib/python3.8/site-packages/airflow/example_dags/example_xcomargs.py for tasks to queue
[2025-01-12T01:01:22.732+0000] {logging_mixin.py:188} INFO - [2025-01-12T01:01:22.731+0000] {dagbag.py:538} INFO - Filling up the DagBag from /home/airflow/.local/lib/python3.8/site-packages/airflow/example_dags/example_xcomargs.py
[2025-01-12T01:01:22.762+0000] {processor.py:840} INFO - DAG(s) 'example_xcom_args_with_operators', 'example_xcom_args' retrieved from /home/airflow/.local/lib/python3.8/site-packages/airflow/example_dags/example_xcomargs.py
[2025-01-12T01:01:22.845+0000] {logging_mixin.py:188} INFO - [2025-01-12T01:01:22.845+0000] {dag.py:3036} INFO - Sync 2 DAGs
[2025-01-12T01:01:22.896+0000] {logging_mixin.py:188} INFO - [2025-01-12T01:01:22.895+0000] {dag.py:3823} INFO - Setting next_dagrun for example_xcom_args to None, run_after=None
[2025-01-12T01:01:22.909+0000] {logging_mixin.py:188} INFO - [2025-01-12T01:01:22.907+0000] {dag.py:3823} INFO - Setting next_dagrun for example_xcom_args_with_operators to None, run_after=None
[2025-01-12T01:01:22.964+0000] {processor.py:183} INFO - Processing /home/airflow/.local/lib/python3.8/site-packages/airflow/example_dags/example_xcomargs.py took 0.253 seconds
[2025-01-12T01:01:53.351+0000] {processor.py:161} INFO - Started process (PID=2293) to work on /home/airflow/.local/lib/python3.8/site-packages/airflow/example_dags/example_xcomargs.py
[2025-01-12T01:01:53.353+0000] {processor.py:830} INFO - Processing file /home/airflow/.local/lib/python3.8/site-packages/airflow/example_dags/example_xcomargs.py for tasks to queue
[2025-01-12T01:01:53.354+0000] {logging_mixin.py:188} INFO - [2025-01-12T01:01:53.353+0000] {dagbag.py:538} INFO - Filling up the DagBag from /home/airflow/.local/lib/python3.8/site-packages/airflow/example_dags/example_xcomargs.py
[2025-01-12T01:01:53.364+0000] {processor.py:840} INFO - DAG(s) 'example_xcom_args_with_operators', 'example_xcom_args' retrieved from /home/airflow/.local/lib/python3.8/site-packages/airflow/example_dags/example_xcomargs.py
[2025-01-12T01:01:53.398+0000] {logging_mixin.py:188} INFO - [2025-01-12T01:01:53.398+0000] {dag.py:3036} INFO - Sync 2 DAGs
[2025-01-12T01:01:53.415+0000] {logging_mixin.py:188} INFO - [2025-01-12T01:01:53.414+0000] {dag.py:3823} INFO - Setting next_dagrun for example_xcom_args to None, run_after=None
[2025-01-12T01:01:53.421+0000] {logging_mixin.py:188} INFO - [2025-01-12T01:01:53.421+0000] {dag.py:3823} INFO - Setting next_dagrun for example_xcom_args_with_operators to None, run_after=None
[2025-01-12T01:01:53.458+0000] {processor.py:183} INFO - Processing /home/airflow/.local/lib/python3.8/site-packages/airflow/example_dags/example_xcomargs.py took 0.110 seconds
[2025-01-12T01:02:23.883+0000] {processor.py:161} INFO - Started process (PID=2349) to work on /home/airflow/.local/lib/python3.8/site-packages/airflow/example_dags/example_xcomargs.py
[2025-01-12T01:02:23.886+0000] {processor.py:830} INFO - Processing file /home/airflow/.local/lib/python3.8/site-packages/airflow/example_dags/example_xcomargs.py for tasks to queue
[2025-01-12T01:02:23.888+0000] {logging_mixin.py:188} INFO - [2025-01-12T01:02:23.887+0000] {dagbag.py:538} INFO - Filling up the DagBag from /home/airflow/.local/lib/python3.8/site-packages/airflow/example_dags/example_xcomargs.py
[2025-01-12T01:02:23.912+0000] {processor.py:840} INFO - DAG(s) 'example_xcom_args', 'example_xcom_args_with_operators' retrieved from /home/airflow/.local/lib/python3.8/site-packages/airflow/example_dags/example_xcomargs.py
[2025-01-12T01:02:23.968+0000] {logging_mixin.py:188} INFO - [2025-01-12T01:02:23.967+0000] {dag.py:3036} INFO - Sync 2 DAGs
[2025-01-12T01:02:23.997+0000] {logging_mixin.py:188} INFO - [2025-01-12T01:02:23.996+0000] {dag.py:3823} INFO - Setting next_dagrun for example_xcom_args to None, run_after=None
[2025-01-12T01:02:24.003+0000] {logging_mixin.py:188} INFO - [2025-01-12T01:02:24.003+0000] {dag.py:3823} INFO - Setting next_dagrun for example_xcom_args_with_operators to None, run_after=None
[2025-01-12T01:02:24.029+0000] {processor.py:183} INFO - Processing /home/airflow/.local/lib/python3.8/site-packages/airflow/example_dags/example_xcomargs.py took 0.152 seconds
[2025-01-12T01:02:54.095+0000] {processor.py:161} INFO - Started process (PID=2405) to work on /home/airflow/.local/lib/python3.8/site-packages/airflow/example_dags/example_xcomargs.py
[2025-01-12T01:02:54.097+0000] {processor.py:830} INFO - Processing file /home/airflow/.local/lib/python3.8/site-packages/airflow/example_dags/example_xcomargs.py for tasks to queue
[2025-01-12T01:02:54.100+0000] {logging_mixin.py:188} INFO - [2025-01-12T01:02:54.099+0000] {dagbag.py:538} INFO - Filling up the DagBag from /home/airflow/.local/lib/python3.8/site-packages/airflow/example_dags/example_xcomargs.py
[2025-01-12T01:02:54.115+0000] {processor.py:840} INFO - DAG(s) 'example_xcom_args', 'example_xcom_args_with_operators' retrieved from /home/airflow/.local/lib/python3.8/site-packages/airflow/example_dags/example_xcomargs.py
[2025-01-12T01:02:54.157+0000] {logging_mixin.py:188} INFO - [2025-01-12T01:02:54.157+0000] {dag.py:3036} INFO - Sync 2 DAGs
[2025-01-12T01:02:54.198+0000] {logging_mixin.py:188} INFO - [2025-01-12T01:02:54.197+0000] {dag.py:3823} INFO - Setting next_dagrun for example_xcom_args to None, run_after=None
[2025-01-12T01:02:54.218+0000] {logging_mixin.py:188} INFO - [2025-01-12T01:02:54.217+0000] {dag.py:3823} INFO - Setting next_dagrun for example_xcom_args_with_operators to None, run_after=None
[2025-01-12T01:02:54.334+0000] {processor.py:183} INFO - Processing /home/airflow/.local/lib/python3.8/site-packages/airflow/example_dags/example_xcomargs.py took 0.245 seconds
[2025-01-12T01:03:24.550+0000] {processor.py:161} INFO - Started process (PID=2461) to work on /home/airflow/.local/lib/python3.8/site-packages/airflow/example_dags/example_xcomargs.py
[2025-01-12T01:03:24.552+0000] {processor.py:830} INFO - Processing file /home/airflow/.local/lib/python3.8/site-packages/airflow/example_dags/example_xcomargs.py for tasks to queue
[2025-01-12T01:03:24.555+0000] {logging_mixin.py:188} INFO - [2025-01-12T01:03:24.554+0000] {dagbag.py:538} INFO - Filling up the DagBag from /home/airflow/.local/lib/python3.8/site-packages/airflow/example_dags/example_xcomargs.py
[2025-01-12T01:03:24.577+0000] {processor.py:840} INFO - DAG(s) 'example_xcom_args', 'example_xcom_args_with_operators' retrieved from /home/airflow/.local/lib/python3.8/site-packages/airflow/example_dags/example_xcomargs.py
[2025-01-12T01:03:24.634+0000] {logging_mixin.py:188} INFO - [2025-01-12T01:03:24.633+0000] {dag.py:3036} INFO - Sync 2 DAGs
[2025-01-12T01:03:24.660+0000] {logging_mixin.py:188} INFO - [2025-01-12T01:03:24.659+0000] {dag.py:3823} INFO - Setting next_dagrun for example_xcom_args to None, run_after=None
[2025-01-12T01:03:24.668+0000] {logging_mixin.py:188} INFO - [2025-01-12T01:03:24.667+0000] {dag.py:3823} INFO - Setting next_dagrun for example_xcom_args_with_operators to None, run_after=None
[2025-01-12T01:03:24.705+0000] {processor.py:183} INFO - Processing /home/airflow/.local/lib/python3.8/site-packages/airflow/example_dags/example_xcomargs.py took 0.162 seconds
[2025-01-12T01:03:55.967+0000] {processor.py:161} INFO - Started process (PID=2515) to work on /home/airflow/.local/lib/python3.8/site-packages/airflow/example_dags/example_xcomargs.py
[2025-01-12T01:03:55.970+0000] {processor.py:830} INFO - Processing file /home/airflow/.local/lib/python3.8/site-packages/airflow/example_dags/example_xcomargs.py for tasks to queue
[2025-01-12T01:03:55.973+0000] {logging_mixin.py:188} INFO - [2025-01-12T01:03:55.972+0000] {dagbag.py:538} INFO - Filling up the DagBag from /home/airflow/.local/lib/python3.8/site-packages/airflow/example_dags/example_xcomargs.py
[2025-01-12T01:03:56.008+0000] {processor.py:840} INFO - DAG(s) 'example_xcom_args_with_operators', 'example_xcom_args' retrieved from /home/airflow/.local/lib/python3.8/site-packages/airflow/example_dags/example_xcomargs.py
[2025-01-12T01:03:56.111+0000] {logging_mixin.py:188} INFO - [2025-01-12T01:03:56.111+0000] {dag.py:3036} INFO - Sync 2 DAGs
[2025-01-12T01:03:56.157+0000] {logging_mixin.py:188} INFO - [2025-01-12T01:03:56.157+0000] {dag.py:3823} INFO - Setting next_dagrun for example_xcom_args to None, run_after=None
[2025-01-12T01:03:56.167+0000] {logging_mixin.py:188} INFO - [2025-01-12T01:03:56.167+0000] {dag.py:3823} INFO - Setting next_dagrun for example_xcom_args_with_operators to None, run_after=None
[2025-01-12T01:03:56.222+0000] {processor.py:183} INFO - Processing /home/airflow/.local/lib/python3.8/site-packages/airflow/example_dags/example_xcomargs.py took 0.271 seconds
[2025-01-12T01:04:26.451+0000] {processor.py:161} INFO - Started process (PID=2571) to work on /home/airflow/.local/lib/python3.8/site-packages/airflow/example_dags/example_xcomargs.py
[2025-01-12T01:04:26.453+0000] {processor.py:830} INFO - Processing file /home/airflow/.local/lib/python3.8/site-packages/airflow/example_dags/example_xcomargs.py for tasks to queue
[2025-01-12T01:04:26.455+0000] {logging_mixin.py:188} INFO - [2025-01-12T01:04:26.454+0000] {dagbag.py:538} INFO - Filling up the DagBag from /home/airflow/.local/lib/python3.8/site-packages/airflow/example_dags/example_xcomargs.py
[2025-01-12T01:04:26.467+0000] {processor.py:840} INFO - DAG(s) 'example_xcom_args', 'example_xcom_args_with_operators' retrieved from /home/airflow/.local/lib/python3.8/site-packages/airflow/example_dags/example_xcomargs.py
[2025-01-12T01:04:26.504+0000] {logging_mixin.py:188} INFO - [2025-01-12T01:04:26.503+0000] {dag.py:3036} INFO - Sync 2 DAGs
[2025-01-12T01:04:26.527+0000] {logging_mixin.py:188} INFO - [2025-01-12T01:04:26.526+0000] {dag.py:3823} INFO - Setting next_dagrun for example_xcom_args to None, run_after=None
[2025-01-12T01:04:26.533+0000] {logging_mixin.py:188} INFO - [2025-01-12T01:04:26.532+0000] {dag.py:3823} INFO - Setting next_dagrun for example_xcom_args_with_operators to None, run_after=None
[2025-01-12T01:04:26.564+0000] {processor.py:183} INFO - Processing /home/airflow/.local/lib/python3.8/site-packages/airflow/example_dags/example_xcomargs.py took 0.119 seconds
[2025-01-12T01:04:57.982+0000] {processor.py:161} INFO - Started process (PID=2627) to work on /home/airflow/.local/lib/python3.8/site-packages/airflow/example_dags/example_xcomargs.py
[2025-01-12T01:04:57.988+0000] {processor.py:830} INFO - Processing file /home/airflow/.local/lib/python3.8/site-packages/airflow/example_dags/example_xcomargs.py for tasks to queue
[2025-01-12T01:04:57.993+0000] {logging_mixin.py:188} INFO - [2025-01-12T01:04:57.990+0000] {dagbag.py:538} INFO - Filling up the DagBag from /home/airflow/.local/lib/python3.8/site-packages/airflow/example_dags/example_xcomargs.py
[2025-01-12T01:04:58.038+0000] {processor.py:840} INFO - DAG(s) 'example_xcom_args_with_operators', 'example_xcom_args' retrieved from /home/airflow/.local/lib/python3.8/site-packages/airflow/example_dags/example_xcomargs.py
[2025-01-12T01:04:58.259+0000] {logging_mixin.py:188} INFO - [2025-01-12T01:04:58.258+0000] {dag.py:3036} INFO - Sync 2 DAGs
[2025-01-12T01:04:58.344+0000] {logging_mixin.py:188} INFO - [2025-01-12T01:04:58.343+0000] {dag.py:3823} INFO - Setting next_dagrun for example_xcom_args to None, run_after=None
[2025-01-12T01:04:58.366+0000] {logging_mixin.py:188} INFO - [2025-01-12T01:04:58.365+0000] {dag.py:3823} INFO - Setting next_dagrun for example_xcom_args_with_operators to None, run_after=None
[2025-01-12T01:04:58.425+0000] {processor.py:183} INFO - Processing /home/airflow/.local/lib/python3.8/site-packages/airflow/example_dags/example_xcomargs.py took 0.501 seconds
[2025-01-12T01:05:29.291+0000] {processor.py:161} INFO - Started process (PID=2683) to work on /home/airflow/.local/lib/python3.8/site-packages/airflow/example_dags/example_xcomargs.py
[2025-01-12T01:05:29.292+0000] {processor.py:830} INFO - Processing file /home/airflow/.local/lib/python3.8/site-packages/airflow/example_dags/example_xcomargs.py for tasks to queue
[2025-01-12T01:05:29.295+0000] {logging_mixin.py:188} INFO - [2025-01-12T01:05:29.294+0000] {dagbag.py:538} INFO - Filling up the DagBag from /home/airflow/.local/lib/python3.8/site-packages/airflow/example_dags/example_xcomargs.py
[2025-01-12T01:05:29.307+0000] {processor.py:840} INFO - DAG(s) 'example_xcom_args', 'example_xcom_args_with_operators' retrieved from /home/airflow/.local/lib/python3.8/site-packages/airflow/example_dags/example_xcomargs.py
[2025-01-12T01:05:29.340+0000] {logging_mixin.py:188} INFO - [2025-01-12T01:05:29.339+0000] {dag.py:3036} INFO - Sync 2 DAGs
[2025-01-12T01:05:29.363+0000] {logging_mixin.py:188} INFO - [2025-01-12T01:05:29.362+0000] {dag.py:3823} INFO - Setting next_dagrun for example_xcom_args to None, run_after=None
[2025-01-12T01:05:29.368+0000] {logging_mixin.py:188} INFO - [2025-01-12T01:05:29.368+0000] {dag.py:3823} INFO - Setting next_dagrun for example_xcom_args_with_operators to None, run_after=None
[2025-01-12T01:05:29.396+0000] {processor.py:183} INFO - Processing /home/airflow/.local/lib/python3.8/site-packages/airflow/example_dags/example_xcomargs.py took 0.109 seconds
[2025-01-12T01:05:59.555+0000] {processor.py:161} INFO - Started process (PID=2739) to work on /home/airflow/.local/lib/python3.8/site-packages/airflow/example_dags/example_xcomargs.py
[2025-01-12T01:05:59.556+0000] {processor.py:830} INFO - Processing file /home/airflow/.local/lib/python3.8/site-packages/airflow/example_dags/example_xcomargs.py for tasks to queue
[2025-01-12T01:05:59.559+0000] {logging_mixin.py:188} INFO - [2025-01-12T01:05:59.558+0000] {dagbag.py:538} INFO - Filling up the DagBag from /home/airflow/.local/lib/python3.8/site-packages/airflow/example_dags/example_xcomargs.py
[2025-01-12T01:05:59.570+0000] {processor.py:840} INFO - DAG(s) 'example_xcom_args', 'example_xcom_args_with_operators' retrieved from /home/airflow/.local/lib/python3.8/site-packages/airflow/example_dags/example_xcomargs.py
[2025-01-12T01:05:59.602+0000] {logging_mixin.py:188} INFO - [2025-01-12T01:05:59.602+0000] {dag.py:3036} INFO - Sync 2 DAGs
[2025-01-12T01:05:59.621+0000] {logging_mixin.py:188} INFO - [2025-01-12T01:05:59.621+0000] {dag.py:3823} INFO - Setting next_dagrun for example_xcom_args to None, run_after=None
[2025-01-12T01:05:59.626+0000] {logging_mixin.py:188} INFO - [2025-01-12T01:05:59.626+0000] {dag.py:3823} INFO - Setting next_dagrun for example_xcom_args_with_operators to None, run_after=None
[2025-01-12T01:05:59.649+0000] {processor.py:183} INFO - Processing /home/airflow/.local/lib/python3.8/site-packages/airflow/example_dags/example_xcomargs.py took 0.099 seconds
[2025-01-12T01:06:30.169+0000] {processor.py:161} INFO - Started process (PID=2796) to work on /home/airflow/.local/lib/python3.8/site-packages/airflow/example_dags/example_xcomargs.py
[2025-01-12T01:06:30.172+0000] {processor.py:830} INFO - Processing file /home/airflow/.local/lib/python3.8/site-packages/airflow/example_dags/example_xcomargs.py for tasks to queue
[2025-01-12T01:06:30.176+0000] {logging_mixin.py:188} INFO - [2025-01-12T01:06:30.176+0000] {dagbag.py:538} INFO - Filling up the DagBag from /home/airflow/.local/lib/python3.8/site-packages/airflow/example_dags/example_xcomargs.py
[2025-01-12T01:06:30.203+0000] {processor.py:840} INFO - DAG(s) 'example_xcom_args', 'example_xcom_args_with_operators' retrieved from /home/airflow/.local/lib/python3.8/site-packages/airflow/example_dags/example_xcomargs.py
[2025-01-12T01:06:30.317+0000] {logging_mixin.py:188} INFO - [2025-01-12T01:06:30.317+0000] {dag.py:3036} INFO - Sync 2 DAGs
[2025-01-12T01:06:30.387+0000] {logging_mixin.py:188} INFO - [2025-01-12T01:06:30.386+0000] {dag.py:3823} INFO - Setting next_dagrun for example_xcom_args to None, run_after=None
[2025-01-12T01:06:30.397+0000] {logging_mixin.py:188} INFO - [2025-01-12T01:06:30.396+0000] {dag.py:3823} INFO - Setting next_dagrun for example_xcom_args_with_operators to None, run_after=None
[2025-01-12T01:06:30.454+0000] {processor.py:183} INFO - Processing /home/airflow/.local/lib/python3.8/site-packages/airflow/example_dags/example_xcomargs.py took 0.293 seconds
[2025-01-12T01:07:00.750+0000] {processor.py:161} INFO - Started process (PID=2852) to work on /home/airflow/.local/lib/python3.8/site-packages/airflow/example_dags/example_xcomargs.py
[2025-01-12T01:07:00.752+0000] {processor.py:830} INFO - Processing file /home/airflow/.local/lib/python3.8/site-packages/airflow/example_dags/example_xcomargs.py for tasks to queue
[2025-01-12T01:07:00.754+0000] {logging_mixin.py:188} INFO - [2025-01-12T01:07:00.754+0000] {dagbag.py:538} INFO - Filling up the DagBag from /home/airflow/.local/lib/python3.8/site-packages/airflow/example_dags/example_xcomargs.py
[2025-01-12T01:07:00.770+0000] {processor.py:840} INFO - DAG(s) 'example_xcom_args', 'example_xcom_args_with_operators' retrieved from /home/airflow/.local/lib/python3.8/site-packages/airflow/example_dags/example_xcomargs.py
[2025-01-12T01:07:00.816+0000] {logging_mixin.py:188} INFO - [2025-01-12T01:07:00.816+0000] {dag.py:3036} INFO - Sync 2 DAGs
[2025-01-12T01:07:00.840+0000] {logging_mixin.py:188} INFO - [2025-01-12T01:07:00.840+0000] {dag.py:3823} INFO - Setting next_dagrun for example_xcom_args to None, run_after=None
[2025-01-12T01:07:00.849+0000] {logging_mixin.py:188} INFO - [2025-01-12T01:07:00.848+0000] {dag.py:3823} INFO - Setting next_dagrun for example_xcom_args_with_operators to None, run_after=None
[2025-01-12T01:07:00.890+0000] {processor.py:183} INFO - Processing /home/airflow/.local/lib/python3.8/site-packages/airflow/example_dags/example_xcomargs.py took 0.146 seconds
[2025-01-12T01:07:31.458+0000] {processor.py:161} INFO - Started process (PID=2908) to work on /home/airflow/.local/lib/python3.8/site-packages/airflow/example_dags/example_xcomargs.py
[2025-01-12T01:07:31.460+0000] {processor.py:830} INFO - Processing file /home/airflow/.local/lib/python3.8/site-packages/airflow/example_dags/example_xcomargs.py for tasks to queue
[2025-01-12T01:07:31.462+0000] {logging_mixin.py:188} INFO - [2025-01-12T01:07:31.461+0000] {dagbag.py:538} INFO - Filling up the DagBag from /home/airflow/.local/lib/python3.8/site-packages/airflow/example_dags/example_xcomargs.py
[2025-01-12T01:07:31.478+0000] {processor.py:840} INFO - DAG(s) 'example_xcom_args', 'example_xcom_args_with_operators' retrieved from /home/airflow/.local/lib/python3.8/site-packages/airflow/example_dags/example_xcomargs.py
[2025-01-12T01:07:31.523+0000] {logging_mixin.py:188} INFO - [2025-01-12T01:07:31.522+0000] {dag.py:3036} INFO - Sync 2 DAGs
[2025-01-12T01:07:31.554+0000] {logging_mixin.py:188} INFO - [2025-01-12T01:07:31.554+0000] {dag.py:3823} INFO - Setting next_dagrun for example_xcom_args to None, run_after=None
[2025-01-12T01:07:31.561+0000] {logging_mixin.py:188} INFO - [2025-01-12T01:07:31.560+0000] {dag.py:3823} INFO - Setting next_dagrun for example_xcom_args_with_operators to None, run_after=None
[2025-01-12T01:07:31.601+0000] {processor.py:183} INFO - Processing /home/airflow/.local/lib/python3.8/site-packages/airflow/example_dags/example_xcomargs.py took 0.148 seconds
[2025-01-12T01:08:02.306+0000] {processor.py:161} INFO - Started process (PID=2964) to work on /home/airflow/.local/lib/python3.8/site-packages/airflow/example_dags/example_xcomargs.py
[2025-01-12T01:08:02.308+0000] {processor.py:830} INFO - Processing file /home/airflow/.local/lib/python3.8/site-packages/airflow/example_dags/example_xcomargs.py for tasks to queue
[2025-01-12T01:08:02.311+0000] {logging_mixin.py:188} INFO - [2025-01-12T01:08:02.310+0000] {dagbag.py:538} INFO - Filling up the DagBag from /home/airflow/.local/lib/python3.8/site-packages/airflow/example_dags/example_xcomargs.py
[2025-01-12T01:08:02.351+0000] {processor.py:840} INFO - DAG(s) 'example_xcom_args_with_operators', 'example_xcom_args' retrieved from /home/airflow/.local/lib/python3.8/site-packages/airflow/example_dags/example_xcomargs.py
[2025-01-12T01:08:02.455+0000] {logging_mixin.py:188} INFO - [2025-01-12T01:08:02.455+0000] {dag.py:3036} INFO - Sync 2 DAGs
[2025-01-12T01:08:02.544+0000] {logging_mixin.py:188} INFO - [2025-01-12T01:08:02.543+0000] {dag.py:3823} INFO - Setting next_dagrun for example_xcom_args to None, run_after=None
[2025-01-12T01:08:02.599+0000] {logging_mixin.py:188} INFO - [2025-01-12T01:08:02.598+0000] {dag.py:3823} INFO - Setting next_dagrun for example_xcom_args_with_operators to None, run_after=None
[2025-01-12T01:08:02.704+0000] {processor.py:183} INFO - Processing /home/airflow/.local/lib/python3.8/site-packages/airflow/example_dags/example_xcomargs.py took 0.404 seconds
