[2025-01-12T00:41:28.951+0000] {processor.py:161} INFO - Started process (PID=87) to work on /home/airflow/.local/lib/python3.8/site-packages/airflow/example_dags/example_complex.py
[2025-01-12T00:41:28.953+0000] {processor.py:830} INFO - Processing file /home/airflow/.local/lib/python3.8/site-packages/airflow/example_dags/example_complex.py for tasks to queue
[2025-01-12T00:41:28.958+0000] {logging_mixin.py:188} INFO - [2025-01-12T00:41:28.957+0000] {dagbag.py:538} INFO - Filling up the DagBag from /home/airflow/.local/lib/python3.8/site-packages/airflow/example_dags/example_complex.py
[2025-01-12T00:41:28.995+0000] {processor.py:840} INFO - DAG(s) 'example_complex' retrieved from /home/airflow/.local/lib/python3.8/site-packages/airflow/example_dags/example_complex.py
[2025-01-12T00:41:29.031+0000] {logging_mixin.py:188} INFO - [2025-01-12T00:41:29.031+0000] {dag.py:3036} INFO - Sync 1 DAGs
[2025-01-12T00:41:29.069+0000] {logging_mixin.py:188} INFO - [2025-01-12T00:41:29.068+0000] {dag.py:3823} INFO - Setting next_dagrun for example_complex to None, run_after=None
[2025-01-12T00:41:29.128+0000] {processor.py:183} INFO - Processing /home/airflow/.local/lib/python3.8/site-packages/airflow/example_dags/example_complex.py took 0.185 seconds
[2025-01-12T00:42:03.303+0000] {processor.py:161} INFO - Started process (PID=143) to work on /home/airflow/.local/lib/python3.8/site-packages/airflow/example_dags/example_complex.py
[2025-01-12T00:42:03.322+0000] {processor.py:830} INFO - Processing file /home/airflow/.local/lib/python3.8/site-packages/airflow/example_dags/example_complex.py for tasks to queue
[2025-01-12T00:42:03.342+0000] {logging_mixin.py:188} INFO - [2025-01-12T00:42:03.341+0000] {dagbag.py:538} INFO - Filling up the DagBag from /home/airflow/.local/lib/python3.8/site-packages/airflow/example_dags/example_complex.py
[2025-01-12T00:42:03.400+0000] {processor.py:840} INFO - DAG(s) 'example_complex' retrieved from /home/airflow/.local/lib/python3.8/site-packages/airflow/example_dags/example_complex.py
[2025-01-12T00:42:03.896+0000] {logging_mixin.py:188} INFO - [2025-01-12T00:42:03.895+0000] {dag.py:3036} INFO - Sync 1 DAGs
[2025-01-12T00:42:03.958+0000] {logging_mixin.py:188} INFO - [2025-01-12T00:42:03.957+0000] {dag.py:3823} INFO - Setting next_dagrun for example_complex to None, run_after=None
[2025-01-12T00:42:04.108+0000] {processor.py:183} INFO - Processing /home/airflow/.local/lib/python3.8/site-packages/airflow/example_dags/example_complex.py took 0.824 seconds
[2025-01-12T00:42:34.640+0000] {processor.py:161} INFO - Started process (PID=199) to work on /home/airflow/.local/lib/python3.8/site-packages/airflow/example_dags/example_complex.py
[2025-01-12T00:42:34.654+0000] {processor.py:830} INFO - Processing file /home/airflow/.local/lib/python3.8/site-packages/airflow/example_dags/example_complex.py for tasks to queue
[2025-01-12T00:42:34.678+0000] {logging_mixin.py:188} INFO - [2025-01-12T00:42:34.677+0000] {dagbag.py:538} INFO - Filling up the DagBag from /home/airflow/.local/lib/python3.8/site-packages/airflow/example_dags/example_complex.py
[2025-01-12T00:42:34.779+0000] {processor.py:840} INFO - DAG(s) 'example_complex' retrieved from /home/airflow/.local/lib/python3.8/site-packages/airflow/example_dags/example_complex.py
[2025-01-12T00:42:34.990+0000] {logging_mixin.py:188} INFO - [2025-01-12T00:42:34.989+0000] {dag.py:3036} INFO - Sync 1 DAGs
[2025-01-12T00:42:35.131+0000] {logging_mixin.py:188} INFO - [2025-01-12T00:42:35.120+0000] {dag.py:3823} INFO - Setting next_dagrun for example_complex to None, run_after=None
[2025-01-12T00:42:35.335+0000] {processor.py:183} INFO - Processing /home/airflow/.local/lib/python3.8/site-packages/airflow/example_dags/example_complex.py took 0.716 seconds
[2025-01-12T00:43:05.696+0000] {processor.py:161} INFO - Started process (PID=256) to work on /home/airflow/.local/lib/python3.8/site-packages/airflow/example_dags/example_complex.py
[2025-01-12T00:43:05.698+0000] {processor.py:830} INFO - Processing file /home/airflow/.local/lib/python3.8/site-packages/airflow/example_dags/example_complex.py for tasks to queue
[2025-01-12T00:43:05.703+0000] {logging_mixin.py:188} INFO - [2025-01-12T00:43:05.703+0000] {dagbag.py:538} INFO - Filling up the DagBag from /home/airflow/.local/lib/python3.8/site-packages/airflow/example_dags/example_complex.py
[2025-01-12T00:43:05.726+0000] {processor.py:840} INFO - DAG(s) 'example_complex' retrieved from /home/airflow/.local/lib/python3.8/site-packages/airflow/example_dags/example_complex.py
[2025-01-12T00:43:05.801+0000] {logging_mixin.py:188} INFO - [2025-01-12T00:43:05.800+0000] {dag.py:3036} INFO - Sync 1 DAGs
[2025-01-12T00:43:05.849+0000] {logging_mixin.py:188} INFO - [2025-01-12T00:43:05.846+0000] {dag.py:3823} INFO - Setting next_dagrun for example_complex to None, run_after=None
[2025-01-12T00:43:05.906+0000] {processor.py:183} INFO - Processing /home/airflow/.local/lib/python3.8/site-packages/airflow/example_dags/example_complex.py took 0.215 seconds
[2025-01-12T00:43:36.606+0000] {processor.py:161} INFO - Started process (PID=312) to work on /home/airflow/.local/lib/python3.8/site-packages/airflow/example_dags/example_complex.py
[2025-01-12T00:43:36.609+0000] {processor.py:830} INFO - Processing file /home/airflow/.local/lib/python3.8/site-packages/airflow/example_dags/example_complex.py for tasks to queue
[2025-01-12T00:43:36.615+0000] {logging_mixin.py:188} INFO - [2025-01-12T00:43:36.614+0000] {dagbag.py:538} INFO - Filling up the DagBag from /home/airflow/.local/lib/python3.8/site-packages/airflow/example_dags/example_complex.py
[2025-01-12T00:43:36.656+0000] {processor.py:840} INFO - DAG(s) 'example_complex' retrieved from /home/airflow/.local/lib/python3.8/site-packages/airflow/example_dags/example_complex.py
[2025-01-12T00:43:36.754+0000] {logging_mixin.py:188} INFO - [2025-01-12T00:43:36.754+0000] {dag.py:3036} INFO - Sync 1 DAGs
[2025-01-12T00:43:36.958+0000] {logging_mixin.py:188} INFO - [2025-01-12T00:43:36.957+0000] {dag.py:3823} INFO - Setting next_dagrun for example_complex to None, run_after=None
[2025-01-12T00:43:37.100+0000] {processor.py:183} INFO - Processing /home/airflow/.local/lib/python3.8/site-packages/airflow/example_dags/example_complex.py took 0.511 seconds
[2025-01-12T00:44:07.474+0000] {processor.py:161} INFO - Started process (PID=368) to work on /home/airflow/.local/lib/python3.8/site-packages/airflow/example_dags/example_complex.py
[2025-01-12T00:44:07.475+0000] {processor.py:830} INFO - Processing file /home/airflow/.local/lib/python3.8/site-packages/airflow/example_dags/example_complex.py for tasks to queue
[2025-01-12T00:44:07.478+0000] {logging_mixin.py:188} INFO - [2025-01-12T00:44:07.477+0000] {dagbag.py:538} INFO - Filling up the DagBag from /home/airflow/.local/lib/python3.8/site-packages/airflow/example_dags/example_complex.py
[2025-01-12T00:44:07.492+0000] {processor.py:840} INFO - DAG(s) 'example_complex' retrieved from /home/airflow/.local/lib/python3.8/site-packages/airflow/example_dags/example_complex.py
[2025-01-12T00:44:07.675+0000] {logging_mixin.py:188} INFO - [2025-01-12T00:44:07.675+0000] {dag.py:3036} INFO - Sync 1 DAGs
[2025-01-12T00:44:07.713+0000] {logging_mixin.py:188} INFO - [2025-01-12T00:44:07.712+0000] {dag.py:3823} INFO - Setting next_dagrun for example_complex to None, run_after=None
[2025-01-12T00:44:07.779+0000] {processor.py:183} INFO - Processing /home/airflow/.local/lib/python3.8/site-packages/airflow/example_dags/example_complex.py took 0.309 seconds
[2025-01-12T00:44:39.697+0000] {processor.py:161} INFO - Started process (PID=424) to work on /home/airflow/.local/lib/python3.8/site-packages/airflow/example_dags/example_complex.py
[2025-01-12T00:44:39.707+0000] {processor.py:830} INFO - Processing file /home/airflow/.local/lib/python3.8/site-packages/airflow/example_dags/example_complex.py for tasks to queue
[2025-01-12T00:44:39.739+0000] {logging_mixin.py:188} INFO - [2025-01-12T00:44:39.738+0000] {dagbag.py:538} INFO - Filling up the DagBag from /home/airflow/.local/lib/python3.8/site-packages/airflow/example_dags/example_complex.py
[2025-01-12T00:44:39.936+0000] {processor.py:840} INFO - DAG(s) 'example_complex' retrieved from /home/airflow/.local/lib/python3.8/site-packages/airflow/example_dags/example_complex.py
[2025-01-12T00:44:40.387+0000] {logging_mixin.py:188} INFO - [2025-01-12T00:44:40.386+0000] {dag.py:3036} INFO - Sync 1 DAGs
[2025-01-12T00:44:40.522+0000] {logging_mixin.py:188} INFO - [2025-01-12T00:44:40.521+0000] {dag.py:3823} INFO - Setting next_dagrun for example_complex to None, run_after=None
[2025-01-12T00:44:40.654+0000] {processor.py:183} INFO - Processing /home/airflow/.local/lib/python3.8/site-packages/airflow/example_dags/example_complex.py took 1.034 seconds
[2025-01-12T00:45:10.855+0000] {processor.py:161} INFO - Started process (PID=480) to work on /home/airflow/.local/lib/python3.8/site-packages/airflow/example_dags/example_complex.py
[2025-01-12T00:45:10.857+0000] {processor.py:830} INFO - Processing file /home/airflow/.local/lib/python3.8/site-packages/airflow/example_dags/example_complex.py for tasks to queue
[2025-01-12T00:45:10.860+0000] {logging_mixin.py:188} INFO - [2025-01-12T00:45:10.860+0000] {dagbag.py:538} INFO - Filling up the DagBag from /home/airflow/.local/lib/python3.8/site-packages/airflow/example_dags/example_complex.py
[2025-01-12T00:45:10.880+0000] {processor.py:840} INFO - DAG(s) 'example_complex' retrieved from /home/airflow/.local/lib/python3.8/site-packages/airflow/example_dags/example_complex.py
[2025-01-12T00:45:10.943+0000] {logging_mixin.py:188} INFO - [2025-01-12T00:45:10.942+0000] {dag.py:3036} INFO - Sync 1 DAGs
[2025-01-12T00:45:10.963+0000] {logging_mixin.py:188} INFO - [2025-01-12T00:45:10.962+0000] {dag.py:3823} INFO - Setting next_dagrun for example_complex to None, run_after=None
[2025-01-12T00:45:10.996+0000] {processor.py:183} INFO - Processing /home/airflow/.local/lib/python3.8/site-packages/airflow/example_dags/example_complex.py took 0.147 seconds
[2025-01-12T00:45:41.209+0000] {processor.py:161} INFO - Started process (PID=537) to work on /home/airflow/.local/lib/python3.8/site-packages/airflow/example_dags/example_complex.py
[2025-01-12T00:45:41.211+0000] {processor.py:830} INFO - Processing file /home/airflow/.local/lib/python3.8/site-packages/airflow/example_dags/example_complex.py for tasks to queue
[2025-01-12T00:45:41.213+0000] {logging_mixin.py:188} INFO - [2025-01-12T00:45:41.212+0000] {dagbag.py:538} INFO - Filling up the DagBag from /home/airflow/.local/lib/python3.8/site-packages/airflow/example_dags/example_complex.py
[2025-01-12T00:45:41.229+0000] {processor.py:840} INFO - DAG(s) 'example_complex' retrieved from /home/airflow/.local/lib/python3.8/site-packages/airflow/example_dags/example_complex.py
[2025-01-12T00:45:41.270+0000] {logging_mixin.py:188} INFO - [2025-01-12T00:45:41.270+0000] {dag.py:3036} INFO - Sync 1 DAGs
[2025-01-12T00:45:41.288+0000] {logging_mixin.py:188} INFO - [2025-01-12T00:45:41.287+0000] {dag.py:3823} INFO - Setting next_dagrun for example_complex to None, run_after=None
[2025-01-12T00:45:41.332+0000] {processor.py:183} INFO - Processing /home/airflow/.local/lib/python3.8/site-packages/airflow/example_dags/example_complex.py took 0.126 seconds
[2025-01-12T00:46:11.585+0000] {processor.py:161} INFO - Started process (PID=593) to work on /home/airflow/.local/lib/python3.8/site-packages/airflow/example_dags/example_complex.py
[2025-01-12T00:46:11.586+0000] {processor.py:830} INFO - Processing file /home/airflow/.local/lib/python3.8/site-packages/airflow/example_dags/example_complex.py for tasks to queue
[2025-01-12T00:46:11.589+0000] {logging_mixin.py:188} INFO - [2025-01-12T00:46:11.588+0000] {dagbag.py:538} INFO - Filling up the DagBag from /home/airflow/.local/lib/python3.8/site-packages/airflow/example_dags/example_complex.py
[2025-01-12T00:46:11.605+0000] {processor.py:840} INFO - DAG(s) 'example_complex' retrieved from /home/airflow/.local/lib/python3.8/site-packages/airflow/example_dags/example_complex.py
[2025-01-12T00:46:11.661+0000] {logging_mixin.py:188} INFO - [2025-01-12T00:46:11.661+0000] {dag.py:3036} INFO - Sync 1 DAGs
[2025-01-12T00:46:11.679+0000] {logging_mixin.py:188} INFO - [2025-01-12T00:46:11.678+0000] {dag.py:3823} INFO - Setting next_dagrun for example_complex to None, run_after=None
[2025-01-12T00:46:11.719+0000] {processor.py:183} INFO - Processing /home/airflow/.local/lib/python3.8/site-packages/airflow/example_dags/example_complex.py took 0.139 seconds
[2025-01-12T00:46:42.537+0000] {processor.py:161} INFO - Started process (PID=649) to work on /home/airflow/.local/lib/python3.8/site-packages/airflow/example_dags/example_complex.py
[2025-01-12T00:46:42.539+0000] {processor.py:830} INFO - Processing file /home/airflow/.local/lib/python3.8/site-packages/airflow/example_dags/example_complex.py for tasks to queue
[2025-01-12T00:46:42.543+0000] {logging_mixin.py:188} INFO - [2025-01-12T00:46:42.542+0000] {dagbag.py:538} INFO - Filling up the DagBag from /home/airflow/.local/lib/python3.8/site-packages/airflow/example_dags/example_complex.py
[2025-01-12T00:46:42.568+0000] {processor.py:840} INFO - DAG(s) 'example_complex' retrieved from /home/airflow/.local/lib/python3.8/site-packages/airflow/example_dags/example_complex.py
[2025-01-12T00:46:42.648+0000] {logging_mixin.py:188} INFO - [2025-01-12T00:46:42.648+0000] {dag.py:3036} INFO - Sync 1 DAGs
[2025-01-12T00:46:42.678+0000] {logging_mixin.py:188} INFO - [2025-01-12T00:46:42.677+0000] {dag.py:3823} INFO - Setting next_dagrun for example_complex to None, run_after=None
[2025-01-12T00:46:42.728+0000] {processor.py:183} INFO - Processing /home/airflow/.local/lib/python3.8/site-packages/airflow/example_dags/example_complex.py took 0.197 seconds
[2025-01-12T00:47:13.057+0000] {processor.py:161} INFO - Started process (PID=706) to work on /home/airflow/.local/lib/python3.8/site-packages/airflow/example_dags/example_complex.py
[2025-01-12T00:47:13.066+0000] {processor.py:830} INFO - Processing file /home/airflow/.local/lib/python3.8/site-packages/airflow/example_dags/example_complex.py for tasks to queue
[2025-01-12T00:47:13.071+0000] {logging_mixin.py:188} INFO - [2025-01-12T00:47:13.070+0000] {dagbag.py:538} INFO - Filling up the DagBag from /home/airflow/.local/lib/python3.8/site-packages/airflow/example_dags/example_complex.py
[2025-01-12T00:47:13.144+0000] {processor.py:840} INFO - DAG(s) 'example_complex' retrieved from /home/airflow/.local/lib/python3.8/site-packages/airflow/example_dags/example_complex.py
[2025-01-12T00:47:13.326+0000] {logging_mixin.py:188} INFO - [2025-01-12T00:47:13.325+0000] {dag.py:3036} INFO - Sync 1 DAGs
[2025-01-12T00:47:13.380+0000] {logging_mixin.py:188} INFO - [2025-01-12T00:47:13.380+0000] {dag.py:3823} INFO - Setting next_dagrun for example_complex to None, run_after=None
[2025-01-12T00:47:13.470+0000] {processor.py:183} INFO - Processing /home/airflow/.local/lib/python3.8/site-packages/airflow/example_dags/example_complex.py took 0.431 seconds
[2025-01-12T00:47:43.616+0000] {processor.py:161} INFO - Started process (PID=761) to work on /home/airflow/.local/lib/python3.8/site-packages/airflow/example_dags/example_complex.py
[2025-01-12T00:47:43.622+0000] {processor.py:830} INFO - Processing file /home/airflow/.local/lib/python3.8/site-packages/airflow/example_dags/example_complex.py for tasks to queue
[2025-01-12T00:47:43.628+0000] {logging_mixin.py:188} INFO - [2025-01-12T00:47:43.627+0000] {dagbag.py:538} INFO - Filling up the DagBag from /home/airflow/.local/lib/python3.8/site-packages/airflow/example_dags/example_complex.py
[2025-01-12T00:47:43.687+0000] {processor.py:840} INFO - DAG(s) 'example_complex' retrieved from /home/airflow/.local/lib/python3.8/site-packages/airflow/example_dags/example_complex.py
[2025-01-12T00:47:43.789+0000] {logging_mixin.py:188} INFO - [2025-01-12T00:47:43.789+0000] {dag.py:3036} INFO - Sync 1 DAGs
[2025-01-12T00:47:43.833+0000] {logging_mixin.py:188} INFO - [2025-01-12T00:47:43.833+0000] {dag.py:3823} INFO - Setting next_dagrun for example_complex to None, run_after=None
[2025-01-12T00:47:43.891+0000] {processor.py:183} INFO - Processing /home/airflow/.local/lib/python3.8/site-packages/airflow/example_dags/example_complex.py took 0.286 seconds
[2025-01-12T00:48:14.485+0000] {processor.py:161} INFO - Started process (PID=817) to work on /home/airflow/.local/lib/python3.8/site-packages/airflow/example_dags/example_complex.py
[2025-01-12T00:48:14.488+0000] {processor.py:830} INFO - Processing file /home/airflow/.local/lib/python3.8/site-packages/airflow/example_dags/example_complex.py for tasks to queue
[2025-01-12T00:48:14.495+0000] {logging_mixin.py:188} INFO - [2025-01-12T00:48:14.493+0000] {dagbag.py:538} INFO - Filling up the DagBag from /home/airflow/.local/lib/python3.8/site-packages/airflow/example_dags/example_complex.py
[2025-01-12T00:48:14.533+0000] {processor.py:840} INFO - DAG(s) 'example_complex' retrieved from /home/airflow/.local/lib/python3.8/site-packages/airflow/example_dags/example_complex.py
[2025-01-12T00:48:14.607+0000] {logging_mixin.py:188} INFO - [2025-01-12T00:48:14.607+0000] {dag.py:3036} INFO - Sync 1 DAGs
[2025-01-12T00:48:14.640+0000] {logging_mixin.py:188} INFO - [2025-01-12T00:48:14.640+0000] {dag.py:3823} INFO - Setting next_dagrun for example_complex to None, run_after=None
[2025-01-12T00:48:14.699+0000] {processor.py:183} INFO - Processing /home/airflow/.local/lib/python3.8/site-packages/airflow/example_dags/example_complex.py took 0.225 seconds
[2025-01-12T00:48:47.010+0000] {processor.py:161} INFO - Started process (PID=874) to work on /home/airflow/.local/lib/python3.8/site-packages/airflow/example_dags/example_complex.py
[2025-01-12T00:48:47.017+0000] {processor.py:830} INFO - Processing file /home/airflow/.local/lib/python3.8/site-packages/airflow/example_dags/example_complex.py for tasks to queue
[2025-01-12T00:48:47.028+0000] {logging_mixin.py:188} INFO - [2025-01-12T00:48:47.027+0000] {dagbag.py:538} INFO - Filling up the DagBag from /home/airflow/.local/lib/python3.8/site-packages/airflow/example_dags/example_complex.py
[2025-01-12T00:48:47.099+0000] {processor.py:840} INFO - DAG(s) 'example_complex' retrieved from /home/airflow/.local/lib/python3.8/site-packages/airflow/example_dags/example_complex.py
[2025-01-12T00:48:47.352+0000] {logging_mixin.py:188} INFO - [2025-01-12T00:48:47.351+0000] {dag.py:3036} INFO - Sync 1 DAGs
[2025-01-12T00:48:47.463+0000] {logging_mixin.py:188} INFO - [2025-01-12T00:48:47.463+0000] {dag.py:3823} INFO - Setting next_dagrun for example_complex to None, run_after=None
[2025-01-12T00:48:47.578+0000] {processor.py:183} INFO - Processing /home/airflow/.local/lib/python3.8/site-packages/airflow/example_dags/example_complex.py took 0.588 seconds
[2025-01-12T00:49:18.151+0000] {processor.py:161} INFO - Started process (PID=930) to work on /home/airflow/.local/lib/python3.8/site-packages/airflow/example_dags/example_complex.py
[2025-01-12T00:49:18.165+0000] {processor.py:830} INFO - Processing file /home/airflow/.local/lib/python3.8/site-packages/airflow/example_dags/example_complex.py for tasks to queue
[2025-01-12T00:49:18.172+0000] {logging_mixin.py:188} INFO - [2025-01-12T00:49:18.171+0000] {dagbag.py:538} INFO - Filling up the DagBag from /home/airflow/.local/lib/python3.8/site-packages/airflow/example_dags/example_complex.py
[2025-01-12T00:49:18.240+0000] {processor.py:840} INFO - DAG(s) 'example_complex' retrieved from /home/airflow/.local/lib/python3.8/site-packages/airflow/example_dags/example_complex.py
[2025-01-12T00:49:18.389+0000] {logging_mixin.py:188} INFO - [2025-01-12T00:49:18.389+0000] {dag.py:3036} INFO - Sync 1 DAGs
[2025-01-12T00:49:18.440+0000] {logging_mixin.py:188} INFO - [2025-01-12T00:49:18.439+0000] {dag.py:3823} INFO - Setting next_dagrun for example_complex to None, run_after=None
[2025-01-12T00:49:18.516+0000] {processor.py:183} INFO - Processing /home/airflow/.local/lib/python3.8/site-packages/airflow/example_dags/example_complex.py took 0.374 seconds
[2025-01-12T00:49:48.679+0000] {processor.py:161} INFO - Started process (PID=986) to work on /home/airflow/.local/lib/python3.8/site-packages/airflow/example_dags/example_complex.py
[2025-01-12T00:49:48.681+0000] {processor.py:830} INFO - Processing file /home/airflow/.local/lib/python3.8/site-packages/airflow/example_dags/example_complex.py for tasks to queue
[2025-01-12T00:49:48.685+0000] {logging_mixin.py:188} INFO - [2025-01-12T00:49:48.684+0000] {dagbag.py:538} INFO - Filling up the DagBag from /home/airflow/.local/lib/python3.8/site-packages/airflow/example_dags/example_complex.py
[2025-01-12T00:49:48.715+0000] {processor.py:840} INFO - DAG(s) 'example_complex' retrieved from /home/airflow/.local/lib/python3.8/site-packages/airflow/example_dags/example_complex.py
[2025-01-12T00:49:48.786+0000] {logging_mixin.py:188} INFO - [2025-01-12T00:49:48.784+0000] {dag.py:3036} INFO - Sync 1 DAGs
[2025-01-12T00:49:48.814+0000] {logging_mixin.py:188} INFO - [2025-01-12T00:49:48.813+0000] {dag.py:3823} INFO - Setting next_dagrun for example_complex to None, run_after=None
[2025-01-12T00:49:48.878+0000] {processor.py:183} INFO - Processing /home/airflow/.local/lib/python3.8/site-packages/airflow/example_dags/example_complex.py took 0.208 seconds
[2025-01-12T00:50:29.691+0000] {processor.py:161} INFO - Started process (PID=1042) to work on /home/airflow/.local/lib/python3.8/site-packages/airflow/example_dags/example_complex.py
[2025-01-12T00:50:29.720+0000] {processor.py:830} INFO - Processing file /home/airflow/.local/lib/python3.8/site-packages/airflow/example_dags/example_complex.py for tasks to queue
[2025-01-12T00:50:29.740+0000] {logging_mixin.py:188} INFO - [2025-01-12T00:50:29.739+0000] {dagbag.py:538} INFO - Filling up the DagBag from /home/airflow/.local/lib/python3.8/site-packages/airflow/example_dags/example_complex.py
[2025-01-12T00:50:29.861+0000] {processor.py:840} INFO - DAG(s) 'example_complex' retrieved from /home/airflow/.local/lib/python3.8/site-packages/airflow/example_dags/example_complex.py
[2025-01-12T00:50:30.080+0000] {logging_mixin.py:188} INFO - [2025-01-12T00:50:30.079+0000] {dag.py:3036} INFO - Sync 1 DAGs
[2025-01-12T00:50:30.161+0000] {logging_mixin.py:188} INFO - [2025-01-12T00:50:30.159+0000] {dag.py:3823} INFO - Setting next_dagrun for example_complex to None, run_after=None
[2025-01-12T00:50:30.350+0000] {processor.py:183} INFO - Processing /home/airflow/.local/lib/python3.8/site-packages/airflow/example_dags/example_complex.py took 0.684 seconds
[2025-01-12T00:51:00.554+0000] {processor.py:161} INFO - Started process (PID=1097) to work on /home/airflow/.local/lib/python3.8/site-packages/airflow/example_dags/example_complex.py
[2025-01-12T00:51:00.557+0000] {processor.py:830} INFO - Processing file /home/airflow/.local/lib/python3.8/site-packages/airflow/example_dags/example_complex.py for tasks to queue
[2025-01-12T00:51:00.570+0000] {logging_mixin.py:188} INFO - [2025-01-12T00:51:00.569+0000] {dagbag.py:538} INFO - Filling up the DagBag from /home/airflow/.local/lib/python3.8/site-packages/airflow/example_dags/example_complex.py
[2025-01-12T00:51:00.615+0000] {processor.py:840} INFO - DAG(s) 'example_complex' retrieved from /home/airflow/.local/lib/python3.8/site-packages/airflow/example_dags/example_complex.py
[2025-01-12T00:51:00.705+0000] {logging_mixin.py:188} INFO - [2025-01-12T00:51:00.704+0000] {dag.py:3036} INFO - Sync 1 DAGs
[2025-01-12T00:51:00.741+0000] {logging_mixin.py:188} INFO - [2025-01-12T00:51:00.740+0000] {dag.py:3823} INFO - Setting next_dagrun for example_complex to None, run_after=None
[2025-01-12T00:51:00.823+0000] {processor.py:183} INFO - Processing /home/airflow/.local/lib/python3.8/site-packages/airflow/example_dags/example_complex.py took 0.285 seconds
[2025-01-12T00:51:30.921+0000] {processor.py:161} INFO - Started process (PID=1160) to work on /home/airflow/.local/lib/python3.8/site-packages/airflow/example_dags/example_complex.py
[2025-01-12T00:51:30.924+0000] {processor.py:830} INFO - Processing file /home/airflow/.local/lib/python3.8/site-packages/airflow/example_dags/example_complex.py for tasks to queue
[2025-01-12T00:51:30.934+0000] {logging_mixin.py:188} INFO - [2025-01-12T00:51:30.933+0000] {dagbag.py:538} INFO - Filling up the DagBag from /home/airflow/.local/lib/python3.8/site-packages/airflow/example_dags/example_complex.py
[2025-01-12T00:51:30.969+0000] {processor.py:840} INFO - DAG(s) 'example_complex' retrieved from /home/airflow/.local/lib/python3.8/site-packages/airflow/example_dags/example_complex.py
[2025-01-12T00:51:31.070+0000] {logging_mixin.py:188} INFO - [2025-01-12T00:51:31.070+0000] {dag.py:3036} INFO - Sync 1 DAGs
[2025-01-12T00:51:31.112+0000] {logging_mixin.py:188} INFO - [2025-01-12T00:51:31.111+0000] {dag.py:3823} INFO - Setting next_dagrun for example_complex to None, run_after=None
[2025-01-12T00:51:31.197+0000] {processor.py:183} INFO - Processing /home/airflow/.local/lib/python3.8/site-packages/airflow/example_dags/example_complex.py took 0.286 seconds
[2025-01-12T00:52:01.581+0000] {processor.py:161} INFO - Started process (PID=1216) to work on /home/airflow/.local/lib/python3.8/site-packages/airflow/example_dags/example_complex.py
[2025-01-12T00:52:01.583+0000] {processor.py:830} INFO - Processing file /home/airflow/.local/lib/python3.8/site-packages/airflow/example_dags/example_complex.py for tasks to queue
[2025-01-12T00:52:01.585+0000] {logging_mixin.py:188} INFO - [2025-01-12T00:52:01.585+0000] {dagbag.py:538} INFO - Filling up the DagBag from /home/airflow/.local/lib/python3.8/site-packages/airflow/example_dags/example_complex.py
[2025-01-12T00:52:01.612+0000] {processor.py:840} INFO - DAG(s) 'example_complex' retrieved from /home/airflow/.local/lib/python3.8/site-packages/airflow/example_dags/example_complex.py
[2025-01-12T00:52:01.673+0000] {logging_mixin.py:188} INFO - [2025-01-12T00:52:01.672+0000] {dag.py:3036} INFO - Sync 1 DAGs
[2025-01-12T00:52:01.698+0000] {logging_mixin.py:188} INFO - [2025-01-12T00:52:01.698+0000] {dag.py:3823} INFO - Setting next_dagrun for example_complex to None, run_after=None
[2025-01-12T00:52:01.734+0000] {processor.py:183} INFO - Processing /home/airflow/.local/lib/python3.8/site-packages/airflow/example_dags/example_complex.py took 0.160 seconds
[2025-01-12T00:52:32.082+0000] {processor.py:161} INFO - Started process (PID=1271) to work on /home/airflow/.local/lib/python3.8/site-packages/airflow/example_dags/example_complex.py
[2025-01-12T00:52:32.084+0000] {processor.py:830} INFO - Processing file /home/airflow/.local/lib/python3.8/site-packages/airflow/example_dags/example_complex.py for tasks to queue
[2025-01-12T00:52:32.086+0000] {logging_mixin.py:188} INFO - [2025-01-12T00:52:32.086+0000] {dagbag.py:538} INFO - Filling up the DagBag from /home/airflow/.local/lib/python3.8/site-packages/airflow/example_dags/example_complex.py
[2025-01-12T00:52:32.114+0000] {processor.py:840} INFO - DAG(s) 'example_complex' retrieved from /home/airflow/.local/lib/python3.8/site-packages/airflow/example_dags/example_complex.py
[2025-01-12T00:52:32.177+0000] {logging_mixin.py:188} INFO - [2025-01-12T00:52:32.177+0000] {dag.py:3036} INFO - Sync 1 DAGs
[2025-01-12T00:52:32.198+0000] {logging_mixin.py:188} INFO - [2025-01-12T00:52:32.198+0000] {dag.py:3823} INFO - Setting next_dagrun for example_complex to None, run_after=None
[2025-01-12T00:52:32.230+0000] {processor.py:183} INFO - Processing /home/airflow/.local/lib/python3.8/site-packages/airflow/example_dags/example_complex.py took 0.154 seconds
[2025-01-12T00:53:02.290+0000] {processor.py:161} INFO - Started process (PID=1326) to work on /home/airflow/.local/lib/python3.8/site-packages/airflow/example_dags/example_complex.py
[2025-01-12T00:53:02.292+0000] {processor.py:830} INFO - Processing file /home/airflow/.local/lib/python3.8/site-packages/airflow/example_dags/example_complex.py for tasks to queue
[2025-01-12T00:53:02.295+0000] {logging_mixin.py:188} INFO - [2025-01-12T00:53:02.294+0000] {dagbag.py:538} INFO - Filling up the DagBag from /home/airflow/.local/lib/python3.8/site-packages/airflow/example_dags/example_complex.py
[2025-01-12T00:53:02.340+0000] {processor.py:840} INFO - DAG(s) 'example_complex' retrieved from /home/airflow/.local/lib/python3.8/site-packages/airflow/example_dags/example_complex.py
[2025-01-12T00:53:02.477+0000] {logging_mixin.py:188} INFO - [2025-01-12T00:53:02.476+0000] {dag.py:3036} INFO - Sync 1 DAGs
[2025-01-12T00:53:02.549+0000] {logging_mixin.py:188} INFO - [2025-01-12T00:53:02.542+0000] {dag.py:3823} INFO - Setting next_dagrun for example_complex to None, run_after=None
[2025-01-12T00:53:02.640+0000] {processor.py:183} INFO - Processing /home/airflow/.local/lib/python3.8/site-packages/airflow/example_dags/example_complex.py took 0.358 seconds
[2025-01-12T00:53:32.917+0000] {processor.py:161} INFO - Started process (PID=1382) to work on /home/airflow/.local/lib/python3.8/site-packages/airflow/example_dags/example_complex.py
[2025-01-12T00:53:32.921+0000] {processor.py:830} INFO - Processing file /home/airflow/.local/lib/python3.8/site-packages/airflow/example_dags/example_complex.py for tasks to queue
[2025-01-12T00:53:32.924+0000] {logging_mixin.py:188} INFO - [2025-01-12T00:53:32.923+0000] {dagbag.py:538} INFO - Filling up the DagBag from /home/airflow/.local/lib/python3.8/site-packages/airflow/example_dags/example_complex.py
[2025-01-12T00:53:32.970+0000] {processor.py:840} INFO - DAG(s) 'example_complex' retrieved from /home/airflow/.local/lib/python3.8/site-packages/airflow/example_dags/example_complex.py
[2025-01-12T00:53:33.101+0000] {logging_mixin.py:188} INFO - [2025-01-12T00:53:33.100+0000] {dag.py:3036} INFO - Sync 1 DAGs
[2025-01-12T00:53:33.183+0000] {logging_mixin.py:188} INFO - [2025-01-12T00:53:33.182+0000] {dag.py:3823} INFO - Setting next_dagrun for example_complex to None, run_after=None
[2025-01-12T00:53:33.261+0000] {processor.py:183} INFO - Processing /home/airflow/.local/lib/python3.8/site-packages/airflow/example_dags/example_complex.py took 0.355 seconds
[2025-01-12T00:54:03.747+0000] {processor.py:161} INFO - Started process (PID=1442) to work on /home/airflow/.local/lib/python3.8/site-packages/airflow/example_dags/example_complex.py
[2025-01-12T00:54:03.759+0000] {processor.py:830} INFO - Processing file /home/airflow/.local/lib/python3.8/site-packages/airflow/example_dags/example_complex.py for tasks to queue
[2025-01-12T00:54:03.764+0000] {logging_mixin.py:188} INFO - [2025-01-12T00:54:03.764+0000] {dagbag.py:538} INFO - Filling up the DagBag from /home/airflow/.local/lib/python3.8/site-packages/airflow/example_dags/example_complex.py
[2025-01-12T00:54:03.853+0000] {processor.py:840} INFO - DAG(s) 'example_complex' retrieved from /home/airflow/.local/lib/python3.8/site-packages/airflow/example_dags/example_complex.py
[2025-01-12T00:54:04.067+0000] {logging_mixin.py:188} INFO - [2025-01-12T00:54:04.066+0000] {dag.py:3036} INFO - Sync 1 DAGs
[2025-01-12T00:54:04.125+0000] {logging_mixin.py:188} INFO - [2025-01-12T00:54:04.125+0000] {dag.py:3823} INFO - Setting next_dagrun for example_complex to None, run_after=None
[2025-01-12T00:54:04.241+0000] {processor.py:183} INFO - Processing /home/airflow/.local/lib/python3.8/site-packages/airflow/example_dags/example_complex.py took 0.527 seconds
[2025-01-12T00:54:34.985+0000] {processor.py:161} INFO - Started process (PID=1498) to work on /home/airflow/.local/lib/python3.8/site-packages/airflow/example_dags/example_complex.py
[2025-01-12T00:54:34.987+0000] {processor.py:830} INFO - Processing file /home/airflow/.local/lib/python3.8/site-packages/airflow/example_dags/example_complex.py for tasks to queue
[2025-01-12T00:54:34.989+0000] {logging_mixin.py:188} INFO - [2025-01-12T00:54:34.989+0000] {dagbag.py:538} INFO - Filling up the DagBag from /home/airflow/.local/lib/python3.8/site-packages/airflow/example_dags/example_complex.py
[2025-01-12T00:54:35.028+0000] {processor.py:840} INFO - DAG(s) 'example_complex' retrieved from /home/airflow/.local/lib/python3.8/site-packages/airflow/example_dags/example_complex.py
[2025-01-12T00:54:35.128+0000] {logging_mixin.py:188} INFO - [2025-01-12T00:54:35.127+0000] {dag.py:3036} INFO - Sync 1 DAGs
[2025-01-12T00:54:35.164+0000] {logging_mixin.py:188} INFO - [2025-01-12T00:54:35.164+0000] {dag.py:3823} INFO - Setting next_dagrun for example_complex to None, run_after=None
[2025-01-12T00:54:35.227+0000] {processor.py:183} INFO - Processing /home/airflow/.local/lib/python3.8/site-packages/airflow/example_dags/example_complex.py took 0.253 seconds
[2025-01-12T00:55:06.196+0000] {processor.py:161} INFO - Started process (PID=1554) to work on /home/airflow/.local/lib/python3.8/site-packages/airflow/example_dags/example_complex.py
[2025-01-12T00:55:06.199+0000] {processor.py:830} INFO - Processing file /home/airflow/.local/lib/python3.8/site-packages/airflow/example_dags/example_complex.py for tasks to queue
[2025-01-12T00:55:06.201+0000] {logging_mixin.py:188} INFO - [2025-01-12T00:55:06.200+0000] {dagbag.py:538} INFO - Filling up the DagBag from /home/airflow/.local/lib/python3.8/site-packages/airflow/example_dags/example_complex.py
[2025-01-12T00:55:06.229+0000] {processor.py:840} INFO - DAG(s) 'example_complex' retrieved from /home/airflow/.local/lib/python3.8/site-packages/airflow/example_dags/example_complex.py
[2025-01-12T00:55:06.340+0000] {logging_mixin.py:188} INFO - [2025-01-12T00:55:06.340+0000] {dag.py:3036} INFO - Sync 1 DAGs
[2025-01-12T00:55:06.396+0000] {logging_mixin.py:188} INFO - [2025-01-12T00:55:06.395+0000] {dag.py:3823} INFO - Setting next_dagrun for example_complex to None, run_after=None
[2025-01-12T00:55:06.446+0000] {processor.py:183} INFO - Processing /home/airflow/.local/lib/python3.8/site-packages/airflow/example_dags/example_complex.py took 0.258 seconds
[2025-01-12T00:55:36.662+0000] {processor.py:161} INFO - Started process (PID=1609) to work on /home/airflow/.local/lib/python3.8/site-packages/airflow/example_dags/example_complex.py
[2025-01-12T00:55:36.665+0000] {processor.py:830} INFO - Processing file /home/airflow/.local/lib/python3.8/site-packages/airflow/example_dags/example_complex.py for tasks to queue
[2025-01-12T00:55:36.681+0000] {logging_mixin.py:188} INFO - [2025-01-12T00:55:36.681+0000] {dagbag.py:538} INFO - Filling up the DagBag from /home/airflow/.local/lib/python3.8/site-packages/airflow/example_dags/example_complex.py
[2025-01-12T00:55:36.741+0000] {processor.py:840} INFO - DAG(s) 'example_complex' retrieved from /home/airflow/.local/lib/python3.8/site-packages/airflow/example_dags/example_complex.py
[2025-01-12T00:55:36.910+0000] {logging_mixin.py:188} INFO - [2025-01-12T00:55:36.910+0000] {dag.py:3036} INFO - Sync 1 DAGs
[2025-01-12T00:55:36.945+0000] {logging_mixin.py:188} INFO - [2025-01-12T00:55:36.944+0000] {dag.py:3823} INFO - Setting next_dagrun for example_complex to None, run_after=None
[2025-01-12T00:55:36.996+0000] {processor.py:183} INFO - Processing /home/airflow/.local/lib/python3.8/site-packages/airflow/example_dags/example_complex.py took 0.354 seconds
[2025-01-12T00:56:07.237+0000] {processor.py:161} INFO - Started process (PID=1665) to work on /home/airflow/.local/lib/python3.8/site-packages/airflow/example_dags/example_complex.py
[2025-01-12T00:56:07.240+0000] {processor.py:830} INFO - Processing file /home/airflow/.local/lib/python3.8/site-packages/airflow/example_dags/example_complex.py for tasks to queue
[2025-01-12T00:56:07.242+0000] {logging_mixin.py:188} INFO - [2025-01-12T00:56:07.242+0000] {dagbag.py:538} INFO - Filling up the DagBag from /home/airflow/.local/lib/python3.8/site-packages/airflow/example_dags/example_complex.py
[2025-01-12T00:56:07.265+0000] {processor.py:840} INFO - DAG(s) 'example_complex' retrieved from /home/airflow/.local/lib/python3.8/site-packages/airflow/example_dags/example_complex.py
[2025-01-12T00:56:07.322+0000] {logging_mixin.py:188} INFO - [2025-01-12T00:56:07.322+0000] {dag.py:3036} INFO - Sync 1 DAGs
[2025-01-12T00:56:07.350+0000] {logging_mixin.py:188} INFO - [2025-01-12T00:56:07.349+0000] {dag.py:3823} INFO - Setting next_dagrun for example_complex to None, run_after=None
[2025-01-12T00:56:07.400+0000] {processor.py:183} INFO - Processing /home/airflow/.local/lib/python3.8/site-packages/airflow/example_dags/example_complex.py took 0.173 seconds
[2025-01-12T00:56:37.863+0000] {processor.py:161} INFO - Started process (PID=1722) to work on /home/airflow/.local/lib/python3.8/site-packages/airflow/example_dags/example_complex.py
[2025-01-12T00:56:37.865+0000] {processor.py:830} INFO - Processing file /home/airflow/.local/lib/python3.8/site-packages/airflow/example_dags/example_complex.py for tasks to queue
[2025-01-12T00:56:37.869+0000] {logging_mixin.py:188} INFO - [2025-01-12T00:56:37.868+0000] {dagbag.py:538} INFO - Filling up the DagBag from /home/airflow/.local/lib/python3.8/site-packages/airflow/example_dags/example_complex.py
[2025-01-12T00:56:37.910+0000] {processor.py:840} INFO - DAG(s) 'example_complex' retrieved from /home/airflow/.local/lib/python3.8/site-packages/airflow/example_dags/example_complex.py
[2025-01-12T00:56:38.010+0000] {logging_mixin.py:188} INFO - [2025-01-12T00:56:38.009+0000] {dag.py:3036} INFO - Sync 1 DAGs
[2025-01-12T00:56:38.046+0000] {logging_mixin.py:188} INFO - [2025-01-12T00:56:38.046+0000] {dag.py:3823} INFO - Setting next_dagrun for example_complex to None, run_after=None
[2025-01-12T00:56:38.088+0000] {processor.py:183} INFO - Processing /home/airflow/.local/lib/python3.8/site-packages/airflow/example_dags/example_complex.py took 0.234 seconds
[2025-01-12T00:57:08.465+0000] {processor.py:161} INFO - Started process (PID=1778) to work on /home/airflow/.local/lib/python3.8/site-packages/airflow/example_dags/example_complex.py
[2025-01-12T00:57:08.467+0000] {processor.py:830} INFO - Processing file /home/airflow/.local/lib/python3.8/site-packages/airflow/example_dags/example_complex.py for tasks to queue
[2025-01-12T00:57:08.469+0000] {logging_mixin.py:188} INFO - [2025-01-12T00:57:08.469+0000] {dagbag.py:538} INFO - Filling up the DagBag from /home/airflow/.local/lib/python3.8/site-packages/airflow/example_dags/example_complex.py
[2025-01-12T00:57:08.487+0000] {processor.py:840} INFO - DAG(s) 'example_complex' retrieved from /home/airflow/.local/lib/python3.8/site-packages/airflow/example_dags/example_complex.py
[2025-01-12T00:57:08.545+0000] {logging_mixin.py:188} INFO - [2025-01-12T00:57:08.544+0000] {dag.py:3036} INFO - Sync 1 DAGs
[2025-01-12T00:57:08.571+0000] {logging_mixin.py:188} INFO - [2025-01-12T00:57:08.571+0000] {dag.py:3823} INFO - Setting next_dagrun for example_complex to None, run_after=None
[2025-01-12T00:57:08.612+0000] {processor.py:183} INFO - Processing /home/airflow/.local/lib/python3.8/site-packages/airflow/example_dags/example_complex.py took 0.153 seconds
[2025-01-12T00:57:39.105+0000] {processor.py:161} INFO - Started process (PID=1839) to work on /home/airflow/.local/lib/python3.8/site-packages/airflow/example_dags/example_complex.py
[2025-01-12T00:57:39.107+0000] {processor.py:830} INFO - Processing file /home/airflow/.local/lib/python3.8/site-packages/airflow/example_dags/example_complex.py for tasks to queue
[2025-01-12T00:57:39.110+0000] {logging_mixin.py:188} INFO - [2025-01-12T00:57:39.109+0000] {dagbag.py:538} INFO - Filling up the DagBag from /home/airflow/.local/lib/python3.8/site-packages/airflow/example_dags/example_complex.py
[2025-01-12T00:57:39.157+0000] {processor.py:840} INFO - DAG(s) 'example_complex' retrieved from /home/airflow/.local/lib/python3.8/site-packages/airflow/example_dags/example_complex.py
[2025-01-12T00:57:39.259+0000] {logging_mixin.py:188} INFO - [2025-01-12T00:57:39.259+0000] {dag.py:3036} INFO - Sync 1 DAGs
[2025-01-12T00:57:39.327+0000] {logging_mixin.py:188} INFO - [2025-01-12T00:57:39.326+0000] {dag.py:3823} INFO - Setting next_dagrun for example_complex to None, run_after=None
[2025-01-12T00:57:39.442+0000] {processor.py:183} INFO - Processing /home/airflow/.local/lib/python3.8/site-packages/airflow/example_dags/example_complex.py took 0.343 seconds
[2025-01-12T00:58:09.903+0000] {processor.py:161} INFO - Started process (PID=1895) to work on /home/airflow/.local/lib/python3.8/site-packages/airflow/example_dags/example_complex.py
[2025-01-12T00:58:09.907+0000] {processor.py:830} INFO - Processing file /home/airflow/.local/lib/python3.8/site-packages/airflow/example_dags/example_complex.py for tasks to queue
[2025-01-12T00:58:09.912+0000] {logging_mixin.py:188} INFO - [2025-01-12T00:58:09.910+0000] {dagbag.py:538} INFO - Filling up the DagBag from /home/airflow/.local/lib/python3.8/site-packages/airflow/example_dags/example_complex.py
[2025-01-12T00:58:09.958+0000] {processor.py:840} INFO - DAG(s) 'example_complex' retrieved from /home/airflow/.local/lib/python3.8/site-packages/airflow/example_dags/example_complex.py
[2025-01-12T00:58:10.069+0000] {logging_mixin.py:188} INFO - [2025-01-12T00:58:10.069+0000] {dag.py:3036} INFO - Sync 1 DAGs
[2025-01-12T00:58:10.119+0000] {logging_mixin.py:188} INFO - [2025-01-12T00:58:10.118+0000] {dag.py:3823} INFO - Setting next_dagrun for example_complex to None, run_after=None
[2025-01-12T00:58:10.193+0000] {processor.py:183} INFO - Processing /home/airflow/.local/lib/python3.8/site-packages/airflow/example_dags/example_complex.py took 0.304 seconds
[2025-01-12T00:58:40.337+0000] {processor.py:161} INFO - Started process (PID=1950) to work on /home/airflow/.local/lib/python3.8/site-packages/airflow/example_dags/example_complex.py
[2025-01-12T00:58:40.340+0000] {processor.py:830} INFO - Processing file /home/airflow/.local/lib/python3.8/site-packages/airflow/example_dags/example_complex.py for tasks to queue
[2025-01-12T00:58:40.342+0000] {logging_mixin.py:188} INFO - [2025-01-12T00:58:40.341+0000] {dagbag.py:538} INFO - Filling up the DagBag from /home/airflow/.local/lib/python3.8/site-packages/airflow/example_dags/example_complex.py
[2025-01-12T00:58:40.364+0000] {processor.py:840} INFO - DAG(s) 'example_complex' retrieved from /home/airflow/.local/lib/python3.8/site-packages/airflow/example_dags/example_complex.py
[2025-01-12T00:58:40.432+0000] {logging_mixin.py:188} INFO - [2025-01-12T00:58:40.431+0000] {dag.py:3036} INFO - Sync 1 DAGs
[2025-01-12T00:58:40.459+0000] {logging_mixin.py:188} INFO - [2025-01-12T00:58:40.459+0000] {dag.py:3823} INFO - Setting next_dagrun for example_complex to None, run_after=None
[2025-01-12T00:58:40.500+0000] {processor.py:183} INFO - Processing /home/airflow/.local/lib/python3.8/site-packages/airflow/example_dags/example_complex.py took 0.169 seconds
[2025-01-12T00:59:10.820+0000] {processor.py:161} INFO - Started process (PID=2006) to work on /home/airflow/.local/lib/python3.8/site-packages/airflow/example_dags/example_complex.py
[2025-01-12T00:59:10.821+0000] {processor.py:830} INFO - Processing file /home/airflow/.local/lib/python3.8/site-packages/airflow/example_dags/example_complex.py for tasks to queue
[2025-01-12T00:59:10.823+0000] {logging_mixin.py:188} INFO - [2025-01-12T00:59:10.823+0000] {dagbag.py:538} INFO - Filling up the DagBag from /home/airflow/.local/lib/python3.8/site-packages/airflow/example_dags/example_complex.py
[2025-01-12T00:59:10.847+0000] {processor.py:840} INFO - DAG(s) 'example_complex' retrieved from /home/airflow/.local/lib/python3.8/site-packages/airflow/example_dags/example_complex.py
[2025-01-12T00:59:10.907+0000] {logging_mixin.py:188} INFO - [2025-01-12T00:59:10.906+0000] {dag.py:3036} INFO - Sync 1 DAGs
[2025-01-12T00:59:10.935+0000] {logging_mixin.py:188} INFO - [2025-01-12T00:59:10.935+0000] {dag.py:3823} INFO - Setting next_dagrun for example_complex to None, run_after=None
[2025-01-12T00:59:10.973+0000] {processor.py:183} INFO - Processing /home/airflow/.local/lib/python3.8/site-packages/airflow/example_dags/example_complex.py took 0.158 seconds
[2025-01-12T00:59:41.507+0000] {processor.py:161} INFO - Started process (PID=2063) to work on /home/airflow/.local/lib/python3.8/site-packages/airflow/example_dags/example_complex.py
[2025-01-12T00:59:41.508+0000] {processor.py:830} INFO - Processing file /home/airflow/.local/lib/python3.8/site-packages/airflow/example_dags/example_complex.py for tasks to queue
[2025-01-12T00:59:41.510+0000] {logging_mixin.py:188} INFO - [2025-01-12T00:59:41.510+0000] {dagbag.py:538} INFO - Filling up the DagBag from /home/airflow/.local/lib/python3.8/site-packages/airflow/example_dags/example_complex.py
[2025-01-12T00:59:41.534+0000] {processor.py:840} INFO - DAG(s) 'example_complex' retrieved from /home/airflow/.local/lib/python3.8/site-packages/airflow/example_dags/example_complex.py
[2025-01-12T00:59:41.600+0000] {logging_mixin.py:188} INFO - [2025-01-12T00:59:41.600+0000] {dag.py:3036} INFO - Sync 1 DAGs
[2025-01-12T00:59:41.627+0000] {logging_mixin.py:188} INFO - [2025-01-12T00:59:41.626+0000] {dag.py:3823} INFO - Setting next_dagrun for example_complex to None, run_after=None
[2025-01-12T00:59:41.672+0000] {processor.py:183} INFO - Processing /home/airflow/.local/lib/python3.8/site-packages/airflow/example_dags/example_complex.py took 0.171 seconds
[2025-01-12T01:00:13.377+0000] {processor.py:161} INFO - Started process (PID=2119) to work on /home/airflow/.local/lib/python3.8/site-packages/airflow/example_dags/example_complex.py
[2025-01-12T01:00:13.421+0000] {processor.py:830} INFO - Processing file /home/airflow/.local/lib/python3.8/site-packages/airflow/example_dags/example_complex.py for tasks to queue
[2025-01-12T01:00:13.432+0000] {logging_mixin.py:188} INFO - [2025-01-12T01:00:13.431+0000] {dagbag.py:538} INFO - Filling up the DagBag from /home/airflow/.local/lib/python3.8/site-packages/airflow/example_dags/example_complex.py
[2025-01-12T01:00:13.639+0000] {processor.py:840} INFO - DAG(s) 'example_complex' retrieved from /home/airflow/.local/lib/python3.8/site-packages/airflow/example_dags/example_complex.py
[2025-01-12T01:00:14.010+0000] {logging_mixin.py:188} INFO - [2025-01-12T01:00:14.010+0000] {dag.py:3036} INFO - Sync 1 DAGs
[2025-01-12T01:00:14.278+0000] {logging_mixin.py:188} INFO - [2025-01-12T01:00:14.277+0000] {dag.py:3823} INFO - Setting next_dagrun for example_complex to None, run_after=None
[2025-01-12T01:00:14.430+0000] {processor.py:183} INFO - Processing /home/airflow/.local/lib/python3.8/site-packages/airflow/example_dags/example_complex.py took 1.127 seconds
[2025-01-12T01:00:44.553+0000] {processor.py:161} INFO - Started process (PID=2175) to work on /home/airflow/.local/lib/python3.8/site-packages/airflow/example_dags/example_complex.py
[2025-01-12T01:00:44.555+0000] {processor.py:830} INFO - Processing file /home/airflow/.local/lib/python3.8/site-packages/airflow/example_dags/example_complex.py for tasks to queue
[2025-01-12T01:00:44.559+0000] {logging_mixin.py:188} INFO - [2025-01-12T01:00:44.558+0000] {dagbag.py:538} INFO - Filling up the DagBag from /home/airflow/.local/lib/python3.8/site-packages/airflow/example_dags/example_complex.py
[2025-01-12T01:00:44.621+0000] {processor.py:840} INFO - DAG(s) 'example_complex' retrieved from /home/airflow/.local/lib/python3.8/site-packages/airflow/example_dags/example_complex.py
[2025-01-12T01:00:44.701+0000] {logging_mixin.py:188} INFO - [2025-01-12T01:00:44.701+0000] {dag.py:3036} INFO - Sync 1 DAGs
[2025-01-12T01:00:44.730+0000] {logging_mixin.py:188} INFO - [2025-01-12T01:00:44.729+0000] {dag.py:3823} INFO - Setting next_dagrun for example_complex to None, run_after=None
[2025-01-12T01:00:44.787+0000] {processor.py:183} INFO - Processing /home/airflow/.local/lib/python3.8/site-packages/airflow/example_dags/example_complex.py took 0.244 seconds
[2025-01-12T01:01:15.688+0000] {processor.py:161} INFO - Started process (PID=2231) to work on /home/airflow/.local/lib/python3.8/site-packages/airflow/example_dags/example_complex.py
[2025-01-12T01:01:15.692+0000] {processor.py:830} INFO - Processing file /home/airflow/.local/lib/python3.8/site-packages/airflow/example_dags/example_complex.py for tasks to queue
[2025-01-12T01:01:15.697+0000] {logging_mixin.py:188} INFO - [2025-01-12T01:01:15.696+0000] {dagbag.py:538} INFO - Filling up the DagBag from /home/airflow/.local/lib/python3.8/site-packages/airflow/example_dags/example_complex.py
[2025-01-12T01:01:15.753+0000] {processor.py:840} INFO - DAG(s) 'example_complex' retrieved from /home/airflow/.local/lib/python3.8/site-packages/airflow/example_dags/example_complex.py
[2025-01-12T01:01:15.862+0000] {logging_mixin.py:188} INFO - [2025-01-12T01:01:15.861+0000] {dag.py:3036} INFO - Sync 1 DAGs
[2025-01-12T01:01:15.894+0000] {logging_mixin.py:188} INFO - [2025-01-12T01:01:15.894+0000] {dag.py:3823} INFO - Setting next_dagrun for example_complex to None, run_after=None
[2025-01-12T01:01:15.945+0000] {processor.py:183} INFO - Processing /home/airflow/.local/lib/python3.8/site-packages/airflow/example_dags/example_complex.py took 0.276 seconds
[2025-01-12T01:01:46.235+0000] {processor.py:161} INFO - Started process (PID=2287) to work on /home/airflow/.local/lib/python3.8/site-packages/airflow/example_dags/example_complex.py
[2025-01-12T01:01:46.237+0000] {processor.py:830} INFO - Processing file /home/airflow/.local/lib/python3.8/site-packages/airflow/example_dags/example_complex.py for tasks to queue
[2025-01-12T01:01:46.238+0000] {logging_mixin.py:188} INFO - [2025-01-12T01:01:46.238+0000] {dagbag.py:538} INFO - Filling up the DagBag from /home/airflow/.local/lib/python3.8/site-packages/airflow/example_dags/example_complex.py
[2025-01-12T01:01:46.265+0000] {processor.py:840} INFO - DAG(s) 'example_complex' retrieved from /home/airflow/.local/lib/python3.8/site-packages/airflow/example_dags/example_complex.py
[2025-01-12T01:01:46.380+0000] {logging_mixin.py:188} INFO - [2025-01-12T01:01:46.379+0000] {dag.py:3036} INFO - Sync 1 DAGs
[2025-01-12T01:01:46.447+0000] {logging_mixin.py:188} INFO - [2025-01-12T01:01:46.446+0000] {dag.py:3823} INFO - Setting next_dagrun for example_complex to None, run_after=None
[2025-01-12T01:01:46.502+0000] {processor.py:183} INFO - Processing /home/airflow/.local/lib/python3.8/site-packages/airflow/example_dags/example_complex.py took 0.272 seconds
[2025-01-12T01:02:17.585+0000] {processor.py:161} INFO - Started process (PID=2343) to work on /home/airflow/.local/lib/python3.8/site-packages/airflow/example_dags/example_complex.py
[2025-01-12T01:02:17.587+0000] {processor.py:830} INFO - Processing file /home/airflow/.local/lib/python3.8/site-packages/airflow/example_dags/example_complex.py for tasks to queue
[2025-01-12T01:02:17.590+0000] {logging_mixin.py:188} INFO - [2025-01-12T01:02:17.589+0000] {dagbag.py:538} INFO - Filling up the DagBag from /home/airflow/.local/lib/python3.8/site-packages/airflow/example_dags/example_complex.py
[2025-01-12T01:02:17.611+0000] {processor.py:840} INFO - DAG(s) 'example_complex' retrieved from /home/airflow/.local/lib/python3.8/site-packages/airflow/example_dags/example_complex.py
[2025-01-12T01:02:17.685+0000] {logging_mixin.py:188} INFO - [2025-01-12T01:02:17.684+0000] {dag.py:3036} INFO - Sync 1 DAGs
[2025-01-12T01:02:17.712+0000] {logging_mixin.py:188} INFO - [2025-01-12T01:02:17.712+0000] {dag.py:3823} INFO - Setting next_dagrun for example_complex to None, run_after=None
[2025-01-12T01:02:17.762+0000] {processor.py:183} INFO - Processing /home/airflow/.local/lib/python3.8/site-packages/airflow/example_dags/example_complex.py took 0.184 seconds
[2025-01-12T01:02:48.088+0000] {processor.py:161} INFO - Started process (PID=2399) to work on /home/airflow/.local/lib/python3.8/site-packages/airflow/example_dags/example_complex.py
[2025-01-12T01:02:48.091+0000] {processor.py:830} INFO - Processing file /home/airflow/.local/lib/python3.8/site-packages/airflow/example_dags/example_complex.py for tasks to queue
[2025-01-12T01:02:48.094+0000] {logging_mixin.py:188} INFO - [2025-01-12T01:02:48.093+0000] {dagbag.py:538} INFO - Filling up the DagBag from /home/airflow/.local/lib/python3.8/site-packages/airflow/example_dags/example_complex.py
[2025-01-12T01:02:48.112+0000] {processor.py:840} INFO - DAG(s) 'example_complex' retrieved from /home/airflow/.local/lib/python3.8/site-packages/airflow/example_dags/example_complex.py
[2025-01-12T01:02:48.161+0000] {logging_mixin.py:188} INFO - [2025-01-12T01:02:48.161+0000] {dag.py:3036} INFO - Sync 1 DAGs
[2025-01-12T01:02:48.180+0000] {logging_mixin.py:188} INFO - [2025-01-12T01:02:48.179+0000] {dag.py:3823} INFO - Setting next_dagrun for example_complex to None, run_after=None
[2025-01-12T01:02:48.209+0000] {processor.py:183} INFO - Processing /home/airflow/.local/lib/python3.8/site-packages/airflow/example_dags/example_complex.py took 0.128 seconds
[2025-01-12T01:03:21.027+0000] {processor.py:161} INFO - Started process (PID=2453) to work on /home/airflow/.local/lib/python3.8/site-packages/airflow/example_dags/example_complex.py
[2025-01-12T01:03:21.031+0000] {processor.py:830} INFO - Processing file /home/airflow/.local/lib/python3.8/site-packages/airflow/example_dags/example_complex.py for tasks to queue
[2025-01-12T01:03:21.035+0000] {logging_mixin.py:188} INFO - [2025-01-12T01:03:21.033+0000] {dagbag.py:538} INFO - Filling up the DagBag from /home/airflow/.local/lib/python3.8/site-packages/airflow/example_dags/example_complex.py
[2025-01-12T01:03:21.070+0000] {processor.py:840} INFO - DAG(s) 'example_complex' retrieved from /home/airflow/.local/lib/python3.8/site-packages/airflow/example_dags/example_complex.py
[2025-01-12T01:03:21.183+0000] {logging_mixin.py:188} INFO - [2025-01-12T01:03:21.182+0000] {dag.py:3036} INFO - Sync 1 DAGs
[2025-01-12T01:03:21.218+0000] {logging_mixin.py:188} INFO - [2025-01-12T01:03:21.218+0000] {dag.py:3823} INFO - Setting next_dagrun for example_complex to None, run_after=None
[2025-01-12T01:03:21.274+0000] {processor.py:183} INFO - Processing /home/airflow/.local/lib/python3.8/site-packages/airflow/example_dags/example_complex.py took 0.260 seconds
[2025-01-12T01:03:52.407+0000] {processor.py:161} INFO - Started process (PID=2509) to work on /home/airflow/.local/lib/python3.8/site-packages/airflow/example_dags/example_complex.py
[2025-01-12T01:03:52.414+0000] {processor.py:830} INFO - Processing file /home/airflow/.local/lib/python3.8/site-packages/airflow/example_dags/example_complex.py for tasks to queue
[2025-01-12T01:03:52.420+0000] {logging_mixin.py:188} INFO - [2025-01-12T01:03:52.418+0000] {dagbag.py:538} INFO - Filling up the DagBag from /home/airflow/.local/lib/python3.8/site-packages/airflow/example_dags/example_complex.py
[2025-01-12T01:03:52.462+0000] {processor.py:840} INFO - DAG(s) 'example_complex' retrieved from /home/airflow/.local/lib/python3.8/site-packages/airflow/example_dags/example_complex.py
[2025-01-12T01:03:53.077+0000] {logging_mixin.py:188} INFO - [2025-01-12T01:03:53.076+0000] {dag.py:3036} INFO - Sync 1 DAGs
[2025-01-12T01:03:53.146+0000] {logging_mixin.py:188} INFO - [2025-01-12T01:03:53.146+0000] {dag.py:3823} INFO - Setting next_dagrun for example_complex to None, run_after=None
[2025-01-12T01:03:53.222+0000] {processor.py:183} INFO - Processing /home/airflow/.local/lib/python3.8/site-packages/airflow/example_dags/example_complex.py took 0.825 seconds
[2025-01-12T01:04:23.892+0000] {processor.py:161} INFO - Started process (PID=2565) to work on /home/airflow/.local/lib/python3.8/site-packages/airflow/example_dags/example_complex.py
[2025-01-12T01:04:23.894+0000] {processor.py:830} INFO - Processing file /home/airflow/.local/lib/python3.8/site-packages/airflow/example_dags/example_complex.py for tasks to queue
[2025-01-12T01:04:23.896+0000] {logging_mixin.py:188} INFO - [2025-01-12T01:04:23.895+0000] {dagbag.py:538} INFO - Filling up the DagBag from /home/airflow/.local/lib/python3.8/site-packages/airflow/example_dags/example_complex.py
[2025-01-12T01:04:23.919+0000] {processor.py:840} INFO - DAG(s) 'example_complex' retrieved from /home/airflow/.local/lib/python3.8/site-packages/airflow/example_dags/example_complex.py
[2025-01-12T01:04:23.976+0000] {logging_mixin.py:188} INFO - [2025-01-12T01:04:23.975+0000] {dag.py:3036} INFO - Sync 1 DAGs
[2025-01-12T01:04:23.995+0000] {logging_mixin.py:188} INFO - [2025-01-12T01:04:23.995+0000] {dag.py:3823} INFO - Setting next_dagrun for example_complex to None, run_after=None
[2025-01-12T01:04:24.043+0000] {processor.py:183} INFO - Processing /home/airflow/.local/lib/python3.8/site-packages/airflow/example_dags/example_complex.py took 0.159 seconds
[2025-01-12T01:04:54.804+0000] {processor.py:161} INFO - Started process (PID=2621) to work on /home/airflow/.local/lib/python3.8/site-packages/airflow/example_dags/example_complex.py
[2025-01-12T01:04:54.823+0000] {processor.py:830} INFO - Processing file /home/airflow/.local/lib/python3.8/site-packages/airflow/example_dags/example_complex.py for tasks to queue
[2025-01-12T01:04:54.830+0000] {logging_mixin.py:188} INFO - [2025-01-12T01:04:54.829+0000] {dagbag.py:538} INFO - Filling up the DagBag from /home/airflow/.local/lib/python3.8/site-packages/airflow/example_dags/example_complex.py
[2025-01-12T01:04:54.919+0000] {processor.py:840} INFO - DAG(s) 'example_complex' retrieved from /home/airflow/.local/lib/python3.8/site-packages/airflow/example_dags/example_complex.py
[2025-01-12T01:04:55.053+0000] {logging_mixin.py:188} INFO - [2025-01-12T01:04:55.052+0000] {dag.py:3036} INFO - Sync 1 DAGs
[2025-01-12T01:04:55.097+0000] {logging_mixin.py:188} INFO - [2025-01-12T01:04:55.097+0000] {dag.py:3823} INFO - Setting next_dagrun for example_complex to None, run_after=None
[2025-01-12T01:04:55.178+0000] {processor.py:183} INFO - Processing /home/airflow/.local/lib/python3.8/site-packages/airflow/example_dags/example_complex.py took 0.400 seconds
[2025-01-12T01:05:25.310+0000] {processor.py:161} INFO - Started process (PID=2676) to work on /home/airflow/.local/lib/python3.8/site-packages/airflow/example_dags/example_complex.py
[2025-01-12T01:05:25.313+0000] {processor.py:830} INFO - Processing file /home/airflow/.local/lib/python3.8/site-packages/airflow/example_dags/example_complex.py for tasks to queue
[2025-01-12T01:05:25.315+0000] {logging_mixin.py:188} INFO - [2025-01-12T01:05:25.315+0000] {dagbag.py:538} INFO - Filling up the DagBag from /home/airflow/.local/lib/python3.8/site-packages/airflow/example_dags/example_complex.py
[2025-01-12T01:05:25.339+0000] {processor.py:840} INFO - DAG(s) 'example_complex' retrieved from /home/airflow/.local/lib/python3.8/site-packages/airflow/example_dags/example_complex.py
[2025-01-12T01:05:25.406+0000] {logging_mixin.py:188} INFO - [2025-01-12T01:05:25.405+0000] {dag.py:3036} INFO - Sync 1 DAGs
[2025-01-12T01:05:25.430+0000] {logging_mixin.py:188} INFO - [2025-01-12T01:05:25.429+0000] {dag.py:3823} INFO - Setting next_dagrun for example_complex to None, run_after=None
[2025-01-12T01:05:25.469+0000] {processor.py:183} INFO - Processing /home/airflow/.local/lib/python3.8/site-packages/airflow/example_dags/example_complex.py took 0.166 seconds
[2025-01-12T01:05:55.591+0000] {processor.py:161} INFO - Started process (PID=2732) to work on /home/airflow/.local/lib/python3.8/site-packages/airflow/example_dags/example_complex.py
[2025-01-12T01:05:55.594+0000] {processor.py:830} INFO - Processing file /home/airflow/.local/lib/python3.8/site-packages/airflow/example_dags/example_complex.py for tasks to queue
[2025-01-12T01:05:55.596+0000] {logging_mixin.py:188} INFO - [2025-01-12T01:05:55.595+0000] {dagbag.py:538} INFO - Filling up the DagBag from /home/airflow/.local/lib/python3.8/site-packages/airflow/example_dags/example_complex.py
[2025-01-12T01:05:55.642+0000] {processor.py:840} INFO - DAG(s) 'example_complex' retrieved from /home/airflow/.local/lib/python3.8/site-packages/airflow/example_dags/example_complex.py
[2025-01-12T01:05:55.764+0000] {logging_mixin.py:188} INFO - [2025-01-12T01:05:55.763+0000] {dag.py:3036} INFO - Sync 1 DAGs
[2025-01-12T01:05:55.794+0000] {logging_mixin.py:188} INFO - [2025-01-12T01:05:55.794+0000] {dag.py:3823} INFO - Setting next_dagrun for example_complex to None, run_after=None
[2025-01-12T01:05:55.831+0000] {processor.py:183} INFO - Processing /home/airflow/.local/lib/python3.8/site-packages/airflow/example_dags/example_complex.py took 0.250 seconds
[2025-01-12T01:06:26.531+0000] {processor.py:161} INFO - Started process (PID=2790) to work on /home/airflow/.local/lib/python3.8/site-packages/airflow/example_dags/example_complex.py
[2025-01-12T01:06:26.532+0000] {processor.py:830} INFO - Processing file /home/airflow/.local/lib/python3.8/site-packages/airflow/example_dags/example_complex.py for tasks to queue
[2025-01-12T01:06:26.534+0000] {logging_mixin.py:188} INFO - [2025-01-12T01:06:26.533+0000] {dagbag.py:538} INFO - Filling up the DagBag from /home/airflow/.local/lib/python3.8/site-packages/airflow/example_dags/example_complex.py
[2025-01-12T01:06:26.556+0000] {processor.py:840} INFO - DAG(s) 'example_complex' retrieved from /home/airflow/.local/lib/python3.8/site-packages/airflow/example_dags/example_complex.py
[2025-01-12T01:06:26.621+0000] {logging_mixin.py:188} INFO - [2025-01-12T01:06:26.621+0000] {dag.py:3036} INFO - Sync 1 DAGs
[2025-01-12T01:06:26.643+0000] {logging_mixin.py:188} INFO - [2025-01-12T01:06:26.642+0000] {dag.py:3823} INFO - Setting next_dagrun for example_complex to None, run_after=None
[2025-01-12T01:06:26.677+0000] {processor.py:183} INFO - Processing /home/airflow/.local/lib/python3.8/site-packages/airflow/example_dags/example_complex.py took 0.152 seconds
[2025-01-12T01:06:57.143+0000] {processor.py:161} INFO - Started process (PID=2846) to work on /home/airflow/.local/lib/python3.8/site-packages/airflow/example_dags/example_complex.py
[2025-01-12T01:06:57.145+0000] {processor.py:830} INFO - Processing file /home/airflow/.local/lib/python3.8/site-packages/airflow/example_dags/example_complex.py for tasks to queue
[2025-01-12T01:06:57.147+0000] {logging_mixin.py:188} INFO - [2025-01-12T01:06:57.147+0000] {dagbag.py:538} INFO - Filling up the DagBag from /home/airflow/.local/lib/python3.8/site-packages/airflow/example_dags/example_complex.py
[2025-01-12T01:06:57.184+0000] {processor.py:840} INFO - DAG(s) 'example_complex' retrieved from /home/airflow/.local/lib/python3.8/site-packages/airflow/example_dags/example_complex.py
[2025-01-12T01:06:57.282+0000] {logging_mixin.py:188} INFO - [2025-01-12T01:06:57.281+0000] {dag.py:3036} INFO - Sync 1 DAGs
[2025-01-12T01:06:57.315+0000] {logging_mixin.py:188} INFO - [2025-01-12T01:06:57.314+0000] {dag.py:3823} INFO - Setting next_dagrun for example_complex to None, run_after=None
[2025-01-12T01:06:57.368+0000] {processor.py:183} INFO - Processing /home/airflow/.local/lib/python3.8/site-packages/airflow/example_dags/example_complex.py took 0.232 seconds
[2025-01-12T01:07:27.914+0000] {processor.py:161} INFO - Started process (PID=2902) to work on /home/airflow/.local/lib/python3.8/site-packages/airflow/example_dags/example_complex.py
[2025-01-12T01:07:27.916+0000] {processor.py:830} INFO - Processing file /home/airflow/.local/lib/python3.8/site-packages/airflow/example_dags/example_complex.py for tasks to queue
[2025-01-12T01:07:27.917+0000] {logging_mixin.py:188} INFO - [2025-01-12T01:07:27.917+0000] {dagbag.py:538} INFO - Filling up the DagBag from /home/airflow/.local/lib/python3.8/site-packages/airflow/example_dags/example_complex.py
[2025-01-12T01:07:27.933+0000] {processor.py:840} INFO - DAG(s) 'example_complex' retrieved from /home/airflow/.local/lib/python3.8/site-packages/airflow/example_dags/example_complex.py
[2025-01-12T01:07:27.978+0000] {logging_mixin.py:188} INFO - [2025-01-12T01:07:27.977+0000] {dag.py:3036} INFO - Sync 1 DAGs
[2025-01-12T01:07:27.995+0000] {logging_mixin.py:188} INFO - [2025-01-12T01:07:27.995+0000] {dag.py:3823} INFO - Setting next_dagrun for example_complex to None, run_after=None
[2025-01-12T01:07:28.021+0000] {processor.py:183} INFO - Processing /home/airflow/.local/lib/python3.8/site-packages/airflow/example_dags/example_complex.py took 0.112 seconds
[2025-01-12T01:07:58.770+0000] {processor.py:161} INFO - Started process (PID=2958) to work on /home/airflow/.local/lib/python3.8/site-packages/airflow/example_dags/example_complex.py
[2025-01-12T01:07:58.772+0000] {processor.py:830} INFO - Processing file /home/airflow/.local/lib/python3.8/site-packages/airflow/example_dags/example_complex.py for tasks to queue
[2025-01-12T01:07:58.774+0000] {logging_mixin.py:188} INFO - [2025-01-12T01:07:58.773+0000] {dagbag.py:538} INFO - Filling up the DagBag from /home/airflow/.local/lib/python3.8/site-packages/airflow/example_dags/example_complex.py
[2025-01-12T01:07:58.793+0000] {processor.py:840} INFO - DAG(s) 'example_complex' retrieved from /home/airflow/.local/lib/python3.8/site-packages/airflow/example_dags/example_complex.py
[2025-01-12T01:07:58.851+0000] {logging_mixin.py:188} INFO - [2025-01-12T01:07:58.850+0000] {dag.py:3036} INFO - Sync 1 DAGs
[2025-01-12T01:07:58.874+0000] {logging_mixin.py:188} INFO - [2025-01-12T01:07:58.873+0000] {dag.py:3823} INFO - Setting next_dagrun for example_complex to None, run_after=None
[2025-01-12T01:07:58.906+0000] {processor.py:183} INFO - Processing /home/airflow/.local/lib/python3.8/site-packages/airflow/example_dags/example_complex.py took 0.140 seconds
[2025-01-12T01:08:29.125+0000] {processor.py:161} INFO - Started process (PID=3014) to work on /home/airflow/.local/lib/python3.8/site-packages/airflow/example_dags/example_complex.py
[2025-01-12T01:08:29.127+0000] {processor.py:830} INFO - Processing file /home/airflow/.local/lib/python3.8/site-packages/airflow/example_dags/example_complex.py for tasks to queue
[2025-01-12T01:08:29.128+0000] {logging_mixin.py:188} INFO - [2025-01-12T01:08:29.128+0000] {dagbag.py:538} INFO - Filling up the DagBag from /home/airflow/.local/lib/python3.8/site-packages/airflow/example_dags/example_complex.py
[2025-01-12T01:08:29.141+0000] {processor.py:840} INFO - DAG(s) 'example_complex' retrieved from /home/airflow/.local/lib/python3.8/site-packages/airflow/example_dags/example_complex.py
[2025-01-12T01:08:29.177+0000] {logging_mixin.py:188} INFO - [2025-01-12T01:08:29.177+0000] {dag.py:3036} INFO - Sync 1 DAGs
[2025-01-12T01:08:29.190+0000] {logging_mixin.py:188} INFO - [2025-01-12T01:08:29.190+0000] {dag.py:3823} INFO - Setting next_dagrun for example_complex to None, run_after=None
[2025-01-12T01:08:29.215+0000] {processor.py:183} INFO - Processing /home/airflow/.local/lib/python3.8/site-packages/airflow/example_dags/example_complex.py took 0.093 seconds
