[2025-01-12T00:41:24.482+0000] {processor.py:161} INFO - Started process (PID=59) to work on /home/airflow/.local/lib/python3.8/site-packages/airflow/example_dags/example_task_group.py
[2025-01-12T00:41:24.484+0000] {processor.py:830} INFO - Processing file /home/airflow/.local/lib/python3.8/site-packages/airflow/example_dags/example_task_group.py for tasks to queue
[2025-01-12T00:41:24.491+0000] {logging_mixin.py:188} INFO - [2025-01-12T00:41:24.491+0000] {dagbag.py:538} INFO - Filling up the DagBag from /home/airflow/.local/lib/python3.8/site-packages/airflow/example_dags/example_task_group.py
[2025-01-12T00:41:24.548+0000] {processor.py:840} INFO - DAG(s) 'example_task_group' retrieved from /home/airflow/.local/lib/python3.8/site-packages/airflow/example_dags/example_task_group.py
[2025-01-12T00:41:24.641+0000] {logging_mixin.py:188} INFO - [2025-01-12T00:41:24.636+0000] {dag.py:3036} INFO - Sync 1 DAGs
[2025-01-12T00:41:24.735+0000] {logging_mixin.py:188} INFO - [2025-01-12T00:41:24.734+0000] {dag.py:3823} INFO - Setting next_dagrun for example_task_group to 2025-01-11 00:00:00+00:00, run_after=2025-01-12 00:00:00+00:00
[2025-01-12T00:41:24.792+0000] {processor.py:183} INFO - Processing /home/airflow/.local/lib/python3.8/site-packages/airflow/example_dags/example_task_group.py took 0.318 seconds
[2025-01-12T00:41:55.128+0000] {processor.py:161} INFO - Started process (PID=114) to work on /home/airflow/.local/lib/python3.8/site-packages/airflow/example_dags/example_task_group.py
[2025-01-12T00:41:55.130+0000] {processor.py:830} INFO - Processing file /home/airflow/.local/lib/python3.8/site-packages/airflow/example_dags/example_task_group.py for tasks to queue
[2025-01-12T00:41:55.133+0000] {logging_mixin.py:188} INFO - [2025-01-12T00:41:55.132+0000] {dagbag.py:538} INFO - Filling up the DagBag from /home/airflow/.local/lib/python3.8/site-packages/airflow/example_dags/example_task_group.py
[2025-01-12T00:41:55.144+0000] {processor.py:840} INFO - DAG(s) 'example_task_group' retrieved from /home/airflow/.local/lib/python3.8/site-packages/airflow/example_dags/example_task_group.py
[2025-01-12T00:41:55.478+0000] {logging_mixin.py:188} INFO - [2025-01-12T00:41:55.477+0000] {dag.py:3036} INFO - Sync 1 DAGs
[2025-01-12T00:41:55.520+0000] {logging_mixin.py:188} INFO - [2025-01-12T00:41:55.520+0000] {dag.py:3823} INFO - Setting next_dagrun for example_task_group to 2025-01-11 00:00:00+00:00, run_after=2025-01-12 00:00:00+00:00
[2025-01-12T00:41:55.584+0000] {processor.py:183} INFO - Processing /home/airflow/.local/lib/python3.8/site-packages/airflow/example_dags/example_task_group.py took 0.462 seconds
[2025-01-12T00:42:25.879+0000] {processor.py:161} INFO - Started process (PID=170) to work on /home/airflow/.local/lib/python3.8/site-packages/airflow/example_dags/example_task_group.py
[2025-01-12T00:42:25.882+0000] {processor.py:830} INFO - Processing file /home/airflow/.local/lib/python3.8/site-packages/airflow/example_dags/example_task_group.py for tasks to queue
[2025-01-12T00:42:25.887+0000] {logging_mixin.py:188} INFO - [2025-01-12T00:42:25.887+0000] {dagbag.py:538} INFO - Filling up the DagBag from /home/airflow/.local/lib/python3.8/site-packages/airflow/example_dags/example_task_group.py
[2025-01-12T00:42:25.916+0000] {processor.py:840} INFO - DAG(s) 'example_task_group' retrieved from /home/airflow/.local/lib/python3.8/site-packages/airflow/example_dags/example_task_group.py
[2025-01-12T00:42:25.972+0000] {logging_mixin.py:188} INFO - [2025-01-12T00:42:25.972+0000] {dag.py:3036} INFO - Sync 1 DAGs
[2025-01-12T00:42:26.037+0000] {logging_mixin.py:188} INFO - [2025-01-12T00:42:26.037+0000] {dag.py:3823} INFO - Setting next_dagrun for example_task_group to 2025-01-11 00:00:00+00:00, run_after=2025-01-12 00:00:00+00:00
[2025-01-12T00:42:26.096+0000] {processor.py:183} INFO - Processing /home/airflow/.local/lib/python3.8/site-packages/airflow/example_dags/example_task_group.py took 0.225 seconds
[2025-01-12T00:42:56.272+0000] {processor.py:161} INFO - Started process (PID=226) to work on /home/airflow/.local/lib/python3.8/site-packages/airflow/example_dags/example_task_group.py
[2025-01-12T00:42:56.275+0000] {processor.py:830} INFO - Processing file /home/airflow/.local/lib/python3.8/site-packages/airflow/example_dags/example_task_group.py for tasks to queue
[2025-01-12T00:42:56.282+0000] {logging_mixin.py:188} INFO - [2025-01-12T00:42:56.281+0000] {dagbag.py:538} INFO - Filling up the DagBag from /home/airflow/.local/lib/python3.8/site-packages/airflow/example_dags/example_task_group.py
[2025-01-12T00:42:56.312+0000] {processor.py:840} INFO - DAG(s) 'example_task_group' retrieved from /home/airflow/.local/lib/python3.8/site-packages/airflow/example_dags/example_task_group.py
[2025-01-12T00:42:56.423+0000] {logging_mixin.py:188} INFO - [2025-01-12T00:42:56.421+0000] {dag.py:3036} INFO - Sync 1 DAGs
[2025-01-12T00:42:56.505+0000] {logging_mixin.py:188} INFO - [2025-01-12T00:42:56.504+0000] {dag.py:3823} INFO - Setting next_dagrun for example_task_group to 2025-01-11 00:00:00+00:00, run_after=2025-01-12 00:00:00+00:00
[2025-01-12T00:42:56.575+0000] {processor.py:183} INFO - Processing /home/airflow/.local/lib/python3.8/site-packages/airflow/example_dags/example_task_group.py took 0.314 seconds
[2025-01-12T00:43:27.076+0000] {processor.py:161} INFO - Started process (PID=283) to work on /home/airflow/.local/lib/python3.8/site-packages/airflow/example_dags/example_task_group.py
[2025-01-12T00:43:27.079+0000] {processor.py:830} INFO - Processing file /home/airflow/.local/lib/python3.8/site-packages/airflow/example_dags/example_task_group.py for tasks to queue
[2025-01-12T00:43:27.095+0000] {logging_mixin.py:188} INFO - [2025-01-12T00:43:27.094+0000] {dagbag.py:538} INFO - Filling up the DagBag from /home/airflow/.local/lib/python3.8/site-packages/airflow/example_dags/example_task_group.py
[2025-01-12T00:43:27.153+0000] {processor.py:840} INFO - DAG(s) 'example_task_group' retrieved from /home/airflow/.local/lib/python3.8/site-packages/airflow/example_dags/example_task_group.py
[2025-01-12T00:43:27.314+0000] {logging_mixin.py:188} INFO - [2025-01-12T00:43:27.313+0000] {dag.py:3036} INFO - Sync 1 DAGs
[2025-01-12T00:43:28.273+0000] {logging_mixin.py:188} INFO - [2025-01-12T00:43:28.263+0000] {dag.py:3823} INFO - Setting next_dagrun for example_task_group to 2025-01-11 00:00:00+00:00, run_after=2025-01-12 00:00:00+00:00
[2025-01-12T00:43:28.568+0000] {processor.py:183} INFO - Processing /home/airflow/.local/lib/python3.8/site-packages/airflow/example_dags/example_task_group.py took 1.512 seconds
[2025-01-12T00:43:58.717+0000] {processor.py:161} INFO - Started process (PID=345) to work on /home/airflow/.local/lib/python3.8/site-packages/airflow/example_dags/example_task_group.py
[2025-01-12T00:43:58.720+0000] {processor.py:830} INFO - Processing file /home/airflow/.local/lib/python3.8/site-packages/airflow/example_dags/example_task_group.py for tasks to queue
[2025-01-12T00:43:58.723+0000] {logging_mixin.py:188} INFO - [2025-01-12T00:43:58.723+0000] {dagbag.py:538} INFO - Filling up the DagBag from /home/airflow/.local/lib/python3.8/site-packages/airflow/example_dags/example_task_group.py
[2025-01-12T00:43:58.737+0000] {processor.py:840} INFO - DAG(s) 'example_task_group' retrieved from /home/airflow/.local/lib/python3.8/site-packages/airflow/example_dags/example_task_group.py
[2025-01-12T00:43:58.910+0000] {logging_mixin.py:188} INFO - [2025-01-12T00:43:58.909+0000] {dag.py:3036} INFO - Sync 1 DAGs
[2025-01-12T00:43:58.938+0000] {logging_mixin.py:188} INFO - [2025-01-12T00:43:58.938+0000] {dag.py:3823} INFO - Setting next_dagrun for example_task_group to 2025-01-11 00:00:00+00:00, run_after=2025-01-12 00:00:00+00:00
[2025-01-12T00:43:58.969+0000] {processor.py:183} INFO - Processing /home/airflow/.local/lib/python3.8/site-packages/airflow/example_dags/example_task_group.py took 0.259 seconds
[2025-01-12T00:44:29.184+0000] {processor.py:161} INFO - Started process (PID=401) to work on /home/airflow/.local/lib/python3.8/site-packages/airflow/example_dags/example_task_group.py
[2025-01-12T00:44:29.186+0000] {processor.py:830} INFO - Processing file /home/airflow/.local/lib/python3.8/site-packages/airflow/example_dags/example_task_group.py for tasks to queue
[2025-01-12T00:44:29.189+0000] {logging_mixin.py:188} INFO - [2025-01-12T00:44:29.189+0000] {dagbag.py:538} INFO - Filling up the DagBag from /home/airflow/.local/lib/python3.8/site-packages/airflow/example_dags/example_task_group.py
[2025-01-12T00:44:29.203+0000] {processor.py:840} INFO - DAG(s) 'example_task_group' retrieved from /home/airflow/.local/lib/python3.8/site-packages/airflow/example_dags/example_task_group.py
[2025-01-12T00:44:29.242+0000] {logging_mixin.py:188} INFO - [2025-01-12T00:44:29.241+0000] {dag.py:3036} INFO - Sync 1 DAGs
[2025-01-12T00:44:29.281+0000] {logging_mixin.py:188} INFO - [2025-01-12T00:44:29.280+0000] {dag.py:3823} INFO - Setting next_dagrun for example_task_group to 2025-01-11 00:00:00+00:00, run_after=2025-01-12 00:00:00+00:00
[2025-01-12T00:44:29.312+0000] {processor.py:183} INFO - Processing /home/airflow/.local/lib/python3.8/site-packages/airflow/example_dags/example_task_group.py took 0.133 seconds
[2025-01-12T00:44:59.773+0000] {processor.py:161} INFO - Started process (PID=457) to work on /home/airflow/.local/lib/python3.8/site-packages/airflow/example_dags/example_task_group.py
[2025-01-12T00:44:59.774+0000] {processor.py:830} INFO - Processing file /home/airflow/.local/lib/python3.8/site-packages/airflow/example_dags/example_task_group.py for tasks to queue
[2025-01-12T00:44:59.777+0000] {logging_mixin.py:188} INFO - [2025-01-12T00:44:59.777+0000] {dagbag.py:538} INFO - Filling up the DagBag from /home/airflow/.local/lib/python3.8/site-packages/airflow/example_dags/example_task_group.py
[2025-01-12T00:44:59.793+0000] {processor.py:840} INFO - DAG(s) 'example_task_group' retrieved from /home/airflow/.local/lib/python3.8/site-packages/airflow/example_dags/example_task_group.py
[2025-01-12T00:44:59.831+0000] {logging_mixin.py:188} INFO - [2025-01-12T00:44:59.831+0000] {dag.py:3036} INFO - Sync 1 DAGs
[2025-01-12T00:44:59.876+0000] {logging_mixin.py:188} INFO - [2025-01-12T00:44:59.875+0000] {dag.py:3823} INFO - Setting next_dagrun for example_task_group to 2025-01-11 00:00:00+00:00, run_after=2025-01-12 00:00:00+00:00
[2025-01-12T00:44:59.923+0000] {processor.py:183} INFO - Processing /home/airflow/.local/lib/python3.8/site-packages/airflow/example_dags/example_task_group.py took 0.158 seconds
[2025-01-12T00:45:30.258+0000] {processor.py:161} INFO - Started process (PID=514) to work on /home/airflow/.local/lib/python3.8/site-packages/airflow/example_dags/example_task_group.py
[2025-01-12T00:45:30.260+0000] {processor.py:830} INFO - Processing file /home/airflow/.local/lib/python3.8/site-packages/airflow/example_dags/example_task_group.py for tasks to queue
[2025-01-12T00:45:30.264+0000] {logging_mixin.py:188} INFO - [2025-01-12T00:45:30.263+0000] {dagbag.py:538} INFO - Filling up the DagBag from /home/airflow/.local/lib/python3.8/site-packages/airflow/example_dags/example_task_group.py
[2025-01-12T00:45:30.280+0000] {processor.py:840} INFO - DAG(s) 'example_task_group' retrieved from /home/airflow/.local/lib/python3.8/site-packages/airflow/example_dags/example_task_group.py
[2025-01-12T00:45:30.335+0000] {logging_mixin.py:188} INFO - [2025-01-12T00:45:30.334+0000] {dag.py:3036} INFO - Sync 1 DAGs
[2025-01-12T00:45:30.386+0000] {logging_mixin.py:188} INFO - [2025-01-12T00:45:30.385+0000] {dag.py:3823} INFO - Setting next_dagrun for example_task_group to 2025-01-11 00:00:00+00:00, run_after=2025-01-12 00:00:00+00:00
[2025-01-12T00:45:30.436+0000] {processor.py:183} INFO - Processing /home/airflow/.local/lib/python3.8/site-packages/airflow/example_dags/example_task_group.py took 0.186 seconds
[2025-01-12T00:46:00.797+0000] {processor.py:161} INFO - Started process (PID=570) to work on /home/airflow/.local/lib/python3.8/site-packages/airflow/example_dags/example_task_group.py
[2025-01-12T00:46:00.800+0000] {processor.py:830} INFO - Processing file /home/airflow/.local/lib/python3.8/site-packages/airflow/example_dags/example_task_group.py for tasks to queue
[2025-01-12T00:46:00.806+0000] {logging_mixin.py:188} INFO - [2025-01-12T00:46:00.806+0000] {dagbag.py:538} INFO - Filling up the DagBag from /home/airflow/.local/lib/python3.8/site-packages/airflow/example_dags/example_task_group.py
[2025-01-12T00:46:00.822+0000] {processor.py:840} INFO - DAG(s) 'example_task_group' retrieved from /home/airflow/.local/lib/python3.8/site-packages/airflow/example_dags/example_task_group.py
[2025-01-12T00:46:00.893+0000] {logging_mixin.py:188} INFO - [2025-01-12T00:46:00.890+0000] {dag.py:3036} INFO - Sync 1 DAGs
[2025-01-12T00:46:00.942+0000] {logging_mixin.py:188} INFO - [2025-01-12T00:46:00.942+0000] {dag.py:3823} INFO - Setting next_dagrun for example_task_group to 2025-01-11 00:00:00+00:00, run_after=2025-01-12 00:00:00+00:00
[2025-01-12T00:46:01.007+0000] {processor.py:183} INFO - Processing /home/airflow/.local/lib/python3.8/site-packages/airflow/example_dags/example_task_group.py took 0.218 seconds
[2025-01-12T00:46:31.187+0000] {processor.py:161} INFO - Started process (PID=626) to work on /home/airflow/.local/lib/python3.8/site-packages/airflow/example_dags/example_task_group.py
[2025-01-12T00:46:31.189+0000] {processor.py:830} INFO - Processing file /home/airflow/.local/lib/python3.8/site-packages/airflow/example_dags/example_task_group.py for tasks to queue
[2025-01-12T00:46:31.192+0000] {logging_mixin.py:188} INFO - [2025-01-12T00:46:31.191+0000] {dagbag.py:538} INFO - Filling up the DagBag from /home/airflow/.local/lib/python3.8/site-packages/airflow/example_dags/example_task_group.py
[2025-01-12T00:46:31.207+0000] {processor.py:840} INFO - DAG(s) 'example_task_group' retrieved from /home/airflow/.local/lib/python3.8/site-packages/airflow/example_dags/example_task_group.py
[2025-01-12T00:46:31.256+0000] {logging_mixin.py:188} INFO - [2025-01-12T00:46:31.255+0000] {dag.py:3036} INFO - Sync 1 DAGs
[2025-01-12T00:46:31.302+0000] {logging_mixin.py:188} INFO - [2025-01-12T00:46:31.301+0000] {dag.py:3823} INFO - Setting next_dagrun for example_task_group to 2025-01-11 00:00:00+00:00, run_after=2025-01-12 00:00:00+00:00
[2025-01-12T00:46:31.359+0000] {processor.py:183} INFO - Processing /home/airflow/.local/lib/python3.8/site-packages/airflow/example_dags/example_task_group.py took 0.177 seconds
[2025-01-12T00:47:03.174+0000] {processor.py:161} INFO - Started process (PID=683) to work on /home/airflow/.local/lib/python3.8/site-packages/airflow/example_dags/example_task_group.py
[2025-01-12T00:47:03.187+0000] {processor.py:830} INFO - Processing file /home/airflow/.local/lib/python3.8/site-packages/airflow/example_dags/example_task_group.py for tasks to queue
[2025-01-12T00:47:03.203+0000] {logging_mixin.py:188} INFO - [2025-01-12T00:47:03.202+0000] {dagbag.py:538} INFO - Filling up the DagBag from /home/airflow/.local/lib/python3.8/site-packages/airflow/example_dags/example_task_group.py
[2025-01-12T00:47:03.275+0000] {processor.py:840} INFO - DAG(s) 'example_task_group' retrieved from /home/airflow/.local/lib/python3.8/site-packages/airflow/example_dags/example_task_group.py
[2025-01-12T00:47:03.421+0000] {logging_mixin.py:188} INFO - [2025-01-12T00:47:03.420+0000] {dag.py:3036} INFO - Sync 1 DAGs
[2025-01-12T00:47:03.583+0000] {logging_mixin.py:188} INFO - [2025-01-12T00:47:03.582+0000] {dag.py:3823} INFO - Setting next_dagrun for example_task_group to 2025-01-11 00:00:00+00:00, run_after=2025-01-12 00:00:00+00:00
[2025-01-12T00:47:03.730+0000] {processor.py:183} INFO - Processing /home/airflow/.local/lib/python3.8/site-packages/airflow/example_dags/example_task_group.py took 0.577 seconds
[2025-01-12T00:47:33.986+0000] {processor.py:161} INFO - Started process (PID=737) to work on /home/airflow/.local/lib/python3.8/site-packages/airflow/example_dags/example_task_group.py
[2025-01-12T00:47:33.989+0000] {processor.py:830} INFO - Processing file /home/airflow/.local/lib/python3.8/site-packages/airflow/example_dags/example_task_group.py for tasks to queue
[2025-01-12T00:47:33.994+0000] {logging_mixin.py:188} INFO - [2025-01-12T00:47:33.993+0000] {dagbag.py:538} INFO - Filling up the DagBag from /home/airflow/.local/lib/python3.8/site-packages/airflow/example_dags/example_task_group.py
[2025-01-12T00:47:34.016+0000] {processor.py:840} INFO - DAG(s) 'example_task_group' retrieved from /home/airflow/.local/lib/python3.8/site-packages/airflow/example_dags/example_task_group.py
[2025-01-12T00:47:34.088+0000] {logging_mixin.py:188} INFO - [2025-01-12T00:47:34.087+0000] {dag.py:3036} INFO - Sync 1 DAGs
[2025-01-12T00:47:34.200+0000] {logging_mixin.py:188} INFO - [2025-01-12T00:47:34.195+0000] {dag.py:3823} INFO - Setting next_dagrun for example_task_group to 2025-01-11 00:00:00+00:00, run_after=2025-01-12 00:00:00+00:00
[2025-01-12T00:47:34.303+0000] {processor.py:183} INFO - Processing /home/airflow/.local/lib/python3.8/site-packages/airflow/example_dags/example_task_group.py took 0.326 seconds
[2025-01-12T00:48:05.310+0000] {processor.py:161} INFO - Started process (PID=793) to work on /home/airflow/.local/lib/python3.8/site-packages/airflow/example_dags/example_task_group.py
[2025-01-12T00:48:05.312+0000] {processor.py:830} INFO - Processing file /home/airflow/.local/lib/python3.8/site-packages/airflow/example_dags/example_task_group.py for tasks to queue
[2025-01-12T00:48:05.316+0000] {logging_mixin.py:188} INFO - [2025-01-12T00:48:05.315+0000] {dagbag.py:538} INFO - Filling up the DagBag from /home/airflow/.local/lib/python3.8/site-packages/airflow/example_dags/example_task_group.py
[2025-01-12T00:48:05.343+0000] {processor.py:840} INFO - DAG(s) 'example_task_group' retrieved from /home/airflow/.local/lib/python3.8/site-packages/airflow/example_dags/example_task_group.py
[2025-01-12T00:48:05.400+0000] {logging_mixin.py:188} INFO - [2025-01-12T00:48:05.399+0000] {dag.py:3036} INFO - Sync 1 DAGs
[2025-01-12T00:48:05.463+0000] {logging_mixin.py:188} INFO - [2025-01-12T00:48:05.463+0000] {dag.py:3823} INFO - Setting next_dagrun for example_task_group to 2025-01-11 00:00:00+00:00, run_after=2025-01-12 00:00:00+00:00
[2025-01-12T00:48:05.512+0000] {processor.py:183} INFO - Processing /home/airflow/.local/lib/python3.8/site-packages/airflow/example_dags/example_task_group.py took 0.208 seconds
[2025-01-12T00:48:36.054+0000] {processor.py:161} INFO - Started process (PID=849) to work on /home/airflow/.local/lib/python3.8/site-packages/airflow/example_dags/example_task_group.py
[2025-01-12T00:48:36.057+0000] {processor.py:830} INFO - Processing file /home/airflow/.local/lib/python3.8/site-packages/airflow/example_dags/example_task_group.py for tasks to queue
[2025-01-12T00:48:36.074+0000] {logging_mixin.py:188} INFO - [2025-01-12T00:48:36.073+0000] {dagbag.py:538} INFO - Filling up the DagBag from /home/airflow/.local/lib/python3.8/site-packages/airflow/example_dags/example_task_group.py
[2025-01-12T00:48:36.102+0000] {processor.py:840} INFO - DAG(s) 'example_task_group' retrieved from /home/airflow/.local/lib/python3.8/site-packages/airflow/example_dags/example_task_group.py
[2025-01-12T00:48:36.187+0000] {logging_mixin.py:188} INFO - [2025-01-12T00:48:36.186+0000] {dag.py:3036} INFO - Sync 1 DAGs
[2025-01-12T00:48:36.310+0000] {logging_mixin.py:188} INFO - [2025-01-12T00:48:36.310+0000] {dag.py:3823} INFO - Setting next_dagrun for example_task_group to 2025-01-11 00:00:00+00:00, run_after=2025-01-12 00:00:00+00:00
[2025-01-12T00:48:36.396+0000] {processor.py:183} INFO - Processing /home/airflow/.local/lib/python3.8/site-packages/airflow/example_dags/example_task_group.py took 0.358 seconds
[2025-01-12T00:49:06.891+0000] {processor.py:161} INFO - Started process (PID=905) to work on /home/airflow/.local/lib/python3.8/site-packages/airflow/example_dags/example_task_group.py
[2025-01-12T00:49:06.894+0000] {processor.py:830} INFO - Processing file /home/airflow/.local/lib/python3.8/site-packages/airflow/example_dags/example_task_group.py for tasks to queue
[2025-01-12T00:49:06.899+0000] {logging_mixin.py:188} INFO - [2025-01-12T00:49:06.898+0000] {dagbag.py:538} INFO - Filling up the DagBag from /home/airflow/.local/lib/python3.8/site-packages/airflow/example_dags/example_task_group.py
[2025-01-12T00:49:06.949+0000] {processor.py:840} INFO - DAG(s) 'example_task_group' retrieved from /home/airflow/.local/lib/python3.8/site-packages/airflow/example_dags/example_task_group.py
[2025-01-12T00:49:07.057+0000] {logging_mixin.py:188} INFO - [2025-01-12T00:49:07.056+0000] {dag.py:3036} INFO - Sync 1 DAGs
[2025-01-12T00:49:07.208+0000] {logging_mixin.py:188} INFO - [2025-01-12T00:49:07.207+0000] {dag.py:3823} INFO - Setting next_dagrun for example_task_group to 2025-01-11 00:00:00+00:00, run_after=2025-01-12 00:00:00+00:00
[2025-01-12T00:49:07.321+0000] {processor.py:183} INFO - Processing /home/airflow/.local/lib/python3.8/site-packages/airflow/example_dags/example_task_group.py took 0.445 seconds
[2025-01-12T00:49:37.405+0000] {processor.py:161} INFO - Started process (PID=960) to work on /home/airflow/.local/lib/python3.8/site-packages/airflow/example_dags/example_task_group.py
[2025-01-12T00:49:37.407+0000] {processor.py:830} INFO - Processing file /home/airflow/.local/lib/python3.8/site-packages/airflow/example_dags/example_task_group.py for tasks to queue
[2025-01-12T00:49:37.411+0000] {logging_mixin.py:188} INFO - [2025-01-12T00:49:37.411+0000] {dagbag.py:538} INFO - Filling up the DagBag from /home/airflow/.local/lib/python3.8/site-packages/airflow/example_dags/example_task_group.py
[2025-01-12T00:49:37.433+0000] {processor.py:840} INFO - DAG(s) 'example_task_group' retrieved from /home/airflow/.local/lib/python3.8/site-packages/airflow/example_dags/example_task_group.py
[2025-01-12T00:49:37.499+0000] {logging_mixin.py:188} INFO - [2025-01-12T00:49:37.499+0000] {dag.py:3036} INFO - Sync 1 DAGs
[2025-01-12T00:49:37.602+0000] {logging_mixin.py:188} INFO - [2025-01-12T00:49:37.601+0000] {dag.py:3823} INFO - Setting next_dagrun for example_task_group to 2025-01-11 00:00:00+00:00, run_after=2025-01-12 00:00:00+00:00
[2025-01-12T00:49:37.714+0000] {processor.py:183} INFO - Processing /home/airflow/.local/lib/python3.8/site-packages/airflow/example_dags/example_task_group.py took 0.317 seconds
[2025-01-12T00:50:10.069+0000] {processor.py:161} INFO - Started process (PID=1017) to work on /home/airflow/.local/lib/python3.8/site-packages/airflow/example_dags/example_task_group.py
[2025-01-12T00:50:10.234+0000] {processor.py:830} INFO - Processing file /home/airflow/.local/lib/python3.8/site-packages/airflow/example_dags/example_task_group.py for tasks to queue
[2025-01-12T00:50:10.250+0000] {logging_mixin.py:188} INFO - [2025-01-12T00:50:10.240+0000] {dagbag.py:538} INFO - Filling up the DagBag from /home/airflow/.local/lib/python3.8/site-packages/airflow/example_dags/example_task_group.py
[2025-01-12T00:50:10.298+0000] {processor.py:840} INFO - DAG(s) 'example_task_group' retrieved from /home/airflow/.local/lib/python3.8/site-packages/airflow/example_dags/example_task_group.py
[2025-01-12T00:50:10.442+0000] {logging_mixin.py:188} INFO - [2025-01-12T00:50:10.441+0000] {dag.py:3036} INFO - Sync 1 DAGs
[2025-01-12T00:50:10.601+0000] {logging_mixin.py:188} INFO - [2025-01-12T00:50:10.597+0000] {dag.py:3823} INFO - Setting next_dagrun for example_task_group to 2025-01-11 00:00:00+00:00, run_after=2025-01-12 00:00:00+00:00
[2025-01-12T00:50:11.153+0000] {processor.py:183} INFO - Processing /home/airflow/.local/lib/python3.8/site-packages/airflow/example_dags/example_task_group.py took 1.104 seconds
[2025-01-12T00:50:41.485+0000] {processor.py:161} INFO - Started process (PID=1073) to work on /home/airflow/.local/lib/python3.8/site-packages/airflow/example_dags/example_task_group.py
[2025-01-12T00:50:41.488+0000] {processor.py:830} INFO - Processing file /home/airflow/.local/lib/python3.8/site-packages/airflow/example_dags/example_task_group.py for tasks to queue
[2025-01-12T00:50:41.495+0000] {logging_mixin.py:188} INFO - [2025-01-12T00:50:41.493+0000] {dagbag.py:538} INFO - Filling up the DagBag from /home/airflow/.local/lib/python3.8/site-packages/airflow/example_dags/example_task_group.py
[2025-01-12T00:50:41.533+0000] {processor.py:840} INFO - DAG(s) 'example_task_group' retrieved from /home/airflow/.local/lib/python3.8/site-packages/airflow/example_dags/example_task_group.py
[2025-01-12T00:50:41.660+0000] {logging_mixin.py:188} INFO - [2025-01-12T00:50:41.660+0000] {dag.py:3036} INFO - Sync 1 DAGs
[2025-01-12T00:50:41.813+0000] {logging_mixin.py:188} INFO - [2025-01-12T00:50:41.811+0000] {dag.py:3823} INFO - Setting next_dagrun for example_task_group to 2025-01-11 00:00:00+00:00, run_after=2025-01-12 00:00:00+00:00
[2025-01-12T00:50:41.916+0000] {processor.py:183} INFO - Processing /home/airflow/.local/lib/python3.8/site-packages/airflow/example_dags/example_task_group.py took 0.447 seconds
[2025-01-12T00:51:12.093+0000] {processor.py:161} INFO - Started process (PID=1129) to work on /home/airflow/.local/lib/python3.8/site-packages/airflow/example_dags/example_task_group.py
[2025-01-12T00:51:12.096+0000] {processor.py:830} INFO - Processing file /home/airflow/.local/lib/python3.8/site-packages/airflow/example_dags/example_task_group.py for tasks to queue
[2025-01-12T00:51:12.101+0000] {logging_mixin.py:188} INFO - [2025-01-12T00:51:12.100+0000] {dagbag.py:538} INFO - Filling up the DagBag from /home/airflow/.local/lib/python3.8/site-packages/airflow/example_dags/example_task_group.py
[2025-01-12T00:51:12.149+0000] {processor.py:840} INFO - DAG(s) 'example_task_group' retrieved from /home/airflow/.local/lib/python3.8/site-packages/airflow/example_dags/example_task_group.py
[2025-01-12T00:51:12.248+0000] {logging_mixin.py:188} INFO - [2025-01-12T00:51:12.247+0000] {dag.py:3036} INFO - Sync 1 DAGs
[2025-01-12T00:51:12.362+0000] {logging_mixin.py:188} INFO - [2025-01-12T00:51:12.361+0000] {dag.py:3823} INFO - Setting next_dagrun for example_task_group to 2025-01-11 00:00:00+00:00, run_after=2025-01-12 00:00:00+00:00
[2025-01-12T00:51:12.554+0000] {processor.py:183} INFO - Processing /home/airflow/.local/lib/python3.8/site-packages/airflow/example_dags/example_task_group.py took 0.477 seconds
[2025-01-12T00:51:42.830+0000] {processor.py:161} INFO - Started process (PID=1186) to work on /home/airflow/.local/lib/python3.8/site-packages/airflow/example_dags/example_task_group.py
[2025-01-12T00:51:42.833+0000] {processor.py:830} INFO - Processing file /home/airflow/.local/lib/python3.8/site-packages/airflow/example_dags/example_task_group.py for tasks to queue
[2025-01-12T00:51:42.836+0000] {logging_mixin.py:188} INFO - [2025-01-12T00:51:42.835+0000] {dagbag.py:538} INFO - Filling up the DagBag from /home/airflow/.local/lib/python3.8/site-packages/airflow/example_dags/example_task_group.py
[2025-01-12T00:51:42.876+0000] {processor.py:840} INFO - DAG(s) 'example_task_group' retrieved from /home/airflow/.local/lib/python3.8/site-packages/airflow/example_dags/example_task_group.py
[2025-01-12T00:51:42.971+0000] {logging_mixin.py:188} INFO - [2025-01-12T00:51:42.971+0000] {dag.py:3036} INFO - Sync 1 DAGs
[2025-01-12T00:51:43.036+0000] {logging_mixin.py:188} INFO - [2025-01-12T00:51:43.035+0000] {dag.py:3823} INFO - Setting next_dagrun for example_task_group to 2025-01-11 00:00:00+00:00, run_after=2025-01-12 00:00:00+00:00
[2025-01-12T00:51:43.108+0000] {processor.py:183} INFO - Processing /home/airflow/.local/lib/python3.8/site-packages/airflow/example_dags/example_task_group.py took 0.295 seconds
[2025-01-12T00:52:13.495+0000] {processor.py:161} INFO - Started process (PID=1241) to work on /home/airflow/.local/lib/python3.8/site-packages/airflow/example_dags/example_task_group.py
[2025-01-12T00:52:13.498+0000] {processor.py:830} INFO - Processing file /home/airflow/.local/lib/python3.8/site-packages/airflow/example_dags/example_task_group.py for tasks to queue
[2025-01-12T00:52:13.500+0000] {logging_mixin.py:188} INFO - [2025-01-12T00:52:13.500+0000] {dagbag.py:538} INFO - Filling up the DagBag from /home/airflow/.local/lib/python3.8/site-packages/airflow/example_dags/example_task_group.py
[2025-01-12T00:52:13.523+0000] {processor.py:840} INFO - DAG(s) 'example_task_group' retrieved from /home/airflow/.local/lib/python3.8/site-packages/airflow/example_dags/example_task_group.py
[2025-01-12T00:52:13.589+0000] {logging_mixin.py:188} INFO - [2025-01-12T00:52:13.588+0000] {dag.py:3036} INFO - Sync 1 DAGs
[2025-01-12T00:52:13.636+0000] {logging_mixin.py:188} INFO - [2025-01-12T00:52:13.635+0000] {dag.py:3823} INFO - Setting next_dagrun for example_task_group to 2025-01-11 00:00:00+00:00, run_after=2025-01-12 00:00:00+00:00
[2025-01-12T00:52:13.673+0000] {processor.py:183} INFO - Processing /home/airflow/.local/lib/python3.8/site-packages/airflow/example_dags/example_task_group.py took 0.191 seconds
[2025-01-12T00:52:44.106+0000] {processor.py:161} INFO - Started process (PID=1296) to work on /home/airflow/.local/lib/python3.8/site-packages/airflow/example_dags/example_task_group.py
[2025-01-12T00:52:44.108+0000] {processor.py:830} INFO - Processing file /home/airflow/.local/lib/python3.8/site-packages/airflow/example_dags/example_task_group.py for tasks to queue
[2025-01-12T00:52:44.110+0000] {logging_mixin.py:188} INFO - [2025-01-12T00:52:44.109+0000] {dagbag.py:538} INFO - Filling up the DagBag from /home/airflow/.local/lib/python3.8/site-packages/airflow/example_dags/example_task_group.py
[2025-01-12T00:52:44.127+0000] {processor.py:840} INFO - DAG(s) 'example_task_group' retrieved from /home/airflow/.local/lib/python3.8/site-packages/airflow/example_dags/example_task_group.py
[2025-01-12T00:52:44.189+0000] {logging_mixin.py:188} INFO - [2025-01-12T00:52:44.188+0000] {dag.py:3036} INFO - Sync 1 DAGs
[2025-01-12T00:52:44.246+0000] {logging_mixin.py:188} INFO - [2025-01-12T00:52:44.246+0000] {dag.py:3823} INFO - Setting next_dagrun for example_task_group to 2025-01-11 00:00:00+00:00, run_after=2025-01-12 00:00:00+00:00
[2025-01-12T00:52:44.294+0000] {processor.py:183} INFO - Processing /home/airflow/.local/lib/python3.8/site-packages/airflow/example_dags/example_task_group.py took 0.197 seconds
[2025-01-12T00:53:15.087+0000] {processor.py:161} INFO - Started process (PID=1352) to work on /home/airflow/.local/lib/python3.8/site-packages/airflow/example_dags/example_task_group.py
[2025-01-12T00:53:15.091+0000] {processor.py:830} INFO - Processing file /home/airflow/.local/lib/python3.8/site-packages/airflow/example_dags/example_task_group.py for tasks to queue
[2025-01-12T00:53:15.093+0000] {logging_mixin.py:188} INFO - [2025-01-12T00:53:15.093+0000] {dagbag.py:538} INFO - Filling up the DagBag from /home/airflow/.local/lib/python3.8/site-packages/airflow/example_dags/example_task_group.py
[2025-01-12T00:53:15.145+0000] {processor.py:840} INFO - DAG(s) 'example_task_group' retrieved from /home/airflow/.local/lib/python3.8/site-packages/airflow/example_dags/example_task_group.py
[2025-01-12T00:53:15.248+0000] {logging_mixin.py:188} INFO - [2025-01-12T00:53:15.248+0000] {dag.py:3036} INFO - Sync 1 DAGs
[2025-01-12T00:53:15.362+0000] {logging_mixin.py:188} INFO - [2025-01-12T00:53:15.360+0000] {dag.py:3823} INFO - Setting next_dagrun for example_task_group to 2025-01-11 00:00:00+00:00, run_after=2025-01-12 00:00:00+00:00
[2025-01-12T00:53:15.436+0000] {processor.py:183} INFO - Processing /home/airflow/.local/lib/python3.8/site-packages/airflow/example_dags/example_task_group.py took 0.367 seconds
[2025-01-12T00:53:46.449+0000] {processor.py:161} INFO - Started process (PID=1408) to work on /home/airflow/.local/lib/python3.8/site-packages/airflow/example_dags/example_task_group.py
[2025-01-12T00:53:46.464+0000] {processor.py:830} INFO - Processing file /home/airflow/.local/lib/python3.8/site-packages/airflow/example_dags/example_task_group.py for tasks to queue
[2025-01-12T00:53:46.472+0000] {logging_mixin.py:188} INFO - [2025-01-12T00:53:46.470+0000] {dagbag.py:538} INFO - Filling up the DagBag from /home/airflow/.local/lib/python3.8/site-packages/airflow/example_dags/example_task_group.py
[2025-01-12T00:53:46.531+0000] {processor.py:840} INFO - DAG(s) 'example_task_group' retrieved from /home/airflow/.local/lib/python3.8/site-packages/airflow/example_dags/example_task_group.py
[2025-01-12T00:53:46.697+0000] {logging_mixin.py:188} INFO - [2025-01-12T00:53:46.696+0000] {dag.py:3036} INFO - Sync 1 DAGs
[2025-01-12T00:53:46.834+0000] {logging_mixin.py:188} INFO - [2025-01-12T00:53:46.833+0000] {dag.py:3823} INFO - Setting next_dagrun for example_task_group to 2025-01-11 00:00:00+00:00, run_after=2025-01-12 00:00:00+00:00
[2025-01-12T00:53:46.929+0000] {processor.py:183} INFO - Processing /home/airflow/.local/lib/python3.8/site-packages/airflow/example_dags/example_task_group.py took 0.514 seconds
[2025-01-12T00:54:17.303+0000] {processor.py:161} INFO - Started process (PID=1468) to work on /home/airflow/.local/lib/python3.8/site-packages/airflow/example_dags/example_task_group.py
[2025-01-12T00:54:17.304+0000] {processor.py:830} INFO - Processing file /home/airflow/.local/lib/python3.8/site-packages/airflow/example_dags/example_task_group.py for tasks to queue
[2025-01-12T00:54:17.306+0000] {logging_mixin.py:188} INFO - [2025-01-12T00:54:17.305+0000] {dagbag.py:538} INFO - Filling up the DagBag from /home/airflow/.local/lib/python3.8/site-packages/airflow/example_dags/example_task_group.py
[2025-01-12T00:54:17.318+0000] {processor.py:840} INFO - DAG(s) 'example_task_group' retrieved from /home/airflow/.local/lib/python3.8/site-packages/airflow/example_dags/example_task_group.py
[2025-01-12T00:54:17.351+0000] {logging_mixin.py:188} INFO - [2025-01-12T00:54:17.350+0000] {dag.py:3036} INFO - Sync 1 DAGs
[2025-01-12T00:54:17.394+0000] {logging_mixin.py:188} INFO - [2025-01-12T00:54:17.394+0000] {dag.py:3823} INFO - Setting next_dagrun for example_task_group to 2025-01-11 00:00:00+00:00, run_after=2025-01-12 00:00:00+00:00
[2025-01-12T00:54:17.473+0000] {processor.py:183} INFO - Processing /home/airflow/.local/lib/python3.8/site-packages/airflow/example_dags/example_task_group.py took 0.175 seconds
[2025-01-12T00:54:47.725+0000] {processor.py:161} INFO - Started process (PID=1524) to work on /home/airflow/.local/lib/python3.8/site-packages/airflow/example_dags/example_task_group.py
[2025-01-12T00:54:47.727+0000] {processor.py:830} INFO - Processing file /home/airflow/.local/lib/python3.8/site-packages/airflow/example_dags/example_task_group.py for tasks to queue
[2025-01-12T00:54:47.728+0000] {logging_mixin.py:188} INFO - [2025-01-12T00:54:47.728+0000] {dagbag.py:538} INFO - Filling up the DagBag from /home/airflow/.local/lib/python3.8/site-packages/airflow/example_dags/example_task_group.py
[2025-01-12T00:54:47.741+0000] {processor.py:840} INFO - DAG(s) 'example_task_group' retrieved from /home/airflow/.local/lib/python3.8/site-packages/airflow/example_dags/example_task_group.py
[2025-01-12T00:54:47.777+0000] {logging_mixin.py:188} INFO - [2025-01-12T00:54:47.777+0000] {dag.py:3036} INFO - Sync 1 DAGs
[2025-01-12T00:54:47.816+0000] {logging_mixin.py:188} INFO - [2025-01-12T00:54:47.815+0000] {dag.py:3823} INFO - Setting next_dagrun for example_task_group to 2025-01-11 00:00:00+00:00, run_after=2025-01-12 00:00:00+00:00
[2025-01-12T00:54:47.857+0000] {processor.py:183} INFO - Processing /home/airflow/.local/lib/python3.8/site-packages/airflow/example_dags/example_task_group.py took 0.139 seconds
[2025-01-12T00:55:18.685+0000] {processor.py:161} INFO - Started process (PID=1577) to work on /home/airflow/.local/lib/python3.8/site-packages/airflow/example_dags/example_task_group.py
[2025-01-12T00:55:18.692+0000] {processor.py:830} INFO - Processing file /home/airflow/.local/lib/python3.8/site-packages/airflow/example_dags/example_task_group.py for tasks to queue
[2025-01-12T00:55:18.700+0000] {logging_mixin.py:188} INFO - [2025-01-12T00:55:18.694+0000] {dagbag.py:538} INFO - Filling up the DagBag from /home/airflow/.local/lib/python3.8/site-packages/airflow/example_dags/example_task_group.py
[2025-01-12T00:55:18.739+0000] {processor.py:840} INFO - DAG(s) 'example_task_group' retrieved from /home/airflow/.local/lib/python3.8/site-packages/airflow/example_dags/example_task_group.py
[2025-01-12T00:55:18.865+0000] {logging_mixin.py:188} INFO - [2025-01-12T00:55:18.865+0000] {dag.py:3036} INFO - Sync 1 DAGs
[2025-01-12T00:55:18.980+0000] {logging_mixin.py:188} INFO - [2025-01-12T00:55:18.979+0000] {dag.py:3823} INFO - Setting next_dagrun for example_task_group to 2025-01-11 00:00:00+00:00, run_after=2025-01-12 00:00:00+00:00
[2025-01-12T00:55:19.069+0000] {processor.py:183} INFO - Processing /home/airflow/.local/lib/python3.8/site-packages/airflow/example_dags/example_task_group.py took 0.413 seconds
[2025-01-12T00:55:49.267+0000] {processor.py:161} INFO - Started process (PID=1633) to work on /home/airflow/.local/lib/python3.8/site-packages/airflow/example_dags/example_task_group.py
[2025-01-12T00:55:49.270+0000] {processor.py:830} INFO - Processing file /home/airflow/.local/lib/python3.8/site-packages/airflow/example_dags/example_task_group.py for tasks to queue
[2025-01-12T00:55:49.275+0000] {logging_mixin.py:188} INFO - [2025-01-12T00:55:49.274+0000] {dagbag.py:538} INFO - Filling up the DagBag from /home/airflow/.local/lib/python3.8/site-packages/airflow/example_dags/example_task_group.py
[2025-01-12T00:55:49.301+0000] {processor.py:840} INFO - DAG(s) 'example_task_group' retrieved from /home/airflow/.local/lib/python3.8/site-packages/airflow/example_dags/example_task_group.py
[2025-01-12T00:55:49.433+0000] {logging_mixin.py:188} INFO - [2025-01-12T00:55:49.433+0000] {dag.py:3036} INFO - Sync 1 DAGs
[2025-01-12T00:55:49.536+0000] {logging_mixin.py:188} INFO - [2025-01-12T00:55:49.535+0000] {dag.py:3823} INFO - Setting next_dagrun for example_task_group to 2025-01-11 00:00:00+00:00, run_after=2025-01-12 00:00:00+00:00
[2025-01-12T00:55:49.619+0000] {processor.py:183} INFO - Processing /home/airflow/.local/lib/python3.8/site-packages/airflow/example_dags/example_task_group.py took 0.359 seconds
[2025-01-12T00:56:20.339+0000] {processor.py:161} INFO - Started process (PID=1689) to work on /home/airflow/.local/lib/python3.8/site-packages/airflow/example_dags/example_task_group.py
[2025-01-12T00:56:20.341+0000] {processor.py:830} INFO - Processing file /home/airflow/.local/lib/python3.8/site-packages/airflow/example_dags/example_task_group.py for tasks to queue
[2025-01-12T00:56:20.345+0000] {logging_mixin.py:188} INFO - [2025-01-12T00:56:20.344+0000] {dagbag.py:538} INFO - Filling up the DagBag from /home/airflow/.local/lib/python3.8/site-packages/airflow/example_dags/example_task_group.py
[2025-01-12T00:56:20.385+0000] {processor.py:840} INFO - DAG(s) 'example_task_group' retrieved from /home/airflow/.local/lib/python3.8/site-packages/airflow/example_dags/example_task_group.py
[2025-01-12T00:56:20.489+0000] {logging_mixin.py:188} INFO - [2025-01-12T00:56:20.488+0000] {dag.py:3036} INFO - Sync 1 DAGs
[2025-01-12T00:56:20.611+0000] {logging_mixin.py:188} INFO - [2025-01-12T00:56:20.610+0000] {dag.py:3823} INFO - Setting next_dagrun for example_task_group to 2025-01-11 00:00:00+00:00, run_after=2025-01-12 00:00:00+00:00
[2025-01-12T00:56:20.681+0000] {processor.py:183} INFO - Processing /home/airflow/.local/lib/python3.8/site-packages/airflow/example_dags/example_task_group.py took 0.357 seconds
[2025-01-12T00:56:50.775+0000] {processor.py:161} INFO - Started process (PID=1743) to work on /home/airflow/.local/lib/python3.8/site-packages/airflow/example_dags/example_task_group.py
[2025-01-12T00:56:50.777+0000] {processor.py:830} INFO - Processing file /home/airflow/.local/lib/python3.8/site-packages/airflow/example_dags/example_task_group.py for tasks to queue
[2025-01-12T00:56:50.779+0000] {logging_mixin.py:188} INFO - [2025-01-12T00:56:50.778+0000] {dagbag.py:538} INFO - Filling up the DagBag from /home/airflow/.local/lib/python3.8/site-packages/airflow/example_dags/example_task_group.py
[2025-01-12T00:56:50.794+0000] {processor.py:840} INFO - DAG(s) 'example_task_group' retrieved from /home/airflow/.local/lib/python3.8/site-packages/airflow/example_dags/example_task_group.py
[2025-01-12T00:56:50.839+0000] {logging_mixin.py:188} INFO - [2025-01-12T00:56:50.838+0000] {dag.py:3036} INFO - Sync 1 DAGs
[2025-01-12T00:56:50.882+0000] {logging_mixin.py:188} INFO - [2025-01-12T00:56:50.882+0000] {dag.py:3823} INFO - Setting next_dagrun for example_task_group to 2025-01-11 00:00:00+00:00, run_after=2025-01-12 00:00:00+00:00
[2025-01-12T00:56:50.925+0000] {processor.py:183} INFO - Processing /home/airflow/.local/lib/python3.8/site-packages/airflow/example_dags/example_task_group.py took 0.155 seconds
[2025-01-12T00:57:21.580+0000] {processor.py:161} INFO - Started process (PID=1798) to work on /home/airflow/.local/lib/python3.8/site-packages/airflow/example_dags/example_task_group.py
[2025-01-12T00:57:21.583+0000] {processor.py:830} INFO - Processing file /home/airflow/.local/lib/python3.8/site-packages/airflow/example_dags/example_task_group.py for tasks to queue
[2025-01-12T00:57:21.664+0000] {logging_mixin.py:188} INFO - [2025-01-12T00:57:21.663+0000] {dagbag.py:538} INFO - Filling up the DagBag from /home/airflow/.local/lib/python3.8/site-packages/airflow/example_dags/example_task_group.py
[2025-01-12T00:57:21.796+0000] {processor.py:840} INFO - DAG(s) 'example_task_group' retrieved from /home/airflow/.local/lib/python3.8/site-packages/airflow/example_dags/example_task_group.py
[2025-01-12T00:57:22.635+0000] {logging_mixin.py:188} INFO - [2025-01-12T00:57:22.634+0000] {dag.py:3036} INFO - Sync 1 DAGs
[2025-01-12T00:57:23.349+0000] {logging_mixin.py:188} INFO - [2025-01-12T00:57:23.348+0000] {dag.py:3823} INFO - Setting next_dagrun for example_task_group to 2025-01-11 00:00:00+00:00, run_after=2025-01-12 00:00:00+00:00
[2025-01-12T00:57:23.619+0000] {processor.py:183} INFO - Processing /home/airflow/.local/lib/python3.8/site-packages/airflow/example_dags/example_task_group.py took 2.093 seconds
[2025-01-12T00:57:54.206+0000] {processor.py:161} INFO - Started process (PID=1855) to work on /home/airflow/.local/lib/python3.8/site-packages/airflow/example_dags/example_task_group.py
[2025-01-12T00:57:54.209+0000] {processor.py:830} INFO - Processing file /home/airflow/.local/lib/python3.8/site-packages/airflow/example_dags/example_task_group.py for tasks to queue
[2025-01-12T00:57:54.211+0000] {logging_mixin.py:188} INFO - [2025-01-12T00:57:54.211+0000] {dagbag.py:538} INFO - Filling up the DagBag from /home/airflow/.local/lib/python3.8/site-packages/airflow/example_dags/example_task_group.py
[2025-01-12T00:57:54.225+0000] {processor.py:840} INFO - DAG(s) 'example_task_group' retrieved from /home/airflow/.local/lib/python3.8/site-packages/airflow/example_dags/example_task_group.py
[2025-01-12T00:57:54.265+0000] {logging_mixin.py:188} INFO - [2025-01-12T00:57:54.265+0000] {dag.py:3036} INFO - Sync 1 DAGs
[2025-01-12T00:57:54.311+0000] {logging_mixin.py:188} INFO - [2025-01-12T00:57:54.310+0000] {dag.py:3823} INFO - Setting next_dagrun for example_task_group to 2025-01-11 00:00:00+00:00, run_after=2025-01-12 00:00:00+00:00
[2025-01-12T00:57:54.344+0000] {processor.py:183} INFO - Processing /home/airflow/.local/lib/python3.8/site-packages/airflow/example_dags/example_task_group.py took 0.146 seconds
[2025-01-12T00:58:24.752+0000] {processor.py:161} INFO - Started process (PID=1911) to work on /home/airflow/.local/lib/python3.8/site-packages/airflow/example_dags/example_task_group.py
[2025-01-12T00:58:24.755+0000] {processor.py:830} INFO - Processing file /home/airflow/.local/lib/python3.8/site-packages/airflow/example_dags/example_task_group.py for tasks to queue
[2025-01-12T00:58:24.759+0000] {logging_mixin.py:188} INFO - [2025-01-12T00:58:24.757+0000] {dagbag.py:538} INFO - Filling up the DagBag from /home/airflow/.local/lib/python3.8/site-packages/airflow/example_dags/example_task_group.py
[2025-01-12T00:58:24.795+0000] {processor.py:840} INFO - DAG(s) 'example_task_group' retrieved from /home/airflow/.local/lib/python3.8/site-packages/airflow/example_dags/example_task_group.py
[2025-01-12T00:58:24.889+0000] {logging_mixin.py:188} INFO - [2025-01-12T00:58:24.889+0000] {dag.py:3036} INFO - Sync 1 DAGs
[2025-01-12T00:58:24.946+0000] {logging_mixin.py:188} INFO - [2025-01-12T00:58:24.946+0000] {dag.py:3823} INFO - Setting next_dagrun for example_task_group to 2025-01-11 00:00:00+00:00, run_after=2025-01-12 00:00:00+00:00
[2025-01-12T00:58:24.996+0000] {processor.py:183} INFO - Processing /home/airflow/.local/lib/python3.8/site-packages/airflow/example_dags/example_task_group.py took 0.261 seconds
[2025-01-12T00:58:55.056+0000] {processor.py:161} INFO - Started process (PID=1967) to work on /home/airflow/.local/lib/python3.8/site-packages/airflow/example_dags/example_task_group.py
[2025-01-12T00:58:55.058+0000] {processor.py:830} INFO - Processing file /home/airflow/.local/lib/python3.8/site-packages/airflow/example_dags/example_task_group.py for tasks to queue
[2025-01-12T00:58:55.060+0000] {logging_mixin.py:188} INFO - [2025-01-12T00:58:55.060+0000] {dagbag.py:538} INFO - Filling up the DagBag from /home/airflow/.local/lib/python3.8/site-packages/airflow/example_dags/example_task_group.py
[2025-01-12T00:58:55.075+0000] {processor.py:840} INFO - DAG(s) 'example_task_group' retrieved from /home/airflow/.local/lib/python3.8/site-packages/airflow/example_dags/example_task_group.py
[2025-01-12T00:58:55.113+0000] {logging_mixin.py:188} INFO - [2025-01-12T00:58:55.112+0000] {dag.py:3036} INFO - Sync 1 DAGs
[2025-01-12T00:58:55.163+0000] {logging_mixin.py:188} INFO - [2025-01-12T00:58:55.163+0000] {dag.py:3823} INFO - Setting next_dagrun for example_task_group to 2025-01-11 00:00:00+00:00, run_after=2025-01-12 00:00:00+00:00
[2025-01-12T00:58:55.198+0000] {processor.py:183} INFO - Processing /home/airflow/.local/lib/python3.8/site-packages/airflow/example_dags/example_task_group.py took 0.149 seconds
[2025-01-12T00:59:25.346+0000] {processor.py:161} INFO - Started process (PID=2022) to work on /home/airflow/.local/lib/python3.8/site-packages/airflow/example_dags/example_task_group.py
[2025-01-12T00:59:25.349+0000] {processor.py:830} INFO - Processing file /home/airflow/.local/lib/python3.8/site-packages/airflow/example_dags/example_task_group.py for tasks to queue
[2025-01-12T00:59:25.352+0000] {logging_mixin.py:188} INFO - [2025-01-12T00:59:25.350+0000] {dagbag.py:538} INFO - Filling up the DagBag from /home/airflow/.local/lib/python3.8/site-packages/airflow/example_dags/example_task_group.py
[2025-01-12T00:59:25.374+0000] {processor.py:840} INFO - DAG(s) 'example_task_group' retrieved from /home/airflow/.local/lib/python3.8/site-packages/airflow/example_dags/example_task_group.py
[2025-01-12T00:59:25.448+0000] {logging_mixin.py:188} INFO - [2025-01-12T00:59:25.447+0000] {dag.py:3036} INFO - Sync 1 DAGs
[2025-01-12T00:59:25.522+0000] {logging_mixin.py:188} INFO - [2025-01-12T00:59:25.522+0000] {dag.py:3823} INFO - Setting next_dagrun for example_task_group to 2025-01-11 00:00:00+00:00, run_after=2025-01-12 00:00:00+00:00
[2025-01-12T00:59:25.593+0000] {processor.py:183} INFO - Processing /home/airflow/.local/lib/python3.8/site-packages/airflow/example_dags/example_task_group.py took 0.256 seconds
[2025-01-12T00:59:55.795+0000] {processor.py:161} INFO - Started process (PID=2077) to work on /home/airflow/.local/lib/python3.8/site-packages/airflow/example_dags/example_task_group.py
[2025-01-12T00:59:55.797+0000] {processor.py:830} INFO - Processing file /home/airflow/.local/lib/python3.8/site-packages/airflow/example_dags/example_task_group.py for tasks to queue
[2025-01-12T00:59:55.800+0000] {logging_mixin.py:188} INFO - [2025-01-12T00:59:55.800+0000] {dagbag.py:538} INFO - Filling up the DagBag from /home/airflow/.local/lib/python3.8/site-packages/airflow/example_dags/example_task_group.py
[2025-01-12T00:59:55.835+0000] {processor.py:840} INFO - DAG(s) 'example_task_group' retrieved from /home/airflow/.local/lib/python3.8/site-packages/airflow/example_dags/example_task_group.py
[2025-01-12T00:59:55.929+0000] {logging_mixin.py:188} INFO - [2025-01-12T00:59:55.919+0000] {dag.py:3036} INFO - Sync 1 DAGs
[2025-01-12T00:59:55.995+0000] {logging_mixin.py:188} INFO - [2025-01-12T00:59:55.995+0000] {dag.py:3823} INFO - Setting next_dagrun for example_task_group to 2025-01-11 00:00:00+00:00, run_after=2025-01-12 00:00:00+00:00
[2025-01-12T00:59:56.076+0000] {processor.py:183} INFO - Processing /home/airflow/.local/lib/python3.8/site-packages/airflow/example_dags/example_task_group.py took 0.295 seconds
[2025-01-12T01:00:26.350+0000] {processor.py:161} INFO - Started process (PID=2133) to work on /home/airflow/.local/lib/python3.8/site-packages/airflow/example_dags/example_task_group.py
[2025-01-12T01:00:26.353+0000] {processor.py:830} INFO - Processing file /home/airflow/.local/lib/python3.8/site-packages/airflow/example_dags/example_task_group.py for tasks to queue
[2025-01-12T01:00:26.355+0000] {logging_mixin.py:188} INFO - [2025-01-12T01:00:26.354+0000] {dagbag.py:538} INFO - Filling up the DagBag from /home/airflow/.local/lib/python3.8/site-packages/airflow/example_dags/example_task_group.py
[2025-01-12T01:00:26.372+0000] {processor.py:840} INFO - DAG(s) 'example_task_group' retrieved from /home/airflow/.local/lib/python3.8/site-packages/airflow/example_dags/example_task_group.py
[2025-01-12T01:00:26.425+0000] {logging_mixin.py:188} INFO - [2025-01-12T01:00:26.425+0000] {dag.py:3036} INFO - Sync 1 DAGs
[2025-01-12T01:00:26.474+0000] {logging_mixin.py:188} INFO - [2025-01-12T01:00:26.473+0000] {dag.py:3823} INFO - Setting next_dagrun for example_task_group to 2025-01-11 00:00:00+00:00, run_after=2025-01-12 00:00:00+00:00
[2025-01-12T01:00:26.761+0000] {processor.py:183} INFO - Processing /home/airflow/.local/lib/python3.8/site-packages/airflow/example_dags/example_task_group.py took 0.424 seconds
[2025-01-12T01:00:57.261+0000] {processor.py:161} INFO - Started process (PID=2189) to work on /home/airflow/.local/lib/python3.8/site-packages/airflow/example_dags/example_task_group.py
[2025-01-12T01:00:57.264+0000] {processor.py:830} INFO - Processing file /home/airflow/.local/lib/python3.8/site-packages/airflow/example_dags/example_task_group.py for tasks to queue
[2025-01-12T01:00:57.266+0000] {logging_mixin.py:188} INFO - [2025-01-12T01:00:57.265+0000] {dagbag.py:538} INFO - Filling up the DagBag from /home/airflow/.local/lib/python3.8/site-packages/airflow/example_dags/example_task_group.py
[2025-01-12T01:00:57.282+0000] {processor.py:840} INFO - DAG(s) 'example_task_group' retrieved from /home/airflow/.local/lib/python3.8/site-packages/airflow/example_dags/example_task_group.py
[2025-01-12T01:00:57.329+0000] {logging_mixin.py:188} INFO - [2025-01-12T01:00:57.329+0000] {dag.py:3036} INFO - Sync 1 DAGs
[2025-01-12T01:00:57.375+0000] {logging_mixin.py:188} INFO - [2025-01-12T01:00:57.374+0000] {dag.py:3823} INFO - Setting next_dagrun for example_task_group to 2025-01-11 00:00:00+00:00, run_after=2025-01-12 00:00:00+00:00
[2025-01-12T01:00:57.410+0000] {processor.py:183} INFO - Processing /home/airflow/.local/lib/python3.8/site-packages/airflow/example_dags/example_task_group.py took 0.157 seconds
[2025-01-12T01:01:27.576+0000] {processor.py:161} INFO - Started process (PID=2240) to work on /home/airflow/.local/lib/python3.8/site-packages/airflow/example_dags/example_task_group.py
[2025-01-12T01:01:27.578+0000] {processor.py:830} INFO - Processing file /home/airflow/.local/lib/python3.8/site-packages/airflow/example_dags/example_task_group.py for tasks to queue
[2025-01-12T01:01:27.581+0000] {logging_mixin.py:188} INFO - [2025-01-12T01:01:27.580+0000] {dagbag.py:538} INFO - Filling up the DagBag from /home/airflow/.local/lib/python3.8/site-packages/airflow/example_dags/example_task_group.py
[2025-01-12T01:01:27.598+0000] {processor.py:840} INFO - DAG(s) 'example_task_group' retrieved from /home/airflow/.local/lib/python3.8/site-packages/airflow/example_dags/example_task_group.py
[2025-01-12T01:01:27.652+0000] {logging_mixin.py:188} INFO - [2025-01-12T01:01:27.652+0000] {dag.py:3036} INFO - Sync 1 DAGs
[2025-01-12T01:01:27.695+0000] {logging_mixin.py:188} INFO - [2025-01-12T01:01:27.694+0000] {dag.py:3823} INFO - Setting next_dagrun for example_task_group to 2025-01-11 00:00:00+00:00, run_after=2025-01-12 00:00:00+00:00
[2025-01-12T01:01:27.738+0000] {processor.py:183} INFO - Processing /home/airflow/.local/lib/python3.8/site-packages/airflow/example_dags/example_task_group.py took 0.168 seconds
[2025-01-12T01:01:58.555+0000] {processor.py:161} INFO - Started process (PID=2296) to work on /home/airflow/.local/lib/python3.8/site-packages/airflow/example_dags/example_task_group.py
[2025-01-12T01:01:58.557+0000] {processor.py:830} INFO - Processing file /home/airflow/.local/lib/python3.8/site-packages/airflow/example_dags/example_task_group.py for tasks to queue
[2025-01-12T01:01:58.561+0000] {logging_mixin.py:188} INFO - [2025-01-12T01:01:58.560+0000] {dagbag.py:538} INFO - Filling up the DagBag from /home/airflow/.local/lib/python3.8/site-packages/airflow/example_dags/example_task_group.py
[2025-01-12T01:01:58.579+0000] {processor.py:840} INFO - DAG(s) 'example_task_group' retrieved from /home/airflow/.local/lib/python3.8/site-packages/airflow/example_dags/example_task_group.py
[2025-01-12T01:01:58.628+0000] {logging_mixin.py:188} INFO - [2025-01-12T01:01:58.628+0000] {dag.py:3036} INFO - Sync 1 DAGs
[2025-01-12T01:01:58.678+0000] {logging_mixin.py:188} INFO - [2025-01-12T01:01:58.678+0000] {dag.py:3823} INFO - Setting next_dagrun for example_task_group to 2025-01-11 00:00:00+00:00, run_after=2025-01-12 00:00:00+00:00
[2025-01-12T01:01:58.722+0000] {processor.py:183} INFO - Processing /home/airflow/.local/lib/python3.8/site-packages/airflow/example_dags/example_task_group.py took 0.175 seconds
[2025-01-12T01:02:28.953+0000] {processor.py:161} INFO - Started process (PID=2352) to work on /home/airflow/.local/lib/python3.8/site-packages/airflow/example_dags/example_task_group.py
[2025-01-12T01:02:28.955+0000] {processor.py:830} INFO - Processing file /home/airflow/.local/lib/python3.8/site-packages/airflow/example_dags/example_task_group.py for tasks to queue
[2025-01-12T01:02:28.958+0000] {logging_mixin.py:188} INFO - [2025-01-12T01:02:28.957+0000] {dagbag.py:538} INFO - Filling up the DagBag from /home/airflow/.local/lib/python3.8/site-packages/airflow/example_dags/example_task_group.py
[2025-01-12T01:02:28.978+0000] {processor.py:840} INFO - DAG(s) 'example_task_group' retrieved from /home/airflow/.local/lib/python3.8/site-packages/airflow/example_dags/example_task_group.py
[2025-01-12T01:02:29.025+0000] {logging_mixin.py:188} INFO - [2025-01-12T01:02:29.024+0000] {dag.py:3036} INFO - Sync 1 DAGs
[2025-01-12T01:02:29.062+0000] {logging_mixin.py:188} INFO - [2025-01-12T01:02:29.062+0000] {dag.py:3823} INFO - Setting next_dagrun for example_task_group to 2025-01-11 00:00:00+00:00, run_after=2025-01-12 00:00:00+00:00
[2025-01-12T01:02:29.111+0000] {processor.py:183} INFO - Processing /home/airflow/.local/lib/python3.8/site-packages/airflow/example_dags/example_task_group.py took 0.164 seconds
[2025-01-12T01:02:59.884+0000] {processor.py:161} INFO - Started process (PID=2408) to work on /home/airflow/.local/lib/python3.8/site-packages/airflow/example_dags/example_task_group.py
[2025-01-12T01:02:59.902+0000] {processor.py:830} INFO - Processing file /home/airflow/.local/lib/python3.8/site-packages/airflow/example_dags/example_task_group.py for tasks to queue
[2025-01-12T01:02:59.909+0000] {logging_mixin.py:188} INFO - [2025-01-12T01:02:59.909+0000] {dagbag.py:538} INFO - Filling up the DagBag from /home/airflow/.local/lib/python3.8/site-packages/airflow/example_dags/example_task_group.py
[2025-01-12T01:03:00.023+0000] {processor.py:840} INFO - DAG(s) 'example_task_group' retrieved from /home/airflow/.local/lib/python3.8/site-packages/airflow/example_dags/example_task_group.py
[2025-01-12T01:03:00.301+0000] {logging_mixin.py:188} INFO - [2025-01-12T01:03:00.300+0000] {dag.py:3036} INFO - Sync 1 DAGs
[2025-01-12T01:03:00.497+0000] {logging_mixin.py:188} INFO - [2025-01-12T01:03:00.496+0000] {dag.py:3823} INFO - Setting next_dagrun for example_task_group to 2025-01-11 00:00:00+00:00, run_after=2025-01-12 00:00:00+00:00
[2025-01-12T01:03:00.750+0000] {processor.py:183} INFO - Processing /home/airflow/.local/lib/python3.8/site-packages/airflow/example_dags/example_task_group.py took 0.880 seconds
[2025-01-12T01:03:31.060+0000] {processor.py:161} INFO - Started process (PID=2465) to work on /home/airflow/.local/lib/python3.8/site-packages/airflow/example_dags/example_task_group.py
[2025-01-12T01:03:31.063+0000] {processor.py:830} INFO - Processing file /home/airflow/.local/lib/python3.8/site-packages/airflow/example_dags/example_task_group.py for tasks to queue
[2025-01-12T01:03:31.066+0000] {logging_mixin.py:188} INFO - [2025-01-12T01:03:31.065+0000] {dagbag.py:538} INFO - Filling up the DagBag from /home/airflow/.local/lib/python3.8/site-packages/airflow/example_dags/example_task_group.py
[2025-01-12T01:03:31.089+0000] {processor.py:840} INFO - DAG(s) 'example_task_group' retrieved from /home/airflow/.local/lib/python3.8/site-packages/airflow/example_dags/example_task_group.py
[2025-01-12T01:03:31.149+0000] {logging_mixin.py:188} INFO - [2025-01-12T01:03:31.148+0000] {dag.py:3036} INFO - Sync 1 DAGs
[2025-01-12T01:03:31.214+0000] {logging_mixin.py:188} INFO - [2025-01-12T01:03:31.213+0000] {dag.py:3823} INFO - Setting next_dagrun for example_task_group to 2025-01-11 00:00:00+00:00, run_after=2025-01-12 00:00:00+00:00
[2025-01-12T01:03:31.278+0000] {processor.py:183} INFO - Processing /home/airflow/.local/lib/python3.8/site-packages/airflow/example_dags/example_task_group.py took 0.225 seconds
[2025-01-12T01:04:01.836+0000] {processor.py:161} INFO - Started process (PID=2520) to work on /home/airflow/.local/lib/python3.8/site-packages/airflow/example_dags/example_task_group.py
[2025-01-12T01:04:01.838+0000] {processor.py:830} INFO - Processing file /home/airflow/.local/lib/python3.8/site-packages/airflow/example_dags/example_task_group.py for tasks to queue
[2025-01-12T01:04:01.839+0000] {logging_mixin.py:188} INFO - [2025-01-12T01:04:01.839+0000] {dagbag.py:538} INFO - Filling up the DagBag from /home/airflow/.local/lib/python3.8/site-packages/airflow/example_dags/example_task_group.py
[2025-01-12T01:04:02.086+0000] {processor.py:840} INFO - DAG(s) 'example_task_group' retrieved from /home/airflow/.local/lib/python3.8/site-packages/airflow/example_dags/example_task_group.py
[2025-01-12T01:04:02.130+0000] {logging_mixin.py:188} INFO - [2025-01-12T01:04:02.130+0000] {dag.py:3036} INFO - Sync 1 DAGs
[2025-01-12T01:04:02.191+0000] {logging_mixin.py:188} INFO - [2025-01-12T01:04:02.190+0000] {dag.py:3823} INFO - Setting next_dagrun for example_task_group to 2025-01-11 00:00:00+00:00, run_after=2025-01-12 00:00:00+00:00
[2025-01-12T01:04:02.240+0000] {processor.py:183} INFO - Processing /home/airflow/.local/lib/python3.8/site-packages/airflow/example_dags/example_task_group.py took 0.409 seconds
[2025-01-12T01:04:33.391+0000] {processor.py:161} INFO - Started process (PID=2576) to work on /home/airflow/.local/lib/python3.8/site-packages/airflow/example_dags/example_task_group.py
[2025-01-12T01:04:33.412+0000] {processor.py:830} INFO - Processing file /home/airflow/.local/lib/python3.8/site-packages/airflow/example_dags/example_task_group.py for tasks to queue
[2025-01-12T01:04:33.433+0000] {logging_mixin.py:188} INFO - [2025-01-12T01:04:33.432+0000] {dagbag.py:538} INFO - Filling up the DagBag from /home/airflow/.local/lib/python3.8/site-packages/airflow/example_dags/example_task_group.py
[2025-01-12T01:04:33.492+0000] {processor.py:840} INFO - DAG(s) 'example_task_group' retrieved from /home/airflow/.local/lib/python3.8/site-packages/airflow/example_dags/example_task_group.py
[2025-01-12T01:04:33.717+0000] {logging_mixin.py:188} INFO - [2025-01-12T01:04:33.716+0000] {dag.py:3036} INFO - Sync 1 DAGs
[2025-01-12T01:04:33.984+0000] {logging_mixin.py:188} INFO - [2025-01-12T01:04:33.983+0000] {dag.py:3823} INFO - Setting next_dagrun for example_task_group to 2025-01-11 00:00:00+00:00, run_after=2025-01-12 00:00:00+00:00
[2025-01-12T01:04:34.204+0000] {processor.py:183} INFO - Processing /home/airflow/.local/lib/python3.8/site-packages/airflow/example_dags/example_task_group.py took 0.843 seconds
[2025-01-12T01:05:04.424+0000] {processor.py:161} INFO - Started process (PID=2638) to work on /home/airflow/.local/lib/python3.8/site-packages/airflow/example_dags/example_task_group.py
[2025-01-12T01:05:04.426+0000] {processor.py:830} INFO - Processing file /home/airflow/.local/lib/python3.8/site-packages/airflow/example_dags/example_task_group.py for tasks to queue
[2025-01-12T01:05:04.439+0000] {logging_mixin.py:188} INFO - [2025-01-12T01:05:04.428+0000] {dagbag.py:538} INFO - Filling up the DagBag from /home/airflow/.local/lib/python3.8/site-packages/airflow/example_dags/example_task_group.py
[2025-01-12T01:05:04.469+0000] {processor.py:840} INFO - DAG(s) 'example_task_group' retrieved from /home/airflow/.local/lib/python3.8/site-packages/airflow/example_dags/example_task_group.py
[2025-01-12T01:05:04.576+0000] {logging_mixin.py:188} INFO - [2025-01-12T01:05:04.575+0000] {dag.py:3036} INFO - Sync 1 DAGs
[2025-01-12T01:05:04.639+0000] {logging_mixin.py:188} INFO - [2025-01-12T01:05:04.638+0000] {dag.py:3823} INFO - Setting next_dagrun for example_task_group to 2025-01-11 00:00:00+00:00, run_after=2025-01-12 00:00:00+00:00
[2025-01-12T01:05:04.687+0000] {processor.py:183} INFO - Processing /home/airflow/.local/lib/python3.8/site-packages/airflow/example_dags/example_task_group.py took 0.284 seconds
[2025-01-12T01:05:35.509+0000] {processor.py:161} INFO - Started process (PID=2694) to work on /home/airflow/.local/lib/python3.8/site-packages/airflow/example_dags/example_task_group.py
[2025-01-12T01:05:35.510+0000] {processor.py:830} INFO - Processing file /home/airflow/.local/lib/python3.8/site-packages/airflow/example_dags/example_task_group.py for tasks to queue
[2025-01-12T01:05:35.512+0000] {logging_mixin.py:188} INFO - [2025-01-12T01:05:35.511+0000] {dagbag.py:538} INFO - Filling up the DagBag from /home/airflow/.local/lib/python3.8/site-packages/airflow/example_dags/example_task_group.py
[2025-01-12T01:05:35.530+0000] {processor.py:840} INFO - DAG(s) 'example_task_group' retrieved from /home/airflow/.local/lib/python3.8/site-packages/airflow/example_dags/example_task_group.py
[2025-01-12T01:05:35.572+0000] {logging_mixin.py:188} INFO - [2025-01-12T01:05:35.572+0000] {dag.py:3036} INFO - Sync 1 DAGs
[2025-01-12T01:05:35.617+0000] {logging_mixin.py:188} INFO - [2025-01-12T01:05:35.617+0000] {dag.py:3823} INFO - Setting next_dagrun for example_task_group to 2025-01-11 00:00:00+00:00, run_after=2025-01-12 00:00:00+00:00
[2025-01-12T01:05:35.658+0000] {processor.py:183} INFO - Processing /home/airflow/.local/lib/python3.8/site-packages/airflow/example_dags/example_task_group.py took 0.154 seconds
[2025-01-12T01:06:06.156+0000] {processor.py:161} INFO - Started process (PID=2751) to work on /home/airflow/.local/lib/python3.8/site-packages/airflow/example_dags/example_task_group.py
[2025-01-12T01:06:06.174+0000] {processor.py:830} INFO - Processing file /home/airflow/.local/lib/python3.8/site-packages/airflow/example_dags/example_task_group.py for tasks to queue
[2025-01-12T01:06:06.200+0000] {logging_mixin.py:188} INFO - [2025-01-12T01:06:06.194+0000] {dagbag.py:538} INFO - Filling up the DagBag from /home/airflow/.local/lib/python3.8/site-packages/airflow/example_dags/example_task_group.py
[2025-01-12T01:06:06.235+0000] {processor.py:840} INFO - DAG(s) 'example_task_group' retrieved from /home/airflow/.local/lib/python3.8/site-packages/airflow/example_dags/example_task_group.py
[2025-01-12T01:06:06.286+0000] {logging_mixin.py:188} INFO - [2025-01-12T01:06:06.286+0000] {dag.py:3036} INFO - Sync 1 DAGs
[2025-01-12T01:06:06.331+0000] {logging_mixin.py:188} INFO - [2025-01-12T01:06:06.331+0000] {dag.py:3823} INFO - Setting next_dagrun for example_task_group to 2025-01-11 00:00:00+00:00, run_after=2025-01-12 00:00:00+00:00
[2025-01-12T01:06:06.369+0000] {processor.py:183} INFO - Processing /home/airflow/.local/lib/python3.8/site-packages/airflow/example_dags/example_task_group.py took 0.233 seconds
[2025-01-12T01:06:36.570+0000] {processor.py:161} INFO - Started process (PID=2807) to work on /home/airflow/.local/lib/python3.8/site-packages/airflow/example_dags/example_task_group.py
[2025-01-12T01:06:36.577+0000] {processor.py:830} INFO - Processing file /home/airflow/.local/lib/python3.8/site-packages/airflow/example_dags/example_task_group.py for tasks to queue
[2025-01-12T01:06:36.580+0000] {logging_mixin.py:188} INFO - [2025-01-12T01:06:36.579+0000] {dagbag.py:538} INFO - Filling up the DagBag from /home/airflow/.local/lib/python3.8/site-packages/airflow/example_dags/example_task_group.py
[2025-01-12T01:06:36.624+0000] {processor.py:840} INFO - DAG(s) 'example_task_group' retrieved from /home/airflow/.local/lib/python3.8/site-packages/airflow/example_dags/example_task_group.py
[2025-01-12T01:06:36.906+0000] {logging_mixin.py:188} INFO - [2025-01-12T01:06:36.906+0000] {dag.py:3036} INFO - Sync 1 DAGs
[2025-01-12T01:06:37.143+0000] {logging_mixin.py:188} INFO - [2025-01-12T01:06:37.142+0000] {dag.py:3823} INFO - Setting next_dagrun for example_task_group to 2025-01-11 00:00:00+00:00, run_after=2025-01-12 00:00:00+00:00
[2025-01-12T01:06:37.238+0000] {processor.py:183} INFO - Processing /home/airflow/.local/lib/python3.8/site-packages/airflow/example_dags/example_task_group.py took 0.682 seconds
[2025-01-12T01:07:07.744+0000] {processor.py:161} INFO - Started process (PID=2864) to work on /home/airflow/.local/lib/python3.8/site-packages/airflow/example_dags/example_task_group.py
[2025-01-12T01:07:07.746+0000] {processor.py:830} INFO - Processing file /home/airflow/.local/lib/python3.8/site-packages/airflow/example_dags/example_task_group.py for tasks to queue
[2025-01-12T01:07:07.749+0000] {logging_mixin.py:188} INFO - [2025-01-12T01:07:07.748+0000] {dagbag.py:538} INFO - Filling up the DagBag from /home/airflow/.local/lib/python3.8/site-packages/airflow/example_dags/example_task_group.py
[2025-01-12T01:07:07.765+0000] {processor.py:840} INFO - DAG(s) 'example_task_group' retrieved from /home/airflow/.local/lib/python3.8/site-packages/airflow/example_dags/example_task_group.py
[2025-01-12T01:07:07.805+0000] {logging_mixin.py:188} INFO - [2025-01-12T01:07:07.805+0000] {dag.py:3036} INFO - Sync 1 DAGs
[2025-01-12T01:07:07.852+0000] {logging_mixin.py:188} INFO - [2025-01-12T01:07:07.851+0000] {dag.py:3823} INFO - Setting next_dagrun for example_task_group to 2025-01-11 00:00:00+00:00, run_after=2025-01-12 00:00:00+00:00
[2025-01-12T01:07:07.888+0000] {processor.py:183} INFO - Processing /home/airflow/.local/lib/python3.8/site-packages/airflow/example_dags/example_task_group.py took 0.149 seconds
[2025-01-12T01:07:38.550+0000] {processor.py:161} INFO - Started process (PID=2918) to work on /home/airflow/.local/lib/python3.8/site-packages/airflow/example_dags/example_task_group.py
[2025-01-12T01:07:38.551+0000] {processor.py:830} INFO - Processing file /home/airflow/.local/lib/python3.8/site-packages/airflow/example_dags/example_task_group.py for tasks to queue
[2025-01-12T01:07:38.553+0000] {logging_mixin.py:188} INFO - [2025-01-12T01:07:38.552+0000] {dagbag.py:538} INFO - Filling up the DagBag from /home/airflow/.local/lib/python3.8/site-packages/airflow/example_dags/example_task_group.py
[2025-01-12T01:07:38.563+0000] {processor.py:840} INFO - DAG(s) 'example_task_group' retrieved from /home/airflow/.local/lib/python3.8/site-packages/airflow/example_dags/example_task_group.py
[2025-01-12T01:07:38.600+0000] {logging_mixin.py:188} INFO - [2025-01-12T01:07:38.599+0000] {dag.py:3036} INFO - Sync 1 DAGs
[2025-01-12T01:07:38.651+0000] {logging_mixin.py:188} INFO - [2025-01-12T01:07:38.651+0000] {dag.py:3823} INFO - Setting next_dagrun for example_task_group to 2025-01-11 00:00:00+00:00, run_after=2025-01-12 00:00:00+00:00
[2025-01-12T01:07:38.687+0000] {processor.py:183} INFO - Processing /home/airflow/.local/lib/python3.8/site-packages/airflow/example_dags/example_task_group.py took 0.143 seconds
[2025-01-12T01:08:09.564+0000] {processor.py:161} INFO - Started process (PID=2974) to work on /home/airflow/.local/lib/python3.8/site-packages/airflow/example_dags/example_task_group.py
[2025-01-12T01:08:09.588+0000] {processor.py:830} INFO - Processing file /home/airflow/.local/lib/python3.8/site-packages/airflow/example_dags/example_task_group.py for tasks to queue
[2025-01-12T01:08:09.603+0000] {logging_mixin.py:188} INFO - [2025-01-12T01:08:09.601+0000] {dagbag.py:538} INFO - Filling up the DagBag from /home/airflow/.local/lib/python3.8/site-packages/airflow/example_dags/example_task_group.py
[2025-01-12T01:08:09.710+0000] {processor.py:840} INFO - DAG(s) 'example_task_group' retrieved from /home/airflow/.local/lib/python3.8/site-packages/airflow/example_dags/example_task_group.py
[2025-01-12T01:08:10.064+0000] {logging_mixin.py:188} INFO - [2025-01-12T01:08:10.064+0000] {dag.py:3036} INFO - Sync 1 DAGs
[2025-01-12T01:08:10.502+0000] {logging_mixin.py:188} INFO - [2025-01-12T01:08:10.501+0000] {dag.py:3823} INFO - Setting next_dagrun for example_task_group to 2025-01-11 00:00:00+00:00, run_after=2025-01-12 00:00:00+00:00
[2025-01-12T01:08:10.924+0000] {processor.py:183} INFO - Processing /home/airflow/.local/lib/python3.8/site-packages/airflow/example_dags/example_task_group.py took 1.413 seconds
