[2025-01-12T00:41:28.744+0000] {processor.py:161} INFO - Started process (PID=85) to work on /home/airflow/.local/lib/python3.8/site-packages/airflow/example_dags/example_sensors.py
[2025-01-12T00:41:28.746+0000] {processor.py:830} INFO - Processing file /home/airflow/.local/lib/python3.8/site-packages/airflow/example_dags/example_sensors.py for tasks to queue
[2025-01-12T00:41:28.750+0000] {logging_mixin.py:188} INFO - [2025-01-12T00:41:28.749+0000] {dagbag.py:538} INFO - Filling up the DagBag from /home/airflow/.local/lib/python3.8/site-packages/airflow/example_dags/example_sensors.py
[2025-01-12T00:41:28.779+0000] {processor.py:840} INFO - DAG(s) 'example_sensors' retrieved from /home/airflow/.local/lib/python3.8/site-packages/airflow/example_dags/example_sensors.py
[2025-01-12T00:41:28.811+0000] {logging_mixin.py:188} INFO - [2025-01-12T00:41:28.810+0000] {dag.py:3036} INFO - Sync 1 DAGs
[2025-01-12T00:41:28.839+0000] {logging_mixin.py:188} INFO - [2025-01-12T00:41:28.839+0000] {dag.py:3823} INFO - Setting next_dagrun for example_sensors to None, run_after=None
[2025-01-12T00:41:28.897+0000] {processor.py:183} INFO - Processing /home/airflow/.local/lib/python3.8/site-packages/airflow/example_dags/example_sensors.py took 0.159 seconds
[2025-01-12T00:42:01.943+0000] {processor.py:161} INFO - Started process (PID=141) to work on /home/airflow/.local/lib/python3.8/site-packages/airflow/example_dags/example_sensors.py
[2025-01-12T00:42:01.946+0000] {processor.py:830} INFO - Processing file /home/airflow/.local/lib/python3.8/site-packages/airflow/example_dags/example_sensors.py for tasks to queue
[2025-01-12T00:42:01.951+0000] {logging_mixin.py:188} INFO - [2025-01-12T00:42:01.950+0000] {dagbag.py:538} INFO - Filling up the DagBag from /home/airflow/.local/lib/python3.8/site-packages/airflow/example_dags/example_sensors.py
[2025-01-12T00:42:01.994+0000] {processor.py:840} INFO - DAG(s) 'example_sensors' retrieved from /home/airflow/.local/lib/python3.8/site-packages/airflow/example_dags/example_sensors.py
[2025-01-12T00:42:02.593+0000] {logging_mixin.py:188} INFO - [2025-01-12T00:42:02.589+0000] {dag.py:3036} INFO - Sync 1 DAGs
[2025-01-12T00:42:02.673+0000] {logging_mixin.py:188} INFO - [2025-01-12T00:42:02.673+0000] {dag.py:3823} INFO - Setting next_dagrun for example_sensors to None, run_after=None
[2025-01-12T00:42:02.804+0000] {processor.py:183} INFO - Processing /home/airflow/.local/lib/python3.8/site-packages/airflow/example_dags/example_sensors.py took 0.878 seconds
[2025-01-12T00:42:33.355+0000] {processor.py:161} INFO - Started process (PID=197) to work on /home/airflow/.local/lib/python3.8/site-packages/airflow/example_dags/example_sensors.py
[2025-01-12T00:42:33.358+0000] {processor.py:830} INFO - Processing file /home/airflow/.local/lib/python3.8/site-packages/airflow/example_dags/example_sensors.py for tasks to queue
[2025-01-12T00:42:33.366+0000] {logging_mixin.py:188} INFO - [2025-01-12T00:42:33.365+0000] {dagbag.py:538} INFO - Filling up the DagBag from /home/airflow/.local/lib/python3.8/site-packages/airflow/example_dags/example_sensors.py
[2025-01-12T00:42:33.412+0000] {processor.py:840} INFO - DAG(s) 'example_sensors' retrieved from /home/airflow/.local/lib/python3.8/site-packages/airflow/example_dags/example_sensors.py
[2025-01-12T00:42:33.497+0000] {logging_mixin.py:188} INFO - [2025-01-12T00:42:33.497+0000] {dag.py:3036} INFO - Sync 1 DAGs
[2025-01-12T00:42:33.539+0000] {logging_mixin.py:188} INFO - [2025-01-12T00:42:33.538+0000] {dag.py:3823} INFO - Setting next_dagrun for example_sensors to None, run_after=None
[2025-01-12T00:42:33.649+0000] {processor.py:183} INFO - Processing /home/airflow/.local/lib/python3.8/site-packages/airflow/example_dags/example_sensors.py took 0.312 seconds
[2025-01-12T00:43:04.194+0000] {processor.py:161} INFO - Started process (PID=254) to work on /home/airflow/.local/lib/python3.8/site-packages/airflow/example_dags/example_sensors.py
[2025-01-12T00:43:04.203+0000] {processor.py:830} INFO - Processing file /home/airflow/.local/lib/python3.8/site-packages/airflow/example_dags/example_sensors.py for tasks to queue
[2025-01-12T00:43:04.210+0000] {logging_mixin.py:188} INFO - [2025-01-12T00:43:04.209+0000] {dagbag.py:538} INFO - Filling up the DagBag from /home/airflow/.local/lib/python3.8/site-packages/airflow/example_dags/example_sensors.py
[2025-01-12T00:43:04.271+0000] {processor.py:840} INFO - DAG(s) 'example_sensors' retrieved from /home/airflow/.local/lib/python3.8/site-packages/airflow/example_dags/example_sensors.py
[2025-01-12T00:43:04.419+0000] {logging_mixin.py:188} INFO - [2025-01-12T00:43:04.419+0000] {dag.py:3036} INFO - Sync 1 DAGs
[2025-01-12T00:43:04.506+0000] {logging_mixin.py:188} INFO - [2025-01-12T00:43:04.505+0000] {dag.py:3823} INFO - Setting next_dagrun for example_sensors to None, run_after=None
[2025-01-12T00:43:04.593+0000] {processor.py:183} INFO - Processing /home/airflow/.local/lib/python3.8/site-packages/airflow/example_dags/example_sensors.py took 0.407 seconds
[2025-01-12T00:43:36.181+0000] {processor.py:161} INFO - Started process (PID=310) to work on /home/airflow/.local/lib/python3.8/site-packages/airflow/example_dags/example_sensors.py
[2025-01-12T00:43:36.188+0000] {processor.py:830} INFO - Processing file /home/airflow/.local/lib/python3.8/site-packages/airflow/example_dags/example_sensors.py for tasks to queue
[2025-01-12T00:43:36.195+0000] {logging_mixin.py:188} INFO - [2025-01-12T00:43:36.194+0000] {dagbag.py:538} INFO - Filling up the DagBag from /home/airflow/.local/lib/python3.8/site-packages/airflow/example_dags/example_sensors.py
[2025-01-12T00:43:36.248+0000] {processor.py:840} INFO - DAG(s) 'example_sensors' retrieved from /home/airflow/.local/lib/python3.8/site-packages/airflow/example_dags/example_sensors.py
[2025-01-12T00:43:36.297+0000] {logging_mixin.py:188} INFO - [2025-01-12T00:43:36.296+0000] {dag.py:3036} INFO - Sync 1 DAGs
[2025-01-12T00:43:36.387+0000] {logging_mixin.py:188} INFO - [2025-01-12T00:43:36.387+0000] {dag.py:3823} INFO - Setting next_dagrun for example_sensors to None, run_after=None
[2025-01-12T00:43:36.466+0000] {processor.py:183} INFO - Processing /home/airflow/.local/lib/python3.8/site-packages/airflow/example_dags/example_sensors.py took 0.301 seconds
[2025-01-12T00:44:06.867+0000] {processor.py:161} INFO - Started process (PID=366) to work on /home/airflow/.local/lib/python3.8/site-packages/airflow/example_dags/example_sensors.py
[2025-01-12T00:44:06.869+0000] {processor.py:830} INFO - Processing file /home/airflow/.local/lib/python3.8/site-packages/airflow/example_dags/example_sensors.py for tasks to queue
[2025-01-12T00:44:06.872+0000] {logging_mixin.py:188} INFO - [2025-01-12T00:44:06.872+0000] {dagbag.py:538} INFO - Filling up the DagBag from /home/airflow/.local/lib/python3.8/site-packages/airflow/example_dags/example_sensors.py
[2025-01-12T00:44:06.883+0000] {processor.py:840} INFO - DAG(s) 'example_sensors' retrieved from /home/airflow/.local/lib/python3.8/site-packages/airflow/example_dags/example_sensors.py
[2025-01-12T00:44:07.059+0000] {logging_mixin.py:188} INFO - [2025-01-12T00:44:07.059+0000] {dag.py:3036} INFO - Sync 1 DAGs
[2025-01-12T00:44:07.078+0000] {logging_mixin.py:188} INFO - [2025-01-12T00:44:07.077+0000] {dag.py:3823} INFO - Setting next_dagrun for example_sensors to None, run_after=None
[2025-01-12T00:44:07.110+0000] {processor.py:183} INFO - Processing /home/airflow/.local/lib/python3.8/site-packages/airflow/example_dags/example_sensors.py took 0.247 seconds
[2025-01-12T00:44:38.232+0000] {processor.py:161} INFO - Started process (PID=422) to work on /home/airflow/.local/lib/python3.8/site-packages/airflow/example_dags/example_sensors.py
[2025-01-12T00:44:38.248+0000] {processor.py:830} INFO - Processing file /home/airflow/.local/lib/python3.8/site-packages/airflow/example_dags/example_sensors.py for tasks to queue
[2025-01-12T00:44:38.263+0000] {logging_mixin.py:188} INFO - [2025-01-12T00:44:38.252+0000] {dagbag.py:538} INFO - Filling up the DagBag from /home/airflow/.local/lib/python3.8/site-packages/airflow/example_dags/example_sensors.py
[2025-01-12T00:44:38.369+0000] {processor.py:840} INFO - DAG(s) 'example_sensors' retrieved from /home/airflow/.local/lib/python3.8/site-packages/airflow/example_dags/example_sensors.py
[2025-01-12T00:44:38.594+0000] {logging_mixin.py:188} INFO - [2025-01-12T00:44:38.594+0000] {dag.py:3036} INFO - Sync 1 DAGs
[2025-01-12T00:44:38.724+0000] {logging_mixin.py:188} INFO - [2025-01-12T00:44:38.723+0000] {dag.py:3823} INFO - Setting next_dagrun for example_sensors to None, run_after=None
[2025-01-12T00:44:38.888+0000] {processor.py:183} INFO - Processing /home/airflow/.local/lib/python3.8/site-packages/airflow/example_dags/example_sensors.py took 0.721 seconds
[2025-01-12T00:45:09.786+0000] {processor.py:161} INFO - Started process (PID=478) to work on /home/airflow/.local/lib/python3.8/site-packages/airflow/example_dags/example_sensors.py
[2025-01-12T00:45:09.788+0000] {processor.py:830} INFO - Processing file /home/airflow/.local/lib/python3.8/site-packages/airflow/example_dags/example_sensors.py for tasks to queue
[2025-01-12T00:45:09.791+0000] {logging_mixin.py:188} INFO - [2025-01-12T00:45:09.791+0000] {dagbag.py:538} INFO - Filling up the DagBag from /home/airflow/.local/lib/python3.8/site-packages/airflow/example_dags/example_sensors.py
[2025-01-12T00:45:09.805+0000] {processor.py:840} INFO - DAG(s) 'example_sensors' retrieved from /home/airflow/.local/lib/python3.8/site-packages/airflow/example_dags/example_sensors.py
[2025-01-12T00:45:09.843+0000] {logging_mixin.py:188} INFO - [2025-01-12T00:45:09.843+0000] {dag.py:3036} INFO - Sync 1 DAGs
[2025-01-12T00:45:09.861+0000] {logging_mixin.py:188} INFO - [2025-01-12T00:45:09.861+0000] {dag.py:3823} INFO - Setting next_dagrun for example_sensors to None, run_after=None
[2025-01-12T00:45:09.891+0000] {processor.py:183} INFO - Processing /home/airflow/.local/lib/python3.8/site-packages/airflow/example_dags/example_sensors.py took 0.109 seconds
[2025-01-12T00:45:40.185+0000] {processor.py:161} INFO - Started process (PID=535) to work on /home/airflow/.local/lib/python3.8/site-packages/airflow/example_dags/example_sensors.py
[2025-01-12T00:45:40.187+0000] {processor.py:830} INFO - Processing file /home/airflow/.local/lib/python3.8/site-packages/airflow/example_dags/example_sensors.py for tasks to queue
[2025-01-12T00:45:40.190+0000] {logging_mixin.py:188} INFO - [2025-01-12T00:45:40.190+0000] {dagbag.py:538} INFO - Filling up the DagBag from /home/airflow/.local/lib/python3.8/site-packages/airflow/example_dags/example_sensors.py
[2025-01-12T00:45:40.208+0000] {processor.py:840} INFO - DAG(s) 'example_sensors' retrieved from /home/airflow/.local/lib/python3.8/site-packages/airflow/example_dags/example_sensors.py
[2025-01-12T00:45:40.252+0000] {logging_mixin.py:188} INFO - [2025-01-12T00:45:40.251+0000] {dag.py:3036} INFO - Sync 1 DAGs
[2025-01-12T00:45:40.271+0000] {logging_mixin.py:188} INFO - [2025-01-12T00:45:40.271+0000] {dag.py:3823} INFO - Setting next_dagrun for example_sensors to None, run_after=None
[2025-01-12T00:45:40.311+0000] {processor.py:183} INFO - Processing /home/airflow/.local/lib/python3.8/site-packages/airflow/example_dags/example_sensors.py took 0.131 seconds
[2025-01-12T00:46:10.566+0000] {processor.py:161} INFO - Started process (PID=591) to work on /home/airflow/.local/lib/python3.8/site-packages/airflow/example_dags/example_sensors.py
[2025-01-12T00:46:10.568+0000] {processor.py:830} INFO - Processing file /home/airflow/.local/lib/python3.8/site-packages/airflow/example_dags/example_sensors.py for tasks to queue
[2025-01-12T00:46:10.572+0000] {logging_mixin.py:188} INFO - [2025-01-12T00:46:10.571+0000] {dagbag.py:538} INFO - Filling up the DagBag from /home/airflow/.local/lib/python3.8/site-packages/airflow/example_dags/example_sensors.py
[2025-01-12T00:46:10.587+0000] {processor.py:840} INFO - DAG(s) 'example_sensors' retrieved from /home/airflow/.local/lib/python3.8/site-packages/airflow/example_dags/example_sensors.py
[2025-01-12T00:46:10.670+0000] {logging_mixin.py:188} INFO - [2025-01-12T00:46:10.669+0000] {dag.py:3036} INFO - Sync 1 DAGs
[2025-01-12T00:46:10.707+0000] {logging_mixin.py:188} INFO - [2025-01-12T00:46:10.706+0000] {dag.py:3823} INFO - Setting next_dagrun for example_sensors to None, run_after=None
[2025-01-12T00:46:10.753+0000] {processor.py:183} INFO - Processing /home/airflow/.local/lib/python3.8/site-packages/airflow/example_dags/example_sensors.py took 0.193 seconds
[2025-01-12T00:46:41.421+0000] {processor.py:161} INFO - Started process (PID=647) to work on /home/airflow/.local/lib/python3.8/site-packages/airflow/example_dags/example_sensors.py
[2025-01-12T00:46:41.423+0000] {processor.py:830} INFO - Processing file /home/airflow/.local/lib/python3.8/site-packages/airflow/example_dags/example_sensors.py for tasks to queue
[2025-01-12T00:46:41.425+0000] {logging_mixin.py:188} INFO - [2025-01-12T00:46:41.425+0000] {dagbag.py:538} INFO - Filling up the DagBag from /home/airflow/.local/lib/python3.8/site-packages/airflow/example_dags/example_sensors.py
[2025-01-12T00:46:41.436+0000] {processor.py:840} INFO - DAG(s) 'example_sensors' retrieved from /home/airflow/.local/lib/python3.8/site-packages/airflow/example_dags/example_sensors.py
[2025-01-12T00:46:41.511+0000] {logging_mixin.py:188} INFO - [2025-01-12T00:46:41.510+0000] {dag.py:3036} INFO - Sync 1 DAGs
[2025-01-12T00:46:41.542+0000] {logging_mixin.py:188} INFO - [2025-01-12T00:46:41.537+0000] {dag.py:3823} INFO - Setting next_dagrun for example_sensors to None, run_after=None
[2025-01-12T00:46:41.604+0000] {processor.py:183} INFO - Processing /home/airflow/.local/lib/python3.8/site-packages/airflow/example_dags/example_sensors.py took 0.187 seconds
[2025-01-12T00:47:12.094+0000] {processor.py:161} INFO - Started process (PID=704) to work on /home/airflow/.local/lib/python3.8/site-packages/airflow/example_dags/example_sensors.py
[2025-01-12T00:47:12.102+0000] {processor.py:830} INFO - Processing file /home/airflow/.local/lib/python3.8/site-packages/airflow/example_dags/example_sensors.py for tasks to queue
[2025-01-12T00:47:12.116+0000] {logging_mixin.py:188} INFO - [2025-01-12T00:47:12.115+0000] {dagbag.py:538} INFO - Filling up the DagBag from /home/airflow/.local/lib/python3.8/site-packages/airflow/example_dags/example_sensors.py
[2025-01-12T00:47:12.200+0000] {processor.py:840} INFO - DAG(s) 'example_sensors' retrieved from /home/airflow/.local/lib/python3.8/site-packages/airflow/example_dags/example_sensors.py
[2025-01-12T00:47:12.565+0000] {logging_mixin.py:188} INFO - [2025-01-12T00:47:12.564+0000] {dag.py:3036} INFO - Sync 1 DAGs
[2025-01-12T00:47:12.690+0000] {logging_mixin.py:188} INFO - [2025-01-12T00:47:12.689+0000] {dag.py:3823} INFO - Setting next_dagrun for example_sensors to None, run_after=None
[2025-01-12T00:47:12.823+0000] {processor.py:183} INFO - Processing /home/airflow/.local/lib/python3.8/site-packages/airflow/example_dags/example_sensors.py took 0.742 seconds
[2025-01-12T00:47:43.495+0000] {processor.py:161} INFO - Started process (PID=760) to work on /home/airflow/.local/lib/python3.8/site-packages/airflow/example_dags/example_sensors.py
[2025-01-12T00:47:43.498+0000] {processor.py:830} INFO - Processing file /home/airflow/.local/lib/python3.8/site-packages/airflow/example_dags/example_sensors.py for tasks to queue
[2025-01-12T00:47:43.505+0000] {logging_mixin.py:188} INFO - [2025-01-12T00:47:43.504+0000] {dagbag.py:538} INFO - Filling up the DagBag from /home/airflow/.local/lib/python3.8/site-packages/airflow/example_dags/example_sensors.py
[2025-01-12T00:47:43.540+0000] {processor.py:840} INFO - DAG(s) 'example_sensors' retrieved from /home/airflow/.local/lib/python3.8/site-packages/airflow/example_dags/example_sensors.py
[2025-01-12T00:47:43.656+0000] {logging_mixin.py:188} INFO - [2025-01-12T00:47:43.655+0000] {dag.py:3036} INFO - Sync 1 DAGs
[2025-01-12T00:47:43.710+0000] {logging_mixin.py:188} INFO - [2025-01-12T00:47:43.709+0000] {dag.py:3823} INFO - Setting next_dagrun for example_sensors to None, run_after=None
[2025-01-12T00:47:43.778+0000] {processor.py:183} INFO - Processing /home/airflow/.local/lib/python3.8/site-packages/airflow/example_dags/example_sensors.py took 0.298 seconds
[2025-01-12T00:48:14.219+0000] {processor.py:161} INFO - Started process (PID=816) to work on /home/airflow/.local/lib/python3.8/site-packages/airflow/example_dags/example_sensors.py
[2025-01-12T00:48:14.222+0000] {processor.py:830} INFO - Processing file /home/airflow/.local/lib/python3.8/site-packages/airflow/example_dags/example_sensors.py for tasks to queue
[2025-01-12T00:48:14.234+0000] {logging_mixin.py:188} INFO - [2025-01-12T00:48:14.233+0000] {dagbag.py:538} INFO - Filling up the DagBag from /home/airflow/.local/lib/python3.8/site-packages/airflow/example_dags/example_sensors.py
[2025-01-12T00:48:14.269+0000] {processor.py:840} INFO - DAG(s) 'example_sensors' retrieved from /home/airflow/.local/lib/python3.8/site-packages/airflow/example_dags/example_sensors.py
[2025-01-12T00:48:14.332+0000] {logging_mixin.py:188} INFO - [2025-01-12T00:48:14.332+0000] {dag.py:3036} INFO - Sync 1 DAGs
[2025-01-12T00:48:14.364+0000] {logging_mixin.py:188} INFO - [2025-01-12T00:48:14.364+0000] {dag.py:3823} INFO - Setting next_dagrun for example_sensors to None, run_after=None
[2025-01-12T00:48:14.406+0000] {processor.py:183} INFO - Processing /home/airflow/.local/lib/python3.8/site-packages/airflow/example_dags/example_sensors.py took 0.201 seconds
[2025-01-12T00:48:45.143+0000] {processor.py:161} INFO - Started process (PID=872) to work on /home/airflow/.local/lib/python3.8/site-packages/airflow/example_dags/example_sensors.py
[2025-01-12T00:48:45.145+0000] {processor.py:830} INFO - Processing file /home/airflow/.local/lib/python3.8/site-packages/airflow/example_dags/example_sensors.py for tasks to queue
[2025-01-12T00:48:45.151+0000] {logging_mixin.py:188} INFO - [2025-01-12T00:48:45.149+0000] {dagbag.py:538} INFO - Filling up the DagBag from /home/airflow/.local/lib/python3.8/site-packages/airflow/example_dags/example_sensors.py
[2025-01-12T00:48:45.217+0000] {processor.py:840} INFO - DAG(s) 'example_sensors' retrieved from /home/airflow/.local/lib/python3.8/site-packages/airflow/example_dags/example_sensors.py
[2025-01-12T00:48:45.509+0000] {logging_mixin.py:188} INFO - [2025-01-12T00:48:45.508+0000] {dag.py:3036} INFO - Sync 1 DAGs
[2025-01-12T00:48:45.625+0000] {logging_mixin.py:188} INFO - [2025-01-12T00:48:45.624+0000] {dag.py:3823} INFO - Setting next_dagrun for example_sensors to None, run_after=None
[2025-01-12T00:48:45.782+0000] {processor.py:183} INFO - Processing /home/airflow/.local/lib/python3.8/site-packages/airflow/example_dags/example_sensors.py took 0.651 seconds
[2025-01-12T00:49:16.301+0000] {processor.py:161} INFO - Started process (PID=928) to work on /home/airflow/.local/lib/python3.8/site-packages/airflow/example_dags/example_sensors.py
[2025-01-12T00:49:16.302+0000] {processor.py:830} INFO - Processing file /home/airflow/.local/lib/python3.8/site-packages/airflow/example_dags/example_sensors.py for tasks to queue
[2025-01-12T00:49:16.306+0000] {logging_mixin.py:188} INFO - [2025-01-12T00:49:16.305+0000] {dagbag.py:538} INFO - Filling up the DagBag from /home/airflow/.local/lib/python3.8/site-packages/airflow/example_dags/example_sensors.py
[2025-01-12T00:49:16.335+0000] {processor.py:840} INFO - DAG(s) 'example_sensors' retrieved from /home/airflow/.local/lib/python3.8/site-packages/airflow/example_dags/example_sensors.py
[2025-01-12T00:49:16.420+0000] {logging_mixin.py:188} INFO - [2025-01-12T00:49:16.419+0000] {dag.py:3036} INFO - Sync 1 DAGs
[2025-01-12T00:49:16.462+0000] {logging_mixin.py:188} INFO - [2025-01-12T00:49:16.461+0000] {dag.py:3823} INFO - Setting next_dagrun for example_sensors to None, run_after=None
[2025-01-12T00:49:16.530+0000] {processor.py:183} INFO - Processing /home/airflow/.local/lib/python3.8/site-packages/airflow/example_dags/example_sensors.py took 0.236 seconds
[2025-01-12T00:49:47.604+0000] {processor.py:161} INFO - Started process (PID=983) to work on /home/airflow/.local/lib/python3.8/site-packages/airflow/example_dags/example_sensors.py
[2025-01-12T00:49:47.611+0000] {processor.py:830} INFO - Processing file /home/airflow/.local/lib/python3.8/site-packages/airflow/example_dags/example_sensors.py for tasks to queue
[2025-01-12T00:49:47.619+0000] {logging_mixin.py:188} INFO - [2025-01-12T00:49:47.617+0000] {dagbag.py:538} INFO - Filling up the DagBag from /home/airflow/.local/lib/python3.8/site-packages/airflow/example_dags/example_sensors.py
[2025-01-12T00:49:47.656+0000] {processor.py:840} INFO - DAG(s) 'example_sensors' retrieved from /home/airflow/.local/lib/python3.8/site-packages/airflow/example_dags/example_sensors.py
[2025-01-12T00:49:47.771+0000] {logging_mixin.py:188} INFO - [2025-01-12T00:49:47.770+0000] {dag.py:3036} INFO - Sync 1 DAGs
[2025-01-12T00:49:47.825+0000] {logging_mixin.py:188} INFO - [2025-01-12T00:49:47.824+0000] {dag.py:3823} INFO - Setting next_dagrun for example_sensors to None, run_after=None
[2025-01-12T00:49:47.907+0000] {processor.py:183} INFO - Processing /home/airflow/.local/lib/python3.8/site-packages/airflow/example_dags/example_sensors.py took 0.311 seconds
[2025-01-12T00:50:24.261+0000] {processor.py:161} INFO - Started process (PID=1037) to work on /home/airflow/.local/lib/python3.8/site-packages/airflow/example_dags/example_sensors.py
[2025-01-12T00:50:24.274+0000] {processor.py:830} INFO - Processing file /home/airflow/.local/lib/python3.8/site-packages/airflow/example_dags/example_sensors.py for tasks to queue
[2025-01-12T00:50:24.289+0000] {logging_mixin.py:188} INFO - [2025-01-12T00:50:24.288+0000] {dagbag.py:538} INFO - Filling up the DagBag from /home/airflow/.local/lib/python3.8/site-packages/airflow/example_dags/example_sensors.py
[2025-01-12T00:50:24.362+0000] {processor.py:840} INFO - DAG(s) 'example_sensors' retrieved from /home/airflow/.local/lib/python3.8/site-packages/airflow/example_dags/example_sensors.py
[2025-01-12T00:50:24.677+0000] {logging_mixin.py:188} INFO - [2025-01-12T00:50:24.677+0000] {dag.py:3036} INFO - Sync 1 DAGs
[2025-01-12T00:50:24.846+0000] {logging_mixin.py:188} INFO - [2025-01-12T00:50:24.845+0000] {dag.py:3823} INFO - Setting next_dagrun for example_sensors to None, run_after=None
[2025-01-12T00:50:25.054+0000] {processor.py:183} INFO - Processing /home/airflow/.local/lib/python3.8/site-packages/airflow/example_dags/example_sensors.py took 0.820 seconds
[2025-01-12T00:50:55.836+0000] {processor.py:161} INFO - Started process (PID=1094) to work on /home/airflow/.local/lib/python3.8/site-packages/airflow/example_dags/example_sensors.py
[2025-01-12T00:50:55.839+0000] {processor.py:830} INFO - Processing file /home/airflow/.local/lib/python3.8/site-packages/airflow/example_dags/example_sensors.py for tasks to queue
[2025-01-12T00:50:55.848+0000] {logging_mixin.py:188} INFO - [2025-01-12T00:50:55.847+0000] {dagbag.py:538} INFO - Filling up the DagBag from /home/airflow/.local/lib/python3.8/site-packages/airflow/example_dags/example_sensors.py
[2025-01-12T00:50:55.892+0000] {processor.py:840} INFO - DAG(s) 'example_sensors' retrieved from /home/airflow/.local/lib/python3.8/site-packages/airflow/example_dags/example_sensors.py
[2025-01-12T00:50:56.035+0000] {logging_mixin.py:188} INFO - [2025-01-12T00:50:56.034+0000] {dag.py:3036} INFO - Sync 1 DAGs
[2025-01-12T00:50:56.108+0000] {logging_mixin.py:188} INFO - [2025-01-12T00:50:56.106+0000] {dag.py:3823} INFO - Setting next_dagrun for example_sensors to None, run_after=None
[2025-01-12T00:50:56.207+0000] {processor.py:183} INFO - Processing /home/airflow/.local/lib/python3.8/site-packages/airflow/example_dags/example_sensors.py took 0.387 seconds
[2025-01-12T00:51:28.122+0000] {processor.py:161} INFO - Started process (PID=1151) to work on /home/airflow/.local/lib/python3.8/site-packages/airflow/example_dags/example_sensors.py
[2025-01-12T00:51:28.125+0000] {processor.py:830} INFO - Processing file /home/airflow/.local/lib/python3.8/site-packages/airflow/example_dags/example_sensors.py for tasks to queue
[2025-01-12T00:51:28.140+0000] {logging_mixin.py:188} INFO - [2025-01-12T00:51:28.139+0000] {dagbag.py:538} INFO - Filling up the DagBag from /home/airflow/.local/lib/python3.8/site-packages/airflow/example_dags/example_sensors.py
[2025-01-12T00:51:28.222+0000] {processor.py:840} INFO - DAG(s) 'example_sensors' retrieved from /home/airflow/.local/lib/python3.8/site-packages/airflow/example_dags/example_sensors.py
[2025-01-12T00:51:28.368+0000] {logging_mixin.py:188} INFO - [2025-01-12T00:51:28.367+0000] {dag.py:3036} INFO - Sync 1 DAGs
[2025-01-12T00:51:28.441+0000] {logging_mixin.py:188} INFO - [2025-01-12T00:51:28.440+0000] {dag.py:3823} INFO - Setting next_dagrun for example_sensors to None, run_after=None
[2025-01-12T00:51:28.511+0000] {processor.py:183} INFO - Processing /home/airflow/.local/lib/python3.8/site-packages/airflow/example_dags/example_sensors.py took 0.418 seconds
[2025-01-12T00:51:58.672+0000] {processor.py:161} INFO - Started process (PID=1207) to work on /home/airflow/.local/lib/python3.8/site-packages/airflow/example_dags/example_sensors.py
[2025-01-12T00:51:58.674+0000] {processor.py:830} INFO - Processing file /home/airflow/.local/lib/python3.8/site-packages/airflow/example_dags/example_sensors.py for tasks to queue
[2025-01-12T00:51:58.676+0000] {logging_mixin.py:188} INFO - [2025-01-12T00:51:58.676+0000] {dagbag.py:538} INFO - Filling up the DagBag from /home/airflow/.local/lib/python3.8/site-packages/airflow/example_dags/example_sensors.py
[2025-01-12T00:51:58.701+0000] {processor.py:840} INFO - DAG(s) 'example_sensors' retrieved from /home/airflow/.local/lib/python3.8/site-packages/airflow/example_dags/example_sensors.py
[2025-01-12T00:51:58.763+0000] {logging_mixin.py:188} INFO - [2025-01-12T00:51:58.762+0000] {dag.py:3036} INFO - Sync 1 DAGs
[2025-01-12T00:51:58.798+0000] {logging_mixin.py:188} INFO - [2025-01-12T00:51:58.797+0000] {dag.py:3823} INFO - Setting next_dagrun for example_sensors to None, run_after=None
[2025-01-12T00:51:58.846+0000] {processor.py:183} INFO - Processing /home/airflow/.local/lib/python3.8/site-packages/airflow/example_dags/example_sensors.py took 0.181 seconds
[2025-01-12T00:52:29.543+0000] {processor.py:161} INFO - Started process (PID=1263) to work on /home/airflow/.local/lib/python3.8/site-packages/airflow/example_dags/example_sensors.py
[2025-01-12T00:52:29.545+0000] {processor.py:830} INFO - Processing file /home/airflow/.local/lib/python3.8/site-packages/airflow/example_dags/example_sensors.py for tasks to queue
[2025-01-12T00:52:29.547+0000] {logging_mixin.py:188} INFO - [2025-01-12T00:52:29.546+0000] {dagbag.py:538} INFO - Filling up the DagBag from /home/airflow/.local/lib/python3.8/site-packages/airflow/example_dags/example_sensors.py
[2025-01-12T00:52:29.575+0000] {processor.py:840} INFO - DAG(s) 'example_sensors' retrieved from /home/airflow/.local/lib/python3.8/site-packages/airflow/example_dags/example_sensors.py
[2025-01-12T00:52:29.634+0000] {logging_mixin.py:188} INFO - [2025-01-12T00:52:29.633+0000] {dag.py:3036} INFO - Sync 1 DAGs
[2025-01-12T00:52:29.663+0000] {logging_mixin.py:188} INFO - [2025-01-12T00:52:29.663+0000] {dag.py:3823} INFO - Setting next_dagrun for example_sensors to None, run_after=None
[2025-01-12T00:52:29.708+0000] {processor.py:183} INFO - Processing /home/airflow/.local/lib/python3.8/site-packages/airflow/example_dags/example_sensors.py took 0.174 seconds
[2025-01-12T00:53:00.087+0000] {processor.py:161} INFO - Started process (PID=1318) to work on /home/airflow/.local/lib/python3.8/site-packages/airflow/example_dags/example_sensors.py
[2025-01-12T00:53:00.089+0000] {processor.py:830} INFO - Processing file /home/airflow/.local/lib/python3.8/site-packages/airflow/example_dags/example_sensors.py for tasks to queue
[2025-01-12T00:53:00.090+0000] {logging_mixin.py:188} INFO - [2025-01-12T00:53:00.090+0000] {dagbag.py:538} INFO - Filling up the DagBag from /home/airflow/.local/lib/python3.8/site-packages/airflow/example_dags/example_sensors.py
[2025-01-12T00:53:00.101+0000] {processor.py:840} INFO - DAG(s) 'example_sensors' retrieved from /home/airflow/.local/lib/python3.8/site-packages/airflow/example_dags/example_sensors.py
[2025-01-12T00:53:00.149+0000] {logging_mixin.py:188} INFO - [2025-01-12T00:53:00.149+0000] {dag.py:3036} INFO - Sync 1 DAGs
[2025-01-12T00:53:00.171+0000] {logging_mixin.py:188} INFO - [2025-01-12T00:53:00.171+0000] {dag.py:3823} INFO - Setting next_dagrun for example_sensors to None, run_after=None
[2025-01-12T00:53:00.201+0000] {processor.py:183} INFO - Processing /home/airflow/.local/lib/python3.8/site-packages/airflow/example_dags/example_sensors.py took 0.119 seconds
[2025-01-12T00:53:30.573+0000] {processor.py:161} INFO - Started process (PID=1374) to work on /home/airflow/.local/lib/python3.8/site-packages/airflow/example_dags/example_sensors.py
[2025-01-12T00:53:30.575+0000] {processor.py:830} INFO - Processing file /home/airflow/.local/lib/python3.8/site-packages/airflow/example_dags/example_sensors.py for tasks to queue
[2025-01-12T00:53:30.577+0000] {logging_mixin.py:188} INFO - [2025-01-12T00:53:30.577+0000] {dagbag.py:538} INFO - Filling up the DagBag from /home/airflow/.local/lib/python3.8/site-packages/airflow/example_dags/example_sensors.py
[2025-01-12T00:53:30.609+0000] {processor.py:840} INFO - DAG(s) 'example_sensors' retrieved from /home/airflow/.local/lib/python3.8/site-packages/airflow/example_dags/example_sensors.py
[2025-01-12T00:53:30.684+0000] {logging_mixin.py:188} INFO - [2025-01-12T00:53:30.683+0000] {dag.py:3036} INFO - Sync 1 DAGs
[2025-01-12T00:53:30.717+0000] {logging_mixin.py:188} INFO - [2025-01-12T00:53:30.717+0000] {dag.py:3823} INFO - Setting next_dagrun for example_sensors to None, run_after=None
[2025-01-12T00:53:30.778+0000] {processor.py:183} INFO - Processing /home/airflow/.local/lib/python3.8/site-packages/airflow/example_dags/example_sensors.py took 0.218 seconds
[2025-01-12T00:54:01.166+0000] {processor.py:161} INFO - Started process (PID=1440) to work on /home/airflow/.local/lib/python3.8/site-packages/airflow/example_dags/example_sensors.py
[2025-01-12T00:54:01.168+0000] {processor.py:830} INFO - Processing file /home/airflow/.local/lib/python3.8/site-packages/airflow/example_dags/example_sensors.py for tasks to queue
[2025-01-12T00:54:01.170+0000] {logging_mixin.py:188} INFO - [2025-01-12T00:54:01.169+0000] {dagbag.py:538} INFO - Filling up the DagBag from /home/airflow/.local/lib/python3.8/site-packages/airflow/example_dags/example_sensors.py
[2025-01-12T00:54:01.195+0000] {processor.py:840} INFO - DAG(s) 'example_sensors' retrieved from /home/airflow/.local/lib/python3.8/site-packages/airflow/example_dags/example_sensors.py
[2025-01-12T00:54:01.276+0000] {logging_mixin.py:188} INFO - [2025-01-12T00:54:01.275+0000] {dag.py:3036} INFO - Sync 1 DAGs
[2025-01-12T00:54:01.336+0000] {logging_mixin.py:188} INFO - [2025-01-12T00:54:01.335+0000] {dag.py:3823} INFO - Setting next_dagrun for example_sensors to None, run_after=None
[2025-01-12T00:54:01.438+0000] {processor.py:183} INFO - Processing /home/airflow/.local/lib/python3.8/site-packages/airflow/example_dags/example_sensors.py took 0.285 seconds
[2025-01-12T00:54:31.727+0000] {processor.py:161} INFO - Started process (PID=1496) to work on /home/airflow/.local/lib/python3.8/site-packages/airflow/example_dags/example_sensors.py
[2025-01-12T00:54:31.728+0000] {processor.py:830} INFO - Processing file /home/airflow/.local/lib/python3.8/site-packages/airflow/example_dags/example_sensors.py for tasks to queue
[2025-01-12T00:54:31.730+0000] {logging_mixin.py:188} INFO - [2025-01-12T00:54:31.729+0000] {dagbag.py:538} INFO - Filling up the DagBag from /home/airflow/.local/lib/python3.8/site-packages/airflow/example_dags/example_sensors.py
[2025-01-12T00:54:31.746+0000] {processor.py:840} INFO - DAG(s) 'example_sensors' retrieved from /home/airflow/.local/lib/python3.8/site-packages/airflow/example_dags/example_sensors.py
[2025-01-12T00:54:31.787+0000] {logging_mixin.py:188} INFO - [2025-01-12T00:54:31.786+0000] {dag.py:3036} INFO - Sync 1 DAGs
[2025-01-12T00:54:31.816+0000] {logging_mixin.py:188} INFO - [2025-01-12T00:54:31.815+0000] {dag.py:3823} INFO - Setting next_dagrun for example_sensors to None, run_after=None
[2025-01-12T00:54:31.852+0000] {processor.py:183} INFO - Processing /home/airflow/.local/lib/python3.8/site-packages/airflow/example_dags/example_sensors.py took 0.129 seconds
[2025-01-12T00:55:01.914+0000] {processor.py:161} INFO - Started process (PID=1552) to work on /home/airflow/.local/lib/python3.8/site-packages/airflow/example_dags/example_sensors.py
[2025-01-12T00:55:01.916+0000] {processor.py:830} INFO - Processing file /home/airflow/.local/lib/python3.8/site-packages/airflow/example_dags/example_sensors.py for tasks to queue
[2025-01-12T00:55:01.918+0000] {logging_mixin.py:188} INFO - [2025-01-12T00:55:01.917+0000] {dagbag.py:538} INFO - Filling up the DagBag from /home/airflow/.local/lib/python3.8/site-packages/airflow/example_dags/example_sensors.py
[2025-01-12T00:55:01.947+0000] {processor.py:840} INFO - DAG(s) 'example_sensors' retrieved from /home/airflow/.local/lib/python3.8/site-packages/airflow/example_dags/example_sensors.py
[2025-01-12T00:55:02.004+0000] {logging_mixin.py:188} INFO - [2025-01-12T00:55:02.004+0000] {dag.py:3036} INFO - Sync 1 DAGs
[2025-01-12T00:55:02.037+0000] {logging_mixin.py:188} INFO - [2025-01-12T00:55:02.036+0000] {dag.py:3823} INFO - Setting next_dagrun for example_sensors to None, run_after=None
[2025-01-12T00:55:02.088+0000] {processor.py:183} INFO - Processing /home/airflow/.local/lib/python3.8/site-packages/airflow/example_dags/example_sensors.py took 0.182 seconds
[2025-01-12T00:55:32.210+0000] {processor.py:161} INFO - Started process (PID=1608) to work on /home/airflow/.local/lib/python3.8/site-packages/airflow/example_dags/example_sensors.py
[2025-01-12T00:55:32.214+0000] {processor.py:830} INFO - Processing file /home/airflow/.local/lib/python3.8/site-packages/airflow/example_dags/example_sensors.py for tasks to queue
[2025-01-12T00:55:32.219+0000] {logging_mixin.py:188} INFO - [2025-01-12T00:55:32.218+0000] {dagbag.py:538} INFO - Filling up the DagBag from /home/airflow/.local/lib/python3.8/site-packages/airflow/example_dags/example_sensors.py
[2025-01-12T00:55:32.259+0000] {processor.py:840} INFO - DAG(s) 'example_sensors' retrieved from /home/airflow/.local/lib/python3.8/site-packages/airflow/example_dags/example_sensors.py
[2025-01-12T00:55:32.350+0000] {logging_mixin.py:188} INFO - [2025-01-12T00:55:32.349+0000] {dag.py:3036} INFO - Sync 1 DAGs
[2025-01-12T00:55:32.388+0000] {logging_mixin.py:188} INFO - [2025-01-12T00:55:32.387+0000] {dag.py:3823} INFO - Setting next_dagrun for example_sensors to None, run_after=None
[2025-01-12T00:55:32.452+0000] {processor.py:183} INFO - Processing /home/airflow/.local/lib/python3.8/site-packages/airflow/example_dags/example_sensors.py took 0.250 seconds
[2025-01-12T00:56:03.155+0000] {processor.py:161} INFO - Started process (PID=1664) to work on /home/airflow/.local/lib/python3.8/site-packages/airflow/example_dags/example_sensors.py
[2025-01-12T00:56:03.158+0000] {processor.py:830} INFO - Processing file /home/airflow/.local/lib/python3.8/site-packages/airflow/example_dags/example_sensors.py for tasks to queue
[2025-01-12T00:56:03.160+0000] {logging_mixin.py:188} INFO - [2025-01-12T00:56:03.160+0000] {dagbag.py:538} INFO - Filling up the DagBag from /home/airflow/.local/lib/python3.8/site-packages/airflow/example_dags/example_sensors.py
[2025-01-12T00:56:03.191+0000] {processor.py:840} INFO - DAG(s) 'example_sensors' retrieved from /home/airflow/.local/lib/python3.8/site-packages/airflow/example_dags/example_sensors.py
[2025-01-12T00:56:03.288+0000] {logging_mixin.py:188} INFO - [2025-01-12T00:56:03.287+0000] {dag.py:3036} INFO - Sync 1 DAGs
[2025-01-12T00:56:03.354+0000] {logging_mixin.py:188} INFO - [2025-01-12T00:56:03.354+0000] {dag.py:3823} INFO - Setting next_dagrun for example_sensors to None, run_after=None
[2025-01-12T00:56:03.468+0000] {processor.py:183} INFO - Processing /home/airflow/.local/lib/python3.8/site-packages/airflow/example_dags/example_sensors.py took 0.319 seconds
[2025-01-12T00:56:34.894+0000] {processor.py:161} INFO - Started process (PID=1720) to work on /home/airflow/.local/lib/python3.8/site-packages/airflow/example_dags/example_sensors.py
[2025-01-12T00:56:34.905+0000] {processor.py:830} INFO - Processing file /home/airflow/.local/lib/python3.8/site-packages/airflow/example_dags/example_sensors.py for tasks to queue
[2025-01-12T00:56:34.910+0000] {logging_mixin.py:188} INFO - [2025-01-12T00:56:34.908+0000] {dagbag.py:538} INFO - Filling up the DagBag from /home/airflow/.local/lib/python3.8/site-packages/airflow/example_dags/example_sensors.py
[2025-01-12T00:56:35.028+0000] {processor.py:840} INFO - DAG(s) 'example_sensors' retrieved from /home/airflow/.local/lib/python3.8/site-packages/airflow/example_dags/example_sensors.py
[2025-01-12T00:56:35.225+0000] {logging_mixin.py:188} INFO - [2025-01-12T00:56:35.225+0000] {dag.py:3036} INFO - Sync 1 DAGs
[2025-01-12T00:56:35.314+0000] {logging_mixin.py:188} INFO - [2025-01-12T00:56:35.313+0000] {dag.py:3823} INFO - Setting next_dagrun for example_sensors to None, run_after=None
[2025-01-12T00:56:35.450+0000] {processor.py:183} INFO - Processing /home/airflow/.local/lib/python3.8/site-packages/airflow/example_dags/example_sensors.py took 0.584 seconds
[2025-01-12T00:57:06.256+0000] {processor.py:161} INFO - Started process (PID=1776) to work on /home/airflow/.local/lib/python3.8/site-packages/airflow/example_dags/example_sensors.py
[2025-01-12T00:57:06.258+0000] {processor.py:830} INFO - Processing file /home/airflow/.local/lib/python3.8/site-packages/airflow/example_dags/example_sensors.py for tasks to queue
[2025-01-12T00:57:06.262+0000] {logging_mixin.py:188} INFO - [2025-01-12T00:57:06.262+0000] {dagbag.py:538} INFO - Filling up the DagBag from /home/airflow/.local/lib/python3.8/site-packages/airflow/example_dags/example_sensors.py
[2025-01-12T00:57:06.286+0000] {processor.py:840} INFO - DAG(s) 'example_sensors' retrieved from /home/airflow/.local/lib/python3.8/site-packages/airflow/example_dags/example_sensors.py
[2025-01-12T00:57:06.345+0000] {logging_mixin.py:188} INFO - [2025-01-12T00:57:06.344+0000] {dag.py:3036} INFO - Sync 1 DAGs
[2025-01-12T00:57:06.396+0000] {logging_mixin.py:188} INFO - [2025-01-12T00:57:06.394+0000] {dag.py:3823} INFO - Setting next_dagrun for example_sensors to None, run_after=None
[2025-01-12T00:57:06.459+0000] {processor.py:183} INFO - Processing /home/airflow/.local/lib/python3.8/site-packages/airflow/example_dags/example_sensors.py took 0.210 seconds
[2025-01-12T00:57:38.066+0000] {processor.py:161} INFO - Started process (PID=1837) to work on /home/airflow/.local/lib/python3.8/site-packages/airflow/example_dags/example_sensors.py
[2025-01-12T00:57:38.072+0000] {processor.py:830} INFO - Processing file /home/airflow/.local/lib/python3.8/site-packages/airflow/example_dags/example_sensors.py for tasks to queue
[2025-01-12T00:57:38.077+0000] {logging_mixin.py:188} INFO - [2025-01-12T00:57:38.076+0000] {dagbag.py:538} INFO - Filling up the DagBag from /home/airflow/.local/lib/python3.8/site-packages/airflow/example_dags/example_sensors.py
[2025-01-12T00:57:38.120+0000] {processor.py:840} INFO - DAG(s) 'example_sensors' retrieved from /home/airflow/.local/lib/python3.8/site-packages/airflow/example_dags/example_sensors.py
[2025-01-12T00:57:38.211+0000] {logging_mixin.py:188} INFO - [2025-01-12T00:57:38.211+0000] {dag.py:3036} INFO - Sync 1 DAGs
[2025-01-12T00:57:38.259+0000] {logging_mixin.py:188} INFO - [2025-01-12T00:57:38.258+0000] {dag.py:3823} INFO - Setting next_dagrun for example_sensors to None, run_after=None
[2025-01-12T00:57:38.311+0000] {processor.py:183} INFO - Processing /home/airflow/.local/lib/python3.8/site-packages/airflow/example_dags/example_sensors.py took 0.265 seconds
[2025-01-12T00:58:08.764+0000] {processor.py:161} INFO - Started process (PID=1893) to work on /home/airflow/.local/lib/python3.8/site-packages/airflow/example_dags/example_sensors.py
[2025-01-12T00:58:08.768+0000] {processor.py:830} INFO - Processing file /home/airflow/.local/lib/python3.8/site-packages/airflow/example_dags/example_sensors.py for tasks to queue
[2025-01-12T00:58:08.773+0000] {logging_mixin.py:188} INFO - [2025-01-12T00:58:08.772+0000] {dagbag.py:538} INFO - Filling up the DagBag from /home/airflow/.local/lib/python3.8/site-packages/airflow/example_dags/example_sensors.py
[2025-01-12T00:58:08.802+0000] {processor.py:840} INFO - DAG(s) 'example_sensors' retrieved from /home/airflow/.local/lib/python3.8/site-packages/airflow/example_dags/example_sensors.py
[2025-01-12T00:58:08.862+0000] {logging_mixin.py:188} INFO - [2025-01-12T00:58:08.862+0000] {dag.py:3036} INFO - Sync 1 DAGs
[2025-01-12T00:58:08.895+0000] {logging_mixin.py:188} INFO - [2025-01-12T00:58:08.895+0000] {dag.py:3823} INFO - Setting next_dagrun for example_sensors to None, run_after=None
[2025-01-12T00:58:08.941+0000] {processor.py:183} INFO - Processing /home/airflow/.local/lib/python3.8/site-packages/airflow/example_dags/example_sensors.py took 0.186 seconds
[2025-01-12T00:58:39.276+0000] {processor.py:161} INFO - Started process (PID=1949) to work on /home/airflow/.local/lib/python3.8/site-packages/airflow/example_dags/example_sensors.py
[2025-01-12T00:58:39.281+0000] {processor.py:830} INFO - Processing file /home/airflow/.local/lib/python3.8/site-packages/airflow/example_dags/example_sensors.py for tasks to queue
[2025-01-12T00:58:39.284+0000] {logging_mixin.py:188} INFO - [2025-01-12T00:58:39.284+0000] {dagbag.py:538} INFO - Filling up the DagBag from /home/airflow/.local/lib/python3.8/site-packages/airflow/example_dags/example_sensors.py
[2025-01-12T00:58:39.314+0000] {processor.py:840} INFO - DAG(s) 'example_sensors' retrieved from /home/airflow/.local/lib/python3.8/site-packages/airflow/example_dags/example_sensors.py
[2025-01-12T00:58:39.367+0000] {logging_mixin.py:188} INFO - [2025-01-12T00:58:39.366+0000] {dag.py:3036} INFO - Sync 1 DAGs
[2025-01-12T00:58:39.395+0000] {logging_mixin.py:188} INFO - [2025-01-12T00:58:39.394+0000] {dag.py:3823} INFO - Setting next_dagrun for example_sensors to None, run_after=None
[2025-01-12T00:58:39.436+0000] {processor.py:183} INFO - Processing /home/airflow/.local/lib/python3.8/site-packages/airflow/example_dags/example_sensors.py took 0.167 seconds
[2025-01-12T00:59:09.777+0000] {processor.py:161} INFO - Started process (PID=2004) to work on /home/airflow/.local/lib/python3.8/site-packages/airflow/example_dags/example_sensors.py
[2025-01-12T00:59:09.781+0000] {processor.py:830} INFO - Processing file /home/airflow/.local/lib/python3.8/site-packages/airflow/example_dags/example_sensors.py for tasks to queue
[2025-01-12T00:59:09.784+0000] {logging_mixin.py:188} INFO - [2025-01-12T00:59:09.783+0000] {dagbag.py:538} INFO - Filling up the DagBag from /home/airflow/.local/lib/python3.8/site-packages/airflow/example_dags/example_sensors.py
[2025-01-12T00:59:09.804+0000] {processor.py:840} INFO - DAG(s) 'example_sensors' retrieved from /home/airflow/.local/lib/python3.8/site-packages/airflow/example_dags/example_sensors.py
[2025-01-12T00:59:09.850+0000] {logging_mixin.py:188} INFO - [2025-01-12T00:59:09.850+0000] {dag.py:3036} INFO - Sync 1 DAGs
[2025-01-12T00:59:09.873+0000] {logging_mixin.py:188} INFO - [2025-01-12T00:59:09.872+0000] {dag.py:3823} INFO - Setting next_dagrun for example_sensors to None, run_after=None
[2025-01-12T00:59:09.906+0000] {processor.py:183} INFO - Processing /home/airflow/.local/lib/python3.8/site-packages/airflow/example_dags/example_sensors.py took 0.136 seconds
[2025-01-12T00:59:40.483+0000] {processor.py:161} INFO - Started process (PID=2061) to work on /home/airflow/.local/lib/python3.8/site-packages/airflow/example_dags/example_sensors.py
[2025-01-12T00:59:40.484+0000] {processor.py:830} INFO - Processing file /home/airflow/.local/lib/python3.8/site-packages/airflow/example_dags/example_sensors.py for tasks to queue
[2025-01-12T00:59:40.486+0000] {logging_mixin.py:188} INFO - [2025-01-12T00:59:40.485+0000] {dagbag.py:538} INFO - Filling up the DagBag from /home/airflow/.local/lib/python3.8/site-packages/airflow/example_dags/example_sensors.py
[2025-01-12T00:59:40.503+0000] {processor.py:840} INFO - DAG(s) 'example_sensors' retrieved from /home/airflow/.local/lib/python3.8/site-packages/airflow/example_dags/example_sensors.py
[2025-01-12T00:59:40.543+0000] {logging_mixin.py:188} INFO - [2025-01-12T00:59:40.543+0000] {dag.py:3036} INFO - Sync 1 DAGs
[2025-01-12T00:59:40.564+0000] {logging_mixin.py:188} INFO - [2025-01-12T00:59:40.564+0000] {dag.py:3823} INFO - Setting next_dagrun for example_sensors to None, run_after=None
[2025-01-12T00:59:40.601+0000] {processor.py:183} INFO - Processing /home/airflow/.local/lib/python3.8/site-packages/airflow/example_dags/example_sensors.py took 0.123 seconds
[2025-01-12T01:00:12.402+0000] {processor.py:161} INFO - Started process (PID=2117) to work on /home/airflow/.local/lib/python3.8/site-packages/airflow/example_dags/example_sensors.py
[2025-01-12T01:00:12.417+0000] {processor.py:830} INFO - Processing file /home/airflow/.local/lib/python3.8/site-packages/airflow/example_dags/example_sensors.py for tasks to queue
[2025-01-12T01:00:12.421+0000] {logging_mixin.py:188} INFO - [2025-01-12T01:00:12.420+0000] {dagbag.py:538} INFO - Filling up the DagBag from /home/airflow/.local/lib/python3.8/site-packages/airflow/example_dags/example_sensors.py
[2025-01-12T01:00:12.515+0000] {processor.py:840} INFO - DAG(s) 'example_sensors' retrieved from /home/airflow/.local/lib/python3.8/site-packages/airflow/example_dags/example_sensors.py
[2025-01-12T01:00:12.846+0000] {logging_mixin.py:188} INFO - [2025-01-12T01:00:12.846+0000] {dag.py:3036} INFO - Sync 1 DAGs
[2025-01-12T01:00:12.944+0000] {logging_mixin.py:188} INFO - [2025-01-12T01:00:12.943+0000] {dag.py:3823} INFO - Setting next_dagrun for example_sensors to None, run_after=None
[2025-01-12T01:00:13.079+0000] {processor.py:183} INFO - Processing /home/airflow/.local/lib/python3.8/site-packages/airflow/example_dags/example_sensors.py took 0.712 seconds
[2025-01-12T01:00:43.568+0000] {processor.py:161} INFO - Started process (PID=2173) to work on /home/airflow/.local/lib/python3.8/site-packages/airflow/example_dags/example_sensors.py
[2025-01-12T01:00:43.576+0000] {processor.py:830} INFO - Processing file /home/airflow/.local/lib/python3.8/site-packages/airflow/example_dags/example_sensors.py for tasks to queue
[2025-01-12T01:00:43.582+0000] {logging_mixin.py:188} INFO - [2025-01-12T01:00:43.581+0000] {dagbag.py:538} INFO - Filling up the DagBag from /home/airflow/.local/lib/python3.8/site-packages/airflow/example_dags/example_sensors.py
[2025-01-12T01:00:43.634+0000] {processor.py:840} INFO - DAG(s) 'example_sensors' retrieved from /home/airflow/.local/lib/python3.8/site-packages/airflow/example_dags/example_sensors.py
[2025-01-12T01:00:43.723+0000] {logging_mixin.py:188} INFO - [2025-01-12T01:00:43.722+0000] {dag.py:3036} INFO - Sync 1 DAGs
[2025-01-12T01:00:43.779+0000] {logging_mixin.py:188} INFO - [2025-01-12T01:00:43.779+0000] {dag.py:3823} INFO - Setting next_dagrun for example_sensors to None, run_after=None
[2025-01-12T01:00:43.848+0000] {processor.py:183} INFO - Processing /home/airflow/.local/lib/python3.8/site-packages/airflow/example_dags/example_sensors.py took 0.294 seconds
[2025-01-12T01:01:15.133+0000] {processor.py:161} INFO - Started process (PID=2229) to work on /home/airflow/.local/lib/python3.8/site-packages/airflow/example_dags/example_sensors.py
[2025-01-12T01:01:15.137+0000] {processor.py:830} INFO - Processing file /home/airflow/.local/lib/python3.8/site-packages/airflow/example_dags/example_sensors.py for tasks to queue
[2025-01-12T01:01:15.140+0000] {logging_mixin.py:188} INFO - [2025-01-12T01:01:15.139+0000] {dagbag.py:538} INFO - Filling up the DagBag from /home/airflow/.local/lib/python3.8/site-packages/airflow/example_dags/example_sensors.py
[2025-01-12T01:01:15.171+0000] {processor.py:840} INFO - DAG(s) 'example_sensors' retrieved from /home/airflow/.local/lib/python3.8/site-packages/airflow/example_dags/example_sensors.py
[2025-01-12T01:01:15.331+0000] {logging_mixin.py:188} INFO - [2025-01-12T01:01:15.330+0000] {dag.py:3036} INFO - Sync 1 DAGs
[2025-01-12T01:01:15.450+0000] {logging_mixin.py:188} INFO - [2025-01-12T01:01:15.450+0000] {dag.py:3823} INFO - Setting next_dagrun for example_sensors to None, run_after=None
[2025-01-12T01:01:15.523+0000] {processor.py:183} INFO - Processing /home/airflow/.local/lib/python3.8/site-packages/airflow/example_dags/example_sensors.py took 0.404 seconds
[2025-01-12T01:01:46.053+0000] {processor.py:161} INFO - Started process (PID=2285) to work on /home/airflow/.local/lib/python3.8/site-packages/airflow/example_dags/example_sensors.py
[2025-01-12T01:01:46.055+0000] {processor.py:830} INFO - Processing file /home/airflow/.local/lib/python3.8/site-packages/airflow/example_dags/example_sensors.py for tasks to queue
[2025-01-12T01:01:46.057+0000] {logging_mixin.py:188} INFO - [2025-01-12T01:01:46.056+0000] {dagbag.py:538} INFO - Filling up the DagBag from /home/airflow/.local/lib/python3.8/site-packages/airflow/example_dags/example_sensors.py
[2025-01-12T01:01:46.076+0000] {processor.py:840} INFO - DAG(s) 'example_sensors' retrieved from /home/airflow/.local/lib/python3.8/site-packages/airflow/example_dags/example_sensors.py
[2025-01-12T01:01:46.118+0000] {logging_mixin.py:188} INFO - [2025-01-12T01:01:46.118+0000] {dag.py:3036} INFO - Sync 1 DAGs
[2025-01-12T01:01:46.139+0000] {logging_mixin.py:188} INFO - [2025-01-12T01:01:46.139+0000] {dag.py:3823} INFO - Setting next_dagrun for example_sensors to None, run_after=None
[2025-01-12T01:01:46.179+0000] {processor.py:183} INFO - Processing /home/airflow/.local/lib/python3.8/site-packages/airflow/example_dags/example_sensors.py took 0.130 seconds
[2025-01-12T01:02:16.954+0000] {processor.py:161} INFO - Started process (PID=2341) to work on /home/airflow/.local/lib/python3.8/site-packages/airflow/example_dags/example_sensors.py
[2025-01-12T01:02:16.958+0000] {processor.py:830} INFO - Processing file /home/airflow/.local/lib/python3.8/site-packages/airflow/example_dags/example_sensors.py for tasks to queue
[2025-01-12T01:02:16.961+0000] {logging_mixin.py:188} INFO - [2025-01-12T01:02:16.960+0000] {dagbag.py:538} INFO - Filling up the DagBag from /home/airflow/.local/lib/python3.8/site-packages/airflow/example_dags/example_sensors.py
[2025-01-12T01:02:17.010+0000] {processor.py:840} INFO - DAG(s) 'example_sensors' retrieved from /home/airflow/.local/lib/python3.8/site-packages/airflow/example_dags/example_sensors.py
[2025-01-12T01:02:17.066+0000] {logging_mixin.py:188} INFO - [2025-01-12T01:02:17.066+0000] {dag.py:3036} INFO - Sync 1 DAGs
[2025-01-12T01:02:17.095+0000] {logging_mixin.py:188} INFO - [2025-01-12T01:02:17.094+0000] {dag.py:3823} INFO - Setting next_dagrun for example_sensors to None, run_after=None
[2025-01-12T01:02:17.135+0000] {processor.py:183} INFO - Processing /home/airflow/.local/lib/python3.8/site-packages/airflow/example_dags/example_sensors.py took 0.187 seconds
[2025-01-12T01:02:47.260+0000] {processor.py:161} INFO - Started process (PID=2397) to work on /home/airflow/.local/lib/python3.8/site-packages/airflow/example_dags/example_sensors.py
[2025-01-12T01:02:47.262+0000] {processor.py:830} INFO - Processing file /home/airflow/.local/lib/python3.8/site-packages/airflow/example_dags/example_sensors.py for tasks to queue
[2025-01-12T01:02:47.264+0000] {logging_mixin.py:188} INFO - [2025-01-12T01:02:47.264+0000] {dagbag.py:538} INFO - Filling up the DagBag from /home/airflow/.local/lib/python3.8/site-packages/airflow/example_dags/example_sensors.py
[2025-01-12T01:02:47.292+0000] {processor.py:840} INFO - DAG(s) 'example_sensors' retrieved from /home/airflow/.local/lib/python3.8/site-packages/airflow/example_dags/example_sensors.py
[2025-01-12T01:02:47.383+0000] {logging_mixin.py:188} INFO - [2025-01-12T01:02:47.373+0000] {dag.py:3036} INFO - Sync 1 DAGs
[2025-01-12T01:02:47.475+0000] {logging_mixin.py:188} INFO - [2025-01-12T01:02:47.474+0000] {dag.py:3823} INFO - Setting next_dagrun for example_sensors to None, run_after=None
[2025-01-12T01:02:47.562+0000] {processor.py:183} INFO - Processing /home/airflow/.local/lib/python3.8/site-packages/airflow/example_dags/example_sensors.py took 0.306 seconds
[2025-01-12T01:03:20.370+0000] {processor.py:161} INFO - Started process (PID=2451) to work on /home/airflow/.local/lib/python3.8/site-packages/airflow/example_dags/example_sensors.py
[2025-01-12T01:03:20.374+0000] {processor.py:830} INFO - Processing file /home/airflow/.local/lib/python3.8/site-packages/airflow/example_dags/example_sensors.py for tasks to queue
[2025-01-12T01:03:20.377+0000] {logging_mixin.py:188} INFO - [2025-01-12T01:03:20.377+0000] {dagbag.py:538} INFO - Filling up the DagBag from /home/airflow/.local/lib/python3.8/site-packages/airflow/example_dags/example_sensors.py
[2025-01-12T01:03:20.437+0000] {processor.py:840} INFO - DAG(s) 'example_sensors' retrieved from /home/airflow/.local/lib/python3.8/site-packages/airflow/example_dags/example_sensors.py
[2025-01-12T01:03:20.800+0000] {logging_mixin.py:188} INFO - [2025-01-12T01:03:20.800+0000] {dag.py:3036} INFO - Sync 1 DAGs
[2025-01-12T01:03:20.837+0000] {logging_mixin.py:188} INFO - [2025-01-12T01:03:20.836+0000] {dag.py:3823} INFO - Setting next_dagrun for example_sensors to None, run_after=None
[2025-01-12T01:03:20.899+0000] {processor.py:183} INFO - Processing /home/airflow/.local/lib/python3.8/site-packages/airflow/example_dags/example_sensors.py took 0.538 seconds
[2025-01-12T01:03:51.674+0000] {processor.py:161} INFO - Started process (PID=2507) to work on /home/airflow/.local/lib/python3.8/site-packages/airflow/example_dags/example_sensors.py
[2025-01-12T01:03:51.676+0000] {processor.py:830} INFO - Processing file /home/airflow/.local/lib/python3.8/site-packages/airflow/example_dags/example_sensors.py for tasks to queue
[2025-01-12T01:03:51.679+0000] {logging_mixin.py:188} INFO - [2025-01-12T01:03:51.678+0000] {dagbag.py:538} INFO - Filling up the DagBag from /home/airflow/.local/lib/python3.8/site-packages/airflow/example_dags/example_sensors.py
[2025-01-12T01:03:51.706+0000] {processor.py:840} INFO - DAG(s) 'example_sensors' retrieved from /home/airflow/.local/lib/python3.8/site-packages/airflow/example_dags/example_sensors.py
[2025-01-12T01:03:51.773+0000] {logging_mixin.py:188} INFO - [2025-01-12T01:03:51.773+0000] {dag.py:3036} INFO - Sync 1 DAGs
[2025-01-12T01:03:52.176+0000] {logging_mixin.py:188} INFO - [2025-01-12T01:03:52.175+0000] {dag.py:3823} INFO - Setting next_dagrun for example_sensors to None, run_after=None
[2025-01-12T01:03:52.257+0000] {processor.py:183} INFO - Processing /home/airflow/.local/lib/python3.8/site-packages/airflow/example_dags/example_sensors.py took 0.589 seconds
[2025-01-12T01:04:22.857+0000] {processor.py:161} INFO - Started process (PID=2563) to work on /home/airflow/.local/lib/python3.8/site-packages/airflow/example_dags/example_sensors.py
[2025-01-12T01:04:22.858+0000] {processor.py:830} INFO - Processing file /home/airflow/.local/lib/python3.8/site-packages/airflow/example_dags/example_sensors.py for tasks to queue
[2025-01-12T01:04:22.860+0000] {logging_mixin.py:188} INFO - [2025-01-12T01:04:22.859+0000] {dagbag.py:538} INFO - Filling up the DagBag from /home/airflow/.local/lib/python3.8/site-packages/airflow/example_dags/example_sensors.py
[2025-01-12T01:04:22.871+0000] {processor.py:840} INFO - DAG(s) 'example_sensors' retrieved from /home/airflow/.local/lib/python3.8/site-packages/airflow/example_dags/example_sensors.py
[2025-01-12T01:04:22.904+0000] {logging_mixin.py:188} INFO - [2025-01-12T01:04:22.904+0000] {dag.py:3036} INFO - Sync 1 DAGs
[2025-01-12T01:04:22.927+0000] {logging_mixin.py:188} INFO - [2025-01-12T01:04:22.926+0000] {dag.py:3823} INFO - Setting next_dagrun for example_sensors to None, run_after=None
[2025-01-12T01:04:22.954+0000] {processor.py:183} INFO - Processing /home/airflow/.local/lib/python3.8/site-packages/airflow/example_dags/example_sensors.py took 0.100 seconds
[2025-01-12T01:04:53.681+0000] {processor.py:161} INFO - Started process (PID=2619) to work on /home/airflow/.local/lib/python3.8/site-packages/airflow/example_dags/example_sensors.py
[2025-01-12T01:04:53.693+0000] {processor.py:830} INFO - Processing file /home/airflow/.local/lib/python3.8/site-packages/airflow/example_dags/example_sensors.py for tasks to queue
[2025-01-12T01:04:53.699+0000] {logging_mixin.py:188} INFO - [2025-01-12T01:04:53.697+0000] {dagbag.py:538} INFO - Filling up the DagBag from /home/airflow/.local/lib/python3.8/site-packages/airflow/example_dags/example_sensors.py
[2025-01-12T01:04:53.761+0000] {processor.py:840} INFO - DAG(s) 'example_sensors' retrieved from /home/airflow/.local/lib/python3.8/site-packages/airflow/example_dags/example_sensors.py
[2025-01-12T01:04:53.986+0000] {logging_mixin.py:188} INFO - [2025-01-12T01:04:53.985+0000] {dag.py:3036} INFO - Sync 1 DAGs
[2025-01-12T01:04:54.161+0000] {logging_mixin.py:188} INFO - [2025-01-12T01:04:54.116+0000] {dag.py:3823} INFO - Setting next_dagrun for example_sensors to None, run_after=None
[2025-01-12T01:04:54.388+0000] {processor.py:183} INFO - Processing /home/airflow/.local/lib/python3.8/site-packages/airflow/example_dags/example_sensors.py took 0.707 seconds
[2025-01-12T01:05:25.305+0000] {processor.py:161} INFO - Started process (PID=2675) to work on /home/airflow/.local/lib/python3.8/site-packages/airflow/example_dags/example_sensors.py
[2025-01-12T01:05:25.307+0000] {processor.py:830} INFO - Processing file /home/airflow/.local/lib/python3.8/site-packages/airflow/example_dags/example_sensors.py for tasks to queue
[2025-01-12T01:05:25.310+0000] {logging_mixin.py:188} INFO - [2025-01-12T01:05:25.309+0000] {dagbag.py:538} INFO - Filling up the DagBag from /home/airflow/.local/lib/python3.8/site-packages/airflow/example_dags/example_sensors.py
[2025-01-12T01:05:25.327+0000] {processor.py:840} INFO - DAG(s) 'example_sensors' retrieved from /home/airflow/.local/lib/python3.8/site-packages/airflow/example_dags/example_sensors.py
[2025-01-12T01:05:25.376+0000] {logging_mixin.py:188} INFO - [2025-01-12T01:05:25.376+0000] {dag.py:3036} INFO - Sync 1 DAGs
[2025-01-12T01:05:25.399+0000] {logging_mixin.py:188} INFO - [2025-01-12T01:05:25.398+0000] {dag.py:3823} INFO - Setting next_dagrun for example_sensors to None, run_after=None
[2025-01-12T01:05:25.447+0000] {processor.py:183} INFO - Processing /home/airflow/.local/lib/python3.8/site-packages/airflow/example_dags/example_sensors.py took 0.148 seconds
[2025-01-12T01:05:55.511+0000] {processor.py:161} INFO - Started process (PID=2731) to work on /home/airflow/.local/lib/python3.8/site-packages/airflow/example_dags/example_sensors.py
[2025-01-12T01:05:55.514+0000] {processor.py:830} INFO - Processing file /home/airflow/.local/lib/python3.8/site-packages/airflow/example_dags/example_sensors.py for tasks to queue
[2025-01-12T01:05:55.517+0000] {logging_mixin.py:188} INFO - [2025-01-12T01:05:55.516+0000] {dagbag.py:538} INFO - Filling up the DagBag from /home/airflow/.local/lib/python3.8/site-packages/airflow/example_dags/example_sensors.py
[2025-01-12T01:05:55.545+0000] {processor.py:840} INFO - DAG(s) 'example_sensors' retrieved from /home/airflow/.local/lib/python3.8/site-packages/airflow/example_dags/example_sensors.py
[2025-01-12T01:05:55.595+0000] {logging_mixin.py:188} INFO - [2025-01-12T01:05:55.594+0000] {dag.py:3036} INFO - Sync 1 DAGs
[2025-01-12T01:05:55.693+0000] {logging_mixin.py:188} INFO - [2025-01-12T01:05:55.674+0000] {dag.py:3823} INFO - Setting next_dagrun for example_sensors to None, run_after=None
[2025-01-12T01:05:55.746+0000] {processor.py:183} INFO - Processing /home/airflow/.local/lib/python3.8/site-packages/airflow/example_dags/example_sensors.py took 0.240 seconds
[2025-01-12T01:06:26.368+0000] {processor.py:161} INFO - Started process (PID=2788) to work on /home/airflow/.local/lib/python3.8/site-packages/airflow/example_dags/example_sensors.py
[2025-01-12T01:06:26.370+0000] {processor.py:830} INFO - Processing file /home/airflow/.local/lib/python3.8/site-packages/airflow/example_dags/example_sensors.py for tasks to queue
[2025-01-12T01:06:26.373+0000] {logging_mixin.py:188} INFO - [2025-01-12T01:06:26.372+0000] {dagbag.py:538} INFO - Filling up the DagBag from /home/airflow/.local/lib/python3.8/site-packages/airflow/example_dags/example_sensors.py
[2025-01-12T01:06:26.391+0000] {processor.py:840} INFO - DAG(s) 'example_sensors' retrieved from /home/airflow/.local/lib/python3.8/site-packages/airflow/example_dags/example_sensors.py
[2025-01-12T01:06:26.437+0000] {logging_mixin.py:188} INFO - [2025-01-12T01:06:26.437+0000] {dag.py:3036} INFO - Sync 1 DAGs
[2025-01-12T01:06:26.456+0000] {logging_mixin.py:188} INFO - [2025-01-12T01:06:26.456+0000] {dag.py:3823} INFO - Setting next_dagrun for example_sensors to None, run_after=None
[2025-01-12T01:06:26.484+0000] {processor.py:183} INFO - Processing /home/airflow/.local/lib/python3.8/site-packages/airflow/example_dags/example_sensors.py took 0.121 seconds
[2025-01-12T01:06:56.907+0000] {processor.py:161} INFO - Started process (PID=2844) to work on /home/airflow/.local/lib/python3.8/site-packages/airflow/example_dags/example_sensors.py
[2025-01-12T01:06:56.910+0000] {processor.py:830} INFO - Processing file /home/airflow/.local/lib/python3.8/site-packages/airflow/example_dags/example_sensors.py for tasks to queue
[2025-01-12T01:06:56.912+0000] {logging_mixin.py:188} INFO - [2025-01-12T01:06:56.911+0000] {dagbag.py:538} INFO - Filling up the DagBag from /home/airflow/.local/lib/python3.8/site-packages/airflow/example_dags/example_sensors.py
[2025-01-12T01:06:56.935+0000] {processor.py:840} INFO - DAG(s) 'example_sensors' retrieved from /home/airflow/.local/lib/python3.8/site-packages/airflow/example_dags/example_sensors.py
[2025-01-12T01:06:57.004+0000] {logging_mixin.py:188} INFO - [2025-01-12T01:06:57.003+0000] {dag.py:3036} INFO - Sync 1 DAGs
[2025-01-12T01:06:57.036+0000] {logging_mixin.py:188} INFO - [2025-01-12T01:06:57.036+0000] {dag.py:3823} INFO - Setting next_dagrun for example_sensors to None, run_after=None
[2025-01-12T01:06:57.082+0000] {processor.py:183} INFO - Processing /home/airflow/.local/lib/python3.8/site-packages/airflow/example_dags/example_sensors.py took 0.183 seconds
[2025-01-12T01:07:27.774+0000] {processor.py:161} INFO - Started process (PID=2900) to work on /home/airflow/.local/lib/python3.8/site-packages/airflow/example_dags/example_sensors.py
[2025-01-12T01:07:27.775+0000] {processor.py:830} INFO - Processing file /home/airflow/.local/lib/python3.8/site-packages/airflow/example_dags/example_sensors.py for tasks to queue
[2025-01-12T01:07:27.776+0000] {logging_mixin.py:188} INFO - [2025-01-12T01:07:27.776+0000] {dagbag.py:538} INFO - Filling up the DagBag from /home/airflow/.local/lib/python3.8/site-packages/airflow/example_dags/example_sensors.py
[2025-01-12T01:07:27.787+0000] {processor.py:840} INFO - DAG(s) 'example_sensors' retrieved from /home/airflow/.local/lib/python3.8/site-packages/airflow/example_dags/example_sensors.py
[2025-01-12T01:07:27.822+0000] {logging_mixin.py:188} INFO - [2025-01-12T01:07:27.822+0000] {dag.py:3036} INFO - Sync 1 DAGs
[2025-01-12T01:07:27.840+0000] {logging_mixin.py:188} INFO - [2025-01-12T01:07:27.840+0000] {dag.py:3823} INFO - Setting next_dagrun for example_sensors to None, run_after=None
[2025-01-12T01:07:27.877+0000] {processor.py:183} INFO - Processing /home/airflow/.local/lib/python3.8/site-packages/airflow/example_dags/example_sensors.py took 0.107 seconds
[2025-01-12T01:07:58.602+0000] {processor.py:161} INFO - Started process (PID=2956) to work on /home/airflow/.local/lib/python3.8/site-packages/airflow/example_dags/example_sensors.py
[2025-01-12T01:07:58.604+0000] {processor.py:830} INFO - Processing file /home/airflow/.local/lib/python3.8/site-packages/airflow/example_dags/example_sensors.py for tasks to queue
[2025-01-12T01:07:58.606+0000] {logging_mixin.py:188} INFO - [2025-01-12T01:07:58.606+0000] {dagbag.py:538} INFO - Filling up the DagBag from /home/airflow/.local/lib/python3.8/site-packages/airflow/example_dags/example_sensors.py
[2025-01-12T01:07:58.620+0000] {processor.py:840} INFO - DAG(s) 'example_sensors' retrieved from /home/airflow/.local/lib/python3.8/site-packages/airflow/example_dags/example_sensors.py
[2025-01-12T01:07:58.659+0000] {logging_mixin.py:188} INFO - [2025-01-12T01:07:58.659+0000] {dag.py:3036} INFO - Sync 1 DAGs
[2025-01-12T01:07:58.677+0000] {logging_mixin.py:188} INFO - [2025-01-12T01:07:58.677+0000] {dag.py:3823} INFO - Setting next_dagrun for example_sensors to None, run_after=None
[2025-01-12T01:07:58.732+0000] {processor.py:183} INFO - Processing /home/airflow/.local/lib/python3.8/site-packages/airflow/example_dags/example_sensors.py took 0.136 seconds
[2025-01-12T01:08:28.946+0000] {processor.py:161} INFO - Started process (PID=3012) to work on /home/airflow/.local/lib/python3.8/site-packages/airflow/example_dags/example_sensors.py
[2025-01-12T01:08:28.948+0000] {processor.py:830} INFO - Processing file /home/airflow/.local/lib/python3.8/site-packages/airflow/example_dags/example_sensors.py for tasks to queue
[2025-01-12T01:08:28.949+0000] {logging_mixin.py:188} INFO - [2025-01-12T01:08:28.949+0000] {dagbag.py:538} INFO - Filling up the DagBag from /home/airflow/.local/lib/python3.8/site-packages/airflow/example_dags/example_sensors.py
[2025-01-12T01:08:28.963+0000] {processor.py:840} INFO - DAG(s) 'example_sensors' retrieved from /home/airflow/.local/lib/python3.8/site-packages/airflow/example_dags/example_sensors.py
[2025-01-12T01:08:28.998+0000] {logging_mixin.py:188} INFO - [2025-01-12T01:08:28.998+0000] {dag.py:3036} INFO - Sync 1 DAGs
[2025-01-12T01:08:29.014+0000] {logging_mixin.py:188} INFO - [2025-01-12T01:08:29.013+0000] {dag.py:3823} INFO - Setting next_dagrun for example_sensors to None, run_after=None
[2025-01-12T01:08:29.048+0000] {processor.py:183} INFO - Processing /home/airflow/.local/lib/python3.8/site-packages/airflow/example_dags/example_sensors.py took 0.107 seconds
