[2025-01-12T00:41:28.394+0000] {processor.py:161} INFO - Started process (PID=83) to work on /home/airflow/.local/lib/python3.8/site-packages/airflow/example_dags/example_dynamic_task_mapping_with_no_taskflow_operators.py
[2025-01-12T00:41:28.399+0000] {processor.py:830} INFO - Processing file /home/airflow/.local/lib/python3.8/site-packages/airflow/example_dags/example_dynamic_task_mapping_with_no_taskflow_operators.py for tasks to queue
[2025-01-12T00:41:28.406+0000] {logging_mixin.py:188} INFO - [2025-01-12T00:41:28.405+0000] {dagbag.py:538} INFO - Filling up the DagBag from /home/airflow/.local/lib/python3.8/site-packages/airflow/example_dags/example_dynamic_task_mapping_with_no_taskflow_operators.py
[2025-01-12T00:41:28.439+0000] {processor.py:840} INFO - DAG(s) 'example_dynamic_task_mapping_with_no_taskflow_operators' retrieved from /home/airflow/.local/lib/python3.8/site-packages/airflow/example_dags/example_dynamic_task_mapping_with_no_taskflow_operators.py
[2025-01-12T00:41:28.468+0000] {logging_mixin.py:188} INFO - [2025-01-12T00:41:28.468+0000] {dag.py:3036} INFO - Sync 1 DAGs
[2025-01-12T00:41:28.582+0000] {logging_mixin.py:188} INFO - [2025-01-12T00:41:28.581+0000] {dag.py:3823} INFO - Setting next_dagrun for example_dynamic_task_mapping_with_no_taskflow_operators to 2025-01-11 00:00:00+00:00, run_after=2025-01-12 00:00:00+00:00
[2025-01-12T00:41:28.658+0000] {processor.py:183} INFO - Processing /home/airflow/.local/lib/python3.8/site-packages/airflow/example_dags/example_dynamic_task_mapping_with_no_taskflow_operators.py took 0.289 seconds
[2025-01-12T00:42:00.726+0000] {processor.py:161} INFO - Started process (PID=139) to work on /home/airflow/.local/lib/python3.8/site-packages/airflow/example_dags/example_dynamic_task_mapping_with_no_taskflow_operators.py
[2025-01-12T00:42:00.728+0000] {processor.py:830} INFO - Processing file /home/airflow/.local/lib/python3.8/site-packages/airflow/example_dags/example_dynamic_task_mapping_with_no_taskflow_operators.py for tasks to queue
[2025-01-12T00:42:00.733+0000] {logging_mixin.py:188} INFO - [2025-01-12T00:42:00.732+0000] {dagbag.py:538} INFO - Filling up the DagBag from /home/airflow/.local/lib/python3.8/site-packages/airflow/example_dags/example_dynamic_task_mapping_with_no_taskflow_operators.py
[2025-01-12T00:42:00.753+0000] {processor.py:840} INFO - DAG(s) 'example_dynamic_task_mapping_with_no_taskflow_operators' retrieved from /home/airflow/.local/lib/python3.8/site-packages/airflow/example_dags/example_dynamic_task_mapping_with_no_taskflow_operators.py
[2025-01-12T00:42:01.517+0000] {logging_mixin.py:188} INFO - [2025-01-12T00:42:01.516+0000] {dag.py:3036} INFO - Sync 1 DAGs
[2025-01-12T00:42:01.682+0000] {logging_mixin.py:188} INFO - [2025-01-12T00:42:01.681+0000] {dag.py:3823} INFO - Setting next_dagrun for example_dynamic_task_mapping_with_no_taskflow_operators to 2025-01-11 00:00:00+00:00, run_after=2025-01-12 00:00:00+00:00
[2025-01-12T00:42:01.817+0000] {processor.py:183} INFO - Processing /home/airflow/.local/lib/python3.8/site-packages/airflow/example_dags/example_dynamic_task_mapping_with_no_taskflow_operators.py took 1.100 seconds
[2025-01-12T00:42:32.015+0000] {processor.py:161} INFO - Started process (PID=195) to work on /home/airflow/.local/lib/python3.8/site-packages/airflow/example_dags/example_dynamic_task_mapping_with_no_taskflow_operators.py
[2025-01-12T00:42:32.018+0000] {processor.py:830} INFO - Processing file /home/airflow/.local/lib/python3.8/site-packages/airflow/example_dags/example_dynamic_task_mapping_with_no_taskflow_operators.py for tasks to queue
[2025-01-12T00:42:32.024+0000] {logging_mixin.py:188} INFO - [2025-01-12T00:42:32.023+0000] {dagbag.py:538} INFO - Filling up the DagBag from /home/airflow/.local/lib/python3.8/site-packages/airflow/example_dags/example_dynamic_task_mapping_with_no_taskflow_operators.py
[2025-01-12T00:42:32.041+0000] {processor.py:840} INFO - DAG(s) 'example_dynamic_task_mapping_with_no_taskflow_operators' retrieved from /home/airflow/.local/lib/python3.8/site-packages/airflow/example_dags/example_dynamic_task_mapping_with_no_taskflow_operators.py
[2025-01-12T00:42:32.093+0000] {logging_mixin.py:188} INFO - [2025-01-12T00:42:32.093+0000] {dag.py:3036} INFO - Sync 1 DAGs
[2025-01-12T00:42:32.168+0000] {logging_mixin.py:188} INFO - [2025-01-12T00:42:32.167+0000] {dag.py:3823} INFO - Setting next_dagrun for example_dynamic_task_mapping_with_no_taskflow_operators to 2025-01-11 00:00:00+00:00, run_after=2025-01-12 00:00:00+00:00
[2025-01-12T00:42:32.219+0000] {processor.py:183} INFO - Processing /home/airflow/.local/lib/python3.8/site-packages/airflow/example_dags/example_dynamic_task_mapping_with_no_taskflow_operators.py took 0.217 seconds
[2025-01-12T00:43:02.859+0000] {processor.py:161} INFO - Started process (PID=252) to work on /home/airflow/.local/lib/python3.8/site-packages/airflow/example_dags/example_dynamic_task_mapping_with_no_taskflow_operators.py
[2025-01-12T00:43:02.861+0000] {processor.py:830} INFO - Processing file /home/airflow/.local/lib/python3.8/site-packages/airflow/example_dags/example_dynamic_task_mapping_with_no_taskflow_operators.py for tasks to queue
[2025-01-12T00:43:02.865+0000] {logging_mixin.py:188} INFO - [2025-01-12T00:43:02.864+0000] {dagbag.py:538} INFO - Filling up the DagBag from /home/airflow/.local/lib/python3.8/site-packages/airflow/example_dags/example_dynamic_task_mapping_with_no_taskflow_operators.py
[2025-01-12T00:43:02.879+0000] {processor.py:840} INFO - DAG(s) 'example_dynamic_task_mapping_with_no_taskflow_operators' retrieved from /home/airflow/.local/lib/python3.8/site-packages/airflow/example_dags/example_dynamic_task_mapping_with_no_taskflow_operators.py
[2025-01-12T00:43:02.924+0000] {logging_mixin.py:188} INFO - [2025-01-12T00:43:02.924+0000] {dag.py:3036} INFO - Sync 1 DAGs
[2025-01-12T00:43:03.014+0000] {logging_mixin.py:188} INFO - [2025-01-12T00:43:03.013+0000] {dag.py:3823} INFO - Setting next_dagrun for example_dynamic_task_mapping_with_no_taskflow_operators to 2025-01-11 00:00:00+00:00, run_after=2025-01-12 00:00:00+00:00
[2025-01-12T00:43:03.087+0000] {processor.py:183} INFO - Processing /home/airflow/.local/lib/python3.8/site-packages/airflow/example_dags/example_dynamic_task_mapping_with_no_taskflow_operators.py took 0.236 seconds
[2025-01-12T00:43:35.274+0000] {processor.py:161} INFO - Started process (PID=308) to work on /home/airflow/.local/lib/python3.8/site-packages/airflow/example_dags/example_dynamic_task_mapping_with_no_taskflow_operators.py
[2025-01-12T00:43:35.281+0000] {processor.py:830} INFO - Processing file /home/airflow/.local/lib/python3.8/site-packages/airflow/example_dags/example_dynamic_task_mapping_with_no_taskflow_operators.py for tasks to queue
[2025-01-12T00:43:35.302+0000] {logging_mixin.py:188} INFO - [2025-01-12T00:43:35.301+0000] {dagbag.py:538} INFO - Filling up the DagBag from /home/airflow/.local/lib/python3.8/site-packages/airflow/example_dags/example_dynamic_task_mapping_with_no_taskflow_operators.py
[2025-01-12T00:43:35.372+0000] {processor.py:840} INFO - DAG(s) 'example_dynamic_task_mapping_with_no_taskflow_operators' retrieved from /home/airflow/.local/lib/python3.8/site-packages/airflow/example_dags/example_dynamic_task_mapping_with_no_taskflow_operators.py
[2025-01-12T00:43:35.514+0000] {logging_mixin.py:188} INFO - [2025-01-12T00:43:35.513+0000] {dag.py:3036} INFO - Sync 1 DAGs
[2025-01-12T00:43:35.780+0000] {logging_mixin.py:188} INFO - [2025-01-12T00:43:35.780+0000] {dag.py:3823} INFO - Setting next_dagrun for example_dynamic_task_mapping_with_no_taskflow_operators to 2025-01-11 00:00:00+00:00, run_after=2025-01-12 00:00:00+00:00
[2025-01-12T00:43:35.922+0000] {processor.py:183} INFO - Processing /home/airflow/.local/lib/python3.8/site-packages/airflow/example_dags/example_dynamic_task_mapping_with_no_taskflow_operators.py took 0.668 seconds
[2025-01-12T00:44:06.587+0000] {processor.py:161} INFO - Started process (PID=364) to work on /home/airflow/.local/lib/python3.8/site-packages/airflow/example_dags/example_dynamic_task_mapping_with_no_taskflow_operators.py
[2025-01-12T00:44:06.588+0000] {processor.py:830} INFO - Processing file /home/airflow/.local/lib/python3.8/site-packages/airflow/example_dags/example_dynamic_task_mapping_with_no_taskflow_operators.py for tasks to queue
[2025-01-12T00:44:06.592+0000] {logging_mixin.py:188} INFO - [2025-01-12T00:44:06.591+0000] {dagbag.py:538} INFO - Filling up the DagBag from /home/airflow/.local/lib/python3.8/site-packages/airflow/example_dags/example_dynamic_task_mapping_with_no_taskflow_operators.py
[2025-01-12T00:44:06.604+0000] {processor.py:840} INFO - DAG(s) 'example_dynamic_task_mapping_with_no_taskflow_operators' retrieved from /home/airflow/.local/lib/python3.8/site-packages/airflow/example_dags/example_dynamic_task_mapping_with_no_taskflow_operators.py
[2025-01-12T00:44:06.756+0000] {logging_mixin.py:188} INFO - [2025-01-12T00:44:06.755+0000] {dag.py:3036} INFO - Sync 1 DAGs
[2025-01-12T00:44:06.796+0000] {logging_mixin.py:188} INFO - [2025-01-12T00:44:06.795+0000] {dag.py:3823} INFO - Setting next_dagrun for example_dynamic_task_mapping_with_no_taskflow_operators to 2025-01-11 00:00:00+00:00, run_after=2025-01-12 00:00:00+00:00
[2025-01-12T00:44:06.828+0000] {processor.py:183} INFO - Processing /home/airflow/.local/lib/python3.8/site-packages/airflow/example_dags/example_dynamic_task_mapping_with_no_taskflow_operators.py took 0.247 seconds
[2025-01-12T00:44:36.934+0000] {processor.py:161} INFO - Started process (PID=420) to work on /home/airflow/.local/lib/python3.8/site-packages/airflow/example_dags/example_dynamic_task_mapping_with_no_taskflow_operators.py
[2025-01-12T00:44:36.938+0000] {processor.py:830} INFO - Processing file /home/airflow/.local/lib/python3.8/site-packages/airflow/example_dags/example_dynamic_task_mapping_with_no_taskflow_operators.py for tasks to queue
[2025-01-12T00:44:36.957+0000] {logging_mixin.py:188} INFO - [2025-01-12T00:44:36.956+0000] {dagbag.py:538} INFO - Filling up the DagBag from /home/airflow/.local/lib/python3.8/site-packages/airflow/example_dags/example_dynamic_task_mapping_with_no_taskflow_operators.py
[2025-01-12T00:44:36.997+0000] {processor.py:840} INFO - DAG(s) 'example_dynamic_task_mapping_with_no_taskflow_operators' retrieved from /home/airflow/.local/lib/python3.8/site-packages/airflow/example_dags/example_dynamic_task_mapping_with_no_taskflow_operators.py
[2025-01-12T00:44:37.127+0000] {logging_mixin.py:188} INFO - [2025-01-12T00:44:37.127+0000] {dag.py:3036} INFO - Sync 1 DAGs
[2025-01-12T00:44:37.554+0000] {logging_mixin.py:188} INFO - [2025-01-12T00:44:37.553+0000] {dag.py:3823} INFO - Setting next_dagrun for example_dynamic_task_mapping_with_no_taskflow_operators to 2025-01-11 00:00:00+00:00, run_after=2025-01-12 00:00:00+00:00
[2025-01-12T00:44:37.916+0000] {processor.py:183} INFO - Processing /home/airflow/.local/lib/python3.8/site-packages/airflow/example_dags/example_dynamic_task_mapping_with_no_taskflow_operators.py took 1.006 seconds
[2025-01-12T00:45:08.431+0000] {processor.py:161} INFO - Started process (PID=476) to work on /home/airflow/.local/lib/python3.8/site-packages/airflow/example_dags/example_dynamic_task_mapping_with_no_taskflow_operators.py
[2025-01-12T00:45:08.433+0000] {processor.py:830} INFO - Processing file /home/airflow/.local/lib/python3.8/site-packages/airflow/example_dags/example_dynamic_task_mapping_with_no_taskflow_operators.py for tasks to queue
[2025-01-12T00:45:08.438+0000] {logging_mixin.py:188} INFO - [2025-01-12T00:45:08.437+0000] {dagbag.py:538} INFO - Filling up the DagBag from /home/airflow/.local/lib/python3.8/site-packages/airflow/example_dags/example_dynamic_task_mapping_with_no_taskflow_operators.py
[2025-01-12T00:45:08.464+0000] {processor.py:840} INFO - DAG(s) 'example_dynamic_task_mapping_with_no_taskflow_operators' retrieved from /home/airflow/.local/lib/python3.8/site-packages/airflow/example_dags/example_dynamic_task_mapping_with_no_taskflow_operators.py
[2025-01-12T00:45:08.553+0000] {logging_mixin.py:188} INFO - [2025-01-12T00:45:08.552+0000] {dag.py:3036} INFO - Sync 1 DAGs
[2025-01-12T00:45:08.638+0000] {logging_mixin.py:188} INFO - [2025-01-12T00:45:08.637+0000] {dag.py:3823} INFO - Setting next_dagrun for example_dynamic_task_mapping_with_no_taskflow_operators to 2025-01-11 00:00:00+00:00, run_after=2025-01-12 00:00:00+00:00
[2025-01-12T00:45:08.700+0000] {processor.py:183} INFO - Processing /home/airflow/.local/lib/python3.8/site-packages/airflow/example_dags/example_dynamic_task_mapping_with_no_taskflow_operators.py took 0.281 seconds
[2025-01-12T00:45:39.045+0000] {processor.py:161} INFO - Started process (PID=533) to work on /home/airflow/.local/lib/python3.8/site-packages/airflow/example_dags/example_dynamic_task_mapping_with_no_taskflow_operators.py
[2025-01-12T00:45:39.046+0000] {processor.py:830} INFO - Processing file /home/airflow/.local/lib/python3.8/site-packages/airflow/example_dags/example_dynamic_task_mapping_with_no_taskflow_operators.py for tasks to queue
[2025-01-12T00:45:39.049+0000] {logging_mixin.py:188} INFO - [2025-01-12T00:45:39.049+0000] {dagbag.py:538} INFO - Filling up the DagBag from /home/airflow/.local/lib/python3.8/site-packages/airflow/example_dags/example_dynamic_task_mapping_with_no_taskflow_operators.py
[2025-01-12T00:45:39.059+0000] {processor.py:840} INFO - DAG(s) 'example_dynamic_task_mapping_with_no_taskflow_operators' retrieved from /home/airflow/.local/lib/python3.8/site-packages/airflow/example_dags/example_dynamic_task_mapping_with_no_taskflow_operators.py
[2025-01-12T00:45:39.086+0000] {logging_mixin.py:188} INFO - [2025-01-12T00:45:39.085+0000] {dag.py:3036} INFO - Sync 1 DAGs
[2025-01-12T00:45:39.114+0000] {logging_mixin.py:188} INFO - [2025-01-12T00:45:39.114+0000] {dag.py:3823} INFO - Setting next_dagrun for example_dynamic_task_mapping_with_no_taskflow_operators to 2025-01-11 00:00:00+00:00, run_after=2025-01-12 00:00:00+00:00
[2025-01-12T00:45:39.142+0000] {processor.py:183} INFO - Processing /home/airflow/.local/lib/python3.8/site-packages/airflow/example_dags/example_dynamic_task_mapping_with_no_taskflow_operators.py took 0.101 seconds
[2025-01-12T00:46:09.385+0000] {processor.py:161} INFO - Started process (PID=589) to work on /home/airflow/.local/lib/python3.8/site-packages/airflow/example_dags/example_dynamic_task_mapping_with_no_taskflow_operators.py
[2025-01-12T00:46:09.386+0000] {processor.py:830} INFO - Processing file /home/airflow/.local/lib/python3.8/site-packages/airflow/example_dags/example_dynamic_task_mapping_with_no_taskflow_operators.py for tasks to queue
[2025-01-12T00:46:09.390+0000] {logging_mixin.py:188} INFO - [2025-01-12T00:46:09.389+0000] {dagbag.py:538} INFO - Filling up the DagBag from /home/airflow/.local/lib/python3.8/site-packages/airflow/example_dags/example_dynamic_task_mapping_with_no_taskflow_operators.py
[2025-01-12T00:46:09.402+0000] {processor.py:840} INFO - DAG(s) 'example_dynamic_task_mapping_with_no_taskflow_operators' retrieved from /home/airflow/.local/lib/python3.8/site-packages/airflow/example_dags/example_dynamic_task_mapping_with_no_taskflow_operators.py
[2025-01-12T00:46:09.439+0000] {logging_mixin.py:188} INFO - [2025-01-12T00:46:09.438+0000] {dag.py:3036} INFO - Sync 1 DAGs
[2025-01-12T00:46:09.477+0000] {logging_mixin.py:188} INFO - [2025-01-12T00:46:09.477+0000] {dag.py:3823} INFO - Setting next_dagrun for example_dynamic_task_mapping_with_no_taskflow_operators to 2025-01-11 00:00:00+00:00, run_after=2025-01-12 00:00:00+00:00
[2025-01-12T00:46:09.507+0000] {processor.py:183} INFO - Processing /home/airflow/.local/lib/python3.8/site-packages/airflow/example_dags/example_dynamic_task_mapping_with_no_taskflow_operators.py took 0.128 seconds
[2025-01-12T00:46:40.325+0000] {processor.py:161} INFO - Started process (PID=645) to work on /home/airflow/.local/lib/python3.8/site-packages/airflow/example_dags/example_dynamic_task_mapping_with_no_taskflow_operators.py
[2025-01-12T00:46:40.327+0000] {processor.py:830} INFO - Processing file /home/airflow/.local/lib/python3.8/site-packages/airflow/example_dags/example_dynamic_task_mapping_with_no_taskflow_operators.py for tasks to queue
[2025-01-12T00:46:40.330+0000] {logging_mixin.py:188} INFO - [2025-01-12T00:46:40.329+0000] {dagbag.py:538} INFO - Filling up the DagBag from /home/airflow/.local/lib/python3.8/site-packages/airflow/example_dags/example_dynamic_task_mapping_with_no_taskflow_operators.py
[2025-01-12T00:46:40.340+0000] {processor.py:840} INFO - DAG(s) 'example_dynamic_task_mapping_with_no_taskflow_operators' retrieved from /home/airflow/.local/lib/python3.8/site-packages/airflow/example_dags/example_dynamic_task_mapping_with_no_taskflow_operators.py
[2025-01-12T00:46:40.375+0000] {logging_mixin.py:188} INFO - [2025-01-12T00:46:40.374+0000] {dag.py:3036} INFO - Sync 1 DAGs
[2025-01-12T00:46:40.415+0000] {logging_mixin.py:188} INFO - [2025-01-12T00:46:40.414+0000] {dag.py:3823} INFO - Setting next_dagrun for example_dynamic_task_mapping_with_no_taskflow_operators to 2025-01-11 00:00:00+00:00, run_after=2025-01-12 00:00:00+00:00
[2025-01-12T00:46:40.459+0000] {processor.py:183} INFO - Processing /home/airflow/.local/lib/python3.8/site-packages/airflow/example_dags/example_dynamic_task_mapping_with_no_taskflow_operators.py took 0.141 seconds
[2025-01-12T00:47:10.569+0000] {processor.py:161} INFO - Started process (PID=702) to work on /home/airflow/.local/lib/python3.8/site-packages/airflow/example_dags/example_dynamic_task_mapping_with_no_taskflow_operators.py
[2025-01-12T00:47:10.572+0000] {processor.py:830} INFO - Processing file /home/airflow/.local/lib/python3.8/site-packages/airflow/example_dags/example_dynamic_task_mapping_with_no_taskflow_operators.py for tasks to queue
[2025-01-12T00:47:10.579+0000] {logging_mixin.py:188} INFO - [2025-01-12T00:47:10.578+0000] {dagbag.py:538} INFO - Filling up the DagBag from /home/airflow/.local/lib/python3.8/site-packages/airflow/example_dags/example_dynamic_task_mapping_with_no_taskflow_operators.py
[2025-01-12T00:47:10.612+0000] {processor.py:840} INFO - DAG(s) 'example_dynamic_task_mapping_with_no_taskflow_operators' retrieved from /home/airflow/.local/lib/python3.8/site-packages/airflow/example_dags/example_dynamic_task_mapping_with_no_taskflow_operators.py
[2025-01-12T00:47:10.694+0000] {logging_mixin.py:188} INFO - [2025-01-12T00:47:10.693+0000] {dag.py:3036} INFO - Sync 1 DAGs
[2025-01-12T00:47:10.820+0000] {logging_mixin.py:188} INFO - [2025-01-12T00:47:10.819+0000] {dag.py:3823} INFO - Setting next_dagrun for example_dynamic_task_mapping_with_no_taskflow_operators to 2025-01-11 00:00:00+00:00, run_after=2025-01-12 00:00:00+00:00
[2025-01-12T00:47:10.920+0000] {processor.py:183} INFO - Processing /home/airflow/.local/lib/python3.8/site-packages/airflow/example_dags/example_dynamic_task_mapping_with_no_taskflow_operators.py took 0.363 seconds
[2025-01-12T00:47:42.811+0000] {processor.py:161} INFO - Started process (PID=758) to work on /home/airflow/.local/lib/python3.8/site-packages/airflow/example_dags/example_dynamic_task_mapping_with_no_taskflow_operators.py
[2025-01-12T00:47:42.853+0000] {processor.py:830} INFO - Processing file /home/airflow/.local/lib/python3.8/site-packages/airflow/example_dags/example_dynamic_task_mapping_with_no_taskflow_operators.py for tasks to queue
[2025-01-12T00:47:42.878+0000] {logging_mixin.py:188} INFO - [2025-01-12T00:47:42.870+0000] {dagbag.py:538} INFO - Filling up the DagBag from /home/airflow/.local/lib/python3.8/site-packages/airflow/example_dags/example_dynamic_task_mapping_with_no_taskflow_operators.py
[2025-01-12T00:47:42.994+0000] {processor.py:840} INFO - DAG(s) 'example_dynamic_task_mapping_with_no_taskflow_operators' retrieved from /home/airflow/.local/lib/python3.8/site-packages/airflow/example_dags/example_dynamic_task_mapping_with_no_taskflow_operators.py
[2025-01-12T00:47:43.200+0000] {logging_mixin.py:188} INFO - [2025-01-12T00:47:43.200+0000] {dag.py:3036} INFO - Sync 1 DAGs
[2025-01-12T00:47:43.314+0000] {logging_mixin.py:188} INFO - [2025-01-12T00:47:43.314+0000] {dag.py:3823} INFO - Setting next_dagrun for example_dynamic_task_mapping_with_no_taskflow_operators to 2025-01-11 00:00:00+00:00, run_after=2025-01-12 00:00:00+00:00
[2025-01-12T00:47:43.392+0000] {processor.py:183} INFO - Processing /home/airflow/.local/lib/python3.8/site-packages/airflow/example_dags/example_dynamic_task_mapping_with_no_taskflow_operators.py took 0.664 seconds
[2025-01-12T00:48:13.598+0000] {processor.py:161} INFO - Started process (PID=814) to work on /home/airflow/.local/lib/python3.8/site-packages/airflow/example_dags/example_dynamic_task_mapping_with_no_taskflow_operators.py
[2025-01-12T00:48:13.601+0000] {processor.py:830} INFO - Processing file /home/airflow/.local/lib/python3.8/site-packages/airflow/example_dags/example_dynamic_task_mapping_with_no_taskflow_operators.py for tasks to queue
[2025-01-12T00:48:13.605+0000] {logging_mixin.py:188} INFO - [2025-01-12T00:48:13.605+0000] {dagbag.py:538} INFO - Filling up the DagBag from /home/airflow/.local/lib/python3.8/site-packages/airflow/example_dags/example_dynamic_task_mapping_with_no_taskflow_operators.py
[2025-01-12T00:48:13.622+0000] {processor.py:840} INFO - DAG(s) 'example_dynamic_task_mapping_with_no_taskflow_operators' retrieved from /home/airflow/.local/lib/python3.8/site-packages/airflow/example_dags/example_dynamic_task_mapping_with_no_taskflow_operators.py
[2025-01-12T00:48:13.683+0000] {logging_mixin.py:188} INFO - [2025-01-12T00:48:13.682+0000] {dag.py:3036} INFO - Sync 1 DAGs
[2025-01-12T00:48:13.779+0000] {logging_mixin.py:188} INFO - [2025-01-12T00:48:13.778+0000] {dag.py:3823} INFO - Setting next_dagrun for example_dynamic_task_mapping_with_no_taskflow_operators to 2025-01-11 00:00:00+00:00, run_after=2025-01-12 00:00:00+00:00
[2025-01-12T00:48:13.852+0000] {processor.py:183} INFO - Processing /home/airflow/.local/lib/python3.8/site-packages/airflow/example_dags/example_dynamic_task_mapping_with_no_taskflow_operators.py took 0.265 seconds
[2025-01-12T00:48:44.399+0000] {processor.py:161} INFO - Started process (PID=869) to work on /home/airflow/.local/lib/python3.8/site-packages/airflow/example_dags/example_dynamic_task_mapping_with_no_taskflow_operators.py
[2025-01-12T00:48:44.405+0000] {processor.py:830} INFO - Processing file /home/airflow/.local/lib/python3.8/site-packages/airflow/example_dags/example_dynamic_task_mapping_with_no_taskflow_operators.py for tasks to queue
[2025-01-12T00:48:44.421+0000] {logging_mixin.py:188} INFO - [2025-01-12T00:48:44.420+0000] {dagbag.py:538} INFO - Filling up the DagBag from /home/airflow/.local/lib/python3.8/site-packages/airflow/example_dags/example_dynamic_task_mapping_with_no_taskflow_operators.py
[2025-01-12T00:48:44.471+0000] {processor.py:840} INFO - DAG(s) 'example_dynamic_task_mapping_with_no_taskflow_operators' retrieved from /home/airflow/.local/lib/python3.8/site-packages/airflow/example_dags/example_dynamic_task_mapping_with_no_taskflow_operators.py
[2025-01-12T00:48:44.576+0000] {logging_mixin.py:188} INFO - [2025-01-12T00:48:44.575+0000] {dag.py:3036} INFO - Sync 1 DAGs
[2025-01-12T00:48:44.674+0000] {logging_mixin.py:188} INFO - [2025-01-12T00:48:44.673+0000] {dag.py:3823} INFO - Setting next_dagrun for example_dynamic_task_mapping_with_no_taskflow_operators to 2025-01-11 00:00:00+00:00, run_after=2025-01-12 00:00:00+00:00
[2025-01-12T00:48:44.755+0000] {processor.py:183} INFO - Processing /home/airflow/.local/lib/python3.8/site-packages/airflow/example_dags/example_dynamic_task_mapping_with_no_taskflow_operators.py took 0.376 seconds
[2025-01-12T00:49:15.969+0000] {processor.py:161} INFO - Started process (PID=925) to work on /home/airflow/.local/lib/python3.8/site-packages/airflow/example_dags/example_dynamic_task_mapping_with_no_taskflow_operators.py
[2025-01-12T00:49:15.976+0000] {processor.py:830} INFO - Processing file /home/airflow/.local/lib/python3.8/site-packages/airflow/example_dags/example_dynamic_task_mapping_with_no_taskflow_operators.py for tasks to queue
[2025-01-12T00:49:15.981+0000] {logging_mixin.py:188} INFO - [2025-01-12T00:49:15.980+0000] {dagbag.py:538} INFO - Filling up the DagBag from /home/airflow/.local/lib/python3.8/site-packages/airflow/example_dags/example_dynamic_task_mapping_with_no_taskflow_operators.py
[2025-01-12T00:49:15.998+0000] {processor.py:840} INFO - DAG(s) 'example_dynamic_task_mapping_with_no_taskflow_operators' retrieved from /home/airflow/.local/lib/python3.8/site-packages/airflow/example_dags/example_dynamic_task_mapping_with_no_taskflow_operators.py
[2025-01-12T00:49:16.053+0000] {logging_mixin.py:188} INFO - [2025-01-12T00:49:16.052+0000] {dag.py:3036} INFO - Sync 1 DAGs
[2025-01-12T00:49:16.135+0000] {logging_mixin.py:188} INFO - [2025-01-12T00:49:16.134+0000] {dag.py:3823} INFO - Setting next_dagrun for example_dynamic_task_mapping_with_no_taskflow_operators to 2025-01-11 00:00:00+00:00, run_after=2025-01-12 00:00:00+00:00
[2025-01-12T00:49:16.183+0000] {processor.py:183} INFO - Processing /home/airflow/.local/lib/python3.8/site-packages/airflow/example_dags/example_dynamic_task_mapping_with_no_taskflow_operators.py took 0.227 seconds
[2025-01-12T00:49:47.315+0000] {processor.py:161} INFO - Started process (PID=981) to work on /home/airflow/.local/lib/python3.8/site-packages/airflow/example_dags/example_dynamic_task_mapping_with_no_taskflow_operators.py
[2025-01-12T00:49:47.323+0000] {processor.py:830} INFO - Processing file /home/airflow/.local/lib/python3.8/site-packages/airflow/example_dags/example_dynamic_task_mapping_with_no_taskflow_operators.py for tasks to queue
[2025-01-12T00:49:47.328+0000] {logging_mixin.py:188} INFO - [2025-01-12T00:49:47.327+0000] {dagbag.py:538} INFO - Filling up the DagBag from /home/airflow/.local/lib/python3.8/site-packages/airflow/example_dags/example_dynamic_task_mapping_with_no_taskflow_operators.py
[2025-01-12T00:49:47.345+0000] {processor.py:840} INFO - DAG(s) 'example_dynamic_task_mapping_with_no_taskflow_operators' retrieved from /home/airflow/.local/lib/python3.8/site-packages/airflow/example_dags/example_dynamic_task_mapping_with_no_taskflow_operators.py
[2025-01-12T00:49:47.426+0000] {logging_mixin.py:188} INFO - [2025-01-12T00:49:47.425+0000] {dag.py:3036} INFO - Sync 1 DAGs
[2025-01-12T00:49:47.478+0000] {logging_mixin.py:188} INFO - [2025-01-12T00:49:47.478+0000] {dag.py:3823} INFO - Setting next_dagrun for example_dynamic_task_mapping_with_no_taskflow_operators to 2025-01-11 00:00:00+00:00, run_after=2025-01-12 00:00:00+00:00
[2025-01-12T00:49:47.534+0000] {processor.py:183} INFO - Processing /home/airflow/.local/lib/python3.8/site-packages/airflow/example_dags/example_dynamic_task_mapping_with_no_taskflow_operators.py took 0.237 seconds
[2025-01-12T00:50:23.634+0000] {processor.py:161} INFO - Started process (PID=1035) to work on /home/airflow/.local/lib/python3.8/site-packages/airflow/example_dags/example_dynamic_task_mapping_with_no_taskflow_operators.py
[2025-01-12T00:50:23.647+0000] {processor.py:830} INFO - Processing file /home/airflow/.local/lib/python3.8/site-packages/airflow/example_dags/example_dynamic_task_mapping_with_no_taskflow_operators.py for tasks to queue
[2025-01-12T00:50:23.653+0000] {logging_mixin.py:188} INFO - [2025-01-12T00:50:23.652+0000] {dagbag.py:538} INFO - Filling up the DagBag from /home/airflow/.local/lib/python3.8/site-packages/airflow/example_dags/example_dynamic_task_mapping_with_no_taskflow_operators.py
[2025-01-12T00:50:23.705+0000] {processor.py:840} INFO - DAG(s) 'example_dynamic_task_mapping_with_no_taskflow_operators' retrieved from /home/airflow/.local/lib/python3.8/site-packages/airflow/example_dags/example_dynamic_task_mapping_with_no_taskflow_operators.py
[2025-01-12T00:50:23.835+0000] {logging_mixin.py:188} INFO - [2025-01-12T00:50:23.834+0000] {dag.py:3036} INFO - Sync 1 DAGs
[2025-01-12T00:50:23.975+0000] {logging_mixin.py:188} INFO - [2025-01-12T00:50:23.974+0000] {dag.py:3823} INFO - Setting next_dagrun for example_dynamic_task_mapping_with_no_taskflow_operators to 2025-01-11 00:00:00+00:00, run_after=2025-01-12 00:00:00+00:00
[2025-01-12T00:50:24.069+0000] {processor.py:183} INFO - Processing /home/airflow/.local/lib/python3.8/site-packages/airflow/example_dags/example_dynamic_task_mapping_with_no_taskflow_operators.py took 0.456 seconds
[2025-01-12T00:50:54.717+0000] {processor.py:161} INFO - Started process (PID=1092) to work on /home/airflow/.local/lib/python3.8/site-packages/airflow/example_dags/example_dynamic_task_mapping_with_no_taskflow_operators.py
[2025-01-12T00:50:54.719+0000] {processor.py:830} INFO - Processing file /home/airflow/.local/lib/python3.8/site-packages/airflow/example_dags/example_dynamic_task_mapping_with_no_taskflow_operators.py for tasks to queue
[2025-01-12T00:50:54.725+0000] {logging_mixin.py:188} INFO - [2025-01-12T00:50:54.724+0000] {dagbag.py:538} INFO - Filling up the DagBag from /home/airflow/.local/lib/python3.8/site-packages/airflow/example_dags/example_dynamic_task_mapping_with_no_taskflow_operators.py
[2025-01-12T00:50:54.746+0000] {processor.py:840} INFO - DAG(s) 'example_dynamic_task_mapping_with_no_taskflow_operators' retrieved from /home/airflow/.local/lib/python3.8/site-packages/airflow/example_dags/example_dynamic_task_mapping_with_no_taskflow_operators.py
[2025-01-12T00:50:54.809+0000] {logging_mixin.py:188} INFO - [2025-01-12T00:50:54.808+0000] {dag.py:3036} INFO - Sync 1 DAGs
[2025-01-12T00:50:54.886+0000] {logging_mixin.py:188} INFO - [2025-01-12T00:50:54.885+0000] {dag.py:3823} INFO - Setting next_dagrun for example_dynamic_task_mapping_with_no_taskflow_operators to 2025-01-11 00:00:00+00:00, run_after=2025-01-12 00:00:00+00:00
[2025-01-12T00:50:54.940+0000] {processor.py:183} INFO - Processing /home/airflow/.local/lib/python3.8/site-packages/airflow/example_dags/example_dynamic_task_mapping_with_no_taskflow_operators.py took 0.235 seconds
[2025-01-12T00:51:26.890+0000] {processor.py:161} INFO - Started process (PID=1149) to work on /home/airflow/.local/lib/python3.8/site-packages/airflow/example_dags/example_dynamic_task_mapping_with_no_taskflow_operators.py
[2025-01-12T00:51:26.893+0000] {processor.py:830} INFO - Processing file /home/airflow/.local/lib/python3.8/site-packages/airflow/example_dags/example_dynamic_task_mapping_with_no_taskflow_operators.py for tasks to queue
[2025-01-12T00:51:26.913+0000] {logging_mixin.py:188} INFO - [2025-01-12T00:51:26.912+0000] {dagbag.py:538} INFO - Filling up the DagBag from /home/airflow/.local/lib/python3.8/site-packages/airflow/example_dags/example_dynamic_task_mapping_with_no_taskflow_operators.py
[2025-01-12T00:51:26.964+0000] {processor.py:840} INFO - DAG(s) 'example_dynamic_task_mapping_with_no_taskflow_operators' retrieved from /home/airflow/.local/lib/python3.8/site-packages/airflow/example_dags/example_dynamic_task_mapping_with_no_taskflow_operators.py
[2025-01-12T00:51:27.127+0000] {logging_mixin.py:188} INFO - [2025-01-12T00:51:27.126+0000] {dag.py:3036} INFO - Sync 1 DAGs
[2025-01-12T00:51:27.307+0000] {logging_mixin.py:188} INFO - [2025-01-12T00:51:27.306+0000] {dag.py:3823} INFO - Setting next_dagrun for example_dynamic_task_mapping_with_no_taskflow_operators to 2025-01-11 00:00:00+00:00, run_after=2025-01-12 00:00:00+00:00
[2025-01-12T00:51:27.437+0000] {processor.py:183} INFO - Processing /home/airflow/.local/lib/python3.8/site-packages/airflow/example_dags/example_dynamic_task_mapping_with_no_taskflow_operators.py took 0.568 seconds
[2025-01-12T00:51:57.655+0000] {processor.py:161} INFO - Started process (PID=1205) to work on /home/airflow/.local/lib/python3.8/site-packages/airflow/example_dags/example_dynamic_task_mapping_with_no_taskflow_operators.py
[2025-01-12T00:51:57.657+0000] {processor.py:830} INFO - Processing file /home/airflow/.local/lib/python3.8/site-packages/airflow/example_dags/example_dynamic_task_mapping_with_no_taskflow_operators.py for tasks to queue
[2025-01-12T00:51:57.661+0000] {logging_mixin.py:188} INFO - [2025-01-12T00:51:57.660+0000] {dagbag.py:538} INFO - Filling up the DagBag from /home/airflow/.local/lib/python3.8/site-packages/airflow/example_dags/example_dynamic_task_mapping_with_no_taskflow_operators.py
[2025-01-12T00:51:57.680+0000] {processor.py:840} INFO - DAG(s) 'example_dynamic_task_mapping_with_no_taskflow_operators' retrieved from /home/airflow/.local/lib/python3.8/site-packages/airflow/example_dags/example_dynamic_task_mapping_with_no_taskflow_operators.py
[2025-01-12T00:51:57.745+0000] {logging_mixin.py:188} INFO - [2025-01-12T00:51:57.744+0000] {dag.py:3036} INFO - Sync 1 DAGs
[2025-01-12T00:51:57.823+0000] {logging_mixin.py:188} INFO - [2025-01-12T00:51:57.822+0000] {dag.py:3823} INFO - Setting next_dagrun for example_dynamic_task_mapping_with_no_taskflow_operators to 2025-01-11 00:00:00+00:00, run_after=2025-01-12 00:00:00+00:00
[2025-01-12T00:51:57.886+0000] {processor.py:183} INFO - Processing /home/airflow/.local/lib/python3.8/site-packages/airflow/example_dags/example_dynamic_task_mapping_with_no_taskflow_operators.py took 0.241 seconds
[2025-01-12T00:52:28.527+0000] {processor.py:161} INFO - Started process (PID=1261) to work on /home/airflow/.local/lib/python3.8/site-packages/airflow/example_dags/example_dynamic_task_mapping_with_no_taskflow_operators.py
[2025-01-12T00:52:28.530+0000] {processor.py:830} INFO - Processing file /home/airflow/.local/lib/python3.8/site-packages/airflow/example_dags/example_dynamic_task_mapping_with_no_taskflow_operators.py for tasks to queue
[2025-01-12T00:52:28.536+0000] {logging_mixin.py:188} INFO - [2025-01-12T00:52:28.533+0000] {dagbag.py:538} INFO - Filling up the DagBag from /home/airflow/.local/lib/python3.8/site-packages/airflow/example_dags/example_dynamic_task_mapping_with_no_taskflow_operators.py
[2025-01-12T00:52:28.567+0000] {processor.py:840} INFO - DAG(s) 'example_dynamic_task_mapping_with_no_taskflow_operators' retrieved from /home/airflow/.local/lib/python3.8/site-packages/airflow/example_dags/example_dynamic_task_mapping_with_no_taskflow_operators.py
[2025-01-12T00:52:28.609+0000] {logging_mixin.py:188} INFO - [2025-01-12T00:52:28.609+0000] {dag.py:3036} INFO - Sync 1 DAGs
[2025-01-12T00:52:28.643+0000] {logging_mixin.py:188} INFO - [2025-01-12T00:52:28.643+0000] {dag.py:3823} INFO - Setting next_dagrun for example_dynamic_task_mapping_with_no_taskflow_operators to 2025-01-11 00:00:00+00:00, run_after=2025-01-12 00:00:00+00:00
[2025-01-12T00:52:28.669+0000] {processor.py:183} INFO - Processing /home/airflow/.local/lib/python3.8/site-packages/airflow/example_dags/example_dynamic_task_mapping_with_no_taskflow_operators.py took 0.155 seconds
[2025-01-12T00:52:59.024+0000] {processor.py:161} INFO - Started process (PID=1316) to work on /home/airflow/.local/lib/python3.8/site-packages/airflow/example_dags/example_dynamic_task_mapping_with_no_taskflow_operators.py
[2025-01-12T00:52:59.026+0000] {processor.py:830} INFO - Processing file /home/airflow/.local/lib/python3.8/site-packages/airflow/example_dags/example_dynamic_task_mapping_with_no_taskflow_operators.py for tasks to queue
[2025-01-12T00:52:59.029+0000] {logging_mixin.py:188} INFO - [2025-01-12T00:52:59.028+0000] {dagbag.py:538} INFO - Filling up the DagBag from /home/airflow/.local/lib/python3.8/site-packages/airflow/example_dags/example_dynamic_task_mapping_with_no_taskflow_operators.py
[2025-01-12T00:52:59.041+0000] {processor.py:840} INFO - DAG(s) 'example_dynamic_task_mapping_with_no_taskflow_operators' retrieved from /home/airflow/.local/lib/python3.8/site-packages/airflow/example_dags/example_dynamic_task_mapping_with_no_taskflow_operators.py
[2025-01-12T00:52:59.069+0000] {logging_mixin.py:188} INFO - [2025-01-12T00:52:59.068+0000] {dag.py:3036} INFO - Sync 1 DAGs
[2025-01-12T00:52:59.104+0000] {logging_mixin.py:188} INFO - [2025-01-12T00:52:59.104+0000] {dag.py:3823} INFO - Setting next_dagrun for example_dynamic_task_mapping_with_no_taskflow_operators to 2025-01-11 00:00:00+00:00, run_after=2025-01-12 00:00:00+00:00
[2025-01-12T00:52:59.135+0000] {processor.py:183} INFO - Processing /home/airflow/.local/lib/python3.8/site-packages/airflow/example_dags/example_dynamic_task_mapping_with_no_taskflow_operators.py took 0.116 seconds
[2025-01-12T00:53:29.541+0000] {processor.py:161} INFO - Started process (PID=1372) to work on /home/airflow/.local/lib/python3.8/site-packages/airflow/example_dags/example_dynamic_task_mapping_with_no_taskflow_operators.py
[2025-01-12T00:53:29.542+0000] {processor.py:830} INFO - Processing file /home/airflow/.local/lib/python3.8/site-packages/airflow/example_dags/example_dynamic_task_mapping_with_no_taskflow_operators.py for tasks to queue
[2025-01-12T00:53:29.544+0000] {logging_mixin.py:188} INFO - [2025-01-12T00:53:29.544+0000] {dagbag.py:538} INFO - Filling up the DagBag from /home/airflow/.local/lib/python3.8/site-packages/airflow/example_dags/example_dynamic_task_mapping_with_no_taskflow_operators.py
[2025-01-12T00:53:29.554+0000] {processor.py:840} INFO - DAG(s) 'example_dynamic_task_mapping_with_no_taskflow_operators' retrieved from /home/airflow/.local/lib/python3.8/site-packages/airflow/example_dags/example_dynamic_task_mapping_with_no_taskflow_operators.py
[2025-01-12T00:53:29.614+0000] {logging_mixin.py:188} INFO - [2025-01-12T00:53:29.614+0000] {dag.py:3036} INFO - Sync 1 DAGs
[2025-01-12T00:53:29.690+0000] {logging_mixin.py:188} INFO - [2025-01-12T00:53:29.689+0000] {dag.py:3823} INFO - Setting next_dagrun for example_dynamic_task_mapping_with_no_taskflow_operators to 2025-01-11 00:00:00+00:00, run_after=2025-01-12 00:00:00+00:00
[2025-01-12T00:53:29.730+0000] {processor.py:183} INFO - Processing /home/airflow/.local/lib/python3.8/site-packages/airflow/example_dags/example_dynamic_task_mapping_with_no_taskflow_operators.py took 0.195 seconds
[2025-01-12T00:53:59.961+0000] {processor.py:161} INFO - Started process (PID=1432) to work on /home/airflow/.local/lib/python3.8/site-packages/airflow/example_dags/example_dynamic_task_mapping_with_no_taskflow_operators.py
[2025-01-12T00:53:59.963+0000] {processor.py:830} INFO - Processing file /home/airflow/.local/lib/python3.8/site-packages/airflow/example_dags/example_dynamic_task_mapping_with_no_taskflow_operators.py for tasks to queue
[2025-01-12T00:53:59.964+0000] {logging_mixin.py:188} INFO - [2025-01-12T00:53:59.964+0000] {dagbag.py:538} INFO - Filling up the DagBag from /home/airflow/.local/lib/python3.8/site-packages/airflow/example_dags/example_dynamic_task_mapping_with_no_taskflow_operators.py
[2025-01-12T00:53:59.979+0000] {processor.py:840} INFO - DAG(s) 'example_dynamic_task_mapping_with_no_taskflow_operators' retrieved from /home/airflow/.local/lib/python3.8/site-packages/airflow/example_dags/example_dynamic_task_mapping_with_no_taskflow_operators.py
[2025-01-12T00:54:00.036+0000] {logging_mixin.py:188} INFO - [2025-01-12T00:54:00.035+0000] {dag.py:3036} INFO - Sync 1 DAGs
[2025-01-12T00:54:00.092+0000] {logging_mixin.py:188} INFO - [2025-01-12T00:54:00.092+0000] {dag.py:3823} INFO - Setting next_dagrun for example_dynamic_task_mapping_with_no_taskflow_operators to 2025-01-11 00:00:00+00:00, run_after=2025-01-12 00:00:00+00:00
[2025-01-12T00:54:00.146+0000] {processor.py:183} INFO - Processing /home/airflow/.local/lib/python3.8/site-packages/airflow/example_dags/example_dynamic_task_mapping_with_no_taskflow_operators.py took 0.192 seconds
[2025-01-12T00:54:30.692+0000] {processor.py:161} INFO - Started process (PID=1488) to work on /home/airflow/.local/lib/python3.8/site-packages/airflow/example_dags/example_dynamic_task_mapping_with_no_taskflow_operators.py
[2025-01-12T00:54:30.693+0000] {processor.py:830} INFO - Processing file /home/airflow/.local/lib/python3.8/site-packages/airflow/example_dags/example_dynamic_task_mapping_with_no_taskflow_operators.py for tasks to queue
[2025-01-12T00:54:30.695+0000] {logging_mixin.py:188} INFO - [2025-01-12T00:54:30.694+0000] {dagbag.py:538} INFO - Filling up the DagBag from /home/airflow/.local/lib/python3.8/site-packages/airflow/example_dags/example_dynamic_task_mapping_with_no_taskflow_operators.py
[2025-01-12T00:54:30.707+0000] {processor.py:840} INFO - DAG(s) 'example_dynamic_task_mapping_with_no_taskflow_operators' retrieved from /home/airflow/.local/lib/python3.8/site-packages/airflow/example_dags/example_dynamic_task_mapping_with_no_taskflow_operators.py
[2025-01-12T00:54:30.738+0000] {logging_mixin.py:188} INFO - [2025-01-12T00:54:30.737+0000] {dag.py:3036} INFO - Sync 1 DAGs
[2025-01-12T00:54:30.770+0000] {logging_mixin.py:188} INFO - [2025-01-12T00:54:30.769+0000] {dag.py:3823} INFO - Setting next_dagrun for example_dynamic_task_mapping_with_no_taskflow_operators to 2025-01-11 00:00:00+00:00, run_after=2025-01-12 00:00:00+00:00
[2025-01-12T00:54:30.813+0000] {processor.py:183} INFO - Processing /home/airflow/.local/lib/python3.8/site-packages/airflow/example_dags/example_dynamic_task_mapping_with_no_taskflow_operators.py took 0.128 seconds
[2025-01-12T00:55:00.885+0000] {processor.py:161} INFO - Started process (PID=1544) to work on /home/airflow/.local/lib/python3.8/site-packages/airflow/example_dags/example_dynamic_task_mapping_with_no_taskflow_operators.py
[2025-01-12T00:55:00.886+0000] {processor.py:830} INFO - Processing file /home/airflow/.local/lib/python3.8/site-packages/airflow/example_dags/example_dynamic_task_mapping_with_no_taskflow_operators.py for tasks to queue
[2025-01-12T00:55:00.888+0000] {logging_mixin.py:188} INFO - [2025-01-12T00:55:00.888+0000] {dagbag.py:538} INFO - Filling up the DagBag from /home/airflow/.local/lib/python3.8/site-packages/airflow/example_dags/example_dynamic_task_mapping_with_no_taskflow_operators.py
[2025-01-12T00:55:00.902+0000] {processor.py:840} INFO - DAG(s) 'example_dynamic_task_mapping_with_no_taskflow_operators' retrieved from /home/airflow/.local/lib/python3.8/site-packages/airflow/example_dags/example_dynamic_task_mapping_with_no_taskflow_operators.py
[2025-01-12T00:55:00.933+0000] {logging_mixin.py:188} INFO - [2025-01-12T00:55:00.933+0000] {dag.py:3036} INFO - Sync 1 DAGs
[2025-01-12T00:55:00.973+0000] {logging_mixin.py:188} INFO - [2025-01-12T00:55:00.973+0000] {dag.py:3823} INFO - Setting next_dagrun for example_dynamic_task_mapping_with_no_taskflow_operators to 2025-01-11 00:00:00+00:00, run_after=2025-01-12 00:00:00+00:00
[2025-01-12T00:55:01.019+0000] {processor.py:183} INFO - Processing /home/airflow/.local/lib/python3.8/site-packages/airflow/example_dags/example_dynamic_task_mapping_with_no_taskflow_operators.py took 0.138 seconds
[2025-01-12T00:55:31.799+0000] {processor.py:161} INFO - Started process (PID=1606) to work on /home/airflow/.local/lib/python3.8/site-packages/airflow/example_dags/example_dynamic_task_mapping_with_no_taskflow_operators.py
[2025-01-12T00:55:31.802+0000] {processor.py:830} INFO - Processing file /home/airflow/.local/lib/python3.8/site-packages/airflow/example_dags/example_dynamic_task_mapping_with_no_taskflow_operators.py for tasks to queue
[2025-01-12T00:55:31.804+0000] {logging_mixin.py:188} INFO - [2025-01-12T00:55:31.804+0000] {dagbag.py:538} INFO - Filling up the DagBag from /home/airflow/.local/lib/python3.8/site-packages/airflow/example_dags/example_dynamic_task_mapping_with_no_taskflow_operators.py
[2025-01-12T00:55:31.822+0000] {processor.py:840} INFO - DAG(s) 'example_dynamic_task_mapping_with_no_taskflow_operators' retrieved from /home/airflow/.local/lib/python3.8/site-packages/airflow/example_dags/example_dynamic_task_mapping_with_no_taskflow_operators.py
[2025-01-12T00:55:31.901+0000] {logging_mixin.py:188} INFO - [2025-01-12T00:55:31.900+0000] {dag.py:3036} INFO - Sync 1 DAGs
[2025-01-12T00:55:32.024+0000] {logging_mixin.py:188} INFO - [2025-01-12T00:55:32.018+0000] {dag.py:3823} INFO - Setting next_dagrun for example_dynamic_task_mapping_with_no_taskflow_operators to 2025-01-11 00:00:00+00:00, run_after=2025-01-12 00:00:00+00:00
[2025-01-12T00:55:32.108+0000] {processor.py:183} INFO - Processing /home/airflow/.local/lib/python3.8/site-packages/airflow/example_dags/example_dynamic_task_mapping_with_no_taskflow_operators.py took 0.317 seconds
[2025-01-12T00:56:02.861+0000] {processor.py:161} INFO - Started process (PID=1662) to work on /home/airflow/.local/lib/python3.8/site-packages/airflow/example_dags/example_dynamic_task_mapping_with_no_taskflow_operators.py
[2025-01-12T00:56:02.865+0000] {processor.py:830} INFO - Processing file /home/airflow/.local/lib/python3.8/site-packages/airflow/example_dags/example_dynamic_task_mapping_with_no_taskflow_operators.py for tasks to queue
[2025-01-12T00:56:02.867+0000] {logging_mixin.py:188} INFO - [2025-01-12T00:56:02.867+0000] {dagbag.py:538} INFO - Filling up the DagBag from /home/airflow/.local/lib/python3.8/site-packages/airflow/example_dags/example_dynamic_task_mapping_with_no_taskflow_operators.py
[2025-01-12T00:56:02.886+0000] {processor.py:840} INFO - DAG(s) 'example_dynamic_task_mapping_with_no_taskflow_operators' retrieved from /home/airflow/.local/lib/python3.8/site-packages/airflow/example_dags/example_dynamic_task_mapping_with_no_taskflow_operators.py
[2025-01-12T00:56:02.934+0000] {logging_mixin.py:188} INFO - [2025-01-12T00:56:02.933+0000] {dag.py:3036} INFO - Sync 1 DAGs
[2025-01-12T00:56:03.003+0000] {logging_mixin.py:188} INFO - [2025-01-12T00:56:03.002+0000] {dag.py:3823} INFO - Setting next_dagrun for example_dynamic_task_mapping_with_no_taskflow_operators to 2025-01-11 00:00:00+00:00, run_after=2025-01-12 00:00:00+00:00
[2025-01-12T00:56:03.059+0000] {processor.py:183} INFO - Processing /home/airflow/.local/lib/python3.8/site-packages/airflow/example_dags/example_dynamic_task_mapping_with_no_taskflow_operators.py took 0.207 seconds
[2025-01-12T00:56:34.275+0000] {processor.py:161} INFO - Started process (PID=1718) to work on /home/airflow/.local/lib/python3.8/site-packages/airflow/example_dags/example_dynamic_task_mapping_with_no_taskflow_operators.py
[2025-01-12T00:56:34.283+0000] {processor.py:830} INFO - Processing file /home/airflow/.local/lib/python3.8/site-packages/airflow/example_dags/example_dynamic_task_mapping_with_no_taskflow_operators.py for tasks to queue
[2025-01-12T00:56:34.288+0000] {logging_mixin.py:188} INFO - [2025-01-12T00:56:34.288+0000] {dagbag.py:538} INFO - Filling up the DagBag from /home/airflow/.local/lib/python3.8/site-packages/airflow/example_dags/example_dynamic_task_mapping_with_no_taskflow_operators.py
[2025-01-12T00:56:34.323+0000] {processor.py:840} INFO - DAG(s) 'example_dynamic_task_mapping_with_no_taskflow_operators' retrieved from /home/airflow/.local/lib/python3.8/site-packages/airflow/example_dags/example_dynamic_task_mapping_with_no_taskflow_operators.py
[2025-01-12T00:56:34.407+0000] {logging_mixin.py:188} INFO - [2025-01-12T00:56:34.405+0000] {dag.py:3036} INFO - Sync 1 DAGs
[2025-01-12T00:56:34.543+0000] {logging_mixin.py:188} INFO - [2025-01-12T00:56:34.542+0000] {dag.py:3823} INFO - Setting next_dagrun for example_dynamic_task_mapping_with_no_taskflow_operators to 2025-01-11 00:00:00+00:00, run_after=2025-01-12 00:00:00+00:00
[2025-01-12T00:56:34.644+0000] {processor.py:183} INFO - Processing /home/airflow/.local/lib/python3.8/site-packages/airflow/example_dags/example_dynamic_task_mapping_with_no_taskflow_operators.py took 0.379 seconds
[2025-01-12T00:57:05.218+0000] {processor.py:161} INFO - Started process (PID=1774) to work on /home/airflow/.local/lib/python3.8/site-packages/airflow/example_dags/example_dynamic_task_mapping_with_no_taskflow_operators.py
[2025-01-12T00:57:05.220+0000] {processor.py:830} INFO - Processing file /home/airflow/.local/lib/python3.8/site-packages/airflow/example_dags/example_dynamic_task_mapping_with_no_taskflow_operators.py for tasks to queue
[2025-01-12T00:57:05.221+0000] {logging_mixin.py:188} INFO - [2025-01-12T00:57:05.221+0000] {dagbag.py:538} INFO - Filling up the DagBag from /home/airflow/.local/lib/python3.8/site-packages/airflow/example_dags/example_dynamic_task_mapping_with_no_taskflow_operators.py
[2025-01-12T00:57:05.233+0000] {processor.py:840} INFO - DAG(s) 'example_dynamic_task_mapping_with_no_taskflow_operators' retrieved from /home/airflow/.local/lib/python3.8/site-packages/airflow/example_dags/example_dynamic_task_mapping_with_no_taskflow_operators.py
[2025-01-12T00:57:05.263+0000] {logging_mixin.py:188} INFO - [2025-01-12T00:57:05.262+0000] {dag.py:3036} INFO - Sync 1 DAGs
[2025-01-12T00:57:05.304+0000] {logging_mixin.py:188} INFO - [2025-01-12T00:57:05.304+0000] {dag.py:3823} INFO - Setting next_dagrun for example_dynamic_task_mapping_with_no_taskflow_operators to 2025-01-11 00:00:00+00:00, run_after=2025-01-12 00:00:00+00:00
[2025-01-12T00:57:05.341+0000] {processor.py:183} INFO - Processing /home/airflow/.local/lib/python3.8/site-packages/airflow/example_dags/example_dynamic_task_mapping_with_no_taskflow_operators.py took 0.127 seconds
[2025-01-12T00:57:37.473+0000] {processor.py:161} INFO - Started process (PID=1835) to work on /home/airflow/.local/lib/python3.8/site-packages/airflow/example_dags/example_dynamic_task_mapping_with_no_taskflow_operators.py
[2025-01-12T00:57:37.503+0000] {processor.py:830} INFO - Processing file /home/airflow/.local/lib/python3.8/site-packages/airflow/example_dags/example_dynamic_task_mapping_with_no_taskflow_operators.py for tasks to queue
[2025-01-12T00:57:37.508+0000] {logging_mixin.py:188} INFO - [2025-01-12T00:57:37.506+0000] {dagbag.py:538} INFO - Filling up the DagBag from /home/airflow/.local/lib/python3.8/site-packages/airflow/example_dags/example_dynamic_task_mapping_with_no_taskflow_operators.py
[2025-01-12T00:57:37.564+0000] {processor.py:840} INFO - DAG(s) 'example_dynamic_task_mapping_with_no_taskflow_operators' retrieved from /home/airflow/.local/lib/python3.8/site-packages/airflow/example_dags/example_dynamic_task_mapping_with_no_taskflow_operators.py
[2025-01-12T00:57:37.668+0000] {logging_mixin.py:188} INFO - [2025-01-12T00:57:37.667+0000] {dag.py:3036} INFO - Sync 1 DAGs
[2025-01-12T00:57:37.786+0000] {logging_mixin.py:188} INFO - [2025-01-12T00:57:37.784+0000] {dag.py:3823} INFO - Setting next_dagrun for example_dynamic_task_mapping_with_no_taskflow_operators to 2025-01-11 00:00:00+00:00, run_after=2025-01-12 00:00:00+00:00
[2025-01-12T00:57:37.904+0000] {processor.py:183} INFO - Processing /home/airflow/.local/lib/python3.8/site-packages/airflow/example_dags/example_dynamic_task_mapping_with_no_taskflow_operators.py took 0.463 seconds
[2025-01-12T00:58:08.478+0000] {processor.py:161} INFO - Started process (PID=1891) to work on /home/airflow/.local/lib/python3.8/site-packages/airflow/example_dags/example_dynamic_task_mapping_with_no_taskflow_operators.py
[2025-01-12T00:58:08.482+0000] {processor.py:830} INFO - Processing file /home/airflow/.local/lib/python3.8/site-packages/airflow/example_dags/example_dynamic_task_mapping_with_no_taskflow_operators.py for tasks to queue
[2025-01-12T00:58:08.485+0000] {logging_mixin.py:188} INFO - [2025-01-12T00:58:08.484+0000] {dagbag.py:538} INFO - Filling up the DagBag from /home/airflow/.local/lib/python3.8/site-packages/airflow/example_dags/example_dynamic_task_mapping_with_no_taskflow_operators.py
[2025-01-12T00:58:08.503+0000] {processor.py:840} INFO - DAG(s) 'example_dynamic_task_mapping_with_no_taskflow_operators' retrieved from /home/airflow/.local/lib/python3.8/site-packages/airflow/example_dags/example_dynamic_task_mapping_with_no_taskflow_operators.py
[2025-01-12T00:58:08.552+0000] {logging_mixin.py:188} INFO - [2025-01-12T00:58:08.551+0000] {dag.py:3036} INFO - Sync 1 DAGs
[2025-01-12T00:58:08.635+0000] {logging_mixin.py:188} INFO - [2025-01-12T00:58:08.634+0000] {dag.py:3823} INFO - Setting next_dagrun for example_dynamic_task_mapping_with_no_taskflow_operators to 2025-01-11 00:00:00+00:00, run_after=2025-01-12 00:00:00+00:00
[2025-01-12T00:58:08.690+0000] {processor.py:183} INFO - Processing /home/airflow/.local/lib/python3.8/site-packages/airflow/example_dags/example_dynamic_task_mapping_with_no_taskflow_operators.py took 0.220 seconds
[2025-01-12T00:58:38.993+0000] {processor.py:161} INFO - Started process (PID=1947) to work on /home/airflow/.local/lib/python3.8/site-packages/airflow/example_dags/example_dynamic_task_mapping_with_no_taskflow_operators.py
[2025-01-12T00:58:38.996+0000] {processor.py:830} INFO - Processing file /home/airflow/.local/lib/python3.8/site-packages/airflow/example_dags/example_dynamic_task_mapping_with_no_taskflow_operators.py for tasks to queue
[2025-01-12T00:58:38.998+0000] {logging_mixin.py:188} INFO - [2025-01-12T00:58:38.997+0000] {dagbag.py:538} INFO - Filling up the DagBag from /home/airflow/.local/lib/python3.8/site-packages/airflow/example_dags/example_dynamic_task_mapping_with_no_taskflow_operators.py
[2025-01-12T00:58:39.018+0000] {processor.py:840} INFO - DAG(s) 'example_dynamic_task_mapping_with_no_taskflow_operators' retrieved from /home/airflow/.local/lib/python3.8/site-packages/airflow/example_dags/example_dynamic_task_mapping_with_no_taskflow_operators.py
[2025-01-12T00:58:39.076+0000] {logging_mixin.py:188} INFO - [2025-01-12T00:58:39.075+0000] {dag.py:3036} INFO - Sync 1 DAGs
[2025-01-12T00:58:39.159+0000] {logging_mixin.py:188} INFO - [2025-01-12T00:58:39.158+0000] {dag.py:3823} INFO - Setting next_dagrun for example_dynamic_task_mapping_with_no_taskflow_operators to 2025-01-11 00:00:00+00:00, run_after=2025-01-12 00:00:00+00:00
[2025-01-12T00:58:39.206+0000] {processor.py:183} INFO - Processing /home/airflow/.local/lib/python3.8/site-packages/airflow/example_dags/example_dynamic_task_mapping_with_no_taskflow_operators.py took 0.220 seconds
[2025-01-12T00:59:09.581+0000] {processor.py:161} INFO - Started process (PID=2002) to work on /home/airflow/.local/lib/python3.8/site-packages/airflow/example_dags/example_dynamic_task_mapping_with_no_taskflow_operators.py
[2025-01-12T00:59:09.583+0000] {processor.py:830} INFO - Processing file /home/airflow/.local/lib/python3.8/site-packages/airflow/example_dags/example_dynamic_task_mapping_with_no_taskflow_operators.py for tasks to queue
[2025-01-12T00:59:09.585+0000] {logging_mixin.py:188} INFO - [2025-01-12T00:59:09.584+0000] {dagbag.py:538} INFO - Filling up the DagBag from /home/airflow/.local/lib/python3.8/site-packages/airflow/example_dags/example_dynamic_task_mapping_with_no_taskflow_operators.py
[2025-01-12T00:59:09.596+0000] {processor.py:840} INFO - DAG(s) 'example_dynamic_task_mapping_with_no_taskflow_operators' retrieved from /home/airflow/.local/lib/python3.8/site-packages/airflow/example_dags/example_dynamic_task_mapping_with_no_taskflow_operators.py
[2025-01-12T00:59:09.631+0000] {logging_mixin.py:188} INFO - [2025-01-12T00:59:09.631+0000] {dag.py:3036} INFO - Sync 1 DAGs
[2025-01-12T00:59:09.669+0000] {logging_mixin.py:188} INFO - [2025-01-12T00:59:09.668+0000] {dag.py:3823} INFO - Setting next_dagrun for example_dynamic_task_mapping_with_no_taskflow_operators to 2025-01-11 00:00:00+00:00, run_after=2025-01-12 00:00:00+00:00
[2025-01-12T00:59:09.713+0000] {processor.py:183} INFO - Processing /home/airflow/.local/lib/python3.8/site-packages/airflow/example_dags/example_dynamic_task_mapping_with_no_taskflow_operators.py took 0.138 seconds
[2025-01-12T00:59:40.327+0000] {processor.py:161} INFO - Started process (PID=2059) to work on /home/airflow/.local/lib/python3.8/site-packages/airflow/example_dags/example_dynamic_task_mapping_with_no_taskflow_operators.py
[2025-01-12T00:59:40.329+0000] {processor.py:830} INFO - Processing file /home/airflow/.local/lib/python3.8/site-packages/airflow/example_dags/example_dynamic_task_mapping_with_no_taskflow_operators.py for tasks to queue
[2025-01-12T00:59:40.331+0000] {logging_mixin.py:188} INFO - [2025-01-12T00:59:40.330+0000] {dagbag.py:538} INFO - Filling up the DagBag from /home/airflow/.local/lib/python3.8/site-packages/airflow/example_dags/example_dynamic_task_mapping_with_no_taskflow_operators.py
[2025-01-12T00:59:40.344+0000] {processor.py:840} INFO - DAG(s) 'example_dynamic_task_mapping_with_no_taskflow_operators' retrieved from /home/airflow/.local/lib/python3.8/site-packages/airflow/example_dags/example_dynamic_task_mapping_with_no_taskflow_operators.py
[2025-01-12T00:59:40.374+0000] {logging_mixin.py:188} INFO - [2025-01-12T00:59:40.373+0000] {dag.py:3036} INFO - Sync 1 DAGs
[2025-01-12T00:59:40.409+0000] {logging_mixin.py:188} INFO - [2025-01-12T00:59:40.409+0000] {dag.py:3823} INFO - Setting next_dagrun for example_dynamic_task_mapping_with_no_taskflow_operators to 2025-01-11 00:00:00+00:00, run_after=2025-01-12 00:00:00+00:00
[2025-01-12T00:59:40.441+0000] {processor.py:183} INFO - Processing /home/airflow/.local/lib/python3.8/site-packages/airflow/example_dags/example_dynamic_task_mapping_with_no_taskflow_operators.py took 0.119 seconds
[2025-01-12T01:00:11.571+0000] {processor.py:161} INFO - Started process (PID=2115) to work on /home/airflow/.local/lib/python3.8/site-packages/airflow/example_dags/example_dynamic_task_mapping_with_no_taskflow_operators.py
[2025-01-12T01:00:11.593+0000] {processor.py:830} INFO - Processing file /home/airflow/.local/lib/python3.8/site-packages/airflow/example_dags/example_dynamic_task_mapping_with_no_taskflow_operators.py for tasks to queue
[2025-01-12T01:00:11.608+0000] {logging_mixin.py:188} INFO - [2025-01-12T01:00:11.607+0000] {dagbag.py:538} INFO - Filling up the DagBag from /home/airflow/.local/lib/python3.8/site-packages/airflow/example_dags/example_dynamic_task_mapping_with_no_taskflow_operators.py
[2025-01-12T01:00:11.664+0000] {processor.py:840} INFO - DAG(s) 'example_dynamic_task_mapping_with_no_taskflow_operators' retrieved from /home/airflow/.local/lib/python3.8/site-packages/airflow/example_dags/example_dynamic_task_mapping_with_no_taskflow_operators.py
[2025-01-12T01:00:11.854+0000] {logging_mixin.py:188} INFO - [2025-01-12T01:00:11.845+0000] {dag.py:3036} INFO - Sync 1 DAGs
[2025-01-12T01:00:12.040+0000] {logging_mixin.py:188} INFO - [2025-01-12T01:00:12.029+0000] {dag.py:3823} INFO - Setting next_dagrun for example_dynamic_task_mapping_with_no_taskflow_operators to 2025-01-11 00:00:00+00:00, run_after=2025-01-12 00:00:00+00:00
[2025-01-12T01:00:12.174+0000] {processor.py:183} INFO - Processing /home/airflow/.local/lib/python3.8/site-packages/airflow/example_dags/example_dynamic_task_mapping_with_no_taskflow_operators.py took 0.620 seconds
[2025-01-12T01:00:42.528+0000] {processor.py:161} INFO - Started process (PID=2171) to work on /home/airflow/.local/lib/python3.8/site-packages/airflow/example_dags/example_dynamic_task_mapping_with_no_taskflow_operators.py
[2025-01-12T01:00:42.531+0000] {processor.py:830} INFO - Processing file /home/airflow/.local/lib/python3.8/site-packages/airflow/example_dags/example_dynamic_task_mapping_with_no_taskflow_operators.py for tasks to queue
[2025-01-12T01:00:42.535+0000] {logging_mixin.py:188} INFO - [2025-01-12T01:00:42.534+0000] {dagbag.py:538} INFO - Filling up the DagBag from /home/airflow/.local/lib/python3.8/site-packages/airflow/example_dags/example_dynamic_task_mapping_with_no_taskflow_operators.py
[2025-01-12T01:00:42.564+0000] {processor.py:840} INFO - DAG(s) 'example_dynamic_task_mapping_with_no_taskflow_operators' retrieved from /home/airflow/.local/lib/python3.8/site-packages/airflow/example_dags/example_dynamic_task_mapping_with_no_taskflow_operators.py
[2025-01-12T01:00:42.634+0000] {logging_mixin.py:188} INFO - [2025-01-12T01:00:42.633+0000] {dag.py:3036} INFO - Sync 1 DAGs
[2025-01-12T01:00:42.749+0000] {logging_mixin.py:188} INFO - [2025-01-12T01:00:42.749+0000] {dag.py:3823} INFO - Setting next_dagrun for example_dynamic_task_mapping_with_no_taskflow_operators to 2025-01-11 00:00:00+00:00, run_after=2025-01-12 00:00:00+00:00
[2025-01-12T01:00:42.840+0000] {processor.py:183} INFO - Processing /home/airflow/.local/lib/python3.8/site-packages/airflow/example_dags/example_dynamic_task_mapping_with_no_taskflow_operators.py took 0.330 seconds
[2025-01-12T01:01:14.431+0000] {processor.py:161} INFO - Started process (PID=2227) to work on /home/airflow/.local/lib/python3.8/site-packages/airflow/example_dags/example_dynamic_task_mapping_with_no_taskflow_operators.py
[2025-01-12T01:01:14.433+0000] {processor.py:830} INFO - Processing file /home/airflow/.local/lib/python3.8/site-packages/airflow/example_dags/example_dynamic_task_mapping_with_no_taskflow_operators.py for tasks to queue
[2025-01-12T01:01:14.435+0000] {logging_mixin.py:188} INFO - [2025-01-12T01:01:14.435+0000] {dagbag.py:538} INFO - Filling up the DagBag from /home/airflow/.local/lib/python3.8/site-packages/airflow/example_dags/example_dynamic_task_mapping_with_no_taskflow_operators.py
[2025-01-12T01:01:14.457+0000] {processor.py:840} INFO - DAG(s) 'example_dynamic_task_mapping_with_no_taskflow_operators' retrieved from /home/airflow/.local/lib/python3.8/site-packages/airflow/example_dags/example_dynamic_task_mapping_with_no_taskflow_operators.py
[2025-01-12T01:01:14.598+0000] {logging_mixin.py:188} INFO - [2025-01-12T01:01:14.597+0000] {dag.py:3036} INFO - Sync 1 DAGs
[2025-01-12T01:01:14.762+0000] {logging_mixin.py:188} INFO - [2025-01-12T01:01:14.761+0000] {dag.py:3823} INFO - Setting next_dagrun for example_dynamic_task_mapping_with_no_taskflow_operators to 2025-01-11 00:00:00+00:00, run_after=2025-01-12 00:00:00+00:00
[2025-01-12T01:01:14.859+0000] {processor.py:183} INFO - Processing /home/airflow/.local/lib/python3.8/site-packages/airflow/example_dags/example_dynamic_task_mapping_with_no_taskflow_operators.py took 0.438 seconds
[2025-01-12T01:01:45.002+0000] {processor.py:161} INFO - Started process (PID=2283) to work on /home/airflow/.local/lib/python3.8/site-packages/airflow/example_dags/example_dynamic_task_mapping_with_no_taskflow_operators.py
[2025-01-12T01:01:45.004+0000] {processor.py:830} INFO - Processing file /home/airflow/.local/lib/python3.8/site-packages/airflow/example_dags/example_dynamic_task_mapping_with_no_taskflow_operators.py for tasks to queue
[2025-01-12T01:01:45.007+0000] {logging_mixin.py:188} INFO - [2025-01-12T01:01:45.006+0000] {dagbag.py:538} INFO - Filling up the DagBag from /home/airflow/.local/lib/python3.8/site-packages/airflow/example_dags/example_dynamic_task_mapping_with_no_taskflow_operators.py
[2025-01-12T01:01:45.026+0000] {processor.py:840} INFO - DAG(s) 'example_dynamic_task_mapping_with_no_taskflow_operators' retrieved from /home/airflow/.local/lib/python3.8/site-packages/airflow/example_dags/example_dynamic_task_mapping_with_no_taskflow_operators.py
[2025-01-12T01:01:45.077+0000] {logging_mixin.py:188} INFO - [2025-01-12T01:01:45.076+0000] {dag.py:3036} INFO - Sync 1 DAGs
[2025-01-12T01:01:45.118+0000] {logging_mixin.py:188} INFO - [2025-01-12T01:01:45.117+0000] {dag.py:3823} INFO - Setting next_dagrun for example_dynamic_task_mapping_with_no_taskflow_operators to 2025-01-11 00:00:00+00:00, run_after=2025-01-12 00:00:00+00:00
[2025-01-12T01:01:45.153+0000] {processor.py:183} INFO - Processing /home/airflow/.local/lib/python3.8/site-packages/airflow/example_dags/example_dynamic_task_mapping_with_no_taskflow_operators.py took 0.158 seconds
[2025-01-12T01:02:15.892+0000] {processor.py:161} INFO - Started process (PID=2339) to work on /home/airflow/.local/lib/python3.8/site-packages/airflow/example_dags/example_dynamic_task_mapping_with_no_taskflow_operators.py
[2025-01-12T01:02:15.894+0000] {processor.py:830} INFO - Processing file /home/airflow/.local/lib/python3.8/site-packages/airflow/example_dags/example_dynamic_task_mapping_with_no_taskflow_operators.py for tasks to queue
[2025-01-12T01:02:15.896+0000] {logging_mixin.py:188} INFO - [2025-01-12T01:02:15.895+0000] {dagbag.py:538} INFO - Filling up the DagBag from /home/airflow/.local/lib/python3.8/site-packages/airflow/example_dags/example_dynamic_task_mapping_with_no_taskflow_operators.py
[2025-01-12T01:02:15.912+0000] {processor.py:840} INFO - DAG(s) 'example_dynamic_task_mapping_with_no_taskflow_operators' retrieved from /home/airflow/.local/lib/python3.8/site-packages/airflow/example_dags/example_dynamic_task_mapping_with_no_taskflow_operators.py
[2025-01-12T01:02:15.950+0000] {logging_mixin.py:188} INFO - [2025-01-12T01:02:15.949+0000] {dag.py:3036} INFO - Sync 1 DAGs
[2025-01-12T01:02:15.994+0000] {logging_mixin.py:188} INFO - [2025-01-12T01:02:15.994+0000] {dag.py:3823} INFO - Setting next_dagrun for example_dynamic_task_mapping_with_no_taskflow_operators to 2025-01-11 00:00:00+00:00, run_after=2025-01-12 00:00:00+00:00
[2025-01-12T01:02:16.031+0000] {processor.py:183} INFO - Processing /home/airflow/.local/lib/python3.8/site-packages/airflow/example_dags/example_dynamic_task_mapping_with_no_taskflow_operators.py took 0.146 seconds
[2025-01-12T01:02:46.437+0000] {processor.py:161} INFO - Started process (PID=2394) to work on /home/airflow/.local/lib/python3.8/site-packages/airflow/example_dags/example_dynamic_task_mapping_with_no_taskflow_operators.py
[2025-01-12T01:02:46.439+0000] {processor.py:830} INFO - Processing file /home/airflow/.local/lib/python3.8/site-packages/airflow/example_dags/example_dynamic_task_mapping_with_no_taskflow_operators.py for tasks to queue
[2025-01-12T01:02:46.442+0000] {logging_mixin.py:188} INFO - [2025-01-12T01:02:46.441+0000] {dagbag.py:538} INFO - Filling up the DagBag from /home/airflow/.local/lib/python3.8/site-packages/airflow/example_dags/example_dynamic_task_mapping_with_no_taskflow_operators.py
[2025-01-12T01:02:46.460+0000] {processor.py:840} INFO - DAG(s) 'example_dynamic_task_mapping_with_no_taskflow_operators' retrieved from /home/airflow/.local/lib/python3.8/site-packages/airflow/example_dags/example_dynamic_task_mapping_with_no_taskflow_operators.py
[2025-01-12T01:02:46.503+0000] {logging_mixin.py:188} INFO - [2025-01-12T01:02:46.502+0000] {dag.py:3036} INFO - Sync 1 DAGs
[2025-01-12T01:02:46.560+0000] {logging_mixin.py:188} INFO - [2025-01-12T01:02:46.560+0000] {dag.py:3823} INFO - Setting next_dagrun for example_dynamic_task_mapping_with_no_taskflow_operators to 2025-01-11 00:00:00+00:00, run_after=2025-01-12 00:00:00+00:00
[2025-01-12T01:02:46.601+0000] {processor.py:183} INFO - Processing /home/airflow/.local/lib/python3.8/site-packages/airflow/example_dags/example_dynamic_task_mapping_with_no_taskflow_operators.py took 0.171 seconds
[2025-01-12T01:03:19.535+0000] {processor.py:161} INFO - Started process (PID=2449) to work on /home/airflow/.local/lib/python3.8/site-packages/airflow/example_dags/example_dynamic_task_mapping_with_no_taskflow_operators.py
[2025-01-12T01:03:19.540+0000] {processor.py:830} INFO - Processing file /home/airflow/.local/lib/python3.8/site-packages/airflow/example_dags/example_dynamic_task_mapping_with_no_taskflow_operators.py for tasks to queue
[2025-01-12T01:03:19.544+0000] {logging_mixin.py:188} INFO - [2025-01-12T01:03:19.543+0000] {dagbag.py:538} INFO - Filling up the DagBag from /home/airflow/.local/lib/python3.8/site-packages/airflow/example_dags/example_dynamic_task_mapping_with_no_taskflow_operators.py
[2025-01-12T01:03:19.567+0000] {processor.py:840} INFO - DAG(s) 'example_dynamic_task_mapping_with_no_taskflow_operators' retrieved from /home/airflow/.local/lib/python3.8/site-packages/airflow/example_dags/example_dynamic_task_mapping_with_no_taskflow_operators.py
[2025-01-12T01:03:19.647+0000] {logging_mixin.py:188} INFO - [2025-01-12T01:03:19.646+0000] {dag.py:3036} INFO - Sync 1 DAGs
[2025-01-12T01:03:20.193+0000] {logging_mixin.py:188} INFO - [2025-01-12T01:03:20.191+0000] {dag.py:3823} INFO - Setting next_dagrun for example_dynamic_task_mapping_with_no_taskflow_operators to 2025-01-11 00:00:00+00:00, run_after=2025-01-12 00:00:00+00:00
[2025-01-12T01:03:20.288+0000] {processor.py:183} INFO - Processing /home/airflow/.local/lib/python3.8/site-packages/airflow/example_dags/example_dynamic_task_mapping_with_no_taskflow_operators.py took 0.769 seconds
[2025-01-12T01:03:51.145+0000] {processor.py:161} INFO - Started process (PID=2505) to work on /home/airflow/.local/lib/python3.8/site-packages/airflow/example_dags/example_dynamic_task_mapping_with_no_taskflow_operators.py
[2025-01-12T01:03:51.148+0000] {processor.py:830} INFO - Processing file /home/airflow/.local/lib/python3.8/site-packages/airflow/example_dags/example_dynamic_task_mapping_with_no_taskflow_operators.py for tasks to queue
[2025-01-12T01:03:51.152+0000] {logging_mixin.py:188} INFO - [2025-01-12T01:03:51.151+0000] {dagbag.py:538} INFO - Filling up the DagBag from /home/airflow/.local/lib/python3.8/site-packages/airflow/example_dags/example_dynamic_task_mapping_with_no_taskflow_operators.py
[2025-01-12T01:03:51.171+0000] {processor.py:840} INFO - DAG(s) 'example_dynamic_task_mapping_with_no_taskflow_operators' retrieved from /home/airflow/.local/lib/python3.8/site-packages/airflow/example_dags/example_dynamic_task_mapping_with_no_taskflow_operators.py
[2025-01-12T01:03:51.226+0000] {logging_mixin.py:188} INFO - [2025-01-12T01:03:51.226+0000] {dag.py:3036} INFO - Sync 1 DAGs
[2025-01-12T01:03:51.555+0000] {logging_mixin.py:188} INFO - [2025-01-12T01:03:51.554+0000] {dag.py:3823} INFO - Setting next_dagrun for example_dynamic_task_mapping_with_no_taskflow_operators to 2025-01-11 00:00:00+00:00, run_after=2025-01-12 00:00:00+00:00
[2025-01-12T01:03:51.602+0000] {processor.py:183} INFO - Processing /home/airflow/.local/lib/python3.8/site-packages/airflow/example_dags/example_dynamic_task_mapping_with_no_taskflow_operators.py took 0.467 seconds
[2025-01-12T01:04:21.855+0000] {processor.py:161} INFO - Started process (PID=2562) to work on /home/airflow/.local/lib/python3.8/site-packages/airflow/example_dags/example_dynamic_task_mapping_with_no_taskflow_operators.py
[2025-01-12T01:04:21.857+0000] {processor.py:830} INFO - Processing file /home/airflow/.local/lib/python3.8/site-packages/airflow/example_dags/example_dynamic_task_mapping_with_no_taskflow_operators.py for tasks to queue
[2025-01-12T01:04:21.859+0000] {logging_mixin.py:188} INFO - [2025-01-12T01:04:21.859+0000] {dagbag.py:538} INFO - Filling up the DagBag from /home/airflow/.local/lib/python3.8/site-packages/airflow/example_dags/example_dynamic_task_mapping_with_no_taskflow_operators.py
[2025-01-12T01:04:21.875+0000] {processor.py:840} INFO - DAG(s) 'example_dynamic_task_mapping_with_no_taskflow_operators' retrieved from /home/airflow/.local/lib/python3.8/site-packages/airflow/example_dags/example_dynamic_task_mapping_with_no_taskflow_operators.py
[2025-01-12T01:04:21.925+0000] {logging_mixin.py:188} INFO - [2025-01-12T01:04:21.923+0000] {dag.py:3036} INFO - Sync 1 DAGs
[2025-01-12T01:04:21.995+0000] {logging_mixin.py:188} INFO - [2025-01-12T01:04:21.994+0000] {dag.py:3823} INFO - Setting next_dagrun for example_dynamic_task_mapping_with_no_taskflow_operators to 2025-01-11 00:00:00+00:00, run_after=2025-01-12 00:00:00+00:00
[2025-01-12T01:04:22.032+0000] {processor.py:183} INFO - Processing /home/airflow/.local/lib/python3.8/site-packages/airflow/example_dags/example_dynamic_task_mapping_with_no_taskflow_operators.py took 0.185 seconds
[2025-01-12T01:04:52.093+0000] {processor.py:161} INFO - Started process (PID=2617) to work on /home/airflow/.local/lib/python3.8/site-packages/airflow/example_dags/example_dynamic_task_mapping_with_no_taskflow_operators.py
[2025-01-12T01:04:52.096+0000] {processor.py:830} INFO - Processing file /home/airflow/.local/lib/python3.8/site-packages/airflow/example_dags/example_dynamic_task_mapping_with_no_taskflow_operators.py for tasks to queue
[2025-01-12T01:04:52.099+0000] {logging_mixin.py:188} INFO - [2025-01-12T01:04:52.098+0000] {dagbag.py:538} INFO - Filling up the DagBag from /home/airflow/.local/lib/python3.8/site-packages/airflow/example_dags/example_dynamic_task_mapping_with_no_taskflow_operators.py
[2025-01-12T01:04:52.117+0000] {processor.py:840} INFO - DAG(s) 'example_dynamic_task_mapping_with_no_taskflow_operators' retrieved from /home/airflow/.local/lib/python3.8/site-packages/airflow/example_dags/example_dynamic_task_mapping_with_no_taskflow_operators.py
[2025-01-12T01:04:52.172+0000] {logging_mixin.py:188} INFO - [2025-01-12T01:04:52.171+0000] {dag.py:3036} INFO - Sync 1 DAGs
[2025-01-12T01:04:52.449+0000] {logging_mixin.py:188} INFO - [2025-01-12T01:04:52.449+0000] {dag.py:3823} INFO - Setting next_dagrun for example_dynamic_task_mapping_with_no_taskflow_operators to 2025-01-11 00:00:00+00:00, run_after=2025-01-12 00:00:00+00:00
[2025-01-12T01:04:52.760+0000] {processor.py:183} INFO - Processing /home/airflow/.local/lib/python3.8/site-packages/airflow/example_dags/example_dynamic_task_mapping_with_no_taskflow_operators.py took 0.675 seconds
[2025-01-12T01:05:23.105+0000] {processor.py:161} INFO - Started process (PID=2673) to work on /home/airflow/.local/lib/python3.8/site-packages/airflow/example_dags/example_dynamic_task_mapping_with_no_taskflow_operators.py
[2025-01-12T01:05:23.106+0000] {processor.py:830} INFO - Processing file /home/airflow/.local/lib/python3.8/site-packages/airflow/example_dags/example_dynamic_task_mapping_with_no_taskflow_operators.py for tasks to queue
[2025-01-12T01:05:23.108+0000] {logging_mixin.py:188} INFO - [2025-01-12T01:05:23.107+0000] {dagbag.py:538} INFO - Filling up the DagBag from /home/airflow/.local/lib/python3.8/site-packages/airflow/example_dags/example_dynamic_task_mapping_with_no_taskflow_operators.py
[2025-01-12T01:05:23.120+0000] {processor.py:840} INFO - DAG(s) 'example_dynamic_task_mapping_with_no_taskflow_operators' retrieved from /home/airflow/.local/lib/python3.8/site-packages/airflow/example_dags/example_dynamic_task_mapping_with_no_taskflow_operators.py
[2025-01-12T01:05:23.156+0000] {logging_mixin.py:188} INFO - [2025-01-12T01:05:23.155+0000] {dag.py:3036} INFO - Sync 1 DAGs
[2025-01-12T01:05:23.199+0000] {logging_mixin.py:188} INFO - [2025-01-12T01:05:23.199+0000] {dag.py:3823} INFO - Setting next_dagrun for example_dynamic_task_mapping_with_no_taskflow_operators to 2025-01-11 00:00:00+00:00, run_after=2025-01-12 00:00:00+00:00
[2025-01-12T01:05:23.233+0000] {processor.py:183} INFO - Processing /home/airflow/.local/lib/python3.8/site-packages/airflow/example_dags/example_dynamic_task_mapping_with_no_taskflow_operators.py took 0.144 seconds
[2025-01-12T01:05:53.326+0000] {processor.py:161} INFO - Started process (PID=2729) to work on /home/airflow/.local/lib/python3.8/site-packages/airflow/example_dags/example_dynamic_task_mapping_with_no_taskflow_operators.py
[2025-01-12T01:05:53.327+0000] {processor.py:830} INFO - Processing file /home/airflow/.local/lib/python3.8/site-packages/airflow/example_dags/example_dynamic_task_mapping_with_no_taskflow_operators.py for tasks to queue
[2025-01-12T01:05:53.329+0000] {logging_mixin.py:188} INFO - [2025-01-12T01:05:53.328+0000] {dagbag.py:538} INFO - Filling up the DagBag from /home/airflow/.local/lib/python3.8/site-packages/airflow/example_dags/example_dynamic_task_mapping_with_no_taskflow_operators.py
[2025-01-12T01:05:53.343+0000] {processor.py:840} INFO - DAG(s) 'example_dynamic_task_mapping_with_no_taskflow_operators' retrieved from /home/airflow/.local/lib/python3.8/site-packages/airflow/example_dags/example_dynamic_task_mapping_with_no_taskflow_operators.py
[2025-01-12T01:05:53.373+0000] {logging_mixin.py:188} INFO - [2025-01-12T01:05:53.373+0000] {dag.py:3036} INFO - Sync 1 DAGs
[2025-01-12T01:05:53.411+0000] {logging_mixin.py:188} INFO - [2025-01-12T01:05:53.411+0000] {dag.py:3823} INFO - Setting next_dagrun for example_dynamic_task_mapping_with_no_taskflow_operators to 2025-01-11 00:00:00+00:00, run_after=2025-01-12 00:00:00+00:00
[2025-01-12T01:05:53.441+0000] {processor.py:183} INFO - Processing /home/airflow/.local/lib/python3.8/site-packages/airflow/example_dags/example_dynamic_task_mapping_with_no_taskflow_operators.py took 0.121 seconds
[2025-01-12T01:06:24.202+0000] {processor.py:161} INFO - Started process (PID=2786) to work on /home/airflow/.local/lib/python3.8/site-packages/airflow/example_dags/example_dynamic_task_mapping_with_no_taskflow_operators.py
[2025-01-12T01:06:24.204+0000] {processor.py:830} INFO - Processing file /home/airflow/.local/lib/python3.8/site-packages/airflow/example_dags/example_dynamic_task_mapping_with_no_taskflow_operators.py for tasks to queue
[2025-01-12T01:06:24.207+0000] {logging_mixin.py:188} INFO - [2025-01-12T01:06:24.206+0000] {dagbag.py:538} INFO - Filling up the DagBag from /home/airflow/.local/lib/python3.8/site-packages/airflow/example_dags/example_dynamic_task_mapping_with_no_taskflow_operators.py
[2025-01-12T01:06:24.221+0000] {processor.py:840} INFO - DAG(s) 'example_dynamic_task_mapping_with_no_taskflow_operators' retrieved from /home/airflow/.local/lib/python3.8/site-packages/airflow/example_dags/example_dynamic_task_mapping_with_no_taskflow_operators.py
[2025-01-12T01:06:24.261+0000] {logging_mixin.py:188} INFO - [2025-01-12T01:06:24.261+0000] {dag.py:3036} INFO - Sync 1 DAGs
[2025-01-12T01:06:24.305+0000] {logging_mixin.py:188} INFO - [2025-01-12T01:06:24.305+0000] {dag.py:3823} INFO - Setting next_dagrun for example_dynamic_task_mapping_with_no_taskflow_operators to 2025-01-11 00:00:00+00:00, run_after=2025-01-12 00:00:00+00:00
[2025-01-12T01:06:24.343+0000] {processor.py:183} INFO - Processing /home/airflow/.local/lib/python3.8/site-packages/airflow/example_dags/example_dynamic_task_mapping_with_no_taskflow_operators.py took 0.146 seconds
[2025-01-12T01:06:54.650+0000] {processor.py:161} INFO - Started process (PID=2842) to work on /home/airflow/.local/lib/python3.8/site-packages/airflow/example_dags/example_dynamic_task_mapping_with_no_taskflow_operators.py
[2025-01-12T01:06:54.653+0000] {processor.py:830} INFO - Processing file /home/airflow/.local/lib/python3.8/site-packages/airflow/example_dags/example_dynamic_task_mapping_with_no_taskflow_operators.py for tasks to queue
[2025-01-12T01:06:54.655+0000] {logging_mixin.py:188} INFO - [2025-01-12T01:06:54.654+0000] {dagbag.py:538} INFO - Filling up the DagBag from /home/airflow/.local/lib/python3.8/site-packages/airflow/example_dags/example_dynamic_task_mapping_with_no_taskflow_operators.py
[2025-01-12T01:06:54.669+0000] {processor.py:840} INFO - DAG(s) 'example_dynamic_task_mapping_with_no_taskflow_operators' retrieved from /home/airflow/.local/lib/python3.8/site-packages/airflow/example_dags/example_dynamic_task_mapping_with_no_taskflow_operators.py
[2025-01-12T01:06:54.713+0000] {logging_mixin.py:188} INFO - [2025-01-12T01:06:54.712+0000] {dag.py:3036} INFO - Sync 1 DAGs
[2025-01-12T01:06:54.758+0000] {logging_mixin.py:188} INFO - [2025-01-12T01:06:54.758+0000] {dag.py:3823} INFO - Setting next_dagrun for example_dynamic_task_mapping_with_no_taskflow_operators to 2025-01-11 00:00:00+00:00, run_after=2025-01-12 00:00:00+00:00
[2025-01-12T01:06:54.809+0000] {processor.py:183} INFO - Processing /home/airflow/.local/lib/python3.8/site-packages/airflow/example_dags/example_dynamic_task_mapping_with_no_taskflow_operators.py took 0.167 seconds
[2025-01-12T01:07:25.594+0000] {processor.py:161} INFO - Started process (PID=2898) to work on /home/airflow/.local/lib/python3.8/site-packages/airflow/example_dags/example_dynamic_task_mapping_with_no_taskflow_operators.py
[2025-01-12T01:07:25.596+0000] {processor.py:830} INFO - Processing file /home/airflow/.local/lib/python3.8/site-packages/airflow/example_dags/example_dynamic_task_mapping_with_no_taskflow_operators.py for tasks to queue
[2025-01-12T01:07:25.598+0000] {logging_mixin.py:188} INFO - [2025-01-12T01:07:25.597+0000] {dagbag.py:538} INFO - Filling up the DagBag from /home/airflow/.local/lib/python3.8/site-packages/airflow/example_dags/example_dynamic_task_mapping_with_no_taskflow_operators.py
[2025-01-12T01:07:25.611+0000] {processor.py:840} INFO - DAG(s) 'example_dynamic_task_mapping_with_no_taskflow_operators' retrieved from /home/airflow/.local/lib/python3.8/site-packages/airflow/example_dags/example_dynamic_task_mapping_with_no_taskflow_operators.py
[2025-01-12T01:07:25.645+0000] {logging_mixin.py:188} INFO - [2025-01-12T01:07:25.644+0000] {dag.py:3036} INFO - Sync 1 DAGs
[2025-01-12T01:07:25.683+0000] {logging_mixin.py:188} INFO - [2025-01-12T01:07:25.683+0000] {dag.py:3823} INFO - Setting next_dagrun for example_dynamic_task_mapping_with_no_taskflow_operators to 2025-01-11 00:00:00+00:00, run_after=2025-01-12 00:00:00+00:00
[2025-01-12T01:07:25.714+0000] {processor.py:183} INFO - Processing /home/airflow/.local/lib/python3.8/site-packages/airflow/example_dags/example_dynamic_task_mapping_with_no_taskflow_operators.py took 0.128 seconds
[2025-01-12T01:07:56.576+0000] {processor.py:161} INFO - Started process (PID=2954) to work on /home/airflow/.local/lib/python3.8/site-packages/airflow/example_dags/example_dynamic_task_mapping_with_no_taskflow_operators.py
[2025-01-12T01:07:56.578+0000] {processor.py:830} INFO - Processing file /home/airflow/.local/lib/python3.8/site-packages/airflow/example_dags/example_dynamic_task_mapping_with_no_taskflow_operators.py for tasks to queue
[2025-01-12T01:07:56.580+0000] {logging_mixin.py:188} INFO - [2025-01-12T01:07:56.579+0000] {dagbag.py:538} INFO - Filling up the DagBag from /home/airflow/.local/lib/python3.8/site-packages/airflow/example_dags/example_dynamic_task_mapping_with_no_taskflow_operators.py
[2025-01-12T01:07:56.590+0000] {processor.py:840} INFO - DAG(s) 'example_dynamic_task_mapping_with_no_taskflow_operators' retrieved from /home/airflow/.local/lib/python3.8/site-packages/airflow/example_dags/example_dynamic_task_mapping_with_no_taskflow_operators.py
[2025-01-12T01:07:56.618+0000] {logging_mixin.py:188} INFO - [2025-01-12T01:07:56.617+0000] {dag.py:3036} INFO - Sync 1 DAGs
[2025-01-12T01:07:56.653+0000] {logging_mixin.py:188} INFO - [2025-01-12T01:07:56.653+0000] {dag.py:3823} INFO - Setting next_dagrun for example_dynamic_task_mapping_with_no_taskflow_operators to 2025-01-11 00:00:00+00:00, run_after=2025-01-12 00:00:00+00:00
[2025-01-12T01:07:56.682+0000] {processor.py:183} INFO - Processing /home/airflow/.local/lib/python3.8/site-packages/airflow/example_dags/example_dynamic_task_mapping_with_no_taskflow_operators.py took 0.111 seconds
[2025-01-12T01:08:26.924+0000] {processor.py:161} INFO - Started process (PID=3010) to work on /home/airflow/.local/lib/python3.8/site-packages/airflow/example_dags/example_dynamic_task_mapping_with_no_taskflow_operators.py
[2025-01-12T01:08:26.926+0000] {processor.py:830} INFO - Processing file /home/airflow/.local/lib/python3.8/site-packages/airflow/example_dags/example_dynamic_task_mapping_with_no_taskflow_operators.py for tasks to queue
[2025-01-12T01:08:26.927+0000] {logging_mixin.py:188} INFO - [2025-01-12T01:08:26.927+0000] {dagbag.py:538} INFO - Filling up the DagBag from /home/airflow/.local/lib/python3.8/site-packages/airflow/example_dags/example_dynamic_task_mapping_with_no_taskflow_operators.py
[2025-01-12T01:08:26.937+0000] {processor.py:840} INFO - DAG(s) 'example_dynamic_task_mapping_with_no_taskflow_operators' retrieved from /home/airflow/.local/lib/python3.8/site-packages/airflow/example_dags/example_dynamic_task_mapping_with_no_taskflow_operators.py
[2025-01-12T01:08:26.968+0000] {logging_mixin.py:188} INFO - [2025-01-12T01:08:26.967+0000] {dag.py:3036} INFO - Sync 1 DAGs
[2025-01-12T01:08:27.002+0000] {logging_mixin.py:188} INFO - [2025-01-12T01:08:27.002+0000] {dag.py:3823} INFO - Setting next_dagrun for example_dynamic_task_mapping_with_no_taskflow_operators to 2025-01-11 00:00:00+00:00, run_after=2025-01-12 00:00:00+00:00
[2025-01-12T01:08:27.029+0000] {processor.py:183} INFO - Processing /home/airflow/.local/lib/python3.8/site-packages/airflow/example_dags/example_dynamic_task_mapping_with_no_taskflow_operators.py took 0.110 seconds
