[2025-01-12T00:41:29.459+0000] {processor.py:161} INFO - Started process (PID=90) to work on /home/airflow/.local/lib/python3.8/site-packages/airflow/example_dags/example_branch_labels.py
[2025-01-12T00:41:29.461+0000] {processor.py:830} INFO - Processing file /home/airflow/.local/lib/python3.8/site-packages/airflow/example_dags/example_branch_labels.py for tasks to queue
[2025-01-12T00:41:29.464+0000] {logging_mixin.py:188} INFO - [2025-01-12T00:41:29.464+0000] {dagbag.py:538} INFO - Filling up the DagBag from /home/airflow/.local/lib/python3.8/site-packages/airflow/example_dags/example_branch_labels.py
[2025-01-12T00:41:29.493+0000] {processor.py:840} INFO - DAG(s) 'example_branch_labels' retrieved from /home/airflow/.local/lib/python3.8/site-packages/airflow/example_dags/example_branch_labels.py
[2025-01-12T00:41:29.524+0000] {logging_mixin.py:188} INFO - [2025-01-12T00:41:29.524+0000] {dag.py:3036} INFO - Sync 1 DAGs
[2025-01-12T00:41:29.626+0000] {logging_mixin.py:188} INFO - [2025-01-12T00:41:29.625+0000] {dag.py:3823} INFO - Setting next_dagrun for example_branch_labels to 2025-01-11 00:00:00+00:00, run_after=2025-01-12 00:00:00+00:00
[2025-01-12T00:41:29.675+0000] {processor.py:183} INFO - Processing /home/airflow/.local/lib/python3.8/site-packages/airflow/example_dags/example_branch_labels.py took 0.224 seconds
[2025-01-12T00:42:04.309+0000] {processor.py:161} INFO - Started process (PID=146) to work on /home/airflow/.local/lib/python3.8/site-packages/airflow/example_dags/example_branch_labels.py
[2025-01-12T00:42:04.313+0000] {processor.py:830} INFO - Processing file /home/airflow/.local/lib/python3.8/site-packages/airflow/example_dags/example_branch_labels.py for tasks to queue
[2025-01-12T00:42:04.323+0000] {logging_mixin.py:188} INFO - [2025-01-12T00:42:04.322+0000] {dagbag.py:538} INFO - Filling up the DagBag from /home/airflow/.local/lib/python3.8/site-packages/airflow/example_dags/example_branch_labels.py
[2025-01-12T00:42:04.368+0000] {processor.py:840} INFO - DAG(s) 'example_branch_labels' retrieved from /home/airflow/.local/lib/python3.8/site-packages/airflow/example_dags/example_branch_labels.py
[2025-01-12T00:42:05.216+0000] {logging_mixin.py:188} INFO - [2025-01-12T00:42:05.216+0000] {dag.py:3036} INFO - Sync 1 DAGs
[2025-01-12T00:42:05.311+0000] {logging_mixin.py:188} INFO - [2025-01-12T00:42:05.310+0000] {dag.py:3823} INFO - Setting next_dagrun for example_branch_labels to 2025-01-11 00:00:00+00:00, run_after=2025-01-12 00:00:00+00:00
[2025-01-12T00:42:05.428+0000] {processor.py:183} INFO - Processing /home/airflow/.local/lib/python3.8/site-packages/airflow/example_dags/example_branch_labels.py took 1.132 seconds
[2025-01-12T00:42:35.818+0000] {processor.py:161} INFO - Started process (PID=202) to work on /home/airflow/.local/lib/python3.8/site-packages/airflow/example_dags/example_branch_labels.py
[2025-01-12T00:42:35.821+0000] {processor.py:830} INFO - Processing file /home/airflow/.local/lib/python3.8/site-packages/airflow/example_dags/example_branch_labels.py for tasks to queue
[2025-01-12T00:42:35.836+0000] {logging_mixin.py:188} INFO - [2025-01-12T00:42:35.835+0000] {dagbag.py:538} INFO - Filling up the DagBag from /home/airflow/.local/lib/python3.8/site-packages/airflow/example_dags/example_branch_labels.py
[2025-01-12T00:42:35.883+0000] {processor.py:840} INFO - DAG(s) 'example_branch_labels' retrieved from /home/airflow/.local/lib/python3.8/site-packages/airflow/example_dags/example_branch_labels.py
[2025-01-12T00:42:36.016+0000] {logging_mixin.py:188} INFO - [2025-01-12T00:42:36.016+0000] {dag.py:3036} INFO - Sync 1 DAGs
[2025-01-12T00:42:36.198+0000] {logging_mixin.py:188} INFO - [2025-01-12T00:42:36.197+0000] {dag.py:3823} INFO - Setting next_dagrun for example_branch_labels to 2025-01-11 00:00:00+00:00, run_after=2025-01-12 00:00:00+00:00
[2025-01-12T00:42:36.327+0000] {processor.py:183} INFO - Processing /home/airflow/.local/lib/python3.8/site-packages/airflow/example_dags/example_branch_labels.py took 0.530 seconds
[2025-01-12T00:43:06.741+0000] {processor.py:161} INFO - Started process (PID=259) to work on /home/airflow/.local/lib/python3.8/site-packages/airflow/example_dags/example_branch_labels.py
[2025-01-12T00:43:06.744+0000] {processor.py:830} INFO - Processing file /home/airflow/.local/lib/python3.8/site-packages/airflow/example_dags/example_branch_labels.py for tasks to queue
[2025-01-12T00:43:06.749+0000] {logging_mixin.py:188} INFO - [2025-01-12T00:43:06.748+0000] {dagbag.py:538} INFO - Filling up the DagBag from /home/airflow/.local/lib/python3.8/site-packages/airflow/example_dags/example_branch_labels.py
[2025-01-12T00:43:06.771+0000] {processor.py:840} INFO - DAG(s) 'example_branch_labels' retrieved from /home/airflow/.local/lib/python3.8/site-packages/airflow/example_dags/example_branch_labels.py
[2025-01-12T00:43:06.901+0000] {logging_mixin.py:188} INFO - [2025-01-12T00:43:06.900+0000] {dag.py:3036} INFO - Sync 1 DAGs
[2025-01-12T00:43:07.006+0000] {logging_mixin.py:188} INFO - [2025-01-12T00:43:07.006+0000] {dag.py:3823} INFO - Setting next_dagrun for example_branch_labels to 2025-01-11 00:00:00+00:00, run_after=2025-01-12 00:00:00+00:00
[2025-01-12T00:43:07.063+0000] {processor.py:183} INFO - Processing /home/airflow/.local/lib/python3.8/site-packages/airflow/example_dags/example_branch_labels.py took 0.331 seconds
[2025-01-12T00:43:37.704+0000] {processor.py:161} INFO - Started process (PID=315) to work on /home/airflow/.local/lib/python3.8/site-packages/airflow/example_dags/example_branch_labels.py
[2025-01-12T00:43:37.715+0000] {processor.py:830} INFO - Processing file /home/airflow/.local/lib/python3.8/site-packages/airflow/example_dags/example_branch_labels.py for tasks to queue
[2025-01-12T00:43:37.725+0000] {logging_mixin.py:188} INFO - [2025-01-12T00:43:37.724+0000] {dagbag.py:538} INFO - Filling up the DagBag from /home/airflow/.local/lib/python3.8/site-packages/airflow/example_dags/example_branch_labels.py
[2025-01-12T00:43:37.748+0000] {processor.py:840} INFO - DAG(s) 'example_branch_labels' retrieved from /home/airflow/.local/lib/python3.8/site-packages/airflow/example_dags/example_branch_labels.py
[2025-01-12T00:43:37.809+0000] {logging_mixin.py:188} INFO - [2025-01-12T00:43:37.808+0000] {dag.py:3036} INFO - Sync 1 DAGs
[2025-01-12T00:43:37.908+0000] {logging_mixin.py:188} INFO - [2025-01-12T00:43:37.907+0000] {dag.py:3823} INFO - Setting next_dagrun for example_branch_labels to 2025-01-11 00:00:00+00:00, run_after=2025-01-12 00:00:00+00:00
[2025-01-12T00:43:37.978+0000] {processor.py:183} INFO - Processing /home/airflow/.local/lib/python3.8/site-packages/airflow/example_dags/example_branch_labels.py took 0.296 seconds
[2025-01-12T00:44:08.344+0000] {processor.py:161} INFO - Started process (PID=371) to work on /home/airflow/.local/lib/python3.8/site-packages/airflow/example_dags/example_branch_labels.py
[2025-01-12T00:44:08.346+0000] {processor.py:830} INFO - Processing file /home/airflow/.local/lib/python3.8/site-packages/airflow/example_dags/example_branch_labels.py for tasks to queue
[2025-01-12T00:44:08.351+0000] {logging_mixin.py:188} INFO - [2025-01-12T00:44:08.350+0000] {dagbag.py:538} INFO - Filling up the DagBag from /home/airflow/.local/lib/python3.8/site-packages/airflow/example_dags/example_branch_labels.py
[2025-01-12T00:44:08.370+0000] {processor.py:840} INFO - DAG(s) 'example_branch_labels' retrieved from /home/airflow/.local/lib/python3.8/site-packages/airflow/example_dags/example_branch_labels.py
[2025-01-12T00:44:08.578+0000] {logging_mixin.py:188} INFO - [2025-01-12T00:44:08.578+0000] {dag.py:3036} INFO - Sync 1 DAGs
[2025-01-12T00:44:08.612+0000] {logging_mixin.py:188} INFO - [2025-01-12T00:44:08.612+0000] {dag.py:3823} INFO - Setting next_dagrun for example_branch_labels to 2025-01-11 00:00:00+00:00, run_after=2025-01-12 00:00:00+00:00
[2025-01-12T00:44:08.650+0000] {processor.py:183} INFO - Processing /home/airflow/.local/lib/python3.8/site-packages/airflow/example_dags/example_branch_labels.py took 0.313 seconds
[2025-01-12T00:44:41.149+0000] {processor.py:161} INFO - Started process (PID=427) to work on /home/airflow/.local/lib/python3.8/site-packages/airflow/example_dags/example_branch_labels.py
[2025-01-12T00:44:41.157+0000] {processor.py:830} INFO - Processing file /home/airflow/.local/lib/python3.8/site-packages/airflow/example_dags/example_branch_labels.py for tasks to queue
[2025-01-12T00:44:41.167+0000] {logging_mixin.py:188} INFO - [2025-01-12T00:44:41.166+0000] {dagbag.py:538} INFO - Filling up the DagBag from /home/airflow/.local/lib/python3.8/site-packages/airflow/example_dags/example_branch_labels.py
[2025-01-12T00:44:41.270+0000] {processor.py:840} INFO - DAG(s) 'example_branch_labels' retrieved from /home/airflow/.local/lib/python3.8/site-packages/airflow/example_dags/example_branch_labels.py
[2025-01-12T00:44:41.429+0000] {logging_mixin.py:188} INFO - [2025-01-12T00:44:41.428+0000] {dag.py:3036} INFO - Sync 1 DAGs
[2025-01-12T00:44:41.650+0000] {logging_mixin.py:188} INFO - [2025-01-12T00:44:41.649+0000] {dag.py:3823} INFO - Setting next_dagrun for example_branch_labels to 2025-01-11 00:00:00+00:00, run_after=2025-01-12 00:00:00+00:00
[2025-01-12T00:44:41.755+0000] {processor.py:183} INFO - Processing /home/airflow/.local/lib/python3.8/site-packages/airflow/example_dags/example_branch_labels.py took 0.638 seconds
[2025-01-12T00:45:12.101+0000] {processor.py:161} INFO - Started process (PID=483) to work on /home/airflow/.local/lib/python3.8/site-packages/airflow/example_dags/example_branch_labels.py
[2025-01-12T00:45:12.103+0000] {processor.py:830} INFO - Processing file /home/airflow/.local/lib/python3.8/site-packages/airflow/example_dags/example_branch_labels.py for tasks to queue
[2025-01-12T00:45:12.105+0000] {logging_mixin.py:188} INFO - [2025-01-12T00:45:12.105+0000] {dagbag.py:538} INFO - Filling up the DagBag from /home/airflow/.local/lib/python3.8/site-packages/airflow/example_dags/example_branch_labels.py
[2025-01-12T00:45:12.115+0000] {processor.py:840} INFO - DAG(s) 'example_branch_labels' retrieved from /home/airflow/.local/lib/python3.8/site-packages/airflow/example_dags/example_branch_labels.py
[2025-01-12T00:45:12.147+0000] {logging_mixin.py:188} INFO - [2025-01-12T00:45:12.146+0000] {dag.py:3036} INFO - Sync 1 DAGs
[2025-01-12T00:45:12.180+0000] {logging_mixin.py:188} INFO - [2025-01-12T00:45:12.179+0000] {dag.py:3823} INFO - Setting next_dagrun for example_branch_labels to 2025-01-11 00:00:00+00:00, run_after=2025-01-12 00:00:00+00:00
[2025-01-12T00:45:12.209+0000] {processor.py:183} INFO - Processing /home/airflow/.local/lib/python3.8/site-packages/airflow/example_dags/example_branch_labels.py took 0.111 seconds
[2025-01-12T00:45:42.424+0000] {processor.py:161} INFO - Started process (PID=540) to work on /home/airflow/.local/lib/python3.8/site-packages/airflow/example_dags/example_branch_labels.py
[2025-01-12T00:45:42.426+0000] {processor.py:830} INFO - Processing file /home/airflow/.local/lib/python3.8/site-packages/airflow/example_dags/example_branch_labels.py for tasks to queue
[2025-01-12T00:45:42.430+0000] {logging_mixin.py:188} INFO - [2025-01-12T00:45:42.429+0000] {dagbag.py:538} INFO - Filling up the DagBag from /home/airflow/.local/lib/python3.8/site-packages/airflow/example_dags/example_branch_labels.py
[2025-01-12T00:45:42.446+0000] {processor.py:840} INFO - DAG(s) 'example_branch_labels' retrieved from /home/airflow/.local/lib/python3.8/site-packages/airflow/example_dags/example_branch_labels.py
[2025-01-12T00:45:42.488+0000] {logging_mixin.py:188} INFO - [2025-01-12T00:45:42.487+0000] {dag.py:3036} INFO - Sync 1 DAGs
[2025-01-12T00:45:42.565+0000] {logging_mixin.py:188} INFO - [2025-01-12T00:45:42.564+0000] {dag.py:3823} INFO - Setting next_dagrun for example_branch_labels to 2025-01-11 00:00:00+00:00, run_after=2025-01-12 00:00:00+00:00
[2025-01-12T00:45:42.635+0000] {processor.py:183} INFO - Processing /home/airflow/.local/lib/python3.8/site-packages/airflow/example_dags/example_branch_labels.py took 0.217 seconds
[2025-01-12T00:46:12.818+0000] {processor.py:161} INFO - Started process (PID=596) to work on /home/airflow/.local/lib/python3.8/site-packages/airflow/example_dags/example_branch_labels.py
[2025-01-12T00:46:12.819+0000] {processor.py:830} INFO - Processing file /home/airflow/.local/lib/python3.8/site-packages/airflow/example_dags/example_branch_labels.py for tasks to queue
[2025-01-12T00:46:12.823+0000] {logging_mixin.py:188} INFO - [2025-01-12T00:46:12.822+0000] {dagbag.py:538} INFO - Filling up the DagBag from /home/airflow/.local/lib/python3.8/site-packages/airflow/example_dags/example_branch_labels.py
[2025-01-12T00:46:12.835+0000] {processor.py:840} INFO - DAG(s) 'example_branch_labels' retrieved from /home/airflow/.local/lib/python3.8/site-packages/airflow/example_dags/example_branch_labels.py
[2025-01-12T00:46:12.862+0000] {logging_mixin.py:188} INFO - [2025-01-12T00:46:12.862+0000] {dag.py:3036} INFO - Sync 1 DAGs
[2025-01-12T00:46:12.893+0000] {logging_mixin.py:188} INFO - [2025-01-12T00:46:12.893+0000] {dag.py:3823} INFO - Setting next_dagrun for example_branch_labels to 2025-01-11 00:00:00+00:00, run_after=2025-01-12 00:00:00+00:00
[2025-01-12T00:46:12.925+0000] {processor.py:183} INFO - Processing /home/airflow/.local/lib/python3.8/site-packages/airflow/example_dags/example_branch_labels.py took 0.111 seconds
[2025-01-12T00:46:42.992+0000] {processor.py:161} INFO - Started process (PID=652) to work on /home/airflow/.local/lib/python3.8/site-packages/airflow/example_dags/example_branch_labels.py
[2025-01-12T00:46:42.994+0000] {processor.py:830} INFO - Processing file /home/airflow/.local/lib/python3.8/site-packages/airflow/example_dags/example_branch_labels.py for tasks to queue
[2025-01-12T00:46:42.997+0000] {logging_mixin.py:188} INFO - [2025-01-12T00:46:42.997+0000] {dagbag.py:538} INFO - Filling up the DagBag from /home/airflow/.local/lib/python3.8/site-packages/airflow/example_dags/example_branch_labels.py
[2025-01-12T00:46:43.011+0000] {processor.py:840} INFO - DAG(s) 'example_branch_labels' retrieved from /home/airflow/.local/lib/python3.8/site-packages/airflow/example_dags/example_branch_labels.py
[2025-01-12T00:46:43.048+0000] {logging_mixin.py:188} INFO - [2025-01-12T00:46:43.047+0000] {dag.py:3036} INFO - Sync 1 DAGs
[2025-01-12T00:46:43.107+0000] {logging_mixin.py:188} INFO - [2025-01-12T00:46:43.105+0000] {dag.py:3823} INFO - Setting next_dagrun for example_branch_labels to 2025-01-11 00:00:00+00:00, run_after=2025-01-12 00:00:00+00:00
[2025-01-12T00:46:43.178+0000] {processor.py:183} INFO - Processing /home/airflow/.local/lib/python3.8/site-packages/airflow/example_dags/example_branch_labels.py took 0.194 seconds
[2025-01-12T00:47:14.661+0000] {processor.py:161} INFO - Started process (PID=709) to work on /home/airflow/.local/lib/python3.8/site-packages/airflow/example_dags/example_branch_labels.py
[2025-01-12T00:47:14.667+0000] {processor.py:830} INFO - Processing file /home/airflow/.local/lib/python3.8/site-packages/airflow/example_dags/example_branch_labels.py for tasks to queue
[2025-01-12T00:47:14.684+0000] {logging_mixin.py:188} INFO - [2025-01-12T00:47:14.683+0000] {dagbag.py:538} INFO - Filling up the DagBag from /home/airflow/.local/lib/python3.8/site-packages/airflow/example_dags/example_branch_labels.py
[2025-01-12T00:47:14.735+0000] {processor.py:840} INFO - DAG(s) 'example_branch_labels' retrieved from /home/airflow/.local/lib/python3.8/site-packages/airflow/example_dags/example_branch_labels.py
[2025-01-12T00:47:14.851+0000] {logging_mixin.py:188} INFO - [2025-01-12T00:47:14.850+0000] {dag.py:3036} INFO - Sync 1 DAGs
[2025-01-12T00:47:15.001+0000] {logging_mixin.py:188} INFO - [2025-01-12T00:47:15.001+0000] {dag.py:3823} INFO - Setting next_dagrun for example_branch_labels to 2025-01-11 00:00:00+00:00, run_after=2025-01-12 00:00:00+00:00
[2025-01-12T00:47:15.110+0000] {processor.py:183} INFO - Processing /home/airflow/.local/lib/python3.8/site-packages/airflow/example_dags/example_branch_labels.py took 0.459 seconds
[2025-01-12T00:47:45.339+0000] {processor.py:161} INFO - Started process (PID=764) to work on /home/airflow/.local/lib/python3.8/site-packages/airflow/example_dags/example_branch_labels.py
[2025-01-12T00:47:45.341+0000] {processor.py:830} INFO - Processing file /home/airflow/.local/lib/python3.8/site-packages/airflow/example_dags/example_branch_labels.py for tasks to queue
[2025-01-12T00:47:45.347+0000] {logging_mixin.py:188} INFO - [2025-01-12T00:47:45.346+0000] {dagbag.py:538} INFO - Filling up the DagBag from /home/airflow/.local/lib/python3.8/site-packages/airflow/example_dags/example_branch_labels.py
[2025-01-12T00:47:45.379+0000] {processor.py:840} INFO - DAG(s) 'example_branch_labels' retrieved from /home/airflow/.local/lib/python3.8/site-packages/airflow/example_dags/example_branch_labels.py
[2025-01-12T00:47:45.444+0000] {logging_mixin.py:188} INFO - [2025-01-12T00:47:45.443+0000] {dag.py:3036} INFO - Sync 1 DAGs
[2025-01-12T00:47:45.525+0000] {logging_mixin.py:188} INFO - [2025-01-12T00:47:45.524+0000] {dag.py:3823} INFO - Setting next_dagrun for example_branch_labels to 2025-01-11 00:00:00+00:00, run_after=2025-01-12 00:00:00+00:00
[2025-01-12T00:47:45.592+0000] {processor.py:183} INFO - Processing /home/airflow/.local/lib/python3.8/site-packages/airflow/example_dags/example_branch_labels.py took 0.266 seconds
[2025-01-12T00:48:15.774+0000] {processor.py:161} INFO - Started process (PID=820) to work on /home/airflow/.local/lib/python3.8/site-packages/airflow/example_dags/example_branch_labels.py
[2025-01-12T00:48:15.777+0000] {processor.py:830} INFO - Processing file /home/airflow/.local/lib/python3.8/site-packages/airflow/example_dags/example_branch_labels.py for tasks to queue
[2025-01-12T00:48:15.784+0000] {logging_mixin.py:188} INFO - [2025-01-12T00:48:15.784+0000] {dagbag.py:538} INFO - Filling up the DagBag from /home/airflow/.local/lib/python3.8/site-packages/airflow/example_dags/example_branch_labels.py
[2025-01-12T00:48:15.818+0000] {processor.py:840} INFO - DAG(s) 'example_branch_labels' retrieved from /home/airflow/.local/lib/python3.8/site-packages/airflow/example_dags/example_branch_labels.py
[2025-01-12T00:48:15.899+0000] {logging_mixin.py:188} INFO - [2025-01-12T00:48:15.898+0000] {dag.py:3036} INFO - Sync 1 DAGs
[2025-01-12T00:48:16.031+0000] {logging_mixin.py:188} INFO - [2025-01-12T00:48:16.030+0000] {dag.py:3823} INFO - Setting next_dagrun for example_branch_labels to 2025-01-11 00:00:00+00:00, run_after=2025-01-12 00:00:00+00:00
[2025-01-12T00:48:16.147+0000] {processor.py:183} INFO - Processing /home/airflow/.local/lib/python3.8/site-packages/airflow/example_dags/example_branch_labels.py took 0.381 seconds
[2025-01-12T00:48:48.173+0000] {processor.py:161} INFO - Started process (PID=877) to work on /home/airflow/.local/lib/python3.8/site-packages/airflow/example_dags/example_branch_labels.py
[2025-01-12T00:48:48.176+0000] {processor.py:830} INFO - Processing file /home/airflow/.local/lib/python3.8/site-packages/airflow/example_dags/example_branch_labels.py for tasks to queue
[2025-01-12T00:48:48.191+0000] {logging_mixin.py:188} INFO - [2025-01-12T00:48:48.190+0000] {dagbag.py:538} INFO - Filling up the DagBag from /home/airflow/.local/lib/python3.8/site-packages/airflow/example_dags/example_branch_labels.py
[2025-01-12T00:48:48.242+0000] {processor.py:840} INFO - DAG(s) 'example_branch_labels' retrieved from /home/airflow/.local/lib/python3.8/site-packages/airflow/example_dags/example_branch_labels.py
[2025-01-12T00:48:48.370+0000] {logging_mixin.py:188} INFO - [2025-01-12T00:48:48.369+0000] {dag.py:3036} INFO - Sync 1 DAGs
[2025-01-12T00:48:48.570+0000] {logging_mixin.py:188} INFO - [2025-01-12T00:48:48.569+0000] {dag.py:3823} INFO - Setting next_dagrun for example_branch_labels to 2025-01-11 00:00:00+00:00, run_after=2025-01-12 00:00:00+00:00
[2025-01-12T00:48:48.691+0000] {processor.py:183} INFO - Processing /home/airflow/.local/lib/python3.8/site-packages/airflow/example_dags/example_branch_labels.py took 0.539 seconds
[2025-01-12T00:49:19.005+0000] {processor.py:161} INFO - Started process (PID=933) to work on /home/airflow/.local/lib/python3.8/site-packages/airflow/example_dags/example_branch_labels.py
[2025-01-12T00:49:19.008+0000] {processor.py:830} INFO - Processing file /home/airflow/.local/lib/python3.8/site-packages/airflow/example_dags/example_branch_labels.py for tasks to queue
[2025-01-12T00:49:19.015+0000] {logging_mixin.py:188} INFO - [2025-01-12T00:49:19.015+0000] {dagbag.py:538} INFO - Filling up the DagBag from /home/airflow/.local/lib/python3.8/site-packages/airflow/example_dags/example_branch_labels.py
[2025-01-12T00:49:19.048+0000] {processor.py:840} INFO - DAG(s) 'example_branch_labels' retrieved from /home/airflow/.local/lib/python3.8/site-packages/airflow/example_dags/example_branch_labels.py
[2025-01-12T00:49:19.121+0000] {logging_mixin.py:188} INFO - [2025-01-12T00:49:19.120+0000] {dag.py:3036} INFO - Sync 1 DAGs
[2025-01-12T00:49:19.208+0000] {logging_mixin.py:188} INFO - [2025-01-12T00:49:19.207+0000] {dag.py:3823} INFO - Setting next_dagrun for example_branch_labels to 2025-01-11 00:00:00+00:00, run_after=2025-01-12 00:00:00+00:00
[2025-01-12T00:49:19.301+0000] {processor.py:183} INFO - Processing /home/airflow/.local/lib/python3.8/site-packages/airflow/example_dags/example_branch_labels.py took 0.304 seconds
[2025-01-12T00:49:49.666+0000] {processor.py:161} INFO - Started process (PID=989) to work on /home/airflow/.local/lib/python3.8/site-packages/airflow/example_dags/example_branch_labels.py
[2025-01-12T00:49:49.669+0000] {processor.py:830} INFO - Processing file /home/airflow/.local/lib/python3.8/site-packages/airflow/example_dags/example_branch_labels.py for tasks to queue
[2025-01-12T00:49:49.677+0000] {logging_mixin.py:188} INFO - [2025-01-12T00:49:49.674+0000] {dagbag.py:538} INFO - Filling up the DagBag from /home/airflow/.local/lib/python3.8/site-packages/airflow/example_dags/example_branch_labels.py
[2025-01-12T00:49:49.708+0000] {processor.py:840} INFO - DAG(s) 'example_branch_labels' retrieved from /home/airflow/.local/lib/python3.8/site-packages/airflow/example_dags/example_branch_labels.py
[2025-01-12T00:49:49.816+0000] {logging_mixin.py:188} INFO - [2025-01-12T00:49:49.816+0000] {dag.py:3036} INFO - Sync 1 DAGs
[2025-01-12T00:49:49.924+0000] {logging_mixin.py:188} INFO - [2025-01-12T00:49:49.923+0000] {dag.py:3823} INFO - Setting next_dagrun for example_branch_labels to 2025-01-11 00:00:00+00:00, run_after=2025-01-12 00:00:00+00:00
[2025-01-12T00:49:50.022+0000] {processor.py:183} INFO - Processing /home/airflow/.local/lib/python3.8/site-packages/airflow/example_dags/example_branch_labels.py took 0.374 seconds
[2025-01-12T00:50:31.319+0000] {processor.py:161} INFO - Started process (PID=1052) to work on /home/airflow/.local/lib/python3.8/site-packages/airflow/example_dags/example_branch_labels.py
[2025-01-12T00:50:31.331+0000] {processor.py:830} INFO - Processing file /home/airflow/.local/lib/python3.8/site-packages/airflow/example_dags/example_branch_labels.py for tasks to queue
[2025-01-12T00:50:31.339+0000] {logging_mixin.py:188} INFO - [2025-01-12T00:50:31.338+0000] {dagbag.py:538} INFO - Filling up the DagBag from /home/airflow/.local/lib/python3.8/site-packages/airflow/example_dags/example_branch_labels.py
[2025-01-12T00:50:31.376+0000] {processor.py:840} INFO - DAG(s) 'example_branch_labels' retrieved from /home/airflow/.local/lib/python3.8/site-packages/airflow/example_dags/example_branch_labels.py
[2025-01-12T00:50:31.511+0000] {logging_mixin.py:188} INFO - [2025-01-12T00:50:31.503+0000] {dag.py:3036} INFO - Sync 1 DAGs
[2025-01-12T00:50:31.761+0000] {logging_mixin.py:188} INFO - [2025-01-12T00:50:31.760+0000] {dag.py:3823} INFO - Setting next_dagrun for example_branch_labels to 2025-01-11 00:00:00+00:00, run_after=2025-01-12 00:00:00+00:00
[2025-01-12T00:50:31.879+0000] {processor.py:183} INFO - Processing /home/airflow/.local/lib/python3.8/site-packages/airflow/example_dags/example_branch_labels.py took 0.577 seconds
[2025-01-12T00:51:02.035+0000] {processor.py:161} INFO - Started process (PID=1108) to work on /home/airflow/.local/lib/python3.8/site-packages/airflow/example_dags/example_branch_labels.py
[2025-01-12T00:51:02.036+0000] {processor.py:830} INFO - Processing file /home/airflow/.local/lib/python3.8/site-packages/airflow/example_dags/example_branch_labels.py for tasks to queue
[2025-01-12T00:51:02.040+0000] {logging_mixin.py:188} INFO - [2025-01-12T00:51:02.039+0000] {dagbag.py:538} INFO - Filling up the DagBag from /home/airflow/.local/lib/python3.8/site-packages/airflow/example_dags/example_branch_labels.py
[2025-01-12T00:51:02.057+0000] {processor.py:840} INFO - DAG(s) 'example_branch_labels' retrieved from /home/airflow/.local/lib/python3.8/site-packages/airflow/example_dags/example_branch_labels.py
[2025-01-12T00:51:02.105+0000] {logging_mixin.py:188} INFO - [2025-01-12T00:51:02.105+0000] {dag.py:3036} INFO - Sync 1 DAGs
[2025-01-12T00:51:02.164+0000] {logging_mixin.py:188} INFO - [2025-01-12T00:51:02.164+0000] {dag.py:3823} INFO - Setting next_dagrun for example_branch_labels to 2025-01-11 00:00:00+00:00, run_after=2025-01-12 00:00:00+00:00
[2025-01-12T00:51:02.201+0000] {processor.py:183} INFO - Processing /home/airflow/.local/lib/python3.8/site-packages/airflow/example_dags/example_branch_labels.py took 0.173 seconds
[2025-01-12T00:51:32.339+0000] {processor.py:161} INFO - Started process (PID=1163) to work on /home/airflow/.local/lib/python3.8/site-packages/airflow/example_dags/example_branch_labels.py
[2025-01-12T00:51:32.341+0000] {processor.py:830} INFO - Processing file /home/airflow/.local/lib/python3.8/site-packages/airflow/example_dags/example_branch_labels.py for tasks to queue
[2025-01-12T00:51:32.344+0000] {logging_mixin.py:188} INFO - [2025-01-12T00:51:32.343+0000] {dagbag.py:538} INFO - Filling up the DagBag from /home/airflow/.local/lib/python3.8/site-packages/airflow/example_dags/example_branch_labels.py
[2025-01-12T00:51:32.359+0000] {processor.py:840} INFO - DAG(s) 'example_branch_labels' retrieved from /home/airflow/.local/lib/python3.8/site-packages/airflow/example_dags/example_branch_labels.py
[2025-01-12T00:51:32.410+0000] {logging_mixin.py:188} INFO - [2025-01-12T00:51:32.409+0000] {dag.py:3036} INFO - Sync 1 DAGs
[2025-01-12T00:51:32.477+0000] {logging_mixin.py:188} INFO - [2025-01-12T00:51:32.476+0000] {dag.py:3823} INFO - Setting next_dagrun for example_branch_labels to 2025-01-11 00:00:00+00:00, run_after=2025-01-12 00:00:00+00:00
[2025-01-12T00:51:32.524+0000] {processor.py:183} INFO - Processing /home/airflow/.local/lib/python3.8/site-packages/airflow/example_dags/example_branch_labels.py took 0.194 seconds
[2025-01-12T00:52:02.727+0000] {processor.py:161} INFO - Started process (PID=1219) to work on /home/airflow/.local/lib/python3.8/site-packages/airflow/example_dags/example_branch_labels.py
[2025-01-12T00:52:02.728+0000] {processor.py:830} INFO - Processing file /home/airflow/.local/lib/python3.8/site-packages/airflow/example_dags/example_branch_labels.py for tasks to queue
[2025-01-12T00:52:02.730+0000] {logging_mixin.py:188} INFO - [2025-01-12T00:52:02.729+0000] {dagbag.py:538} INFO - Filling up the DagBag from /home/airflow/.local/lib/python3.8/site-packages/airflow/example_dags/example_branch_labels.py
[2025-01-12T00:52:02.743+0000] {processor.py:840} INFO - DAG(s) 'example_branch_labels' retrieved from /home/airflow/.local/lib/python3.8/site-packages/airflow/example_dags/example_branch_labels.py
[2025-01-12T00:52:02.776+0000] {logging_mixin.py:188} INFO - [2025-01-12T00:52:02.775+0000] {dag.py:3036} INFO - Sync 1 DAGs
[2025-01-12T00:52:02.813+0000] {logging_mixin.py:188} INFO - [2025-01-12T00:52:02.812+0000] {dag.py:3823} INFO - Setting next_dagrun for example_branch_labels to 2025-01-11 00:00:00+00:00, run_after=2025-01-12 00:00:00+00:00
[2025-01-12T00:52:02.840+0000] {processor.py:183} INFO - Processing /home/airflow/.local/lib/python3.8/site-packages/airflow/example_dags/example_branch_labels.py took 0.118 seconds
[2025-01-12T00:52:33.445+0000] {processor.py:161} INFO - Started process (PID=1274) to work on /home/airflow/.local/lib/python3.8/site-packages/airflow/example_dags/example_branch_labels.py
[2025-01-12T00:52:33.481+0000] {processor.py:830} INFO - Processing file /home/airflow/.local/lib/python3.8/site-packages/airflow/example_dags/example_branch_labels.py for tasks to queue
[2025-01-12T00:52:33.485+0000] {logging_mixin.py:188} INFO - [2025-01-12T00:52:33.483+0000] {dagbag.py:538} INFO - Filling up the DagBag from /home/airflow/.local/lib/python3.8/site-packages/airflow/example_dags/example_branch_labels.py
[2025-01-12T00:52:33.514+0000] {processor.py:840} INFO - DAG(s) 'example_branch_labels' retrieved from /home/airflow/.local/lib/python3.8/site-packages/airflow/example_dags/example_branch_labels.py
[2025-01-12T00:52:33.553+0000] {logging_mixin.py:188} INFO - [2025-01-12T00:52:33.553+0000] {dag.py:3036} INFO - Sync 1 DAGs
[2025-01-12T00:52:33.600+0000] {logging_mixin.py:188} INFO - [2025-01-12T00:52:33.600+0000] {dag.py:3823} INFO - Setting next_dagrun for example_branch_labels to 2025-01-11 00:00:00+00:00, run_after=2025-01-12 00:00:00+00:00
[2025-01-12T00:52:33.634+0000] {processor.py:183} INFO - Processing /home/airflow/.local/lib/python3.8/site-packages/airflow/example_dags/example_branch_labels.py took 0.196 seconds
[2025-01-12T00:53:04.234+0000] {processor.py:161} INFO - Started process (PID=1330) to work on /home/airflow/.local/lib/python3.8/site-packages/airflow/example_dags/example_branch_labels.py
[2025-01-12T00:53:04.237+0000] {processor.py:830} INFO - Processing file /home/airflow/.local/lib/python3.8/site-packages/airflow/example_dags/example_branch_labels.py for tasks to queue
[2025-01-12T00:53:04.240+0000] {logging_mixin.py:188} INFO - [2025-01-12T00:53:04.239+0000] {dagbag.py:538} INFO - Filling up the DagBag from /home/airflow/.local/lib/python3.8/site-packages/airflow/example_dags/example_branch_labels.py
[2025-01-12T00:53:04.295+0000] {processor.py:840} INFO - DAG(s) 'example_branch_labels' retrieved from /home/airflow/.local/lib/python3.8/site-packages/airflow/example_dags/example_branch_labels.py
[2025-01-12T00:53:04.376+0000] {logging_mixin.py:188} INFO - [2025-01-12T00:53:04.375+0000] {dag.py:3036} INFO - Sync 1 DAGs
[2025-01-12T00:53:04.447+0000] {logging_mixin.py:188} INFO - [2025-01-12T00:53:04.447+0000] {dag.py:3823} INFO - Setting next_dagrun for example_branch_labels to 2025-01-11 00:00:00+00:00, run_after=2025-01-12 00:00:00+00:00
[2025-01-12T00:53:04.494+0000] {processor.py:183} INFO - Processing /home/airflow/.local/lib/python3.8/site-packages/airflow/example_dags/example_branch_labels.py took 0.277 seconds
[2025-01-12T00:53:34.631+0000] {processor.py:161} INFO - Started process (PID=1386) to work on /home/airflow/.local/lib/python3.8/site-packages/airflow/example_dags/example_branch_labels.py
[2025-01-12T00:53:34.633+0000] {processor.py:830} INFO - Processing file /home/airflow/.local/lib/python3.8/site-packages/airflow/example_dags/example_branch_labels.py for tasks to queue
[2025-01-12T00:53:34.635+0000] {logging_mixin.py:188} INFO - [2025-01-12T00:53:34.634+0000] {dagbag.py:538} INFO - Filling up the DagBag from /home/airflow/.local/lib/python3.8/site-packages/airflow/example_dags/example_branch_labels.py
[2025-01-12T00:53:34.647+0000] {processor.py:840} INFO - DAG(s) 'example_branch_labels' retrieved from /home/airflow/.local/lib/python3.8/site-packages/airflow/example_dags/example_branch_labels.py
[2025-01-12T00:53:34.683+0000] {logging_mixin.py:188} INFO - [2025-01-12T00:53:34.682+0000] {dag.py:3036} INFO - Sync 1 DAGs
[2025-01-12T00:53:34.738+0000] {logging_mixin.py:188} INFO - [2025-01-12T00:53:34.738+0000] {dag.py:3823} INFO - Setting next_dagrun for example_branch_labels to 2025-01-11 00:00:00+00:00, run_after=2025-01-12 00:00:00+00:00
[2025-01-12T00:53:34.779+0000] {processor.py:183} INFO - Processing /home/airflow/.local/lib/python3.8/site-packages/airflow/example_dags/example_branch_labels.py took 0.152 seconds
[2025-01-12T00:54:05.723+0000] {processor.py:161} INFO - Started process (PID=1446) to work on /home/airflow/.local/lib/python3.8/site-packages/airflow/example_dags/example_branch_labels.py
[2025-01-12T00:54:05.726+0000] {processor.py:830} INFO - Processing file /home/airflow/.local/lib/python3.8/site-packages/airflow/example_dags/example_branch_labels.py for tasks to queue
[2025-01-12T00:54:05.729+0000] {logging_mixin.py:188} INFO - [2025-01-12T00:54:05.728+0000] {dagbag.py:538} INFO - Filling up the DagBag from /home/airflow/.local/lib/python3.8/site-packages/airflow/example_dags/example_branch_labels.py
[2025-01-12T00:54:05.746+0000] {processor.py:840} INFO - DAG(s) 'example_branch_labels' retrieved from /home/airflow/.local/lib/python3.8/site-packages/airflow/example_dags/example_branch_labels.py
[2025-01-12T00:54:05.782+0000] {logging_mixin.py:188} INFO - [2025-01-12T00:54:05.782+0000] {dag.py:3036} INFO - Sync 1 DAGs
[2025-01-12T00:54:05.822+0000] {logging_mixin.py:188} INFO - [2025-01-12T00:54:05.822+0000] {dag.py:3823} INFO - Setting next_dagrun for example_branch_labels to 2025-01-11 00:00:00+00:00, run_after=2025-01-12 00:00:00+00:00
[2025-01-12T00:54:05.856+0000] {processor.py:183} INFO - Processing /home/airflow/.local/lib/python3.8/site-packages/airflow/example_dags/example_branch_labels.py took 0.141 seconds
[2025-01-12T00:54:36.799+0000] {processor.py:161} INFO - Started process (PID=1502) to work on /home/airflow/.local/lib/python3.8/site-packages/airflow/example_dags/example_branch_labels.py
[2025-01-12T00:54:36.801+0000] {processor.py:830} INFO - Processing file /home/airflow/.local/lib/python3.8/site-packages/airflow/example_dags/example_branch_labels.py for tasks to queue
[2025-01-12T00:54:36.802+0000] {logging_mixin.py:188} INFO - [2025-01-12T00:54:36.802+0000] {dagbag.py:538} INFO - Filling up the DagBag from /home/airflow/.local/lib/python3.8/site-packages/airflow/example_dags/example_branch_labels.py
[2025-01-12T00:54:36.817+0000] {processor.py:840} INFO - DAG(s) 'example_branch_labels' retrieved from /home/airflow/.local/lib/python3.8/site-packages/airflow/example_dags/example_branch_labels.py
[2025-01-12T00:54:36.859+0000] {logging_mixin.py:188} INFO - [2025-01-12T00:54:36.858+0000] {dag.py:3036} INFO - Sync 1 DAGs
[2025-01-12T00:54:36.902+0000] {logging_mixin.py:188} INFO - [2025-01-12T00:54:36.902+0000] {dag.py:3823} INFO - Setting next_dagrun for example_branch_labels to 2025-01-11 00:00:00+00:00, run_after=2025-01-12 00:00:00+00:00
[2025-01-12T00:54:36.935+0000] {processor.py:183} INFO - Processing /home/airflow/.local/lib/python3.8/site-packages/airflow/example_dags/example_branch_labels.py took 0.141 seconds
[2025-01-12T00:55:08.376+0000] {processor.py:161} INFO - Started process (PID=1558) to work on /home/airflow/.local/lib/python3.8/site-packages/airflow/example_dags/example_branch_labels.py
[2025-01-12T00:55:08.382+0000] {processor.py:830} INFO - Processing file /home/airflow/.local/lib/python3.8/site-packages/airflow/example_dags/example_branch_labels.py for tasks to queue
[2025-01-12T00:55:08.387+0000] {logging_mixin.py:188} INFO - [2025-01-12T00:55:08.386+0000] {dagbag.py:538} INFO - Filling up the DagBag from /home/airflow/.local/lib/python3.8/site-packages/airflow/example_dags/example_branch_labels.py
[2025-01-12T00:55:08.426+0000] {processor.py:840} INFO - DAG(s) 'example_branch_labels' retrieved from /home/airflow/.local/lib/python3.8/site-packages/airflow/example_dags/example_branch_labels.py
[2025-01-12T00:55:08.552+0000] {logging_mixin.py:188} INFO - [2025-01-12T00:55:08.549+0000] {dag.py:3036} INFO - Sync 1 DAGs
[2025-01-12T00:55:08.769+0000] {logging_mixin.py:188} INFO - [2025-01-12T00:55:08.769+0000] {dag.py:3823} INFO - Setting next_dagrun for example_branch_labels to 2025-01-11 00:00:00+00:00, run_after=2025-01-12 00:00:00+00:00
[2025-01-12T00:55:08.922+0000] {processor.py:183} INFO - Processing /home/airflow/.local/lib/python3.8/site-packages/airflow/example_dags/example_branch_labels.py took 0.561 seconds
[2025-01-12T00:55:39.372+0000] {processor.py:161} INFO - Started process (PID=1613) to work on /home/airflow/.local/lib/python3.8/site-packages/airflow/example_dags/example_branch_labels.py
[2025-01-12T00:55:39.375+0000] {processor.py:830} INFO - Processing file /home/airflow/.local/lib/python3.8/site-packages/airflow/example_dags/example_branch_labels.py for tasks to queue
[2025-01-12T00:55:39.377+0000] {logging_mixin.py:188} INFO - [2025-01-12T00:55:39.376+0000] {dagbag.py:538} INFO - Filling up the DagBag from /home/airflow/.local/lib/python3.8/site-packages/airflow/example_dags/example_branch_labels.py
[2025-01-12T00:55:39.404+0000] {processor.py:840} INFO - DAG(s) 'example_branch_labels' retrieved from /home/airflow/.local/lib/python3.8/site-packages/airflow/example_dags/example_branch_labels.py
[2025-01-12T00:55:39.481+0000] {logging_mixin.py:188} INFO - [2025-01-12T00:55:39.480+0000] {dag.py:3036} INFO - Sync 1 DAGs
[2025-01-12T00:55:39.569+0000] {logging_mixin.py:188} INFO - [2025-01-12T00:55:39.568+0000] {dag.py:3823} INFO - Setting next_dagrun for example_branch_labels to 2025-01-11 00:00:00+00:00, run_after=2025-01-12 00:00:00+00:00
[2025-01-12T00:55:39.622+0000] {processor.py:183} INFO - Processing /home/airflow/.local/lib/python3.8/site-packages/airflow/example_dags/example_branch_labels.py took 0.261 seconds
[2025-01-12T00:56:09.797+0000] {processor.py:161} INFO - Started process (PID=1669) to work on /home/airflow/.local/lib/python3.8/site-packages/airflow/example_dags/example_branch_labels.py
[2025-01-12T00:56:09.802+0000] {processor.py:830} INFO - Processing file /home/airflow/.local/lib/python3.8/site-packages/airflow/example_dags/example_branch_labels.py for tasks to queue
[2025-01-12T00:56:09.806+0000] {logging_mixin.py:188} INFO - [2025-01-12T00:56:09.805+0000] {dagbag.py:538} INFO - Filling up the DagBag from /home/airflow/.local/lib/python3.8/site-packages/airflow/example_dags/example_branch_labels.py
[2025-01-12T00:56:09.834+0000] {processor.py:840} INFO - DAG(s) 'example_branch_labels' retrieved from /home/airflow/.local/lib/python3.8/site-packages/airflow/example_dags/example_branch_labels.py
[2025-01-12T00:56:09.940+0000] {logging_mixin.py:188} INFO - [2025-01-12T00:56:09.939+0000] {dag.py:3036} INFO - Sync 1 DAGs
[2025-01-12T00:56:10.014+0000] {logging_mixin.py:188} INFO - [2025-01-12T00:56:10.014+0000] {dag.py:3823} INFO - Setting next_dagrun for example_branch_labels to 2025-01-11 00:00:00+00:00, run_after=2025-01-12 00:00:00+00:00
[2025-01-12T00:56:10.087+0000] {processor.py:183} INFO - Processing /home/airflow/.local/lib/python3.8/site-packages/airflow/example_dags/example_branch_labels.py took 0.300 seconds
[2025-01-12T00:56:40.363+0000] {processor.py:161} INFO - Started process (PID=1725) to work on /home/airflow/.local/lib/python3.8/site-packages/airflow/example_dags/example_branch_labels.py
[2025-01-12T00:56:40.366+0000] {processor.py:830} INFO - Processing file /home/airflow/.local/lib/python3.8/site-packages/airflow/example_dags/example_branch_labels.py for tasks to queue
[2025-01-12T00:56:40.368+0000] {logging_mixin.py:188} INFO - [2025-01-12T00:56:40.367+0000] {dagbag.py:538} INFO - Filling up the DagBag from /home/airflow/.local/lib/python3.8/site-packages/airflow/example_dags/example_branch_labels.py
[2025-01-12T00:56:40.384+0000] {processor.py:840} INFO - DAG(s) 'example_branch_labels' retrieved from /home/airflow/.local/lib/python3.8/site-packages/airflow/example_dags/example_branch_labels.py
[2025-01-12T00:56:40.436+0000] {logging_mixin.py:188} INFO - [2025-01-12T00:56:40.436+0000] {dag.py:3036} INFO - Sync 1 DAGs
[2025-01-12T00:56:40.487+0000] {logging_mixin.py:188} INFO - [2025-01-12T00:56:40.486+0000] {dag.py:3823} INFO - Setting next_dagrun for example_branch_labels to 2025-01-11 00:00:00+00:00, run_after=2025-01-12 00:00:00+00:00
[2025-01-12T00:56:40.529+0000] {processor.py:183} INFO - Processing /home/airflow/.local/lib/python3.8/site-packages/airflow/example_dags/example_branch_labels.py took 0.174 seconds
[2025-01-12T00:57:10.751+0000] {processor.py:161} INFO - Started process (PID=1781) to work on /home/airflow/.local/lib/python3.8/site-packages/airflow/example_dags/example_branch_labels.py
[2025-01-12T00:57:10.753+0000] {processor.py:830} INFO - Processing file /home/airflow/.local/lib/python3.8/site-packages/airflow/example_dags/example_branch_labels.py for tasks to queue
[2025-01-12T00:57:10.756+0000] {logging_mixin.py:188} INFO - [2025-01-12T00:57:10.755+0000] {dagbag.py:538} INFO - Filling up the DagBag from /home/airflow/.local/lib/python3.8/site-packages/airflow/example_dags/example_branch_labels.py
[2025-01-12T00:57:10.773+0000] {processor.py:840} INFO - DAG(s) 'example_branch_labels' retrieved from /home/airflow/.local/lib/python3.8/site-packages/airflow/example_dags/example_branch_labels.py
[2025-01-12T00:57:10.854+0000] {logging_mixin.py:188} INFO - [2025-01-12T00:57:10.853+0000] {dag.py:3036} INFO - Sync 1 DAGs
[2025-01-12T00:57:10.992+0000] {logging_mixin.py:188} INFO - [2025-01-12T00:57:10.991+0000] {dag.py:3823} INFO - Setting next_dagrun for example_branch_labels to 2025-01-11 00:00:00+00:00, run_after=2025-01-12 00:00:00+00:00
[2025-01-12T00:57:11.088+0000] {processor.py:183} INFO - Processing /home/airflow/.local/lib/python3.8/site-packages/airflow/example_dags/example_branch_labels.py took 0.346 seconds
[2025-01-12T00:57:41.770+0000] {processor.py:161} INFO - Started process (PID=1842) to work on /home/airflow/.local/lib/python3.8/site-packages/airflow/example_dags/example_branch_labels.py
[2025-01-12T00:57:41.773+0000] {processor.py:830} INFO - Processing file /home/airflow/.local/lib/python3.8/site-packages/airflow/example_dags/example_branch_labels.py for tasks to queue
[2025-01-12T00:57:41.775+0000] {logging_mixin.py:188} INFO - [2025-01-12T00:57:41.774+0000] {dagbag.py:538} INFO - Filling up the DagBag from /home/airflow/.local/lib/python3.8/site-packages/airflow/example_dags/example_branch_labels.py
[2025-01-12T00:57:41.799+0000] {processor.py:840} INFO - DAG(s) 'example_branch_labels' retrieved from /home/airflow/.local/lib/python3.8/site-packages/airflow/example_dags/example_branch_labels.py
[2025-01-12T00:57:41.856+0000] {logging_mixin.py:188} INFO - [2025-01-12T00:57:41.855+0000] {dag.py:3036} INFO - Sync 1 DAGs
[2025-01-12T00:57:41.925+0000] {logging_mixin.py:188} INFO - [2025-01-12T00:57:41.924+0000] {dag.py:3823} INFO - Setting next_dagrun for example_branch_labels to 2025-01-11 00:00:00+00:00, run_after=2025-01-12 00:00:00+00:00
[2025-01-12T00:57:41.978+0000] {processor.py:183} INFO - Processing /home/airflow/.local/lib/python3.8/site-packages/airflow/example_dags/example_branch_labels.py took 0.219 seconds
[2025-01-12T00:58:12.407+0000] {processor.py:161} INFO - Started process (PID=1898) to work on /home/airflow/.local/lib/python3.8/site-packages/airflow/example_dags/example_branch_labels.py
[2025-01-12T00:58:12.410+0000] {processor.py:830} INFO - Processing file /home/airflow/.local/lib/python3.8/site-packages/airflow/example_dags/example_branch_labels.py for tasks to queue
[2025-01-12T00:58:12.412+0000] {logging_mixin.py:188} INFO - [2025-01-12T00:58:12.411+0000] {dagbag.py:538} INFO - Filling up the DagBag from /home/airflow/.local/lib/python3.8/site-packages/airflow/example_dags/example_branch_labels.py
[2025-01-12T00:58:12.431+0000] {processor.py:840} INFO - DAG(s) 'example_branch_labels' retrieved from /home/airflow/.local/lib/python3.8/site-packages/airflow/example_dags/example_branch_labels.py
[2025-01-12T00:58:12.478+0000] {logging_mixin.py:188} INFO - [2025-01-12T00:58:12.478+0000] {dag.py:3036} INFO - Sync 1 DAGs
[2025-01-12T00:58:12.533+0000] {logging_mixin.py:188} INFO - [2025-01-12T00:58:12.532+0000] {dag.py:3823} INFO - Setting next_dagrun for example_branch_labels to 2025-01-11 00:00:00+00:00, run_after=2025-01-12 00:00:00+00:00
[2025-01-12T00:58:12.564+0000] {processor.py:183} INFO - Processing /home/airflow/.local/lib/python3.8/site-packages/airflow/example_dags/example_branch_labels.py took 0.170 seconds
[2025-01-12T00:58:42.832+0000] {processor.py:161} INFO - Started process (PID=1954) to work on /home/airflow/.local/lib/python3.8/site-packages/airflow/example_dags/example_branch_labels.py
[2025-01-12T00:58:42.834+0000] {processor.py:830} INFO - Processing file /home/airflow/.local/lib/python3.8/site-packages/airflow/example_dags/example_branch_labels.py for tasks to queue
[2025-01-12T00:58:42.837+0000] {logging_mixin.py:188} INFO - [2025-01-12T00:58:42.836+0000] {dagbag.py:538} INFO - Filling up the DagBag from /home/airflow/.local/lib/python3.8/site-packages/airflow/example_dags/example_branch_labels.py
[2025-01-12T00:58:42.854+0000] {processor.py:840} INFO - DAG(s) 'example_branch_labels' retrieved from /home/airflow/.local/lib/python3.8/site-packages/airflow/example_dags/example_branch_labels.py
[2025-01-12T00:58:42.898+0000] {logging_mixin.py:188} INFO - [2025-01-12T00:58:42.897+0000] {dag.py:3036} INFO - Sync 1 DAGs
[2025-01-12T00:58:42.951+0000] {logging_mixin.py:188} INFO - [2025-01-12T00:58:42.951+0000] {dag.py:3823} INFO - Setting next_dagrun for example_branch_labels to 2025-01-11 00:00:00+00:00, run_after=2025-01-12 00:00:00+00:00
[2025-01-12T00:58:43.000+0000] {processor.py:183} INFO - Processing /home/airflow/.local/lib/python3.8/site-packages/airflow/example_dags/example_branch_labels.py took 0.174 seconds
[2025-01-12T00:59:13.913+0000] {processor.py:161} INFO - Started process (PID=2009) to work on /home/airflow/.local/lib/python3.8/site-packages/airflow/example_dags/example_branch_labels.py
[2025-01-12T00:59:13.917+0000] {processor.py:830} INFO - Processing file /home/airflow/.local/lib/python3.8/site-packages/airflow/example_dags/example_branch_labels.py for tasks to queue
[2025-01-12T00:59:13.920+0000] {logging_mixin.py:188} INFO - [2025-01-12T00:59:13.919+0000] {dagbag.py:538} INFO - Filling up the DagBag from /home/airflow/.local/lib/python3.8/site-packages/airflow/example_dags/example_branch_labels.py
[2025-01-12T00:59:13.955+0000] {processor.py:840} INFO - DAG(s) 'example_branch_labels' retrieved from /home/airflow/.local/lib/python3.8/site-packages/airflow/example_dags/example_branch_labels.py
[2025-01-12T00:59:14.026+0000] {logging_mixin.py:188} INFO - [2025-01-12T00:59:14.026+0000] {dag.py:3036} INFO - Sync 1 DAGs
[2025-01-12T00:59:14.098+0000] {logging_mixin.py:188} INFO - [2025-01-12T00:59:14.098+0000] {dag.py:3823} INFO - Setting next_dagrun for example_branch_labels to 2025-01-11 00:00:00+00:00, run_after=2025-01-12 00:00:00+00:00
[2025-01-12T00:59:14.157+0000] {processor.py:183} INFO - Processing /home/airflow/.local/lib/python3.8/site-packages/airflow/example_dags/example_branch_labels.py took 0.260 seconds
[2025-01-12T00:59:44.974+0000] {processor.py:161} INFO - Started process (PID=2066) to work on /home/airflow/.local/lib/python3.8/site-packages/airflow/example_dags/example_branch_labels.py
[2025-01-12T00:59:44.978+0000] {processor.py:830} INFO - Processing file /home/airflow/.local/lib/python3.8/site-packages/airflow/example_dags/example_branch_labels.py for tasks to queue
[2025-01-12T00:59:44.981+0000] {logging_mixin.py:188} INFO - [2025-01-12T00:59:44.980+0000] {dagbag.py:538} INFO - Filling up the DagBag from /home/airflow/.local/lib/python3.8/site-packages/airflow/example_dags/example_branch_labels.py
[2025-01-12T00:59:45.001+0000] {processor.py:840} INFO - DAG(s) 'example_branch_labels' retrieved from /home/airflow/.local/lib/python3.8/site-packages/airflow/example_dags/example_branch_labels.py
[2025-01-12T00:59:45.065+0000] {logging_mixin.py:188} INFO - [2025-01-12T00:59:45.065+0000] {dag.py:3036} INFO - Sync 1 DAGs
[2025-01-12T00:59:45.125+0000] {logging_mixin.py:188} INFO - [2025-01-12T00:59:45.125+0000] {dag.py:3823} INFO - Setting next_dagrun for example_branch_labels to 2025-01-11 00:00:00+00:00, run_after=2025-01-12 00:00:00+00:00
[2025-01-12T00:59:45.195+0000] {processor.py:183} INFO - Processing /home/airflow/.local/lib/python3.8/site-packages/airflow/example_dags/example_branch_labels.py took 0.229 seconds
[2025-01-12T01:00:15.596+0000] {processor.py:161} INFO - Started process (PID=2122) to work on /home/airflow/.local/lib/python3.8/site-packages/airflow/example_dags/example_branch_labels.py
[2025-01-12T01:00:15.598+0000] {processor.py:830} INFO - Processing file /home/airflow/.local/lib/python3.8/site-packages/airflow/example_dags/example_branch_labels.py for tasks to queue
[2025-01-12T01:00:15.612+0000] {logging_mixin.py:188} INFO - [2025-01-12T01:00:15.609+0000] {dagbag.py:538} INFO - Filling up the DagBag from /home/airflow/.local/lib/python3.8/site-packages/airflow/example_dags/example_branch_labels.py
[2025-01-12T01:00:15.645+0000] {processor.py:840} INFO - DAG(s) 'example_branch_labels' retrieved from /home/airflow/.local/lib/python3.8/site-packages/airflow/example_dags/example_branch_labels.py
[2025-01-12T01:00:15.705+0000] {logging_mixin.py:188} INFO - [2025-01-12T01:00:15.704+0000] {dag.py:3036} INFO - Sync 1 DAGs
[2025-01-12T01:00:15.770+0000] {logging_mixin.py:188} INFO - [2025-01-12T01:00:15.769+0000] {dag.py:3823} INFO - Setting next_dagrun for example_branch_labels to 2025-01-11 00:00:00+00:00, run_after=2025-01-12 00:00:00+00:00
[2025-01-12T01:00:15.908+0000] {processor.py:183} INFO - Processing /home/airflow/.local/lib/python3.8/site-packages/airflow/example_dags/example_branch_labels.py took 0.322 seconds
[2025-01-12T01:00:46.497+0000] {processor.py:161} INFO - Started process (PID=2178) to work on /home/airflow/.local/lib/python3.8/site-packages/airflow/example_dags/example_branch_labels.py
[2025-01-12T01:00:46.498+0000] {processor.py:830} INFO - Processing file /home/airflow/.local/lib/python3.8/site-packages/airflow/example_dags/example_branch_labels.py for tasks to queue
[2025-01-12T01:00:46.501+0000] {logging_mixin.py:188} INFO - [2025-01-12T01:00:46.500+0000] {dagbag.py:538} INFO - Filling up the DagBag from /home/airflow/.local/lib/python3.8/site-packages/airflow/example_dags/example_branch_labels.py
[2025-01-12T01:00:46.519+0000] {processor.py:840} INFO - DAG(s) 'example_branch_labels' retrieved from /home/airflow/.local/lib/python3.8/site-packages/airflow/example_dags/example_branch_labels.py
[2025-01-12T01:00:46.574+0000] {logging_mixin.py:188} INFO - [2025-01-12T01:00:46.574+0000] {dag.py:3036} INFO - Sync 1 DAGs
[2025-01-12T01:00:46.622+0000] {logging_mixin.py:188} INFO - [2025-01-12T01:00:46.621+0000] {dag.py:3823} INFO - Setting next_dagrun for example_branch_labels to 2025-01-11 00:00:00+00:00, run_after=2025-01-12 00:00:00+00:00
[2025-01-12T01:00:46.672+0000] {processor.py:183} INFO - Processing /home/airflow/.local/lib/python3.8/site-packages/airflow/example_dags/example_branch_labels.py took 0.181 seconds
[2025-01-12T01:01:17.949+0000] {processor.py:161} INFO - Started process (PID=2234) to work on /home/airflow/.local/lib/python3.8/site-packages/airflow/example_dags/example_branch_labels.py
[2025-01-12T01:01:18.019+0000] {processor.py:830} INFO - Processing file /home/airflow/.local/lib/python3.8/site-packages/airflow/example_dags/example_branch_labels.py for tasks to queue
[2025-01-12T01:01:18.054+0000] {logging_mixin.py:188} INFO - [2025-01-12T01:01:18.029+0000] {dagbag.py:538} INFO - Filling up the DagBag from /home/airflow/.local/lib/python3.8/site-packages/airflow/example_dags/example_branch_labels.py
[2025-01-12T01:01:18.285+0000] {processor.py:840} INFO - DAG(s) 'example_branch_labels' retrieved from /home/airflow/.local/lib/python3.8/site-packages/airflow/example_dags/example_branch_labels.py
[2025-01-12T01:01:18.509+0000] {logging_mixin.py:188} INFO - [2025-01-12T01:01:18.508+0000] {dag.py:3036} INFO - Sync 1 DAGs
[2025-01-12T01:01:18.761+0000] {logging_mixin.py:188} INFO - [2025-01-12T01:01:18.753+0000] {dag.py:3823} INFO - Setting next_dagrun for example_branch_labels to 2025-01-11 00:00:00+00:00, run_after=2025-01-12 00:00:00+00:00
[2025-01-12T01:01:18.899+0000] {processor.py:183} INFO - Processing /home/airflow/.local/lib/python3.8/site-packages/airflow/example_dags/example_branch_labels.py took 0.980 seconds
[2025-01-12T01:01:49.094+0000] {processor.py:161} INFO - Started process (PID=2290) to work on /home/airflow/.local/lib/python3.8/site-packages/airflow/example_dags/example_branch_labels.py
[2025-01-12T01:01:49.096+0000] {processor.py:830} INFO - Processing file /home/airflow/.local/lib/python3.8/site-packages/airflow/example_dags/example_branch_labels.py for tasks to queue
[2025-01-12T01:01:49.098+0000] {logging_mixin.py:188} INFO - [2025-01-12T01:01:49.097+0000] {dagbag.py:538} INFO - Filling up the DagBag from /home/airflow/.local/lib/python3.8/site-packages/airflow/example_dags/example_branch_labels.py
[2025-01-12T01:01:49.111+0000] {processor.py:840} INFO - DAG(s) 'example_branch_labels' retrieved from /home/airflow/.local/lib/python3.8/site-packages/airflow/example_dags/example_branch_labels.py
[2025-01-12T01:01:49.150+0000] {logging_mixin.py:188} INFO - [2025-01-12T01:01:49.150+0000] {dag.py:3036} INFO - Sync 1 DAGs
[2025-01-12T01:01:49.201+0000] {logging_mixin.py:188} INFO - [2025-01-12T01:01:49.200+0000] {dag.py:3823} INFO - Setting next_dagrun for example_branch_labels to 2025-01-11 00:00:00+00:00, run_after=2025-01-12 00:00:00+00:00
[2025-01-12T01:01:49.235+0000] {processor.py:183} INFO - Processing /home/airflow/.local/lib/python3.8/site-packages/airflow/example_dags/example_branch_labels.py took 0.146 seconds
[2025-01-12T01:02:19.625+0000] {processor.py:161} INFO - Started process (PID=2346) to work on /home/airflow/.local/lib/python3.8/site-packages/airflow/example_dags/example_branch_labels.py
[2025-01-12T01:02:19.626+0000] {processor.py:830} INFO - Processing file /home/airflow/.local/lib/python3.8/site-packages/airflow/example_dags/example_branch_labels.py for tasks to queue
[2025-01-12T01:02:19.628+0000] {logging_mixin.py:188} INFO - [2025-01-12T01:02:19.627+0000] {dagbag.py:538} INFO - Filling up the DagBag from /home/airflow/.local/lib/python3.8/site-packages/airflow/example_dags/example_branch_labels.py
[2025-01-12T01:02:19.639+0000] {processor.py:840} INFO - DAG(s) 'example_branch_labels' retrieved from /home/airflow/.local/lib/python3.8/site-packages/airflow/example_dags/example_branch_labels.py
[2025-01-12T01:02:19.672+0000] {logging_mixin.py:188} INFO - [2025-01-12T01:02:19.672+0000] {dag.py:3036} INFO - Sync 1 DAGs
[2025-01-12T01:02:19.709+0000] {logging_mixin.py:188} INFO - [2025-01-12T01:02:19.708+0000] {dag.py:3823} INFO - Setting next_dagrun for example_branch_labels to 2025-01-11 00:00:00+00:00, run_after=2025-01-12 00:00:00+00:00
[2025-01-12T01:02:19.739+0000] {processor.py:183} INFO - Processing /home/airflow/.local/lib/python3.8/site-packages/airflow/example_dags/example_branch_labels.py took 0.119 seconds
[2025-01-12T01:02:50.288+0000] {processor.py:161} INFO - Started process (PID=2402) to work on /home/airflow/.local/lib/python3.8/site-packages/airflow/example_dags/example_branch_labels.py
[2025-01-12T01:02:50.291+0000] {processor.py:830} INFO - Processing file /home/airflow/.local/lib/python3.8/site-packages/airflow/example_dags/example_branch_labels.py for tasks to queue
[2025-01-12T01:02:50.296+0000] {logging_mixin.py:188} INFO - [2025-01-12T01:02:50.295+0000] {dagbag.py:538} INFO - Filling up the DagBag from /home/airflow/.local/lib/python3.8/site-packages/airflow/example_dags/example_branch_labels.py
[2025-01-12T01:02:50.311+0000] {processor.py:840} INFO - DAG(s) 'example_branch_labels' retrieved from /home/airflow/.local/lib/python3.8/site-packages/airflow/example_dags/example_branch_labels.py
[2025-01-12T01:02:50.351+0000] {logging_mixin.py:188} INFO - [2025-01-12T01:02:50.351+0000] {dag.py:3036} INFO - Sync 1 DAGs
[2025-01-12T01:02:50.436+0000] {logging_mixin.py:188} INFO - [2025-01-12T01:02:50.435+0000] {dag.py:3823} INFO - Setting next_dagrun for example_branch_labels to 2025-01-11 00:00:00+00:00, run_after=2025-01-12 00:00:00+00:00
[2025-01-12T01:02:50.492+0000] {processor.py:183} INFO - Processing /home/airflow/.local/lib/python3.8/site-packages/airflow/example_dags/example_branch_labels.py took 0.209 seconds
[2025-01-12T01:03:21.965+0000] {processor.py:161} INFO - Started process (PID=2458) to work on /home/airflow/.local/lib/python3.8/site-packages/airflow/example_dags/example_branch_labels.py
[2025-01-12T01:03:21.968+0000] {processor.py:830} INFO - Processing file /home/airflow/.local/lib/python3.8/site-packages/airflow/example_dags/example_branch_labels.py for tasks to queue
[2025-01-12T01:03:21.970+0000] {logging_mixin.py:188} INFO - [2025-01-12T01:03:21.969+0000] {dagbag.py:538} INFO - Filling up the DagBag from /home/airflow/.local/lib/python3.8/site-packages/airflow/example_dags/example_branch_labels.py
[2025-01-12T01:03:21.986+0000] {processor.py:840} INFO - DAG(s) 'example_branch_labels' retrieved from /home/airflow/.local/lib/python3.8/site-packages/airflow/example_dags/example_branch_labels.py
[2025-01-12T01:03:22.055+0000] {logging_mixin.py:188} INFO - [2025-01-12T01:03:22.054+0000] {dag.py:3036} INFO - Sync 1 DAGs
[2025-01-12T01:03:22.126+0000] {logging_mixin.py:188} INFO - [2025-01-12T01:03:22.125+0000] {dag.py:3823} INFO - Setting next_dagrun for example_branch_labels to 2025-01-11 00:00:00+00:00, run_after=2025-01-12 00:00:00+00:00
[2025-01-12T01:03:22.176+0000] {processor.py:183} INFO - Processing /home/airflow/.local/lib/python3.8/site-packages/airflow/example_dags/example_branch_labels.py took 0.220 seconds
[2025-01-12T01:03:54.677+0000] {processor.py:161} INFO - Started process (PID=2512) to work on /home/airflow/.local/lib/python3.8/site-packages/airflow/example_dags/example_branch_labels.py
[2025-01-12T01:03:54.680+0000] {processor.py:830} INFO - Processing file /home/airflow/.local/lib/python3.8/site-packages/airflow/example_dags/example_branch_labels.py for tasks to queue
[2025-01-12T01:03:54.684+0000] {logging_mixin.py:188} INFO - [2025-01-12T01:03:54.683+0000] {dagbag.py:538} INFO - Filling up the DagBag from /home/airflow/.local/lib/python3.8/site-packages/airflow/example_dags/example_branch_labels.py
[2025-01-12T01:03:54.712+0000] {processor.py:840} INFO - DAG(s) 'example_branch_labels' retrieved from /home/airflow/.local/lib/python3.8/site-packages/airflow/example_dags/example_branch_labels.py
[2025-01-12T01:03:54.788+0000] {logging_mixin.py:188} INFO - [2025-01-12T01:03:54.787+0000] {dag.py:3036} INFO - Sync 1 DAGs
[2025-01-12T01:03:54.854+0000] {logging_mixin.py:188} INFO - [2025-01-12T01:03:54.854+0000] {dag.py:3823} INFO - Setting next_dagrun for example_branch_labels to 2025-01-11 00:00:00+00:00, run_after=2025-01-12 00:00:00+00:00
[2025-01-12T01:03:54.913+0000] {processor.py:183} INFO - Processing /home/airflow/.local/lib/python3.8/site-packages/airflow/example_dags/example_branch_labels.py took 0.245 seconds
[2025-01-12T01:04:25.262+0000] {processor.py:161} INFO - Started process (PID=2568) to work on /home/airflow/.local/lib/python3.8/site-packages/airflow/example_dags/example_branch_labels.py
[2025-01-12T01:04:25.263+0000] {processor.py:830} INFO - Processing file /home/airflow/.local/lib/python3.8/site-packages/airflow/example_dags/example_branch_labels.py for tasks to queue
[2025-01-12T01:04:25.265+0000] {logging_mixin.py:188} INFO - [2025-01-12T01:04:25.264+0000] {dagbag.py:538} INFO - Filling up the DagBag from /home/airflow/.local/lib/python3.8/site-packages/airflow/example_dags/example_branch_labels.py
[2025-01-12T01:04:25.274+0000] {processor.py:840} INFO - DAG(s) 'example_branch_labels' retrieved from /home/airflow/.local/lib/python3.8/site-packages/airflow/example_dags/example_branch_labels.py
[2025-01-12T01:04:25.304+0000] {logging_mixin.py:188} INFO - [2025-01-12T01:04:25.304+0000] {dag.py:3036} INFO - Sync 1 DAGs
[2025-01-12T01:04:25.334+0000] {logging_mixin.py:188} INFO - [2025-01-12T01:04:25.334+0000] {dag.py:3823} INFO - Setting next_dagrun for example_branch_labels to 2025-01-11 00:00:00+00:00, run_after=2025-01-12 00:00:00+00:00
[2025-01-12T01:04:25.363+0000] {processor.py:183} INFO - Processing /home/airflow/.local/lib/python3.8/site-packages/airflow/example_dags/example_branch_labels.py took 0.106 seconds
[2025-01-12T01:04:55.791+0000] {processor.py:161} INFO - Started process (PID=2624) to work on /home/airflow/.local/lib/python3.8/site-packages/airflow/example_dags/example_branch_labels.py
[2025-01-12T01:04:55.794+0000] {processor.py:830} INFO - Processing file /home/airflow/.local/lib/python3.8/site-packages/airflow/example_dags/example_branch_labels.py for tasks to queue
[2025-01-12T01:04:55.797+0000] {logging_mixin.py:188} INFO - [2025-01-12T01:04:55.796+0000] {dagbag.py:538} INFO - Filling up the DagBag from /home/airflow/.local/lib/python3.8/site-packages/airflow/example_dags/example_branch_labels.py
[2025-01-12T01:04:55.845+0000] {processor.py:840} INFO - DAG(s) 'example_branch_labels' retrieved from /home/airflow/.local/lib/python3.8/site-packages/airflow/example_dags/example_branch_labels.py
[2025-01-12T01:04:55.911+0000] {logging_mixin.py:188} INFO - [2025-01-12T01:04:55.911+0000] {dag.py:3036} INFO - Sync 1 DAGs
[2025-01-12T01:04:56.013+0000] {logging_mixin.py:188} INFO - [2025-01-12T01:04:56.012+0000] {dag.py:3823} INFO - Setting next_dagrun for example_branch_labels to 2025-01-11 00:00:00+00:00, run_after=2025-01-12 00:00:00+00:00
[2025-01-12T01:04:56.098+0000] {processor.py:183} INFO - Processing /home/airflow/.local/lib/python3.8/site-packages/airflow/example_dags/example_branch_labels.py took 0.326 seconds
[2025-01-12T01:05:26.965+0000] {processor.py:161} INFO - Started process (PID=2680) to work on /home/airflow/.local/lib/python3.8/site-packages/airflow/example_dags/example_branch_labels.py
[2025-01-12T01:05:26.967+0000] {processor.py:830} INFO - Processing file /home/airflow/.local/lib/python3.8/site-packages/airflow/example_dags/example_branch_labels.py for tasks to queue
[2025-01-12T01:05:26.969+0000] {logging_mixin.py:188} INFO - [2025-01-12T01:05:26.968+0000] {dagbag.py:538} INFO - Filling up the DagBag from /home/airflow/.local/lib/python3.8/site-packages/airflow/example_dags/example_branch_labels.py
[2025-01-12T01:05:26.983+0000] {processor.py:840} INFO - DAG(s) 'example_branch_labels' retrieved from /home/airflow/.local/lib/python3.8/site-packages/airflow/example_dags/example_branch_labels.py
[2025-01-12T01:05:27.020+0000] {logging_mixin.py:188} INFO - [2025-01-12T01:05:27.020+0000] {dag.py:3036} INFO - Sync 1 DAGs
[2025-01-12T01:05:27.067+0000] {logging_mixin.py:188} INFO - [2025-01-12T01:05:27.067+0000] {dag.py:3823} INFO - Setting next_dagrun for example_branch_labels to 2025-01-11 00:00:00+00:00, run_after=2025-01-12 00:00:00+00:00
[2025-01-12T01:05:27.100+0000] {processor.py:183} INFO - Processing /home/airflow/.local/lib/python3.8/site-packages/airflow/example_dags/example_branch_labels.py took 0.140 seconds
[2025-01-12T01:05:57.223+0000] {processor.py:161} INFO - Started process (PID=2736) to work on /home/airflow/.local/lib/python3.8/site-packages/airflow/example_dags/example_branch_labels.py
[2025-01-12T01:05:57.224+0000] {processor.py:830} INFO - Processing file /home/airflow/.local/lib/python3.8/site-packages/airflow/example_dags/example_branch_labels.py for tasks to queue
[2025-01-12T01:05:57.226+0000] {logging_mixin.py:188} INFO - [2025-01-12T01:05:57.226+0000] {dagbag.py:538} INFO - Filling up the DagBag from /home/airflow/.local/lib/python3.8/site-packages/airflow/example_dags/example_branch_labels.py
[2025-01-12T01:05:57.242+0000] {processor.py:840} INFO - DAG(s) 'example_branch_labels' retrieved from /home/airflow/.local/lib/python3.8/site-packages/airflow/example_dags/example_branch_labels.py
[2025-01-12T01:05:57.281+0000] {logging_mixin.py:188} INFO - [2025-01-12T01:05:57.281+0000] {dag.py:3036} INFO - Sync 1 DAGs
[2025-01-12T01:05:57.317+0000] {logging_mixin.py:188} INFO - [2025-01-12T01:05:57.317+0000] {dag.py:3823} INFO - Setting next_dagrun for example_branch_labels to 2025-01-11 00:00:00+00:00, run_after=2025-01-12 00:00:00+00:00
[2025-01-12T01:05:57.349+0000] {processor.py:183} INFO - Processing /home/airflow/.local/lib/python3.8/site-packages/airflow/example_dags/example_branch_labels.py took 0.131 seconds
[2025-01-12T01:06:27.800+0000] {processor.py:161} INFO - Started process (PID=2793) to work on /home/airflow/.local/lib/python3.8/site-packages/airflow/example_dags/example_branch_labels.py
[2025-01-12T01:06:27.801+0000] {processor.py:830} INFO - Processing file /home/airflow/.local/lib/python3.8/site-packages/airflow/example_dags/example_branch_labels.py for tasks to queue
[2025-01-12T01:06:27.803+0000] {logging_mixin.py:188} INFO - [2025-01-12T01:06:27.802+0000] {dagbag.py:538} INFO - Filling up the DagBag from /home/airflow/.local/lib/python3.8/site-packages/airflow/example_dags/example_branch_labels.py
[2025-01-12T01:06:27.816+0000] {processor.py:840} INFO - DAG(s) 'example_branch_labels' retrieved from /home/airflow/.local/lib/python3.8/site-packages/airflow/example_dags/example_branch_labels.py
[2025-01-12T01:06:27.848+0000] {logging_mixin.py:188} INFO - [2025-01-12T01:06:27.847+0000] {dag.py:3036} INFO - Sync 1 DAGs
[2025-01-12T01:06:27.880+0000] {logging_mixin.py:188} INFO - [2025-01-12T01:06:27.879+0000] {dag.py:3823} INFO - Setting next_dagrun for example_branch_labels to 2025-01-11 00:00:00+00:00, run_after=2025-01-12 00:00:00+00:00
[2025-01-12T01:06:27.918+0000] {processor.py:183} INFO - Processing /home/airflow/.local/lib/python3.8/site-packages/airflow/example_dags/example_branch_labels.py took 0.122 seconds
[2025-01-12T01:06:58.526+0000] {processor.py:161} INFO - Started process (PID=2849) to work on /home/airflow/.local/lib/python3.8/site-packages/airflow/example_dags/example_branch_labels.py
[2025-01-12T01:06:58.528+0000] {processor.py:830} INFO - Processing file /home/airflow/.local/lib/python3.8/site-packages/airflow/example_dags/example_branch_labels.py for tasks to queue
[2025-01-12T01:06:58.530+0000] {logging_mixin.py:188} INFO - [2025-01-12T01:06:58.529+0000] {dagbag.py:538} INFO - Filling up the DagBag from /home/airflow/.local/lib/python3.8/site-packages/airflow/example_dags/example_branch_labels.py
[2025-01-12T01:06:58.547+0000] {processor.py:840} INFO - DAG(s) 'example_branch_labels' retrieved from /home/airflow/.local/lib/python3.8/site-packages/airflow/example_dags/example_branch_labels.py
[2025-01-12T01:06:58.586+0000] {logging_mixin.py:188} INFO - [2025-01-12T01:06:58.586+0000] {dag.py:3036} INFO - Sync 1 DAGs
[2025-01-12T01:06:58.626+0000] {logging_mixin.py:188} INFO - [2025-01-12T01:06:58.626+0000] {dag.py:3823} INFO - Setting next_dagrun for example_branch_labels to 2025-01-11 00:00:00+00:00, run_after=2025-01-12 00:00:00+00:00
[2025-01-12T01:06:58.659+0000] {processor.py:183} INFO - Processing /home/airflow/.local/lib/python3.8/site-packages/airflow/example_dags/example_branch_labels.py took 0.139 seconds
[2025-01-12T01:07:29.110+0000] {processor.py:161} INFO - Started process (PID=2905) to work on /home/airflow/.local/lib/python3.8/site-packages/airflow/example_dags/example_branch_labels.py
[2025-01-12T01:07:29.112+0000] {processor.py:830} INFO - Processing file /home/airflow/.local/lib/python3.8/site-packages/airflow/example_dags/example_branch_labels.py for tasks to queue
[2025-01-12T01:07:29.114+0000] {logging_mixin.py:188} INFO - [2025-01-12T01:07:29.113+0000] {dagbag.py:538} INFO - Filling up the DagBag from /home/airflow/.local/lib/python3.8/site-packages/airflow/example_dags/example_branch_labels.py
[2025-01-12T01:07:29.126+0000] {processor.py:840} INFO - DAG(s) 'example_branch_labels' retrieved from /home/airflow/.local/lib/python3.8/site-packages/airflow/example_dags/example_branch_labels.py
[2025-01-12T01:07:29.165+0000] {logging_mixin.py:188} INFO - [2025-01-12T01:07:29.165+0000] {dag.py:3036} INFO - Sync 1 DAGs
[2025-01-12T01:07:29.202+0000] {logging_mixin.py:188} INFO - [2025-01-12T01:07:29.202+0000] {dag.py:3823} INFO - Setting next_dagrun for example_branch_labels to 2025-01-11 00:00:00+00:00, run_after=2025-01-12 00:00:00+00:00
[2025-01-12T01:07:29.238+0000] {processor.py:183} INFO - Processing /home/airflow/.local/lib/python3.8/site-packages/airflow/example_dags/example_branch_labels.py took 0.132 seconds
[2025-01-12T01:08:00.008+0000] {processor.py:161} INFO - Started process (PID=2961) to work on /home/airflow/.local/lib/python3.8/site-packages/airflow/example_dags/example_branch_labels.py
[2025-01-12T01:08:00.010+0000] {processor.py:830} INFO - Processing file /home/airflow/.local/lib/python3.8/site-packages/airflow/example_dags/example_branch_labels.py for tasks to queue
[2025-01-12T01:08:00.012+0000] {logging_mixin.py:188} INFO - [2025-01-12T01:08:00.011+0000] {dagbag.py:538} INFO - Filling up the DagBag from /home/airflow/.local/lib/python3.8/site-packages/airflow/example_dags/example_branch_labels.py
[2025-01-12T01:08:00.022+0000] {processor.py:840} INFO - DAG(s) 'example_branch_labels' retrieved from /home/airflow/.local/lib/python3.8/site-packages/airflow/example_dags/example_branch_labels.py
[2025-01-12T01:08:00.051+0000] {logging_mixin.py:188} INFO - [2025-01-12T01:08:00.050+0000] {dag.py:3036} INFO - Sync 1 DAGs
[2025-01-12T01:08:00.082+0000] {logging_mixin.py:188} INFO - [2025-01-12T01:08:00.082+0000] {dag.py:3823} INFO - Setting next_dagrun for example_branch_labels to 2025-01-11 00:00:00+00:00, run_after=2025-01-12 00:00:00+00:00
[2025-01-12T01:08:00.118+0000] {processor.py:183} INFO - Processing /home/airflow/.local/lib/python3.8/site-packages/airflow/example_dags/example_branch_labels.py took 0.116 seconds
[2025-01-12T01:08:30.279+0000] {processor.py:161} INFO - Started process (PID=3017) to work on /home/airflow/.local/lib/python3.8/site-packages/airflow/example_dags/example_branch_labels.py
[2025-01-12T01:08:30.280+0000] {processor.py:830} INFO - Processing file /home/airflow/.local/lib/python3.8/site-packages/airflow/example_dags/example_branch_labels.py for tasks to queue
[2025-01-12T01:08:30.281+0000] {logging_mixin.py:188} INFO - [2025-01-12T01:08:30.281+0000] {dagbag.py:538} INFO - Filling up the DagBag from /home/airflow/.local/lib/python3.8/site-packages/airflow/example_dags/example_branch_labels.py
[2025-01-12T01:08:30.290+0000] {processor.py:840} INFO - DAG(s) 'example_branch_labels' retrieved from /home/airflow/.local/lib/python3.8/site-packages/airflow/example_dags/example_branch_labels.py
[2025-01-12T01:08:30.320+0000] {logging_mixin.py:188} INFO - [2025-01-12T01:08:30.319+0000] {dag.py:3036} INFO - Sync 1 DAGs
[2025-01-12T01:08:30.352+0000] {logging_mixin.py:188} INFO - [2025-01-12T01:08:30.352+0000] {dag.py:3823} INFO - Setting next_dagrun for example_branch_labels to 2025-01-11 00:00:00+00:00, run_after=2025-01-12 00:00:00+00:00
[2025-01-12T01:08:30.388+0000] {processor.py:183} INFO - Processing /home/airflow/.local/lib/python3.8/site-packages/airflow/example_dags/example_branch_labels.py took 0.113 seconds
