[2025-01-12T00:41:25.523+0000] {processor.py:161} INFO - Started process (PID=64) to work on /home/airflow/.local/lib/python3.8/site-packages/airflow/example_dags/example_branch_day_of_week_operator.py
[2025-01-12T00:41:25.528+0000] {processor.py:830} INFO - Processing file /home/airflow/.local/lib/python3.8/site-packages/airflow/example_dags/example_branch_day_of_week_operator.py for tasks to queue
[2025-01-12T00:41:25.532+0000] {logging_mixin.py:188} INFO - [2025-01-12T00:41:25.532+0000] {dagbag.py:538} INFO - Filling up the DagBag from /home/airflow/.local/lib/python3.8/site-packages/airflow/example_dags/example_branch_day_of_week_operator.py
[2025-01-12T00:41:25.556+0000] {processor.py:840} INFO - DAG(s) 'example_weekday_branch_operator' retrieved from /home/airflow/.local/lib/python3.8/site-packages/airflow/example_dags/example_branch_day_of_week_operator.py
[2025-01-12T00:41:25.577+0000] {logging_mixin.py:188} INFO - [2025-01-12T00:41:25.576+0000] {dag.py:3036} INFO - Sync 1 DAGs
[2025-01-12T00:41:25.644+0000] {logging_mixin.py:188} INFO - [2025-01-12T00:41:25.643+0000] {dag.py:3823} INFO - Setting next_dagrun for example_weekday_branch_operator to 2025-01-11 00:00:00+00:00, run_after=2025-01-12 00:00:00+00:00
[2025-01-12T00:41:25.699+0000] {processor.py:183} INFO - Processing /home/airflow/.local/lib/python3.8/site-packages/airflow/example_dags/example_branch_day_of_week_operator.py took 0.183 seconds
[2025-01-12T00:41:56.372+0000] {processor.py:161} INFO - Started process (PID=119) to work on /home/airflow/.local/lib/python3.8/site-packages/airflow/example_dags/example_branch_day_of_week_operator.py
[2025-01-12T00:41:56.374+0000] {processor.py:830} INFO - Processing file /home/airflow/.local/lib/python3.8/site-packages/airflow/example_dags/example_branch_day_of_week_operator.py for tasks to queue
[2025-01-12T00:41:56.377+0000] {logging_mixin.py:188} INFO - [2025-01-12T00:41:56.377+0000] {dagbag.py:538} INFO - Filling up the DagBag from /home/airflow/.local/lib/python3.8/site-packages/airflow/example_dags/example_branch_day_of_week_operator.py
[2025-01-12T00:41:56.394+0000] {processor.py:840} INFO - DAG(s) 'example_weekday_branch_operator' retrieved from /home/airflow/.local/lib/python3.8/site-packages/airflow/example_dags/example_branch_day_of_week_operator.py
[2025-01-12T00:41:56.685+0000] {logging_mixin.py:188} INFO - [2025-01-12T00:41:56.684+0000] {dag.py:3036} INFO - Sync 1 DAGs
[2025-01-12T00:41:56.783+0000] {logging_mixin.py:188} INFO - [2025-01-12T00:41:56.782+0000] {dag.py:3823} INFO - Setting next_dagrun for example_weekday_branch_operator to 2025-01-11 00:00:00+00:00, run_after=2025-01-12 00:00:00+00:00
[2025-01-12T00:41:56.836+0000] {processor.py:183} INFO - Processing /home/airflow/.local/lib/python3.8/site-packages/airflow/example_dags/example_branch_day_of_week_operator.py took 0.469 seconds
[2025-01-12T00:42:27.031+0000] {processor.py:161} INFO - Started process (PID=175) to work on /home/airflow/.local/lib/python3.8/site-packages/airflow/example_dags/example_branch_day_of_week_operator.py
[2025-01-12T00:42:27.035+0000] {processor.py:830} INFO - Processing file /home/airflow/.local/lib/python3.8/site-packages/airflow/example_dags/example_branch_day_of_week_operator.py for tasks to queue
[2025-01-12T00:42:27.040+0000] {logging_mixin.py:188} INFO - [2025-01-12T00:42:27.039+0000] {dagbag.py:538} INFO - Filling up the DagBag from /home/airflow/.local/lib/python3.8/site-packages/airflow/example_dags/example_branch_day_of_week_operator.py
[2025-01-12T00:42:27.060+0000] {processor.py:840} INFO - DAG(s) 'example_weekday_branch_operator' retrieved from /home/airflow/.local/lib/python3.8/site-packages/airflow/example_dags/example_branch_day_of_week_operator.py
[2025-01-12T00:42:27.105+0000] {logging_mixin.py:188} INFO - [2025-01-12T00:42:27.104+0000] {dag.py:3036} INFO - Sync 1 DAGs
[2025-01-12T00:42:27.161+0000] {logging_mixin.py:188} INFO - [2025-01-12T00:42:27.159+0000] {dag.py:3823} INFO - Setting next_dagrun for example_weekday_branch_operator to 2025-01-11 00:00:00+00:00, run_after=2025-01-12 00:00:00+00:00
[2025-01-12T00:42:27.210+0000] {processor.py:183} INFO - Processing /home/airflow/.local/lib/python3.8/site-packages/airflow/example_dags/example_branch_day_of_week_operator.py took 0.189 seconds
[2025-01-12T00:42:57.623+0000] {processor.py:161} INFO - Started process (PID=231) to work on /home/airflow/.local/lib/python3.8/site-packages/airflow/example_dags/example_branch_day_of_week_operator.py
[2025-01-12T00:42:57.625+0000] {processor.py:830} INFO - Processing file /home/airflow/.local/lib/python3.8/site-packages/airflow/example_dags/example_branch_day_of_week_operator.py for tasks to queue
[2025-01-12T00:42:57.633+0000] {logging_mixin.py:188} INFO - [2025-01-12T00:42:57.631+0000] {dagbag.py:538} INFO - Filling up the DagBag from /home/airflow/.local/lib/python3.8/site-packages/airflow/example_dags/example_branch_day_of_week_operator.py
[2025-01-12T00:42:57.672+0000] {processor.py:840} INFO - DAG(s) 'example_weekday_branch_operator' retrieved from /home/airflow/.local/lib/python3.8/site-packages/airflow/example_dags/example_branch_day_of_week_operator.py
[2025-01-12T00:42:57.856+0000] {logging_mixin.py:188} INFO - [2025-01-12T00:42:57.855+0000] {dag.py:3036} INFO - Sync 1 DAGs
[2025-01-12T00:42:57.974+0000] {logging_mixin.py:188} INFO - [2025-01-12T00:42:57.973+0000] {dag.py:3823} INFO - Setting next_dagrun for example_weekday_branch_operator to 2025-01-11 00:00:00+00:00, run_after=2025-01-12 00:00:00+00:00
[2025-01-12T00:42:58.036+0000] {processor.py:183} INFO - Processing /home/airflow/.local/lib/python3.8/site-packages/airflow/example_dags/example_branch_day_of_week_operator.py took 0.422 seconds
[2025-01-12T00:43:30.985+0000] {processor.py:161} INFO - Started process (PID=294) to work on /home/airflow/.local/lib/python3.8/site-packages/airflow/example_dags/example_branch_day_of_week_operator.py
[2025-01-12T00:43:30.997+0000] {processor.py:830} INFO - Processing file /home/airflow/.local/lib/python3.8/site-packages/airflow/example_dags/example_branch_day_of_week_operator.py for tasks to queue
[2025-01-12T00:43:31.006+0000] {logging_mixin.py:188} INFO - [2025-01-12T00:43:31.005+0000] {dagbag.py:538} INFO - Filling up the DagBag from /home/airflow/.local/lib/python3.8/site-packages/airflow/example_dags/example_branch_day_of_week_operator.py
[2025-01-12T00:43:31.031+0000] {processor.py:840} INFO - DAG(s) 'example_weekday_branch_operator' retrieved from /home/airflow/.local/lib/python3.8/site-packages/airflow/example_dags/example_branch_day_of_week_operator.py
[2025-01-12T00:43:31.080+0000] {logging_mixin.py:188} INFO - [2025-01-12T00:43:31.080+0000] {dag.py:3036} INFO - Sync 1 DAGs
[2025-01-12T00:43:31.217+0000] {logging_mixin.py:188} INFO - [2025-01-12T00:43:31.217+0000] {dag.py:3823} INFO - Setting next_dagrun for example_weekday_branch_operator to 2025-01-11 00:00:00+00:00, run_after=2025-01-12 00:00:00+00:00
[2025-01-12T00:43:31.366+0000] {processor.py:183} INFO - Processing /home/airflow/.local/lib/python3.8/site-packages/airflow/example_dags/example_branch_day_of_week_operator.py took 0.400 seconds
[2025-01-12T00:44:01.605+0000] {processor.py:161} INFO - Started process (PID=350) to work on /home/airflow/.local/lib/python3.8/site-packages/airflow/example_dags/example_branch_day_of_week_operator.py
[2025-01-12T00:44:01.607+0000] {processor.py:830} INFO - Processing file /home/airflow/.local/lib/python3.8/site-packages/airflow/example_dags/example_branch_day_of_week_operator.py for tasks to queue
[2025-01-12T00:44:01.610+0000] {logging_mixin.py:188} INFO - [2025-01-12T00:44:01.609+0000] {dagbag.py:538} INFO - Filling up the DagBag from /home/airflow/.local/lib/python3.8/site-packages/airflow/example_dags/example_branch_day_of_week_operator.py
[2025-01-12T00:44:01.625+0000] {processor.py:840} INFO - DAG(s) 'example_weekday_branch_operator' retrieved from /home/airflow/.local/lib/python3.8/site-packages/airflow/example_dags/example_branch_day_of_week_operator.py
[2025-01-12T00:44:01.895+0000] {logging_mixin.py:188} INFO - [2025-01-12T00:44:01.894+0000] {dag.py:3036} INFO - Sync 1 DAGs
[2025-01-12T00:44:01.988+0000] {logging_mixin.py:188} INFO - [2025-01-12T00:44:01.988+0000] {dag.py:3823} INFO - Setting next_dagrun for example_weekday_branch_operator to 2025-01-11 00:00:00+00:00, run_after=2025-01-12 00:00:00+00:00
[2025-01-12T00:44:02.056+0000] {processor.py:183} INFO - Processing /home/airflow/.local/lib/python3.8/site-packages/airflow/example_dags/example_branch_day_of_week_operator.py took 0.460 seconds
[2025-01-12T00:44:32.541+0000] {processor.py:161} INFO - Started process (PID=406) to work on /home/airflow/.local/lib/python3.8/site-packages/airflow/example_dags/example_branch_day_of_week_operator.py
[2025-01-12T00:44:32.545+0000] {processor.py:830} INFO - Processing file /home/airflow/.local/lib/python3.8/site-packages/airflow/example_dags/example_branch_day_of_week_operator.py for tasks to queue
[2025-01-12T00:44:32.548+0000] {logging_mixin.py:188} INFO - [2025-01-12T00:44:32.548+0000] {dagbag.py:538} INFO - Filling up the DagBag from /home/airflow/.local/lib/python3.8/site-packages/airflow/example_dags/example_branch_day_of_week_operator.py
[2025-01-12T00:44:32.561+0000] {processor.py:840} INFO - DAG(s) 'example_weekday_branch_operator' retrieved from /home/airflow/.local/lib/python3.8/site-packages/airflow/example_dags/example_branch_day_of_week_operator.py
[2025-01-12T00:44:32.602+0000] {logging_mixin.py:188} INFO - [2025-01-12T00:44:32.602+0000] {dag.py:3036} INFO - Sync 1 DAGs
[2025-01-12T00:44:32.644+0000] {logging_mixin.py:188} INFO - [2025-01-12T00:44:32.644+0000] {dag.py:3823} INFO - Setting next_dagrun for example_weekday_branch_operator to 2025-01-11 00:00:00+00:00, run_after=2025-01-12 00:00:00+00:00
[2025-01-12T00:44:32.677+0000] {processor.py:183} INFO - Processing /home/airflow/.local/lib/python3.8/site-packages/airflow/example_dags/example_branch_day_of_week_operator.py took 0.142 seconds
[2025-01-12T00:45:03.285+0000] {processor.py:161} INFO - Started process (PID=462) to work on /home/airflow/.local/lib/python3.8/site-packages/airflow/example_dags/example_branch_day_of_week_operator.py
[2025-01-12T00:45:03.286+0000] {processor.py:830} INFO - Processing file /home/airflow/.local/lib/python3.8/site-packages/airflow/example_dags/example_branch_day_of_week_operator.py for tasks to queue
[2025-01-12T00:45:03.290+0000] {logging_mixin.py:188} INFO - [2025-01-12T00:45:03.289+0000] {dagbag.py:538} INFO - Filling up the DagBag from /home/airflow/.local/lib/python3.8/site-packages/airflow/example_dags/example_branch_day_of_week_operator.py
[2025-01-12T00:45:03.304+0000] {processor.py:840} INFO - DAG(s) 'example_weekday_branch_operator' retrieved from /home/airflow/.local/lib/python3.8/site-packages/airflow/example_dags/example_branch_day_of_week_operator.py
[2025-01-12T00:45:03.340+0000] {logging_mixin.py:188} INFO - [2025-01-12T00:45:03.339+0000] {dag.py:3036} INFO - Sync 1 DAGs
[2025-01-12T00:45:03.395+0000] {logging_mixin.py:188} INFO - [2025-01-12T00:45:03.395+0000] {dag.py:3823} INFO - Setting next_dagrun for example_weekday_branch_operator to 2025-01-11 00:00:00+00:00, run_after=2025-01-12 00:00:00+00:00
[2025-01-12T00:45:03.427+0000] {processor.py:183} INFO - Processing /home/airflow/.local/lib/python3.8/site-packages/airflow/example_dags/example_branch_day_of_week_operator.py took 0.148 seconds
[2025-01-12T00:45:33.701+0000] {processor.py:161} INFO - Started process (PID=519) to work on /home/airflow/.local/lib/python3.8/site-packages/airflow/example_dags/example_branch_day_of_week_operator.py
[2025-01-12T00:45:33.703+0000] {processor.py:830} INFO - Processing file /home/airflow/.local/lib/python3.8/site-packages/airflow/example_dags/example_branch_day_of_week_operator.py for tasks to queue
[2025-01-12T00:45:33.706+0000] {logging_mixin.py:188} INFO - [2025-01-12T00:45:33.706+0000] {dagbag.py:538} INFO - Filling up the DagBag from /home/airflow/.local/lib/python3.8/site-packages/airflow/example_dags/example_branch_day_of_week_operator.py
[2025-01-12T00:45:33.718+0000] {processor.py:840} INFO - DAG(s) 'example_weekday_branch_operator' retrieved from /home/airflow/.local/lib/python3.8/site-packages/airflow/example_dags/example_branch_day_of_week_operator.py
[2025-01-12T00:45:33.754+0000] {logging_mixin.py:188} INFO - [2025-01-12T00:45:33.753+0000] {dag.py:3036} INFO - Sync 1 DAGs
[2025-01-12T00:45:33.795+0000] {logging_mixin.py:188} INFO - [2025-01-12T00:45:33.794+0000] {dag.py:3823} INFO - Setting next_dagrun for example_weekday_branch_operator to 2025-01-11 00:00:00+00:00, run_after=2025-01-12 00:00:00+00:00
[2025-01-12T00:45:33.826+0000] {processor.py:183} INFO - Processing /home/airflow/.local/lib/python3.8/site-packages/airflow/example_dags/example_branch_day_of_week_operator.py took 0.129 seconds
[2025-01-12T00:46:03.970+0000] {processor.py:161} INFO - Started process (PID=575) to work on /home/airflow/.local/lib/python3.8/site-packages/airflow/example_dags/example_branch_day_of_week_operator.py
[2025-01-12T00:46:03.972+0000] {processor.py:830} INFO - Processing file /home/airflow/.local/lib/python3.8/site-packages/airflow/example_dags/example_branch_day_of_week_operator.py for tasks to queue
[2025-01-12T00:46:03.975+0000] {logging_mixin.py:188} INFO - [2025-01-12T00:46:03.974+0000] {dagbag.py:538} INFO - Filling up the DagBag from /home/airflow/.local/lib/python3.8/site-packages/airflow/example_dags/example_branch_day_of_week_operator.py
[2025-01-12T00:46:03.985+0000] {processor.py:840} INFO - DAG(s) 'example_weekday_branch_operator' retrieved from /home/airflow/.local/lib/python3.8/site-packages/airflow/example_dags/example_branch_day_of_week_operator.py
[2025-01-12T00:46:04.017+0000] {logging_mixin.py:188} INFO - [2025-01-12T00:46:04.017+0000] {dag.py:3036} INFO - Sync 1 DAGs
[2025-01-12T00:46:04.062+0000] {logging_mixin.py:188} INFO - [2025-01-12T00:46:04.062+0000] {dag.py:3823} INFO - Setting next_dagrun for example_weekday_branch_operator to 2025-01-11 00:00:00+00:00, run_after=2025-01-12 00:00:00+00:00
[2025-01-12T00:46:04.094+0000] {processor.py:183} INFO - Processing /home/airflow/.local/lib/python3.8/site-packages/airflow/example_dags/example_branch_day_of_week_operator.py took 0.128 seconds
[2025-01-12T00:46:34.799+0000] {processor.py:161} INFO - Started process (PID=631) to work on /home/airflow/.local/lib/python3.8/site-packages/airflow/example_dags/example_branch_day_of_week_operator.py
[2025-01-12T00:46:34.800+0000] {processor.py:830} INFO - Processing file /home/airflow/.local/lib/python3.8/site-packages/airflow/example_dags/example_branch_day_of_week_operator.py for tasks to queue
[2025-01-12T00:46:34.803+0000] {logging_mixin.py:188} INFO - [2025-01-12T00:46:34.803+0000] {dagbag.py:538} INFO - Filling up the DagBag from /home/airflow/.local/lib/python3.8/site-packages/airflow/example_dags/example_branch_day_of_week_operator.py
[2025-01-12T00:46:34.815+0000] {processor.py:840} INFO - DAG(s) 'example_weekday_branch_operator' retrieved from /home/airflow/.local/lib/python3.8/site-packages/airflow/example_dags/example_branch_day_of_week_operator.py
[2025-01-12T00:46:34.854+0000] {logging_mixin.py:188} INFO - [2025-01-12T00:46:34.854+0000] {dag.py:3036} INFO - Sync 1 DAGs
[2025-01-12T00:46:34.921+0000] {logging_mixin.py:188} INFO - [2025-01-12T00:46:34.920+0000] {dag.py:3823} INFO - Setting next_dagrun for example_weekday_branch_operator to 2025-01-11 00:00:00+00:00, run_after=2025-01-12 00:00:00+00:00
[2025-01-12T00:46:34.954+0000] {processor.py:183} INFO - Processing /home/airflow/.local/lib/python3.8/site-packages/airflow/example_dags/example_branch_day_of_week_operator.py took 0.159 seconds
[2025-01-12T00:47:06.035+0000] {processor.py:161} INFO - Started process (PID=688) to work on /home/airflow/.local/lib/python3.8/site-packages/airflow/example_dags/example_branch_day_of_week_operator.py
[2025-01-12T00:47:06.046+0000] {processor.py:830} INFO - Processing file /home/airflow/.local/lib/python3.8/site-packages/airflow/example_dags/example_branch_day_of_week_operator.py for tasks to queue
[2025-01-12T00:47:06.052+0000] {logging_mixin.py:188} INFO - [2025-01-12T00:47:06.051+0000] {dagbag.py:538} INFO - Filling up the DagBag from /home/airflow/.local/lib/python3.8/site-packages/airflow/example_dags/example_branch_day_of_week_operator.py
[2025-01-12T00:47:06.101+0000] {processor.py:840} INFO - DAG(s) 'example_weekday_branch_operator' retrieved from /home/airflow/.local/lib/python3.8/site-packages/airflow/example_dags/example_branch_day_of_week_operator.py
[2025-01-12T00:47:06.207+0000] {logging_mixin.py:188} INFO - [2025-01-12T00:47:06.206+0000] {dag.py:3036} INFO - Sync 1 DAGs
[2025-01-12T00:47:06.395+0000] {logging_mixin.py:188} INFO - [2025-01-12T00:47:06.395+0000] {dag.py:3823} INFO - Setting next_dagrun for example_weekday_branch_operator to 2025-01-11 00:00:00+00:00, run_after=2025-01-12 00:00:00+00:00
[2025-01-12T00:47:06.504+0000] {processor.py:183} INFO - Processing /home/airflow/.local/lib/python3.8/site-packages/airflow/example_dags/example_branch_day_of_week_operator.py took 0.496 seconds
[2025-01-12T00:47:36.871+0000] {processor.py:161} INFO - Started process (PID=744) to work on /home/airflow/.local/lib/python3.8/site-packages/airflow/example_dags/example_branch_day_of_week_operator.py
[2025-01-12T00:47:36.878+0000] {processor.py:830} INFO - Processing file /home/airflow/.local/lib/python3.8/site-packages/airflow/example_dags/example_branch_day_of_week_operator.py for tasks to queue
[2025-01-12T00:47:36.892+0000] {logging_mixin.py:188} INFO - [2025-01-12T00:47:36.891+0000] {dagbag.py:538} INFO - Filling up the DagBag from /home/airflow/.local/lib/python3.8/site-packages/airflow/example_dags/example_branch_day_of_week_operator.py
[2025-01-12T00:47:36.951+0000] {processor.py:840} INFO - DAG(s) 'example_weekday_branch_operator' retrieved from /home/airflow/.local/lib/python3.8/site-packages/airflow/example_dags/example_branch_day_of_week_operator.py
[2025-01-12T00:47:37.116+0000] {logging_mixin.py:188} INFO - [2025-01-12T00:47:37.116+0000] {dag.py:3036} INFO - Sync 1 DAGs
[2025-01-12T00:47:37.216+0000] {logging_mixin.py:188} INFO - [2025-01-12T00:47:37.216+0000] {dag.py:3823} INFO - Setting next_dagrun for example_weekday_branch_operator to 2025-01-11 00:00:00+00:00, run_after=2025-01-12 00:00:00+00:00
[2025-01-12T00:47:37.275+0000] {processor.py:183} INFO - Processing /home/airflow/.local/lib/python3.8/site-packages/airflow/example_dags/example_branch_day_of_week_operator.py took 0.423 seconds
[2025-01-12T00:48:07.771+0000] {processor.py:161} INFO - Started process (PID=800) to work on /home/airflow/.local/lib/python3.8/site-packages/airflow/example_dags/example_branch_day_of_week_operator.py
[2025-01-12T00:48:07.773+0000] {processor.py:830} INFO - Processing file /home/airflow/.local/lib/python3.8/site-packages/airflow/example_dags/example_branch_day_of_week_operator.py for tasks to queue
[2025-01-12T00:48:07.777+0000] {logging_mixin.py:188} INFO - [2025-01-12T00:48:07.777+0000] {dagbag.py:538} INFO - Filling up the DagBag from /home/airflow/.local/lib/python3.8/site-packages/airflow/example_dags/example_branch_day_of_week_operator.py
[2025-01-12T00:48:07.796+0000] {processor.py:840} INFO - DAG(s) 'example_weekday_branch_operator' retrieved from /home/airflow/.local/lib/python3.8/site-packages/airflow/example_dags/example_branch_day_of_week_operator.py
[2025-01-12T00:48:07.853+0000] {logging_mixin.py:188} INFO - [2025-01-12T00:48:07.852+0000] {dag.py:3036} INFO - Sync 1 DAGs
[2025-01-12T00:48:07.907+0000] {logging_mixin.py:188} INFO - [2025-01-12T00:48:07.907+0000] {dag.py:3823} INFO - Setting next_dagrun for example_weekday_branch_operator to 2025-01-11 00:00:00+00:00, run_after=2025-01-12 00:00:00+00:00
[2025-01-12T00:48:07.955+0000] {processor.py:183} INFO - Processing /home/airflow/.local/lib/python3.8/site-packages/airflow/example_dags/example_branch_day_of_week_operator.py took 0.191 seconds
[2025-01-12T00:48:39.604+0000] {processor.py:161} INFO - Started process (PID=856) to work on /home/airflow/.local/lib/python3.8/site-packages/airflow/example_dags/example_branch_day_of_week_operator.py
[2025-01-12T00:48:39.676+0000] {processor.py:830} INFO - Processing file /home/airflow/.local/lib/python3.8/site-packages/airflow/example_dags/example_branch_day_of_week_operator.py for tasks to queue
[2025-01-12T00:48:39.771+0000] {logging_mixin.py:188} INFO - [2025-01-12T00:48:39.770+0000] {dagbag.py:538} INFO - Filling up the DagBag from /home/airflow/.local/lib/python3.8/site-packages/airflow/example_dags/example_branch_day_of_week_operator.py
[2025-01-12T00:48:39.872+0000] {processor.py:840} INFO - DAG(s) 'example_weekday_branch_operator' retrieved from /home/airflow/.local/lib/python3.8/site-packages/airflow/example_dags/example_branch_day_of_week_operator.py
[2025-01-12T00:48:40.016+0000] {logging_mixin.py:188} INFO - [2025-01-12T00:48:40.015+0000] {dag.py:3036} INFO - Sync 1 DAGs
[2025-01-12T00:48:40.160+0000] {logging_mixin.py:188} INFO - [2025-01-12T00:48:40.159+0000] {dag.py:3823} INFO - Setting next_dagrun for example_weekday_branch_operator to 2025-01-11 00:00:00+00:00, run_after=2025-01-12 00:00:00+00:00
[2025-01-12T00:48:40.279+0000] {processor.py:183} INFO - Processing /home/airflow/.local/lib/python3.8/site-packages/airflow/example_dags/example_branch_day_of_week_operator.py took 0.706 seconds
[2025-01-12T00:49:11.076+0000] {processor.py:161} INFO - Started process (PID=910) to work on /home/airflow/.local/lib/python3.8/site-packages/airflow/example_dags/example_branch_day_of_week_operator.py
[2025-01-12T00:49:11.081+0000] {processor.py:830} INFO - Processing file /home/airflow/.local/lib/python3.8/site-packages/airflow/example_dags/example_branch_day_of_week_operator.py for tasks to queue
[2025-01-12T00:49:11.086+0000] {logging_mixin.py:188} INFO - [2025-01-12T00:49:11.085+0000] {dagbag.py:538} INFO - Filling up the DagBag from /home/airflow/.local/lib/python3.8/site-packages/airflow/example_dags/example_branch_day_of_week_operator.py
[2025-01-12T00:49:11.126+0000] {processor.py:840} INFO - DAG(s) 'example_weekday_branch_operator' retrieved from /home/airflow/.local/lib/python3.8/site-packages/airflow/example_dags/example_branch_day_of_week_operator.py
[2025-01-12T00:49:11.259+0000] {logging_mixin.py:188} INFO - [2025-01-12T00:49:11.259+0000] {dag.py:3036} INFO - Sync 1 DAGs
[2025-01-12T00:49:11.433+0000] {logging_mixin.py:188} INFO - [2025-01-12T00:49:11.420+0000] {dag.py:3823} INFO - Setting next_dagrun for example_weekday_branch_operator to 2025-01-11 00:00:00+00:00, run_after=2025-01-12 00:00:00+00:00
[2025-01-12T00:49:11.571+0000] {processor.py:183} INFO - Processing /home/airflow/.local/lib/python3.8/site-packages/airflow/example_dags/example_branch_day_of_week_operator.py took 0.509 seconds
[2025-01-12T00:49:42.405+0000] {processor.py:161} INFO - Started process (PID=966) to work on /home/airflow/.local/lib/python3.8/site-packages/airflow/example_dags/example_branch_day_of_week_operator.py
[2025-01-12T00:49:42.407+0000] {processor.py:830} INFO - Processing file /home/airflow/.local/lib/python3.8/site-packages/airflow/example_dags/example_branch_day_of_week_operator.py for tasks to queue
[2025-01-12T00:49:42.411+0000] {logging_mixin.py:188} INFO - [2025-01-12T00:49:42.410+0000] {dagbag.py:538} INFO - Filling up the DagBag from /home/airflow/.local/lib/python3.8/site-packages/airflow/example_dags/example_branch_day_of_week_operator.py
[2025-01-12T00:49:42.430+0000] {processor.py:840} INFO - DAG(s) 'example_weekday_branch_operator' retrieved from /home/airflow/.local/lib/python3.8/site-packages/airflow/example_dags/example_branch_day_of_week_operator.py
[2025-01-12T00:49:42.472+0000] {logging_mixin.py:188} INFO - [2025-01-12T00:49:42.472+0000] {dag.py:3036} INFO - Sync 1 DAGs
[2025-01-12T00:49:42.543+0000] {logging_mixin.py:188} INFO - [2025-01-12T00:49:42.543+0000] {dag.py:3823} INFO - Setting next_dagrun for example_weekday_branch_operator to 2025-01-11 00:00:00+00:00, run_after=2025-01-12 00:00:00+00:00
[2025-01-12T00:49:42.605+0000] {processor.py:183} INFO - Processing /home/airflow/.local/lib/python3.8/site-packages/airflow/example_dags/example_branch_day_of_week_operator.py took 0.209 seconds
[2025-01-12T00:50:16.016+0000] {processor.py:161} INFO - Started process (PID=1022) to work on /home/airflow/.local/lib/python3.8/site-packages/airflow/example_dags/example_branch_day_of_week_operator.py
[2025-01-12T00:50:16.039+0000] {processor.py:830} INFO - Processing file /home/airflow/.local/lib/python3.8/site-packages/airflow/example_dags/example_branch_day_of_week_operator.py for tasks to queue
[2025-01-12T00:50:16.056+0000] {logging_mixin.py:188} INFO - [2025-01-12T00:50:16.055+0000] {dagbag.py:538} INFO - Filling up the DagBag from /home/airflow/.local/lib/python3.8/site-packages/airflow/example_dags/example_branch_day_of_week_operator.py
[2025-01-12T00:50:16.152+0000] {processor.py:840} INFO - DAG(s) 'example_weekday_branch_operator' retrieved from /home/airflow/.local/lib/python3.8/site-packages/airflow/example_dags/example_branch_day_of_week_operator.py
[2025-01-12T00:50:16.345+0000] {logging_mixin.py:188} INFO - [2025-01-12T00:50:16.345+0000] {dag.py:3036} INFO - Sync 1 DAGs
[2025-01-12T00:50:16.524+0000] {logging_mixin.py:188} INFO - [2025-01-12T00:50:16.523+0000] {dag.py:3823} INFO - Setting next_dagrun for example_weekday_branch_operator to 2025-01-11 00:00:00+00:00, run_after=2025-01-12 00:00:00+00:00
[2025-01-12T00:50:16.892+0000] {processor.py:183} INFO - Processing /home/airflow/.local/lib/python3.8/site-packages/airflow/example_dags/example_branch_day_of_week_operator.py took 0.885 seconds
[2025-01-12T00:50:47.607+0000] {processor.py:161} INFO - Started process (PID=1079) to work on /home/airflow/.local/lib/python3.8/site-packages/airflow/example_dags/example_branch_day_of_week_operator.py
[2025-01-12T00:50:47.610+0000] {processor.py:830} INFO - Processing file /home/airflow/.local/lib/python3.8/site-packages/airflow/example_dags/example_branch_day_of_week_operator.py for tasks to queue
[2025-01-12T00:50:47.629+0000] {logging_mixin.py:188} INFO - [2025-01-12T00:50:47.617+0000] {dagbag.py:538} INFO - Filling up the DagBag from /home/airflow/.local/lib/python3.8/site-packages/airflow/example_dags/example_branch_day_of_week_operator.py
[2025-01-12T00:50:47.794+0000] {processor.py:840} INFO - DAG(s) 'example_weekday_branch_operator' retrieved from /home/airflow/.local/lib/python3.8/site-packages/airflow/example_dags/example_branch_day_of_week_operator.py
[2025-01-12T00:50:48.303+0000] {logging_mixin.py:188} INFO - [2025-01-12T00:50:48.302+0000] {dag.py:3036} INFO - Sync 1 DAGs
[2025-01-12T00:50:48.666+0000] {logging_mixin.py:188} INFO - [2025-01-12T00:50:48.666+0000] {dag.py:3823} INFO - Setting next_dagrun for example_weekday_branch_operator to 2025-01-11 00:00:00+00:00, run_after=2025-01-12 00:00:00+00:00
[2025-01-12T00:50:48.943+0000] {processor.py:183} INFO - Processing /home/airflow/.local/lib/python3.8/site-packages/airflow/example_dags/example_branch_day_of_week_operator.py took 1.377 seconds
[2025-01-12T00:51:19.863+0000] {processor.py:161} INFO - Started process (PID=1135) to work on /home/airflow/.local/lib/python3.8/site-packages/airflow/example_dags/example_branch_day_of_week_operator.py
[2025-01-12T00:51:19.876+0000] {processor.py:830} INFO - Processing file /home/airflow/.local/lib/python3.8/site-packages/airflow/example_dags/example_branch_day_of_week_operator.py for tasks to queue
[2025-01-12T00:51:19.893+0000] {logging_mixin.py:188} INFO - [2025-01-12T00:51:19.881+0000] {dagbag.py:538} INFO - Filling up the DagBag from /home/airflow/.local/lib/python3.8/site-packages/airflow/example_dags/example_branch_day_of_week_operator.py
[2025-01-12T00:51:19.958+0000] {processor.py:840} INFO - DAG(s) 'example_weekday_branch_operator' retrieved from /home/airflow/.local/lib/python3.8/site-packages/airflow/example_dags/example_branch_day_of_week_operator.py
[2025-01-12T00:51:20.125+0000] {logging_mixin.py:188} INFO - [2025-01-12T00:51:20.124+0000] {dag.py:3036} INFO - Sync 1 DAGs
[2025-01-12T00:51:20.349+0000] {logging_mixin.py:188} INFO - [2025-01-12T00:51:20.348+0000] {dag.py:3823} INFO - Setting next_dagrun for example_weekday_branch_operator to 2025-01-11 00:00:00+00:00, run_after=2025-01-12 00:00:00+00:00
[2025-01-12T00:51:20.512+0000] {processor.py:183} INFO - Processing /home/airflow/.local/lib/python3.8/site-packages/airflow/example_dags/example_branch_day_of_week_operator.py took 0.681 seconds
[2025-01-12T00:51:50.837+0000] {processor.py:161} INFO - Started process (PID=1192) to work on /home/airflow/.local/lib/python3.8/site-packages/airflow/example_dags/example_branch_day_of_week_operator.py
[2025-01-12T00:51:50.848+0000] {processor.py:830} INFO - Processing file /home/airflow/.local/lib/python3.8/site-packages/airflow/example_dags/example_branch_day_of_week_operator.py for tasks to queue
[2025-01-12T00:51:50.853+0000] {logging_mixin.py:188} INFO - [2025-01-12T00:51:50.852+0000] {dagbag.py:538} INFO - Filling up the DagBag from /home/airflow/.local/lib/python3.8/site-packages/airflow/example_dags/example_branch_day_of_week_operator.py
[2025-01-12T00:51:50.892+0000] {processor.py:840} INFO - DAG(s) 'example_weekday_branch_operator' retrieved from /home/airflow/.local/lib/python3.8/site-packages/airflow/example_dags/example_branch_day_of_week_operator.py
[2025-01-12T00:51:50.998+0000] {logging_mixin.py:188} INFO - [2025-01-12T00:51:50.992+0000] {dag.py:3036} INFO - Sync 1 DAGs
[2025-01-12T00:51:51.139+0000] {logging_mixin.py:188} INFO - [2025-01-12T00:51:51.135+0000] {dag.py:3823} INFO - Setting next_dagrun for example_weekday_branch_operator to 2025-01-11 00:00:00+00:00, run_after=2025-01-12 00:00:00+00:00
[2025-01-12T00:51:51.234+0000] {processor.py:183} INFO - Processing /home/airflow/.local/lib/python3.8/site-packages/airflow/example_dags/example_branch_day_of_week_operator.py took 0.412 seconds
[2025-01-12T00:52:21.868+0000] {processor.py:161} INFO - Started process (PID=1248) to work on /home/airflow/.local/lib/python3.8/site-packages/airflow/example_dags/example_branch_day_of_week_operator.py
[2025-01-12T00:52:21.870+0000] {processor.py:830} INFO - Processing file /home/airflow/.local/lib/python3.8/site-packages/airflow/example_dags/example_branch_day_of_week_operator.py for tasks to queue
[2025-01-12T00:52:21.872+0000] {logging_mixin.py:188} INFO - [2025-01-12T00:52:21.872+0000] {dagbag.py:538} INFO - Filling up the DagBag from /home/airflow/.local/lib/python3.8/site-packages/airflow/example_dags/example_branch_day_of_week_operator.py
[2025-01-12T00:52:21.882+0000] {processor.py:840} INFO - DAG(s) 'example_weekday_branch_operator' retrieved from /home/airflow/.local/lib/python3.8/site-packages/airflow/example_dags/example_branch_day_of_week_operator.py
[2025-01-12T00:52:21.911+0000] {logging_mixin.py:188} INFO - [2025-01-12T00:52:21.911+0000] {dag.py:3036} INFO - Sync 1 DAGs
[2025-01-12T00:52:21.955+0000] {logging_mixin.py:188} INFO - [2025-01-12T00:52:21.955+0000] {dag.py:3823} INFO - Setting next_dagrun for example_weekday_branch_operator to 2025-01-11 00:00:00+00:00, run_after=2025-01-12 00:00:00+00:00
[2025-01-12T00:52:21.995+0000] {processor.py:183} INFO - Processing /home/airflow/.local/lib/python3.8/site-packages/airflow/example_dags/example_branch_day_of_week_operator.py took 0.132 seconds
[2025-01-12T00:52:52.814+0000] {processor.py:161} INFO - Started process (PID=1303) to work on /home/airflow/.local/lib/python3.8/site-packages/airflow/example_dags/example_branch_day_of_week_operator.py
[2025-01-12T00:52:52.817+0000] {processor.py:830} INFO - Processing file /home/airflow/.local/lib/python3.8/site-packages/airflow/example_dags/example_branch_day_of_week_operator.py for tasks to queue
[2025-01-12T00:52:52.821+0000] {logging_mixin.py:188} INFO - [2025-01-12T00:52:52.820+0000] {dagbag.py:538} INFO - Filling up the DagBag from /home/airflow/.local/lib/python3.8/site-packages/airflow/example_dags/example_branch_day_of_week_operator.py
[2025-01-12T00:52:52.847+0000] {processor.py:840} INFO - DAG(s) 'example_weekday_branch_operator' retrieved from /home/airflow/.local/lib/python3.8/site-packages/airflow/example_dags/example_branch_day_of_week_operator.py
[2025-01-12T00:52:52.930+0000] {logging_mixin.py:188} INFO - [2025-01-12T00:52:52.929+0000] {dag.py:3036} INFO - Sync 1 DAGs
[2025-01-12T00:52:53.017+0000] {logging_mixin.py:188} INFO - [2025-01-12T00:52:53.016+0000] {dag.py:3823} INFO - Setting next_dagrun for example_weekday_branch_operator to 2025-01-11 00:00:00+00:00, run_after=2025-01-12 00:00:00+00:00
[2025-01-12T00:52:53.071+0000] {processor.py:183} INFO - Processing /home/airflow/.local/lib/python3.8/site-packages/airflow/example_dags/example_branch_day_of_week_operator.py took 0.266 seconds
[2025-01-12T00:53:24.015+0000] {processor.py:161} INFO - Started process (PID=1359) to work on /home/airflow/.local/lib/python3.8/site-packages/airflow/example_dags/example_branch_day_of_week_operator.py
[2025-01-12T00:53:24.018+0000] {processor.py:830} INFO - Processing file /home/airflow/.local/lib/python3.8/site-packages/airflow/example_dags/example_branch_day_of_week_operator.py for tasks to queue
[2025-01-12T00:53:24.022+0000] {logging_mixin.py:188} INFO - [2025-01-12T00:53:24.021+0000] {dagbag.py:538} INFO - Filling up the DagBag from /home/airflow/.local/lib/python3.8/site-packages/airflow/example_dags/example_branch_day_of_week_operator.py
[2025-01-12T00:53:24.175+0000] {processor.py:840} INFO - DAG(s) 'example_weekday_branch_operator' retrieved from /home/airflow/.local/lib/python3.8/site-packages/airflow/example_dags/example_branch_day_of_week_operator.py
[2025-01-12T00:53:24.336+0000] {logging_mixin.py:188} INFO - [2025-01-12T00:53:24.335+0000] {dag.py:3036} INFO - Sync 1 DAGs
[2025-01-12T00:53:24.426+0000] {logging_mixin.py:188} INFO - [2025-01-12T00:53:24.426+0000] {dag.py:3823} INFO - Setting next_dagrun for example_weekday_branch_operator to 2025-01-11 00:00:00+00:00, run_after=2025-01-12 00:00:00+00:00
[2025-01-12T00:53:24.482+0000] {processor.py:183} INFO - Processing /home/airflow/.local/lib/python3.8/site-packages/airflow/example_dags/example_branch_day_of_week_operator.py took 0.486 seconds
[2025-01-12T00:53:54.661+0000] {processor.py:161} INFO - Started process (PID=1418) to work on /home/airflow/.local/lib/python3.8/site-packages/airflow/example_dags/example_branch_day_of_week_operator.py
[2025-01-12T00:53:54.664+0000] {processor.py:830} INFO - Processing file /home/airflow/.local/lib/python3.8/site-packages/airflow/example_dags/example_branch_day_of_week_operator.py for tasks to queue
[2025-01-12T00:53:54.675+0000] {logging_mixin.py:188} INFO - [2025-01-12T00:53:54.666+0000] {dagbag.py:538} INFO - Filling up the DagBag from /home/airflow/.local/lib/python3.8/site-packages/airflow/example_dags/example_branch_day_of_week_operator.py
[2025-01-12T00:53:54.723+0000] {processor.py:840} INFO - DAG(s) 'example_weekday_branch_operator' retrieved from /home/airflow/.local/lib/python3.8/site-packages/airflow/example_dags/example_branch_day_of_week_operator.py
[2025-01-12T00:53:54.816+0000] {logging_mixin.py:188} INFO - [2025-01-12T00:53:54.815+0000] {dag.py:3036} INFO - Sync 1 DAGs
[2025-01-12T00:53:54.911+0000] {logging_mixin.py:188} INFO - [2025-01-12T00:53:54.910+0000] {dag.py:3823} INFO - Setting next_dagrun for example_weekday_branch_operator to 2025-01-11 00:00:00+00:00, run_after=2025-01-12 00:00:00+00:00
[2025-01-12T00:53:54.976+0000] {processor.py:183} INFO - Processing /home/airflow/.local/lib/python3.8/site-packages/airflow/example_dags/example_branch_day_of_week_operator.py took 0.333 seconds
[2025-01-12T00:54:25.428+0000] {processor.py:161} INFO - Started process (PID=1474) to work on /home/airflow/.local/lib/python3.8/site-packages/airflow/example_dags/example_branch_day_of_week_operator.py
[2025-01-12T00:54:25.431+0000] {processor.py:830} INFO - Processing file /home/airflow/.local/lib/python3.8/site-packages/airflow/example_dags/example_branch_day_of_week_operator.py for tasks to queue
[2025-01-12T00:54:25.434+0000] {logging_mixin.py:188} INFO - [2025-01-12T00:54:25.433+0000] {dagbag.py:538} INFO - Filling up the DagBag from /home/airflow/.local/lib/python3.8/site-packages/airflow/example_dags/example_branch_day_of_week_operator.py
[2025-01-12T00:54:25.451+0000] {processor.py:840} INFO - DAG(s) 'example_weekday_branch_operator' retrieved from /home/airflow/.local/lib/python3.8/site-packages/airflow/example_dags/example_branch_day_of_week_operator.py
[2025-01-12T00:54:25.494+0000] {logging_mixin.py:188} INFO - [2025-01-12T00:54:25.494+0000] {dag.py:3036} INFO - Sync 1 DAGs
[2025-01-12T00:54:25.543+0000] {logging_mixin.py:188} INFO - [2025-01-12T00:54:25.542+0000] {dag.py:3823} INFO - Setting next_dagrun for example_weekday_branch_operator to 2025-01-11 00:00:00+00:00, run_after=2025-01-12 00:00:00+00:00
[2025-01-12T00:54:25.604+0000] {processor.py:183} INFO - Processing /home/airflow/.local/lib/python3.8/site-packages/airflow/example_dags/example_branch_day_of_week_operator.py took 0.182 seconds
[2025-01-12T00:54:56.519+0000] {processor.py:161} INFO - Started process (PID=1530) to work on /home/airflow/.local/lib/python3.8/site-packages/airflow/example_dags/example_branch_day_of_week_operator.py
[2025-01-12T00:54:56.521+0000] {processor.py:830} INFO - Processing file /home/airflow/.local/lib/python3.8/site-packages/airflow/example_dags/example_branch_day_of_week_operator.py for tasks to queue
[2025-01-12T00:54:56.525+0000] {logging_mixin.py:188} INFO - [2025-01-12T00:54:56.524+0000] {dagbag.py:538} INFO - Filling up the DagBag from /home/airflow/.local/lib/python3.8/site-packages/airflow/example_dags/example_branch_day_of_week_operator.py
[2025-01-12T00:54:56.550+0000] {processor.py:840} INFO - DAG(s) 'example_weekday_branch_operator' retrieved from /home/airflow/.local/lib/python3.8/site-packages/airflow/example_dags/example_branch_day_of_week_operator.py
[2025-01-12T00:54:56.622+0000] {logging_mixin.py:188} INFO - [2025-01-12T00:54:56.622+0000] {dag.py:3036} INFO - Sync 1 DAGs
[2025-01-12T00:54:56.704+0000] {logging_mixin.py:188} INFO - [2025-01-12T00:54:56.703+0000] {dag.py:3823} INFO - Setting next_dagrun for example_weekday_branch_operator to 2025-01-11 00:00:00+00:00, run_after=2025-01-12 00:00:00+00:00
[2025-01-12T00:54:56.781+0000] {processor.py:183} INFO - Processing /home/airflow/.local/lib/python3.8/site-packages/airflow/example_dags/example_branch_day_of_week_operator.py took 0.269 seconds
[2025-01-12T00:55:27.670+0000] {processor.py:161} INFO - Started process (PID=1586) to work on /home/airflow/.local/lib/python3.8/site-packages/airflow/example_dags/example_branch_day_of_week_operator.py
[2025-01-12T00:55:27.677+0000] {processor.py:830} INFO - Processing file /home/airflow/.local/lib/python3.8/site-packages/airflow/example_dags/example_branch_day_of_week_operator.py for tasks to queue
[2025-01-12T00:55:27.689+0000] {logging_mixin.py:188} INFO - [2025-01-12T00:55:27.688+0000] {dagbag.py:538} INFO - Filling up the DagBag from /home/airflow/.local/lib/python3.8/site-packages/airflow/example_dags/example_branch_day_of_week_operator.py
[2025-01-12T00:55:27.745+0000] {processor.py:840} INFO - DAG(s) 'example_weekday_branch_operator' retrieved from /home/airflow/.local/lib/python3.8/site-packages/airflow/example_dags/example_branch_day_of_week_operator.py
[2025-01-12T00:55:27.864+0000] {logging_mixin.py:188} INFO - [2025-01-12T00:55:27.864+0000] {dag.py:3036} INFO - Sync 1 DAGs
[2025-01-12T00:55:27.992+0000] {logging_mixin.py:188} INFO - [2025-01-12T00:55:27.991+0000] {dag.py:3823} INFO - Setting next_dagrun for example_weekday_branch_operator to 2025-01-11 00:00:00+00:00, run_after=2025-01-12 00:00:00+00:00
[2025-01-12T00:55:28.091+0000] {processor.py:183} INFO - Processing /home/airflow/.local/lib/python3.8/site-packages/airflow/example_dags/example_branch_day_of_week_operator.py took 0.435 seconds
[2025-01-12T00:55:58.862+0000] {processor.py:161} INFO - Started process (PID=1642) to work on /home/airflow/.local/lib/python3.8/site-packages/airflow/example_dags/example_branch_day_of_week_operator.py
[2025-01-12T00:55:58.872+0000] {processor.py:830} INFO - Processing file /home/airflow/.local/lib/python3.8/site-packages/airflow/example_dags/example_branch_day_of_week_operator.py for tasks to queue
[2025-01-12T00:55:58.879+0000] {logging_mixin.py:188} INFO - [2025-01-12T00:55:58.878+0000] {dagbag.py:538} INFO - Filling up the DagBag from /home/airflow/.local/lib/python3.8/site-packages/airflow/example_dags/example_branch_day_of_week_operator.py
[2025-01-12T00:55:58.925+0000] {processor.py:840} INFO - DAG(s) 'example_weekday_branch_operator' retrieved from /home/airflow/.local/lib/python3.8/site-packages/airflow/example_dags/example_branch_day_of_week_operator.py
[2025-01-12T00:55:59.052+0000] {logging_mixin.py:188} INFO - [2025-01-12T00:55:59.051+0000] {dag.py:3036} INFO - Sync 1 DAGs
[2025-01-12T00:55:59.195+0000] {logging_mixin.py:188} INFO - [2025-01-12T00:55:59.194+0000] {dag.py:3823} INFO - Setting next_dagrun for example_weekday_branch_operator to 2025-01-11 00:00:00+00:00, run_after=2025-01-12 00:00:00+00:00
[2025-01-12T00:55:59.332+0000] {processor.py:183} INFO - Processing /home/airflow/.local/lib/python3.8/site-packages/airflow/example_dags/example_branch_day_of_week_operator.py took 0.480 seconds
[2025-01-12T00:56:29.709+0000] {processor.py:161} INFO - Started process (PID=1697) to work on /home/airflow/.local/lib/python3.8/site-packages/airflow/example_dags/example_branch_day_of_week_operator.py
[2025-01-12T00:56:29.712+0000] {processor.py:830} INFO - Processing file /home/airflow/.local/lib/python3.8/site-packages/airflow/example_dags/example_branch_day_of_week_operator.py for tasks to queue
[2025-01-12T00:56:29.723+0000] {logging_mixin.py:188} INFO - [2025-01-12T00:56:29.720+0000] {dagbag.py:538} INFO - Filling up the DagBag from /home/airflow/.local/lib/python3.8/site-packages/airflow/example_dags/example_branch_day_of_week_operator.py
[2025-01-12T00:56:29.758+0000] {processor.py:840} INFO - DAG(s) 'example_weekday_branch_operator' retrieved from /home/airflow/.local/lib/python3.8/site-packages/airflow/example_dags/example_branch_day_of_week_operator.py
[2025-01-12T00:56:29.813+0000] {logging_mixin.py:188} INFO - [2025-01-12T00:56:29.813+0000] {dag.py:3036} INFO - Sync 1 DAGs
[2025-01-12T00:56:29.901+0000] {logging_mixin.py:188} INFO - [2025-01-12T00:56:29.900+0000] {dag.py:3823} INFO - Setting next_dagrun for example_weekday_branch_operator to 2025-01-11 00:00:00+00:00, run_after=2025-01-12 00:00:00+00:00
[2025-01-12T00:56:29.949+0000] {processor.py:183} INFO - Processing /home/airflow/.local/lib/python3.8/site-packages/airflow/example_dags/example_branch_day_of_week_operator.py took 0.248 seconds
[2025-01-12T00:57:00.108+0000] {processor.py:161} INFO - Started process (PID=1753) to work on /home/airflow/.local/lib/python3.8/site-packages/airflow/example_dags/example_branch_day_of_week_operator.py
[2025-01-12T00:57:00.110+0000] {processor.py:830} INFO - Processing file /home/airflow/.local/lib/python3.8/site-packages/airflow/example_dags/example_branch_day_of_week_operator.py for tasks to queue
[2025-01-12T00:57:00.112+0000] {logging_mixin.py:188} INFO - [2025-01-12T00:57:00.112+0000] {dagbag.py:538} INFO - Filling up the DagBag from /home/airflow/.local/lib/python3.8/site-packages/airflow/example_dags/example_branch_day_of_week_operator.py
[2025-01-12T00:57:00.126+0000] {processor.py:840} INFO - DAG(s) 'example_weekday_branch_operator' retrieved from /home/airflow/.local/lib/python3.8/site-packages/airflow/example_dags/example_branch_day_of_week_operator.py
[2025-01-12T00:57:00.176+0000] {logging_mixin.py:188} INFO - [2025-01-12T00:57:00.175+0000] {dag.py:3036} INFO - Sync 1 DAGs
[2025-01-12T00:57:00.237+0000] {logging_mixin.py:188} INFO - [2025-01-12T00:57:00.236+0000] {dag.py:3823} INFO - Setting next_dagrun for example_weekday_branch_operator to 2025-01-11 00:00:00+00:00, run_after=2025-01-12 00:00:00+00:00
[2025-01-12T00:57:00.285+0000] {processor.py:183} INFO - Processing /home/airflow/.local/lib/python3.8/site-packages/airflow/example_dags/example_branch_day_of_week_operator.py took 0.182 seconds
[2025-01-12T00:57:31.045+0000] {processor.py:161} INFO - Started process (PID=1814) to work on /home/airflow/.local/lib/python3.8/site-packages/airflow/example_dags/example_branch_day_of_week_operator.py
[2025-01-12T00:57:31.060+0000] {processor.py:830} INFO - Processing file /home/airflow/.local/lib/python3.8/site-packages/airflow/example_dags/example_branch_day_of_week_operator.py for tasks to queue
[2025-01-12T00:57:31.073+0000] {logging_mixin.py:188} INFO - [2025-01-12T00:57:31.062+0000] {dagbag.py:538} INFO - Filling up the DagBag from /home/airflow/.local/lib/python3.8/site-packages/airflow/example_dags/example_branch_day_of_week_operator.py
[2025-01-12T00:57:31.193+0000] {processor.py:840} INFO - DAG(s) 'example_weekday_branch_operator' retrieved from /home/airflow/.local/lib/python3.8/site-packages/airflow/example_dags/example_branch_day_of_week_operator.py
[2025-01-12T00:57:31.382+0000] {logging_mixin.py:188} INFO - [2025-01-12T00:57:31.381+0000] {dag.py:3036} INFO - Sync 1 DAGs
[2025-01-12T00:57:31.666+0000] {logging_mixin.py:188} INFO - [2025-01-12T00:57:31.666+0000] {dag.py:3823} INFO - Setting next_dagrun for example_weekday_branch_operator to 2025-01-11 00:00:00+00:00, run_after=2025-01-12 00:00:00+00:00
[2025-01-12T00:57:31.940+0000] {processor.py:183} INFO - Processing /home/airflow/.local/lib/python3.8/site-packages/airflow/example_dags/example_branch_day_of_week_operator.py took 0.916 seconds
[2025-01-12T00:58:02.719+0000] {processor.py:161} INFO - Started process (PID=1877) to work on /home/airflow/.local/lib/python3.8/site-packages/airflow/example_dags/example_branch_day_of_week_operator.py
[2025-01-12T00:58:02.722+0000] {processor.py:830} INFO - Processing file /home/airflow/.local/lib/python3.8/site-packages/airflow/example_dags/example_branch_day_of_week_operator.py for tasks to queue
[2025-01-12T00:58:02.725+0000] {logging_mixin.py:188} INFO - [2025-01-12T00:58:02.724+0000] {dagbag.py:538} INFO - Filling up the DagBag from /home/airflow/.local/lib/python3.8/site-packages/airflow/example_dags/example_branch_day_of_week_operator.py
[2025-01-12T00:58:02.746+0000] {processor.py:840} INFO - DAG(s) 'example_weekday_branch_operator' retrieved from /home/airflow/.local/lib/python3.8/site-packages/airflow/example_dags/example_branch_day_of_week_operator.py
[2025-01-12T00:58:02.841+0000] {logging_mixin.py:188} INFO - [2025-01-12T00:58:02.841+0000] {dag.py:3036} INFO - Sync 1 DAGs
[2025-01-12T00:58:02.916+0000] {logging_mixin.py:188} INFO - [2025-01-12T00:58:02.916+0000] {dag.py:3823} INFO - Setting next_dagrun for example_weekday_branch_operator to 2025-01-11 00:00:00+00:00, run_after=2025-01-12 00:00:00+00:00
[2025-01-12T00:58:02.969+0000] {processor.py:183} INFO - Processing /home/airflow/.local/lib/python3.8/site-packages/airflow/example_dags/example_branch_day_of_week_operator.py took 0.261 seconds
[2025-01-12T00:58:33.183+0000] {processor.py:161} INFO - Started process (PID=1933) to work on /home/airflow/.local/lib/python3.8/site-packages/airflow/example_dags/example_branch_day_of_week_operator.py
[2025-01-12T00:58:33.185+0000] {processor.py:830} INFO - Processing file /home/airflow/.local/lib/python3.8/site-packages/airflow/example_dags/example_branch_day_of_week_operator.py for tasks to queue
[2025-01-12T00:58:33.187+0000] {logging_mixin.py:188} INFO - [2025-01-12T00:58:33.186+0000] {dagbag.py:538} INFO - Filling up the DagBag from /home/airflow/.local/lib/python3.8/site-packages/airflow/example_dags/example_branch_day_of_week_operator.py
[2025-01-12T00:58:33.203+0000] {processor.py:840} INFO - DAG(s) 'example_weekday_branch_operator' retrieved from /home/airflow/.local/lib/python3.8/site-packages/airflow/example_dags/example_branch_day_of_week_operator.py
[2025-01-12T00:58:33.243+0000] {logging_mixin.py:188} INFO - [2025-01-12T00:58:33.243+0000] {dag.py:3036} INFO - Sync 1 DAGs
[2025-01-12T00:58:33.290+0000] {logging_mixin.py:188} INFO - [2025-01-12T00:58:33.290+0000] {dag.py:3823} INFO - Setting next_dagrun for example_weekday_branch_operator to 2025-01-11 00:00:00+00:00, run_after=2025-01-12 00:00:00+00:00
[2025-01-12T00:58:33.322+0000] {processor.py:183} INFO - Processing /home/airflow/.local/lib/python3.8/site-packages/airflow/example_dags/example_branch_day_of_week_operator.py took 0.146 seconds
[2025-01-12T00:59:03.392+0000] {processor.py:161} INFO - Started process (PID=1988) to work on /home/airflow/.local/lib/python3.8/site-packages/airflow/example_dags/example_branch_day_of_week_operator.py
[2025-01-12T00:59:03.394+0000] {processor.py:830} INFO - Processing file /home/airflow/.local/lib/python3.8/site-packages/airflow/example_dags/example_branch_day_of_week_operator.py for tasks to queue
[2025-01-12T00:59:03.395+0000] {logging_mixin.py:188} INFO - [2025-01-12T00:59:03.395+0000] {dagbag.py:538} INFO - Filling up the DagBag from /home/airflow/.local/lib/python3.8/site-packages/airflow/example_dags/example_branch_day_of_week_operator.py
[2025-01-12T00:59:03.410+0000] {processor.py:840} INFO - DAG(s) 'example_weekday_branch_operator' retrieved from /home/airflow/.local/lib/python3.8/site-packages/airflow/example_dags/example_branch_day_of_week_operator.py
[2025-01-12T00:59:03.446+0000] {logging_mixin.py:188} INFO - [2025-01-12T00:59:03.446+0000] {dag.py:3036} INFO - Sync 1 DAGs
[2025-01-12T00:59:03.489+0000] {logging_mixin.py:188} INFO - [2025-01-12T00:59:03.488+0000] {dag.py:3823} INFO - Setting next_dagrun for example_weekday_branch_operator to 2025-01-11 00:00:00+00:00, run_after=2025-01-12 00:00:00+00:00
[2025-01-12T00:59:03.534+0000] {processor.py:183} INFO - Processing /home/airflow/.local/lib/python3.8/site-packages/airflow/example_dags/example_branch_day_of_week_operator.py took 0.147 seconds
[2025-01-12T00:59:34.078+0000] {processor.py:161} INFO - Started process (PID=2042) to work on /home/airflow/.local/lib/python3.8/site-packages/airflow/example_dags/example_branch_day_of_week_operator.py
[2025-01-12T00:59:34.080+0000] {processor.py:830} INFO - Processing file /home/airflow/.local/lib/python3.8/site-packages/airflow/example_dags/example_branch_day_of_week_operator.py for tasks to queue
[2025-01-12T00:59:34.081+0000] {logging_mixin.py:188} INFO - [2025-01-12T00:59:34.081+0000] {dagbag.py:538} INFO - Filling up the DagBag from /home/airflow/.local/lib/python3.8/site-packages/airflow/example_dags/example_branch_day_of_week_operator.py
[2025-01-12T00:59:34.091+0000] {processor.py:840} INFO - DAG(s) 'example_weekday_branch_operator' retrieved from /home/airflow/.local/lib/python3.8/site-packages/airflow/example_dags/example_branch_day_of_week_operator.py
[2025-01-12T00:59:34.124+0000] {logging_mixin.py:188} INFO - [2025-01-12T00:59:34.124+0000] {dag.py:3036} INFO - Sync 1 DAGs
[2025-01-12T00:59:34.160+0000] {logging_mixin.py:188} INFO - [2025-01-12T00:59:34.159+0000] {dag.py:3823} INFO - Setting next_dagrun for example_weekday_branch_operator to 2025-01-11 00:00:00+00:00, run_after=2025-01-12 00:00:00+00:00
[2025-01-12T00:59:34.186+0000] {processor.py:183} INFO - Processing /home/airflow/.local/lib/python3.8/site-packages/airflow/example_dags/example_branch_day_of_week_operator.py took 0.114 seconds
[2025-01-12T01:00:04.409+0000] {processor.py:161} INFO - Started process (PID=2098) to work on /home/airflow/.local/lib/python3.8/site-packages/airflow/example_dags/example_branch_day_of_week_operator.py
[2025-01-12T01:00:04.413+0000] {processor.py:830} INFO - Processing file /home/airflow/.local/lib/python3.8/site-packages/airflow/example_dags/example_branch_day_of_week_operator.py for tasks to queue
[2025-01-12T01:00:04.417+0000] {logging_mixin.py:188} INFO - [2025-01-12T01:00:04.416+0000] {dagbag.py:538} INFO - Filling up the DagBag from /home/airflow/.local/lib/python3.8/site-packages/airflow/example_dags/example_branch_day_of_week_operator.py
[2025-01-12T01:00:04.506+0000] {processor.py:840} INFO - DAG(s) 'example_weekday_branch_operator' retrieved from /home/airflow/.local/lib/python3.8/site-packages/airflow/example_dags/example_branch_day_of_week_operator.py
[2025-01-12T01:00:04.639+0000] {logging_mixin.py:188} INFO - [2025-01-12T01:00:04.639+0000] {dag.py:3036} INFO - Sync 1 DAGs
[2025-01-12T01:00:04.893+0000] {logging_mixin.py:188} INFO - [2025-01-12T01:00:04.892+0000] {dag.py:3823} INFO - Setting next_dagrun for example_weekday_branch_operator to 2025-01-11 00:00:00+00:00, run_after=2025-01-12 00:00:00+00:00
[2025-01-12T01:00:04.977+0000] {processor.py:183} INFO - Processing /home/airflow/.local/lib/python3.8/site-packages/airflow/example_dags/example_branch_day_of_week_operator.py took 0.579 seconds
[2025-01-12T01:00:35.042+0000] {processor.py:161} INFO - Started process (PID=2154) to work on /home/airflow/.local/lib/python3.8/site-packages/airflow/example_dags/example_branch_day_of_week_operator.py
[2025-01-12T01:00:35.044+0000] {processor.py:830} INFO - Processing file /home/airflow/.local/lib/python3.8/site-packages/airflow/example_dags/example_branch_day_of_week_operator.py for tasks to queue
[2025-01-12T01:00:35.046+0000] {logging_mixin.py:188} INFO - [2025-01-12T01:00:35.045+0000] {dagbag.py:538} INFO - Filling up the DagBag from /home/airflow/.local/lib/python3.8/site-packages/airflow/example_dags/example_branch_day_of_week_operator.py
[2025-01-12T01:00:35.061+0000] {processor.py:840} INFO - DAG(s) 'example_weekday_branch_operator' retrieved from /home/airflow/.local/lib/python3.8/site-packages/airflow/example_dags/example_branch_day_of_week_operator.py
[2025-01-12T01:00:35.103+0000] {logging_mixin.py:188} INFO - [2025-01-12T01:00:35.102+0000] {dag.py:3036} INFO - Sync 1 DAGs
[2025-01-12T01:00:35.150+0000] {logging_mixin.py:188} INFO - [2025-01-12T01:00:35.149+0000] {dag.py:3823} INFO - Setting next_dagrun for example_weekday_branch_operator to 2025-01-11 00:00:00+00:00, run_after=2025-01-12 00:00:00+00:00
[2025-01-12T01:00:35.188+0000] {processor.py:183} INFO - Processing /home/airflow/.local/lib/python3.8/site-packages/airflow/example_dags/example_branch_day_of_week_operator.py took 0.153 seconds
[2025-01-12T01:01:05.343+0000] {processor.py:161} INFO - Started process (PID=2210) to work on /home/airflow/.local/lib/python3.8/site-packages/airflow/example_dags/example_branch_day_of_week_operator.py
[2025-01-12T01:01:05.345+0000] {processor.py:830} INFO - Processing file /home/airflow/.local/lib/python3.8/site-packages/airflow/example_dags/example_branch_day_of_week_operator.py for tasks to queue
[2025-01-12T01:01:05.347+0000] {logging_mixin.py:188} INFO - [2025-01-12T01:01:05.347+0000] {dagbag.py:538} INFO - Filling up the DagBag from /home/airflow/.local/lib/python3.8/site-packages/airflow/example_dags/example_branch_day_of_week_operator.py
[2025-01-12T01:01:05.359+0000] {processor.py:840} INFO - DAG(s) 'example_weekday_branch_operator' retrieved from /home/airflow/.local/lib/python3.8/site-packages/airflow/example_dags/example_branch_day_of_week_operator.py
[2025-01-12T01:01:05.391+0000] {logging_mixin.py:188} INFO - [2025-01-12T01:01:05.391+0000] {dag.py:3036} INFO - Sync 1 DAGs
[2025-01-12T01:01:05.432+0000] {logging_mixin.py:188} INFO - [2025-01-12T01:01:05.432+0000] {dag.py:3823} INFO - Setting next_dagrun for example_weekday_branch_operator to 2025-01-11 00:00:00+00:00, run_after=2025-01-12 00:00:00+00:00
[2025-01-12T01:01:05.516+0000] {processor.py:183} INFO - Processing /home/airflow/.local/lib/python3.8/site-packages/airflow/example_dags/example_branch_day_of_week_operator.py took 0.178 seconds
[2025-01-12T01:01:35.873+0000] {processor.py:161} INFO - Started process (PID=2266) to work on /home/airflow/.local/lib/python3.8/site-packages/airflow/example_dags/example_branch_day_of_week_operator.py
[2025-01-12T01:01:35.875+0000] {processor.py:830} INFO - Processing file /home/airflow/.local/lib/python3.8/site-packages/airflow/example_dags/example_branch_day_of_week_operator.py for tasks to queue
[2025-01-12T01:01:35.876+0000] {logging_mixin.py:188} INFO - [2025-01-12T01:01:35.876+0000] {dagbag.py:538} INFO - Filling up the DagBag from /home/airflow/.local/lib/python3.8/site-packages/airflow/example_dags/example_branch_day_of_week_operator.py
[2025-01-12T01:01:35.893+0000] {processor.py:840} INFO - DAG(s) 'example_weekday_branch_operator' retrieved from /home/airflow/.local/lib/python3.8/site-packages/airflow/example_dags/example_branch_day_of_week_operator.py
[2025-01-12T01:01:35.940+0000] {logging_mixin.py:188} INFO - [2025-01-12T01:01:35.939+0000] {dag.py:3036} INFO - Sync 1 DAGs
[2025-01-12T01:01:36.006+0000] {logging_mixin.py:188} INFO - [2025-01-12T01:01:36.005+0000] {dag.py:3823} INFO - Setting next_dagrun for example_weekday_branch_operator to 2025-01-11 00:00:00+00:00, run_after=2025-01-12 00:00:00+00:00
[2025-01-12T01:01:36.056+0000] {processor.py:183} INFO - Processing /home/airflow/.local/lib/python3.8/site-packages/airflow/example_dags/example_branch_day_of_week_operator.py took 0.188 seconds
[2025-01-12T01:02:06.351+0000] {processor.py:161} INFO - Started process (PID=2322) to work on /home/airflow/.local/lib/python3.8/site-packages/airflow/example_dags/example_branch_day_of_week_operator.py
[2025-01-12T01:02:06.353+0000] {processor.py:830} INFO - Processing file /home/airflow/.local/lib/python3.8/site-packages/airflow/example_dags/example_branch_day_of_week_operator.py for tasks to queue
[2025-01-12T01:02:06.354+0000] {logging_mixin.py:188} INFO - [2025-01-12T01:02:06.354+0000] {dagbag.py:538} INFO - Filling up the DagBag from /home/airflow/.local/lib/python3.8/site-packages/airflow/example_dags/example_branch_day_of_week_operator.py
[2025-01-12T01:02:06.365+0000] {processor.py:840} INFO - DAG(s) 'example_weekday_branch_operator' retrieved from /home/airflow/.local/lib/python3.8/site-packages/airflow/example_dags/example_branch_day_of_week_operator.py
[2025-01-12T01:02:06.392+0000] {logging_mixin.py:188} INFO - [2025-01-12T01:02:06.392+0000] {dag.py:3036} INFO - Sync 1 DAGs
[2025-01-12T01:02:06.425+0000] {logging_mixin.py:188} INFO - [2025-01-12T01:02:06.425+0000] {dag.py:3823} INFO - Setting next_dagrun for example_weekday_branch_operator to 2025-01-11 00:00:00+00:00, run_after=2025-01-12 00:00:00+00:00
[2025-01-12T01:02:06.461+0000] {processor.py:183} INFO - Processing /home/airflow/.local/lib/python3.8/site-packages/airflow/example_dags/example_branch_day_of_week_operator.py took 0.114 seconds
[2025-01-12T01:02:36.824+0000] {processor.py:161} INFO - Started process (PID=2378) to work on /home/airflow/.local/lib/python3.8/site-packages/airflow/example_dags/example_branch_day_of_week_operator.py
[2025-01-12T01:02:36.826+0000] {processor.py:830} INFO - Processing file /home/airflow/.local/lib/python3.8/site-packages/airflow/example_dags/example_branch_day_of_week_operator.py for tasks to queue
[2025-01-12T01:02:36.828+0000] {logging_mixin.py:188} INFO - [2025-01-12T01:02:36.827+0000] {dagbag.py:538} INFO - Filling up the DagBag from /home/airflow/.local/lib/python3.8/site-packages/airflow/example_dags/example_branch_day_of_week_operator.py
[2025-01-12T01:02:36.843+0000] {processor.py:840} INFO - DAG(s) 'example_weekday_branch_operator' retrieved from /home/airflow/.local/lib/python3.8/site-packages/airflow/example_dags/example_branch_day_of_week_operator.py
[2025-01-12T01:02:36.888+0000] {logging_mixin.py:188} INFO - [2025-01-12T01:02:36.887+0000] {dag.py:3036} INFO - Sync 1 DAGs
[2025-01-12T01:02:37.276+0000] {logging_mixin.py:188} INFO - [2025-01-12T01:02:37.275+0000] {dag.py:3823} INFO - Setting next_dagrun for example_weekday_branch_operator to 2025-01-11 00:00:00+00:00, run_after=2025-01-12 00:00:00+00:00
[2025-01-12T01:02:37.317+0000] {processor.py:183} INFO - Processing /home/airflow/.local/lib/python3.8/site-packages/airflow/example_dags/example_branch_day_of_week_operator.py took 0.499 seconds
[2025-01-12T01:03:08.871+0000] {processor.py:161} INFO - Started process (PID=2433) to work on /home/airflow/.local/lib/python3.8/site-packages/airflow/example_dags/example_branch_day_of_week_operator.py
[2025-01-12T01:03:08.875+0000] {processor.py:830} INFO - Processing file /home/airflow/.local/lib/python3.8/site-packages/airflow/example_dags/example_branch_day_of_week_operator.py for tasks to queue
[2025-01-12T01:03:08.877+0000] {logging_mixin.py:188} INFO - [2025-01-12T01:03:08.877+0000] {dagbag.py:538} INFO - Filling up the DagBag from /home/airflow/.local/lib/python3.8/site-packages/airflow/example_dags/example_branch_day_of_week_operator.py
[2025-01-12T01:03:08.897+0000] {processor.py:840} INFO - DAG(s) 'example_weekday_branch_operator' retrieved from /home/airflow/.local/lib/python3.8/site-packages/airflow/example_dags/example_branch_day_of_week_operator.py
[2025-01-12T01:03:08.954+0000] {logging_mixin.py:188} INFO - [2025-01-12T01:03:08.954+0000] {dag.py:3036} INFO - Sync 1 DAGs
[2025-01-12T01:03:09.316+0000] {logging_mixin.py:188} INFO - [2025-01-12T01:03:09.315+0000] {dag.py:3823} INFO - Setting next_dagrun for example_weekday_branch_operator to 2025-01-11 00:00:00+00:00, run_after=2025-01-12 00:00:00+00:00
[2025-01-12T01:03:09.396+0000] {processor.py:183} INFO - Processing /home/airflow/.local/lib/python3.8/site-packages/airflow/example_dags/example_branch_day_of_week_operator.py took 0.533 seconds
[2025-01-12T01:03:39.686+0000] {processor.py:161} INFO - Started process (PID=2489) to work on /home/airflow/.local/lib/python3.8/site-packages/airflow/example_dags/example_branch_day_of_week_operator.py
[2025-01-12T01:03:39.689+0000] {processor.py:830} INFO - Processing file /home/airflow/.local/lib/python3.8/site-packages/airflow/example_dags/example_branch_day_of_week_operator.py for tasks to queue
[2025-01-12T01:03:39.693+0000] {logging_mixin.py:188} INFO - [2025-01-12T01:03:39.692+0000] {dagbag.py:538} INFO - Filling up the DagBag from /home/airflow/.local/lib/python3.8/site-packages/airflow/example_dags/example_branch_day_of_week_operator.py
[2025-01-12T01:03:39.713+0000] {processor.py:840} INFO - DAG(s) 'example_weekday_branch_operator' retrieved from /home/airflow/.local/lib/python3.8/site-packages/airflow/example_dags/example_branch_day_of_week_operator.py
[2025-01-12T01:03:39.761+0000] {logging_mixin.py:188} INFO - [2025-01-12T01:03:39.760+0000] {dag.py:3036} INFO - Sync 1 DAGs
[2025-01-12T01:03:39.842+0000] {logging_mixin.py:188} INFO - [2025-01-12T01:03:39.841+0000] {dag.py:3823} INFO - Setting next_dagrun for example_weekday_branch_operator to 2025-01-11 00:00:00+00:00, run_after=2025-01-12 00:00:00+00:00
[2025-01-12T01:03:39.894+0000] {processor.py:183} INFO - Processing /home/airflow/.local/lib/python3.8/site-packages/airflow/example_dags/example_branch_day_of_week_operator.py took 0.216 seconds
[2025-01-12T01:04:10.325+0000] {processor.py:161} INFO - Started process (PID=2545) to work on /home/airflow/.local/lib/python3.8/site-packages/airflow/example_dags/example_branch_day_of_week_operator.py
[2025-01-12T01:04:10.345+0000] {processor.py:830} INFO - Processing file /home/airflow/.local/lib/python3.8/site-packages/airflow/example_dags/example_branch_day_of_week_operator.py for tasks to queue
[2025-01-12T01:04:10.349+0000] {logging_mixin.py:188} INFO - [2025-01-12T01:04:10.348+0000] {dagbag.py:538} INFO - Filling up the DagBag from /home/airflow/.local/lib/python3.8/site-packages/airflow/example_dags/example_branch_day_of_week_operator.py
[2025-01-12T01:04:10.386+0000] {processor.py:840} INFO - DAG(s) 'example_weekday_branch_operator' retrieved from /home/airflow/.local/lib/python3.8/site-packages/airflow/example_dags/example_branch_day_of_week_operator.py
[2025-01-12T01:04:10.485+0000] {logging_mixin.py:188} INFO - [2025-01-12T01:04:10.476+0000] {dag.py:3036} INFO - Sync 1 DAGs
[2025-01-12T01:04:10.554+0000] {logging_mixin.py:188} INFO - [2025-01-12T01:04:10.554+0000] {dag.py:3823} INFO - Setting next_dagrun for example_weekday_branch_operator to 2025-01-11 00:00:00+00:00, run_after=2025-01-12 00:00:00+00:00
[2025-01-12T01:04:10.598+0000] {processor.py:183} INFO - Processing /home/airflow/.local/lib/python3.8/site-packages/airflow/example_dags/example_branch_day_of_week_operator.py took 0.287 seconds
[2025-01-12T01:04:40.673+0000] {processor.py:161} INFO - Started process (PID=2601) to work on /home/airflow/.local/lib/python3.8/site-packages/airflow/example_dags/example_branch_day_of_week_operator.py
[2025-01-12T01:04:40.677+0000] {processor.py:830} INFO - Processing file /home/airflow/.local/lib/python3.8/site-packages/airflow/example_dags/example_branch_day_of_week_operator.py for tasks to queue
[2025-01-12T01:04:40.682+0000] {logging_mixin.py:188} INFO - [2025-01-12T01:04:40.680+0000] {dagbag.py:538} INFO - Filling up the DagBag from /home/airflow/.local/lib/python3.8/site-packages/airflow/example_dags/example_branch_day_of_week_operator.py
[2025-01-12T01:04:40.699+0000] {processor.py:840} INFO - DAG(s) 'example_weekday_branch_operator' retrieved from /home/airflow/.local/lib/python3.8/site-packages/airflow/example_dags/example_branch_day_of_week_operator.py
[2025-01-12T01:04:40.760+0000] {logging_mixin.py:188} INFO - [2025-01-12T01:04:40.759+0000] {dag.py:3036} INFO - Sync 1 DAGs
[2025-01-12T01:04:40.838+0000] {logging_mixin.py:188} INFO - [2025-01-12T01:04:40.837+0000] {dag.py:3823} INFO - Setting next_dagrun for example_weekday_branch_operator to 2025-01-11 00:00:00+00:00, run_after=2025-01-12 00:00:00+00:00
[2025-01-12T01:04:40.896+0000] {processor.py:183} INFO - Processing /home/airflow/.local/lib/python3.8/site-packages/airflow/example_dags/example_branch_day_of_week_operator.py took 0.232 seconds
[2025-01-12T01:05:11.418+0000] {processor.py:161} INFO - Started process (PID=2657) to work on /home/airflow/.local/lib/python3.8/site-packages/airflow/example_dags/example_branch_day_of_week_operator.py
[2025-01-12T01:05:11.422+0000] {processor.py:830} INFO - Processing file /home/airflow/.local/lib/python3.8/site-packages/airflow/example_dags/example_branch_day_of_week_operator.py for tasks to queue
[2025-01-12T01:05:11.425+0000] {logging_mixin.py:188} INFO - [2025-01-12T01:05:11.424+0000] {dagbag.py:538} INFO - Filling up the DagBag from /home/airflow/.local/lib/python3.8/site-packages/airflow/example_dags/example_branch_day_of_week_operator.py
[2025-01-12T01:05:11.452+0000] {processor.py:840} INFO - DAG(s) 'example_weekday_branch_operator' retrieved from /home/airflow/.local/lib/python3.8/site-packages/airflow/example_dags/example_branch_day_of_week_operator.py
[2025-01-12T01:05:11.517+0000] {logging_mixin.py:188} INFO - [2025-01-12T01:05:11.516+0000] {dag.py:3036} INFO - Sync 1 DAGs
[2025-01-12T01:05:11.591+0000] {logging_mixin.py:188} INFO - [2025-01-12T01:05:11.591+0000] {dag.py:3823} INFO - Setting next_dagrun for example_weekday_branch_operator to 2025-01-11 00:00:00+00:00, run_after=2025-01-12 00:00:00+00:00
[2025-01-12T01:05:11.642+0000] {processor.py:183} INFO - Processing /home/airflow/.local/lib/python3.8/site-packages/airflow/example_dags/example_branch_day_of_week_operator.py took 0.235 seconds
[2025-01-12T01:05:42.018+0000] {processor.py:161} INFO - Started process (PID=2711) to work on /home/airflow/.local/lib/python3.8/site-packages/airflow/example_dags/example_branch_day_of_week_operator.py
[2025-01-12T01:05:42.020+0000] {processor.py:830} INFO - Processing file /home/airflow/.local/lib/python3.8/site-packages/airflow/example_dags/example_branch_day_of_week_operator.py for tasks to queue
[2025-01-12T01:05:42.022+0000] {logging_mixin.py:188} INFO - [2025-01-12T01:05:42.022+0000] {dagbag.py:538} INFO - Filling up the DagBag from /home/airflow/.local/lib/python3.8/site-packages/airflow/example_dags/example_branch_day_of_week_operator.py
[2025-01-12T01:05:42.032+0000] {processor.py:840} INFO - DAG(s) 'example_weekday_branch_operator' retrieved from /home/airflow/.local/lib/python3.8/site-packages/airflow/example_dags/example_branch_day_of_week_operator.py
[2025-01-12T01:05:42.066+0000] {logging_mixin.py:188} INFO - [2025-01-12T01:05:42.066+0000] {dag.py:3036} INFO - Sync 1 DAGs
[2025-01-12T01:05:42.100+0000] {logging_mixin.py:188} INFO - [2025-01-12T01:05:42.100+0000] {dag.py:3823} INFO - Setting next_dagrun for example_weekday_branch_operator to 2025-01-11 00:00:00+00:00, run_after=2025-01-12 00:00:00+00:00
[2025-01-12T01:05:42.130+0000] {processor.py:183} INFO - Processing /home/airflow/.local/lib/python3.8/site-packages/airflow/example_dags/example_branch_day_of_week_operator.py took 0.116 seconds
[2025-01-12T01:06:12.248+0000] {processor.py:161} INFO - Started process (PID=2768) to work on /home/airflow/.local/lib/python3.8/site-packages/airflow/example_dags/example_branch_day_of_week_operator.py
[2025-01-12T01:06:12.250+0000] {processor.py:830} INFO - Processing file /home/airflow/.local/lib/python3.8/site-packages/airflow/example_dags/example_branch_day_of_week_operator.py for tasks to queue
[2025-01-12T01:06:12.251+0000] {logging_mixin.py:188} INFO - [2025-01-12T01:06:12.250+0000] {dagbag.py:538} INFO - Filling up the DagBag from /home/airflow/.local/lib/python3.8/site-packages/airflow/example_dags/example_branch_day_of_week_operator.py
[2025-01-12T01:06:12.262+0000] {processor.py:840} INFO - DAG(s) 'example_weekday_branch_operator' retrieved from /home/airflow/.local/lib/python3.8/site-packages/airflow/example_dags/example_branch_day_of_week_operator.py
[2025-01-12T01:06:12.294+0000] {logging_mixin.py:188} INFO - [2025-01-12T01:06:12.294+0000] {dag.py:3036} INFO - Sync 1 DAGs
[2025-01-12T01:06:12.327+0000] {logging_mixin.py:188} INFO - [2025-01-12T01:06:12.326+0000] {dag.py:3823} INFO - Setting next_dagrun for example_weekday_branch_operator to 2025-01-11 00:00:00+00:00, run_after=2025-01-12 00:00:00+00:00
[2025-01-12T01:06:12.354+0000] {processor.py:183} INFO - Processing /home/airflow/.local/lib/python3.8/site-packages/airflow/example_dags/example_branch_day_of_week_operator.py took 0.111 seconds
[2025-01-12T01:06:42.943+0000] {processor.py:161} INFO - Started process (PID=2824) to work on /home/airflow/.local/lib/python3.8/site-packages/airflow/example_dags/example_branch_day_of_week_operator.py
[2025-01-12T01:06:42.945+0000] {processor.py:830} INFO - Processing file /home/airflow/.local/lib/python3.8/site-packages/airflow/example_dags/example_branch_day_of_week_operator.py for tasks to queue
[2025-01-12T01:06:42.947+0000] {logging_mixin.py:188} INFO - [2025-01-12T01:06:42.946+0000] {dagbag.py:538} INFO - Filling up the DagBag from /home/airflow/.local/lib/python3.8/site-packages/airflow/example_dags/example_branch_day_of_week_operator.py
[2025-01-12T01:06:42.962+0000] {processor.py:840} INFO - DAG(s) 'example_weekday_branch_operator' retrieved from /home/airflow/.local/lib/python3.8/site-packages/airflow/example_dags/example_branch_day_of_week_operator.py
[2025-01-12T01:06:43.005+0000] {logging_mixin.py:188} INFO - [2025-01-12T01:06:43.005+0000] {dag.py:3036} INFO - Sync 1 DAGs
[2025-01-12T01:06:43.054+0000] {logging_mixin.py:188} INFO - [2025-01-12T01:06:43.053+0000] {dag.py:3823} INFO - Setting next_dagrun for example_weekday_branch_operator to 2025-01-11 00:00:00+00:00, run_after=2025-01-12 00:00:00+00:00
[2025-01-12T01:06:43.105+0000] {processor.py:183} INFO - Processing /home/airflow/.local/lib/python3.8/site-packages/airflow/example_dags/example_branch_day_of_week_operator.py took 0.167 seconds
[2025-01-12T01:07:13.760+0000] {processor.py:161} INFO - Started process (PID=2880) to work on /home/airflow/.local/lib/python3.8/site-packages/airflow/example_dags/example_branch_day_of_week_operator.py
[2025-01-12T01:07:13.761+0000] {processor.py:830} INFO - Processing file /home/airflow/.local/lib/python3.8/site-packages/airflow/example_dags/example_branch_day_of_week_operator.py for tasks to queue
[2025-01-12T01:07:13.763+0000] {logging_mixin.py:188} INFO - [2025-01-12T01:07:13.762+0000] {dagbag.py:538} INFO - Filling up the DagBag from /home/airflow/.local/lib/python3.8/site-packages/airflow/example_dags/example_branch_day_of_week_operator.py
[2025-01-12T01:07:13.775+0000] {processor.py:840} INFO - DAG(s) 'example_weekday_branch_operator' retrieved from /home/airflow/.local/lib/python3.8/site-packages/airflow/example_dags/example_branch_day_of_week_operator.py
[2025-01-12T01:07:13.807+0000] {logging_mixin.py:188} INFO - [2025-01-12T01:07:13.806+0000] {dag.py:3036} INFO - Sync 1 DAGs
[2025-01-12T01:07:13.846+0000] {logging_mixin.py:188} INFO - [2025-01-12T01:07:13.846+0000] {dag.py:3823} INFO - Setting next_dagrun for example_weekday_branch_operator to 2025-01-11 00:00:00+00:00, run_after=2025-01-12 00:00:00+00:00
[2025-01-12T01:07:13.878+0000] {processor.py:183} INFO - Processing /home/airflow/.local/lib/python3.8/site-packages/airflow/example_dags/example_branch_day_of_week_operator.py took 0.122 seconds
[2025-01-12T01:07:44.592+0000] {processor.py:161} INFO - Started process (PID=2936) to work on /home/airflow/.local/lib/python3.8/site-packages/airflow/example_dags/example_branch_day_of_week_operator.py
[2025-01-12T01:07:44.594+0000] {processor.py:830} INFO - Processing file /home/airflow/.local/lib/python3.8/site-packages/airflow/example_dags/example_branch_day_of_week_operator.py for tasks to queue
[2025-01-12T01:07:44.596+0000] {logging_mixin.py:188} INFO - [2025-01-12T01:07:44.596+0000] {dagbag.py:538} INFO - Filling up the DagBag from /home/airflow/.local/lib/python3.8/site-packages/airflow/example_dags/example_branch_day_of_week_operator.py
[2025-01-12T01:07:44.615+0000] {processor.py:840} INFO - DAG(s) 'example_weekday_branch_operator' retrieved from /home/airflow/.local/lib/python3.8/site-packages/airflow/example_dags/example_branch_day_of_week_operator.py
[2025-01-12T01:07:44.664+0000] {logging_mixin.py:188} INFO - [2025-01-12T01:07:44.664+0000] {dag.py:3036} INFO - Sync 1 DAGs
[2025-01-12T01:07:44.721+0000] {logging_mixin.py:188} INFO - [2025-01-12T01:07:44.720+0000] {dag.py:3823} INFO - Setting next_dagrun for example_weekday_branch_operator to 2025-01-11 00:00:00+00:00, run_after=2025-01-12 00:00:00+00:00
[2025-01-12T01:07:44.764+0000] {processor.py:183} INFO - Processing /home/airflow/.local/lib/python3.8/site-packages/airflow/example_dags/example_branch_day_of_week_operator.py took 0.179 seconds
[2025-01-12T01:08:15.566+0000] {processor.py:161} INFO - Started process (PID=2989) to work on /home/airflow/.local/lib/python3.8/site-packages/airflow/example_dags/example_branch_day_of_week_operator.py
[2025-01-12T01:08:15.569+0000] {processor.py:830} INFO - Processing file /home/airflow/.local/lib/python3.8/site-packages/airflow/example_dags/example_branch_day_of_week_operator.py for tasks to queue
[2025-01-12T01:08:15.572+0000] {logging_mixin.py:188} INFO - [2025-01-12T01:08:15.571+0000] {dagbag.py:538} INFO - Filling up the DagBag from /home/airflow/.local/lib/python3.8/site-packages/airflow/example_dags/example_branch_day_of_week_operator.py
[2025-01-12T01:08:15.592+0000] {processor.py:840} INFO - DAG(s) 'example_weekday_branch_operator' retrieved from /home/airflow/.local/lib/python3.8/site-packages/airflow/example_dags/example_branch_day_of_week_operator.py
[2025-01-12T01:08:15.716+0000] {logging_mixin.py:188} INFO - [2025-01-12T01:08:15.715+0000] {dag.py:3036} INFO - Sync 1 DAGs
[2025-01-12T01:08:15.886+0000] {logging_mixin.py:188} INFO - [2025-01-12T01:08:15.886+0000] {dag.py:3823} INFO - Setting next_dagrun for example_weekday_branch_operator to 2025-01-11 00:00:00+00:00, run_after=2025-01-12 00:00:00+00:00
[2025-01-12T01:08:16.024+0000] {processor.py:183} INFO - Processing /home/airflow/.local/lib/python3.8/site-packages/airflow/example_dags/example_branch_day_of_week_operator.py took 0.468 seconds
