[2025-01-12T00:41:26.018+0000] {processor.py:161} INFO - Started process (PID=68) to work on /home/airflow/.local/lib/python3.8/site-packages/airflow/example_dags/example_branch_python_dop_operator_3.py
[2025-01-12T00:41:26.021+0000] {processor.py:830} INFO - Processing file /home/airflow/.local/lib/python3.8/site-packages/airflow/example_dags/example_branch_python_dop_operator_3.py for tasks to queue
[2025-01-12T00:41:26.027+0000] {logging_mixin.py:188} INFO - [2025-01-12T00:41:26.026+0000] {dagbag.py:538} INFO - Filling up the DagBag from /home/airflow/.local/lib/python3.8/site-packages/airflow/example_dags/example_branch_python_dop_operator_3.py
[2025-01-12T00:41:26.052+0000] {processor.py:840} INFO - DAG(s) 'example_branch_dop_operator_v3' retrieved from /home/airflow/.local/lib/python3.8/site-packages/airflow/example_dags/example_branch_python_dop_operator_3.py
[2025-01-12T00:41:26.073+0000] {logging_mixin.py:188} INFO - [2025-01-12T00:41:26.073+0000] {dag.py:3036} INFO - Sync 1 DAGs
[2025-01-12T00:41:26.159+0000] {logging_mixin.py:188} INFO - [2025-01-12T00:41:26.158+0000] {dag.py:3823} INFO - Setting next_dagrun for example_branch_dop_operator_v3 to 2025-01-12 00:40:00+00:00, run_after=2025-01-12 00:41:00+00:00
[2025-01-12T00:41:26.205+0000] {processor.py:183} INFO - Processing /home/airflow/.local/lib/python3.8/site-packages/airflow/example_dags/example_branch_python_dop_operator_3.py took 0.192 seconds
[2025-01-12T00:41:57.483+0000] {processor.py:161} INFO - Started process (PID=123) to work on /home/airflow/.local/lib/python3.8/site-packages/airflow/example_dags/example_branch_python_dop_operator_3.py
[2025-01-12T00:41:57.486+0000] {processor.py:830} INFO - Processing file /home/airflow/.local/lib/python3.8/site-packages/airflow/example_dags/example_branch_python_dop_operator_3.py for tasks to queue
[2025-01-12T00:41:57.493+0000] {logging_mixin.py:188} INFO - [2025-01-12T00:41:57.492+0000] {dagbag.py:538} INFO - Filling up the DagBag from /home/airflow/.local/lib/python3.8/site-packages/airflow/example_dags/example_branch_python_dop_operator_3.py
[2025-01-12T00:41:57.516+0000] {processor.py:840} INFO - DAG(s) 'example_branch_dop_operator_v3' retrieved from /home/airflow/.local/lib/python3.8/site-packages/airflow/example_dags/example_branch_python_dop_operator_3.py
[2025-01-12T00:41:57.778+0000] {logging_mixin.py:188} INFO - [2025-01-12T00:41:57.778+0000] {dag.py:3036} INFO - Sync 1 DAGs
[2025-01-12T00:41:57.836+0000] {logging_mixin.py:188} INFO - [2025-01-12T00:41:57.836+0000] {dag.py:3823} INFO - Setting next_dagrun for example_branch_dop_operator_v3 to 2025-01-12 00:40:00+00:00, run_after=2025-01-12 00:41:00+00:00
[2025-01-12T00:41:57.887+0000] {processor.py:183} INFO - Processing /home/airflow/.local/lib/python3.8/site-packages/airflow/example_dags/example_branch_python_dop_operator_3.py took 0.410 seconds
[2025-01-12T00:42:28.383+0000] {processor.py:161} INFO - Started process (PID=185) to work on /home/airflow/.local/lib/python3.8/site-packages/airflow/example_dags/example_branch_python_dop_operator_3.py
[2025-01-12T00:42:28.385+0000] {processor.py:830} INFO - Processing file /home/airflow/.local/lib/python3.8/site-packages/airflow/example_dags/example_branch_python_dop_operator_3.py for tasks to queue
[2025-01-12T00:42:28.388+0000] {logging_mixin.py:188} INFO - [2025-01-12T00:42:28.387+0000] {dagbag.py:538} INFO - Filling up the DagBag from /home/airflow/.local/lib/python3.8/site-packages/airflow/example_dags/example_branch_python_dop_operator_3.py
[2025-01-12T00:42:28.405+0000] {processor.py:840} INFO - DAG(s) 'example_branch_dop_operator_v3' retrieved from /home/airflow/.local/lib/python3.8/site-packages/airflow/example_dags/example_branch_python_dop_operator_3.py
[2025-01-12T00:42:28.453+0000] {logging_mixin.py:188} INFO - [2025-01-12T00:42:28.452+0000] {dag.py:3036} INFO - Sync 1 DAGs
[2025-01-12T00:42:28.524+0000] {logging_mixin.py:188} INFO - [2025-01-12T00:42:28.524+0000] {dag.py:3823} INFO - Setting next_dagrun for example_branch_dop_operator_v3 to 2025-01-12 00:41:00+00:00, run_after=2025-01-12 00:42:00+00:00
[2025-01-12T00:42:28.556+0000] {processor.py:183} INFO - Processing /home/airflow/.local/lib/python3.8/site-packages/airflow/example_dags/example_branch_python_dop_operator_3.py took 0.180 seconds
[2025-01-12T00:42:59.395+0000] {processor.py:161} INFO - Started process (PID=242) to work on /home/airflow/.local/lib/python3.8/site-packages/airflow/example_dags/example_branch_python_dop_operator_3.py
[2025-01-12T00:42:59.400+0000] {processor.py:830} INFO - Processing file /home/airflow/.local/lib/python3.8/site-packages/airflow/example_dags/example_branch_python_dop_operator_3.py for tasks to queue
[2025-01-12T00:42:59.405+0000] {logging_mixin.py:188} INFO - [2025-01-12T00:42:59.404+0000] {dagbag.py:538} INFO - Filling up the DagBag from /home/airflow/.local/lib/python3.8/site-packages/airflow/example_dags/example_branch_python_dop_operator_3.py
[2025-01-12T00:42:59.436+0000] {processor.py:840} INFO - DAG(s) 'example_branch_dop_operator_v3' retrieved from /home/airflow/.local/lib/python3.8/site-packages/airflow/example_dags/example_branch_python_dop_operator_3.py
[2025-01-12T00:42:59.501+0000] {logging_mixin.py:188} INFO - [2025-01-12T00:42:59.501+0000] {dag.py:3036} INFO - Sync 1 DAGs
[2025-01-12T00:42:59.609+0000] {logging_mixin.py:188} INFO - [2025-01-12T00:42:59.607+0000] {dag.py:3823} INFO - Setting next_dagrun for example_branch_dop_operator_v3 to 2025-01-12 00:41:00+00:00, run_after=2025-01-12 00:42:00+00:00
[2025-01-12T00:42:59.720+0000] {processor.py:183} INFO - Processing /home/airflow/.local/lib/python3.8/site-packages/airflow/example_dags/example_branch_python_dop_operator_3.py took 0.336 seconds
[2025-01-12T00:43:32.252+0000] {processor.py:161} INFO - Started process (PID=298) to work on /home/airflow/.local/lib/python3.8/site-packages/airflow/example_dags/example_branch_python_dop_operator_3.py
[2025-01-12T00:43:32.265+0000] {processor.py:830} INFO - Processing file /home/airflow/.local/lib/python3.8/site-packages/airflow/example_dags/example_branch_python_dop_operator_3.py for tasks to queue
[2025-01-12T00:43:32.274+0000] {logging_mixin.py:188} INFO - [2025-01-12T00:43:32.273+0000] {dagbag.py:538} INFO - Filling up the DagBag from /home/airflow/.local/lib/python3.8/site-packages/airflow/example_dags/example_branch_python_dop_operator_3.py
[2025-01-12T00:43:32.323+0000] {processor.py:840} INFO - DAG(s) 'example_branch_dop_operator_v3' retrieved from /home/airflow/.local/lib/python3.8/site-packages/airflow/example_dags/example_branch_python_dop_operator_3.py
[2025-01-12T00:43:32.381+0000] {logging_mixin.py:188} INFO - [2025-01-12T00:43:32.380+0000] {dag.py:3036} INFO - Sync 1 DAGs
[2025-01-12T00:43:32.484+0000] {logging_mixin.py:188} INFO - [2025-01-12T00:43:32.483+0000] {dag.py:3823} INFO - Setting next_dagrun for example_branch_dop_operator_v3 to 2025-01-12 00:42:00+00:00, run_after=2025-01-12 00:43:00+00:00
[2025-01-12T00:43:32.533+0000] {processor.py:183} INFO - Processing /home/airflow/.local/lib/python3.8/site-packages/airflow/example_dags/example_branch_python_dop_operator_3.py took 0.300 seconds
[2025-01-12T00:44:02.762+0000] {processor.py:161} INFO - Started process (PID=354) to work on /home/airflow/.local/lib/python3.8/site-packages/airflow/example_dags/example_branch_python_dop_operator_3.py
[2025-01-12T00:44:02.766+0000] {processor.py:830} INFO - Processing file /home/airflow/.local/lib/python3.8/site-packages/airflow/example_dags/example_branch_python_dop_operator_3.py for tasks to queue
[2025-01-12T00:44:02.770+0000] {logging_mixin.py:188} INFO - [2025-01-12T00:44:02.769+0000] {dagbag.py:538} INFO - Filling up the DagBag from /home/airflow/.local/lib/python3.8/site-packages/airflow/example_dags/example_branch_python_dop_operator_3.py
[2025-01-12T00:44:02.790+0000] {processor.py:840} INFO - DAG(s) 'example_branch_dop_operator_v3' retrieved from /home/airflow/.local/lib/python3.8/site-packages/airflow/example_dags/example_branch_python_dop_operator_3.py
[2025-01-12T00:44:02.992+0000] {logging_mixin.py:188} INFO - [2025-01-12T00:44:02.991+0000] {dag.py:3036} INFO - Sync 1 DAGs
[2025-01-12T00:44:03.038+0000] {logging_mixin.py:188} INFO - [2025-01-12T00:44:03.038+0000] {dag.py:3823} INFO - Setting next_dagrun for example_branch_dop_operator_v3 to 2025-01-12 00:43:00+00:00, run_after=2025-01-12 00:44:00+00:00
[2025-01-12T00:44:03.080+0000] {processor.py:183} INFO - Processing /home/airflow/.local/lib/python3.8/site-packages/airflow/example_dags/example_branch_python_dop_operator_3.py took 0.326 seconds
[2025-01-12T00:44:33.988+0000] {processor.py:161} INFO - Started process (PID=410) to work on /home/airflow/.local/lib/python3.8/site-packages/airflow/example_dags/example_branch_python_dop_operator_3.py
[2025-01-12T00:44:33.989+0000] {processor.py:830} INFO - Processing file /home/airflow/.local/lib/python3.8/site-packages/airflow/example_dags/example_branch_python_dop_operator_3.py for tasks to queue
[2025-01-12T00:44:33.992+0000] {logging_mixin.py:188} INFO - [2025-01-12T00:44:33.992+0000] {dagbag.py:538} INFO - Filling up the DagBag from /home/airflow/.local/lib/python3.8/site-packages/airflow/example_dags/example_branch_python_dop_operator_3.py
[2025-01-12T00:44:34.009+0000] {processor.py:840} INFO - DAG(s) 'example_branch_dop_operator_v3' retrieved from /home/airflow/.local/lib/python3.8/site-packages/airflow/example_dags/example_branch_python_dop_operator_3.py
[2025-01-12T00:44:34.039+0000] {logging_mixin.py:188} INFO - [2025-01-12T00:44:34.039+0000] {dag.py:3036} INFO - Sync 1 DAGs
[2025-01-12T00:44:34.090+0000] {logging_mixin.py:188} INFO - [2025-01-12T00:44:34.090+0000] {dag.py:3823} INFO - Setting next_dagrun for example_branch_dop_operator_v3 to 2025-01-12 00:43:00+00:00, run_after=2025-01-12 00:44:00+00:00
[2025-01-12T00:44:34.129+0000] {processor.py:183} INFO - Processing /home/airflow/.local/lib/python3.8/site-packages/airflow/example_dags/example_branch_python_dop_operator_3.py took 0.144 seconds
[2025-01-12T00:45:04.719+0000] {processor.py:161} INFO - Started process (PID=466) to work on /home/airflow/.local/lib/python3.8/site-packages/airflow/example_dags/example_branch_python_dop_operator_3.py
[2025-01-12T00:45:04.721+0000] {processor.py:830} INFO - Processing file /home/airflow/.local/lib/python3.8/site-packages/airflow/example_dags/example_branch_python_dop_operator_3.py for tasks to queue
[2025-01-12T00:45:04.723+0000] {logging_mixin.py:188} INFO - [2025-01-12T00:45:04.723+0000] {dagbag.py:538} INFO - Filling up the DagBag from /home/airflow/.local/lib/python3.8/site-packages/airflow/example_dags/example_branch_python_dop_operator_3.py
[2025-01-12T00:45:04.740+0000] {processor.py:840} INFO - DAG(s) 'example_branch_dop_operator_v3' retrieved from /home/airflow/.local/lib/python3.8/site-packages/airflow/example_dags/example_branch_python_dop_operator_3.py
[2025-01-12T00:45:04.769+0000] {logging_mixin.py:188} INFO - [2025-01-12T00:45:04.769+0000] {dag.py:3036} INFO - Sync 1 DAGs
[2025-01-12T00:45:04.851+0000] {logging_mixin.py:188} INFO - [2025-01-12T00:45:04.850+0000] {dag.py:3823} INFO - Setting next_dagrun for example_branch_dop_operator_v3 to 2025-01-12 00:44:00+00:00, run_after=2025-01-12 00:45:00+00:00
[2025-01-12T00:45:04.886+0000] {processor.py:183} INFO - Processing /home/airflow/.local/lib/python3.8/site-packages/airflow/example_dags/example_branch_python_dop_operator_3.py took 0.171 seconds
[2025-01-12T00:45:35.038+0000] {processor.py:161} INFO - Started process (PID=523) to work on /home/airflow/.local/lib/python3.8/site-packages/airflow/example_dags/example_branch_python_dop_operator_3.py
[2025-01-12T00:45:35.040+0000] {processor.py:830} INFO - Processing file /home/airflow/.local/lib/python3.8/site-packages/airflow/example_dags/example_branch_python_dop_operator_3.py for tasks to queue
[2025-01-12T00:45:35.042+0000] {logging_mixin.py:188} INFO - [2025-01-12T00:45:35.042+0000] {dagbag.py:538} INFO - Filling up the DagBag from /home/airflow/.local/lib/python3.8/site-packages/airflow/example_dags/example_branch_python_dop_operator_3.py
[2025-01-12T00:45:35.057+0000] {processor.py:840} INFO - DAG(s) 'example_branch_dop_operator_v3' retrieved from /home/airflow/.local/lib/python3.8/site-packages/airflow/example_dags/example_branch_python_dop_operator_3.py
[2025-01-12T00:45:35.091+0000] {logging_mixin.py:188} INFO - [2025-01-12T00:45:35.091+0000] {dag.py:3036} INFO - Sync 1 DAGs
[2025-01-12T00:45:35.140+0000] {logging_mixin.py:188} INFO - [2025-01-12T00:45:35.139+0000] {dag.py:3823} INFO - Setting next_dagrun for example_branch_dop_operator_v3 to 2025-01-12 00:44:00+00:00, run_after=2025-01-12 00:45:00+00:00
[2025-01-12T00:45:35.169+0000] {processor.py:183} INFO - Processing /home/airflow/.local/lib/python3.8/site-packages/airflow/example_dags/example_branch_python_dop_operator_3.py took 0.135 seconds
[2025-01-12T00:46:05.314+0000] {processor.py:161} INFO - Started process (PID=579) to work on /home/airflow/.local/lib/python3.8/site-packages/airflow/example_dags/example_branch_python_dop_operator_3.py
[2025-01-12T00:46:05.316+0000] {processor.py:830} INFO - Processing file /home/airflow/.local/lib/python3.8/site-packages/airflow/example_dags/example_branch_python_dop_operator_3.py for tasks to queue
[2025-01-12T00:46:05.319+0000] {logging_mixin.py:188} INFO - [2025-01-12T00:46:05.318+0000] {dagbag.py:538} INFO - Filling up the DagBag from /home/airflow/.local/lib/python3.8/site-packages/airflow/example_dags/example_branch_python_dop_operator_3.py
[2025-01-12T00:46:05.337+0000] {processor.py:840} INFO - DAG(s) 'example_branch_dop_operator_v3' retrieved from /home/airflow/.local/lib/python3.8/site-packages/airflow/example_dags/example_branch_python_dop_operator_3.py
[2025-01-12T00:46:05.379+0000] {logging_mixin.py:188} INFO - [2025-01-12T00:46:05.378+0000] {dag.py:3036} INFO - Sync 1 DAGs
[2025-01-12T00:46:05.441+0000] {logging_mixin.py:188} INFO - [2025-01-12T00:46:05.440+0000] {dag.py:3823} INFO - Setting next_dagrun for example_branch_dop_operator_v3 to 2025-01-12 00:45:00+00:00, run_after=2025-01-12 00:46:00+00:00
[2025-01-12T00:46:05.513+0000] {processor.py:183} INFO - Processing /home/airflow/.local/lib/python3.8/site-packages/airflow/example_dags/example_branch_python_dop_operator_3.py took 0.203 seconds
[2025-01-12T00:46:36.264+0000] {processor.py:161} INFO - Started process (PID=635) to work on /home/airflow/.local/lib/python3.8/site-packages/airflow/example_dags/example_branch_python_dop_operator_3.py
[2025-01-12T00:46:36.267+0000] {processor.py:830} INFO - Processing file /home/airflow/.local/lib/python3.8/site-packages/airflow/example_dags/example_branch_python_dop_operator_3.py for tasks to queue
[2025-01-12T00:46:36.272+0000] {logging_mixin.py:188} INFO - [2025-01-12T00:46:36.271+0000] {dagbag.py:538} INFO - Filling up the DagBag from /home/airflow/.local/lib/python3.8/site-packages/airflow/example_dags/example_branch_python_dop_operator_3.py
[2025-01-12T00:46:36.287+0000] {processor.py:840} INFO - DAG(s) 'example_branch_dop_operator_v3' retrieved from /home/airflow/.local/lib/python3.8/site-packages/airflow/example_dags/example_branch_python_dop_operator_3.py
[2025-01-12T00:46:36.405+0000] {logging_mixin.py:188} INFO - [2025-01-12T00:46:36.405+0000] {dag.py:3036} INFO - Sync 1 DAGs
[2025-01-12T00:46:36.502+0000] {logging_mixin.py:188} INFO - [2025-01-12T00:46:36.501+0000] {dag.py:3823} INFO - Setting next_dagrun for example_branch_dop_operator_v3 to 2025-01-12 00:45:00+00:00, run_after=2025-01-12 00:46:00+00:00
[2025-01-12T00:46:36.537+0000] {processor.py:183} INFO - Processing /home/airflow/.local/lib/python3.8/site-packages/airflow/example_dags/example_branch_python_dop_operator_3.py took 0.279 seconds
[2025-01-12T00:47:07.583+0000] {processor.py:161} INFO - Started process (PID=692) to work on /home/airflow/.local/lib/python3.8/site-packages/airflow/example_dags/example_branch_python_dop_operator_3.py
[2025-01-12T00:47:07.589+0000] {processor.py:830} INFO - Processing file /home/airflow/.local/lib/python3.8/site-packages/airflow/example_dags/example_branch_python_dop_operator_3.py for tasks to queue
[2025-01-12T00:47:07.606+0000] {logging_mixin.py:188} INFO - [2025-01-12T00:47:07.605+0000] {dagbag.py:538} INFO - Filling up the DagBag from /home/airflow/.local/lib/python3.8/site-packages/airflow/example_dags/example_branch_python_dop_operator_3.py
[2025-01-12T00:47:07.691+0000] {processor.py:840} INFO - DAG(s) 'example_branch_dop_operator_v3' retrieved from /home/airflow/.local/lib/python3.8/site-packages/airflow/example_dags/example_branch_python_dop_operator_3.py
[2025-01-12T00:47:07.821+0000] {logging_mixin.py:188} INFO - [2025-01-12T00:47:07.820+0000] {dag.py:3036} INFO - Sync 1 DAGs
[2025-01-12T00:47:07.999+0000] {logging_mixin.py:188} INFO - [2025-01-12T00:47:07.997+0000] {dag.py:3823} INFO - Setting next_dagrun for example_branch_dop_operator_v3 to 2025-01-12 00:46:00+00:00, run_after=2025-01-12 00:47:00+00:00
[2025-01-12T00:47:08.091+0000] {processor.py:183} INFO - Processing /home/airflow/.local/lib/python3.8/site-packages/airflow/example_dags/example_branch_python_dop_operator_3.py took 0.543 seconds
[2025-01-12T00:47:38.519+0000] {processor.py:161} INFO - Started process (PID=748) to work on /home/airflow/.local/lib/python3.8/site-packages/airflow/example_dags/example_branch_python_dop_operator_3.py
[2025-01-12T00:47:38.522+0000] {processor.py:830} INFO - Processing file /home/airflow/.local/lib/python3.8/site-packages/airflow/example_dags/example_branch_python_dop_operator_3.py for tasks to queue
[2025-01-12T00:47:38.527+0000] {logging_mixin.py:188} INFO - [2025-01-12T00:47:38.526+0000] {dagbag.py:538} INFO - Filling up the DagBag from /home/airflow/.local/lib/python3.8/site-packages/airflow/example_dags/example_branch_python_dop_operator_3.py
[2025-01-12T00:47:38.579+0000] {processor.py:840} INFO - DAG(s) 'example_branch_dop_operator_v3' retrieved from /home/airflow/.local/lib/python3.8/site-packages/airflow/example_dags/example_branch_python_dop_operator_3.py
[2025-01-12T00:47:38.660+0000] {logging_mixin.py:188} INFO - [2025-01-12T00:47:38.659+0000] {dag.py:3036} INFO - Sync 1 DAGs
[2025-01-12T00:47:38.800+0000] {logging_mixin.py:188} INFO - [2025-01-12T00:47:38.800+0000] {dag.py:3823} INFO - Setting next_dagrun for example_branch_dop_operator_v3 to 2025-01-12 00:46:00+00:00, run_after=2025-01-12 00:47:00+00:00
[2025-01-12T00:47:38.937+0000] {processor.py:183} INFO - Processing /home/airflow/.local/lib/python3.8/site-packages/airflow/example_dags/example_branch_python_dop_operator_3.py took 0.429 seconds
[2025-01-12T00:48:09.309+0000] {processor.py:161} INFO - Started process (PID=804) to work on /home/airflow/.local/lib/python3.8/site-packages/airflow/example_dags/example_branch_python_dop_operator_3.py
[2025-01-12T00:48:09.311+0000] {processor.py:830} INFO - Processing file /home/airflow/.local/lib/python3.8/site-packages/airflow/example_dags/example_branch_python_dop_operator_3.py for tasks to queue
[2025-01-12T00:48:09.316+0000] {logging_mixin.py:188} INFO - [2025-01-12T00:48:09.315+0000] {dagbag.py:538} INFO - Filling up the DagBag from /home/airflow/.local/lib/python3.8/site-packages/airflow/example_dags/example_branch_python_dop_operator_3.py
[2025-01-12T00:48:09.345+0000] {processor.py:840} INFO - DAG(s) 'example_branch_dop_operator_v3' retrieved from /home/airflow/.local/lib/python3.8/site-packages/airflow/example_dags/example_branch_python_dop_operator_3.py
[2025-01-12T00:48:09.447+0000] {logging_mixin.py:188} INFO - [2025-01-12T00:48:09.446+0000] {dag.py:3036} INFO - Sync 1 DAGs
[2025-01-12T00:48:09.659+0000] {logging_mixin.py:188} INFO - [2025-01-12T00:48:09.649+0000] {dag.py:3823} INFO - Setting next_dagrun for example_branch_dop_operator_v3 to 2025-01-12 00:47:00+00:00, run_after=2025-01-12 00:48:00+00:00
[2025-01-12T00:48:09.828+0000] {processor.py:183} INFO - Processing /home/airflow/.local/lib/python3.8/site-packages/airflow/example_dags/example_branch_python_dop_operator_3.py took 0.527 seconds
[2025-01-12T00:48:41.493+0000] {processor.py:161} INFO - Started process (PID=860) to work on /home/airflow/.local/lib/python3.8/site-packages/airflow/example_dags/example_branch_python_dop_operator_3.py
[2025-01-12T00:48:41.496+0000] {processor.py:830} INFO - Processing file /home/airflow/.local/lib/python3.8/site-packages/airflow/example_dags/example_branch_python_dop_operator_3.py for tasks to queue
[2025-01-12T00:48:41.502+0000] {logging_mixin.py:188} INFO - [2025-01-12T00:48:41.501+0000] {dagbag.py:538} INFO - Filling up the DagBag from /home/airflow/.local/lib/python3.8/site-packages/airflow/example_dags/example_branch_python_dop_operator_3.py
[2025-01-12T00:48:41.528+0000] {processor.py:840} INFO - DAG(s) 'example_branch_dop_operator_v3' retrieved from /home/airflow/.local/lib/python3.8/site-packages/airflow/example_dags/example_branch_python_dop_operator_3.py
[2025-01-12T00:48:41.599+0000] {logging_mixin.py:188} INFO - [2025-01-12T00:48:41.598+0000] {dag.py:3036} INFO - Sync 1 DAGs
[2025-01-12T00:48:41.726+0000] {logging_mixin.py:188} INFO - [2025-01-12T00:48:41.725+0000] {dag.py:3823} INFO - Setting next_dagrun for example_branch_dop_operator_v3 to 2025-01-12 00:47:00+00:00, run_after=2025-01-12 00:48:00+00:00
[2025-01-12T00:48:41.786+0000] {processor.py:183} INFO - Processing /home/airflow/.local/lib/python3.8/site-packages/airflow/example_dags/example_branch_python_dop_operator_3.py took 0.303 seconds
[2025-01-12T00:49:13.430+0000] {processor.py:161} INFO - Started process (PID=916) to work on /home/airflow/.local/lib/python3.8/site-packages/airflow/example_dags/example_branch_python_dop_operator_3.py
[2025-01-12T00:49:13.437+0000] {processor.py:830} INFO - Processing file /home/airflow/.local/lib/python3.8/site-packages/airflow/example_dags/example_branch_python_dop_operator_3.py for tasks to queue
[2025-01-12T00:49:13.456+0000] {logging_mixin.py:188} INFO - [2025-01-12T00:49:13.455+0000] {dagbag.py:538} INFO - Filling up the DagBag from /home/airflow/.local/lib/python3.8/site-packages/airflow/example_dags/example_branch_python_dop_operator_3.py
[2025-01-12T00:49:13.529+0000] {processor.py:840} INFO - DAG(s) 'example_branch_dop_operator_v3' retrieved from /home/airflow/.local/lib/python3.8/site-packages/airflow/example_dags/example_branch_python_dop_operator_3.py
[2025-01-12T00:49:13.652+0000] {logging_mixin.py:188} INFO - [2025-01-12T00:49:13.651+0000] {dag.py:3036} INFO - Sync 1 DAGs
[2025-01-12T00:49:13.814+0000] {logging_mixin.py:188} INFO - [2025-01-12T00:49:13.813+0000] {dag.py:3823} INFO - Setting next_dagrun for example_branch_dop_operator_v3 to 2025-01-12 00:48:00+00:00, run_after=2025-01-12 00:49:00+00:00
[2025-01-12T00:49:14.288+0000] {processor.py:183} INFO - Processing /home/airflow/.local/lib/python3.8/site-packages/airflow/example_dags/example_branch_python_dop_operator_3.py took 0.922 seconds
[2025-01-12T00:49:44.966+0000] {processor.py:161} INFO - Started process (PID=972) to work on /home/airflow/.local/lib/python3.8/site-packages/airflow/example_dags/example_branch_python_dop_operator_3.py
[2025-01-12T00:49:44.970+0000] {processor.py:830} INFO - Processing file /home/airflow/.local/lib/python3.8/site-packages/airflow/example_dags/example_branch_python_dop_operator_3.py for tasks to queue
[2025-01-12T00:49:44.982+0000] {logging_mixin.py:188} INFO - [2025-01-12T00:49:44.981+0000] {dagbag.py:538} INFO - Filling up the DagBag from /home/airflow/.local/lib/python3.8/site-packages/airflow/example_dags/example_branch_python_dop_operator_3.py
[2025-01-12T00:49:45.033+0000] {processor.py:840} INFO - DAG(s) 'example_branch_dop_operator_v3' retrieved from /home/airflow/.local/lib/python3.8/site-packages/airflow/example_dags/example_branch_python_dop_operator_3.py
[2025-01-12T00:49:45.141+0000] {logging_mixin.py:188} INFO - [2025-01-12T00:49:45.141+0000] {dag.py:3036} INFO - Sync 1 DAGs
[2025-01-12T00:49:45.293+0000] {logging_mixin.py:188} INFO - [2025-01-12T00:49:45.293+0000] {dag.py:3823} INFO - Setting next_dagrun for example_branch_dop_operator_v3 to 2025-01-12 00:48:00+00:00, run_after=2025-01-12 00:49:00+00:00
[2025-01-12T00:49:45.384+0000] {processor.py:183} INFO - Processing /home/airflow/.local/lib/python3.8/site-packages/airflow/example_dags/example_branch_python_dop_operator_3.py took 0.426 seconds
[2025-01-12T00:50:18.290+0000] {processor.py:161} INFO - Started process (PID=1026) to work on /home/airflow/.local/lib/python3.8/site-packages/airflow/example_dags/example_branch_python_dop_operator_3.py
[2025-01-12T00:50:18.294+0000] {processor.py:830} INFO - Processing file /home/airflow/.local/lib/python3.8/site-packages/airflow/example_dags/example_branch_python_dop_operator_3.py for tasks to queue
[2025-01-12T00:50:18.317+0000] {logging_mixin.py:188} INFO - [2025-01-12T00:50:18.316+0000] {dagbag.py:538} INFO - Filling up the DagBag from /home/airflow/.local/lib/python3.8/site-packages/airflow/example_dags/example_branch_python_dop_operator_3.py
[2025-01-12T00:50:18.408+0000] {processor.py:840} INFO - DAG(s) 'example_branch_dop_operator_v3' retrieved from /home/airflow/.local/lib/python3.8/site-packages/airflow/example_dags/example_branch_python_dop_operator_3.py
[2025-01-12T00:50:18.535+0000] {logging_mixin.py:188} INFO - [2025-01-12T00:50:18.535+0000] {dag.py:3036} INFO - Sync 1 DAGs
[2025-01-12T00:50:18.804+0000] {logging_mixin.py:188} INFO - [2025-01-12T00:50:18.803+0000] {dag.py:3823} INFO - Setting next_dagrun for example_branch_dop_operator_v3 to 2025-01-12 00:49:00+00:00, run_after=2025-01-12 00:50:00+00:00
[2025-01-12T00:50:19.080+0000] {processor.py:183} INFO - Processing /home/airflow/.local/lib/python3.8/site-packages/airflow/example_dags/example_branch_python_dop_operator_3.py took 0.822 seconds
[2025-01-12T00:50:50.320+0000] {processor.py:161} INFO - Started process (PID=1083) to work on /home/airflow/.local/lib/python3.8/site-packages/airflow/example_dags/example_branch_python_dop_operator_3.py
[2025-01-12T00:50:50.325+0000] {processor.py:830} INFO - Processing file /home/airflow/.local/lib/python3.8/site-packages/airflow/example_dags/example_branch_python_dop_operator_3.py for tasks to queue
[2025-01-12T00:50:50.332+0000] {logging_mixin.py:188} INFO - [2025-01-12T00:50:50.331+0000] {dagbag.py:538} INFO - Filling up the DagBag from /home/airflow/.local/lib/python3.8/site-packages/airflow/example_dags/example_branch_python_dop_operator_3.py
[2025-01-12T00:50:50.375+0000] {processor.py:840} INFO - DAG(s) 'example_branch_dop_operator_v3' retrieved from /home/airflow/.local/lib/python3.8/site-packages/airflow/example_dags/example_branch_python_dop_operator_3.py
[2025-01-12T00:50:50.494+0000] {logging_mixin.py:188} INFO - [2025-01-12T00:50:50.493+0000] {dag.py:3036} INFO - Sync 1 DAGs
[2025-01-12T00:50:50.673+0000] {logging_mixin.py:188} INFO - [2025-01-12T00:50:50.673+0000] {dag.py:3823} INFO - Setting next_dagrun for example_branch_dop_operator_v3 to 2025-01-12 00:49:00+00:00, run_after=2025-01-12 00:50:00+00:00
[2025-01-12T00:50:50.784+0000] {processor.py:183} INFO - Processing /home/airflow/.local/lib/python3.8/site-packages/airflow/example_dags/example_branch_python_dop_operator_3.py took 0.482 seconds
[2025-01-12T00:51:21.591+0000] {processor.py:161} INFO - Started process (PID=1139) to work on /home/airflow/.local/lib/python3.8/site-packages/airflow/example_dags/example_branch_python_dop_operator_3.py
[2025-01-12T00:51:21.604+0000] {processor.py:830} INFO - Processing file /home/airflow/.local/lib/python3.8/site-packages/airflow/example_dags/example_branch_python_dop_operator_3.py for tasks to queue
[2025-01-12T00:51:21.620+0000] {logging_mixin.py:188} INFO - [2025-01-12T00:51:21.609+0000] {dagbag.py:538} INFO - Filling up the DagBag from /home/airflow/.local/lib/python3.8/site-packages/airflow/example_dags/example_branch_python_dop_operator_3.py
[2025-01-12T00:51:21.700+0000] {processor.py:840} INFO - DAG(s) 'example_branch_dop_operator_v3' retrieved from /home/airflow/.local/lib/python3.8/site-packages/airflow/example_dags/example_branch_python_dop_operator_3.py
[2025-01-12T00:51:21.844+0000] {logging_mixin.py:188} INFO - [2025-01-12T00:51:21.843+0000] {dag.py:3036} INFO - Sync 1 DAGs
[2025-01-12T00:51:22.087+0000] {logging_mixin.py:188} INFO - [2025-01-12T00:51:22.086+0000] {dag.py:3823} INFO - Setting next_dagrun for example_branch_dop_operator_v3 to 2025-01-12 00:50:00+00:00, run_after=2025-01-12 00:51:00+00:00
[2025-01-12T00:51:22.272+0000] {processor.py:183} INFO - Processing /home/airflow/.local/lib/python3.8/site-packages/airflow/example_dags/example_branch_python_dop_operator_3.py took 0.710 seconds
[2025-01-12T00:51:52.968+0000] {processor.py:161} INFO - Started process (PID=1196) to work on /home/airflow/.local/lib/python3.8/site-packages/airflow/example_dags/example_branch_python_dop_operator_3.py
[2025-01-12T00:51:52.970+0000] {processor.py:830} INFO - Processing file /home/airflow/.local/lib/python3.8/site-packages/airflow/example_dags/example_branch_python_dop_operator_3.py for tasks to queue
[2025-01-12T00:51:52.972+0000] {logging_mixin.py:188} INFO - [2025-01-12T00:51:52.972+0000] {dagbag.py:538} INFO - Filling up the DagBag from /home/airflow/.local/lib/python3.8/site-packages/airflow/example_dags/example_branch_python_dop_operator_3.py
[2025-01-12T00:51:52.994+0000] {processor.py:840} INFO - DAG(s) 'example_branch_dop_operator_v3' retrieved from /home/airflow/.local/lib/python3.8/site-packages/airflow/example_dags/example_branch_python_dop_operator_3.py
[2025-01-12T00:51:53.051+0000] {logging_mixin.py:188} INFO - [2025-01-12T00:51:53.051+0000] {dag.py:3036} INFO - Sync 1 DAGs
[2025-01-12T00:51:53.149+0000] {logging_mixin.py:188} INFO - [2025-01-12T00:51:53.148+0000] {dag.py:3823} INFO - Setting next_dagrun for example_branch_dop_operator_v3 to 2025-01-12 00:50:00+00:00, run_after=2025-01-12 00:51:00+00:00
[2025-01-12T00:51:53.225+0000] {processor.py:183} INFO - Processing /home/airflow/.local/lib/python3.8/site-packages/airflow/example_dags/example_branch_python_dop_operator_3.py took 0.266 seconds
[2025-01-12T00:52:23.328+0000] {processor.py:161} INFO - Started process (PID=1252) to work on /home/airflow/.local/lib/python3.8/site-packages/airflow/example_dags/example_branch_python_dop_operator_3.py
[2025-01-12T00:52:23.329+0000] {processor.py:830} INFO - Processing file /home/airflow/.local/lib/python3.8/site-packages/airflow/example_dags/example_branch_python_dop_operator_3.py for tasks to queue
[2025-01-12T00:52:23.331+0000] {logging_mixin.py:188} INFO - [2025-01-12T00:52:23.330+0000] {dagbag.py:538} INFO - Filling up the DagBag from /home/airflow/.local/lib/python3.8/site-packages/airflow/example_dags/example_branch_python_dop_operator_3.py
[2025-01-12T00:52:23.346+0000] {processor.py:840} INFO - DAG(s) 'example_branch_dop_operator_v3' retrieved from /home/airflow/.local/lib/python3.8/site-packages/airflow/example_dags/example_branch_python_dop_operator_3.py
[2025-01-12T00:52:23.383+0000] {logging_mixin.py:188} INFO - [2025-01-12T00:52:23.382+0000] {dag.py:3036} INFO - Sync 1 DAGs
[2025-01-12T00:52:23.426+0000] {logging_mixin.py:188} INFO - [2025-01-12T00:52:23.426+0000] {dag.py:3823} INFO - Setting next_dagrun for example_branch_dop_operator_v3 to 2025-01-12 00:51:00+00:00, run_after=2025-01-12 00:52:00+00:00
[2025-01-12T00:52:23.476+0000] {processor.py:183} INFO - Processing /home/airflow/.local/lib/python3.8/site-packages/airflow/example_dags/example_branch_python_dop_operator_3.py took 0.155 seconds
[2025-01-12T00:52:53.674+0000] {processor.py:161} INFO - Started process (PID=1307) to work on /home/airflow/.local/lib/python3.8/site-packages/airflow/example_dags/example_branch_python_dop_operator_3.py
[2025-01-12T00:52:53.677+0000] {processor.py:830} INFO - Processing file /home/airflow/.local/lib/python3.8/site-packages/airflow/example_dags/example_branch_python_dop_operator_3.py for tasks to queue
[2025-01-12T00:52:53.680+0000] {logging_mixin.py:188} INFO - [2025-01-12T00:52:53.679+0000] {dagbag.py:538} INFO - Filling up the DagBag from /home/airflow/.local/lib/python3.8/site-packages/airflow/example_dags/example_branch_python_dop_operator_3.py
[2025-01-12T00:52:53.732+0000] {processor.py:840} INFO - DAG(s) 'example_branch_dop_operator_v3' retrieved from /home/airflow/.local/lib/python3.8/site-packages/airflow/example_dags/example_branch_python_dop_operator_3.py
[2025-01-12T00:52:53.792+0000] {logging_mixin.py:188} INFO - [2025-01-12T00:52:53.791+0000] {dag.py:3036} INFO - Sync 1 DAGs
[2025-01-12T00:52:53.903+0000] {logging_mixin.py:188} INFO - [2025-01-12T00:52:53.902+0000] {dag.py:3823} INFO - Setting next_dagrun for example_branch_dop_operator_v3 to 2025-01-12 00:51:00+00:00, run_after=2025-01-12 00:52:00+00:00
[2025-01-12T00:52:53.957+0000] {processor.py:183} INFO - Processing /home/airflow/.local/lib/python3.8/site-packages/airflow/example_dags/example_branch_python_dop_operator_3.py took 0.297 seconds
[2025-01-12T00:53:25.002+0000] {processor.py:161} INFO - Started process (PID=1363) to work on /home/airflow/.local/lib/python3.8/site-packages/airflow/example_dags/example_branch_python_dop_operator_3.py
[2025-01-12T00:53:25.004+0000] {processor.py:830} INFO - Processing file /home/airflow/.local/lib/python3.8/site-packages/airflow/example_dags/example_branch_python_dop_operator_3.py for tasks to queue
[2025-01-12T00:53:25.007+0000] {logging_mixin.py:188} INFO - [2025-01-12T00:53:25.006+0000] {dagbag.py:538} INFO - Filling up the DagBag from /home/airflow/.local/lib/python3.8/site-packages/airflow/example_dags/example_branch_python_dop_operator_3.py
[2025-01-12T00:53:25.033+0000] {processor.py:840} INFO - DAG(s) 'example_branch_dop_operator_v3' retrieved from /home/airflow/.local/lib/python3.8/site-packages/airflow/example_dags/example_branch_python_dop_operator_3.py
[2025-01-12T00:53:25.113+0000] {logging_mixin.py:188} INFO - [2025-01-12T00:53:25.113+0000] {dag.py:3036} INFO - Sync 1 DAGs
[2025-01-12T00:53:25.195+0000] {logging_mixin.py:188} INFO - [2025-01-12T00:53:25.194+0000] {dag.py:3823} INFO - Setting next_dagrun for example_branch_dop_operator_v3 to 2025-01-12 00:52:00+00:00, run_after=2025-01-12 00:53:00+00:00
[2025-01-12T00:53:25.256+0000] {processor.py:183} INFO - Processing /home/airflow/.local/lib/python3.8/site-packages/airflow/example_dags/example_branch_python_dop_operator_3.py took 0.263 seconds
[2025-01-12T00:53:56.038+0000] {processor.py:161} INFO - Started process (PID=1423) to work on /home/airflow/.local/lib/python3.8/site-packages/airflow/example_dags/example_branch_python_dop_operator_3.py
[2025-01-12T00:53:56.042+0000] {processor.py:830} INFO - Processing file /home/airflow/.local/lib/python3.8/site-packages/airflow/example_dags/example_branch_python_dop_operator_3.py for tasks to queue
[2025-01-12T00:53:56.046+0000] {logging_mixin.py:188} INFO - [2025-01-12T00:53:56.046+0000] {dagbag.py:538} INFO - Filling up the DagBag from /home/airflow/.local/lib/python3.8/site-packages/airflow/example_dags/example_branch_python_dop_operator_3.py
[2025-01-12T00:53:56.084+0000] {processor.py:840} INFO - DAG(s) 'example_branch_dop_operator_v3' retrieved from /home/airflow/.local/lib/python3.8/site-packages/airflow/example_dags/example_branch_python_dop_operator_3.py
[2025-01-12T00:53:56.167+0000] {logging_mixin.py:188} INFO - [2025-01-12T00:53:56.166+0000] {dag.py:3036} INFO - Sync 1 DAGs
[2025-01-12T00:53:56.286+0000] {logging_mixin.py:188} INFO - [2025-01-12T00:53:56.285+0000] {dag.py:3823} INFO - Setting next_dagrun for example_branch_dop_operator_v3 to 2025-01-12 00:52:00+00:00, run_after=2025-01-12 00:53:00+00:00
[2025-01-12T00:53:56.349+0000] {processor.py:183} INFO - Processing /home/airflow/.local/lib/python3.8/site-packages/airflow/example_dags/example_branch_python_dop_operator_3.py took 0.323 seconds
[2025-01-12T00:54:27.018+0000] {processor.py:161} INFO - Started process (PID=1479) to work on /home/airflow/.local/lib/python3.8/site-packages/airflow/example_dags/example_branch_python_dop_operator_3.py
[2025-01-12T00:54:27.025+0000] {processor.py:830} INFO - Processing file /home/airflow/.local/lib/python3.8/site-packages/airflow/example_dags/example_branch_python_dop_operator_3.py for tasks to queue
[2025-01-12T00:54:27.029+0000] {logging_mixin.py:188} INFO - [2025-01-12T00:54:27.028+0000] {dagbag.py:538} INFO - Filling up the DagBag from /home/airflow/.local/lib/python3.8/site-packages/airflow/example_dags/example_branch_python_dop_operator_3.py
[2025-01-12T00:54:27.069+0000] {processor.py:840} INFO - DAG(s) 'example_branch_dop_operator_v3' retrieved from /home/airflow/.local/lib/python3.8/site-packages/airflow/example_dags/example_branch_python_dop_operator_3.py
[2025-01-12T00:54:27.151+0000] {logging_mixin.py:188} INFO - [2025-01-12T00:54:27.150+0000] {dag.py:3036} INFO - Sync 1 DAGs
[2025-01-12T00:54:27.295+0000] {logging_mixin.py:188} INFO - [2025-01-12T00:54:27.295+0000] {dag.py:3823} INFO - Setting next_dagrun for example_branch_dop_operator_v3 to 2025-01-12 00:53:00+00:00, run_after=2025-01-12 00:54:00+00:00
[2025-01-12T00:54:27.539+0000] {processor.py:183} INFO - Processing /home/airflow/.local/lib/python3.8/site-packages/airflow/example_dags/example_branch_python_dop_operator_3.py took 0.530 seconds
[2025-01-12T00:54:57.666+0000] {processor.py:161} INFO - Started process (PID=1535) to work on /home/airflow/.local/lib/python3.8/site-packages/airflow/example_dags/example_branch_python_dop_operator_3.py
[2025-01-12T00:54:57.669+0000] {processor.py:830} INFO - Processing file /home/airflow/.local/lib/python3.8/site-packages/airflow/example_dags/example_branch_python_dop_operator_3.py for tasks to queue
[2025-01-12T00:54:57.671+0000] {logging_mixin.py:188} INFO - [2025-01-12T00:54:57.670+0000] {dagbag.py:538} INFO - Filling up the DagBag from /home/airflow/.local/lib/python3.8/site-packages/airflow/example_dags/example_branch_python_dop_operator_3.py
[2025-01-12T00:54:57.694+0000] {processor.py:840} INFO - DAG(s) 'example_branch_dop_operator_v3' retrieved from /home/airflow/.local/lib/python3.8/site-packages/airflow/example_dags/example_branch_python_dop_operator_3.py
[2025-01-12T00:54:57.732+0000] {logging_mixin.py:188} INFO - [2025-01-12T00:54:57.732+0000] {dag.py:3036} INFO - Sync 1 DAGs
[2025-01-12T00:54:57.784+0000] {logging_mixin.py:188} INFO - [2025-01-12T00:54:57.784+0000] {dag.py:3823} INFO - Setting next_dagrun for example_branch_dop_operator_v3 to 2025-01-12 00:53:00+00:00, run_after=2025-01-12 00:54:00+00:00
[2025-01-12T00:54:57.828+0000] {processor.py:183} INFO - Processing /home/airflow/.local/lib/python3.8/site-packages/airflow/example_dags/example_branch_python_dop_operator_3.py took 0.169 seconds
[2025-01-12T00:55:29.177+0000] {processor.py:161} INFO - Started process (PID=1591) to work on /home/airflow/.local/lib/python3.8/site-packages/airflow/example_dags/example_branch_python_dop_operator_3.py
[2025-01-12T00:55:29.184+0000] {processor.py:830} INFO - Processing file /home/airflow/.local/lib/python3.8/site-packages/airflow/example_dags/example_branch_python_dop_operator_3.py for tasks to queue
[2025-01-12T00:55:29.189+0000] {logging_mixin.py:188} INFO - [2025-01-12T00:55:29.187+0000] {dagbag.py:538} INFO - Filling up the DagBag from /home/airflow/.local/lib/python3.8/site-packages/airflow/example_dags/example_branch_python_dop_operator_3.py
[2025-01-12T00:55:29.216+0000] {processor.py:840} INFO - DAG(s) 'example_branch_dop_operator_v3' retrieved from /home/airflow/.local/lib/python3.8/site-packages/airflow/example_dags/example_branch_python_dop_operator_3.py
[2025-01-12T00:55:29.276+0000] {logging_mixin.py:188} INFO - [2025-01-12T00:55:29.275+0000] {dag.py:3036} INFO - Sync 1 DAGs
[2025-01-12T00:55:29.388+0000] {logging_mixin.py:188} INFO - [2025-01-12T00:55:29.387+0000] {dag.py:3823} INFO - Setting next_dagrun for example_branch_dop_operator_v3 to 2025-01-12 00:54:00+00:00, run_after=2025-01-12 00:55:00+00:00
[2025-01-12T00:55:29.492+0000] {processor.py:183} INFO - Processing /home/airflow/.local/lib/python3.8/site-packages/airflow/example_dags/example_branch_python_dop_operator_3.py took 0.328 seconds
[2025-01-12T00:56:00.325+0000] {processor.py:161} INFO - Started process (PID=1647) to work on /home/airflow/.local/lib/python3.8/site-packages/airflow/example_dags/example_branch_python_dop_operator_3.py
[2025-01-12T00:56:00.331+0000] {processor.py:830} INFO - Processing file /home/airflow/.local/lib/python3.8/site-packages/airflow/example_dags/example_branch_python_dop_operator_3.py for tasks to queue
[2025-01-12T00:56:00.335+0000] {logging_mixin.py:188} INFO - [2025-01-12T00:56:00.334+0000] {dagbag.py:538} INFO - Filling up the DagBag from /home/airflow/.local/lib/python3.8/site-packages/airflow/example_dags/example_branch_python_dop_operator_3.py
[2025-01-12T00:56:00.377+0000] {processor.py:840} INFO - DAG(s) 'example_branch_dop_operator_v3' retrieved from /home/airflow/.local/lib/python3.8/site-packages/airflow/example_dags/example_branch_python_dop_operator_3.py
[2025-01-12T00:56:00.459+0000] {logging_mixin.py:188} INFO - [2025-01-12T00:56:00.458+0000] {dag.py:3036} INFO - Sync 1 DAGs
[2025-01-12T00:56:00.618+0000] {logging_mixin.py:188} INFO - [2025-01-12T00:56:00.617+0000] {dag.py:3823} INFO - Setting next_dagrun for example_branch_dop_operator_v3 to 2025-01-12 00:55:00+00:00, run_after=2025-01-12 00:56:00+00:00
[2025-01-12T00:56:00.700+0000] {processor.py:183} INFO - Processing /home/airflow/.local/lib/python3.8/site-packages/airflow/example_dags/example_branch_python_dop_operator_3.py took 0.386 seconds
[2025-01-12T00:56:30.975+0000] {processor.py:161} INFO - Started process (PID=1703) to work on /home/airflow/.local/lib/python3.8/site-packages/airflow/example_dags/example_branch_python_dop_operator_3.py
[2025-01-12T00:56:30.978+0000] {processor.py:830} INFO - Processing file /home/airflow/.local/lib/python3.8/site-packages/airflow/example_dags/example_branch_python_dop_operator_3.py for tasks to queue
[2025-01-12T00:56:30.981+0000] {logging_mixin.py:188} INFO - [2025-01-12T00:56:30.980+0000] {dagbag.py:538} INFO - Filling up the DagBag from /home/airflow/.local/lib/python3.8/site-packages/airflow/example_dags/example_branch_python_dop_operator_3.py
[2025-01-12T00:56:31.014+0000] {processor.py:840} INFO - DAG(s) 'example_branch_dop_operator_v3' retrieved from /home/airflow/.local/lib/python3.8/site-packages/airflow/example_dags/example_branch_python_dop_operator_3.py
[2025-01-12T00:56:31.081+0000] {logging_mixin.py:188} INFO - [2025-01-12T00:56:31.080+0000] {dag.py:3036} INFO - Sync 1 DAGs
[2025-01-12T00:56:31.173+0000] {logging_mixin.py:188} INFO - [2025-01-12T00:56:31.173+0000] {dag.py:3823} INFO - Setting next_dagrun for example_branch_dop_operator_v3 to 2025-01-12 00:55:00+00:00, run_after=2025-01-12 00:56:00+00:00
[2025-01-12T00:56:31.234+0000] {processor.py:183} INFO - Processing /home/airflow/.local/lib/python3.8/site-packages/airflow/example_dags/example_branch_python_dop_operator_3.py took 0.274 seconds
[2025-01-12T00:57:01.300+0000] {processor.py:161} INFO - Started process (PID=1759) to work on /home/airflow/.local/lib/python3.8/site-packages/airflow/example_dags/example_branch_python_dop_operator_3.py
[2025-01-12T00:57:01.303+0000] {processor.py:830} INFO - Processing file /home/airflow/.local/lib/python3.8/site-packages/airflow/example_dags/example_branch_python_dop_operator_3.py for tasks to queue
[2025-01-12T00:57:01.305+0000] {logging_mixin.py:188} INFO - [2025-01-12T00:57:01.304+0000] {dagbag.py:538} INFO - Filling up the DagBag from /home/airflow/.local/lib/python3.8/site-packages/airflow/example_dags/example_branch_python_dop_operator_3.py
[2025-01-12T00:57:01.326+0000] {processor.py:840} INFO - DAG(s) 'example_branch_dop_operator_v3' retrieved from /home/airflow/.local/lib/python3.8/site-packages/airflow/example_dags/example_branch_python_dop_operator_3.py
[2025-01-12T00:57:01.366+0000] {logging_mixin.py:188} INFO - [2025-01-12T00:57:01.365+0000] {dag.py:3036} INFO - Sync 1 DAGs
[2025-01-12T00:57:01.422+0000] {logging_mixin.py:188} INFO - [2025-01-12T00:57:01.422+0000] {dag.py:3823} INFO - Setting next_dagrun for example_branch_dop_operator_v3 to 2025-01-12 00:56:00+00:00, run_after=2025-01-12 00:57:00+00:00
[2025-01-12T00:57:01.460+0000] {processor.py:183} INFO - Processing /home/airflow/.local/lib/python3.8/site-packages/airflow/example_dags/example_branch_python_dop_operator_3.py took 0.167 seconds
[2025-01-12T00:57:34.296+0000] {processor.py:161} INFO - Started process (PID=1826) to work on /home/airflow/.local/lib/python3.8/site-packages/airflow/example_dags/example_branch_python_dop_operator_3.py
[2025-01-12T00:57:34.299+0000] {processor.py:830} INFO - Processing file /home/airflow/.local/lib/python3.8/site-packages/airflow/example_dags/example_branch_python_dop_operator_3.py for tasks to queue
[2025-01-12T00:57:34.312+0000] {logging_mixin.py:188} INFO - [2025-01-12T00:57:34.311+0000] {dagbag.py:538} INFO - Filling up the DagBag from /home/airflow/.local/lib/python3.8/site-packages/airflow/example_dags/example_branch_python_dop_operator_3.py
[2025-01-12T00:57:34.380+0000] {processor.py:840} INFO - DAG(s) 'example_branch_dop_operator_v3' retrieved from /home/airflow/.local/lib/python3.8/site-packages/airflow/example_dags/example_branch_python_dop_operator_3.py
[2025-01-12T00:57:34.510+0000] {logging_mixin.py:188} INFO - [2025-01-12T00:57:34.505+0000] {dag.py:3036} INFO - Sync 1 DAGs
[2025-01-12T00:57:34.644+0000] {logging_mixin.py:188} INFO - [2025-01-12T00:57:34.643+0000] {dag.py:3823} INFO - Setting next_dagrun for example_branch_dop_operator_v3 to 2025-01-12 00:56:00+00:00, run_after=2025-01-12 00:57:00+00:00
[2025-01-12T00:57:34.743+0000] {processor.py:183} INFO - Processing /home/airflow/.local/lib/python3.8/site-packages/airflow/example_dags/example_branch_python_dop_operator_3.py took 0.478 seconds
[2025-01-12T00:58:04.982+0000] {processor.py:161} INFO - Started process (PID=1882) to work on /home/airflow/.local/lib/python3.8/site-packages/airflow/example_dags/example_branch_python_dop_operator_3.py
[2025-01-12T00:58:04.985+0000] {processor.py:830} INFO - Processing file /home/airflow/.local/lib/python3.8/site-packages/airflow/example_dags/example_branch_python_dop_operator_3.py for tasks to queue
[2025-01-12T00:58:04.987+0000] {logging_mixin.py:188} INFO - [2025-01-12T00:58:04.987+0000] {dagbag.py:538} INFO - Filling up the DagBag from /home/airflow/.local/lib/python3.8/site-packages/airflow/example_dags/example_branch_python_dop_operator_3.py
[2025-01-12T00:58:05.019+0000] {processor.py:840} INFO - DAG(s) 'example_branch_dop_operator_v3' retrieved from /home/airflow/.local/lib/python3.8/site-packages/airflow/example_dags/example_branch_python_dop_operator_3.py
[2025-01-12T00:58:05.071+0000] {logging_mixin.py:188} INFO - [2025-01-12T00:58:05.071+0000] {dag.py:3036} INFO - Sync 1 DAGs
[2025-01-12T00:58:05.132+0000] {logging_mixin.py:188} INFO - [2025-01-12T00:58:05.132+0000] {dag.py:3823} INFO - Setting next_dagrun for example_branch_dop_operator_v3 to 2025-01-12 00:57:00+00:00, run_after=2025-01-12 00:58:00+00:00
[2025-01-12T00:58:05.195+0000] {processor.py:183} INFO - Processing /home/airflow/.local/lib/python3.8/site-packages/airflow/example_dags/example_branch_python_dop_operator_3.py took 0.221 seconds
[2025-01-12T00:58:35.468+0000] {processor.py:161} INFO - Started process (PID=1938) to work on /home/airflow/.local/lib/python3.8/site-packages/airflow/example_dags/example_branch_python_dop_operator_3.py
[2025-01-12T00:58:35.471+0000] {processor.py:830} INFO - Processing file /home/airflow/.local/lib/python3.8/site-packages/airflow/example_dags/example_branch_python_dop_operator_3.py for tasks to queue
[2025-01-12T00:58:35.473+0000] {logging_mixin.py:188} INFO - [2025-01-12T00:58:35.473+0000] {dagbag.py:538} INFO - Filling up the DagBag from /home/airflow/.local/lib/python3.8/site-packages/airflow/example_dags/example_branch_python_dop_operator_3.py
[2025-01-12T00:58:35.492+0000] {processor.py:840} INFO - DAG(s) 'example_branch_dop_operator_v3' retrieved from /home/airflow/.local/lib/python3.8/site-packages/airflow/example_dags/example_branch_python_dop_operator_3.py
[2025-01-12T00:58:35.535+0000] {logging_mixin.py:188} INFO - [2025-01-12T00:58:35.534+0000] {dag.py:3036} INFO - Sync 1 DAGs
[2025-01-12T00:58:35.594+0000] {logging_mixin.py:188} INFO - [2025-01-12T00:58:35.593+0000] {dag.py:3823} INFO - Setting next_dagrun for example_branch_dop_operator_v3 to 2025-01-12 00:57:00+00:00, run_after=2025-01-12 00:58:00+00:00
[2025-01-12T00:58:35.641+0000] {processor.py:183} INFO - Processing /home/airflow/.local/lib/python3.8/site-packages/airflow/example_dags/example_branch_python_dop_operator_3.py took 0.179 seconds
[2025-01-12T00:59:05.776+0000] {processor.py:161} INFO - Started process (PID=1993) to work on /home/airflow/.local/lib/python3.8/site-packages/airflow/example_dags/example_branch_python_dop_operator_3.py
[2025-01-12T00:59:05.778+0000] {processor.py:830} INFO - Processing file /home/airflow/.local/lib/python3.8/site-packages/airflow/example_dags/example_branch_python_dop_operator_3.py for tasks to queue
[2025-01-12T00:59:05.781+0000] {logging_mixin.py:188} INFO - [2025-01-12T00:59:05.780+0000] {dagbag.py:538} INFO - Filling up the DagBag from /home/airflow/.local/lib/python3.8/site-packages/airflow/example_dags/example_branch_python_dop_operator_3.py
[2025-01-12T00:59:05.801+0000] {processor.py:840} INFO - DAG(s) 'example_branch_dop_operator_v3' retrieved from /home/airflow/.local/lib/python3.8/site-packages/airflow/example_dags/example_branch_python_dop_operator_3.py
[2025-01-12T00:59:05.841+0000] {logging_mixin.py:188} INFO - [2025-01-12T00:59:05.840+0000] {dag.py:3036} INFO - Sync 1 DAGs
[2025-01-12T00:59:05.883+0000] {logging_mixin.py:188} INFO - [2025-01-12T00:59:05.882+0000] {dag.py:3823} INFO - Setting next_dagrun for example_branch_dop_operator_v3 to 2025-01-12 00:58:00+00:00, run_after=2025-01-12 00:59:00+00:00
[2025-01-12T00:59:05.910+0000] {processor.py:183} INFO - Processing /home/airflow/.local/lib/python3.8/site-packages/airflow/example_dags/example_branch_python_dop_operator_3.py took 0.139 seconds
[2025-01-12T00:59:36.373+0000] {processor.py:161} INFO - Started process (PID=2049) to work on /home/airflow/.local/lib/python3.8/site-packages/airflow/example_dags/example_branch_python_dop_operator_3.py
[2025-01-12T00:59:36.396+0000] {processor.py:830} INFO - Processing file /home/airflow/.local/lib/python3.8/site-packages/airflow/example_dags/example_branch_python_dop_operator_3.py for tasks to queue
[2025-01-12T00:59:36.400+0000] {logging_mixin.py:188} INFO - [2025-01-12T00:59:36.399+0000] {dagbag.py:538} INFO - Filling up the DagBag from /home/airflow/.local/lib/python3.8/site-packages/airflow/example_dags/example_branch_python_dop_operator_3.py
[2025-01-12T00:59:36.444+0000] {processor.py:840} INFO - DAG(s) 'example_branch_dop_operator_v3' retrieved from /home/airflow/.local/lib/python3.8/site-packages/airflow/example_dags/example_branch_python_dop_operator_3.py
[2025-01-12T00:59:36.517+0000] {logging_mixin.py:188} INFO - [2025-01-12T00:59:36.517+0000] {dag.py:3036} INFO - Sync 1 DAGs
[2025-01-12T00:59:36.570+0000] {logging_mixin.py:188} INFO - [2025-01-12T00:59:36.570+0000] {dag.py:3823} INFO - Setting next_dagrun for example_branch_dop_operator_v3 to 2025-01-12 00:58:00+00:00, run_after=2025-01-12 00:59:00+00:00
[2025-01-12T00:59:36.608+0000] {processor.py:183} INFO - Processing /home/airflow/.local/lib/python3.8/site-packages/airflow/example_dags/example_branch_python_dop_operator_3.py took 0.250 seconds
[2025-01-12T01:00:07.904+0000] {processor.py:161} INFO - Started process (PID=2105) to work on /home/airflow/.local/lib/python3.8/site-packages/airflow/example_dags/example_branch_python_dop_operator_3.py
[2025-01-12T01:00:07.907+0000] {processor.py:830} INFO - Processing file /home/airflow/.local/lib/python3.8/site-packages/airflow/example_dags/example_branch_python_dop_operator_3.py for tasks to queue
[2025-01-12T01:00:07.910+0000] {logging_mixin.py:188} INFO - [2025-01-12T01:00:07.909+0000] {dagbag.py:538} INFO - Filling up the DagBag from /home/airflow/.local/lib/python3.8/site-packages/airflow/example_dags/example_branch_python_dop_operator_3.py
[2025-01-12T01:00:07.943+0000] {processor.py:840} INFO - DAG(s) 'example_branch_dop_operator_v3' retrieved from /home/airflow/.local/lib/python3.8/site-packages/airflow/example_dags/example_branch_python_dop_operator_3.py
[2025-01-12T01:00:08.007+0000] {logging_mixin.py:188} INFO - [2025-01-12T01:00:08.006+0000] {dag.py:3036} INFO - Sync 1 DAGs
[2025-01-12T01:00:08.098+0000] {logging_mixin.py:188} INFO - [2025-01-12T01:00:08.098+0000] {dag.py:3823} INFO - Setting next_dagrun for example_branch_dop_operator_v3 to 2025-01-12 00:59:00+00:00, run_after=2025-01-12 01:00:00+00:00
[2025-01-12T01:00:08.164+0000] {processor.py:183} INFO - Processing /home/airflow/.local/lib/python3.8/site-packages/airflow/example_dags/example_branch_python_dop_operator_3.py took 0.273 seconds
[2025-01-12T01:00:38.571+0000] {processor.py:161} INFO - Started process (PID=2159) to work on /home/airflow/.local/lib/python3.8/site-packages/airflow/example_dags/example_branch_python_dop_operator_3.py
[2025-01-12T01:00:38.574+0000] {processor.py:830} INFO - Processing file /home/airflow/.local/lib/python3.8/site-packages/airflow/example_dags/example_branch_python_dop_operator_3.py for tasks to queue
[2025-01-12T01:00:38.576+0000] {logging_mixin.py:188} INFO - [2025-01-12T01:00:38.576+0000] {dagbag.py:538} INFO - Filling up the DagBag from /home/airflow/.local/lib/python3.8/site-packages/airflow/example_dags/example_branch_python_dop_operator_3.py
[2025-01-12T01:00:38.598+0000] {processor.py:840} INFO - DAG(s) 'example_branch_dop_operator_v3' retrieved from /home/airflow/.local/lib/python3.8/site-packages/airflow/example_dags/example_branch_python_dop_operator_3.py
[2025-01-12T01:00:38.640+0000] {logging_mixin.py:188} INFO - [2025-01-12T01:00:38.639+0000] {dag.py:3036} INFO - Sync 1 DAGs
[2025-01-12T01:00:38.696+0000] {logging_mixin.py:188} INFO - [2025-01-12T01:00:38.696+0000] {dag.py:3823} INFO - Setting next_dagrun for example_branch_dop_operator_v3 to 2025-01-12 00:59:00+00:00, run_after=2025-01-12 01:00:00+00:00
[2025-01-12T01:00:38.748+0000] {processor.py:183} INFO - Processing /home/airflow/.local/lib/python3.8/site-packages/airflow/example_dags/example_branch_python_dop_operator_3.py took 0.184 seconds
[2025-01-12T01:01:09.740+0000] {processor.py:161} INFO - Started process (PID=2215) to work on /home/airflow/.local/lib/python3.8/site-packages/airflow/example_dags/example_branch_python_dop_operator_3.py
[2025-01-12T01:01:09.747+0000] {processor.py:830} INFO - Processing file /home/airflow/.local/lib/python3.8/site-packages/airflow/example_dags/example_branch_python_dop_operator_3.py for tasks to queue
[2025-01-12T01:01:09.750+0000] {logging_mixin.py:188} INFO - [2025-01-12T01:01:09.749+0000] {dagbag.py:538} INFO - Filling up the DagBag from /home/airflow/.local/lib/python3.8/site-packages/airflow/example_dags/example_branch_python_dop_operator_3.py
[2025-01-12T01:01:09.815+0000] {processor.py:840} INFO - DAG(s) 'example_branch_dop_operator_v3' retrieved from /home/airflow/.local/lib/python3.8/site-packages/airflow/example_dags/example_branch_python_dop_operator_3.py
[2025-01-12T01:01:09.942+0000] {logging_mixin.py:188} INFO - [2025-01-12T01:01:09.941+0000] {dag.py:3036} INFO - Sync 1 DAGs
[2025-01-12T01:01:10.145+0000] {logging_mixin.py:188} INFO - [2025-01-12T01:01:10.144+0000] {dag.py:3823} INFO - Setting next_dagrun for example_branch_dop_operator_v3 to 2025-01-12 01:00:00+00:00, run_after=2025-01-12 01:01:00+00:00
[2025-01-12T01:01:10.280+0000] {processor.py:183} INFO - Processing /home/airflow/.local/lib/python3.8/site-packages/airflow/example_dags/example_branch_python_dop_operator_3.py took 0.549 seconds
[2025-01-12T01:01:40.493+0000] {processor.py:161} INFO - Started process (PID=2271) to work on /home/airflow/.local/lib/python3.8/site-packages/airflow/example_dags/example_branch_python_dop_operator_3.py
[2025-01-12T01:01:40.495+0000] {processor.py:830} INFO - Processing file /home/airflow/.local/lib/python3.8/site-packages/airflow/example_dags/example_branch_python_dop_operator_3.py for tasks to queue
[2025-01-12T01:01:40.497+0000] {logging_mixin.py:188} INFO - [2025-01-12T01:01:40.497+0000] {dagbag.py:538} INFO - Filling up the DagBag from /home/airflow/.local/lib/python3.8/site-packages/airflow/example_dags/example_branch_python_dop_operator_3.py
[2025-01-12T01:01:40.522+0000] {processor.py:840} INFO - DAG(s) 'example_branch_dop_operator_v3' retrieved from /home/airflow/.local/lib/python3.8/site-packages/airflow/example_dags/example_branch_python_dop_operator_3.py
[2025-01-12T01:01:40.570+0000] {logging_mixin.py:188} INFO - [2025-01-12T01:01:40.569+0000] {dag.py:3036} INFO - Sync 1 DAGs
[2025-01-12T01:01:40.680+0000] {logging_mixin.py:188} INFO - [2025-01-12T01:01:40.680+0000] {dag.py:3823} INFO - Setting next_dagrun for example_branch_dop_operator_v3 to 2025-01-12 01:00:00+00:00, run_after=2025-01-12 01:01:00+00:00
[2025-01-12T01:01:40.762+0000] {processor.py:183} INFO - Processing /home/airflow/.local/lib/python3.8/site-packages/airflow/example_dags/example_branch_python_dop_operator_3.py took 0.275 seconds
[2025-01-12T01:02:10.885+0000] {processor.py:161} INFO - Started process (PID=2327) to work on /home/airflow/.local/lib/python3.8/site-packages/airflow/example_dags/example_branch_python_dop_operator_3.py
[2025-01-12T01:02:10.887+0000] {processor.py:830} INFO - Processing file /home/airflow/.local/lib/python3.8/site-packages/airflow/example_dags/example_branch_python_dop_operator_3.py for tasks to queue
[2025-01-12T01:02:10.889+0000] {logging_mixin.py:188} INFO - [2025-01-12T01:02:10.888+0000] {dagbag.py:538} INFO - Filling up the DagBag from /home/airflow/.local/lib/python3.8/site-packages/airflow/example_dags/example_branch_python_dop_operator_3.py
[2025-01-12T01:02:10.905+0000] {processor.py:840} INFO - DAG(s) 'example_branch_dop_operator_v3' retrieved from /home/airflow/.local/lib/python3.8/site-packages/airflow/example_dags/example_branch_python_dop_operator_3.py
[2025-01-12T01:02:10.943+0000] {logging_mixin.py:188} INFO - [2025-01-12T01:02:10.943+0000] {dag.py:3036} INFO - Sync 1 DAGs
[2025-01-12T01:02:10.994+0000] {logging_mixin.py:188} INFO - [2025-01-12T01:02:10.994+0000] {dag.py:3823} INFO - Setting next_dagrun for example_branch_dop_operator_v3 to 2025-01-12 01:01:00+00:00, run_after=2025-01-12 01:02:00+00:00
[2025-01-12T01:02:11.038+0000] {processor.py:183} INFO - Processing /home/airflow/.local/lib/python3.8/site-packages/airflow/example_dags/example_branch_python_dop_operator_3.py took 0.161 seconds
[2025-01-12T01:02:42.096+0000] {processor.py:161} INFO - Started process (PID=2383) to work on /home/airflow/.local/lib/python3.8/site-packages/airflow/example_dags/example_branch_python_dop_operator_3.py
[2025-01-12T01:02:42.097+0000] {processor.py:830} INFO - Processing file /home/airflow/.local/lib/python3.8/site-packages/airflow/example_dags/example_branch_python_dop_operator_3.py for tasks to queue
[2025-01-12T01:02:42.099+0000] {logging_mixin.py:188} INFO - [2025-01-12T01:02:42.099+0000] {dagbag.py:538} INFO - Filling up the DagBag from /home/airflow/.local/lib/python3.8/site-packages/airflow/example_dags/example_branch_python_dop_operator_3.py
[2025-01-12T01:02:42.117+0000] {processor.py:840} INFO - DAG(s) 'example_branch_dop_operator_v3' retrieved from /home/airflow/.local/lib/python3.8/site-packages/airflow/example_dags/example_branch_python_dop_operator_3.py
[2025-01-12T01:02:42.172+0000] {logging_mixin.py:188} INFO - [2025-01-12T01:02:42.171+0000] {dag.py:3036} INFO - Sync 1 DAGs
[2025-01-12T01:02:42.448+0000] {logging_mixin.py:188} INFO - [2025-01-12T01:02:42.448+0000] {dag.py:3823} INFO - Setting next_dagrun for example_branch_dop_operator_v3 to 2025-01-12 01:01:00+00:00, run_after=2025-01-12 01:02:00+00:00
[2025-01-12T01:02:42.485+0000] {processor.py:183} INFO - Processing /home/airflow/.local/lib/python3.8/site-packages/airflow/example_dags/example_branch_python_dop_operator_3.py took 0.397 seconds
[2025-01-12T01:03:13.770+0000] {processor.py:161} INFO - Started process (PID=2439) to work on /home/airflow/.local/lib/python3.8/site-packages/airflow/example_dags/example_branch_python_dop_operator_3.py
[2025-01-12T01:03:13.774+0000] {processor.py:830} INFO - Processing file /home/airflow/.local/lib/python3.8/site-packages/airflow/example_dags/example_branch_python_dop_operator_3.py for tasks to queue
[2025-01-12T01:03:13.778+0000] {logging_mixin.py:188} INFO - [2025-01-12T01:03:13.776+0000] {dagbag.py:538} INFO - Filling up the DagBag from /home/airflow/.local/lib/python3.8/site-packages/airflow/example_dags/example_branch_python_dop_operator_3.py
[2025-01-12T01:03:13.815+0000] {processor.py:840} INFO - DAG(s) 'example_branch_dop_operator_v3' retrieved from /home/airflow/.local/lib/python3.8/site-packages/airflow/example_dags/example_branch_python_dop_operator_3.py
[2025-01-12T01:03:13.881+0000] {logging_mixin.py:188} INFO - [2025-01-12T01:03:13.880+0000] {dag.py:3036} INFO - Sync 1 DAGs
[2025-01-12T01:03:14.256+0000] {logging_mixin.py:188} INFO - [2025-01-12T01:03:14.254+0000] {dag.py:3823} INFO - Setting next_dagrun for example_branch_dop_operator_v3 to 2025-01-12 01:02:00+00:00, run_after=2025-01-12 01:03:00+00:00
[2025-01-12T01:03:14.334+0000] {processor.py:183} INFO - Processing /home/airflow/.local/lib/python3.8/site-packages/airflow/example_dags/example_branch_python_dop_operator_3.py took 0.573 seconds
[2025-01-12T01:03:44.475+0000] {processor.py:161} INFO - Started process (PID=2495) to work on /home/airflow/.local/lib/python3.8/site-packages/airflow/example_dags/example_branch_python_dop_operator_3.py
[2025-01-12T01:03:44.477+0000] {processor.py:830} INFO - Processing file /home/airflow/.local/lib/python3.8/site-packages/airflow/example_dags/example_branch_python_dop_operator_3.py for tasks to queue
[2025-01-12T01:03:44.480+0000] {logging_mixin.py:188} INFO - [2025-01-12T01:03:44.479+0000] {dagbag.py:538} INFO - Filling up the DagBag from /home/airflow/.local/lib/python3.8/site-packages/airflow/example_dags/example_branch_python_dop_operator_3.py
[2025-01-12T01:03:44.498+0000] {processor.py:840} INFO - DAG(s) 'example_branch_dop_operator_v3' retrieved from /home/airflow/.local/lib/python3.8/site-packages/airflow/example_dags/example_branch_python_dop_operator_3.py
[2025-01-12T01:03:44.533+0000] {logging_mixin.py:188} INFO - [2025-01-12T01:03:44.532+0000] {dag.py:3036} INFO - Sync 1 DAGs
[2025-01-12T01:03:44.576+0000] {logging_mixin.py:188} INFO - [2025-01-12T01:03:44.575+0000] {dag.py:3823} INFO - Setting next_dagrun for example_branch_dop_operator_v3 to 2025-01-12 01:02:00+00:00, run_after=2025-01-12 01:03:00+00:00
[2025-01-12T01:03:44.816+0000] {processor.py:183} INFO - Processing /home/airflow/.local/lib/python3.8/site-packages/airflow/example_dags/example_branch_python_dop_operator_3.py took 0.347 seconds
[2025-01-12T01:04:15.121+0000] {processor.py:161} INFO - Started process (PID=2551) to work on /home/airflow/.local/lib/python3.8/site-packages/airflow/example_dags/example_branch_python_dop_operator_3.py
[2025-01-12T01:04:15.125+0000] {processor.py:830} INFO - Processing file /home/airflow/.local/lib/python3.8/site-packages/airflow/example_dags/example_branch_python_dop_operator_3.py for tasks to queue
[2025-01-12T01:04:15.127+0000] {logging_mixin.py:188} INFO - [2025-01-12T01:04:15.127+0000] {dagbag.py:538} INFO - Filling up the DagBag from /home/airflow/.local/lib/python3.8/site-packages/airflow/example_dags/example_branch_python_dop_operator_3.py
[2025-01-12T01:04:15.153+0000] {processor.py:840} INFO - DAG(s) 'example_branch_dop_operator_v3' retrieved from /home/airflow/.local/lib/python3.8/site-packages/airflow/example_dags/example_branch_python_dop_operator_3.py
[2025-01-12T01:04:15.218+0000] {logging_mixin.py:188} INFO - [2025-01-12T01:04:15.218+0000] {dag.py:3036} INFO - Sync 1 DAGs
[2025-01-12T01:04:15.304+0000] {logging_mixin.py:188} INFO - [2025-01-12T01:04:15.304+0000] {dag.py:3823} INFO - Setting next_dagrun for example_branch_dop_operator_v3 to 2025-01-12 01:03:00+00:00, run_after=2025-01-12 01:04:00+00:00
[2025-01-12T01:04:15.356+0000] {processor.py:183} INFO - Processing /home/airflow/.local/lib/python3.8/site-packages/airflow/example_dags/example_branch_python_dop_operator_3.py took 0.247 seconds
[2025-01-12T01:04:45.478+0000] {processor.py:161} INFO - Started process (PID=2607) to work on /home/airflow/.local/lib/python3.8/site-packages/airflow/example_dags/example_branch_python_dop_operator_3.py
[2025-01-12T01:04:45.479+0000] {processor.py:830} INFO - Processing file /home/airflow/.local/lib/python3.8/site-packages/airflow/example_dags/example_branch_python_dop_operator_3.py for tasks to queue
[2025-01-12T01:04:45.481+0000] {logging_mixin.py:188} INFO - [2025-01-12T01:04:45.480+0000] {dagbag.py:538} INFO - Filling up the DagBag from /home/airflow/.local/lib/python3.8/site-packages/airflow/example_dags/example_branch_python_dop_operator_3.py
[2025-01-12T01:04:45.499+0000] {processor.py:840} INFO - DAG(s) 'example_branch_dop_operator_v3' retrieved from /home/airflow/.local/lib/python3.8/site-packages/airflow/example_dags/example_branch_python_dop_operator_3.py
[2025-01-12T01:04:45.542+0000] {logging_mixin.py:188} INFO - [2025-01-12T01:04:45.541+0000] {dag.py:3036} INFO - Sync 1 DAGs
[2025-01-12T01:04:45.593+0000] {logging_mixin.py:188} INFO - [2025-01-12T01:04:45.592+0000] {dag.py:3823} INFO - Setting next_dagrun for example_branch_dop_operator_v3 to 2025-01-12 01:03:00+00:00, run_after=2025-01-12 01:04:00+00:00
[2025-01-12T01:04:45.628+0000] {processor.py:183} INFO - Processing /home/airflow/.local/lib/python3.8/site-packages/airflow/example_dags/example_branch_python_dop_operator_3.py took 0.157 seconds
[2025-01-12T01:05:16.227+0000] {processor.py:161} INFO - Started process (PID=2663) to work on /home/airflow/.local/lib/python3.8/site-packages/airflow/example_dags/example_branch_python_dop_operator_3.py
[2025-01-12T01:05:16.230+0000] {processor.py:830} INFO - Processing file /home/airflow/.local/lib/python3.8/site-packages/airflow/example_dags/example_branch_python_dop_operator_3.py for tasks to queue
[2025-01-12T01:05:16.232+0000] {logging_mixin.py:188} INFO - [2025-01-12T01:05:16.231+0000] {dagbag.py:538} INFO - Filling up the DagBag from /home/airflow/.local/lib/python3.8/site-packages/airflow/example_dags/example_branch_python_dop_operator_3.py
[2025-01-12T01:05:16.253+0000] {processor.py:840} INFO - DAG(s) 'example_branch_dop_operator_v3' retrieved from /home/airflow/.local/lib/python3.8/site-packages/airflow/example_dags/example_branch_python_dop_operator_3.py
[2025-01-12T01:05:16.297+0000] {logging_mixin.py:188} INFO - [2025-01-12T01:05:16.297+0000] {dag.py:3036} INFO - Sync 1 DAGs
[2025-01-12T01:05:16.349+0000] {logging_mixin.py:188} INFO - [2025-01-12T01:05:16.349+0000] {dag.py:3823} INFO - Setting next_dagrun for example_branch_dop_operator_v3 to 2025-01-12 01:04:00+00:00, run_after=2025-01-12 01:05:00+00:00
[2025-01-12T01:05:16.386+0000] {processor.py:183} INFO - Processing /home/airflow/.local/lib/python3.8/site-packages/airflow/example_dags/example_branch_python_dop_operator_3.py took 0.166 seconds
[2025-01-12T01:05:46.798+0000] {processor.py:161} INFO - Started process (PID=2719) to work on /home/airflow/.local/lib/python3.8/site-packages/airflow/example_dags/example_branch_python_dop_operator_3.py
[2025-01-12T01:05:46.800+0000] {processor.py:830} INFO - Processing file /home/airflow/.local/lib/python3.8/site-packages/airflow/example_dags/example_branch_python_dop_operator_3.py for tasks to queue
[2025-01-12T01:05:46.802+0000] {logging_mixin.py:188} INFO - [2025-01-12T01:05:46.801+0000] {dagbag.py:538} INFO - Filling up the DagBag from /home/airflow/.local/lib/python3.8/site-packages/airflow/example_dags/example_branch_python_dop_operator_3.py
[2025-01-12T01:05:46.823+0000] {processor.py:840} INFO - DAG(s) 'example_branch_dop_operator_v3' retrieved from /home/airflow/.local/lib/python3.8/site-packages/airflow/example_dags/example_branch_python_dop_operator_3.py
[2025-01-12T01:05:46.869+0000] {logging_mixin.py:188} INFO - [2025-01-12T01:05:46.869+0000] {dag.py:3036} INFO - Sync 1 DAGs
[2025-01-12T01:05:46.925+0000] {logging_mixin.py:188} INFO - [2025-01-12T01:05:46.924+0000] {dag.py:3823} INFO - Setting next_dagrun for example_branch_dop_operator_v3 to 2025-01-12 01:04:00+00:00, run_after=2025-01-12 01:05:00+00:00
[2025-01-12T01:05:46.961+0000] {processor.py:183} INFO - Processing /home/airflow/.local/lib/python3.8/site-packages/airflow/example_dags/example_branch_python_dop_operator_3.py took 0.168 seconds
[2025-01-12T01:06:17.054+0000] {processor.py:161} INFO - Started process (PID=2776) to work on /home/airflow/.local/lib/python3.8/site-packages/airflow/example_dags/example_branch_python_dop_operator_3.py
[2025-01-12T01:06:17.055+0000] {processor.py:830} INFO - Processing file /home/airflow/.local/lib/python3.8/site-packages/airflow/example_dags/example_branch_python_dop_operator_3.py for tasks to queue
[2025-01-12T01:06:17.056+0000] {logging_mixin.py:188} INFO - [2025-01-12T01:06:17.056+0000] {dagbag.py:538} INFO - Filling up the DagBag from /home/airflow/.local/lib/python3.8/site-packages/airflow/example_dags/example_branch_python_dop_operator_3.py
[2025-01-12T01:06:17.070+0000] {processor.py:840} INFO - DAG(s) 'example_branch_dop_operator_v3' retrieved from /home/airflow/.local/lib/python3.8/site-packages/airflow/example_dags/example_branch_python_dop_operator_3.py
[2025-01-12T01:06:17.102+0000] {logging_mixin.py:188} INFO - [2025-01-12T01:06:17.102+0000] {dag.py:3036} INFO - Sync 1 DAGs
[2025-01-12T01:06:17.137+0000] {logging_mixin.py:188} INFO - [2025-01-12T01:06:17.137+0000] {dag.py:3823} INFO - Setting next_dagrun for example_branch_dop_operator_v3 to 2025-01-12 01:05:00+00:00, run_after=2025-01-12 01:06:00+00:00
[2025-01-12T01:06:17.159+0000] {processor.py:183} INFO - Processing /home/airflow/.local/lib/python3.8/site-packages/airflow/example_dags/example_branch_python_dop_operator_3.py took 0.110 seconds
[2025-01-12T01:06:47.797+0000] {processor.py:161} INFO - Started process (PID=2832) to work on /home/airflow/.local/lib/python3.8/site-packages/airflow/example_dags/example_branch_python_dop_operator_3.py
[2025-01-12T01:06:47.798+0000] {processor.py:830} INFO - Processing file /home/airflow/.local/lib/python3.8/site-packages/airflow/example_dags/example_branch_python_dop_operator_3.py for tasks to queue
[2025-01-12T01:06:47.800+0000] {logging_mixin.py:188} INFO - [2025-01-12T01:06:47.799+0000] {dagbag.py:538} INFO - Filling up the DagBag from /home/airflow/.local/lib/python3.8/site-packages/airflow/example_dags/example_branch_python_dop_operator_3.py
[2025-01-12T01:06:47.814+0000] {processor.py:840} INFO - DAG(s) 'example_branch_dop_operator_v3' retrieved from /home/airflow/.local/lib/python3.8/site-packages/airflow/example_dags/example_branch_python_dop_operator_3.py
[2025-01-12T01:06:47.848+0000] {logging_mixin.py:188} INFO - [2025-01-12T01:06:47.848+0000] {dag.py:3036} INFO - Sync 1 DAGs
[2025-01-12T01:06:47.890+0000] {logging_mixin.py:188} INFO - [2025-01-12T01:06:47.890+0000] {dag.py:3823} INFO - Setting next_dagrun for example_branch_dop_operator_v3 to 2025-01-12 01:05:00+00:00, run_after=2025-01-12 01:06:00+00:00
[2025-01-12T01:06:47.917+0000] {processor.py:183} INFO - Processing /home/airflow/.local/lib/python3.8/site-packages/airflow/example_dags/example_branch_python_dop_operator_3.py took 0.125 seconds
[2025-01-12T01:07:18.671+0000] {processor.py:161} INFO - Started process (PID=2888) to work on /home/airflow/.local/lib/python3.8/site-packages/airflow/example_dags/example_branch_python_dop_operator_3.py
[2025-01-12T01:07:18.673+0000] {processor.py:830} INFO - Processing file /home/airflow/.local/lib/python3.8/site-packages/airflow/example_dags/example_branch_python_dop_operator_3.py for tasks to queue
[2025-01-12T01:07:18.676+0000] {logging_mixin.py:188} INFO - [2025-01-12T01:07:18.676+0000] {dagbag.py:538} INFO - Filling up the DagBag from /home/airflow/.local/lib/python3.8/site-packages/airflow/example_dags/example_branch_python_dop_operator_3.py
[2025-01-12T01:07:18.694+0000] {processor.py:840} INFO - DAG(s) 'example_branch_dop_operator_v3' retrieved from /home/airflow/.local/lib/python3.8/site-packages/airflow/example_dags/example_branch_python_dop_operator_3.py
[2025-01-12T01:07:18.733+0000] {logging_mixin.py:188} INFO - [2025-01-12T01:07:18.733+0000] {dag.py:3036} INFO - Sync 1 DAGs
[2025-01-12T01:07:18.782+0000] {logging_mixin.py:188} INFO - [2025-01-12T01:07:18.782+0000] {dag.py:3823} INFO - Setting next_dagrun for example_branch_dop_operator_v3 to 2025-01-12 01:06:00+00:00, run_after=2025-01-12 01:07:00+00:00
[2025-01-12T01:07:18.817+0000] {processor.py:183} INFO - Processing /home/airflow/.local/lib/python3.8/site-packages/airflow/example_dags/example_branch_python_dop_operator_3.py took 0.153 seconds
[2025-01-12T01:07:49.645+0000] {processor.py:161} INFO - Started process (PID=2944) to work on /home/airflow/.local/lib/python3.8/site-packages/airflow/example_dags/example_branch_python_dop_operator_3.py
[2025-01-12T01:07:49.647+0000] {processor.py:830} INFO - Processing file /home/airflow/.local/lib/python3.8/site-packages/airflow/example_dags/example_branch_python_dop_operator_3.py for tasks to queue
[2025-01-12T01:07:49.649+0000] {logging_mixin.py:188} INFO - [2025-01-12T01:07:49.648+0000] {dagbag.py:538} INFO - Filling up the DagBag from /home/airflow/.local/lib/python3.8/site-packages/airflow/example_dags/example_branch_python_dop_operator_3.py
[2025-01-12T01:07:49.667+0000] {processor.py:840} INFO - DAG(s) 'example_branch_dop_operator_v3' retrieved from /home/airflow/.local/lib/python3.8/site-packages/airflow/example_dags/example_branch_python_dop_operator_3.py
[2025-01-12T01:07:49.703+0000] {logging_mixin.py:188} INFO - [2025-01-12T01:07:49.703+0000] {dag.py:3036} INFO - Sync 1 DAGs
[2025-01-12T01:07:49.762+0000] {logging_mixin.py:188} INFO - [2025-01-12T01:07:49.762+0000] {dag.py:3823} INFO - Setting next_dagrun for example_branch_dop_operator_v3 to 2025-01-12 01:06:00+00:00, run_after=2025-01-12 01:07:00+00:00
[2025-01-12T01:07:49.792+0000] {processor.py:183} INFO - Processing /home/airflow/.local/lib/python3.8/site-packages/airflow/example_dags/example_branch_python_dop_operator_3.py took 0.151 seconds
[2025-01-12T01:08:20.007+0000] {processor.py:161} INFO - Started process (PID=3000) to work on /home/airflow/.local/lib/python3.8/site-packages/airflow/example_dags/example_branch_python_dop_operator_3.py
[2025-01-12T01:08:20.009+0000] {processor.py:830} INFO - Processing file /home/airflow/.local/lib/python3.8/site-packages/airflow/example_dags/example_branch_python_dop_operator_3.py for tasks to queue
[2025-01-12T01:08:20.011+0000] {logging_mixin.py:188} INFO - [2025-01-12T01:08:20.010+0000] {dagbag.py:538} INFO - Filling up the DagBag from /home/airflow/.local/lib/python3.8/site-packages/airflow/example_dags/example_branch_python_dop_operator_3.py
[2025-01-12T01:08:20.024+0000] {processor.py:840} INFO - DAG(s) 'example_branch_dop_operator_v3' retrieved from /home/airflow/.local/lib/python3.8/site-packages/airflow/example_dags/example_branch_python_dop_operator_3.py
[2025-01-12T01:08:20.058+0000] {logging_mixin.py:188} INFO - [2025-01-12T01:08:20.058+0000] {dag.py:3036} INFO - Sync 1 DAGs
[2025-01-12T01:08:20.097+0000] {logging_mixin.py:188} INFO - [2025-01-12T01:08:20.097+0000] {dag.py:3823} INFO - Setting next_dagrun for example_branch_dop_operator_v3 to 2025-01-12 01:07:00+00:00, run_after=2025-01-12 01:08:00+00:00
[2025-01-12T01:08:20.124+0000] {processor.py:183} INFO - Processing /home/airflow/.local/lib/python3.8/site-packages/airflow/example_dags/example_branch_python_dop_operator_3.py took 0.123 seconds
