[2025-01-12T00:41:27.560+0000] {processor.py:161} INFO - Started process (PID=75) to work on /home/airflow/.local/lib/python3.8/site-packages/airflow/example_dags/example_time_delta_sensor_async.py
[2025-01-12T00:41:27.567+0000] {processor.py:830} INFO - Processing file /home/airflow/.local/lib/python3.8/site-packages/airflow/example_dags/example_time_delta_sensor_async.py for tasks to queue
[2025-01-12T00:41:27.581+0000] {logging_mixin.py:188} INFO - [2025-01-12T00:41:27.579+0000] {dagbag.py:538} INFO - Filling up the DagBag from /home/airflow/.local/lib/python3.8/site-packages/airflow/example_dags/example_time_delta_sensor_async.py
[2025-01-12T00:41:27.624+0000] {processor.py:840} INFO - DAG(s) 'example_time_delta_sensor_async' retrieved from /home/airflow/.local/lib/python3.8/site-packages/airflow/example_dags/example_time_delta_sensor_async.py
[2025-01-12T00:41:27.736+0000] {logging_mixin.py:188} INFO - [2025-01-12T00:41:27.736+0000] {dag.py:3036} INFO - Sync 1 DAGs
[2025-01-12T00:41:27.824+0000] {logging_mixin.py:188} INFO - [2025-01-12T00:41:27.824+0000] {dag.py:3823} INFO - Setting next_dagrun for example_time_delta_sensor_async to None, run_after=None
[2025-01-12T00:41:27.936+0000] {processor.py:183} INFO - Processing /home/airflow/.local/lib/python3.8/site-packages/airflow/example_dags/example_time_delta_sensor_async.py took 0.393 seconds
[2025-01-12T00:41:59.746+0000] {processor.py:161} INFO - Started process (PID=136) to work on /home/airflow/.local/lib/python3.8/site-packages/airflow/example_dags/example_time_delta_sensor_async.py
[2025-01-12T00:41:59.749+0000] {processor.py:830} INFO - Processing file /home/airflow/.local/lib/python3.8/site-packages/airflow/example_dags/example_time_delta_sensor_async.py for tasks to queue
[2025-01-12T00:41:59.756+0000] {logging_mixin.py:188} INFO - [2025-01-12T00:41:59.754+0000] {dagbag.py:538} INFO - Filling up the DagBag from /home/airflow/.local/lib/python3.8/site-packages/airflow/example_dags/example_time_delta_sensor_async.py
[2025-01-12T00:41:59.773+0000] {processor.py:840} INFO - DAG(s) 'example_time_delta_sensor_async' retrieved from /home/airflow/.local/lib/python3.8/site-packages/airflow/example_dags/example_time_delta_sensor_async.py
[2025-01-12T00:42:00.116+0000] {logging_mixin.py:188} INFO - [2025-01-12T00:42:00.115+0000] {dag.py:3036} INFO - Sync 1 DAGs
[2025-01-12T00:42:00.142+0000] {logging_mixin.py:188} INFO - [2025-01-12T00:42:00.142+0000] {dag.py:3823} INFO - Setting next_dagrun for example_time_delta_sensor_async to None, run_after=None
[2025-01-12T00:42:00.197+0000] {processor.py:183} INFO - Processing /home/airflow/.local/lib/python3.8/site-packages/airflow/example_dags/example_time_delta_sensor_async.py took 0.459 seconds
[2025-01-12T00:42:30.496+0000] {processor.py:161} INFO - Started process (PID=192) to work on /home/airflow/.local/lib/python3.8/site-packages/airflow/example_dags/example_time_delta_sensor_async.py
[2025-01-12T00:42:30.499+0000] {processor.py:830} INFO - Processing file /home/airflow/.local/lib/python3.8/site-packages/airflow/example_dags/example_time_delta_sensor_async.py for tasks to queue
[2025-01-12T00:42:30.504+0000] {logging_mixin.py:188} INFO - [2025-01-12T00:42:30.503+0000] {dagbag.py:538} INFO - Filling up the DagBag from /home/airflow/.local/lib/python3.8/site-packages/airflow/example_dags/example_time_delta_sensor_async.py
[2025-01-12T00:42:30.517+0000] {processor.py:840} INFO - DAG(s) 'example_time_delta_sensor_async' retrieved from /home/airflow/.local/lib/python3.8/site-packages/airflow/example_dags/example_time_delta_sensor_async.py
[2025-01-12T00:42:30.567+0000] {logging_mixin.py:188} INFO - [2025-01-12T00:42:30.567+0000] {dag.py:3036} INFO - Sync 1 DAGs
[2025-01-12T00:42:30.600+0000] {logging_mixin.py:188} INFO - [2025-01-12T00:42:30.599+0000] {dag.py:3823} INFO - Setting next_dagrun for example_time_delta_sensor_async to None, run_after=None
[2025-01-12T00:42:30.652+0000] {processor.py:183} INFO - Processing /home/airflow/.local/lib/python3.8/site-packages/airflow/example_dags/example_time_delta_sensor_async.py took 0.165 seconds
[2025-01-12T00:43:01.468+0000] {processor.py:161} INFO - Started process (PID=249) to work on /home/airflow/.local/lib/python3.8/site-packages/airflow/example_dags/example_time_delta_sensor_async.py
[2025-01-12T00:43:01.470+0000] {processor.py:830} INFO - Processing file /home/airflow/.local/lib/python3.8/site-packages/airflow/example_dags/example_time_delta_sensor_async.py for tasks to queue
[2025-01-12T00:43:01.475+0000] {logging_mixin.py:188} INFO - [2025-01-12T00:43:01.474+0000] {dagbag.py:538} INFO - Filling up the DagBag from /home/airflow/.local/lib/python3.8/site-packages/airflow/example_dags/example_time_delta_sensor_async.py
[2025-01-12T00:43:01.485+0000] {processor.py:840} INFO - DAG(s) 'example_time_delta_sensor_async' retrieved from /home/airflow/.local/lib/python3.8/site-packages/airflow/example_dags/example_time_delta_sensor_async.py
[2025-01-12T00:43:01.535+0000] {logging_mixin.py:188} INFO - [2025-01-12T00:43:01.534+0000] {dag.py:3036} INFO - Sync 1 DAGs
[2025-01-12T00:43:01.572+0000] {logging_mixin.py:188} INFO - [2025-01-12T00:43:01.571+0000] {dag.py:3823} INFO - Setting next_dagrun for example_time_delta_sensor_async to None, run_after=None
[2025-01-12T00:43:01.673+0000] {processor.py:183} INFO - Processing /home/airflow/.local/lib/python3.8/site-packages/airflow/example_dags/example_time_delta_sensor_async.py took 0.213 seconds
[2025-01-12T00:43:34.500+0000] {processor.py:161} INFO - Started process (PID=305) to work on /home/airflow/.local/lib/python3.8/site-packages/airflow/example_dags/example_time_delta_sensor_async.py
[2025-01-12T00:43:34.510+0000] {processor.py:830} INFO - Processing file /home/airflow/.local/lib/python3.8/site-packages/airflow/example_dags/example_time_delta_sensor_async.py for tasks to queue
[2025-01-12T00:43:34.516+0000] {logging_mixin.py:188} INFO - [2025-01-12T00:43:34.515+0000] {dagbag.py:538} INFO - Filling up the DagBag from /home/airflow/.local/lib/python3.8/site-packages/airflow/example_dags/example_time_delta_sensor_async.py
[2025-01-12T00:43:34.538+0000] {processor.py:840} INFO - DAG(s) 'example_time_delta_sensor_async' retrieved from /home/airflow/.local/lib/python3.8/site-packages/airflow/example_dags/example_time_delta_sensor_async.py
[2025-01-12T00:43:34.579+0000] {logging_mixin.py:188} INFO - [2025-01-12T00:43:34.578+0000] {dag.py:3036} INFO - Sync 1 DAGs
[2025-01-12T00:43:34.657+0000] {logging_mixin.py:188} INFO - [2025-01-12T00:43:34.657+0000] {dag.py:3823} INFO - Setting next_dagrun for example_time_delta_sensor_async to None, run_after=None
[2025-01-12T00:43:34.758+0000] {processor.py:183} INFO - Processing /home/airflow/.local/lib/python3.8/site-packages/airflow/example_dags/example_time_delta_sensor_async.py took 0.268 seconds
[2025-01-12T00:44:04.988+0000] {processor.py:161} INFO - Started process (PID=361) to work on /home/airflow/.local/lib/python3.8/site-packages/airflow/example_dags/example_time_delta_sensor_async.py
[2025-01-12T00:44:04.990+0000] {processor.py:830} INFO - Processing file /home/airflow/.local/lib/python3.8/site-packages/airflow/example_dags/example_time_delta_sensor_async.py for tasks to queue
[2025-01-12T00:44:04.993+0000] {logging_mixin.py:188} INFO - [2025-01-12T00:44:04.992+0000] {dagbag.py:538} INFO - Filling up the DagBag from /home/airflow/.local/lib/python3.8/site-packages/airflow/example_dags/example_time_delta_sensor_async.py
[2025-01-12T00:44:05.002+0000] {processor.py:840} INFO - DAG(s) 'example_time_delta_sensor_async' retrieved from /home/airflow/.local/lib/python3.8/site-packages/airflow/example_dags/example_time_delta_sensor_async.py
[2025-01-12T00:44:05.200+0000] {logging_mixin.py:188} INFO - [2025-01-12T00:44:05.199+0000] {dag.py:3036} INFO - Sync 1 DAGs
[2025-01-12T00:44:05.219+0000] {logging_mixin.py:188} INFO - [2025-01-12T00:44:05.219+0000] {dag.py:3823} INFO - Setting next_dagrun for example_time_delta_sensor_async to None, run_after=None
[2025-01-12T00:44:05.254+0000] {processor.py:183} INFO - Processing /home/airflow/.local/lib/python3.8/site-packages/airflow/example_dags/example_time_delta_sensor_async.py took 0.272 seconds
[2025-01-12T00:44:35.582+0000] {processor.py:161} INFO - Started process (PID=417) to work on /home/airflow/.local/lib/python3.8/site-packages/airflow/example_dags/example_time_delta_sensor_async.py
[2025-01-12T00:44:35.594+0000] {processor.py:830} INFO - Processing file /home/airflow/.local/lib/python3.8/site-packages/airflow/example_dags/example_time_delta_sensor_async.py for tasks to queue
[2025-01-12T00:44:35.612+0000] {logging_mixin.py:188} INFO - [2025-01-12T00:44:35.611+0000] {dagbag.py:538} INFO - Filling up the DagBag from /home/airflow/.local/lib/python3.8/site-packages/airflow/example_dags/example_time_delta_sensor_async.py
[2025-01-12T00:44:35.625+0000] {processor.py:840} INFO - DAG(s) 'example_time_delta_sensor_async' retrieved from /home/airflow/.local/lib/python3.8/site-packages/airflow/example_dags/example_time_delta_sensor_async.py
[2025-01-12T00:44:35.699+0000] {logging_mixin.py:188} INFO - [2025-01-12T00:44:35.697+0000] {dag.py:3036} INFO - Sync 1 DAGs
[2025-01-12T00:44:35.751+0000] {logging_mixin.py:188} INFO - [2025-01-12T00:44:35.751+0000] {dag.py:3823} INFO - Setting next_dagrun for example_time_delta_sensor_async to None, run_after=None
[2025-01-12T00:44:35.844+0000] {processor.py:183} INFO - Processing /home/airflow/.local/lib/python3.8/site-packages/airflow/example_dags/example_time_delta_sensor_async.py took 0.270 seconds
[2025-01-12T00:45:05.931+0000] {processor.py:161} INFO - Started process (PID=472) to work on /home/airflow/.local/lib/python3.8/site-packages/airflow/example_dags/example_time_delta_sensor_async.py
[2025-01-12T00:45:05.934+0000] {processor.py:830} INFO - Processing file /home/airflow/.local/lib/python3.8/site-packages/airflow/example_dags/example_time_delta_sensor_async.py for tasks to queue
[2025-01-12T00:45:05.940+0000] {logging_mixin.py:188} INFO - [2025-01-12T00:45:05.939+0000] {dagbag.py:538} INFO - Filling up the DagBag from /home/airflow/.local/lib/python3.8/site-packages/airflow/example_dags/example_time_delta_sensor_async.py
[2025-01-12T00:45:05.950+0000] {processor.py:840} INFO - DAG(s) 'example_time_delta_sensor_async' retrieved from /home/airflow/.local/lib/python3.8/site-packages/airflow/example_dags/example_time_delta_sensor_async.py
[2025-01-12T00:45:05.988+0000] {logging_mixin.py:188} INFO - [2025-01-12T00:45:05.987+0000] {dag.py:3036} INFO - Sync 1 DAGs
[2025-01-12T00:45:06.012+0000] {logging_mixin.py:188} INFO - [2025-01-12T00:45:06.011+0000] {dag.py:3823} INFO - Setting next_dagrun for example_time_delta_sensor_async to None, run_after=None
[2025-01-12T00:45:06.049+0000] {processor.py:183} INFO - Processing /home/airflow/.local/lib/python3.8/site-packages/airflow/example_dags/example_time_delta_sensor_async.py took 0.127 seconds
[2025-01-12T00:45:36.605+0000] {processor.py:161} INFO - Started process (PID=529) to work on /home/airflow/.local/lib/python3.8/site-packages/airflow/example_dags/example_time_delta_sensor_async.py
[2025-01-12T00:45:36.607+0000] {processor.py:830} INFO - Processing file /home/airflow/.local/lib/python3.8/site-packages/airflow/example_dags/example_time_delta_sensor_async.py for tasks to queue
[2025-01-12T00:45:36.611+0000] {logging_mixin.py:188} INFO - [2025-01-12T00:45:36.610+0000] {dagbag.py:538} INFO - Filling up the DagBag from /home/airflow/.local/lib/python3.8/site-packages/airflow/example_dags/example_time_delta_sensor_async.py
[2025-01-12T00:45:36.620+0000] {processor.py:840} INFO - DAG(s) 'example_time_delta_sensor_async' retrieved from /home/airflow/.local/lib/python3.8/site-packages/airflow/example_dags/example_time_delta_sensor_async.py
[2025-01-12T00:45:36.662+0000] {logging_mixin.py:188} INFO - [2025-01-12T00:45:36.662+0000] {dag.py:3036} INFO - Sync 1 DAGs
[2025-01-12T00:45:36.691+0000] {logging_mixin.py:188} INFO - [2025-01-12T00:45:36.691+0000] {dag.py:3823} INFO - Setting next_dagrun for example_time_delta_sensor_async to None, run_after=None
[2025-01-12T00:45:36.731+0000] {processor.py:183} INFO - Processing /home/airflow/.local/lib/python3.8/site-packages/airflow/example_dags/example_time_delta_sensor_async.py took 0.133 seconds
[2025-01-12T00:46:07.035+0000] {processor.py:161} INFO - Started process (PID=585) to work on /home/airflow/.local/lib/python3.8/site-packages/airflow/example_dags/example_time_delta_sensor_async.py
[2025-01-12T00:46:07.037+0000] {processor.py:830} INFO - Processing file /home/airflow/.local/lib/python3.8/site-packages/airflow/example_dags/example_time_delta_sensor_async.py for tasks to queue
[2025-01-12T00:46:07.042+0000] {logging_mixin.py:188} INFO - [2025-01-12T00:46:07.041+0000] {dagbag.py:538} INFO - Filling up the DagBag from /home/airflow/.local/lib/python3.8/site-packages/airflow/example_dags/example_time_delta_sensor_async.py
[2025-01-12T00:46:07.050+0000] {processor.py:840} INFO - DAG(s) 'example_time_delta_sensor_async' retrieved from /home/airflow/.local/lib/python3.8/site-packages/airflow/example_dags/example_time_delta_sensor_async.py
[2025-01-12T00:46:07.080+0000] {logging_mixin.py:188} INFO - [2025-01-12T00:46:07.079+0000] {dag.py:3036} INFO - Sync 1 DAGs
[2025-01-12T00:46:07.100+0000] {logging_mixin.py:188} INFO - [2025-01-12T00:46:07.100+0000] {dag.py:3823} INFO - Setting next_dagrun for example_time_delta_sensor_async to None, run_after=None
[2025-01-12T00:46:07.131+0000] {processor.py:183} INFO - Processing /home/airflow/.local/lib/python3.8/site-packages/airflow/example_dags/example_time_delta_sensor_async.py took 0.101 seconds
[2025-01-12T00:46:38.894+0000] {processor.py:161} INFO - Started process (PID=641) to work on /home/airflow/.local/lib/python3.8/site-packages/airflow/example_dags/example_time_delta_sensor_async.py
[2025-01-12T00:46:38.896+0000] {processor.py:830} INFO - Processing file /home/airflow/.local/lib/python3.8/site-packages/airflow/example_dags/example_time_delta_sensor_async.py for tasks to queue
[2025-01-12T00:46:38.901+0000] {logging_mixin.py:188} INFO - [2025-01-12T00:46:38.900+0000] {dagbag.py:538} INFO - Filling up the DagBag from /home/airflow/.local/lib/python3.8/site-packages/airflow/example_dags/example_time_delta_sensor_async.py
[2025-01-12T00:46:38.910+0000] {processor.py:840} INFO - DAG(s) 'example_time_delta_sensor_async' retrieved from /home/airflow/.local/lib/python3.8/site-packages/airflow/example_dags/example_time_delta_sensor_async.py
[2025-01-12T00:46:38.956+0000] {logging_mixin.py:188} INFO - [2025-01-12T00:46:38.955+0000] {dag.py:3036} INFO - Sync 1 DAGs
[2025-01-12T00:46:38.999+0000] {logging_mixin.py:188} INFO - [2025-01-12T00:46:38.998+0000] {dag.py:3823} INFO - Setting next_dagrun for example_time_delta_sensor_async to None, run_after=None
[2025-01-12T00:46:39.040+0000] {processor.py:183} INFO - Processing /home/airflow/.local/lib/python3.8/site-packages/airflow/example_dags/example_time_delta_sensor_async.py took 0.152 seconds
[2025-01-12T00:47:09.924+0000] {processor.py:161} INFO - Started process (PID=699) to work on /home/airflow/.local/lib/python3.8/site-packages/airflow/example_dags/example_time_delta_sensor_async.py
[2025-01-12T00:47:09.928+0000] {processor.py:830} INFO - Processing file /home/airflow/.local/lib/python3.8/site-packages/airflow/example_dags/example_time_delta_sensor_async.py for tasks to queue
[2025-01-12T00:47:09.934+0000] {logging_mixin.py:188} INFO - [2025-01-12T00:47:09.933+0000] {dagbag.py:538} INFO - Filling up the DagBag from /home/airflow/.local/lib/python3.8/site-packages/airflow/example_dags/example_time_delta_sensor_async.py
[2025-01-12T00:47:09.955+0000] {processor.py:840} INFO - DAG(s) 'example_time_delta_sensor_async' retrieved from /home/airflow/.local/lib/python3.8/site-packages/airflow/example_dags/example_time_delta_sensor_async.py
[2025-01-12T00:47:10.053+0000] {logging_mixin.py:188} INFO - [2025-01-12T00:47:10.052+0000] {dag.py:3036} INFO - Sync 1 DAGs
[2025-01-12T00:47:10.115+0000] {logging_mixin.py:188} INFO - [2025-01-12T00:47:10.115+0000] {dag.py:3823} INFO - Setting next_dagrun for example_time_delta_sensor_async to None, run_after=None
[2025-01-12T00:47:10.197+0000] {processor.py:183} INFO - Processing /home/airflow/.local/lib/python3.8/site-packages/airflow/example_dags/example_time_delta_sensor_async.py took 0.289 seconds
[2025-01-12T00:47:40.998+0000] {processor.py:161} INFO - Started process (PID=755) to work on /home/airflow/.local/lib/python3.8/site-packages/airflow/example_dags/example_time_delta_sensor_async.py
[2025-01-12T00:47:41.028+0000] {processor.py:830} INFO - Processing file /home/airflow/.local/lib/python3.8/site-packages/airflow/example_dags/example_time_delta_sensor_async.py for tasks to queue
[2025-01-12T00:47:41.034+0000] {logging_mixin.py:188} INFO - [2025-01-12T00:47:41.033+0000] {dagbag.py:538} INFO - Filling up the DagBag from /home/airflow/.local/lib/python3.8/site-packages/airflow/example_dags/example_time_delta_sensor_async.py
[2025-01-12T00:47:41.052+0000] {processor.py:840} INFO - DAG(s) 'example_time_delta_sensor_async' retrieved from /home/airflow/.local/lib/python3.8/site-packages/airflow/example_dags/example_time_delta_sensor_async.py
[2025-01-12T00:47:41.123+0000] {logging_mixin.py:188} INFO - [2025-01-12T00:47:41.122+0000] {dag.py:3036} INFO - Sync 1 DAGs
[2025-01-12T00:47:41.195+0000] {logging_mixin.py:188} INFO - [2025-01-12T00:47:41.195+0000] {dag.py:3823} INFO - Setting next_dagrun for example_time_delta_sensor_async to None, run_after=None
[2025-01-12T00:47:41.314+0000] {processor.py:183} INFO - Processing /home/airflow/.local/lib/python3.8/site-packages/airflow/example_dags/example_time_delta_sensor_async.py took 0.335 seconds
[2025-01-12T00:48:11.884+0000] {processor.py:161} INFO - Started process (PID=810) to work on /home/airflow/.local/lib/python3.8/site-packages/airflow/example_dags/example_time_delta_sensor_async.py
[2025-01-12T00:48:11.887+0000] {processor.py:830} INFO - Processing file /home/airflow/.local/lib/python3.8/site-packages/airflow/example_dags/example_time_delta_sensor_async.py for tasks to queue
[2025-01-12T00:48:11.901+0000] {logging_mixin.py:188} INFO - [2025-01-12T00:48:11.899+0000] {dagbag.py:538} INFO - Filling up the DagBag from /home/airflow/.local/lib/python3.8/site-packages/airflow/example_dags/example_time_delta_sensor_async.py
[2025-01-12T00:48:11.919+0000] {processor.py:840} INFO - DAG(s) 'example_time_delta_sensor_async' retrieved from /home/airflow/.local/lib/python3.8/site-packages/airflow/example_dags/example_time_delta_sensor_async.py
[2025-01-12T00:48:11.983+0000] {logging_mixin.py:188} INFO - [2025-01-12T00:48:11.982+0000] {dag.py:3036} INFO - Sync 1 DAGs
[2025-01-12T00:48:12.017+0000] {logging_mixin.py:188} INFO - [2025-01-12T00:48:12.016+0000] {dag.py:3823} INFO - Setting next_dagrun for example_time_delta_sensor_async to None, run_after=None
[2025-01-12T00:48:12.119+0000] {processor.py:183} INFO - Processing /home/airflow/.local/lib/python3.8/site-packages/airflow/example_dags/example_time_delta_sensor_async.py took 0.272 seconds
[2025-01-12T00:48:42.585+0000] {processor.py:161} INFO - Started process (PID=866) to work on /home/airflow/.local/lib/python3.8/site-packages/airflow/example_dags/example_time_delta_sensor_async.py
[2025-01-12T00:48:42.588+0000] {processor.py:830} INFO - Processing file /home/airflow/.local/lib/python3.8/site-packages/airflow/example_dags/example_time_delta_sensor_async.py for tasks to queue
[2025-01-12T00:48:42.596+0000] {logging_mixin.py:188} INFO - [2025-01-12T00:48:42.595+0000] {dagbag.py:538} INFO - Filling up the DagBag from /home/airflow/.local/lib/python3.8/site-packages/airflow/example_dags/example_time_delta_sensor_async.py
[2025-01-12T00:48:42.613+0000] {processor.py:840} INFO - DAG(s) 'example_time_delta_sensor_async' retrieved from /home/airflow/.local/lib/python3.8/site-packages/airflow/example_dags/example_time_delta_sensor_async.py
[2025-01-12T00:48:42.686+0000] {logging_mixin.py:188} INFO - [2025-01-12T00:48:42.686+0000] {dag.py:3036} INFO - Sync 1 DAGs
[2025-01-12T00:48:42.738+0000] {logging_mixin.py:188} INFO - [2025-01-12T00:48:42.738+0000] {dag.py:3823} INFO - Setting next_dagrun for example_time_delta_sensor_async to None, run_after=None
[2025-01-12T00:48:42.792+0000] {processor.py:183} INFO - Processing /home/airflow/.local/lib/python3.8/site-packages/airflow/example_dags/example_time_delta_sensor_async.py took 0.226 seconds
[2025-01-12T00:49:15.414+0000] {processor.py:161} INFO - Started process (PID=922) to work on /home/airflow/.local/lib/python3.8/site-packages/airflow/example_dags/example_time_delta_sensor_async.py
[2025-01-12T00:49:15.419+0000] {processor.py:830} INFO - Processing file /home/airflow/.local/lib/python3.8/site-packages/airflow/example_dags/example_time_delta_sensor_async.py for tasks to queue
[2025-01-12T00:49:15.424+0000] {logging_mixin.py:188} INFO - [2025-01-12T00:49:15.423+0000] {dagbag.py:538} INFO - Filling up the DagBag from /home/airflow/.local/lib/python3.8/site-packages/airflow/example_dags/example_time_delta_sensor_async.py
[2025-01-12T00:49:15.441+0000] {processor.py:840} INFO - DAG(s) 'example_time_delta_sensor_async' retrieved from /home/airflow/.local/lib/python3.8/site-packages/airflow/example_dags/example_time_delta_sensor_async.py
[2025-01-12T00:49:15.515+0000] {logging_mixin.py:188} INFO - [2025-01-12T00:49:15.514+0000] {dag.py:3036} INFO - Sync 1 DAGs
[2025-01-12T00:49:15.546+0000] {logging_mixin.py:188} INFO - [2025-01-12T00:49:15.545+0000] {dag.py:3823} INFO - Setting next_dagrun for example_time_delta_sensor_async to None, run_after=None
[2025-01-12T00:49:15.625+0000] {processor.py:183} INFO - Processing /home/airflow/.local/lib/python3.8/site-packages/airflow/example_dags/example_time_delta_sensor_async.py took 0.222 seconds
[2025-01-12T00:49:46.691+0000] {processor.py:161} INFO - Started process (PID=978) to work on /home/airflow/.local/lib/python3.8/site-packages/airflow/example_dags/example_time_delta_sensor_async.py
[2025-01-12T00:49:46.693+0000] {processor.py:830} INFO - Processing file /home/airflow/.local/lib/python3.8/site-packages/airflow/example_dags/example_time_delta_sensor_async.py for tasks to queue
[2025-01-12T00:49:46.698+0000] {logging_mixin.py:188} INFO - [2025-01-12T00:49:46.697+0000] {dagbag.py:538} INFO - Filling up the DagBag from /home/airflow/.local/lib/python3.8/site-packages/airflow/example_dags/example_time_delta_sensor_async.py
[2025-01-12T00:49:46.722+0000] {processor.py:840} INFO - DAG(s) 'example_time_delta_sensor_async' retrieved from /home/airflow/.local/lib/python3.8/site-packages/airflow/example_dags/example_time_delta_sensor_async.py
[2025-01-12T00:49:46.779+0000] {logging_mixin.py:188} INFO - [2025-01-12T00:49:46.778+0000] {dag.py:3036} INFO - Sync 1 DAGs
[2025-01-12T00:49:46.817+0000] {logging_mixin.py:188} INFO - [2025-01-12T00:49:46.815+0000] {dag.py:3823} INFO - Setting next_dagrun for example_time_delta_sensor_async to None, run_after=None
[2025-01-12T00:49:46.867+0000] {processor.py:183} INFO - Processing /home/airflow/.local/lib/python3.8/site-packages/airflow/example_dags/example_time_delta_sensor_async.py took 0.193 seconds
[2025-01-12T00:50:21.635+0000] {processor.py:161} INFO - Started process (PID=1032) to work on /home/airflow/.local/lib/python3.8/site-packages/airflow/example_dags/example_time_delta_sensor_async.py
[2025-01-12T00:50:21.638+0000] {processor.py:830} INFO - Processing file /home/airflow/.local/lib/python3.8/site-packages/airflow/example_dags/example_time_delta_sensor_async.py for tasks to queue
[2025-01-12T00:50:21.656+0000] {logging_mixin.py:188} INFO - [2025-01-12T00:50:21.655+0000] {dagbag.py:538} INFO - Filling up the DagBag from /home/airflow/.local/lib/python3.8/site-packages/airflow/example_dags/example_time_delta_sensor_async.py
[2025-01-12T00:50:21.687+0000] {processor.py:840} INFO - DAG(s) 'example_time_delta_sensor_async' retrieved from /home/airflow/.local/lib/python3.8/site-packages/airflow/example_dags/example_time_delta_sensor_async.py
[2025-01-12T00:50:21.830+0000] {logging_mixin.py:188} INFO - [2025-01-12T00:50:21.829+0000] {dag.py:3036} INFO - Sync 1 DAGs
[2025-01-12T00:50:21.955+0000] {logging_mixin.py:188} INFO - [2025-01-12T00:50:21.954+0000] {dag.py:3823} INFO - Setting next_dagrun for example_time_delta_sensor_async to None, run_after=None
[2025-01-12T00:50:22.125+0000] {processor.py:183} INFO - Processing /home/airflow/.local/lib/python3.8/site-packages/airflow/example_dags/example_time_delta_sensor_async.py took 0.510 seconds
[2025-01-12T00:50:52.361+0000] {processor.py:161} INFO - Started process (PID=1088) to work on /home/airflow/.local/lib/python3.8/site-packages/airflow/example_dags/example_time_delta_sensor_async.py
[2025-01-12T00:50:52.364+0000] {processor.py:830} INFO - Processing file /home/airflow/.local/lib/python3.8/site-packages/airflow/example_dags/example_time_delta_sensor_async.py for tasks to queue
[2025-01-12T00:50:52.371+0000] {logging_mixin.py:188} INFO - [2025-01-12T00:50:52.370+0000] {dagbag.py:538} INFO - Filling up the DagBag from /home/airflow/.local/lib/python3.8/site-packages/airflow/example_dags/example_time_delta_sensor_async.py
[2025-01-12T00:50:52.405+0000] {processor.py:840} INFO - DAG(s) 'example_time_delta_sensor_async' retrieved from /home/airflow/.local/lib/python3.8/site-packages/airflow/example_dags/example_time_delta_sensor_async.py
[2025-01-12T00:50:52.490+0000] {logging_mixin.py:188} INFO - [2025-01-12T00:50:52.490+0000] {dag.py:3036} INFO - Sync 1 DAGs
[2025-01-12T00:50:52.551+0000] {logging_mixin.py:188} INFO - [2025-01-12T00:50:52.550+0000] {dag.py:3823} INFO - Setting next_dagrun for example_time_delta_sensor_async to None, run_after=None
[2025-01-12T00:50:52.639+0000] {processor.py:183} INFO - Processing /home/airflow/.local/lib/python3.8/site-packages/airflow/example_dags/example_time_delta_sensor_async.py took 0.290 seconds
[2025-01-12T00:51:23.131+0000] {processor.py:161} INFO - Started process (PID=1144) to work on /home/airflow/.local/lib/python3.8/site-packages/airflow/example_dags/example_time_delta_sensor_async.py
[2025-01-12T00:51:23.136+0000] {processor.py:830} INFO - Processing file /home/airflow/.local/lib/python3.8/site-packages/airflow/example_dags/example_time_delta_sensor_async.py for tasks to queue
[2025-01-12T00:51:23.146+0000] {logging_mixin.py:188} INFO - [2025-01-12T00:51:23.146+0000] {dagbag.py:538} INFO - Filling up the DagBag from /home/airflow/.local/lib/python3.8/site-packages/airflow/example_dags/example_time_delta_sensor_async.py
[2025-01-12T00:51:23.163+0000] {processor.py:840} INFO - DAG(s) 'example_time_delta_sensor_async' retrieved from /home/airflow/.local/lib/python3.8/site-packages/airflow/example_dags/example_time_delta_sensor_async.py
[2025-01-12T00:51:23.228+0000] {logging_mixin.py:188} INFO - [2025-01-12T00:51:23.227+0000] {dag.py:3036} INFO - Sync 1 DAGs
[2025-01-12T00:51:23.273+0000] {logging_mixin.py:188} INFO - [2025-01-12T00:51:23.272+0000] {dag.py:3823} INFO - Setting next_dagrun for example_time_delta_sensor_async to None, run_after=None
[2025-01-12T00:51:23.347+0000] {processor.py:183} INFO - Processing /home/airflow/.local/lib/python3.8/site-packages/airflow/example_dags/example_time_delta_sensor_async.py took 0.226 seconds
[2025-01-12T00:51:54.001+0000] {processor.py:161} INFO - Started process (PID=1201) to work on /home/airflow/.local/lib/python3.8/site-packages/airflow/example_dags/example_time_delta_sensor_async.py
[2025-01-12T00:51:54.016+0000] {processor.py:830} INFO - Processing file /home/airflow/.local/lib/python3.8/site-packages/airflow/example_dags/example_time_delta_sensor_async.py for tasks to queue
[2025-01-12T00:51:54.018+0000] {logging_mixin.py:188} INFO - [2025-01-12T00:51:54.017+0000] {dagbag.py:538} INFO - Filling up the DagBag from /home/airflow/.local/lib/python3.8/site-packages/airflow/example_dags/example_time_delta_sensor_async.py
[2025-01-12T00:51:54.035+0000] {processor.py:840} INFO - DAG(s) 'example_time_delta_sensor_async' retrieved from /home/airflow/.local/lib/python3.8/site-packages/airflow/example_dags/example_time_delta_sensor_async.py
[2025-01-12T00:51:54.099+0000] {logging_mixin.py:188} INFO - [2025-01-12T00:51:54.098+0000] {dag.py:3036} INFO - Sync 1 DAGs
[2025-01-12T00:51:54.143+0000] {logging_mixin.py:188} INFO - [2025-01-12T00:51:54.143+0000] {dag.py:3823} INFO - Setting next_dagrun for example_time_delta_sensor_async to None, run_after=None
[2025-01-12T00:51:54.198+0000] {processor.py:183} INFO - Processing /home/airflow/.local/lib/python3.8/site-packages/airflow/example_dags/example_time_delta_sensor_async.py took 0.209 seconds
[2025-01-12T00:52:25.154+0000] {processor.py:161} INFO - Started process (PID=1258) to work on /home/airflow/.local/lib/python3.8/site-packages/airflow/example_dags/example_time_delta_sensor_async.py
[2025-01-12T00:52:25.157+0000] {processor.py:830} INFO - Processing file /home/airflow/.local/lib/python3.8/site-packages/airflow/example_dags/example_time_delta_sensor_async.py for tasks to queue
[2025-01-12T00:52:25.159+0000] {logging_mixin.py:188} INFO - [2025-01-12T00:52:25.159+0000] {dagbag.py:538} INFO - Filling up the DagBag from /home/airflow/.local/lib/python3.8/site-packages/airflow/example_dags/example_time_delta_sensor_async.py
[2025-01-12T00:52:25.173+0000] {processor.py:840} INFO - DAG(s) 'example_time_delta_sensor_async' retrieved from /home/airflow/.local/lib/python3.8/site-packages/airflow/example_dags/example_time_delta_sensor_async.py
[2025-01-12T00:52:25.242+0000] {logging_mixin.py:188} INFO - [2025-01-12T00:52:25.241+0000] {dag.py:3036} INFO - Sync 1 DAGs
[2025-01-12T00:52:25.294+0000] {logging_mixin.py:188} INFO - [2025-01-12T00:52:25.293+0000] {dag.py:3823} INFO - Setting next_dagrun for example_time_delta_sensor_async to None, run_after=None
[2025-01-12T00:52:25.353+0000] {processor.py:183} INFO - Processing /home/airflow/.local/lib/python3.8/site-packages/airflow/example_dags/example_time_delta_sensor_async.py took 0.208 seconds
[2025-01-12T00:52:55.627+0000] {processor.py:161} INFO - Started process (PID=1313) to work on /home/airflow/.local/lib/python3.8/site-packages/airflow/example_dags/example_time_delta_sensor_async.py
[2025-01-12T00:52:55.629+0000] {processor.py:830} INFO - Processing file /home/airflow/.local/lib/python3.8/site-packages/airflow/example_dags/example_time_delta_sensor_async.py for tasks to queue
[2025-01-12T00:52:55.631+0000] {logging_mixin.py:188} INFO - [2025-01-12T00:52:55.630+0000] {dagbag.py:538} INFO - Filling up the DagBag from /home/airflow/.local/lib/python3.8/site-packages/airflow/example_dags/example_time_delta_sensor_async.py
[2025-01-12T00:52:55.639+0000] {processor.py:840} INFO - DAG(s) 'example_time_delta_sensor_async' retrieved from /home/airflow/.local/lib/python3.8/site-packages/airflow/example_dags/example_time_delta_sensor_async.py
[2025-01-12T00:52:55.687+0000] {logging_mixin.py:188} INFO - [2025-01-12T00:52:55.686+0000] {dag.py:3036} INFO - Sync 1 DAGs
[2025-01-12T00:52:55.713+0000] {logging_mixin.py:188} INFO - [2025-01-12T00:52:55.712+0000] {dag.py:3823} INFO - Setting next_dagrun for example_time_delta_sensor_async to None, run_after=None
[2025-01-12T00:52:55.750+0000] {processor.py:183} INFO - Processing /home/airflow/.local/lib/python3.8/site-packages/airflow/example_dags/example_time_delta_sensor_async.py took 0.131 seconds
[2025-01-12T00:53:26.508+0000] {processor.py:161} INFO - Started process (PID=1369) to work on /home/airflow/.local/lib/python3.8/site-packages/airflow/example_dags/example_time_delta_sensor_async.py
[2025-01-12T00:53:26.511+0000] {processor.py:830} INFO - Processing file /home/airflow/.local/lib/python3.8/site-packages/airflow/example_dags/example_time_delta_sensor_async.py for tasks to queue
[2025-01-12T00:53:26.513+0000] {logging_mixin.py:188} INFO - [2025-01-12T00:53:26.512+0000] {dagbag.py:538} INFO - Filling up the DagBag from /home/airflow/.local/lib/python3.8/site-packages/airflow/example_dags/example_time_delta_sensor_async.py
[2025-01-12T00:53:26.524+0000] {processor.py:840} INFO - DAG(s) 'example_time_delta_sensor_async' retrieved from /home/airflow/.local/lib/python3.8/site-packages/airflow/example_dags/example_time_delta_sensor_async.py
[2025-01-12T00:53:26.627+0000] {logging_mixin.py:188} INFO - [2025-01-12T00:53:26.626+0000] {dag.py:3036} INFO - Sync 1 DAGs
[2025-01-12T00:53:26.696+0000] {logging_mixin.py:188} INFO - [2025-01-12T00:53:26.695+0000] {dag.py:3823} INFO - Setting next_dagrun for example_time_delta_sensor_async to None, run_after=None
[2025-01-12T00:53:26.797+0000] {processor.py:183} INFO - Processing /home/airflow/.local/lib/python3.8/site-packages/airflow/example_dags/example_time_delta_sensor_async.py took 0.299 seconds
[2025-01-12T00:53:57.641+0000] {processor.py:161} INFO - Started process (PID=1429) to work on /home/airflow/.local/lib/python3.8/site-packages/airflow/example_dags/example_time_delta_sensor_async.py
[2025-01-12T00:53:57.644+0000] {processor.py:830} INFO - Processing file /home/airflow/.local/lib/python3.8/site-packages/airflow/example_dags/example_time_delta_sensor_async.py for tasks to queue
[2025-01-12T00:53:57.647+0000] {logging_mixin.py:188} INFO - [2025-01-12T00:53:57.646+0000] {dagbag.py:538} INFO - Filling up the DagBag from /home/airflow/.local/lib/python3.8/site-packages/airflow/example_dags/example_time_delta_sensor_async.py
[2025-01-12T00:53:57.659+0000] {processor.py:840} INFO - DAG(s) 'example_time_delta_sensor_async' retrieved from /home/airflow/.local/lib/python3.8/site-packages/airflow/example_dags/example_time_delta_sensor_async.py
[2025-01-12T00:53:57.706+0000] {logging_mixin.py:188} INFO - [2025-01-12T00:53:57.705+0000] {dag.py:3036} INFO - Sync 1 DAGs
[2025-01-12T00:53:57.745+0000] {logging_mixin.py:188} INFO - [2025-01-12T00:53:57.744+0000] {dag.py:3823} INFO - Setting next_dagrun for example_time_delta_sensor_async to None, run_after=None
[2025-01-12T00:53:57.798+0000] {processor.py:183} INFO - Processing /home/airflow/.local/lib/python3.8/site-packages/airflow/example_dags/example_time_delta_sensor_async.py took 0.168 seconds
[2025-01-12T00:54:28.254+0000] {processor.py:161} INFO - Started process (PID=1485) to work on /home/airflow/.local/lib/python3.8/site-packages/airflow/example_dags/example_time_delta_sensor_async.py
[2025-01-12T00:54:28.256+0000] {processor.py:830} INFO - Processing file /home/airflow/.local/lib/python3.8/site-packages/airflow/example_dags/example_time_delta_sensor_async.py for tasks to queue
[2025-01-12T00:54:28.258+0000] {logging_mixin.py:188} INFO - [2025-01-12T00:54:28.257+0000] {dagbag.py:538} INFO - Filling up the DagBag from /home/airflow/.local/lib/python3.8/site-packages/airflow/example_dags/example_time_delta_sensor_async.py
[2025-01-12T00:54:28.267+0000] {processor.py:840} INFO - DAG(s) 'example_time_delta_sensor_async' retrieved from /home/airflow/.local/lib/python3.8/site-packages/airflow/example_dags/example_time_delta_sensor_async.py
[2025-01-12T00:54:28.327+0000] {logging_mixin.py:188} INFO - [2025-01-12T00:54:28.326+0000] {dag.py:3036} INFO - Sync 1 DAGs
[2025-01-12T00:54:28.355+0000] {logging_mixin.py:188} INFO - [2025-01-12T00:54:28.354+0000] {dag.py:3823} INFO - Setting next_dagrun for example_time_delta_sensor_async to None, run_after=None
[2025-01-12T00:54:28.419+0000] {processor.py:183} INFO - Processing /home/airflow/.local/lib/python3.8/site-packages/airflow/example_dags/example_time_delta_sensor_async.py took 0.173 seconds
[2025-01-12T00:54:58.506+0000] {processor.py:161} INFO - Started process (PID=1540) to work on /home/airflow/.local/lib/python3.8/site-packages/airflow/example_dags/example_time_delta_sensor_async.py
[2025-01-12T00:54:58.508+0000] {processor.py:830} INFO - Processing file /home/airflow/.local/lib/python3.8/site-packages/airflow/example_dags/example_time_delta_sensor_async.py for tasks to queue
[2025-01-12T00:54:58.511+0000] {logging_mixin.py:188} INFO - [2025-01-12T00:54:58.510+0000] {dagbag.py:538} INFO - Filling up the DagBag from /home/airflow/.local/lib/python3.8/site-packages/airflow/example_dags/example_time_delta_sensor_async.py
[2025-01-12T00:54:58.519+0000] {processor.py:840} INFO - DAG(s) 'example_time_delta_sensor_async' retrieved from /home/airflow/.local/lib/python3.8/site-packages/airflow/example_dags/example_time_delta_sensor_async.py
[2025-01-12T00:54:58.567+0000] {logging_mixin.py:188} INFO - [2025-01-12T00:54:58.566+0000] {dag.py:3036} INFO - Sync 1 DAGs
[2025-01-12T00:54:58.599+0000] {logging_mixin.py:188} INFO - [2025-01-12T00:54:58.599+0000] {dag.py:3823} INFO - Setting next_dagrun for example_time_delta_sensor_async to None, run_after=None
[2025-01-12T00:54:58.640+0000] {processor.py:183} INFO - Processing /home/airflow/.local/lib/python3.8/site-packages/airflow/example_dags/example_time_delta_sensor_async.py took 0.140 seconds
[2025-01-12T00:55:30.309+0000] {processor.py:161} INFO - Started process (PID=1597) to work on /home/airflow/.local/lib/python3.8/site-packages/airflow/example_dags/example_time_delta_sensor_async.py
[2025-01-12T00:55:30.314+0000] {processor.py:830} INFO - Processing file /home/airflow/.local/lib/python3.8/site-packages/airflow/example_dags/example_time_delta_sensor_async.py for tasks to queue
[2025-01-12T00:55:30.317+0000] {logging_mixin.py:188} INFO - [2025-01-12T00:55:30.316+0000] {dagbag.py:538} INFO - Filling up the DagBag from /home/airflow/.local/lib/python3.8/site-packages/airflow/example_dags/example_time_delta_sensor_async.py
[2025-01-12T00:55:30.334+0000] {processor.py:840} INFO - DAG(s) 'example_time_delta_sensor_async' retrieved from /home/airflow/.local/lib/python3.8/site-packages/airflow/example_dags/example_time_delta_sensor_async.py
[2025-01-12T00:55:30.444+0000] {logging_mixin.py:188} INFO - [2025-01-12T00:55:30.443+0000] {dag.py:3036} INFO - Sync 1 DAGs
[2025-01-12T00:55:30.524+0000] {logging_mixin.py:188} INFO - [2025-01-12T00:55:30.523+0000] {dag.py:3823} INFO - Setting next_dagrun for example_time_delta_sensor_async to None, run_after=None
[2025-01-12T00:55:30.585+0000] {processor.py:183} INFO - Processing /home/airflow/.local/lib/python3.8/site-packages/airflow/example_dags/example_time_delta_sensor_async.py took 0.285 seconds
[2025-01-12T00:56:02.056+0000] {processor.py:161} INFO - Started process (PID=1659) to work on /home/airflow/.local/lib/python3.8/site-packages/airflow/example_dags/example_time_delta_sensor_async.py
[2025-01-12T00:56:02.064+0000] {processor.py:830} INFO - Processing file /home/airflow/.local/lib/python3.8/site-packages/airflow/example_dags/example_time_delta_sensor_async.py for tasks to queue
[2025-01-12T00:56:02.069+0000] {logging_mixin.py:188} INFO - [2025-01-12T00:56:02.067+0000] {dagbag.py:538} INFO - Filling up the DagBag from /home/airflow/.local/lib/python3.8/site-packages/airflow/example_dags/example_time_delta_sensor_async.py
[2025-01-12T00:56:02.091+0000] {processor.py:840} INFO - DAG(s) 'example_time_delta_sensor_async' retrieved from /home/airflow/.local/lib/python3.8/site-packages/airflow/example_dags/example_time_delta_sensor_async.py
[2025-01-12T00:56:02.226+0000] {logging_mixin.py:188} INFO - [2025-01-12T00:56:02.224+0000] {dag.py:3036} INFO - Sync 1 DAGs
[2025-01-12T00:56:02.305+0000] {logging_mixin.py:188} INFO - [2025-01-12T00:56:02.298+0000] {dag.py:3823} INFO - Setting next_dagrun for example_time_delta_sensor_async to None, run_after=None
[2025-01-12T00:56:02.385+0000] {processor.py:183} INFO - Processing /home/airflow/.local/lib/python3.8/site-packages/airflow/example_dags/example_time_delta_sensor_async.py took 0.351 seconds
[2025-01-12T00:56:33.264+0000] {processor.py:161} INFO - Started process (PID=1715) to work on /home/airflow/.local/lib/python3.8/site-packages/airflow/example_dags/example_time_delta_sensor_async.py
[2025-01-12T00:56:33.272+0000] {processor.py:830} INFO - Processing file /home/airflow/.local/lib/python3.8/site-packages/airflow/example_dags/example_time_delta_sensor_async.py for tasks to queue
[2025-01-12T00:56:33.279+0000] {logging_mixin.py:188} INFO - [2025-01-12T00:56:33.277+0000] {dagbag.py:538} INFO - Filling up the DagBag from /home/airflow/.local/lib/python3.8/site-packages/airflow/example_dags/example_time_delta_sensor_async.py
[2025-01-12T00:56:33.309+0000] {processor.py:840} INFO - DAG(s) 'example_time_delta_sensor_async' retrieved from /home/airflow/.local/lib/python3.8/site-packages/airflow/example_dags/example_time_delta_sensor_async.py
[2025-01-12T00:56:33.429+0000] {logging_mixin.py:188} INFO - [2025-01-12T00:56:33.429+0000] {dag.py:3036} INFO - Sync 1 DAGs
[2025-01-12T00:56:33.494+0000] {logging_mixin.py:188} INFO - [2025-01-12T00:56:33.494+0000] {dag.py:3823} INFO - Setting next_dagrun for example_time_delta_sensor_async to None, run_after=None
[2025-01-12T00:56:33.593+0000] {processor.py:183} INFO - Processing /home/airflow/.local/lib/python3.8/site-packages/airflow/example_dags/example_time_delta_sensor_async.py took 0.340 seconds
[2025-01-12T00:57:03.901+0000] {processor.py:161} INFO - Started process (PID=1770) to work on /home/airflow/.local/lib/python3.8/site-packages/airflow/example_dags/example_time_delta_sensor_async.py
[2025-01-12T00:57:03.902+0000] {processor.py:830} INFO - Processing file /home/airflow/.local/lib/python3.8/site-packages/airflow/example_dags/example_time_delta_sensor_async.py for tasks to queue
[2025-01-12T00:57:03.904+0000] {logging_mixin.py:188} INFO - [2025-01-12T00:57:03.903+0000] {dagbag.py:538} INFO - Filling up the DagBag from /home/airflow/.local/lib/python3.8/site-packages/airflow/example_dags/example_time_delta_sensor_async.py
[2025-01-12T00:57:03.912+0000] {processor.py:840} INFO - DAG(s) 'example_time_delta_sensor_async' retrieved from /home/airflow/.local/lib/python3.8/site-packages/airflow/example_dags/example_time_delta_sensor_async.py
[2025-01-12T00:57:03.955+0000] {logging_mixin.py:188} INFO - [2025-01-12T00:57:03.955+0000] {dag.py:3036} INFO - Sync 1 DAGs
[2025-01-12T00:57:03.976+0000] {logging_mixin.py:188} INFO - [2025-01-12T00:57:03.976+0000] {dag.py:3823} INFO - Setting next_dagrun for example_time_delta_sensor_async to None, run_after=None
[2025-01-12T00:57:04.003+0000] {processor.py:183} INFO - Processing /home/airflow/.local/lib/python3.8/site-packages/airflow/example_dags/example_time_delta_sensor_async.py took 0.107 seconds
[2025-01-12T00:57:36.502+0000] {processor.py:161} INFO - Started process (PID=1832) to work on /home/airflow/.local/lib/python3.8/site-packages/airflow/example_dags/example_time_delta_sensor_async.py
[2025-01-12T00:57:36.505+0000] {processor.py:830} INFO - Processing file /home/airflow/.local/lib/python3.8/site-packages/airflow/example_dags/example_time_delta_sensor_async.py for tasks to queue
[2025-01-12T00:57:36.511+0000] {logging_mixin.py:188} INFO - [2025-01-12T00:57:36.510+0000] {dagbag.py:538} INFO - Filling up the DagBag from /home/airflow/.local/lib/python3.8/site-packages/airflow/example_dags/example_time_delta_sensor_async.py
[2025-01-12T00:57:36.528+0000] {processor.py:840} INFO - DAG(s) 'example_time_delta_sensor_async' retrieved from /home/airflow/.local/lib/python3.8/site-packages/airflow/example_dags/example_time_delta_sensor_async.py
[2025-01-12T00:57:36.617+0000] {logging_mixin.py:188} INFO - [2025-01-12T00:57:36.615+0000] {dag.py:3036} INFO - Sync 1 DAGs
[2025-01-12T00:57:36.672+0000] {logging_mixin.py:188} INFO - [2025-01-12T00:57:36.672+0000] {dag.py:3823} INFO - Setting next_dagrun for example_time_delta_sensor_async to None, run_after=None
[2025-01-12T00:57:36.760+0000] {processor.py:183} INFO - Processing /home/airflow/.local/lib/python3.8/site-packages/airflow/example_dags/example_time_delta_sensor_async.py took 0.271 seconds
[2025-01-12T00:58:07.101+0000] {processor.py:161} INFO - Started process (PID=1888) to work on /home/airflow/.local/lib/python3.8/site-packages/airflow/example_dags/example_time_delta_sensor_async.py
[2025-01-12T00:58:07.103+0000] {processor.py:830} INFO - Processing file /home/airflow/.local/lib/python3.8/site-packages/airflow/example_dags/example_time_delta_sensor_async.py for tasks to queue
[2025-01-12T00:58:07.105+0000] {logging_mixin.py:188} INFO - [2025-01-12T00:58:07.105+0000] {dagbag.py:538} INFO - Filling up the DagBag from /home/airflow/.local/lib/python3.8/site-packages/airflow/example_dags/example_time_delta_sensor_async.py
[2025-01-12T00:58:07.118+0000] {processor.py:840} INFO - DAG(s) 'example_time_delta_sensor_async' retrieved from /home/airflow/.local/lib/python3.8/site-packages/airflow/example_dags/example_time_delta_sensor_async.py
[2025-01-12T00:58:07.154+0000] {logging_mixin.py:188} INFO - [2025-01-12T00:58:07.153+0000] {dag.py:3036} INFO - Sync 1 DAGs
[2025-01-12T00:58:07.181+0000] {logging_mixin.py:188} INFO - [2025-01-12T00:58:07.181+0000] {dag.py:3823} INFO - Setting next_dagrun for example_time_delta_sensor_async to None, run_after=None
[2025-01-12T00:58:07.228+0000] {processor.py:183} INFO - Processing /home/airflow/.local/lib/python3.8/site-packages/airflow/example_dags/example_time_delta_sensor_async.py took 0.136 seconds
[2025-01-12T00:58:37.724+0000] {processor.py:161} INFO - Started process (PID=1944) to work on /home/airflow/.local/lib/python3.8/site-packages/airflow/example_dags/example_time_delta_sensor_async.py
[2025-01-12T00:58:37.727+0000] {processor.py:830} INFO - Processing file /home/airflow/.local/lib/python3.8/site-packages/airflow/example_dags/example_time_delta_sensor_async.py for tasks to queue
[2025-01-12T00:58:37.729+0000] {logging_mixin.py:188} INFO - [2025-01-12T00:58:37.728+0000] {dagbag.py:538} INFO - Filling up the DagBag from /home/airflow/.local/lib/python3.8/site-packages/airflow/example_dags/example_time_delta_sensor_async.py
[2025-01-12T00:58:37.742+0000] {processor.py:840} INFO - DAG(s) 'example_time_delta_sensor_async' retrieved from /home/airflow/.local/lib/python3.8/site-packages/airflow/example_dags/example_time_delta_sensor_async.py
[2025-01-12T00:58:37.813+0000] {logging_mixin.py:188} INFO - [2025-01-12T00:58:37.812+0000] {dag.py:3036} INFO - Sync 1 DAGs
[2025-01-12T00:58:37.853+0000] {logging_mixin.py:188} INFO - [2025-01-12T00:58:37.852+0000] {dag.py:3823} INFO - Setting next_dagrun for example_time_delta_sensor_async to None, run_after=None
[2025-01-12T00:58:37.940+0000] {processor.py:183} INFO - Processing /home/airflow/.local/lib/python3.8/site-packages/airflow/example_dags/example_time_delta_sensor_async.py took 0.226 seconds
[2025-01-12T00:59:08.221+0000] {processor.py:161} INFO - Started process (PID=1999) to work on /home/airflow/.local/lib/python3.8/site-packages/airflow/example_dags/example_time_delta_sensor_async.py
[2025-01-12T00:59:08.222+0000] {processor.py:830} INFO - Processing file /home/airflow/.local/lib/python3.8/site-packages/airflow/example_dags/example_time_delta_sensor_async.py for tasks to queue
[2025-01-12T00:59:08.224+0000] {logging_mixin.py:188} INFO - [2025-01-12T00:59:08.224+0000] {dagbag.py:538} INFO - Filling up the DagBag from /home/airflow/.local/lib/python3.8/site-packages/airflow/example_dags/example_time_delta_sensor_async.py
[2025-01-12T00:59:08.231+0000] {processor.py:840} INFO - DAG(s) 'example_time_delta_sensor_async' retrieved from /home/airflow/.local/lib/python3.8/site-packages/airflow/example_dags/example_time_delta_sensor_async.py
[2025-01-12T00:59:08.266+0000] {logging_mixin.py:188} INFO - [2025-01-12T00:59:08.265+0000] {dag.py:3036} INFO - Sync 1 DAGs
[2025-01-12T00:59:08.308+0000] {logging_mixin.py:188} INFO - [2025-01-12T00:59:08.308+0000] {dag.py:3823} INFO - Setting next_dagrun for example_time_delta_sensor_async to None, run_after=None
[2025-01-12T00:59:08.355+0000] {processor.py:183} INFO - Processing /home/airflow/.local/lib/python3.8/site-packages/airflow/example_dags/example_time_delta_sensor_async.py took 0.138 seconds
[2025-01-12T00:59:38.982+0000] {processor.py:161} INFO - Started process (PID=2056) to work on /home/airflow/.local/lib/python3.8/site-packages/airflow/example_dags/example_time_delta_sensor_async.py
[2025-01-12T00:59:38.984+0000] {processor.py:830} INFO - Processing file /home/airflow/.local/lib/python3.8/site-packages/airflow/example_dags/example_time_delta_sensor_async.py for tasks to queue
[2025-01-12T00:59:38.988+0000] {logging_mixin.py:188} INFO - [2025-01-12T00:59:38.987+0000] {dagbag.py:538} INFO - Filling up the DagBag from /home/airflow/.local/lib/python3.8/site-packages/airflow/example_dags/example_time_delta_sensor_async.py
[2025-01-12T00:59:39.000+0000] {processor.py:840} INFO - DAG(s) 'example_time_delta_sensor_async' retrieved from /home/airflow/.local/lib/python3.8/site-packages/airflow/example_dags/example_time_delta_sensor_async.py
[2025-01-12T00:59:39.057+0000] {logging_mixin.py:188} INFO - [2025-01-12T00:59:39.057+0000] {dag.py:3036} INFO - Sync 1 DAGs
[2025-01-12T00:59:39.084+0000] {logging_mixin.py:188} INFO - [2025-01-12T00:59:39.084+0000] {dag.py:3823} INFO - Setting next_dagrun for example_time_delta_sensor_async to None, run_after=None
[2025-01-12T00:59:39.126+0000] {processor.py:183} INFO - Processing /home/airflow/.local/lib/python3.8/site-packages/airflow/example_dags/example_time_delta_sensor_async.py took 0.151 seconds
[2025-01-12T01:00:10.591+0000] {processor.py:161} INFO - Started process (PID=2112) to work on /home/airflow/.local/lib/python3.8/site-packages/airflow/example_dags/example_time_delta_sensor_async.py
[2025-01-12T01:00:10.595+0000] {processor.py:830} INFO - Processing file /home/airflow/.local/lib/python3.8/site-packages/airflow/example_dags/example_time_delta_sensor_async.py for tasks to queue
[2025-01-12T01:00:10.601+0000] {logging_mixin.py:188} INFO - [2025-01-12T01:00:10.600+0000] {dagbag.py:538} INFO - Filling up the DagBag from /home/airflow/.local/lib/python3.8/site-packages/airflow/example_dags/example_time_delta_sensor_async.py
[2025-01-12T01:00:10.620+0000] {processor.py:840} INFO - DAG(s) 'example_time_delta_sensor_async' retrieved from /home/airflow/.local/lib/python3.8/site-packages/airflow/example_dags/example_time_delta_sensor_async.py
[2025-01-12T01:00:10.703+0000] {logging_mixin.py:188} INFO - [2025-01-12T01:00:10.703+0000] {dag.py:3036} INFO - Sync 1 DAGs
[2025-01-12T01:00:10.757+0000] {logging_mixin.py:188} INFO - [2025-01-12T01:00:10.757+0000] {dag.py:3823} INFO - Setting next_dagrun for example_time_delta_sensor_async to None, run_after=None
[2025-01-12T01:00:10.839+0000] {processor.py:183} INFO - Processing /home/airflow/.local/lib/python3.8/site-packages/airflow/example_dags/example_time_delta_sensor_async.py took 0.262 seconds
[2025-01-12T01:00:40.953+0000] {processor.py:161} INFO - Started process (PID=2168) to work on /home/airflow/.local/lib/python3.8/site-packages/airflow/example_dags/example_time_delta_sensor_async.py
[2025-01-12T01:00:40.955+0000] {processor.py:830} INFO - Processing file /home/airflow/.local/lib/python3.8/site-packages/airflow/example_dags/example_time_delta_sensor_async.py for tasks to queue
[2025-01-12T01:00:40.957+0000] {logging_mixin.py:188} INFO - [2025-01-12T01:00:40.957+0000] {dagbag.py:538} INFO - Filling up the DagBag from /home/airflow/.local/lib/python3.8/site-packages/airflow/example_dags/example_time_delta_sensor_async.py
[2025-01-12T01:00:40.967+0000] {processor.py:840} INFO - DAG(s) 'example_time_delta_sensor_async' retrieved from /home/airflow/.local/lib/python3.8/site-packages/airflow/example_dags/example_time_delta_sensor_async.py
[2025-01-12T01:00:41.015+0000] {logging_mixin.py:188} INFO - [2025-01-12T01:00:41.015+0000] {dag.py:3036} INFO - Sync 1 DAGs
[2025-01-12T01:00:41.049+0000] {logging_mixin.py:188} INFO - [2025-01-12T01:00:41.049+0000] {dag.py:3823} INFO - Setting next_dagrun for example_time_delta_sensor_async to None, run_after=None
[2025-01-12T01:00:41.097+0000] {processor.py:183} INFO - Processing /home/airflow/.local/lib/python3.8/site-packages/airflow/example_dags/example_time_delta_sensor_async.py took 0.151 seconds
[2025-01-12T01:01:13.867+0000] {processor.py:161} INFO - Started process (PID=2224) to work on /home/airflow/.local/lib/python3.8/site-packages/airflow/example_dags/example_time_delta_sensor_async.py
[2025-01-12T01:01:13.870+0000] {processor.py:830} INFO - Processing file /home/airflow/.local/lib/python3.8/site-packages/airflow/example_dags/example_time_delta_sensor_async.py for tasks to queue
[2025-01-12T01:01:13.872+0000] {logging_mixin.py:188} INFO - [2025-01-12T01:01:13.871+0000] {dagbag.py:538} INFO - Filling up the DagBag from /home/airflow/.local/lib/python3.8/site-packages/airflow/example_dags/example_time_delta_sensor_async.py
[2025-01-12T01:01:13.886+0000] {processor.py:840} INFO - DAG(s) 'example_time_delta_sensor_async' retrieved from /home/airflow/.local/lib/python3.8/site-packages/airflow/example_dags/example_time_delta_sensor_async.py
[2025-01-12T01:01:13.961+0000] {logging_mixin.py:188} INFO - [2025-01-12T01:01:13.961+0000] {dag.py:3036} INFO - Sync 1 DAGs
[2025-01-12T01:01:14.008+0000] {logging_mixin.py:188} INFO - [2025-01-12T01:01:14.007+0000] {dag.py:3823} INFO - Setting next_dagrun for example_time_delta_sensor_async to None, run_after=None
[2025-01-12T01:01:14.086+0000] {processor.py:183} INFO - Processing /home/airflow/.local/lib/python3.8/site-packages/airflow/example_dags/example_time_delta_sensor_async.py took 0.230 seconds
[2025-01-12T01:01:44.479+0000] {processor.py:161} INFO - Started process (PID=2280) to work on /home/airflow/.local/lib/python3.8/site-packages/airflow/example_dags/example_time_delta_sensor_async.py
[2025-01-12T01:01:44.480+0000] {processor.py:830} INFO - Processing file /home/airflow/.local/lib/python3.8/site-packages/airflow/example_dags/example_time_delta_sensor_async.py for tasks to queue
[2025-01-12T01:01:44.482+0000] {logging_mixin.py:188} INFO - [2025-01-12T01:01:44.481+0000] {dagbag.py:538} INFO - Filling up the DagBag from /home/airflow/.local/lib/python3.8/site-packages/airflow/example_dags/example_time_delta_sensor_async.py
[2025-01-12T01:01:44.488+0000] {processor.py:840} INFO - DAG(s) 'example_time_delta_sensor_async' retrieved from /home/airflow/.local/lib/python3.8/site-packages/airflow/example_dags/example_time_delta_sensor_async.py
[2025-01-12T01:01:44.562+0000] {logging_mixin.py:188} INFO - [2025-01-12T01:01:44.561+0000] {dag.py:3036} INFO - Sync 1 DAGs
[2025-01-12T01:01:44.657+0000] {logging_mixin.py:188} INFO - [2025-01-12T01:01:44.656+0000] {dag.py:3823} INFO - Setting next_dagrun for example_time_delta_sensor_async to None, run_after=None
[2025-01-12T01:01:44.758+0000] {processor.py:183} INFO - Processing /home/airflow/.local/lib/python3.8/site-packages/airflow/example_dags/example_time_delta_sensor_async.py took 0.284 seconds
[2025-01-12T01:02:15.499+0000] {processor.py:161} INFO - Started process (PID=2336) to work on /home/airflow/.local/lib/python3.8/site-packages/airflow/example_dags/example_time_delta_sensor_async.py
[2025-01-12T01:02:15.501+0000] {processor.py:830} INFO - Processing file /home/airflow/.local/lib/python3.8/site-packages/airflow/example_dags/example_time_delta_sensor_async.py for tasks to queue
[2025-01-12T01:02:15.503+0000] {logging_mixin.py:188} INFO - [2025-01-12T01:02:15.503+0000] {dagbag.py:538} INFO - Filling up the DagBag from /home/airflow/.local/lib/python3.8/site-packages/airflow/example_dags/example_time_delta_sensor_async.py
[2025-01-12T01:02:15.512+0000] {processor.py:840} INFO - DAG(s) 'example_time_delta_sensor_async' retrieved from /home/airflow/.local/lib/python3.8/site-packages/airflow/example_dags/example_time_delta_sensor_async.py
[2025-01-12T01:02:15.558+0000] {logging_mixin.py:188} INFO - [2025-01-12T01:02:15.557+0000] {dag.py:3036} INFO - Sync 1 DAGs
[2025-01-12T01:02:15.593+0000] {logging_mixin.py:188} INFO - [2025-01-12T01:02:15.592+0000] {dag.py:3823} INFO - Setting next_dagrun for example_time_delta_sensor_async to None, run_after=None
[2025-01-12T01:02:15.642+0000] {processor.py:183} INFO - Processing /home/airflow/.local/lib/python3.8/site-packages/airflow/example_dags/example_time_delta_sensor_async.py took 0.150 seconds
[2025-01-12T01:02:46.020+0000] {processor.py:161} INFO - Started process (PID=2390) to work on /home/airflow/.local/lib/python3.8/site-packages/airflow/example_dags/example_time_delta_sensor_async.py
[2025-01-12T01:02:46.023+0000] {processor.py:830} INFO - Processing file /home/airflow/.local/lib/python3.8/site-packages/airflow/example_dags/example_time_delta_sensor_async.py for tasks to queue
[2025-01-12T01:02:46.025+0000] {logging_mixin.py:188} INFO - [2025-01-12T01:02:46.024+0000] {dagbag.py:538} INFO - Filling up the DagBag from /home/airflow/.local/lib/python3.8/site-packages/airflow/example_dags/example_time_delta_sensor_async.py
[2025-01-12T01:02:46.038+0000] {processor.py:840} INFO - DAG(s) 'example_time_delta_sensor_async' retrieved from /home/airflow/.local/lib/python3.8/site-packages/airflow/example_dags/example_time_delta_sensor_async.py
[2025-01-12T01:02:46.089+0000] {logging_mixin.py:188} INFO - [2025-01-12T01:02:46.088+0000] {dag.py:3036} INFO - Sync 1 DAGs
[2025-01-12T01:02:46.122+0000] {logging_mixin.py:188} INFO - [2025-01-12T01:02:46.122+0000] {dag.py:3823} INFO - Setting next_dagrun for example_time_delta_sensor_async to None, run_after=None
[2025-01-12T01:02:46.165+0000] {processor.py:183} INFO - Processing /home/airflow/.local/lib/python3.8/site-packages/airflow/example_dags/example_time_delta_sensor_async.py took 0.153 seconds
[2025-01-12T01:03:18.110+0000] {processor.py:161} INFO - Started process (PID=2446) to work on /home/airflow/.local/lib/python3.8/site-packages/airflow/example_dags/example_time_delta_sensor_async.py
[2025-01-12T01:03:18.117+0000] {processor.py:830} INFO - Processing file /home/airflow/.local/lib/python3.8/site-packages/airflow/example_dags/example_time_delta_sensor_async.py for tasks to queue
[2025-01-12T01:03:18.125+0000] {logging_mixin.py:188} INFO - [2025-01-12T01:03:18.122+0000] {dagbag.py:538} INFO - Filling up the DagBag from /home/airflow/.local/lib/python3.8/site-packages/airflow/example_dags/example_time_delta_sensor_async.py
[2025-01-12T01:03:18.142+0000] {processor.py:840} INFO - DAG(s) 'example_time_delta_sensor_async' retrieved from /home/airflow/.local/lib/python3.8/site-packages/airflow/example_dags/example_time_delta_sensor_async.py
[2025-01-12T01:03:18.240+0000] {logging_mixin.py:188} INFO - [2025-01-12T01:03:18.239+0000] {dag.py:3036} INFO - Sync 1 DAGs
[2025-01-12T01:03:19.236+0000] {logging_mixin.py:188} INFO - [2025-01-12T01:03:19.232+0000] {dag.py:3823} INFO - Setting next_dagrun for example_time_delta_sensor_async to None, run_after=None
[2025-01-12T01:03:19.332+0000] {processor.py:183} INFO - Processing /home/airflow/.local/lib/python3.8/site-packages/airflow/example_dags/example_time_delta_sensor_async.py took 1.233 seconds
[2025-01-12T01:03:50.033+0000] {processor.py:161} INFO - Started process (PID=2502) to work on /home/airflow/.local/lib/python3.8/site-packages/airflow/example_dags/example_time_delta_sensor_async.py
[2025-01-12T01:03:50.035+0000] {processor.py:830} INFO - Processing file /home/airflow/.local/lib/python3.8/site-packages/airflow/example_dags/example_time_delta_sensor_async.py for tasks to queue
[2025-01-12T01:03:50.037+0000] {logging_mixin.py:188} INFO - [2025-01-12T01:03:50.036+0000] {dagbag.py:538} INFO - Filling up the DagBag from /home/airflow/.local/lib/python3.8/site-packages/airflow/example_dags/example_time_delta_sensor_async.py
[2025-01-12T01:03:50.048+0000] {processor.py:840} INFO - DAG(s) 'example_time_delta_sensor_async' retrieved from /home/airflow/.local/lib/python3.8/site-packages/airflow/example_dags/example_time_delta_sensor_async.py
[2025-01-12T01:03:50.098+0000] {logging_mixin.py:188} INFO - [2025-01-12T01:03:50.098+0000] {dag.py:3036} INFO - Sync 1 DAGs
[2025-01-12T01:03:50.391+0000] {logging_mixin.py:188} INFO - [2025-01-12T01:03:50.391+0000] {dag.py:3823} INFO - Setting next_dagrun for example_time_delta_sensor_async to None, run_after=None
[2025-01-12T01:03:50.443+0000] {processor.py:183} INFO - Processing /home/airflow/.local/lib/python3.8/site-packages/airflow/example_dags/example_time_delta_sensor_async.py took 0.418 seconds
[2025-01-12T01:04:21.261+0000] {processor.py:161} INFO - Started process (PID=2558) to work on /home/airflow/.local/lib/python3.8/site-packages/airflow/example_dags/example_time_delta_sensor_async.py
[2025-01-12T01:04:21.263+0000] {processor.py:830} INFO - Processing file /home/airflow/.local/lib/python3.8/site-packages/airflow/example_dags/example_time_delta_sensor_async.py for tasks to queue
[2025-01-12T01:04:21.264+0000] {logging_mixin.py:188} INFO - [2025-01-12T01:04:21.264+0000] {dagbag.py:538} INFO - Filling up the DagBag from /home/airflow/.local/lib/python3.8/site-packages/airflow/example_dags/example_time_delta_sensor_async.py
[2025-01-12T01:04:21.272+0000] {processor.py:840} INFO - DAG(s) 'example_time_delta_sensor_async' retrieved from /home/airflow/.local/lib/python3.8/site-packages/airflow/example_dags/example_time_delta_sensor_async.py
[2025-01-12T01:04:21.315+0000] {logging_mixin.py:188} INFO - [2025-01-12T01:04:21.315+0000] {dag.py:3036} INFO - Sync 1 DAGs
[2025-01-12T01:04:21.344+0000] {logging_mixin.py:188} INFO - [2025-01-12T01:04:21.343+0000] {dag.py:3823} INFO - Setting next_dagrun for example_time_delta_sensor_async to None, run_after=None
[2025-01-12T01:04:21.400+0000] {processor.py:183} INFO - Processing /home/airflow/.local/lib/python3.8/site-packages/airflow/example_dags/example_time_delta_sensor_async.py took 0.146 seconds
[2025-01-12T01:04:51.840+0000] {processor.py:161} INFO - Started process (PID=2614) to work on /home/airflow/.local/lib/python3.8/site-packages/airflow/example_dags/example_time_delta_sensor_async.py
[2025-01-12T01:04:51.843+0000] {processor.py:830} INFO - Processing file /home/airflow/.local/lib/python3.8/site-packages/airflow/example_dags/example_time_delta_sensor_async.py for tasks to queue
[2025-01-12T01:04:51.849+0000] {logging_mixin.py:188} INFO - [2025-01-12T01:04:51.846+0000] {dagbag.py:538} INFO - Filling up the DagBag from /home/airflow/.local/lib/python3.8/site-packages/airflow/example_dags/example_time_delta_sensor_async.py
[2025-01-12T01:04:51.862+0000] {processor.py:840} INFO - DAG(s) 'example_time_delta_sensor_async' retrieved from /home/airflow/.local/lib/python3.8/site-packages/airflow/example_dags/example_time_delta_sensor_async.py
[2025-01-12T01:04:51.916+0000] {logging_mixin.py:188} INFO - [2025-01-12T01:04:51.915+0000] {dag.py:3036} INFO - Sync 1 DAGs
[2025-01-12T01:04:51.953+0000] {logging_mixin.py:188} INFO - [2025-01-12T01:04:51.953+0000] {dag.py:3823} INFO - Setting next_dagrun for example_time_delta_sensor_async to None, run_after=None
[2025-01-12T01:04:52.000+0000] {processor.py:183} INFO - Processing /home/airflow/.local/lib/python3.8/site-packages/airflow/example_dags/example_time_delta_sensor_async.py took 0.174 seconds
[2025-01-12T01:05:22.444+0000] {processor.py:161} INFO - Started process (PID=2670) to work on /home/airflow/.local/lib/python3.8/site-packages/airflow/example_dags/example_time_delta_sensor_async.py
[2025-01-12T01:05:22.449+0000] {processor.py:830} INFO - Processing file /home/airflow/.local/lib/python3.8/site-packages/airflow/example_dags/example_time_delta_sensor_async.py for tasks to queue
[2025-01-12T01:05:22.477+0000] {logging_mixin.py:188} INFO - [2025-01-12T01:05:22.464+0000] {dagbag.py:538} INFO - Filling up the DagBag from /home/airflow/.local/lib/python3.8/site-packages/airflow/example_dags/example_time_delta_sensor_async.py
[2025-01-12T01:05:22.567+0000] {processor.py:840} INFO - DAG(s) 'example_time_delta_sensor_async' retrieved from /home/airflow/.local/lib/python3.8/site-packages/airflow/example_dags/example_time_delta_sensor_async.py
[2025-01-12T01:05:22.656+0000] {logging_mixin.py:188} INFO - [2025-01-12T01:05:22.656+0000] {dag.py:3036} INFO - Sync 1 DAGs
[2025-01-12T01:05:22.756+0000] {logging_mixin.py:188} INFO - [2025-01-12T01:05:22.755+0000] {dag.py:3823} INFO - Setting next_dagrun for example_time_delta_sensor_async to None, run_after=None
[2025-01-12T01:05:22.826+0000] {processor.py:183} INFO - Processing /home/airflow/.local/lib/python3.8/site-packages/airflow/example_dags/example_time_delta_sensor_async.py took 0.388 seconds
[2025-01-12T01:05:53.098+0000] {processor.py:161} INFO - Started process (PID=2726) to work on /home/airflow/.local/lib/python3.8/site-packages/airflow/example_dags/example_time_delta_sensor_async.py
[2025-01-12T01:05:53.100+0000] {processor.py:830} INFO - Processing file /home/airflow/.local/lib/python3.8/site-packages/airflow/example_dags/example_time_delta_sensor_async.py for tasks to queue
[2025-01-12T01:05:53.103+0000] {logging_mixin.py:188} INFO - [2025-01-12T01:05:53.102+0000] {dagbag.py:538} INFO - Filling up the DagBag from /home/airflow/.local/lib/python3.8/site-packages/airflow/example_dags/example_time_delta_sensor_async.py
[2025-01-12T01:05:53.124+0000] {processor.py:840} INFO - DAG(s) 'example_time_delta_sensor_async' retrieved from /home/airflow/.local/lib/python3.8/site-packages/airflow/example_dags/example_time_delta_sensor_async.py
[2025-01-12T01:05:53.181+0000] {logging_mixin.py:188} INFO - [2025-01-12T01:05:53.180+0000] {dag.py:3036} INFO - Sync 1 DAGs
[2025-01-12T01:05:53.205+0000] {logging_mixin.py:188} INFO - [2025-01-12T01:05:53.205+0000] {dag.py:3823} INFO - Setting next_dagrun for example_time_delta_sensor_async to None, run_after=None
[2025-01-12T01:05:53.238+0000] {processor.py:183} INFO - Processing /home/airflow/.local/lib/python3.8/site-packages/airflow/example_dags/example_time_delta_sensor_async.py took 0.145 seconds
[2025-01-12T01:06:23.833+0000] {processor.py:161} INFO - Started process (PID=2783) to work on /home/airflow/.local/lib/python3.8/site-packages/airflow/example_dags/example_time_delta_sensor_async.py
[2025-01-12T01:06:23.836+0000] {processor.py:830} INFO - Processing file /home/airflow/.local/lib/python3.8/site-packages/airflow/example_dags/example_time_delta_sensor_async.py for tasks to queue
[2025-01-12T01:06:23.839+0000] {logging_mixin.py:188} INFO - [2025-01-12T01:06:23.838+0000] {dagbag.py:538} INFO - Filling up the DagBag from /home/airflow/.local/lib/python3.8/site-packages/airflow/example_dags/example_time_delta_sensor_async.py
[2025-01-12T01:06:23.849+0000] {processor.py:840} INFO - DAG(s) 'example_time_delta_sensor_async' retrieved from /home/airflow/.local/lib/python3.8/site-packages/airflow/example_dags/example_time_delta_sensor_async.py
[2025-01-12T01:06:23.895+0000] {logging_mixin.py:188} INFO - [2025-01-12T01:06:23.895+0000] {dag.py:3036} INFO - Sync 1 DAGs
[2025-01-12T01:06:23.924+0000] {logging_mixin.py:188} INFO - [2025-01-12T01:06:23.923+0000] {dag.py:3823} INFO - Setting next_dagrun for example_time_delta_sensor_async to None, run_after=None
[2025-01-12T01:06:23.982+0000] {processor.py:183} INFO - Processing /home/airflow/.local/lib/python3.8/site-packages/airflow/example_dags/example_time_delta_sensor_async.py took 0.156 seconds
[2025-01-12T01:06:54.433+0000] {processor.py:161} INFO - Started process (PID=2839) to work on /home/airflow/.local/lib/python3.8/site-packages/airflow/example_dags/example_time_delta_sensor_async.py
[2025-01-12T01:06:54.435+0000] {processor.py:830} INFO - Processing file /home/airflow/.local/lib/python3.8/site-packages/airflow/example_dags/example_time_delta_sensor_async.py for tasks to queue
[2025-01-12T01:06:54.438+0000] {logging_mixin.py:188} INFO - [2025-01-12T01:06:54.437+0000] {dagbag.py:538} INFO - Filling up the DagBag from /home/airflow/.local/lib/python3.8/site-packages/airflow/example_dags/example_time_delta_sensor_async.py
[2025-01-12T01:06:54.449+0000] {processor.py:840} INFO - DAG(s) 'example_time_delta_sensor_async' retrieved from /home/airflow/.local/lib/python3.8/site-packages/airflow/example_dags/example_time_delta_sensor_async.py
[2025-01-12T01:06:54.493+0000] {logging_mixin.py:188} INFO - [2025-01-12T01:06:54.493+0000] {dag.py:3036} INFO - Sync 1 DAGs
[2025-01-12T01:06:54.517+0000] {logging_mixin.py:188} INFO - [2025-01-12T01:06:54.516+0000] {dag.py:3823} INFO - Setting next_dagrun for example_time_delta_sensor_async to None, run_after=None
[2025-01-12T01:06:54.567+0000] {processor.py:183} INFO - Processing /home/airflow/.local/lib/python3.8/site-packages/airflow/example_dags/example_time_delta_sensor_async.py took 0.141 seconds
[2025-01-12T01:07:25.406+0000] {processor.py:161} INFO - Started process (PID=2895) to work on /home/airflow/.local/lib/python3.8/site-packages/airflow/example_dags/example_time_delta_sensor_async.py
[2025-01-12T01:07:25.409+0000] {processor.py:830} INFO - Processing file /home/airflow/.local/lib/python3.8/site-packages/airflow/example_dags/example_time_delta_sensor_async.py for tasks to queue
[2025-01-12T01:07:25.411+0000] {logging_mixin.py:188} INFO - [2025-01-12T01:07:25.411+0000] {dagbag.py:538} INFO - Filling up the DagBag from /home/airflow/.local/lib/python3.8/site-packages/airflow/example_dags/example_time_delta_sensor_async.py
[2025-01-12T01:07:25.418+0000] {processor.py:840} INFO - DAG(s) 'example_time_delta_sensor_async' retrieved from /home/airflow/.local/lib/python3.8/site-packages/airflow/example_dags/example_time_delta_sensor_async.py
[2025-01-12T01:07:25.457+0000] {logging_mixin.py:188} INFO - [2025-01-12T01:07:25.457+0000] {dag.py:3036} INFO - Sync 1 DAGs
[2025-01-12T01:07:25.482+0000] {logging_mixin.py:188} INFO - [2025-01-12T01:07:25.481+0000] {dag.py:3823} INFO - Setting next_dagrun for example_time_delta_sensor_async to None, run_after=None
[2025-01-12T01:07:25.512+0000] {processor.py:183} INFO - Processing /home/airflow/.local/lib/python3.8/site-packages/airflow/example_dags/example_time_delta_sensor_async.py took 0.112 seconds
[2025-01-12T01:07:56.294+0000] {processor.py:161} INFO - Started process (PID=2951) to work on /home/airflow/.local/lib/python3.8/site-packages/airflow/example_dags/example_time_delta_sensor_async.py
[2025-01-12T01:07:56.295+0000] {processor.py:830} INFO - Processing file /home/airflow/.local/lib/python3.8/site-packages/airflow/example_dags/example_time_delta_sensor_async.py for tasks to queue
[2025-01-12T01:07:56.297+0000] {logging_mixin.py:188} INFO - [2025-01-12T01:07:56.296+0000] {dagbag.py:538} INFO - Filling up the DagBag from /home/airflow/.local/lib/python3.8/site-packages/airflow/example_dags/example_time_delta_sensor_async.py
[2025-01-12T01:07:56.302+0000] {processor.py:840} INFO - DAG(s) 'example_time_delta_sensor_async' retrieved from /home/airflow/.local/lib/python3.8/site-packages/airflow/example_dags/example_time_delta_sensor_async.py
[2025-01-12T01:07:56.332+0000] {logging_mixin.py:188} INFO - [2025-01-12T01:07:56.331+0000] {dag.py:3036} INFO - Sync 1 DAGs
[2025-01-12T01:07:56.352+0000] {logging_mixin.py:188} INFO - [2025-01-12T01:07:56.352+0000] {dag.py:3823} INFO - Setting next_dagrun for example_time_delta_sensor_async to None, run_after=None
[2025-01-12T01:07:56.391+0000] {processor.py:183} INFO - Processing /home/airflow/.local/lib/python3.8/site-packages/airflow/example_dags/example_time_delta_sensor_async.py took 0.101 seconds
[2025-01-12T01:08:26.577+0000] {processor.py:161} INFO - Started process (PID=3007) to work on /home/airflow/.local/lib/python3.8/site-packages/airflow/example_dags/example_time_delta_sensor_async.py
[2025-01-12T01:08:26.579+0000] {processor.py:830} INFO - Processing file /home/airflow/.local/lib/python3.8/site-packages/airflow/example_dags/example_time_delta_sensor_async.py for tasks to queue
[2025-01-12T01:08:26.581+0000] {logging_mixin.py:188} INFO - [2025-01-12T01:08:26.581+0000] {dagbag.py:538} INFO - Filling up the DagBag from /home/airflow/.local/lib/python3.8/site-packages/airflow/example_dags/example_time_delta_sensor_async.py
[2025-01-12T01:08:26.589+0000] {processor.py:840} INFO - DAG(s) 'example_time_delta_sensor_async' retrieved from /home/airflow/.local/lib/python3.8/site-packages/airflow/example_dags/example_time_delta_sensor_async.py
[2025-01-12T01:08:26.630+0000] {logging_mixin.py:188} INFO - [2025-01-12T01:08:26.630+0000] {dag.py:3036} INFO - Sync 1 DAGs
[2025-01-12T01:08:26.662+0000] {logging_mixin.py:188} INFO - [2025-01-12T01:08:26.662+0000] {dag.py:3823} INFO - Setting next_dagrun for example_time_delta_sensor_async to None, run_after=None
[2025-01-12T01:08:26.718+0000] {processor.py:183} INFO - Processing /home/airflow/.local/lib/python3.8/site-packages/airflow/example_dags/example_time_delta_sensor_async.py took 0.147 seconds
