[2025-01-12T00:41:31.031+0000] {processor.py:161} INFO - Started process (PID=103) to work on /home/airflow/.local/lib/python3.8/site-packages/airflow/example_dags/example_python_decorator.py
[2025-01-12T00:41:31.033+0000] {processor.py:830} INFO - Processing file /home/airflow/.local/lib/python3.8/site-packages/airflow/example_dags/example_python_decorator.py for tasks to queue
[2025-01-12T00:41:31.036+0000] {logging_mixin.py:188} INFO - [2025-01-12T00:41:31.035+0000] {dagbag.py:538} INFO - Filling up the DagBag from /home/airflow/.local/lib/python3.8/site-packages/airflow/example_dags/example_python_decorator.py
[2025-01-12T00:41:31.064+0000] {processor.py:840} INFO - DAG(s) 'example_python_decorator' retrieved from /home/airflow/.local/lib/python3.8/site-packages/airflow/example_dags/example_python_decorator.py
[2025-01-12T00:41:31.080+0000] {logging_mixin.py:188} INFO - [2025-01-12T00:41:31.080+0000] {dag.py:3036} INFO - Sync 1 DAGs
[2025-01-12T00:41:31.108+0000] {logging_mixin.py:188} INFO - [2025-01-12T00:41:31.108+0000] {dag.py:3823} INFO - Setting next_dagrun for example_python_decorator to None, run_after=None
[2025-01-12T00:41:31.140+0000] {processor.py:183} INFO - Processing /home/airflow/.local/lib/python3.8/site-packages/airflow/example_dags/example_python_decorator.py took 0.113 seconds
[2025-01-12T00:42:10.278+0000] {processor.py:161} INFO - Started process (PID=159) to work on /home/airflow/.local/lib/python3.8/site-packages/airflow/example_dags/example_python_decorator.py
[2025-01-12T00:42:10.288+0000] {processor.py:830} INFO - Processing file /home/airflow/.local/lib/python3.8/site-packages/airflow/example_dags/example_python_decorator.py for tasks to queue
[2025-01-12T00:42:10.296+0000] {logging_mixin.py:188} INFO - [2025-01-12T00:42:10.295+0000] {dagbag.py:538} INFO - Filling up the DagBag from /home/airflow/.local/lib/python3.8/site-packages/airflow/example_dags/example_python_decorator.py
[2025-01-12T00:42:10.380+0000] {processor.py:840} INFO - DAG(s) 'example_python_decorator' retrieved from /home/airflow/.local/lib/python3.8/site-packages/airflow/example_dags/example_python_decorator.py
[2025-01-12T00:42:10.977+0000] {logging_mixin.py:188} INFO - [2025-01-12T00:42:10.977+0000] {dag.py:3036} INFO - Sync 1 DAGs
[2025-01-12T00:42:11.015+0000] {logging_mixin.py:188} INFO - [2025-01-12T00:42:11.014+0000] {dag.py:3823} INFO - Setting next_dagrun for example_python_decorator to None, run_after=None
[2025-01-12T00:42:11.083+0000] {processor.py:183} INFO - Processing /home/airflow/.local/lib/python3.8/site-packages/airflow/example_dags/example_python_decorator.py took 0.815 seconds
[2025-01-12T00:42:43.498+0000] {processor.py:161} INFO - Started process (PID=215) to work on /home/airflow/.local/lib/python3.8/site-packages/airflow/example_dags/example_python_decorator.py
[2025-01-12T00:42:43.501+0000] {processor.py:830} INFO - Processing file /home/airflow/.local/lib/python3.8/site-packages/airflow/example_dags/example_python_decorator.py for tasks to queue
[2025-01-12T00:42:43.519+0000] {logging_mixin.py:188} INFO - [2025-01-12T00:42:43.518+0000] {dagbag.py:538} INFO - Filling up the DagBag from /home/airflow/.local/lib/python3.8/site-packages/airflow/example_dags/example_python_decorator.py
[2025-01-12T00:42:43.612+0000] {processor.py:840} INFO - DAG(s) 'example_python_decorator' retrieved from /home/airflow/.local/lib/python3.8/site-packages/airflow/example_dags/example_python_decorator.py
[2025-01-12T00:42:43.765+0000] {logging_mixin.py:188} INFO - [2025-01-12T00:42:43.764+0000] {dag.py:3036} INFO - Sync 1 DAGs
[2025-01-12T00:42:43.850+0000] {logging_mixin.py:188} INFO - [2025-01-12T00:42:43.849+0000] {dag.py:3823} INFO - Setting next_dagrun for example_python_decorator to None, run_after=None
[2025-01-12T00:42:43.965+0000] {processor.py:183} INFO - Processing /home/airflow/.local/lib/python3.8/site-packages/airflow/example_dags/example_python_decorator.py took 0.488 seconds
[2025-01-12T00:43:16.720+0000] {processor.py:161} INFO - Started process (PID=272) to work on /home/airflow/.local/lib/python3.8/site-packages/airflow/example_dags/example_python_decorator.py
[2025-01-12T00:43:16.725+0000] {processor.py:830} INFO - Processing file /home/airflow/.local/lib/python3.8/site-packages/airflow/example_dags/example_python_decorator.py for tasks to queue
[2025-01-12T00:43:16.730+0000] {logging_mixin.py:188} INFO - [2025-01-12T00:43:16.729+0000] {dagbag.py:538} INFO - Filling up the DagBag from /home/airflow/.local/lib/python3.8/site-packages/airflow/example_dags/example_python_decorator.py
[2025-01-12T00:43:16.816+0000] {processor.py:840} INFO - DAG(s) 'example_python_decorator' retrieved from /home/airflow/.local/lib/python3.8/site-packages/airflow/example_dags/example_python_decorator.py
[2025-01-12T00:43:17.004+0000] {logging_mixin.py:188} INFO - [2025-01-12T00:43:17.004+0000] {dag.py:3036} INFO - Sync 1 DAGs
[2025-01-12T00:43:17.060+0000] {logging_mixin.py:188} INFO - [2025-01-12T00:43:17.060+0000] {dag.py:3823} INFO - Setting next_dagrun for example_python_decorator to None, run_after=None
[2025-01-12T00:43:17.171+0000] {processor.py:183} INFO - Processing /home/airflow/.local/lib/python3.8/site-packages/airflow/example_dags/example_python_decorator.py took 0.473 seconds
[2025-01-12T00:43:47.511+0000] {processor.py:161} INFO - Started process (PID=328) to work on /home/airflow/.local/lib/python3.8/site-packages/airflow/example_dags/example_python_decorator.py
[2025-01-12T00:43:47.513+0000] {processor.py:830} INFO - Processing file /home/airflow/.local/lib/python3.8/site-packages/airflow/example_dags/example_python_decorator.py for tasks to queue
[2025-01-12T00:43:47.524+0000] {logging_mixin.py:188} INFO - [2025-01-12T00:43:47.523+0000] {dagbag.py:538} INFO - Filling up the DagBag from /home/airflow/.local/lib/python3.8/site-packages/airflow/example_dags/example_python_decorator.py
[2025-01-12T00:43:47.574+0000] {processor.py:840} INFO - DAG(s) 'example_python_decorator' retrieved from /home/airflow/.local/lib/python3.8/site-packages/airflow/example_dags/example_python_decorator.py
[2025-01-12T00:43:47.595+0000] {logging_mixin.py:188} INFO - [2025-01-12T00:43:47.595+0000] {dag.py:3036} INFO - Sync 1 DAGs
[2025-01-12T00:43:47.627+0000] {logging_mixin.py:188} INFO - [2025-01-12T00:43:47.626+0000] {dag.py:3823} INFO - Setting next_dagrun for example_python_decorator to None, run_after=None
[2025-01-12T00:43:47.673+0000] {processor.py:183} INFO - Processing /home/airflow/.local/lib/python3.8/site-packages/airflow/example_dags/example_python_decorator.py took 0.168 seconds
[2025-01-12T00:44:18.667+0000] {processor.py:161} INFO - Started process (PID=384) to work on /home/airflow/.local/lib/python3.8/site-packages/airflow/example_dags/example_python_decorator.py
[2025-01-12T00:44:18.669+0000] {processor.py:830} INFO - Processing file /home/airflow/.local/lib/python3.8/site-packages/airflow/example_dags/example_python_decorator.py for tasks to queue
[2025-01-12T00:44:18.671+0000] {logging_mixin.py:188} INFO - [2025-01-12T00:44:18.671+0000] {dagbag.py:538} INFO - Filling up the DagBag from /home/airflow/.local/lib/python3.8/site-packages/airflow/example_dags/example_python_decorator.py
[2025-01-12T00:44:18.698+0000] {processor.py:840} INFO - DAG(s) 'example_python_decorator' retrieved from /home/airflow/.local/lib/python3.8/site-packages/airflow/example_dags/example_python_decorator.py
[2025-01-12T00:44:18.860+0000] {logging_mixin.py:188} INFO - [2025-01-12T00:44:18.860+0000] {dag.py:3036} INFO - Sync 1 DAGs
[2025-01-12T00:44:18.877+0000] {logging_mixin.py:188} INFO - [2025-01-12T00:44:18.876+0000] {dag.py:3823} INFO - Setting next_dagrun for example_python_decorator to None, run_after=None
[2025-01-12T00:44:18.903+0000] {processor.py:183} INFO - Processing /home/airflow/.local/lib/python3.8/site-packages/airflow/example_dags/example_python_decorator.py took 0.242 seconds
[2025-01-12T00:44:49.583+0000] {processor.py:161} INFO - Started process (PID=440) to work on /home/airflow/.local/lib/python3.8/site-packages/airflow/example_dags/example_python_decorator.py
[2025-01-12T00:44:49.586+0000] {processor.py:830} INFO - Processing file /home/airflow/.local/lib/python3.8/site-packages/airflow/example_dags/example_python_decorator.py for tasks to queue
[2025-01-12T00:44:49.596+0000] {logging_mixin.py:188} INFO - [2025-01-12T00:44:49.595+0000] {dagbag.py:538} INFO - Filling up the DagBag from /home/airflow/.local/lib/python3.8/site-packages/airflow/example_dags/example_python_decorator.py
[2025-01-12T00:44:49.640+0000] {processor.py:840} INFO - DAG(s) 'example_python_decorator' retrieved from /home/airflow/.local/lib/python3.8/site-packages/airflow/example_dags/example_python_decorator.py
[2025-01-12T00:44:49.727+0000] {logging_mixin.py:188} INFO - [2025-01-12T00:44:49.726+0000] {dag.py:3036} INFO - Sync 1 DAGs
[2025-01-12T00:44:49.785+0000] {logging_mixin.py:188} INFO - [2025-01-12T00:44:49.785+0000] {dag.py:3823} INFO - Setting next_dagrun for example_python_decorator to None, run_after=None
[2025-01-12T00:44:49.874+0000] {processor.py:183} INFO - Processing /home/airflow/.local/lib/python3.8/site-packages/airflow/example_dags/example_python_decorator.py took 0.300 seconds
[2025-01-12T00:45:20.346+0000] {processor.py:161} INFO - Started process (PID=496) to work on /home/airflow/.local/lib/python3.8/site-packages/airflow/example_dags/example_python_decorator.py
[2025-01-12T00:45:20.358+0000] {processor.py:830} INFO - Processing file /home/airflow/.local/lib/python3.8/site-packages/airflow/example_dags/example_python_decorator.py for tasks to queue
[2025-01-12T00:45:20.363+0000] {logging_mixin.py:188} INFO - [2025-01-12T00:45:20.362+0000] {dagbag.py:538} INFO - Filling up the DagBag from /home/airflow/.local/lib/python3.8/site-packages/airflow/example_dags/example_python_decorator.py
[2025-01-12T00:45:20.440+0000] {processor.py:840} INFO - DAG(s) 'example_python_decorator' retrieved from /home/airflow/.local/lib/python3.8/site-packages/airflow/example_dags/example_python_decorator.py
[2025-01-12T00:45:20.644+0000] {logging_mixin.py:188} INFO - [2025-01-12T00:45:20.643+0000] {dag.py:3036} INFO - Sync 1 DAGs
[2025-01-12T00:45:20.743+0000] {logging_mixin.py:188} INFO - [2025-01-12T00:45:20.742+0000] {dag.py:3823} INFO - Setting next_dagrun for example_python_decorator to None, run_after=None
[2025-01-12T00:45:20.840+0000] {processor.py:183} INFO - Processing /home/airflow/.local/lib/python3.8/site-packages/airflow/example_dags/example_python_decorator.py took 0.501 seconds
[2025-01-12T00:45:51.771+0000] {processor.py:161} INFO - Started process (PID=553) to work on /home/airflow/.local/lib/python3.8/site-packages/airflow/example_dags/example_python_decorator.py
[2025-01-12T00:45:51.773+0000] {processor.py:830} INFO - Processing file /home/airflow/.local/lib/python3.8/site-packages/airflow/example_dags/example_python_decorator.py for tasks to queue
[2025-01-12T00:45:51.778+0000] {logging_mixin.py:188} INFO - [2025-01-12T00:45:51.777+0000] {dagbag.py:538} INFO - Filling up the DagBag from /home/airflow/.local/lib/python3.8/site-packages/airflow/example_dags/example_python_decorator.py
[2025-01-12T00:45:51.806+0000] {processor.py:840} INFO - DAG(s) 'example_python_decorator' retrieved from /home/airflow/.local/lib/python3.8/site-packages/airflow/example_dags/example_python_decorator.py
[2025-01-12T00:45:51.861+0000] {logging_mixin.py:188} INFO - [2025-01-12T00:45:51.860+0000] {dag.py:3036} INFO - Sync 1 DAGs
[2025-01-12T00:45:51.891+0000] {logging_mixin.py:188} INFO - [2025-01-12T00:45:51.890+0000] {dag.py:3823} INFO - Setting next_dagrun for example_python_decorator to None, run_after=None
[2025-01-12T00:45:51.958+0000] {processor.py:183} INFO - Processing /home/airflow/.local/lib/python3.8/site-packages/airflow/example_dags/example_python_decorator.py took 0.192 seconds
[2025-01-12T00:46:22.284+0000] {processor.py:161} INFO - Started process (PID=609) to work on /home/airflow/.local/lib/python3.8/site-packages/airflow/example_dags/example_python_decorator.py
[2025-01-12T00:46:22.312+0000] {processor.py:830} INFO - Processing file /home/airflow/.local/lib/python3.8/site-packages/airflow/example_dags/example_python_decorator.py for tasks to queue
[2025-01-12T00:46:22.340+0000] {logging_mixin.py:188} INFO - [2025-01-12T00:46:22.327+0000] {dagbag.py:538} INFO - Filling up the DagBag from /home/airflow/.local/lib/python3.8/site-packages/airflow/example_dags/example_python_decorator.py
[2025-01-12T00:46:22.455+0000] {processor.py:840} INFO - DAG(s) 'example_python_decorator' retrieved from /home/airflow/.local/lib/python3.8/site-packages/airflow/example_dags/example_python_decorator.py
[2025-01-12T00:46:22.625+0000] {logging_mixin.py:188} INFO - [2025-01-12T00:46:22.625+0000] {dag.py:3036} INFO - Sync 1 DAGs
[2025-01-12T00:46:22.794+0000] {logging_mixin.py:188} INFO - [2025-01-12T00:46:22.793+0000] {dag.py:3823} INFO - Setting next_dagrun for example_python_decorator to None, run_after=None
[2025-01-12T00:46:22.998+0000] {processor.py:183} INFO - Processing /home/airflow/.local/lib/python3.8/site-packages/airflow/example_dags/example_python_decorator.py took 0.728 seconds
[2025-01-12T00:46:53.771+0000] {processor.py:161} INFO - Started process (PID=665) to work on /home/airflow/.local/lib/python3.8/site-packages/airflow/example_dags/example_python_decorator.py
[2025-01-12T00:46:53.782+0000] {processor.py:830} INFO - Processing file /home/airflow/.local/lib/python3.8/site-packages/airflow/example_dags/example_python_decorator.py for tasks to queue
[2025-01-12T00:46:53.786+0000] {logging_mixin.py:188} INFO - [2025-01-12T00:46:53.785+0000] {dagbag.py:538} INFO - Filling up the DagBag from /home/airflow/.local/lib/python3.8/site-packages/airflow/example_dags/example_python_decorator.py
[2025-01-12T00:46:53.828+0000] {processor.py:840} INFO - DAG(s) 'example_python_decorator' retrieved from /home/airflow/.local/lib/python3.8/site-packages/airflow/example_dags/example_python_decorator.py
[2025-01-12T00:46:53.922+0000] {logging_mixin.py:188} INFO - [2025-01-12T00:46:53.921+0000] {dag.py:3036} INFO - Sync 1 DAGs
[2025-01-12T00:46:54.017+0000] {logging_mixin.py:188} INFO - [2025-01-12T00:46:54.016+0000] {dag.py:3823} INFO - Setting next_dagrun for example_python_decorator to None, run_after=None
[2025-01-12T00:46:54.159+0000] {processor.py:183} INFO - Processing /home/airflow/.local/lib/python3.8/site-packages/airflow/example_dags/example_python_decorator.py took 0.396 seconds
[2025-01-12T00:47:24.897+0000] {processor.py:161} INFO - Started process (PID=722) to work on /home/airflow/.local/lib/python3.8/site-packages/airflow/example_dags/example_python_decorator.py
[2025-01-12T00:47:24.902+0000] {processor.py:830} INFO - Processing file /home/airflow/.local/lib/python3.8/site-packages/airflow/example_dags/example_python_decorator.py for tasks to queue
[2025-01-12T00:47:24.915+0000] {logging_mixin.py:188} INFO - [2025-01-12T00:47:24.914+0000] {dagbag.py:538} INFO - Filling up the DagBag from /home/airflow/.local/lib/python3.8/site-packages/airflow/example_dags/example_python_decorator.py
[2025-01-12T00:47:24.981+0000] {processor.py:840} INFO - DAG(s) 'example_python_decorator' retrieved from /home/airflow/.local/lib/python3.8/site-packages/airflow/example_dags/example_python_decorator.py
[2025-01-12T00:47:25.075+0000] {logging_mixin.py:188} INFO - [2025-01-12T00:47:25.075+0000] {dag.py:3036} INFO - Sync 1 DAGs
[2025-01-12T00:47:25.136+0000] {logging_mixin.py:188} INFO - [2025-01-12T00:47:25.135+0000] {dag.py:3823} INFO - Setting next_dagrun for example_python_decorator to None, run_after=None
[2025-01-12T00:47:25.212+0000] {processor.py:183} INFO - Processing /home/airflow/.local/lib/python3.8/site-packages/airflow/example_dags/example_python_decorator.py took 0.332 seconds
[2025-01-12T00:47:55.680+0000] {processor.py:161} INFO - Started process (PID=778) to work on /home/airflow/.local/lib/python3.8/site-packages/airflow/example_dags/example_python_decorator.py
[2025-01-12T00:47:55.683+0000] {processor.py:830} INFO - Processing file /home/airflow/.local/lib/python3.8/site-packages/airflow/example_dags/example_python_decorator.py for tasks to queue
[2025-01-12T00:47:55.714+0000] {logging_mixin.py:188} INFO - [2025-01-12T00:47:55.712+0000] {dagbag.py:538} INFO - Filling up the DagBag from /home/airflow/.local/lib/python3.8/site-packages/airflow/example_dags/example_python_decorator.py
[2025-01-12T00:47:55.856+0000] {processor.py:840} INFO - DAG(s) 'example_python_decorator' retrieved from /home/airflow/.local/lib/python3.8/site-packages/airflow/example_dags/example_python_decorator.py
[2025-01-12T00:47:55.983+0000] {logging_mixin.py:188} INFO - [2025-01-12T00:47:55.982+0000] {dag.py:3036} INFO - Sync 1 DAGs
[2025-01-12T00:47:56.066+0000] {logging_mixin.py:188} INFO - [2025-01-12T00:47:56.059+0000] {dag.py:3823} INFO - Setting next_dagrun for example_python_decorator to None, run_after=None
[2025-01-12T00:47:56.173+0000] {processor.py:183} INFO - Processing /home/airflow/.local/lib/python3.8/site-packages/airflow/example_dags/example_python_decorator.py took 0.514 seconds
[2025-01-12T00:48:26.872+0000] {processor.py:161} INFO - Started process (PID=834) to work on /home/airflow/.local/lib/python3.8/site-packages/airflow/example_dags/example_python_decorator.py
[2025-01-12T00:48:26.878+0000] {processor.py:830} INFO - Processing file /home/airflow/.local/lib/python3.8/site-packages/airflow/example_dags/example_python_decorator.py for tasks to queue
[2025-01-12T00:48:26.895+0000] {logging_mixin.py:188} INFO - [2025-01-12T00:48:26.894+0000] {dagbag.py:538} INFO - Filling up the DagBag from /home/airflow/.local/lib/python3.8/site-packages/airflow/example_dags/example_python_decorator.py
[2025-01-12T00:48:26.977+0000] {processor.py:840} INFO - DAG(s) 'example_python_decorator' retrieved from /home/airflow/.local/lib/python3.8/site-packages/airflow/example_dags/example_python_decorator.py
[2025-01-12T00:48:27.065+0000] {logging_mixin.py:188} INFO - [2025-01-12T00:48:27.065+0000] {dag.py:3036} INFO - Sync 1 DAGs
[2025-01-12T00:48:27.106+0000] {logging_mixin.py:188} INFO - [2025-01-12T00:48:27.100+0000] {dag.py:3823} INFO - Setting next_dagrun for example_python_decorator to None, run_after=None
[2025-01-12T00:48:27.192+0000] {processor.py:183} INFO - Processing /home/airflow/.local/lib/python3.8/site-packages/airflow/example_dags/example_python_decorator.py took 0.332 seconds
[2025-01-12T00:48:57.948+0000] {processor.py:161} INFO - Started process (PID=890) to work on /home/airflow/.local/lib/python3.8/site-packages/airflow/example_dags/example_python_decorator.py
[2025-01-12T00:48:57.949+0000] {processor.py:830} INFO - Processing file /home/airflow/.local/lib/python3.8/site-packages/airflow/example_dags/example_python_decorator.py for tasks to queue
[2025-01-12T00:48:57.953+0000] {logging_mixin.py:188} INFO - [2025-01-12T00:48:57.952+0000] {dagbag.py:538} INFO - Filling up the DagBag from /home/airflow/.local/lib/python3.8/site-packages/airflow/example_dags/example_python_decorator.py
[2025-01-12T00:48:57.978+0000] {processor.py:840} INFO - DAG(s) 'example_python_decorator' retrieved from /home/airflow/.local/lib/python3.8/site-packages/airflow/example_dags/example_python_decorator.py
[2025-01-12T00:48:58.026+0000] {logging_mixin.py:188} INFO - [2025-01-12T00:48:58.026+0000] {dag.py:3036} INFO - Sync 1 DAGs
[2025-01-12T00:48:58.054+0000] {logging_mixin.py:188} INFO - [2025-01-12T00:48:58.053+0000] {dag.py:3823} INFO - Setting next_dagrun for example_python_decorator to None, run_after=None
[2025-01-12T00:48:58.107+0000] {processor.py:183} INFO - Processing /home/airflow/.local/lib/python3.8/site-packages/airflow/example_dags/example_python_decorator.py took 0.167 seconds
[2025-01-12T00:49:29.081+0000] {processor.py:161} INFO - Started process (PID=946) to work on /home/airflow/.local/lib/python3.8/site-packages/airflow/example_dags/example_python_decorator.py
[2025-01-12T00:49:29.091+0000] {processor.py:830} INFO - Processing file /home/airflow/.local/lib/python3.8/site-packages/airflow/example_dags/example_python_decorator.py for tasks to queue
[2025-01-12T00:49:29.105+0000] {logging_mixin.py:188} INFO - [2025-01-12T00:49:29.101+0000] {dagbag.py:538} INFO - Filling up the DagBag from /home/airflow/.local/lib/python3.8/site-packages/airflow/example_dags/example_python_decorator.py
[2025-01-12T00:49:29.139+0000] {processor.py:840} INFO - DAG(s) 'example_python_decorator' retrieved from /home/airflow/.local/lib/python3.8/site-packages/airflow/example_dags/example_python_decorator.py
[2025-01-12T00:49:29.210+0000] {logging_mixin.py:188} INFO - [2025-01-12T00:49:29.210+0000] {dag.py:3036} INFO - Sync 1 DAGs
[2025-01-12T00:49:29.250+0000] {logging_mixin.py:188} INFO - [2025-01-12T00:49:29.249+0000] {dag.py:3823} INFO - Setting next_dagrun for example_python_decorator to None, run_after=None
[2025-01-12T00:49:29.321+0000] {processor.py:183} INFO - Processing /home/airflow/.local/lib/python3.8/site-packages/airflow/example_dags/example_python_decorator.py took 0.252 seconds
[2025-01-12T00:50:00.385+0000] {processor.py:161} INFO - Started process (PID=1008) to work on /home/airflow/.local/lib/python3.8/site-packages/airflow/example_dags/example_python_decorator.py
[2025-01-12T00:50:00.401+0000] {processor.py:830} INFO - Processing file /home/airflow/.local/lib/python3.8/site-packages/airflow/example_dags/example_python_decorator.py for tasks to queue
[2025-01-12T00:50:00.412+0000] {logging_mixin.py:188} INFO - [2025-01-12T00:50:00.411+0000] {dagbag.py:538} INFO - Filling up the DagBag from /home/airflow/.local/lib/python3.8/site-packages/airflow/example_dags/example_python_decorator.py
[2025-01-12T00:50:00.515+0000] {processor.py:840} INFO - DAG(s) 'example_python_decorator' retrieved from /home/airflow/.local/lib/python3.8/site-packages/airflow/example_dags/example_python_decorator.py
[2025-01-12T00:50:00.683+0000] {logging_mixin.py:188} INFO - [2025-01-12T00:50:00.682+0000] {dag.py:3036} INFO - Sync 1 DAGs
[2025-01-12T00:50:00.792+0000] {logging_mixin.py:188} INFO - [2025-01-12T00:50:00.791+0000] {dag.py:3823} INFO - Setting next_dagrun for example_python_decorator to None, run_after=None
[2025-01-12T00:50:00.965+0000] {processor.py:183} INFO - Processing /home/airflow/.local/lib/python3.8/site-packages/airflow/example_dags/example_python_decorator.py took 0.588 seconds
[2025-01-12T00:50:38.313+0000] {processor.py:161} INFO - Started process (PID=1065) to work on /home/airflow/.local/lib/python3.8/site-packages/airflow/example_dags/example_python_decorator.py
[2025-01-12T00:50:38.318+0000] {processor.py:830} INFO - Processing file /home/airflow/.local/lib/python3.8/site-packages/airflow/example_dags/example_python_decorator.py for tasks to queue
[2025-01-12T00:50:38.324+0000] {logging_mixin.py:188} INFO - [2025-01-12T00:50:38.323+0000] {dagbag.py:538} INFO - Filling up the DagBag from /home/airflow/.local/lib/python3.8/site-packages/airflow/example_dags/example_python_decorator.py
[2025-01-12T00:50:38.414+0000] {processor.py:840} INFO - DAG(s) 'example_python_decorator' retrieved from /home/airflow/.local/lib/python3.8/site-packages/airflow/example_dags/example_python_decorator.py
[2025-01-12T00:50:38.553+0000] {logging_mixin.py:188} INFO - [2025-01-12T00:50:38.552+0000] {dag.py:3036} INFO - Sync 1 DAGs
[2025-01-12T00:50:38.635+0000] {logging_mixin.py:188} INFO - [2025-01-12T00:50:38.634+0000] {dag.py:3823} INFO - Setting next_dagrun for example_python_decorator to None, run_after=None
[2025-01-12T00:50:38.730+0000] {processor.py:183} INFO - Processing /home/airflow/.local/lib/python3.8/site-packages/airflow/example_dags/example_python_decorator.py took 0.430 seconds
[2025-01-12T00:51:09.181+0000] {processor.py:161} INFO - Started process (PID=1121) to work on /home/airflow/.local/lib/python3.8/site-packages/airflow/example_dags/example_python_decorator.py
[2025-01-12T00:51:09.211+0000] {processor.py:830} INFO - Processing file /home/airflow/.local/lib/python3.8/site-packages/airflow/example_dags/example_python_decorator.py for tasks to queue
[2025-01-12T00:51:09.224+0000] {logging_mixin.py:188} INFO - [2025-01-12T00:51:09.222+0000] {dagbag.py:538} INFO - Filling up the DagBag from /home/airflow/.local/lib/python3.8/site-packages/airflow/example_dags/example_python_decorator.py
[2025-01-12T00:51:09.342+0000] {processor.py:840} INFO - DAG(s) 'example_python_decorator' retrieved from /home/airflow/.local/lib/python3.8/site-packages/airflow/example_dags/example_python_decorator.py
[2025-01-12T00:51:09.443+0000] {logging_mixin.py:188} INFO - [2025-01-12T00:51:09.442+0000] {dag.py:3036} INFO - Sync 1 DAGs
[2025-01-12T00:51:09.491+0000] {logging_mixin.py:188} INFO - [2025-01-12T00:51:09.490+0000] {dag.py:3823} INFO - Setting next_dagrun for example_python_decorator to None, run_after=None
[2025-01-12T00:51:09.595+0000] {processor.py:183} INFO - Processing /home/airflow/.local/lib/python3.8/site-packages/airflow/example_dags/example_python_decorator.py took 0.446 seconds
[2025-01-12T00:51:40.215+0000] {processor.py:161} INFO - Started process (PID=1178) to work on /home/airflow/.local/lib/python3.8/site-packages/airflow/example_dags/example_python_decorator.py
[2025-01-12T00:51:40.225+0000] {processor.py:830} INFO - Processing file /home/airflow/.local/lib/python3.8/site-packages/airflow/example_dags/example_python_decorator.py for tasks to queue
[2025-01-12T00:51:40.243+0000] {logging_mixin.py:188} INFO - [2025-01-12T00:51:40.242+0000] {dagbag.py:538} INFO - Filling up the DagBag from /home/airflow/.local/lib/python3.8/site-packages/airflow/example_dags/example_python_decorator.py
[2025-01-12T00:51:40.320+0000] {processor.py:840} INFO - DAG(s) 'example_python_decorator' retrieved from /home/airflow/.local/lib/python3.8/site-packages/airflow/example_dags/example_python_decorator.py
[2025-01-12T00:51:40.469+0000] {logging_mixin.py:188} INFO - [2025-01-12T00:51:40.459+0000] {dag.py:3036} INFO - Sync 1 DAGs
[2025-01-12T00:51:40.567+0000] {logging_mixin.py:188} INFO - [2025-01-12T00:51:40.567+0000] {dag.py:3823} INFO - Setting next_dagrun for example_python_decorator to None, run_after=None
[2025-01-12T00:51:40.664+0000] {processor.py:183} INFO - Processing /home/airflow/.local/lib/python3.8/site-packages/airflow/example_dags/example_python_decorator.py took 0.466 seconds
[2025-01-12T00:52:10.832+0000] {processor.py:161} INFO - Started process (PID=1234) to work on /home/airflow/.local/lib/python3.8/site-packages/airflow/example_dags/example_python_decorator.py
[2025-01-12T00:52:10.834+0000] {processor.py:830} INFO - Processing file /home/airflow/.local/lib/python3.8/site-packages/airflow/example_dags/example_python_decorator.py for tasks to queue
[2025-01-12T00:52:10.836+0000] {logging_mixin.py:188} INFO - [2025-01-12T00:52:10.835+0000] {dagbag.py:538} INFO - Filling up the DagBag from /home/airflow/.local/lib/python3.8/site-packages/airflow/example_dags/example_python_decorator.py
[2025-01-12T00:52:10.862+0000] {processor.py:840} INFO - DAG(s) 'example_python_decorator' retrieved from /home/airflow/.local/lib/python3.8/site-packages/airflow/example_dags/example_python_decorator.py
[2025-01-12T00:52:10.898+0000] {logging_mixin.py:188} INFO - [2025-01-12T00:52:10.898+0000] {dag.py:3036} INFO - Sync 1 DAGs
[2025-01-12T00:52:10.924+0000] {logging_mixin.py:188} INFO - [2025-01-12T00:52:10.924+0000] {dag.py:3823} INFO - Setting next_dagrun for example_python_decorator to None, run_after=None
[2025-01-12T00:52:10.957+0000] {processor.py:183} INFO - Processing /home/airflow/.local/lib/python3.8/site-packages/airflow/example_dags/example_python_decorator.py took 0.132 seconds
[2025-01-12T00:52:42.330+0000] {processor.py:161} INFO - Started process (PID=1289) to work on /home/airflow/.local/lib/python3.8/site-packages/airflow/example_dags/example_python_decorator.py
[2025-01-12T00:52:42.333+0000] {processor.py:830} INFO - Processing file /home/airflow/.local/lib/python3.8/site-packages/airflow/example_dags/example_python_decorator.py for tasks to queue
[2025-01-12T00:52:42.336+0000] {logging_mixin.py:188} INFO - [2025-01-12T00:52:42.335+0000] {dagbag.py:538} INFO - Filling up the DagBag from /home/airflow/.local/lib/python3.8/site-packages/airflow/example_dags/example_python_decorator.py
[2025-01-12T00:52:42.386+0000] {processor.py:840} INFO - DAG(s) 'example_python_decorator' retrieved from /home/airflow/.local/lib/python3.8/site-packages/airflow/example_dags/example_python_decorator.py
[2025-01-12T00:52:42.443+0000] {logging_mixin.py:188} INFO - [2025-01-12T00:52:42.443+0000] {dag.py:3036} INFO - Sync 1 DAGs
[2025-01-12T00:52:42.493+0000] {logging_mixin.py:188} INFO - [2025-01-12T00:52:42.492+0000] {dag.py:3823} INFO - Setting next_dagrun for example_python_decorator to None, run_after=None
[2025-01-12T00:52:42.541+0000] {processor.py:183} INFO - Processing /home/airflow/.local/lib/python3.8/site-packages/airflow/example_dags/example_python_decorator.py took 0.227 seconds
[2025-01-12T00:53:12.898+0000] {processor.py:161} INFO - Started process (PID=1345) to work on /home/airflow/.local/lib/python3.8/site-packages/airflow/example_dags/example_python_decorator.py
[2025-01-12T00:53:12.902+0000] {processor.py:830} INFO - Processing file /home/airflow/.local/lib/python3.8/site-packages/airflow/example_dags/example_python_decorator.py for tasks to queue
[2025-01-12T00:53:12.909+0000] {logging_mixin.py:188} INFO - [2025-01-12T00:53:12.908+0000] {dagbag.py:538} INFO - Filling up the DagBag from /home/airflow/.local/lib/python3.8/site-packages/airflow/example_dags/example_python_decorator.py
[2025-01-12T00:53:12.965+0000] {processor.py:840} INFO - DAG(s) 'example_python_decorator' retrieved from /home/airflow/.local/lib/python3.8/site-packages/airflow/example_dags/example_python_decorator.py
[2025-01-12T00:53:13.116+0000] {logging_mixin.py:188} INFO - [2025-01-12T00:53:13.115+0000] {dag.py:3036} INFO - Sync 1 DAGs
[2025-01-12T00:53:13.177+0000] {logging_mixin.py:188} INFO - [2025-01-12T00:53:13.176+0000] {dag.py:3823} INFO - Setting next_dagrun for example_python_decorator to None, run_after=None
[2025-01-12T00:53:13.266+0000] {processor.py:183} INFO - Processing /home/airflow/.local/lib/python3.8/site-packages/airflow/example_dags/example_python_decorator.py took 0.381 seconds
[2025-01-12T00:53:44.130+0000] {processor.py:161} INFO - Started process (PID=1401) to work on /home/airflow/.local/lib/python3.8/site-packages/airflow/example_dags/example_python_decorator.py
[2025-01-12T00:53:44.132+0000] {processor.py:830} INFO - Processing file /home/airflow/.local/lib/python3.8/site-packages/airflow/example_dags/example_python_decorator.py for tasks to queue
[2025-01-12T00:53:44.137+0000] {logging_mixin.py:188} INFO - [2025-01-12T00:53:44.136+0000] {dagbag.py:538} INFO - Filling up the DagBag from /home/airflow/.local/lib/python3.8/site-packages/airflow/example_dags/example_python_decorator.py
[2025-01-12T00:53:44.201+0000] {processor.py:840} INFO - DAG(s) 'example_python_decorator' retrieved from /home/airflow/.local/lib/python3.8/site-packages/airflow/example_dags/example_python_decorator.py
[2025-01-12T00:53:44.263+0000] {logging_mixin.py:188} INFO - [2025-01-12T00:53:44.263+0000] {dag.py:3036} INFO - Sync 1 DAGs
[2025-01-12T00:53:44.290+0000] {logging_mixin.py:188} INFO - [2025-01-12T00:53:44.289+0000] {dag.py:3823} INFO - Setting next_dagrun for example_python_decorator to None, run_after=None
[2025-01-12T00:53:44.330+0000] {processor.py:183} INFO - Processing /home/airflow/.local/lib/python3.8/site-packages/airflow/example_dags/example_python_decorator.py took 0.208 seconds
[2025-01-12T00:54:14.551+0000] {processor.py:161} INFO - Started process (PID=1461) to work on /home/airflow/.local/lib/python3.8/site-packages/airflow/example_dags/example_python_decorator.py
[2025-01-12T00:54:14.553+0000] {processor.py:830} INFO - Processing file /home/airflow/.local/lib/python3.8/site-packages/airflow/example_dags/example_python_decorator.py for tasks to queue
[2025-01-12T00:54:14.556+0000] {logging_mixin.py:188} INFO - [2025-01-12T00:54:14.556+0000] {dagbag.py:538} INFO - Filling up the DagBag from /home/airflow/.local/lib/python3.8/site-packages/airflow/example_dags/example_python_decorator.py
[2025-01-12T00:54:14.586+0000] {processor.py:840} INFO - DAG(s) 'example_python_decorator' retrieved from /home/airflow/.local/lib/python3.8/site-packages/airflow/example_dags/example_python_decorator.py
[2025-01-12T00:54:14.632+0000] {logging_mixin.py:188} INFO - [2025-01-12T00:54:14.631+0000] {dag.py:3036} INFO - Sync 1 DAGs
[2025-01-12T00:54:14.659+0000] {logging_mixin.py:188} INFO - [2025-01-12T00:54:14.658+0000] {dag.py:3823} INFO - Setting next_dagrun for example_python_decorator to None, run_after=None
[2025-01-12T00:54:14.698+0000] {processor.py:183} INFO - Processing /home/airflow/.local/lib/python3.8/site-packages/airflow/example_dags/example_python_decorator.py took 0.155 seconds
[2025-01-12T00:54:44.786+0000] {processor.py:161} INFO - Started process (PID=1516) to work on /home/airflow/.local/lib/python3.8/site-packages/airflow/example_dags/example_python_decorator.py
[2025-01-12T00:54:44.790+0000] {processor.py:830} INFO - Processing file /home/airflow/.local/lib/python3.8/site-packages/airflow/example_dags/example_python_decorator.py for tasks to queue
[2025-01-12T00:54:44.792+0000] {logging_mixin.py:188} INFO - [2025-01-12T00:54:44.791+0000] {dagbag.py:538} INFO - Filling up the DagBag from /home/airflow/.local/lib/python3.8/site-packages/airflow/example_dags/example_python_decorator.py
[2025-01-12T00:54:44.834+0000] {processor.py:840} INFO - DAG(s) 'example_python_decorator' retrieved from /home/airflow/.local/lib/python3.8/site-packages/airflow/example_dags/example_python_decorator.py
[2025-01-12T00:54:44.892+0000] {logging_mixin.py:188} INFO - [2025-01-12T00:54:44.891+0000] {dag.py:3036} INFO - Sync 1 DAGs
[2025-01-12T00:54:44.922+0000] {logging_mixin.py:188} INFO - [2025-01-12T00:54:44.921+0000] {dag.py:3823} INFO - Setting next_dagrun for example_python_decorator to None, run_after=None
[2025-01-12T00:54:44.980+0000] {processor.py:183} INFO - Processing /home/airflow/.local/lib/python3.8/site-packages/airflow/example_dags/example_python_decorator.py took 0.203 seconds
[2025-01-12T00:55:16.972+0000] {processor.py:161} INFO - Started process (PID=1573) to work on /home/airflow/.local/lib/python3.8/site-packages/airflow/example_dags/example_python_decorator.py
[2025-01-12T00:55:16.994+0000] {processor.py:830} INFO - Processing file /home/airflow/.local/lib/python3.8/site-packages/airflow/example_dags/example_python_decorator.py for tasks to queue
[2025-01-12T00:55:17.008+0000] {logging_mixin.py:188} INFO - [2025-01-12T00:55:17.007+0000] {dagbag.py:538} INFO - Filling up the DagBag from /home/airflow/.local/lib/python3.8/site-packages/airflow/example_dags/example_python_decorator.py
[2025-01-12T00:55:17.214+0000] {processor.py:840} INFO - DAG(s) 'example_python_decorator' retrieved from /home/airflow/.local/lib/python3.8/site-packages/airflow/example_dags/example_python_decorator.py
[2025-01-12T00:55:17.464+0000] {logging_mixin.py:188} INFO - [2025-01-12T00:55:17.464+0000] {dag.py:3036} INFO - Sync 1 DAGs
[2025-01-12T00:55:17.678+0000] {logging_mixin.py:188} INFO - [2025-01-12T00:55:17.678+0000] {dag.py:3823} INFO - Setting next_dagrun for example_python_decorator to None, run_after=None
[2025-01-12T00:55:17.873+0000] {processor.py:183} INFO - Processing /home/airflow/.local/lib/python3.8/site-packages/airflow/example_dags/example_python_decorator.py took 0.935 seconds
[2025-01-12T00:55:48.533+0000] {processor.py:161} INFO - Started process (PID=1629) to work on /home/airflow/.local/lib/python3.8/site-packages/airflow/example_dags/example_python_decorator.py
[2025-01-12T00:55:48.537+0000] {processor.py:830} INFO - Processing file /home/airflow/.local/lib/python3.8/site-packages/airflow/example_dags/example_python_decorator.py for tasks to queue
[2025-01-12T00:55:48.541+0000] {logging_mixin.py:188} INFO - [2025-01-12T00:55:48.541+0000] {dagbag.py:538} INFO - Filling up the DagBag from /home/airflow/.local/lib/python3.8/site-packages/airflow/example_dags/example_python_decorator.py
[2025-01-12T00:55:48.594+0000] {processor.py:840} INFO - DAG(s) 'example_python_decorator' retrieved from /home/airflow/.local/lib/python3.8/site-packages/airflow/example_dags/example_python_decorator.py
[2025-01-12T00:55:48.659+0000] {logging_mixin.py:188} INFO - [2025-01-12T00:55:48.659+0000] {dag.py:3036} INFO - Sync 1 DAGs
[2025-01-12T00:55:48.707+0000] {logging_mixin.py:188} INFO - [2025-01-12T00:55:48.707+0000] {dag.py:3823} INFO - Setting next_dagrun for example_python_decorator to None, run_after=None
[2025-01-12T00:55:48.771+0000] {processor.py:183} INFO - Processing /home/airflow/.local/lib/python3.8/site-packages/airflow/example_dags/example_python_decorator.py took 0.247 seconds
[2025-01-12T00:56:19.080+0000] {processor.py:161} INFO - Started process (PID=1683) to work on /home/airflow/.local/lib/python3.8/site-packages/airflow/example_dags/example_python_decorator.py
[2025-01-12T00:56:19.083+0000] {processor.py:830} INFO - Processing file /home/airflow/.local/lib/python3.8/site-packages/airflow/example_dags/example_python_decorator.py for tasks to queue
[2025-01-12T00:56:19.100+0000] {logging_mixin.py:188} INFO - [2025-01-12T00:56:19.098+0000] {dagbag.py:538} INFO - Filling up the DagBag from /home/airflow/.local/lib/python3.8/site-packages/airflow/example_dags/example_python_decorator.py
[2025-01-12T00:56:19.168+0000] {processor.py:840} INFO - DAG(s) 'example_python_decorator' retrieved from /home/airflow/.local/lib/python3.8/site-packages/airflow/example_dags/example_python_decorator.py
[2025-01-12T00:56:19.263+0000] {logging_mixin.py:188} INFO - [2025-01-12T00:56:19.263+0000] {dag.py:3036} INFO - Sync 1 DAGs
[2025-01-12T00:56:19.321+0000] {logging_mixin.py:188} INFO - [2025-01-12T00:56:19.321+0000] {dag.py:3823} INFO - Setting next_dagrun for example_python_decorator to None, run_after=None
[2025-01-12T00:56:19.391+0000] {processor.py:183} INFO - Processing /home/airflow/.local/lib/python3.8/site-packages/airflow/example_dags/example_python_decorator.py took 0.333 seconds
[2025-01-12T00:56:49.596+0000] {processor.py:161} INFO - Started process (PID=1739) to work on /home/airflow/.local/lib/python3.8/site-packages/airflow/example_dags/example_python_decorator.py
[2025-01-12T00:56:49.607+0000] {processor.py:830} INFO - Processing file /home/airflow/.local/lib/python3.8/site-packages/airflow/example_dags/example_python_decorator.py for tasks to queue
[2025-01-12T00:56:49.610+0000] {logging_mixin.py:188} INFO - [2025-01-12T00:56:49.609+0000] {dagbag.py:538} INFO - Filling up the DagBag from /home/airflow/.local/lib/python3.8/site-packages/airflow/example_dags/example_python_decorator.py
[2025-01-12T00:56:49.703+0000] {processor.py:840} INFO - DAG(s) 'example_python_decorator' retrieved from /home/airflow/.local/lib/python3.8/site-packages/airflow/example_dags/example_python_decorator.py
[2025-01-12T00:56:49.818+0000] {logging_mixin.py:188} INFO - [2025-01-12T00:56:49.818+0000] {dag.py:3036} INFO - Sync 1 DAGs
[2025-01-12T00:56:49.878+0000] {logging_mixin.py:188} INFO - [2025-01-12T00:56:49.878+0000] {dag.py:3823} INFO - Setting next_dagrun for example_python_decorator to None, run_after=None
[2025-01-12T00:56:49.919+0000] {processor.py:183} INFO - Processing /home/airflow/.local/lib/python3.8/site-packages/airflow/example_dags/example_python_decorator.py took 0.329 seconds
[2025-01-12T00:57:24.659+0000] {processor.py:161} INFO - Started process (PID=1801) to work on /home/airflow/.local/lib/python3.8/site-packages/airflow/example_dags/example_python_decorator.py
[2025-01-12T00:57:24.661+0000] {processor.py:830} INFO - Processing file /home/airflow/.local/lib/python3.8/site-packages/airflow/example_dags/example_python_decorator.py for tasks to queue
[2025-01-12T00:57:24.666+0000] {logging_mixin.py:188} INFO - [2025-01-12T00:57:24.666+0000] {dagbag.py:538} INFO - Filling up the DagBag from /home/airflow/.local/lib/python3.8/site-packages/airflow/example_dags/example_python_decorator.py
[2025-01-12T00:57:24.708+0000] {processor.py:840} INFO - DAG(s) 'example_python_decorator' retrieved from /home/airflow/.local/lib/python3.8/site-packages/airflow/example_dags/example_python_decorator.py
[2025-01-12T00:57:24.827+0000] {logging_mixin.py:188} INFO - [2025-01-12T00:57:24.827+0000] {dag.py:3036} INFO - Sync 1 DAGs
[2025-01-12T00:57:24.900+0000] {logging_mixin.py:188} INFO - [2025-01-12T00:57:24.899+0000] {dag.py:3823} INFO - Setting next_dagrun for example_python_decorator to None, run_after=None
[2025-01-12T00:57:25.078+0000] {processor.py:183} INFO - Processing /home/airflow/.local/lib/python3.8/site-packages/airflow/example_dags/example_python_decorator.py took 0.430 seconds
[2025-01-12T00:57:55.261+0000] {processor.py:161} INFO - Started process (PID=1858) to work on /home/airflow/.local/lib/python3.8/site-packages/airflow/example_dags/example_python_decorator.py
[2025-01-12T00:57:55.263+0000] {processor.py:830} INFO - Processing file /home/airflow/.local/lib/python3.8/site-packages/airflow/example_dags/example_python_decorator.py for tasks to queue
[2025-01-12T00:57:55.264+0000] {logging_mixin.py:188} INFO - [2025-01-12T00:57:55.264+0000] {dagbag.py:538} INFO - Filling up the DagBag from /home/airflow/.local/lib/python3.8/site-packages/airflow/example_dags/example_python_decorator.py
[2025-01-12T00:57:55.289+0000] {processor.py:840} INFO - DAG(s) 'example_python_decorator' retrieved from /home/airflow/.local/lib/python3.8/site-packages/airflow/example_dags/example_python_decorator.py
[2025-01-12T00:57:55.324+0000] {logging_mixin.py:188} INFO - [2025-01-12T00:57:55.324+0000] {dag.py:3036} INFO - Sync 1 DAGs
[2025-01-12T00:57:55.343+0000] {logging_mixin.py:188} INFO - [2025-01-12T00:57:55.343+0000] {dag.py:3823} INFO - Setting next_dagrun for example_python_decorator to None, run_after=None
[2025-01-12T00:57:55.372+0000] {processor.py:183} INFO - Processing /home/airflow/.local/lib/python3.8/site-packages/airflow/example_dags/example_python_decorator.py took 0.116 seconds
[2025-01-12T00:58:25.917+0000] {processor.py:161} INFO - Started process (PID=1914) to work on /home/airflow/.local/lib/python3.8/site-packages/airflow/example_dags/example_python_decorator.py
[2025-01-12T00:58:25.925+0000] {processor.py:830} INFO - Processing file /home/airflow/.local/lib/python3.8/site-packages/airflow/example_dags/example_python_decorator.py for tasks to queue
[2025-01-12T00:58:25.935+0000] {logging_mixin.py:188} INFO - [2025-01-12T00:58:25.934+0000] {dagbag.py:538} INFO - Filling up the DagBag from /home/airflow/.local/lib/python3.8/site-packages/airflow/example_dags/example_python_decorator.py
[2025-01-12T00:58:25.984+0000] {processor.py:840} INFO - DAG(s) 'example_python_decorator' retrieved from /home/airflow/.local/lib/python3.8/site-packages/airflow/example_dags/example_python_decorator.py
[2025-01-12T00:58:26.050+0000] {logging_mixin.py:188} INFO - [2025-01-12T00:58:26.050+0000] {dag.py:3036} INFO - Sync 1 DAGs
[2025-01-12T00:58:26.091+0000] {logging_mixin.py:188} INFO - [2025-01-12T00:58:26.090+0000] {dag.py:3823} INFO - Setting next_dagrun for example_python_decorator to None, run_after=None
[2025-01-12T00:58:26.137+0000] {processor.py:183} INFO - Processing /home/airflow/.local/lib/python3.8/site-packages/airflow/example_dags/example_python_decorator.py took 0.244 seconds
[2025-01-12T00:58:56.270+0000] {processor.py:161} INFO - Started process (PID=1970) to work on /home/airflow/.local/lib/python3.8/site-packages/airflow/example_dags/example_python_decorator.py
[2025-01-12T00:58:56.272+0000] {processor.py:830} INFO - Processing file /home/airflow/.local/lib/python3.8/site-packages/airflow/example_dags/example_python_decorator.py for tasks to queue
[2025-01-12T00:58:56.275+0000] {logging_mixin.py:188} INFO - [2025-01-12T00:58:56.274+0000] {dagbag.py:538} INFO - Filling up the DagBag from /home/airflow/.local/lib/python3.8/site-packages/airflow/example_dags/example_python_decorator.py
[2025-01-12T00:58:56.299+0000] {processor.py:840} INFO - DAG(s) 'example_python_decorator' retrieved from /home/airflow/.local/lib/python3.8/site-packages/airflow/example_dags/example_python_decorator.py
[2025-01-12T00:58:56.341+0000] {logging_mixin.py:188} INFO - [2025-01-12T00:58:56.341+0000] {dag.py:3036} INFO - Sync 1 DAGs
[2025-01-12T00:58:56.366+0000] {logging_mixin.py:188} INFO - [2025-01-12T00:58:56.366+0000] {dag.py:3823} INFO - Setting next_dagrun for example_python_decorator to None, run_after=None
[2025-01-12T00:58:56.416+0000] {processor.py:183} INFO - Processing /home/airflow/.local/lib/python3.8/site-packages/airflow/example_dags/example_python_decorator.py took 0.153 seconds
[2025-01-12T00:59:26.776+0000] {processor.py:161} INFO - Started process (PID=2025) to work on /home/airflow/.local/lib/python3.8/site-packages/airflow/example_dags/example_python_decorator.py
[2025-01-12T00:59:26.780+0000] {processor.py:830} INFO - Processing file /home/airflow/.local/lib/python3.8/site-packages/airflow/example_dags/example_python_decorator.py for tasks to queue
[2025-01-12T00:59:26.793+0000] {logging_mixin.py:188} INFO - [2025-01-12T00:59:26.792+0000] {dagbag.py:538} INFO - Filling up the DagBag from /home/airflow/.local/lib/python3.8/site-packages/airflow/example_dags/example_python_decorator.py
[2025-01-12T00:59:26.838+0000] {processor.py:840} INFO - DAG(s) 'example_python_decorator' retrieved from /home/airflow/.local/lib/python3.8/site-packages/airflow/example_dags/example_python_decorator.py
[2025-01-12T00:59:26.931+0000] {logging_mixin.py:188} INFO - [2025-01-12T00:59:26.931+0000] {dag.py:3036} INFO - Sync 1 DAGs
[2025-01-12T00:59:26.999+0000] {logging_mixin.py:188} INFO - [2025-01-12T00:59:26.998+0000] {dag.py:3823} INFO - Setting next_dagrun for example_python_decorator to None, run_after=None
[2025-01-12T00:59:27.090+0000] {processor.py:183} INFO - Processing /home/airflow/.local/lib/python3.8/site-packages/airflow/example_dags/example_python_decorator.py took 0.328 seconds
[2025-01-12T00:59:57.413+0000] {processor.py:161} INFO - Started process (PID=2081) to work on /home/airflow/.local/lib/python3.8/site-packages/airflow/example_dags/example_python_decorator.py
[2025-01-12T00:59:57.416+0000] {processor.py:830} INFO - Processing file /home/airflow/.local/lib/python3.8/site-packages/airflow/example_dags/example_python_decorator.py for tasks to queue
[2025-01-12T00:59:57.419+0000] {logging_mixin.py:188} INFO - [2025-01-12T00:59:57.418+0000] {dagbag.py:538} INFO - Filling up the DagBag from /home/airflow/.local/lib/python3.8/site-packages/airflow/example_dags/example_python_decorator.py
[2025-01-12T00:59:57.465+0000] {processor.py:840} INFO - DAG(s) 'example_python_decorator' retrieved from /home/airflow/.local/lib/python3.8/site-packages/airflow/example_dags/example_python_decorator.py
[2025-01-12T00:59:57.529+0000] {logging_mixin.py:188} INFO - [2025-01-12T00:59:57.528+0000] {dag.py:3036} INFO - Sync 1 DAGs
[2025-01-12T00:59:57.577+0000] {logging_mixin.py:188} INFO - [2025-01-12T00:59:57.577+0000] {dag.py:3823} INFO - Setting next_dagrun for example_python_decorator to None, run_after=None
[2025-01-12T00:59:57.651+0000] {processor.py:183} INFO - Processing /home/airflow/.local/lib/python3.8/site-packages/airflow/example_dags/example_python_decorator.py took 0.248 seconds
[2025-01-12T01:00:27.849+0000] {processor.py:161} INFO - Started process (PID=2137) to work on /home/airflow/.local/lib/python3.8/site-packages/airflow/example_dags/example_python_decorator.py
[2025-01-12T01:00:27.851+0000] {processor.py:830} INFO - Processing file /home/airflow/.local/lib/python3.8/site-packages/airflow/example_dags/example_python_decorator.py for tasks to queue
[2025-01-12T01:00:27.853+0000] {logging_mixin.py:188} INFO - [2025-01-12T01:00:27.852+0000] {dagbag.py:538} INFO - Filling up the DagBag from /home/airflow/.local/lib/python3.8/site-packages/airflow/example_dags/example_python_decorator.py
[2025-01-12T01:00:27.880+0000] {processor.py:840} INFO - DAG(s) 'example_python_decorator' retrieved from /home/airflow/.local/lib/python3.8/site-packages/airflow/example_dags/example_python_decorator.py
[2025-01-12T01:00:27.925+0000] {logging_mixin.py:188} INFO - [2025-01-12T01:00:27.924+0000] {dag.py:3036} INFO - Sync 1 DAGs
[2025-01-12T01:00:27.961+0000] {logging_mixin.py:188} INFO - [2025-01-12T01:00:27.960+0000] {dag.py:3823} INFO - Setting next_dagrun for example_python_decorator to None, run_after=None
[2025-01-12T01:00:28.015+0000] {processor.py:183} INFO - Processing /home/airflow/.local/lib/python3.8/site-packages/airflow/example_dags/example_python_decorator.py took 0.172 seconds
[2025-01-12T01:00:58.516+0000] {processor.py:161} INFO - Started process (PID=2193) to work on /home/airflow/.local/lib/python3.8/site-packages/airflow/example_dags/example_python_decorator.py
[2025-01-12T01:00:58.517+0000] {processor.py:830} INFO - Processing file /home/airflow/.local/lib/python3.8/site-packages/airflow/example_dags/example_python_decorator.py for tasks to queue
[2025-01-12T01:00:58.518+0000] {logging_mixin.py:188} INFO - [2025-01-12T01:00:58.518+0000] {dagbag.py:538} INFO - Filling up the DagBag from /home/airflow/.local/lib/python3.8/site-packages/airflow/example_dags/example_python_decorator.py
[2025-01-12T01:00:58.536+0000] {processor.py:840} INFO - DAG(s) 'example_python_decorator' retrieved from /home/airflow/.local/lib/python3.8/site-packages/airflow/example_dags/example_python_decorator.py
[2025-01-12T01:00:58.567+0000] {logging_mixin.py:188} INFO - [2025-01-12T01:00:58.567+0000] {dag.py:3036} INFO - Sync 1 DAGs
[2025-01-12T01:00:58.584+0000] {logging_mixin.py:188} INFO - [2025-01-12T01:00:58.584+0000] {dag.py:3823} INFO - Setting next_dagrun for example_python_decorator to None, run_after=None
[2025-01-12T01:00:58.626+0000] {processor.py:183} INFO - Processing /home/airflow/.local/lib/python3.8/site-packages/airflow/example_dags/example_python_decorator.py took 0.114 seconds
[2025-01-12T01:01:29.044+0000] {processor.py:161} INFO - Started process (PID=2249) to work on /home/airflow/.local/lib/python3.8/site-packages/airflow/example_dags/example_python_decorator.py
[2025-01-12T01:01:29.046+0000] {processor.py:830} INFO - Processing file /home/airflow/.local/lib/python3.8/site-packages/airflow/example_dags/example_python_decorator.py for tasks to queue
[2025-01-12T01:01:29.049+0000] {logging_mixin.py:188} INFO - [2025-01-12T01:01:29.048+0000] {dagbag.py:538} INFO - Filling up the DagBag from /home/airflow/.local/lib/python3.8/site-packages/airflow/example_dags/example_python_decorator.py
[2025-01-12T01:01:29.077+0000] {processor.py:840} INFO - DAG(s) 'example_python_decorator' retrieved from /home/airflow/.local/lib/python3.8/site-packages/airflow/example_dags/example_python_decorator.py
[2025-01-12T01:01:29.127+0000] {logging_mixin.py:188} INFO - [2025-01-12T01:01:29.127+0000] {dag.py:3036} INFO - Sync 1 DAGs
[2025-01-12T01:01:29.178+0000] {logging_mixin.py:188} INFO - [2025-01-12T01:01:29.178+0000] {dag.py:3823} INFO - Setting next_dagrun for example_python_decorator to None, run_after=None
[2025-01-12T01:01:29.507+0000] {processor.py:183} INFO - Processing /home/airflow/.local/lib/python3.8/site-packages/airflow/example_dags/example_python_decorator.py took 0.469 seconds
[2025-01-12T01:02:00.093+0000] {processor.py:161} INFO - Started process (PID=2305) to work on /home/airflow/.local/lib/python3.8/site-packages/airflow/example_dags/example_python_decorator.py
[2025-01-12T01:02:00.095+0000] {processor.py:830} INFO - Processing file /home/airflow/.local/lib/python3.8/site-packages/airflow/example_dags/example_python_decorator.py for tasks to queue
[2025-01-12T01:02:00.097+0000] {logging_mixin.py:188} INFO - [2025-01-12T01:02:00.097+0000] {dagbag.py:538} INFO - Filling up the DagBag from /home/airflow/.local/lib/python3.8/site-packages/airflow/example_dags/example_python_decorator.py
[2025-01-12T01:02:00.130+0000] {processor.py:840} INFO - DAG(s) 'example_python_decorator' retrieved from /home/airflow/.local/lib/python3.8/site-packages/airflow/example_dags/example_python_decorator.py
[2025-01-12T01:02:00.171+0000] {logging_mixin.py:188} INFO - [2025-01-12T01:02:00.170+0000] {dag.py:3036} INFO - Sync 1 DAGs
[2025-01-12T01:02:00.202+0000] {logging_mixin.py:188} INFO - [2025-01-12T01:02:00.202+0000] {dag.py:3823} INFO - Setting next_dagrun for example_python_decorator to None, run_after=None
[2025-01-12T01:02:00.445+0000] {processor.py:183} INFO - Processing /home/airflow/.local/lib/python3.8/site-packages/airflow/example_dags/example_python_decorator.py took 0.361 seconds
[2025-01-12T01:02:31.034+0000] {processor.py:161} INFO - Started process (PID=2361) to work on /home/airflow/.local/lib/python3.8/site-packages/airflow/example_dags/example_python_decorator.py
[2025-01-12T01:02:31.035+0000] {processor.py:830} INFO - Processing file /home/airflow/.local/lib/python3.8/site-packages/airflow/example_dags/example_python_decorator.py for tasks to queue
[2025-01-12T01:02:31.037+0000] {logging_mixin.py:188} INFO - [2025-01-12T01:02:31.037+0000] {dagbag.py:538} INFO - Filling up the DagBag from /home/airflow/.local/lib/python3.8/site-packages/airflow/example_dags/example_python_decorator.py
[2025-01-12T01:02:31.058+0000] {processor.py:840} INFO - DAG(s) 'example_python_decorator' retrieved from /home/airflow/.local/lib/python3.8/site-packages/airflow/example_dags/example_python_decorator.py
[2025-01-12T01:02:31.091+0000] {logging_mixin.py:188} INFO - [2025-01-12T01:02:31.091+0000] {dag.py:3036} INFO - Sync 1 DAGs
[2025-01-12T01:02:31.115+0000] {logging_mixin.py:188} INFO - [2025-01-12T01:02:31.114+0000] {dag.py:3823} INFO - Setting next_dagrun for example_python_decorator to None, run_after=None
[2025-01-12T01:02:31.158+0000] {processor.py:183} INFO - Processing /home/airflow/.local/lib/python3.8/site-packages/airflow/example_dags/example_python_decorator.py took 0.129 seconds
[2025-01-12T01:03:04.852+0000] {processor.py:161} INFO - Started process (PID=2423) to work on /home/airflow/.local/lib/python3.8/site-packages/airflow/example_dags/example_python_decorator.py
[2025-01-12T01:03:04.855+0000] {processor.py:830} INFO - Processing file /home/airflow/.local/lib/python3.8/site-packages/airflow/example_dags/example_python_decorator.py for tasks to queue
[2025-01-12T01:03:04.864+0000] {logging_mixin.py:188} INFO - [2025-01-12T01:03:04.863+0000] {dagbag.py:538} INFO - Filling up the DagBag from /home/airflow/.local/lib/python3.8/site-packages/airflow/example_dags/example_python_decorator.py
[2025-01-12T01:03:04.928+0000] {processor.py:840} INFO - DAG(s) 'example_python_decorator' retrieved from /home/airflow/.local/lib/python3.8/site-packages/airflow/example_dags/example_python_decorator.py
[2025-01-12T01:03:05.151+0000] {logging_mixin.py:188} INFO - [2025-01-12T01:03:05.151+0000] {dag.py:3036} INFO - Sync 1 DAGs
[2025-01-12T01:03:05.291+0000] {logging_mixin.py:188} INFO - [2025-01-12T01:03:05.290+0000] {dag.py:3823} INFO - Setting next_dagrun for example_python_decorator to None, run_after=None
[2025-01-12T01:03:05.485+0000] {processor.py:183} INFO - Processing /home/airflow/.local/lib/python3.8/site-packages/airflow/example_dags/example_python_decorator.py took 0.647 seconds
[2025-01-12T01:03:35.832+0000] {processor.py:161} INFO - Started process (PID=2478) to work on /home/airflow/.local/lib/python3.8/site-packages/airflow/example_dags/example_python_decorator.py
[2025-01-12T01:03:35.835+0000] {processor.py:830} INFO - Processing file /home/airflow/.local/lib/python3.8/site-packages/airflow/example_dags/example_python_decorator.py for tasks to queue
[2025-01-12T01:03:35.838+0000] {logging_mixin.py:188} INFO - [2025-01-12T01:03:35.837+0000] {dagbag.py:538} INFO - Filling up the DagBag from /home/airflow/.local/lib/python3.8/site-packages/airflow/example_dags/example_python_decorator.py
[2025-01-12T01:03:35.871+0000] {processor.py:840} INFO - DAG(s) 'example_python_decorator' retrieved from /home/airflow/.local/lib/python3.8/site-packages/airflow/example_dags/example_python_decorator.py
[2025-01-12T01:03:35.941+0000] {logging_mixin.py:188} INFO - [2025-01-12T01:03:35.941+0000] {dag.py:3036} INFO - Sync 1 DAGs
[2025-01-12T01:03:35.977+0000] {logging_mixin.py:188} INFO - [2025-01-12T01:03:35.976+0000] {dag.py:3823} INFO - Setting next_dagrun for example_python_decorator to None, run_after=None
[2025-01-12T01:03:36.017+0000] {processor.py:183} INFO - Processing /home/airflow/.local/lib/python3.8/site-packages/airflow/example_dags/example_python_decorator.py took 0.192 seconds
[2025-01-12T01:04:06.454+0000] {processor.py:161} INFO - Started process (PID=2534) to work on /home/airflow/.local/lib/python3.8/site-packages/airflow/example_dags/example_python_decorator.py
[2025-01-12T01:04:06.455+0000] {processor.py:830} INFO - Processing file /home/airflow/.local/lib/python3.8/site-packages/airflow/example_dags/example_python_decorator.py for tasks to queue
[2025-01-12T01:04:06.457+0000] {logging_mixin.py:188} INFO - [2025-01-12T01:04:06.456+0000] {dagbag.py:538} INFO - Filling up the DagBag from /home/airflow/.local/lib/python3.8/site-packages/airflow/example_dags/example_python_decorator.py
[2025-01-12T01:04:06.477+0000] {processor.py:840} INFO - DAG(s) 'example_python_decorator' retrieved from /home/airflow/.local/lib/python3.8/site-packages/airflow/example_dags/example_python_decorator.py
[2025-01-12T01:04:06.514+0000] {logging_mixin.py:188} INFO - [2025-01-12T01:04:06.513+0000] {dag.py:3036} INFO - Sync 1 DAGs
[2025-01-12T01:04:06.535+0000] {logging_mixin.py:188} INFO - [2025-01-12T01:04:06.534+0000] {dag.py:3823} INFO - Setting next_dagrun for example_python_decorator to None, run_after=None
[2025-01-12T01:04:06.575+0000] {processor.py:183} INFO - Processing /home/airflow/.local/lib/python3.8/site-packages/airflow/example_dags/example_python_decorator.py took 0.126 seconds
[2025-01-12T01:04:37.293+0000] {processor.py:161} INFO - Started process (PID=2590) to work on /home/airflow/.local/lib/python3.8/site-packages/airflow/example_dags/example_python_decorator.py
[2025-01-12T01:04:37.299+0000] {processor.py:830} INFO - Processing file /home/airflow/.local/lib/python3.8/site-packages/airflow/example_dags/example_python_decorator.py for tasks to queue
[2025-01-12T01:04:37.302+0000] {logging_mixin.py:188} INFO - [2025-01-12T01:04:37.301+0000] {dagbag.py:538} INFO - Filling up the DagBag from /home/airflow/.local/lib/python3.8/site-packages/airflow/example_dags/example_python_decorator.py
[2025-01-12T01:04:37.366+0000] {processor.py:840} INFO - DAG(s) 'example_python_decorator' retrieved from /home/airflow/.local/lib/python3.8/site-packages/airflow/example_dags/example_python_decorator.py
[2025-01-12T01:04:37.453+0000] {logging_mixin.py:188} INFO - [2025-01-12T01:04:37.453+0000] {dag.py:3036} INFO - Sync 1 DAGs
[2025-01-12T01:04:37.496+0000] {logging_mixin.py:188} INFO - [2025-01-12T01:04:37.495+0000] {dag.py:3823} INFO - Setting next_dagrun for example_python_decorator to None, run_after=None
[2025-01-12T01:04:37.597+0000] {processor.py:183} INFO - Processing /home/airflow/.local/lib/python3.8/site-packages/airflow/example_dags/example_python_decorator.py took 0.315 seconds
[2025-01-12T01:05:08.435+0000] {processor.py:161} INFO - Started process (PID=2646) to work on /home/airflow/.local/lib/python3.8/site-packages/airflow/example_dags/example_python_decorator.py
[2025-01-12T01:05:08.439+0000] {processor.py:830} INFO - Processing file /home/airflow/.local/lib/python3.8/site-packages/airflow/example_dags/example_python_decorator.py for tasks to queue
[2025-01-12T01:05:08.442+0000] {logging_mixin.py:188} INFO - [2025-01-12T01:05:08.441+0000] {dagbag.py:538} INFO - Filling up the DagBag from /home/airflow/.local/lib/python3.8/site-packages/airflow/example_dags/example_python_decorator.py
[2025-01-12T01:05:08.499+0000] {processor.py:840} INFO - DAG(s) 'example_python_decorator' retrieved from /home/airflow/.local/lib/python3.8/site-packages/airflow/example_dags/example_python_decorator.py
[2025-01-12T01:05:08.647+0000] {logging_mixin.py:188} INFO - [2025-01-12T01:05:08.646+0000] {dag.py:3036} INFO - Sync 1 DAGs
[2025-01-12T01:05:08.685+0000] {logging_mixin.py:188} INFO - [2025-01-12T01:05:08.684+0000] {dag.py:3823} INFO - Setting next_dagrun for example_python_decorator to None, run_after=None
[2025-01-12T01:05:08.745+0000] {processor.py:183} INFO - Processing /home/airflow/.local/lib/python3.8/site-packages/airflow/example_dags/example_python_decorator.py took 0.328 seconds
[2025-01-12T01:05:39.209+0000] {processor.py:161} INFO - Started process (PID=2702) to work on /home/airflow/.local/lib/python3.8/site-packages/airflow/example_dags/example_python_decorator.py
[2025-01-12T01:05:39.211+0000] {processor.py:830} INFO - Processing file /home/airflow/.local/lib/python3.8/site-packages/airflow/example_dags/example_python_decorator.py for tasks to queue
[2025-01-12T01:05:39.212+0000] {logging_mixin.py:188} INFO - [2025-01-12T01:05:39.212+0000] {dagbag.py:538} INFO - Filling up the DagBag from /home/airflow/.local/lib/python3.8/site-packages/airflow/example_dags/example_python_decorator.py
[2025-01-12T01:05:39.233+0000] {processor.py:840} INFO - DAG(s) 'example_python_decorator' retrieved from /home/airflow/.local/lib/python3.8/site-packages/airflow/example_dags/example_python_decorator.py
[2025-01-12T01:05:39.275+0000] {logging_mixin.py:188} INFO - [2025-01-12T01:05:39.274+0000] {dag.py:3036} INFO - Sync 1 DAGs
[2025-01-12T01:05:39.296+0000] {logging_mixin.py:188} INFO - [2025-01-12T01:05:39.296+0000] {dag.py:3823} INFO - Setting next_dagrun for example_python_decorator to None, run_after=None
[2025-01-12T01:05:39.327+0000] {processor.py:183} INFO - Processing /home/airflow/.local/lib/python3.8/site-packages/airflow/example_dags/example_python_decorator.py took 0.124 seconds
[2025-01-12T01:06:10.329+0000] {processor.py:161} INFO - Started process (PID=2761) to work on /home/airflow/.local/lib/python3.8/site-packages/airflow/example_dags/example_python_decorator.py
[2025-01-12T01:06:10.331+0000] {processor.py:830} INFO - Processing file /home/airflow/.local/lib/python3.8/site-packages/airflow/example_dags/example_python_decorator.py for tasks to queue
[2025-01-12T01:06:10.333+0000] {logging_mixin.py:188} INFO - [2025-01-12T01:06:10.332+0000] {dagbag.py:538} INFO - Filling up the DagBag from /home/airflow/.local/lib/python3.8/site-packages/airflow/example_dags/example_python_decorator.py
[2025-01-12T01:06:10.361+0000] {processor.py:840} INFO - DAG(s) 'example_python_decorator' retrieved from /home/airflow/.local/lib/python3.8/site-packages/airflow/example_dags/example_python_decorator.py
[2025-01-12T01:06:10.430+0000] {logging_mixin.py:188} INFO - [2025-01-12T01:06:10.430+0000] {dag.py:3036} INFO - Sync 1 DAGs
[2025-01-12T01:06:10.470+0000] {logging_mixin.py:188} INFO - [2025-01-12T01:06:10.469+0000] {dag.py:3823} INFO - Setting next_dagrun for example_python_decorator to None, run_after=None
[2025-01-12T01:06:10.510+0000] {processor.py:183} INFO - Processing /home/airflow/.local/lib/python3.8/site-packages/airflow/example_dags/example_python_decorator.py took 0.189 seconds
[2025-01-12T01:06:40.780+0000] {processor.py:161} INFO - Started process (PID=2817) to work on /home/airflow/.local/lib/python3.8/site-packages/airflow/example_dags/example_python_decorator.py
[2025-01-12T01:06:40.782+0000] {processor.py:830} INFO - Processing file /home/airflow/.local/lib/python3.8/site-packages/airflow/example_dags/example_python_decorator.py for tasks to queue
[2025-01-12T01:06:40.784+0000] {logging_mixin.py:188} INFO - [2025-01-12T01:06:40.784+0000] {dagbag.py:538} INFO - Filling up the DagBag from /home/airflow/.local/lib/python3.8/site-packages/airflow/example_dags/example_python_decorator.py
[2025-01-12T01:06:40.817+0000] {processor.py:840} INFO - DAG(s) 'example_python_decorator' retrieved from /home/airflow/.local/lib/python3.8/site-packages/airflow/example_dags/example_python_decorator.py
[2025-01-12T01:06:40.866+0000] {logging_mixin.py:188} INFO - [2025-01-12T01:06:40.865+0000] {dag.py:3036} INFO - Sync 1 DAGs
[2025-01-12T01:06:40.903+0000] {logging_mixin.py:188} INFO - [2025-01-12T01:06:40.902+0000] {dag.py:3823} INFO - Setting next_dagrun for example_python_decorator to None, run_after=None
[2025-01-12T01:06:40.952+0000] {processor.py:183} INFO - Processing /home/airflow/.local/lib/python3.8/site-packages/airflow/example_dags/example_python_decorator.py took 0.179 seconds
[2025-01-12T01:07:12.050+0000] {processor.py:161} INFO - Started process (PID=2873) to work on /home/airflow/.local/lib/python3.8/site-packages/airflow/example_dags/example_python_decorator.py
[2025-01-12T01:07:12.052+0000] {processor.py:830} INFO - Processing file /home/airflow/.local/lib/python3.8/site-packages/airflow/example_dags/example_python_decorator.py for tasks to queue
[2025-01-12T01:07:12.054+0000] {logging_mixin.py:188} INFO - [2025-01-12T01:07:12.054+0000] {dagbag.py:538} INFO - Filling up the DagBag from /home/airflow/.local/lib/python3.8/site-packages/airflow/example_dags/example_python_decorator.py
[2025-01-12T01:07:12.089+0000] {processor.py:840} INFO - DAG(s) 'example_python_decorator' retrieved from /home/airflow/.local/lib/python3.8/site-packages/airflow/example_dags/example_python_decorator.py
[2025-01-12T01:07:12.150+0000] {logging_mixin.py:188} INFO - [2025-01-12T01:07:12.149+0000] {dag.py:3036} INFO - Sync 1 DAGs
[2025-01-12T01:07:12.186+0000] {logging_mixin.py:188} INFO - [2025-01-12T01:07:12.185+0000] {dag.py:3823} INFO - Setting next_dagrun for example_python_decorator to None, run_after=None
[2025-01-12T01:07:12.236+0000] {processor.py:183} INFO - Processing /home/airflow/.local/lib/python3.8/site-packages/airflow/example_dags/example_python_decorator.py took 0.195 seconds
[2025-01-12T01:07:43.025+0000] {processor.py:161} INFO - Started process (PID=2930) to work on /home/airflow/.local/lib/python3.8/site-packages/airflow/example_dags/example_python_decorator.py
[2025-01-12T01:07:43.026+0000] {processor.py:830} INFO - Processing file /home/airflow/.local/lib/python3.8/site-packages/airflow/example_dags/example_python_decorator.py for tasks to queue
[2025-01-12T01:07:43.028+0000] {logging_mixin.py:188} INFO - [2025-01-12T01:07:43.028+0000] {dagbag.py:538} INFO - Filling up the DagBag from /home/airflow/.local/lib/python3.8/site-packages/airflow/example_dags/example_python_decorator.py
[2025-01-12T01:07:43.061+0000] {processor.py:840} INFO - DAG(s) 'example_python_decorator' retrieved from /home/airflow/.local/lib/python3.8/site-packages/airflow/example_dags/example_python_decorator.py
[2025-01-12T01:07:43.113+0000] {logging_mixin.py:188} INFO - [2025-01-12T01:07:43.113+0000] {dag.py:3036} INFO - Sync 1 DAGs
[2025-01-12T01:07:43.136+0000] {logging_mixin.py:188} INFO - [2025-01-12T01:07:43.135+0000] {dag.py:3823} INFO - Setting next_dagrun for example_python_decorator to None, run_after=None
[2025-01-12T01:07:43.175+0000] {processor.py:183} INFO - Processing /home/airflow/.local/lib/python3.8/site-packages/airflow/example_dags/example_python_decorator.py took 0.155 seconds
[2025-01-12T01:08:15.192+0000] {processor.py:161} INFO - Started process (PID=2986) to work on /home/airflow/.local/lib/python3.8/site-packages/airflow/example_dags/example_python_decorator.py
[2025-01-12T01:08:15.197+0000] {processor.py:830} INFO - Processing file /home/airflow/.local/lib/python3.8/site-packages/airflow/example_dags/example_python_decorator.py for tasks to queue
[2025-01-12T01:08:15.200+0000] {logging_mixin.py:188} INFO - [2025-01-12T01:08:15.199+0000] {dagbag.py:538} INFO - Filling up the DagBag from /home/airflow/.local/lib/python3.8/site-packages/airflow/example_dags/example_python_decorator.py
[2025-01-12T01:08:15.254+0000] {processor.py:840} INFO - DAG(s) 'example_python_decorator' retrieved from /home/airflow/.local/lib/python3.8/site-packages/airflow/example_dags/example_python_decorator.py
[2025-01-12T01:08:15.325+0000] {logging_mixin.py:188} INFO - [2025-01-12T01:08:15.324+0000] {dag.py:3036} INFO - Sync 1 DAGs
[2025-01-12T01:08:15.369+0000] {logging_mixin.py:188} INFO - [2025-01-12T01:08:15.367+0000] {dag.py:3823} INFO - Setting next_dagrun for example_python_decorator to None, run_after=None
[2025-01-12T01:08:15.475+0000] {processor.py:183} INFO - Processing /home/airflow/.local/lib/python3.8/site-packages/airflow/example_dags/example_python_decorator.py took 0.292 seconds
