[2025-01-12T00:41:26.262+0000] {processor.py:161} INFO - Started process (PID=70) to work on /home/airflow/.local/lib/python3.8/site-packages/airflow/example_dags/example_short_circuit_operator.py
[2025-01-12T00:41:26.264+0000] {processor.py:830} INFO - Processing file /home/airflow/.local/lib/python3.8/site-packages/airflow/example_dags/example_short_circuit_operator.py for tasks to queue
[2025-01-12T00:41:26.269+0000] {logging_mixin.py:188} INFO - [2025-01-12T00:41:26.268+0000] {dagbag.py:538} INFO - Filling up the DagBag from /home/airflow/.local/lib/python3.8/site-packages/airflow/example_dags/example_short_circuit_operator.py
[2025-01-12T00:41:26.296+0000] {processor.py:840} INFO - DAG(s) 'example_short_circuit_operator' retrieved from /home/airflow/.local/lib/python3.8/site-packages/airflow/example_dags/example_short_circuit_operator.py
[2025-01-12T00:41:26.348+0000] {logging_mixin.py:188} INFO - [2025-01-12T00:41:26.346+0000] {dag.py:3036} INFO - Sync 1 DAGs
[2025-01-12T00:41:26.449+0000] {logging_mixin.py:188} INFO - [2025-01-12T00:41:26.448+0000] {dag.py:3823} INFO - Setting next_dagrun for example_short_circuit_operator to 2025-01-11 00:00:00+00:00, run_after=2025-01-12 00:00:00+00:00
[2025-01-12T00:41:26.549+0000] {processor.py:183} INFO - Processing /home/airflow/.local/lib/python3.8/site-packages/airflow/example_dags/example_short_circuit_operator.py took 0.292 seconds
[2025-01-12T00:41:57.938+0000] {processor.py:161} INFO - Started process (PID=131) to work on /home/airflow/.local/lib/python3.8/site-packages/airflow/example_dags/example_short_circuit_operator.py
[2025-01-12T00:41:57.940+0000] {processor.py:830} INFO - Processing file /home/airflow/.local/lib/python3.8/site-packages/airflow/example_dags/example_short_circuit_operator.py for tasks to queue
[2025-01-12T00:41:57.943+0000] {logging_mixin.py:188} INFO - [2025-01-12T00:41:57.943+0000] {dagbag.py:538} INFO - Filling up the DagBag from /home/airflow/.local/lib/python3.8/site-packages/airflow/example_dags/example_short_circuit_operator.py
[2025-01-12T00:41:57.962+0000] {processor.py:840} INFO - DAG(s) 'example_short_circuit_operator' retrieved from /home/airflow/.local/lib/python3.8/site-packages/airflow/example_dags/example_short_circuit_operator.py
[2025-01-12T00:41:58.343+0000] {logging_mixin.py:188} INFO - [2025-01-12T00:41:58.342+0000] {dag.py:3036} INFO - Sync 1 DAGs
[2025-01-12T00:41:58.466+0000] {logging_mixin.py:188} INFO - [2025-01-12T00:41:58.465+0000] {dag.py:3823} INFO - Setting next_dagrun for example_short_circuit_operator to 2025-01-11 00:00:00+00:00, run_after=2025-01-12 00:00:00+00:00
[2025-01-12T00:41:58.544+0000] {processor.py:183} INFO - Processing /home/airflow/.local/lib/python3.8/site-packages/airflow/example_dags/example_short_circuit_operator.py took 0.611 seconds
[2025-01-12T00:42:28.599+0000] {processor.py:161} INFO - Started process (PID=187) to work on /home/airflow/.local/lib/python3.8/site-packages/airflow/example_dags/example_short_circuit_operator.py
[2025-01-12T00:42:28.601+0000] {processor.py:830} INFO - Processing file /home/airflow/.local/lib/python3.8/site-packages/airflow/example_dags/example_short_circuit_operator.py for tasks to queue
[2025-01-12T00:42:28.603+0000] {logging_mixin.py:188} INFO - [2025-01-12T00:42:28.603+0000] {dagbag.py:538} INFO - Filling up the DagBag from /home/airflow/.local/lib/python3.8/site-packages/airflow/example_dags/example_short_circuit_operator.py
[2025-01-12T00:42:28.616+0000] {processor.py:840} INFO - DAG(s) 'example_short_circuit_operator' retrieved from /home/airflow/.local/lib/python3.8/site-packages/airflow/example_dags/example_short_circuit_operator.py
[2025-01-12T00:42:28.657+0000] {logging_mixin.py:188} INFO - [2025-01-12T00:42:28.657+0000] {dag.py:3036} INFO - Sync 1 DAGs
[2025-01-12T00:42:28.699+0000] {logging_mixin.py:188} INFO - [2025-01-12T00:42:28.699+0000] {dag.py:3823} INFO - Setting next_dagrun for example_short_circuit_operator to 2025-01-11 00:00:00+00:00, run_after=2025-01-12 00:00:00+00:00
[2025-01-12T00:42:28.738+0000] {processor.py:183} INFO - Processing /home/airflow/.local/lib/python3.8/site-packages/airflow/example_dags/example_short_circuit_operator.py took 0.145 seconds
[2025-01-12T00:42:59.939+0000] {processor.py:161} INFO - Started process (PID=244) to work on /home/airflow/.local/lib/python3.8/site-packages/airflow/example_dags/example_short_circuit_operator.py
[2025-01-12T00:42:59.943+0000] {processor.py:830} INFO - Processing file /home/airflow/.local/lib/python3.8/site-packages/airflow/example_dags/example_short_circuit_operator.py for tasks to queue
[2025-01-12T00:42:59.949+0000] {logging_mixin.py:188} INFO - [2025-01-12T00:42:59.947+0000] {dagbag.py:538} INFO - Filling up the DagBag from /home/airflow/.local/lib/python3.8/site-packages/airflow/example_dags/example_short_circuit_operator.py
[2025-01-12T00:42:59.975+0000] {processor.py:840} INFO - DAG(s) 'example_short_circuit_operator' retrieved from /home/airflow/.local/lib/python3.8/site-packages/airflow/example_dags/example_short_circuit_operator.py
[2025-01-12T00:43:00.103+0000] {logging_mixin.py:188} INFO - [2025-01-12T00:43:00.103+0000] {dag.py:3036} INFO - Sync 1 DAGs
[2025-01-12T00:43:00.240+0000] {logging_mixin.py:188} INFO - [2025-01-12T00:43:00.239+0000] {dag.py:3823} INFO - Setting next_dagrun for example_short_circuit_operator to 2025-01-11 00:00:00+00:00, run_after=2025-01-12 00:00:00+00:00
[2025-01-12T00:43:00.306+0000] {processor.py:183} INFO - Processing /home/airflow/.local/lib/python3.8/site-packages/airflow/example_dags/example_short_circuit_operator.py took 0.395 seconds
[2025-01-12T00:43:32.682+0000] {processor.py:161} INFO - Started process (PID=300) to work on /home/airflow/.local/lib/python3.8/site-packages/airflow/example_dags/example_short_circuit_operator.py
[2025-01-12T00:43:32.685+0000] {processor.py:830} INFO - Processing file /home/airflow/.local/lib/python3.8/site-packages/airflow/example_dags/example_short_circuit_operator.py for tasks to queue
[2025-01-12T00:43:32.702+0000] {logging_mixin.py:188} INFO - [2025-01-12T00:43:32.701+0000] {dagbag.py:538} INFO - Filling up the DagBag from /home/airflow/.local/lib/python3.8/site-packages/airflow/example_dags/example_short_circuit_operator.py
[2025-01-12T00:43:32.759+0000] {processor.py:840} INFO - DAG(s) 'example_short_circuit_operator' retrieved from /home/airflow/.local/lib/python3.8/site-packages/airflow/example_dags/example_short_circuit_operator.py
[2025-01-12T00:43:32.828+0000] {logging_mixin.py:188} INFO - [2025-01-12T00:43:32.828+0000] {dag.py:3036} INFO - Sync 1 DAGs
[2025-01-12T00:43:32.942+0000] {logging_mixin.py:188} INFO - [2025-01-12T00:43:32.942+0000] {dag.py:3823} INFO - Setting next_dagrun for example_short_circuit_operator to 2025-01-11 00:00:00+00:00, run_after=2025-01-12 00:00:00+00:00
[2025-01-12T00:43:33.029+0000] {processor.py:183} INFO - Processing /home/airflow/.local/lib/python3.8/site-packages/airflow/example_dags/example_short_circuit_operator.py took 0.368 seconds
[2025-01-12T00:44:03.136+0000] {processor.py:161} INFO - Started process (PID=355) to work on /home/airflow/.local/lib/python3.8/site-packages/airflow/example_dags/example_short_circuit_operator.py
[2025-01-12T00:44:03.138+0000] {processor.py:830} INFO - Processing file /home/airflow/.local/lib/python3.8/site-packages/airflow/example_dags/example_short_circuit_operator.py for tasks to queue
[2025-01-12T00:44:03.141+0000] {logging_mixin.py:188} INFO - [2025-01-12T00:44:03.140+0000] {dagbag.py:538} INFO - Filling up the DagBag from /home/airflow/.local/lib/python3.8/site-packages/airflow/example_dags/example_short_circuit_operator.py
[2025-01-12T00:44:03.156+0000] {processor.py:840} INFO - DAG(s) 'example_short_circuit_operator' retrieved from /home/airflow/.local/lib/python3.8/site-packages/airflow/example_dags/example_short_circuit_operator.py
[2025-01-12T00:44:03.420+0000] {logging_mixin.py:188} INFO - [2025-01-12T00:44:03.420+0000] {dag.py:3036} INFO - Sync 1 DAGs
[2025-01-12T00:44:03.481+0000] {logging_mixin.py:188} INFO - [2025-01-12T00:44:03.479+0000] {dag.py:3823} INFO - Setting next_dagrun for example_short_circuit_operator to 2025-01-11 00:00:00+00:00, run_after=2025-01-12 00:00:00+00:00
[2025-01-12T00:44:03.539+0000] {processor.py:183} INFO - Processing /home/airflow/.local/lib/python3.8/site-packages/airflow/example_dags/example_short_circuit_operator.py took 0.410 seconds
[2025-01-12T00:44:33.990+0000] {processor.py:161} INFO - Started process (PID=411) to work on /home/airflow/.local/lib/python3.8/site-packages/airflow/example_dags/example_short_circuit_operator.py
[2025-01-12T00:44:33.992+0000] {processor.py:830} INFO - Processing file /home/airflow/.local/lib/python3.8/site-packages/airflow/example_dags/example_short_circuit_operator.py for tasks to queue
[2025-01-12T00:44:33.995+0000] {logging_mixin.py:188} INFO - [2025-01-12T00:44:33.994+0000] {dagbag.py:538} INFO - Filling up the DagBag from /home/airflow/.local/lib/python3.8/site-packages/airflow/example_dags/example_short_circuit_operator.py
[2025-01-12T00:44:34.010+0000] {processor.py:840} INFO - DAG(s) 'example_short_circuit_operator' retrieved from /home/airflow/.local/lib/python3.8/site-packages/airflow/example_dags/example_short_circuit_operator.py
[2025-01-12T00:44:34.042+0000] {logging_mixin.py:188} INFO - [2025-01-12T00:44:34.042+0000] {dag.py:3036} INFO - Sync 1 DAGs
[2025-01-12T00:44:34.085+0000] {logging_mixin.py:188} INFO - [2025-01-12T00:44:34.083+0000] {dag.py:3823} INFO - Setting next_dagrun for example_short_circuit_operator to 2025-01-11 00:00:00+00:00, run_after=2025-01-12 00:00:00+00:00
[2025-01-12T00:44:34.129+0000] {processor.py:183} INFO - Processing /home/airflow/.local/lib/python3.8/site-packages/airflow/example_dags/example_short_circuit_operator.py took 0.143 seconds
[2025-01-12T00:45:04.721+0000] {processor.py:161} INFO - Started process (PID=467) to work on /home/airflow/.local/lib/python3.8/site-packages/airflow/example_dags/example_short_circuit_operator.py
[2025-01-12T00:45:04.722+0000] {processor.py:830} INFO - Processing file /home/airflow/.local/lib/python3.8/site-packages/airflow/example_dags/example_short_circuit_operator.py for tasks to queue
[2025-01-12T00:45:04.725+0000] {logging_mixin.py:188} INFO - [2025-01-12T00:45:04.725+0000] {dagbag.py:538} INFO - Filling up the DagBag from /home/airflow/.local/lib/python3.8/site-packages/airflow/example_dags/example_short_circuit_operator.py
[2025-01-12T00:45:04.735+0000] {processor.py:840} INFO - DAG(s) 'example_short_circuit_operator' retrieved from /home/airflow/.local/lib/python3.8/site-packages/airflow/example_dags/example_short_circuit_operator.py
[2025-01-12T00:45:04.771+0000] {logging_mixin.py:188} INFO - [2025-01-12T00:45:04.771+0000] {dag.py:3036} INFO - Sync 1 DAGs
[2025-01-12T00:45:04.854+0000] {logging_mixin.py:188} INFO - [2025-01-12T00:45:04.853+0000] {dag.py:3823} INFO - Setting next_dagrun for example_short_circuit_operator to 2025-01-11 00:00:00+00:00, run_after=2025-01-12 00:00:00+00:00
[2025-01-12T00:45:04.891+0000] {processor.py:183} INFO - Processing /home/airflow/.local/lib/python3.8/site-packages/airflow/example_dags/example_short_circuit_operator.py took 0.175 seconds
[2025-01-12T00:45:35.038+0000] {processor.py:161} INFO - Started process (PID=524) to work on /home/airflow/.local/lib/python3.8/site-packages/airflow/example_dags/example_short_circuit_operator.py
[2025-01-12T00:45:35.040+0000] {processor.py:830} INFO - Processing file /home/airflow/.local/lib/python3.8/site-packages/airflow/example_dags/example_short_circuit_operator.py for tasks to queue
[2025-01-12T00:45:35.042+0000] {logging_mixin.py:188} INFO - [2025-01-12T00:45:35.042+0000] {dagbag.py:538} INFO - Filling up the DagBag from /home/airflow/.local/lib/python3.8/site-packages/airflow/example_dags/example_short_circuit_operator.py
[2025-01-12T00:45:35.054+0000] {processor.py:840} INFO - DAG(s) 'example_short_circuit_operator' retrieved from /home/airflow/.local/lib/python3.8/site-packages/airflow/example_dags/example_short_circuit_operator.py
[2025-01-12T00:45:35.091+0000] {logging_mixin.py:188} INFO - [2025-01-12T00:45:35.091+0000] {dag.py:3036} INFO - Sync 1 DAGs
[2025-01-12T00:45:35.129+0000] {logging_mixin.py:188} INFO - [2025-01-12T00:45:35.129+0000] {dag.py:3823} INFO - Setting next_dagrun for example_short_circuit_operator to 2025-01-11 00:00:00+00:00, run_after=2025-01-12 00:00:00+00:00
[2025-01-12T00:45:35.156+0000] {processor.py:183} INFO - Processing /home/airflow/.local/lib/python3.8/site-packages/airflow/example_dags/example_short_circuit_operator.py took 0.122 seconds
[2025-01-12T00:46:05.318+0000] {processor.py:161} INFO - Started process (PID=580) to work on /home/airflow/.local/lib/python3.8/site-packages/airflow/example_dags/example_short_circuit_operator.py
[2025-01-12T00:46:05.320+0000] {processor.py:830} INFO - Processing file /home/airflow/.local/lib/python3.8/site-packages/airflow/example_dags/example_short_circuit_operator.py for tasks to queue
[2025-01-12T00:46:05.324+0000] {logging_mixin.py:188} INFO - [2025-01-12T00:46:05.323+0000] {dagbag.py:538} INFO - Filling up the DagBag from /home/airflow/.local/lib/python3.8/site-packages/airflow/example_dags/example_short_circuit_operator.py
[2025-01-12T00:46:05.341+0000] {processor.py:840} INFO - DAG(s) 'example_short_circuit_operator' retrieved from /home/airflow/.local/lib/python3.8/site-packages/airflow/example_dags/example_short_circuit_operator.py
[2025-01-12T00:46:05.388+0000] {logging_mixin.py:188} INFO - [2025-01-12T00:46:05.387+0000] {dag.py:3036} INFO - Sync 1 DAGs
[2025-01-12T00:46:05.433+0000] {logging_mixin.py:188} INFO - [2025-01-12T00:46:05.432+0000] {dag.py:3823} INFO - Setting next_dagrun for example_short_circuit_operator to 2025-01-11 00:00:00+00:00, run_after=2025-01-12 00:00:00+00:00
[2025-01-12T00:46:05.493+0000] {processor.py:183} INFO - Processing /home/airflow/.local/lib/python3.8/site-packages/airflow/example_dags/example_short_circuit_operator.py took 0.180 seconds
[2025-01-12T00:46:36.265+0000] {processor.py:161} INFO - Started process (PID=636) to work on /home/airflow/.local/lib/python3.8/site-packages/airflow/example_dags/example_short_circuit_operator.py
[2025-01-12T00:46:36.270+0000] {processor.py:830} INFO - Processing file /home/airflow/.local/lib/python3.8/site-packages/airflow/example_dags/example_short_circuit_operator.py for tasks to queue
[2025-01-12T00:46:36.274+0000] {logging_mixin.py:188} INFO - [2025-01-12T00:46:36.273+0000] {dagbag.py:538} INFO - Filling up the DagBag from /home/airflow/.local/lib/python3.8/site-packages/airflow/example_dags/example_short_circuit_operator.py
[2025-01-12T00:46:36.289+0000] {processor.py:840} INFO - DAG(s) 'example_short_circuit_operator' retrieved from /home/airflow/.local/lib/python3.8/site-packages/airflow/example_dags/example_short_circuit_operator.py
[2025-01-12T00:46:36.427+0000] {logging_mixin.py:188} INFO - [2025-01-12T00:46:36.427+0000] {dag.py:3036} INFO - Sync 1 DAGs
[2025-01-12T00:46:36.506+0000] {logging_mixin.py:188} INFO - [2025-01-12T00:46:36.506+0000] {dag.py:3823} INFO - Setting next_dagrun for example_short_circuit_operator to 2025-01-11 00:00:00+00:00, run_after=2025-01-12 00:00:00+00:00
[2025-01-12T00:46:36.539+0000] {processor.py:183} INFO - Processing /home/airflow/.local/lib/python3.8/site-packages/airflow/example_dags/example_short_circuit_operator.py took 0.281 seconds
[2025-01-12T00:47:07.871+0000] {processor.py:161} INFO - Started process (PID=693) to work on /home/airflow/.local/lib/python3.8/site-packages/airflow/example_dags/example_short_circuit_operator.py
[2025-01-12T00:47:07.880+0000] {processor.py:830} INFO - Processing file /home/airflow/.local/lib/python3.8/site-packages/airflow/example_dags/example_short_circuit_operator.py for tasks to queue
[2025-01-12T00:47:07.895+0000] {logging_mixin.py:188} INFO - [2025-01-12T00:47:07.894+0000] {dagbag.py:538} INFO - Filling up the DagBag from /home/airflow/.local/lib/python3.8/site-packages/airflow/example_dags/example_short_circuit_operator.py
[2025-01-12T00:47:07.954+0000] {processor.py:840} INFO - DAG(s) 'example_short_circuit_operator' retrieved from /home/airflow/.local/lib/python3.8/site-packages/airflow/example_dags/example_short_circuit_operator.py
[2025-01-12T00:47:08.094+0000] {logging_mixin.py:188} INFO - [2025-01-12T00:47:08.092+0000] {dag.py:3036} INFO - Sync 1 DAGs
[2025-01-12T00:47:08.217+0000] {logging_mixin.py:188} INFO - [2025-01-12T00:47:08.216+0000] {dag.py:3823} INFO - Setting next_dagrun for example_short_circuit_operator to 2025-01-11 00:00:00+00:00, run_after=2025-01-12 00:00:00+00:00
[2025-01-12T00:47:08.322+0000] {processor.py:183} INFO - Processing /home/airflow/.local/lib/python3.8/site-packages/airflow/example_dags/example_short_circuit_operator.py took 0.461 seconds
[2025-01-12T00:47:38.520+0000] {processor.py:161} INFO - Started process (PID=749) to work on /home/airflow/.local/lib/python3.8/site-packages/airflow/example_dags/example_short_circuit_operator.py
[2025-01-12T00:47:38.522+0000] {processor.py:830} INFO - Processing file /home/airflow/.local/lib/python3.8/site-packages/airflow/example_dags/example_short_circuit_operator.py for tasks to queue
[2025-01-12T00:47:38.538+0000] {logging_mixin.py:188} INFO - [2025-01-12T00:47:38.537+0000] {dagbag.py:538} INFO - Filling up the DagBag from /home/airflow/.local/lib/python3.8/site-packages/airflow/example_dags/example_short_circuit_operator.py
[2025-01-12T00:47:38.573+0000] {processor.py:840} INFO - DAG(s) 'example_short_circuit_operator' retrieved from /home/airflow/.local/lib/python3.8/site-packages/airflow/example_dags/example_short_circuit_operator.py
[2025-01-12T00:47:38.666+0000] {logging_mixin.py:188} INFO - [2025-01-12T00:47:38.665+0000] {dag.py:3036} INFO - Sync 1 DAGs
[2025-01-12T00:47:38.766+0000] {logging_mixin.py:188} INFO - [2025-01-12T00:47:38.766+0000] {dag.py:3823} INFO - Setting next_dagrun for example_short_circuit_operator to 2025-01-11 00:00:00+00:00, run_after=2025-01-12 00:00:00+00:00
[2025-01-12T00:47:38.894+0000] {processor.py:183} INFO - Processing /home/airflow/.local/lib/python3.8/site-packages/airflow/example_dags/example_short_circuit_operator.py took 0.385 seconds
[2025-01-12T00:48:09.842+0000] {processor.py:161} INFO - Started process (PID=805) to work on /home/airflow/.local/lib/python3.8/site-packages/airflow/example_dags/example_short_circuit_operator.py
[2025-01-12T00:48:09.848+0000] {processor.py:830} INFO - Processing file /home/airflow/.local/lib/python3.8/site-packages/airflow/example_dags/example_short_circuit_operator.py for tasks to queue
[2025-01-12T00:48:09.853+0000] {logging_mixin.py:188} INFO - [2025-01-12T00:48:09.852+0000] {dagbag.py:538} INFO - Filling up the DagBag from /home/airflow/.local/lib/python3.8/site-packages/airflow/example_dags/example_short_circuit_operator.py
[2025-01-12T00:48:09.918+0000] {processor.py:840} INFO - DAG(s) 'example_short_circuit_operator' retrieved from /home/airflow/.local/lib/python3.8/site-packages/airflow/example_dags/example_short_circuit_operator.py
[2025-01-12T00:48:10.021+0000] {logging_mixin.py:188} INFO - [2025-01-12T00:48:10.020+0000] {dag.py:3036} INFO - Sync 1 DAGs
[2025-01-12T00:48:10.120+0000] {logging_mixin.py:188} INFO - [2025-01-12T00:48:10.119+0000] {dag.py:3823} INFO - Setting next_dagrun for example_short_circuit_operator to 2025-01-11 00:00:00+00:00, run_after=2025-01-12 00:00:00+00:00
[2025-01-12T00:48:10.201+0000] {processor.py:183} INFO - Processing /home/airflow/.local/lib/python3.8/site-packages/airflow/example_dags/example_short_circuit_operator.py took 0.370 seconds
[2025-01-12T00:48:41.702+0000] {processor.py:161} INFO - Started process (PID=861) to work on /home/airflow/.local/lib/python3.8/site-packages/airflow/example_dags/example_short_circuit_operator.py
[2025-01-12T00:48:41.704+0000] {processor.py:830} INFO - Processing file /home/airflow/.local/lib/python3.8/site-packages/airflow/example_dags/example_short_circuit_operator.py for tasks to queue
[2025-01-12T00:48:41.709+0000] {logging_mixin.py:188} INFO - [2025-01-12T00:48:41.709+0000] {dagbag.py:538} INFO - Filling up the DagBag from /home/airflow/.local/lib/python3.8/site-packages/airflow/example_dags/example_short_circuit_operator.py
[2025-01-12T00:48:41.729+0000] {processor.py:840} INFO - DAG(s) 'example_short_circuit_operator' retrieved from /home/airflow/.local/lib/python3.8/site-packages/airflow/example_dags/example_short_circuit_operator.py
[2025-01-12T00:48:41.804+0000] {logging_mixin.py:188} INFO - [2025-01-12T00:48:41.804+0000] {dag.py:3036} INFO - Sync 1 DAGs
[2025-01-12T00:48:41.878+0000] {logging_mixin.py:188} INFO - [2025-01-12T00:48:41.878+0000] {dag.py:3823} INFO - Setting next_dagrun for example_short_circuit_operator to 2025-01-11 00:00:00+00:00, run_after=2025-01-12 00:00:00+00:00
[2025-01-12T00:48:41.933+0000] {processor.py:183} INFO - Processing /home/airflow/.local/lib/python3.8/site-packages/airflow/example_dags/example_short_circuit_operator.py took 0.243 seconds
[2025-01-12T00:49:13.653+0000] {processor.py:161} INFO - Started process (PID=917) to work on /home/airflow/.local/lib/python3.8/site-packages/airflow/example_dags/example_short_circuit_operator.py
[2025-01-12T00:49:13.660+0000] {processor.py:830} INFO - Processing file /home/airflow/.local/lib/python3.8/site-packages/airflow/example_dags/example_short_circuit_operator.py for tasks to queue
[2025-01-12T00:49:13.669+0000] {logging_mixin.py:188} INFO - [2025-01-12T00:49:13.668+0000] {dagbag.py:538} INFO - Filling up the DagBag from /home/airflow/.local/lib/python3.8/site-packages/airflow/example_dags/example_short_circuit_operator.py
[2025-01-12T00:49:13.715+0000] {processor.py:840} INFO - DAG(s) 'example_short_circuit_operator' retrieved from /home/airflow/.local/lib/python3.8/site-packages/airflow/example_dags/example_short_circuit_operator.py
[2025-01-12T00:49:13.848+0000] {logging_mixin.py:188} INFO - [2025-01-12T00:49:13.840+0000] {dag.py:3036} INFO - Sync 1 DAGs
[2025-01-12T00:49:13.972+0000] {logging_mixin.py:188} INFO - [2025-01-12T00:49:13.971+0000] {dag.py:3823} INFO - Setting next_dagrun for example_short_circuit_operator to 2025-01-11 00:00:00+00:00, run_after=2025-01-12 00:00:00+00:00
[2025-01-12T00:49:14.300+0000] {processor.py:183} INFO - Processing /home/airflow/.local/lib/python3.8/site-packages/airflow/example_dags/example_short_circuit_operator.py took 0.657 seconds
[2025-01-12T00:49:45.493+0000] {processor.py:161} INFO - Started process (PID=973) to work on /home/airflow/.local/lib/python3.8/site-packages/airflow/example_dags/example_short_circuit_operator.py
[2025-01-12T00:49:45.496+0000] {processor.py:830} INFO - Processing file /home/airflow/.local/lib/python3.8/site-packages/airflow/example_dags/example_short_circuit_operator.py for tasks to queue
[2025-01-12T00:49:45.509+0000] {logging_mixin.py:188} INFO - [2025-01-12T00:49:45.508+0000] {dagbag.py:538} INFO - Filling up the DagBag from /home/airflow/.local/lib/python3.8/site-packages/airflow/example_dags/example_short_circuit_operator.py
[2025-01-12T00:49:45.555+0000] {processor.py:840} INFO - DAG(s) 'example_short_circuit_operator' retrieved from /home/airflow/.local/lib/python3.8/site-packages/airflow/example_dags/example_short_circuit_operator.py
[2025-01-12T00:49:45.657+0000] {logging_mixin.py:188} INFO - [2025-01-12T00:49:45.657+0000] {dag.py:3036} INFO - Sync 1 DAGs
[2025-01-12T00:49:45.735+0000] {logging_mixin.py:188} INFO - [2025-01-12T00:49:45.734+0000] {dag.py:3823} INFO - Setting next_dagrun for example_short_circuit_operator to 2025-01-11 00:00:00+00:00, run_after=2025-01-12 00:00:00+00:00
[2025-01-12T00:49:45.780+0000] {processor.py:183} INFO - Processing /home/airflow/.local/lib/python3.8/site-packages/airflow/example_dags/example_short_circuit_operator.py took 0.305 seconds
[2025-01-12T00:50:18.804+0000] {processor.py:161} INFO - Started process (PID=1027) to work on /home/airflow/.local/lib/python3.8/site-packages/airflow/example_dags/example_short_circuit_operator.py
[2025-01-12T00:50:18.807+0000] {processor.py:830} INFO - Processing file /home/airflow/.local/lib/python3.8/site-packages/airflow/example_dags/example_short_circuit_operator.py for tasks to queue
[2025-01-12T00:50:18.849+0000] {logging_mixin.py:188} INFO - [2025-01-12T00:50:18.838+0000] {dagbag.py:538} INFO - Filling up the DagBag from /home/airflow/.local/lib/python3.8/site-packages/airflow/example_dags/example_short_circuit_operator.py
[2025-01-12T00:50:18.916+0000] {processor.py:840} INFO - DAG(s) 'example_short_circuit_operator' retrieved from /home/airflow/.local/lib/python3.8/site-packages/airflow/example_dags/example_short_circuit_operator.py
[2025-01-12T00:50:19.116+0000] {logging_mixin.py:188} INFO - [2025-01-12T00:50:19.115+0000] {dag.py:3036} INFO - Sync 1 DAGs
[2025-01-12T00:50:19.327+0000] {logging_mixin.py:188} INFO - [2025-01-12T00:50:19.326+0000] {dag.py:3823} INFO - Setting next_dagrun for example_short_circuit_operator to 2025-01-11 00:00:00+00:00, run_after=2025-01-12 00:00:00+00:00
[2025-01-12T00:50:19.555+0000] {processor.py:183} INFO - Processing /home/airflow/.local/lib/python3.8/site-packages/airflow/example_dags/example_short_circuit_operator.py took 0.770 seconds
[2025-01-12T00:50:50.515+0000] {processor.py:161} INFO - Started process (PID=1084) to work on /home/airflow/.local/lib/python3.8/site-packages/airflow/example_dags/example_short_circuit_operator.py
[2025-01-12T00:50:50.519+0000] {processor.py:830} INFO - Processing file /home/airflow/.local/lib/python3.8/site-packages/airflow/example_dags/example_short_circuit_operator.py for tasks to queue
[2025-01-12T00:50:50.534+0000] {logging_mixin.py:188} INFO - [2025-01-12T00:50:50.533+0000] {dagbag.py:538} INFO - Filling up the DagBag from /home/airflow/.local/lib/python3.8/site-packages/airflow/example_dags/example_short_circuit_operator.py
[2025-01-12T00:50:50.578+0000] {processor.py:840} INFO - DAG(s) 'example_short_circuit_operator' retrieved from /home/airflow/.local/lib/python3.8/site-packages/airflow/example_dags/example_short_circuit_operator.py
[2025-01-12T00:50:50.734+0000] {logging_mixin.py:188} INFO - [2025-01-12T00:50:50.724+0000] {dag.py:3036} INFO - Sync 1 DAGs
[2025-01-12T00:50:50.870+0000] {logging_mixin.py:188} INFO - [2025-01-12T00:50:50.869+0000] {dag.py:3823} INFO - Setting next_dagrun for example_short_circuit_operator to 2025-01-11 00:00:00+00:00, run_after=2025-01-12 00:00:00+00:00
[2025-01-12T00:50:51.017+0000] {processor.py:183} INFO - Processing /home/airflow/.local/lib/python3.8/site-packages/airflow/example_dags/example_short_circuit_operator.py took 0.513 seconds
[2025-01-12T00:51:21.581+0000] {processor.py:161} INFO - Started process (PID=1140) to work on /home/airflow/.local/lib/python3.8/site-packages/airflow/example_dags/example_short_circuit_operator.py
[2025-01-12T00:51:21.604+0000] {processor.py:830} INFO - Processing file /home/airflow/.local/lib/python3.8/site-packages/airflow/example_dags/example_short_circuit_operator.py for tasks to queue
[2025-01-12T00:51:21.610+0000] {logging_mixin.py:188} INFO - [2025-01-12T00:51:21.609+0000] {dagbag.py:538} INFO - Filling up the DagBag from /home/airflow/.local/lib/python3.8/site-packages/airflow/example_dags/example_short_circuit_operator.py
[2025-01-12T00:51:21.676+0000] {processor.py:840} INFO - DAG(s) 'example_short_circuit_operator' retrieved from /home/airflow/.local/lib/python3.8/site-packages/airflow/example_dags/example_short_circuit_operator.py
[2025-01-12T00:51:21.829+0000] {logging_mixin.py:188} INFO - [2025-01-12T00:51:21.828+0000] {dag.py:3036} INFO - Sync 1 DAGs
[2025-01-12T00:51:21.928+0000] {logging_mixin.py:188} INFO - [2025-01-12T00:51:21.927+0000] {dag.py:3823} INFO - Setting next_dagrun for example_short_circuit_operator to 2025-01-11 00:00:00+00:00, run_after=2025-01-12 00:00:00+00:00
[2025-01-12T00:51:22.049+0000] {processor.py:183} INFO - Processing /home/airflow/.local/lib/python3.8/site-packages/airflow/example_dags/example_short_circuit_operator.py took 0.486 seconds
[2025-01-12T00:51:52.971+0000] {processor.py:161} INFO - Started process (PID=1197) to work on /home/airflow/.local/lib/python3.8/site-packages/airflow/example_dags/example_short_circuit_operator.py
[2025-01-12T00:51:52.973+0000] {processor.py:830} INFO - Processing file /home/airflow/.local/lib/python3.8/site-packages/airflow/example_dags/example_short_circuit_operator.py for tasks to queue
[2025-01-12T00:51:52.976+0000] {logging_mixin.py:188} INFO - [2025-01-12T00:51:52.975+0000] {dagbag.py:538} INFO - Filling up the DagBag from /home/airflow/.local/lib/python3.8/site-packages/airflow/example_dags/example_short_circuit_operator.py
[2025-01-12T00:51:52.995+0000] {processor.py:840} INFO - DAG(s) 'example_short_circuit_operator' retrieved from /home/airflow/.local/lib/python3.8/site-packages/airflow/example_dags/example_short_circuit_operator.py
[2025-01-12T00:51:53.059+0000] {logging_mixin.py:188} INFO - [2025-01-12T00:51:53.058+0000] {dag.py:3036} INFO - Sync 1 DAGs
[2025-01-12T00:51:53.133+0000] {logging_mixin.py:188} INFO - [2025-01-12T00:51:53.132+0000] {dag.py:3823} INFO - Setting next_dagrun for example_short_circuit_operator to 2025-01-11 00:00:00+00:00, run_after=2025-01-12 00:00:00+00:00
[2025-01-12T00:51:53.236+0000] {processor.py:183} INFO - Processing /home/airflow/.local/lib/python3.8/site-packages/airflow/example_dags/example_short_circuit_operator.py took 0.272 seconds
[2025-01-12T00:52:23.371+0000] {processor.py:161} INFO - Started process (PID=1253) to work on /home/airflow/.local/lib/python3.8/site-packages/airflow/example_dags/example_short_circuit_operator.py
[2025-01-12T00:52:23.372+0000] {processor.py:830} INFO - Processing file /home/airflow/.local/lib/python3.8/site-packages/airflow/example_dags/example_short_circuit_operator.py for tasks to queue
[2025-01-12T00:52:23.374+0000] {logging_mixin.py:188} INFO - [2025-01-12T00:52:23.373+0000] {dagbag.py:538} INFO - Filling up the DagBag from /home/airflow/.local/lib/python3.8/site-packages/airflow/example_dags/example_short_circuit_operator.py
[2025-01-12T00:52:23.388+0000] {processor.py:840} INFO - DAG(s) 'example_short_circuit_operator' retrieved from /home/airflow/.local/lib/python3.8/site-packages/airflow/example_dags/example_short_circuit_operator.py
[2025-01-12T00:52:23.424+0000] {logging_mixin.py:188} INFO - [2025-01-12T00:52:23.424+0000] {dag.py:3036} INFO - Sync 1 DAGs
[2025-01-12T00:52:23.474+0000] {logging_mixin.py:188} INFO - [2025-01-12T00:52:23.473+0000] {dag.py:3823} INFO - Setting next_dagrun for example_short_circuit_operator to 2025-01-11 00:00:00+00:00, run_after=2025-01-12 00:00:00+00:00
[2025-01-12T00:52:23.529+0000] {processor.py:183} INFO - Processing /home/airflow/.local/lib/python3.8/site-packages/airflow/example_dags/example_short_circuit_operator.py took 0.167 seconds
[2025-01-12T00:52:53.755+0000] {processor.py:161} INFO - Started process (PID=1308) to work on /home/airflow/.local/lib/python3.8/site-packages/airflow/example_dags/example_short_circuit_operator.py
[2025-01-12T00:52:53.760+0000] {processor.py:830} INFO - Processing file /home/airflow/.local/lib/python3.8/site-packages/airflow/example_dags/example_short_circuit_operator.py for tasks to queue
[2025-01-12T00:52:53.763+0000] {logging_mixin.py:188} INFO - [2025-01-12T00:52:53.762+0000] {dagbag.py:538} INFO - Filling up the DagBag from /home/airflow/.local/lib/python3.8/site-packages/airflow/example_dags/example_short_circuit_operator.py
[2025-01-12T00:52:53.806+0000] {processor.py:840} INFO - DAG(s) 'example_short_circuit_operator' retrieved from /home/airflow/.local/lib/python3.8/site-packages/airflow/example_dags/example_short_circuit_operator.py
[2025-01-12T00:52:53.892+0000] {logging_mixin.py:188} INFO - [2025-01-12T00:52:53.891+0000] {dag.py:3036} INFO - Sync 1 DAGs
[2025-01-12T00:52:53.973+0000] {logging_mixin.py:188} INFO - [2025-01-12T00:52:53.972+0000] {dag.py:3823} INFO - Setting next_dagrun for example_short_circuit_operator to 2025-01-11 00:00:00+00:00, run_after=2025-01-12 00:00:00+00:00
[2025-01-12T00:52:54.018+0000] {processor.py:183} INFO - Processing /home/airflow/.local/lib/python3.8/site-packages/airflow/example_dags/example_short_circuit_operator.py took 0.272 seconds
[2025-01-12T00:53:25.132+0000] {processor.py:161} INFO - Started process (PID=1364) to work on /home/airflow/.local/lib/python3.8/site-packages/airflow/example_dags/example_short_circuit_operator.py
[2025-01-12T00:53:25.135+0000] {processor.py:830} INFO - Processing file /home/airflow/.local/lib/python3.8/site-packages/airflow/example_dags/example_short_circuit_operator.py for tasks to queue
[2025-01-12T00:53:25.138+0000] {logging_mixin.py:188} INFO - [2025-01-12T00:53:25.137+0000] {dagbag.py:538} INFO - Filling up the DagBag from /home/airflow/.local/lib/python3.8/site-packages/airflow/example_dags/example_short_circuit_operator.py
[2025-01-12T00:53:25.160+0000] {processor.py:840} INFO - DAG(s) 'example_short_circuit_operator' retrieved from /home/airflow/.local/lib/python3.8/site-packages/airflow/example_dags/example_short_circuit_operator.py
[2025-01-12T00:53:25.233+0000] {logging_mixin.py:188} INFO - [2025-01-12T00:53:25.232+0000] {dag.py:3036} INFO - Sync 1 DAGs
[2025-01-12T00:53:25.298+0000] {logging_mixin.py:188} INFO - [2025-01-12T00:53:25.297+0000] {dag.py:3823} INFO - Setting next_dagrun for example_short_circuit_operator to 2025-01-11 00:00:00+00:00, run_after=2025-01-12 00:00:00+00:00
[2025-01-12T00:53:25.428+0000] {processor.py:183} INFO - Processing /home/airflow/.local/lib/python3.8/site-packages/airflow/example_dags/example_short_circuit_operator.py took 0.306 seconds
[2025-01-12T00:53:56.313+0000] {processor.py:161} INFO - Started process (PID=1424) to work on /home/airflow/.local/lib/python3.8/site-packages/airflow/example_dags/example_short_circuit_operator.py
[2025-01-12T00:53:56.316+0000] {processor.py:830} INFO - Processing file /home/airflow/.local/lib/python3.8/site-packages/airflow/example_dags/example_short_circuit_operator.py for tasks to queue
[2025-01-12T00:53:56.321+0000] {logging_mixin.py:188} INFO - [2025-01-12T00:53:56.320+0000] {dagbag.py:538} INFO - Filling up the DagBag from /home/airflow/.local/lib/python3.8/site-packages/airflow/example_dags/example_short_circuit_operator.py
[2025-01-12T00:53:56.351+0000] {processor.py:840} INFO - DAG(s) 'example_short_circuit_operator' retrieved from /home/airflow/.local/lib/python3.8/site-packages/airflow/example_dags/example_short_circuit_operator.py
[2025-01-12T00:53:56.508+0000] {logging_mixin.py:188} INFO - [2025-01-12T00:53:56.507+0000] {dag.py:3036} INFO - Sync 1 DAGs
[2025-01-12T00:53:56.636+0000] {logging_mixin.py:188} INFO - [2025-01-12T00:53:56.636+0000] {dag.py:3823} INFO - Setting next_dagrun for example_short_circuit_operator to 2025-01-11 00:00:00+00:00, run_after=2025-01-12 00:00:00+00:00
[2025-01-12T00:53:56.711+0000] {processor.py:183} INFO - Processing /home/airflow/.local/lib/python3.8/site-packages/airflow/example_dags/example_short_circuit_operator.py took 0.414 seconds
[2025-01-12T00:54:27.182+0000] {processor.py:161} INFO - Started process (PID=1480) to work on /home/airflow/.local/lib/python3.8/site-packages/airflow/example_dags/example_short_circuit_operator.py
[2025-01-12T00:54:27.188+0000] {processor.py:830} INFO - Processing file /home/airflow/.local/lib/python3.8/site-packages/airflow/example_dags/example_short_circuit_operator.py for tasks to queue
[2025-01-12T00:54:27.192+0000] {logging_mixin.py:188} INFO - [2025-01-12T00:54:27.191+0000] {dagbag.py:538} INFO - Filling up the DagBag from /home/airflow/.local/lib/python3.8/site-packages/airflow/example_dags/example_short_circuit_operator.py
[2025-01-12T00:54:27.244+0000] {processor.py:840} INFO - DAG(s) 'example_short_circuit_operator' retrieved from /home/airflow/.local/lib/python3.8/site-packages/airflow/example_dags/example_short_circuit_operator.py
[2025-01-12T00:54:27.445+0000] {logging_mixin.py:188} INFO - [2025-01-12T00:54:27.445+0000] {dag.py:3036} INFO - Sync 1 DAGs
[2025-01-12T00:54:27.684+0000] {logging_mixin.py:188} INFO - [2025-01-12T00:54:27.674+0000] {dag.py:3823} INFO - Setting next_dagrun for example_short_circuit_operator to 2025-01-11 00:00:00+00:00, run_after=2025-01-12 00:00:00+00:00
[2025-01-12T00:54:27.798+0000] {processor.py:183} INFO - Processing /home/airflow/.local/lib/python3.8/site-packages/airflow/example_dags/example_short_circuit_operator.py took 0.625 seconds
[2025-01-12T00:54:57.896+0000] {processor.py:161} INFO - Started process (PID=1536) to work on /home/airflow/.local/lib/python3.8/site-packages/airflow/example_dags/example_short_circuit_operator.py
[2025-01-12T00:54:57.897+0000] {processor.py:830} INFO - Processing file /home/airflow/.local/lib/python3.8/site-packages/airflow/example_dags/example_short_circuit_operator.py for tasks to queue
[2025-01-12T00:54:57.899+0000] {logging_mixin.py:188} INFO - [2025-01-12T00:54:57.899+0000] {dagbag.py:538} INFO - Filling up the DagBag from /home/airflow/.local/lib/python3.8/site-packages/airflow/example_dags/example_short_circuit_operator.py
[2025-01-12T00:54:57.917+0000] {processor.py:840} INFO - DAG(s) 'example_short_circuit_operator' retrieved from /home/airflow/.local/lib/python3.8/site-packages/airflow/example_dags/example_short_circuit_operator.py
[2025-01-12T00:54:57.967+0000] {logging_mixin.py:188} INFO - [2025-01-12T00:54:57.966+0000] {dag.py:3036} INFO - Sync 1 DAGs
[2025-01-12T00:54:58.006+0000] {logging_mixin.py:188} INFO - [2025-01-12T00:54:58.005+0000] {dag.py:3823} INFO - Setting next_dagrun for example_short_circuit_operator to 2025-01-11 00:00:00+00:00, run_after=2025-01-12 00:00:00+00:00
[2025-01-12T00:54:58.039+0000] {processor.py:183} INFO - Processing /home/airflow/.local/lib/python3.8/site-packages/airflow/example_dags/example_short_circuit_operator.py took 0.151 seconds
[2025-01-12T00:55:29.303+0000] {processor.py:161} INFO - Started process (PID=1592) to work on /home/airflow/.local/lib/python3.8/site-packages/airflow/example_dags/example_short_circuit_operator.py
[2025-01-12T00:55:29.305+0000] {processor.py:830} INFO - Processing file /home/airflow/.local/lib/python3.8/site-packages/airflow/example_dags/example_short_circuit_operator.py for tasks to queue
[2025-01-12T00:55:29.307+0000] {logging_mixin.py:188} INFO - [2025-01-12T00:55:29.307+0000] {dagbag.py:538} INFO - Filling up the DagBag from /home/airflow/.local/lib/python3.8/site-packages/airflow/example_dags/example_short_circuit_operator.py
[2025-01-12T00:55:29.339+0000] {processor.py:840} INFO - DAG(s) 'example_short_circuit_operator' retrieved from /home/airflow/.local/lib/python3.8/site-packages/airflow/example_dags/example_short_circuit_operator.py
[2025-01-12T00:55:29.448+0000] {logging_mixin.py:188} INFO - [2025-01-12T00:55:29.447+0000] {dag.py:3036} INFO - Sync 1 DAGs
[2025-01-12T00:55:29.544+0000] {logging_mixin.py:188} INFO - [2025-01-12T00:55:29.543+0000] {dag.py:3823} INFO - Setting next_dagrun for example_short_circuit_operator to 2025-01-11 00:00:00+00:00, run_after=2025-01-12 00:00:00+00:00
[2025-01-12T00:55:29.601+0000] {processor.py:183} INFO - Processing /home/airflow/.local/lib/python3.8/site-packages/airflow/example_dags/example_short_circuit_operator.py took 0.308 seconds
[2025-01-12T00:56:00.539+0000] {processor.py:161} INFO - Started process (PID=1648) to work on /home/airflow/.local/lib/python3.8/site-packages/airflow/example_dags/example_short_circuit_operator.py
[2025-01-12T00:56:00.550+0000] {processor.py:830} INFO - Processing file /home/airflow/.local/lib/python3.8/site-packages/airflow/example_dags/example_short_circuit_operator.py for tasks to queue
[2025-01-12T00:56:00.554+0000] {logging_mixin.py:188} INFO - [2025-01-12T00:56:00.553+0000] {dagbag.py:538} INFO - Filling up the DagBag from /home/airflow/.local/lib/python3.8/site-packages/airflow/example_dags/example_short_circuit_operator.py
[2025-01-12T00:56:00.611+0000] {processor.py:840} INFO - DAG(s) 'example_short_circuit_operator' retrieved from /home/airflow/.local/lib/python3.8/site-packages/airflow/example_dags/example_short_circuit_operator.py
[2025-01-12T00:56:00.700+0000] {logging_mixin.py:188} INFO - [2025-01-12T00:56:00.699+0000] {dag.py:3036} INFO - Sync 1 DAGs
[2025-01-12T00:56:00.810+0000] {logging_mixin.py:188} INFO - [2025-01-12T00:56:00.809+0000] {dag.py:3823} INFO - Setting next_dagrun for example_short_circuit_operator to 2025-01-11 00:00:00+00:00, run_after=2025-01-12 00:00:00+00:00
[2025-01-12T00:56:00.876+0000] {processor.py:183} INFO - Processing /home/airflow/.local/lib/python3.8/site-packages/airflow/example_dags/example_short_circuit_operator.py took 0.353 seconds
[2025-01-12T00:56:31.211+0000] {processor.py:161} INFO - Started process (PID=1704) to work on /home/airflow/.local/lib/python3.8/site-packages/airflow/example_dags/example_short_circuit_operator.py
[2025-01-12T00:56:31.214+0000] {processor.py:830} INFO - Processing file /home/airflow/.local/lib/python3.8/site-packages/airflow/example_dags/example_short_circuit_operator.py for tasks to queue
[2025-01-12T00:56:31.218+0000] {logging_mixin.py:188} INFO - [2025-01-12T00:56:31.217+0000] {dagbag.py:538} INFO - Filling up the DagBag from /home/airflow/.local/lib/python3.8/site-packages/airflow/example_dags/example_short_circuit_operator.py
[2025-01-12T00:56:31.247+0000] {processor.py:840} INFO - DAG(s) 'example_short_circuit_operator' retrieved from /home/airflow/.local/lib/python3.8/site-packages/airflow/example_dags/example_short_circuit_operator.py
[2025-01-12T00:56:31.350+0000] {logging_mixin.py:188} INFO - [2025-01-12T00:56:31.350+0000] {dag.py:3036} INFO - Sync 1 DAGs
[2025-01-12T00:56:31.487+0000] {logging_mixin.py:188} INFO - [2025-01-12T00:56:31.487+0000] {dag.py:3823} INFO - Setting next_dagrun for example_short_circuit_operator to 2025-01-11 00:00:00+00:00, run_after=2025-01-12 00:00:00+00:00
[2025-01-12T00:56:31.560+0000] {processor.py:183} INFO - Processing /home/airflow/.local/lib/python3.8/site-packages/airflow/example_dags/example_short_circuit_operator.py took 0.357 seconds
[2025-01-12T00:57:02.477+0000] {processor.py:161} INFO - Started process (PID=1766) to work on /home/airflow/.local/lib/python3.8/site-packages/airflow/example_dags/example_short_circuit_operator.py
[2025-01-12T00:57:02.495+0000] {processor.py:830} INFO - Processing file /home/airflow/.local/lib/python3.8/site-packages/airflow/example_dags/example_short_circuit_operator.py for tasks to queue
[2025-01-12T00:57:02.506+0000] {logging_mixin.py:188} INFO - [2025-01-12T00:57:02.505+0000] {dagbag.py:538} INFO - Filling up the DagBag from /home/airflow/.local/lib/python3.8/site-packages/airflow/example_dags/example_short_circuit_operator.py
[2025-01-12T00:57:02.534+0000] {processor.py:840} INFO - DAG(s) 'example_short_circuit_operator' retrieved from /home/airflow/.local/lib/python3.8/site-packages/airflow/example_dags/example_short_circuit_operator.py
[2025-01-12T00:57:02.583+0000] {logging_mixin.py:188} INFO - [2025-01-12T00:57:02.582+0000] {dag.py:3036} INFO - Sync 1 DAGs
[2025-01-12T00:57:02.630+0000] {logging_mixin.py:188} INFO - [2025-01-12T00:57:02.630+0000] {dag.py:3823} INFO - Setting next_dagrun for example_short_circuit_operator to 2025-01-11 00:00:00+00:00, run_after=2025-01-12 00:00:00+00:00
[2025-01-12T00:57:02.673+0000] {processor.py:183} INFO - Processing /home/airflow/.local/lib/python3.8/site-packages/airflow/example_dags/example_short_circuit_operator.py took 0.204 seconds
[2025-01-12T00:57:34.844+0000] {processor.py:161} INFO - Started process (PID=1827) to work on /home/airflow/.local/lib/python3.8/site-packages/airflow/example_dags/example_short_circuit_operator.py
[2025-01-12T00:57:34.857+0000] {processor.py:830} INFO - Processing file /home/airflow/.local/lib/python3.8/site-packages/airflow/example_dags/example_short_circuit_operator.py for tasks to queue
[2025-01-12T00:57:34.862+0000] {logging_mixin.py:188} INFO - [2025-01-12T00:57:34.861+0000] {dagbag.py:538} INFO - Filling up the DagBag from /home/airflow/.local/lib/python3.8/site-packages/airflow/example_dags/example_short_circuit_operator.py
[2025-01-12T00:57:34.931+0000] {processor.py:840} INFO - DAG(s) 'example_short_circuit_operator' retrieved from /home/airflow/.local/lib/python3.8/site-packages/airflow/example_dags/example_short_circuit_operator.py
[2025-01-12T00:57:35.123+0000] {logging_mixin.py:188} INFO - [2025-01-12T00:57:35.123+0000] {dag.py:3036} INFO - Sync 1 DAGs
[2025-01-12T00:57:35.324+0000] {logging_mixin.py:188} INFO - [2025-01-12T00:57:35.323+0000] {dag.py:3823} INFO - Setting next_dagrun for example_short_circuit_operator to 2025-01-11 00:00:00+00:00, run_after=2025-01-12 00:00:00+00:00
[2025-01-12T00:57:35.436+0000] {processor.py:183} INFO - Processing /home/airflow/.local/lib/python3.8/site-packages/airflow/example_dags/example_short_circuit_operator.py took 0.608 seconds
[2025-01-12T00:58:06.051+0000] {processor.py:161} INFO - Started process (PID=1883) to work on /home/airflow/.local/lib/python3.8/site-packages/airflow/example_dags/example_short_circuit_operator.py
[2025-01-12T00:58:06.054+0000] {processor.py:830} INFO - Processing file /home/airflow/.local/lib/python3.8/site-packages/airflow/example_dags/example_short_circuit_operator.py for tasks to queue
[2025-01-12T00:58:06.056+0000] {logging_mixin.py:188} INFO - [2025-01-12T00:58:06.055+0000] {dagbag.py:538} INFO - Filling up the DagBag from /home/airflow/.local/lib/python3.8/site-packages/airflow/example_dags/example_short_circuit_operator.py
[2025-01-12T00:58:06.091+0000] {processor.py:840} INFO - DAG(s) 'example_short_circuit_operator' retrieved from /home/airflow/.local/lib/python3.8/site-packages/airflow/example_dags/example_short_circuit_operator.py
[2025-01-12T00:58:06.172+0000] {logging_mixin.py:188} INFO - [2025-01-12T00:58:06.171+0000] {dag.py:3036} INFO - Sync 1 DAGs
[2025-01-12T00:58:06.287+0000] {logging_mixin.py:188} INFO - [2025-01-12T00:58:06.287+0000] {dag.py:3823} INFO - Setting next_dagrun for example_short_circuit_operator to 2025-01-11 00:00:00+00:00, run_after=2025-01-12 00:00:00+00:00
[2025-01-12T00:58:06.363+0000] {processor.py:183} INFO - Processing /home/airflow/.local/lib/python3.8/site-packages/airflow/example_dags/example_short_circuit_operator.py took 0.324 seconds
[2025-01-12T00:58:36.482+0000] {processor.py:161} INFO - Started process (PID=1939) to work on /home/airflow/.local/lib/python3.8/site-packages/airflow/example_dags/example_short_circuit_operator.py
[2025-01-12T00:58:36.484+0000] {processor.py:830} INFO - Processing file /home/airflow/.local/lib/python3.8/site-packages/airflow/example_dags/example_short_circuit_operator.py for tasks to queue
[2025-01-12T00:58:36.487+0000] {logging_mixin.py:188} INFO - [2025-01-12T00:58:36.486+0000] {dagbag.py:538} INFO - Filling up the DagBag from /home/airflow/.local/lib/python3.8/site-packages/airflow/example_dags/example_short_circuit_operator.py
[2025-01-12T00:58:36.511+0000] {processor.py:840} INFO - DAG(s) 'example_short_circuit_operator' retrieved from /home/airflow/.local/lib/python3.8/site-packages/airflow/example_dags/example_short_circuit_operator.py
[2025-01-12T00:58:36.578+0000] {logging_mixin.py:188} INFO - [2025-01-12T00:58:36.577+0000] {dag.py:3036} INFO - Sync 1 DAGs
[2025-01-12T00:58:36.650+0000] {logging_mixin.py:188} INFO - [2025-01-12T00:58:36.650+0000] {dag.py:3823} INFO - Setting next_dagrun for example_short_circuit_operator to 2025-01-11 00:00:00+00:00, run_after=2025-01-12 00:00:00+00:00
[2025-01-12T00:58:36.800+0000] {processor.py:183} INFO - Processing /home/airflow/.local/lib/python3.8/site-packages/airflow/example_dags/example_short_circuit_operator.py took 0.325 seconds
[2025-01-12T00:59:06.939+0000] {processor.py:161} INFO - Started process (PID=1995) to work on /home/airflow/.local/lib/python3.8/site-packages/airflow/example_dags/example_short_circuit_operator.py
[2025-01-12T00:59:06.940+0000] {processor.py:830} INFO - Processing file /home/airflow/.local/lib/python3.8/site-packages/airflow/example_dags/example_short_circuit_operator.py for tasks to queue
[2025-01-12T00:59:06.941+0000] {logging_mixin.py:188} INFO - [2025-01-12T00:59:06.941+0000] {dagbag.py:538} INFO - Filling up the DagBag from /home/airflow/.local/lib/python3.8/site-packages/airflow/example_dags/example_short_circuit_operator.py
[2025-01-12T00:59:06.955+0000] {processor.py:840} INFO - DAG(s) 'example_short_circuit_operator' retrieved from /home/airflow/.local/lib/python3.8/site-packages/airflow/example_dags/example_short_circuit_operator.py
[2025-01-12T00:59:06.985+0000] {logging_mixin.py:188} INFO - [2025-01-12T00:59:06.985+0000] {dag.py:3036} INFO - Sync 1 DAGs
[2025-01-12T00:59:07.016+0000] {logging_mixin.py:188} INFO - [2025-01-12T00:59:07.016+0000] {dag.py:3823} INFO - Setting next_dagrun for example_short_circuit_operator to 2025-01-11 00:00:00+00:00, run_after=2025-01-12 00:00:00+00:00
[2025-01-12T00:59:07.047+0000] {processor.py:183} INFO - Processing /home/airflow/.local/lib/python3.8/site-packages/airflow/example_dags/example_short_circuit_operator.py took 0.112 seconds
[2025-01-12T00:59:37.578+0000] {processor.py:161} INFO - Started process (PID=2050) to work on /home/airflow/.local/lib/python3.8/site-packages/airflow/example_dags/example_short_circuit_operator.py
[2025-01-12T00:59:37.583+0000] {processor.py:830} INFO - Processing file /home/airflow/.local/lib/python3.8/site-packages/airflow/example_dags/example_short_circuit_operator.py for tasks to queue
[2025-01-12T00:59:37.585+0000] {logging_mixin.py:188} INFO - [2025-01-12T00:59:37.585+0000] {dagbag.py:538} INFO - Filling up the DagBag from /home/airflow/.local/lib/python3.8/site-packages/airflow/example_dags/example_short_circuit_operator.py
[2025-01-12T00:59:37.611+0000] {processor.py:840} INFO - DAG(s) 'example_short_circuit_operator' retrieved from /home/airflow/.local/lib/python3.8/site-packages/airflow/example_dags/example_short_circuit_operator.py
[2025-01-12T00:59:37.679+0000] {logging_mixin.py:188} INFO - [2025-01-12T00:59:37.679+0000] {dag.py:3036} INFO - Sync 1 DAGs
[2025-01-12T00:59:37.787+0000] {logging_mixin.py:188} INFO - [2025-01-12T00:59:37.786+0000] {dag.py:3823} INFO - Setting next_dagrun for example_short_circuit_operator to 2025-01-11 00:00:00+00:00, run_after=2025-01-12 00:00:00+00:00
[2025-01-12T00:59:37.885+0000] {processor.py:183} INFO - Processing /home/airflow/.local/lib/python3.8/site-packages/airflow/example_dags/example_short_circuit_operator.py took 0.321 seconds
[2025-01-12T01:00:08.261+0000] {processor.py:161} INFO - Started process (PID=2107) to work on /home/airflow/.local/lib/python3.8/site-packages/airflow/example_dags/example_short_circuit_operator.py
[2025-01-12T01:00:08.264+0000] {processor.py:830} INFO - Processing file /home/airflow/.local/lib/python3.8/site-packages/airflow/example_dags/example_short_circuit_operator.py for tasks to queue
[2025-01-12T01:00:08.271+0000] {logging_mixin.py:188} INFO - [2025-01-12T01:00:08.269+0000] {dagbag.py:538} INFO - Filling up the DagBag from /home/airflow/.local/lib/python3.8/site-packages/airflow/example_dags/example_short_circuit_operator.py
[2025-01-12T01:00:08.301+0000] {processor.py:840} INFO - DAG(s) 'example_short_circuit_operator' retrieved from /home/airflow/.local/lib/python3.8/site-packages/airflow/example_dags/example_short_circuit_operator.py
[2025-01-12T01:00:08.418+0000] {logging_mixin.py:188} INFO - [2025-01-12T01:00:08.418+0000] {dag.py:3036} INFO - Sync 1 DAGs
[2025-01-12T01:00:08.503+0000] {logging_mixin.py:188} INFO - [2025-01-12T01:00:08.502+0000] {dag.py:3823} INFO - Setting next_dagrun for example_short_circuit_operator to 2025-01-11 00:00:00+00:00, run_after=2025-01-12 00:00:00+00:00
[2025-01-12T01:00:08.569+0000] {processor.py:183} INFO - Processing /home/airflow/.local/lib/python3.8/site-packages/airflow/example_dags/example_short_circuit_operator.py took 0.319 seconds
[2025-01-12T01:00:38.806+0000] {processor.py:161} INFO - Started process (PID=2162) to work on /home/airflow/.local/lib/python3.8/site-packages/airflow/example_dags/example_short_circuit_operator.py
[2025-01-12T01:00:38.808+0000] {processor.py:830} INFO - Processing file /home/airflow/.local/lib/python3.8/site-packages/airflow/example_dags/example_short_circuit_operator.py for tasks to queue
[2025-01-12T01:00:38.811+0000] {logging_mixin.py:188} INFO - [2025-01-12T01:00:38.810+0000] {dagbag.py:538} INFO - Filling up the DagBag from /home/airflow/.local/lib/python3.8/site-packages/airflow/example_dags/example_short_circuit_operator.py
[2025-01-12T01:00:38.828+0000] {processor.py:840} INFO - DAG(s) 'example_short_circuit_operator' retrieved from /home/airflow/.local/lib/python3.8/site-packages/airflow/example_dags/example_short_circuit_operator.py
[2025-01-12T01:00:38.877+0000] {logging_mixin.py:188} INFO - [2025-01-12T01:00:38.877+0000] {dag.py:3036} INFO - Sync 1 DAGs
[2025-01-12T01:00:38.930+0000] {logging_mixin.py:188} INFO - [2025-01-12T01:00:38.929+0000] {dag.py:3823} INFO - Setting next_dagrun for example_short_circuit_operator to 2025-01-11 00:00:00+00:00, run_after=2025-01-12 00:00:00+00:00
[2025-01-12T01:00:38.982+0000] {processor.py:183} INFO - Processing /home/airflow/.local/lib/python3.8/site-packages/airflow/example_dags/example_short_circuit_operator.py took 0.182 seconds
[2025-01-12T01:01:10.029+0000] {processor.py:161} INFO - Started process (PID=2216) to work on /home/airflow/.local/lib/python3.8/site-packages/airflow/example_dags/example_short_circuit_operator.py
[2025-01-12T01:01:10.033+0000] {processor.py:830} INFO - Processing file /home/airflow/.local/lib/python3.8/site-packages/airflow/example_dags/example_short_circuit_operator.py for tasks to queue
[2025-01-12T01:01:10.059+0000] {logging_mixin.py:188} INFO - [2025-01-12T01:01:10.058+0000] {dagbag.py:538} INFO - Filling up the DagBag from /home/airflow/.local/lib/python3.8/site-packages/airflow/example_dags/example_short_circuit_operator.py
[2025-01-12T01:01:10.100+0000] {processor.py:840} INFO - DAG(s) 'example_short_circuit_operator' retrieved from /home/airflow/.local/lib/python3.8/site-packages/airflow/example_dags/example_short_circuit_operator.py
[2025-01-12T01:01:10.227+0000] {logging_mixin.py:188} INFO - [2025-01-12T01:01:10.226+0000] {dag.py:3036} INFO - Sync 1 DAGs
[2025-01-12T01:01:10.461+0000] {logging_mixin.py:188} INFO - [2025-01-12T01:01:10.460+0000] {dag.py:3823} INFO - Setting next_dagrun for example_short_circuit_operator to 2025-01-11 00:00:00+00:00, run_after=2025-01-12 00:00:00+00:00
[2025-01-12T01:01:10.620+0000] {processor.py:183} INFO - Processing /home/airflow/.local/lib/python3.8/site-packages/airflow/example_dags/example_short_circuit_operator.py took 0.612 seconds
[2025-01-12T01:01:40.827+0000] {processor.py:161} INFO - Started process (PID=2272) to work on /home/airflow/.local/lib/python3.8/site-packages/airflow/example_dags/example_short_circuit_operator.py
[2025-01-12T01:01:40.829+0000] {processor.py:830} INFO - Processing file /home/airflow/.local/lib/python3.8/site-packages/airflow/example_dags/example_short_circuit_operator.py for tasks to queue
[2025-01-12T01:01:40.831+0000] {logging_mixin.py:188} INFO - [2025-01-12T01:01:40.830+0000] {dagbag.py:538} INFO - Filling up the DagBag from /home/airflow/.local/lib/python3.8/site-packages/airflow/example_dags/example_short_circuit_operator.py
[2025-01-12T01:01:40.849+0000] {processor.py:840} INFO - DAG(s) 'example_short_circuit_operator' retrieved from /home/airflow/.local/lib/python3.8/site-packages/airflow/example_dags/example_short_circuit_operator.py
[2025-01-12T01:01:40.899+0000] {logging_mixin.py:188} INFO - [2025-01-12T01:01:40.898+0000] {dag.py:3036} INFO - Sync 1 DAGs
[2025-01-12T01:01:40.956+0000] {logging_mixin.py:188} INFO - [2025-01-12T01:01:40.955+0000] {dag.py:3823} INFO - Setting next_dagrun for example_short_circuit_operator to 2025-01-11 00:00:00+00:00, run_after=2025-01-12 00:00:00+00:00
[2025-01-12T01:01:41.000+0000] {processor.py:183} INFO - Processing /home/airflow/.local/lib/python3.8/site-packages/airflow/example_dags/example_short_circuit_operator.py took 0.180 seconds
[2025-01-12T01:02:11.095+0000] {processor.py:161} INFO - Started process (PID=2328) to work on /home/airflow/.local/lib/python3.8/site-packages/airflow/example_dags/example_short_circuit_operator.py
[2025-01-12T01:02:11.096+0000] {processor.py:830} INFO - Processing file /home/airflow/.local/lib/python3.8/site-packages/airflow/example_dags/example_short_circuit_operator.py for tasks to queue
[2025-01-12T01:02:11.098+0000] {logging_mixin.py:188} INFO - [2025-01-12T01:02:11.098+0000] {dagbag.py:538} INFO - Filling up the DagBag from /home/airflow/.local/lib/python3.8/site-packages/airflow/example_dags/example_short_circuit_operator.py
[2025-01-12T01:02:11.111+0000] {processor.py:840} INFO - DAG(s) 'example_short_circuit_operator' retrieved from /home/airflow/.local/lib/python3.8/site-packages/airflow/example_dags/example_short_circuit_operator.py
[2025-01-12T01:02:11.165+0000] {logging_mixin.py:188} INFO - [2025-01-12T01:02:11.165+0000] {dag.py:3036} INFO - Sync 1 DAGs
[2025-01-12T01:02:11.213+0000] {logging_mixin.py:188} INFO - [2025-01-12T01:02:11.213+0000] {dag.py:3823} INFO - Setting next_dagrun for example_short_circuit_operator to 2025-01-11 00:00:00+00:00, run_after=2025-01-12 00:00:00+00:00
[2025-01-12T01:02:11.263+0000] {processor.py:183} INFO - Processing /home/airflow/.local/lib/python3.8/site-packages/airflow/example_dags/example_short_circuit_operator.py took 0.175 seconds
[2025-01-12T01:02:42.410+0000] {processor.py:161} INFO - Started process (PID=2384) to work on /home/airflow/.local/lib/python3.8/site-packages/airflow/example_dags/example_short_circuit_operator.py
[2025-01-12T01:02:42.412+0000] {processor.py:830} INFO - Processing file /home/airflow/.local/lib/python3.8/site-packages/airflow/example_dags/example_short_circuit_operator.py for tasks to queue
[2025-01-12T01:02:42.414+0000] {logging_mixin.py:188} INFO - [2025-01-12T01:02:42.413+0000] {dagbag.py:538} INFO - Filling up the DagBag from /home/airflow/.local/lib/python3.8/site-packages/airflow/example_dags/example_short_circuit_operator.py
[2025-01-12T01:02:42.428+0000] {processor.py:840} INFO - DAG(s) 'example_short_circuit_operator' retrieved from /home/airflow/.local/lib/python3.8/site-packages/airflow/example_dags/example_short_circuit_operator.py
[2025-01-12T01:02:42.468+0000] {logging_mixin.py:188} INFO - [2025-01-12T01:02:42.468+0000] {dag.py:3036} INFO - Sync 1 DAGs
[2025-01-12T01:02:42.704+0000] {logging_mixin.py:188} INFO - [2025-01-12T01:02:42.704+0000] {dag.py:3823} INFO - Setting next_dagrun for example_short_circuit_operator to 2025-01-11 00:00:00+00:00, run_after=2025-01-12 00:00:00+00:00
[2025-01-12T01:02:42.733+0000] {processor.py:183} INFO - Processing /home/airflow/.local/lib/python3.8/site-packages/airflow/example_dags/example_short_circuit_operator.py took 0.330 seconds
[2025-01-12T01:03:14.226+0000] {processor.py:161} INFO - Started process (PID=2440) to work on /home/airflow/.local/lib/python3.8/site-packages/airflow/example_dags/example_short_circuit_operator.py
[2025-01-12T01:03:14.228+0000] {processor.py:830} INFO - Processing file /home/airflow/.local/lib/python3.8/site-packages/airflow/example_dags/example_short_circuit_operator.py for tasks to queue
[2025-01-12T01:03:14.231+0000] {logging_mixin.py:188} INFO - [2025-01-12T01:03:14.230+0000] {dagbag.py:538} INFO - Filling up the DagBag from /home/airflow/.local/lib/python3.8/site-packages/airflow/example_dags/example_short_circuit_operator.py
[2025-01-12T01:03:14.265+0000] {processor.py:840} INFO - DAG(s) 'example_short_circuit_operator' retrieved from /home/airflow/.local/lib/python3.8/site-packages/airflow/example_dags/example_short_circuit_operator.py
[2025-01-12T01:03:14.347+0000] {logging_mixin.py:188} INFO - [2025-01-12T01:03:14.346+0000] {dag.py:3036} INFO - Sync 1 DAGs
[2025-01-12T01:03:14.838+0000] {logging_mixin.py:188} INFO - [2025-01-12T01:03:14.828+0000] {dag.py:3823} INFO - Setting next_dagrun for example_short_circuit_operator to 2025-01-11 00:00:00+00:00, run_after=2025-01-12 00:00:00+00:00
[2025-01-12T01:03:14.944+0000] {processor.py:183} INFO - Processing /home/airflow/.local/lib/python3.8/site-packages/airflow/example_dags/example_short_circuit_operator.py took 0.727 seconds
[2025-01-12T01:03:45.584+0000] {processor.py:161} INFO - Started process (PID=2496) to work on /home/airflow/.local/lib/python3.8/site-packages/airflow/example_dags/example_short_circuit_operator.py
[2025-01-12T01:03:45.586+0000] {processor.py:830} INFO - Processing file /home/airflow/.local/lib/python3.8/site-packages/airflow/example_dags/example_short_circuit_operator.py for tasks to queue
[2025-01-12T01:03:45.588+0000] {logging_mixin.py:188} INFO - [2025-01-12T01:03:45.587+0000] {dagbag.py:538} INFO - Filling up the DagBag from /home/airflow/.local/lib/python3.8/site-packages/airflow/example_dags/example_short_circuit_operator.py
[2025-01-12T01:03:45.608+0000] {processor.py:840} INFO - DAG(s) 'example_short_circuit_operator' retrieved from /home/airflow/.local/lib/python3.8/site-packages/airflow/example_dags/example_short_circuit_operator.py
[2025-01-12T01:03:45.663+0000] {logging_mixin.py:188} INFO - [2025-01-12T01:03:45.663+0000] {dag.py:3036} INFO - Sync 1 DAGs
[2025-01-12T01:03:45.719+0000] {logging_mixin.py:188} INFO - [2025-01-12T01:03:45.718+0000] {dag.py:3823} INFO - Setting next_dagrun for example_short_circuit_operator to 2025-01-11 00:00:00+00:00, run_after=2025-01-12 00:00:00+00:00
[2025-01-12T01:03:46.211+0000] {processor.py:183} INFO - Processing /home/airflow/.local/lib/python3.8/site-packages/airflow/example_dags/example_short_circuit_operator.py took 0.635 seconds
[2025-01-12T01:04:16.448+0000] {processor.py:161} INFO - Started process (PID=2552) to work on /home/airflow/.local/lib/python3.8/site-packages/airflow/example_dags/example_short_circuit_operator.py
[2025-01-12T01:04:16.452+0000] {processor.py:830} INFO - Processing file /home/airflow/.local/lib/python3.8/site-packages/airflow/example_dags/example_short_circuit_operator.py for tasks to queue
[2025-01-12T01:04:16.456+0000] {logging_mixin.py:188} INFO - [2025-01-12T01:04:16.455+0000] {dagbag.py:538} INFO - Filling up the DagBag from /home/airflow/.local/lib/python3.8/site-packages/airflow/example_dags/example_short_circuit_operator.py
[2025-01-12T01:04:16.479+0000] {processor.py:840} INFO - DAG(s) 'example_short_circuit_operator' retrieved from /home/airflow/.local/lib/python3.8/site-packages/airflow/example_dags/example_short_circuit_operator.py
[2025-01-12T01:04:16.558+0000] {logging_mixin.py:188} INFO - [2025-01-12T01:04:16.557+0000] {dag.py:3036} INFO - Sync 1 DAGs
[2025-01-12T01:04:16.619+0000] {logging_mixin.py:188} INFO - [2025-01-12T01:04:16.619+0000] {dag.py:3823} INFO - Setting next_dagrun for example_short_circuit_operator to 2025-01-11 00:00:00+00:00, run_after=2025-01-12 00:00:00+00:00
[2025-01-12T01:04:16.672+0000] {processor.py:183} INFO - Processing /home/airflow/.local/lib/python3.8/site-packages/airflow/example_dags/example_short_circuit_operator.py took 0.234 seconds
[2025-01-12T01:04:47.632+0000] {processor.py:161} INFO - Started process (PID=2608) to work on /home/airflow/.local/lib/python3.8/site-packages/airflow/example_dags/example_short_circuit_operator.py
[2025-01-12T01:04:47.635+0000] {processor.py:830} INFO - Processing file /home/airflow/.local/lib/python3.8/site-packages/airflow/example_dags/example_short_circuit_operator.py for tasks to queue
[2025-01-12T01:04:47.637+0000] {logging_mixin.py:188} INFO - [2025-01-12T01:04:47.636+0000] {dagbag.py:538} INFO - Filling up the DagBag from /home/airflow/.local/lib/python3.8/site-packages/airflow/example_dags/example_short_circuit_operator.py
[2025-01-12T01:04:47.686+0000] {processor.py:840} INFO - DAG(s) 'example_short_circuit_operator' retrieved from /home/airflow/.local/lib/python3.8/site-packages/airflow/example_dags/example_short_circuit_operator.py
[2025-01-12T01:04:47.776+0000] {logging_mixin.py:188} INFO - [2025-01-12T01:04:47.775+0000] {dag.py:3036} INFO - Sync 1 DAGs
[2025-01-12T01:04:47.859+0000] {logging_mixin.py:188} INFO - [2025-01-12T01:04:47.858+0000] {dag.py:3823} INFO - Setting next_dagrun for example_short_circuit_operator to 2025-01-11 00:00:00+00:00, run_after=2025-01-12 00:00:00+00:00
[2025-01-12T01:04:47.924+0000] {processor.py:183} INFO - Processing /home/airflow/.local/lib/python3.8/site-packages/airflow/example_dags/example_short_circuit_operator.py took 0.304 seconds
[2025-01-12T01:05:18.337+0000] {processor.py:161} INFO - Started process (PID=2664) to work on /home/airflow/.local/lib/python3.8/site-packages/airflow/example_dags/example_short_circuit_operator.py
[2025-01-12T01:05:18.338+0000] {processor.py:830} INFO - Processing file /home/airflow/.local/lib/python3.8/site-packages/airflow/example_dags/example_short_circuit_operator.py for tasks to queue
[2025-01-12T01:05:18.340+0000] {logging_mixin.py:188} INFO - [2025-01-12T01:05:18.340+0000] {dagbag.py:538} INFO - Filling up the DagBag from /home/airflow/.local/lib/python3.8/site-packages/airflow/example_dags/example_short_circuit_operator.py
[2025-01-12T01:05:18.353+0000] {processor.py:840} INFO - DAG(s) 'example_short_circuit_operator' retrieved from /home/airflow/.local/lib/python3.8/site-packages/airflow/example_dags/example_short_circuit_operator.py
[2025-01-12T01:05:18.400+0000] {logging_mixin.py:188} INFO - [2025-01-12T01:05:18.400+0000] {dag.py:3036} INFO - Sync 1 DAGs
[2025-01-12T01:05:18.443+0000] {logging_mixin.py:188} INFO - [2025-01-12T01:05:18.442+0000] {dag.py:3823} INFO - Setting next_dagrun for example_short_circuit_operator to 2025-01-11 00:00:00+00:00, run_after=2025-01-12 00:00:00+00:00
[2025-01-12T01:05:18.482+0000] {processor.py:183} INFO - Processing /home/airflow/.local/lib/python3.8/site-packages/airflow/example_dags/example_short_circuit_operator.py took 0.150 seconds
[2025-01-12T01:05:48.908+0000] {processor.py:161} INFO - Started process (PID=2720) to work on /home/airflow/.local/lib/python3.8/site-packages/airflow/example_dags/example_short_circuit_operator.py
[2025-01-12T01:05:48.911+0000] {processor.py:830} INFO - Processing file /home/airflow/.local/lib/python3.8/site-packages/airflow/example_dags/example_short_circuit_operator.py for tasks to queue
[2025-01-12T01:05:48.915+0000] {logging_mixin.py:188} INFO - [2025-01-12T01:05:48.913+0000] {dagbag.py:538} INFO - Filling up the DagBag from /home/airflow/.local/lib/python3.8/site-packages/airflow/example_dags/example_short_circuit_operator.py
[2025-01-12T01:05:48.939+0000] {processor.py:840} INFO - DAG(s) 'example_short_circuit_operator' retrieved from /home/airflow/.local/lib/python3.8/site-packages/airflow/example_dags/example_short_circuit_operator.py
[2025-01-12T01:05:49.019+0000] {logging_mixin.py:188} INFO - [2025-01-12T01:05:49.018+0000] {dag.py:3036} INFO - Sync 1 DAGs
[2025-01-12T01:05:49.110+0000] {logging_mixin.py:188} INFO - [2025-01-12T01:05:49.109+0000] {dag.py:3823} INFO - Setting next_dagrun for example_short_circuit_operator to 2025-01-11 00:00:00+00:00, run_after=2025-01-12 00:00:00+00:00
[2025-01-12T01:05:49.200+0000] {processor.py:183} INFO - Processing /home/airflow/.local/lib/python3.8/site-packages/airflow/example_dags/example_short_circuit_operator.py took 0.303 seconds
[2025-01-12T01:06:20.175+0000] {processor.py:161} INFO - Started process (PID=2777) to work on /home/airflow/.local/lib/python3.8/site-packages/airflow/example_dags/example_short_circuit_operator.py
[2025-01-12T01:06:20.177+0000] {processor.py:830} INFO - Processing file /home/airflow/.local/lib/python3.8/site-packages/airflow/example_dags/example_short_circuit_operator.py for tasks to queue
[2025-01-12T01:06:20.178+0000] {logging_mixin.py:188} INFO - [2025-01-12T01:06:20.178+0000] {dagbag.py:538} INFO - Filling up the DagBag from /home/airflow/.local/lib/python3.8/site-packages/airflow/example_dags/example_short_circuit_operator.py
[2025-01-12T01:06:20.192+0000] {processor.py:840} INFO - DAG(s) 'example_short_circuit_operator' retrieved from /home/airflow/.local/lib/python3.8/site-packages/airflow/example_dags/example_short_circuit_operator.py
[2025-01-12T01:06:20.223+0000] {logging_mixin.py:188} INFO - [2025-01-12T01:06:20.223+0000] {dag.py:3036} INFO - Sync 1 DAGs
[2025-01-12T01:06:20.272+0000] {logging_mixin.py:188} INFO - [2025-01-12T01:06:20.271+0000] {dag.py:3823} INFO - Setting next_dagrun for example_short_circuit_operator to 2025-01-11 00:00:00+00:00, run_after=2025-01-12 00:00:00+00:00
[2025-01-12T01:06:20.312+0000] {processor.py:183} INFO - Processing /home/airflow/.local/lib/python3.8/site-packages/airflow/example_dags/example_short_circuit_operator.py took 0.141 seconds
[2025-01-12T01:06:50.890+0000] {processor.py:161} INFO - Started process (PID=2833) to work on /home/airflow/.local/lib/python3.8/site-packages/airflow/example_dags/example_short_circuit_operator.py
[2025-01-12T01:06:50.892+0000] {processor.py:830} INFO - Processing file /home/airflow/.local/lib/python3.8/site-packages/airflow/example_dags/example_short_circuit_operator.py for tasks to queue
[2025-01-12T01:06:50.894+0000] {logging_mixin.py:188} INFO - [2025-01-12T01:06:50.894+0000] {dagbag.py:538} INFO - Filling up the DagBag from /home/airflow/.local/lib/python3.8/site-packages/airflow/example_dags/example_short_circuit_operator.py
[2025-01-12T01:06:50.906+0000] {processor.py:840} INFO - DAG(s) 'example_short_circuit_operator' retrieved from /home/airflow/.local/lib/python3.8/site-packages/airflow/example_dags/example_short_circuit_operator.py
[2025-01-12T01:06:50.949+0000] {logging_mixin.py:188} INFO - [2025-01-12T01:06:50.948+0000] {dag.py:3036} INFO - Sync 1 DAGs
[2025-01-12T01:06:50.982+0000] {logging_mixin.py:188} INFO - [2025-01-12T01:06:50.981+0000] {dag.py:3823} INFO - Setting next_dagrun for example_short_circuit_operator to 2025-01-11 00:00:00+00:00, run_after=2025-01-12 00:00:00+00:00
[2025-01-12T01:06:51.013+0000] {processor.py:183} INFO - Processing /home/airflow/.local/lib/python3.8/site-packages/airflow/example_dags/example_short_circuit_operator.py took 0.128 seconds
[2025-01-12T01:07:21.768+0000] {processor.py:161} INFO - Started process (PID=2889) to work on /home/airflow/.local/lib/python3.8/site-packages/airflow/example_dags/example_short_circuit_operator.py
[2025-01-12T01:07:21.770+0000] {processor.py:830} INFO - Processing file /home/airflow/.local/lib/python3.8/site-packages/airflow/example_dags/example_short_circuit_operator.py for tasks to queue
[2025-01-12T01:07:21.772+0000] {logging_mixin.py:188} INFO - [2025-01-12T01:07:21.771+0000] {dagbag.py:538} INFO - Filling up the DagBag from /home/airflow/.local/lib/python3.8/site-packages/airflow/example_dags/example_short_circuit_operator.py
[2025-01-12T01:07:21.783+0000] {processor.py:840} INFO - DAG(s) 'example_short_circuit_operator' retrieved from /home/airflow/.local/lib/python3.8/site-packages/airflow/example_dags/example_short_circuit_operator.py
[2025-01-12T01:07:21.818+0000] {logging_mixin.py:188} INFO - [2025-01-12T01:07:21.817+0000] {dag.py:3036} INFO - Sync 1 DAGs
[2025-01-12T01:07:21.913+0000] {logging_mixin.py:188} INFO - [2025-01-12T01:07:21.913+0000] {dag.py:3823} INFO - Setting next_dagrun for example_short_circuit_operator to 2025-01-11 00:00:00+00:00, run_after=2025-01-12 00:00:00+00:00
[2025-01-12T01:07:22.005+0000] {processor.py:183} INFO - Processing /home/airflow/.local/lib/python3.8/site-packages/airflow/example_dags/example_short_circuit_operator.py took 0.241 seconds
[2025-01-12T01:07:52.749+0000] {processor.py:161} INFO - Started process (PID=2945) to work on /home/airflow/.local/lib/python3.8/site-packages/airflow/example_dags/example_short_circuit_operator.py
[2025-01-12T01:07:52.750+0000] {processor.py:830} INFO - Processing file /home/airflow/.local/lib/python3.8/site-packages/airflow/example_dags/example_short_circuit_operator.py for tasks to queue
[2025-01-12T01:07:52.751+0000] {logging_mixin.py:188} INFO - [2025-01-12T01:07:52.751+0000] {dagbag.py:538} INFO - Filling up the DagBag from /home/airflow/.local/lib/python3.8/site-packages/airflow/example_dags/example_short_circuit_operator.py
[2025-01-12T01:07:52.764+0000] {processor.py:840} INFO - DAG(s) 'example_short_circuit_operator' retrieved from /home/airflow/.local/lib/python3.8/site-packages/airflow/example_dags/example_short_circuit_operator.py
[2025-01-12T01:07:52.803+0000] {logging_mixin.py:188} INFO - [2025-01-12T01:07:52.803+0000] {dag.py:3036} INFO - Sync 1 DAGs
[2025-01-12T01:07:52.833+0000] {logging_mixin.py:188} INFO - [2025-01-12T01:07:52.833+0000] {dag.py:3823} INFO - Setting next_dagrun for example_short_circuit_operator to 2025-01-11 00:00:00+00:00, run_after=2025-01-12 00:00:00+00:00
[2025-01-12T01:07:52.867+0000] {processor.py:183} INFO - Processing /home/airflow/.local/lib/python3.8/site-packages/airflow/example_dags/example_short_circuit_operator.py took 0.123 seconds
[2025-01-12T01:08:23.086+0000] {processor.py:161} INFO - Started process (PID=3001) to work on /home/airflow/.local/lib/python3.8/site-packages/airflow/example_dags/example_short_circuit_operator.py
[2025-01-12T01:08:23.088+0000] {processor.py:830} INFO - Processing file /home/airflow/.local/lib/python3.8/site-packages/airflow/example_dags/example_short_circuit_operator.py for tasks to queue
[2025-01-12T01:08:23.090+0000] {logging_mixin.py:188} INFO - [2025-01-12T01:08:23.090+0000] {dagbag.py:538} INFO - Filling up the DagBag from /home/airflow/.local/lib/python3.8/site-packages/airflow/example_dags/example_short_circuit_operator.py
[2025-01-12T01:08:23.102+0000] {processor.py:840} INFO - DAG(s) 'example_short_circuit_operator' retrieved from /home/airflow/.local/lib/python3.8/site-packages/airflow/example_dags/example_short_circuit_operator.py
[2025-01-12T01:08:23.139+0000] {logging_mixin.py:188} INFO - [2025-01-12T01:08:23.139+0000] {dag.py:3036} INFO - Sync 1 DAGs
[2025-01-12T01:08:23.176+0000] {logging_mixin.py:188} INFO - [2025-01-12T01:08:23.176+0000] {dag.py:3823} INFO - Setting next_dagrun for example_short_circuit_operator to 2025-01-11 00:00:00+00:00, run_after=2025-01-12 00:00:00+00:00
[2025-01-12T01:08:23.219+0000] {processor.py:183} INFO - Processing /home/airflow/.local/lib/python3.8/site-packages/airflow/example_dags/example_short_circuit_operator.py took 0.137 seconds
