[2025-01-29T23:31:27.579+0000] {processor.py:161} INFO - Started process (PID=78) to work on /home/airflow/.local/lib/python3.8/site-packages/airflow/example_dags/example_trigger_target_dag.py
[2025-01-29T23:31:27.582+0000] {processor.py:830} INFO - Processing file /home/airflow/.local/lib/python3.8/site-packages/airflow/example_dags/example_trigger_target_dag.py for tasks to queue
[2025-01-29T23:31:27.588+0000] {logging_mixin.py:188} INFO - [2025-01-29T23:31:27.587+0000] {dagbag.py:538} INFO - Filling up the DagBag from /home/airflow/.local/lib/python3.8/site-packages/airflow/example_dags/example_trigger_target_dag.py
[2025-01-29T23:31:27.629+0000] {processor.py:840} INFO - DAG(s) 'example_trigger_target_dag' retrieved from /home/airflow/.local/lib/python3.8/site-packages/airflow/example_dags/example_trigger_target_dag.py
[2025-01-29T23:31:27.729+0000] {logging_mixin.py:188} INFO - [2025-01-29T23:31:27.718+0000] {dag.py:3036} INFO - Sync 1 DAGs
[2025-01-29T23:31:27.798+0000] {logging_mixin.py:188} INFO - [2025-01-29T23:31:27.798+0000] {dag.py:3823} INFO - Setting next_dagrun for example_trigger_target_dag to None, run_after=None
[2025-01-29T23:31:27.907+0000] {processor.py:183} INFO - Processing /home/airflow/.local/lib/python3.8/site-packages/airflow/example_dags/example_trigger_target_dag.py took 0.342 seconds
[2025-01-29T23:31:58.658+0000] {processor.py:161} INFO - Started process (PID=135) to work on /home/airflow/.local/lib/python3.8/site-packages/airflow/example_dags/example_trigger_target_dag.py
[2025-01-29T23:31:58.660+0000] {processor.py:830} INFO - Processing file /home/airflow/.local/lib/python3.8/site-packages/airflow/example_dags/example_trigger_target_dag.py for tasks to queue
[2025-01-29T23:31:58.669+0000] {logging_mixin.py:188} INFO - [2025-01-29T23:31:58.668+0000] {dagbag.py:538} INFO - Filling up the DagBag from /home/airflow/.local/lib/python3.8/site-packages/airflow/example_dags/example_trigger_target_dag.py
[2025-01-29T23:31:58.690+0000] {processor.py:840} INFO - DAG(s) 'example_trigger_target_dag' retrieved from /home/airflow/.local/lib/python3.8/site-packages/airflow/example_dags/example_trigger_target_dag.py
[2025-01-29T23:31:58.763+0000] {logging_mixin.py:188} INFO - [2025-01-29T23:31:58.763+0000] {dag.py:3036} INFO - Sync 1 DAGs
[2025-01-29T23:31:58.856+0000] {logging_mixin.py:188} INFO - [2025-01-29T23:31:58.856+0000] {dag.py:3823} INFO - Setting next_dagrun for example_trigger_target_dag to None, run_after=None
[2025-01-29T23:31:58.946+0000] {processor.py:183} INFO - Processing /home/airflow/.local/lib/python3.8/site-packages/airflow/example_dags/example_trigger_target_dag.py took 0.294 seconds
[2025-01-29T23:32:38.442+0000] {processor.py:161} INFO - Started process (PID=191) to work on /home/airflow/.local/lib/python3.8/site-packages/airflow/example_dags/example_trigger_target_dag.py
[2025-01-29T23:32:38.478+0000] {processor.py:830} INFO - Processing file /home/airflow/.local/lib/python3.8/site-packages/airflow/example_dags/example_trigger_target_dag.py for tasks to queue
[2025-01-29T23:32:38.551+0000] {logging_mixin.py:188} INFO - [2025-01-29T23:32:38.550+0000] {dagbag.py:538} INFO - Filling up the DagBag from /home/airflow/.local/lib/python3.8/site-packages/airflow/example_dags/example_trigger_target_dag.py
[2025-01-29T23:32:38.660+0000] {processor.py:840} INFO - DAG(s) 'example_trigger_target_dag' retrieved from /home/airflow/.local/lib/python3.8/site-packages/airflow/example_dags/example_trigger_target_dag.py
[2025-01-29T23:32:38.760+0000] {logging_mixin.py:188} INFO - [2025-01-29T23:32:38.759+0000] {dag.py:3036} INFO - Sync 1 DAGs
[2025-01-29T23:32:38.980+0000] {logging_mixin.py:188} INFO - [2025-01-29T23:32:38.979+0000] {dag.py:3823} INFO - Setting next_dagrun for example_trigger_target_dag to None, run_after=None
[2025-01-29T23:32:39.183+0000] {processor.py:183} INFO - Processing /home/airflow/.local/lib/python3.8/site-packages/airflow/example_dags/example_trigger_target_dag.py took 0.651 seconds
[2025-01-29T23:33:32.235+0000] {processor.py:161} INFO - Started process (PID=250) to work on /home/airflow/.local/lib/python3.8/site-packages/airflow/example_dags/example_trigger_target_dag.py
[2025-01-29T23:33:32.238+0000] {processor.py:830} INFO - Processing file /home/airflow/.local/lib/python3.8/site-packages/airflow/example_dags/example_trigger_target_dag.py for tasks to queue
[2025-01-29T23:33:32.254+0000] {logging_mixin.py:188} INFO - [2025-01-29T23:33:32.252+0000] {dagbag.py:538} INFO - Filling up the DagBag from /home/airflow/.local/lib/python3.8/site-packages/airflow/example_dags/example_trigger_target_dag.py
[2025-01-29T23:33:32.275+0000] {processor.py:840} INFO - DAG(s) 'example_trigger_target_dag' retrieved from /home/airflow/.local/lib/python3.8/site-packages/airflow/example_dags/example_trigger_target_dag.py
[2025-01-29T23:33:32.780+0000] {logging_mixin.py:188} INFO - [2025-01-29T23:33:32.777+0000] {dag.py:3036} INFO - Sync 1 DAGs
[2025-01-29T23:33:32.829+0000] {logging_mixin.py:188} INFO - [2025-01-29T23:33:32.828+0000] {dag.py:3823} INFO - Setting next_dagrun for example_trigger_target_dag to None, run_after=None
[2025-01-29T23:33:32.931+0000] {processor.py:183} INFO - Processing /home/airflow/.local/lib/python3.8/site-packages/airflow/example_dags/example_trigger_target_dag.py took 0.719 seconds
[2025-01-29T23:34:03.575+0000] {processor.py:161} INFO - Started process (PID=306) to work on /home/airflow/.local/lib/python3.8/site-packages/airflow/example_dags/example_trigger_target_dag.py
[2025-01-29T23:34:03.589+0000] {processor.py:830} INFO - Processing file /home/airflow/.local/lib/python3.8/site-packages/airflow/example_dags/example_trigger_target_dag.py for tasks to queue
[2025-01-29T23:34:03.606+0000] {logging_mixin.py:188} INFO - [2025-01-29T23:34:03.605+0000] {dagbag.py:538} INFO - Filling up the DagBag from /home/airflow/.local/lib/python3.8/site-packages/airflow/example_dags/example_trigger_target_dag.py
[2025-01-29T23:34:03.656+0000] {processor.py:840} INFO - DAG(s) 'example_trigger_target_dag' retrieved from /home/airflow/.local/lib/python3.8/site-packages/airflow/example_dags/example_trigger_target_dag.py
[2025-01-29T23:34:03.802+0000] {logging_mixin.py:188} INFO - [2025-01-29T23:34:03.802+0000] {dag.py:3036} INFO - Sync 1 DAGs
[2025-01-29T23:34:03.903+0000] {logging_mixin.py:188} INFO - [2025-01-29T23:34:03.903+0000] {dag.py:3823} INFO - Setting next_dagrun for example_trigger_target_dag to None, run_after=None
[2025-01-29T23:34:04.114+0000] {processor.py:183} INFO - Processing /home/airflow/.local/lib/python3.8/site-packages/airflow/example_dags/example_trigger_target_dag.py took 0.558 seconds
[2025-01-29T23:34:34.781+0000] {processor.py:161} INFO - Started process (PID=363) to work on /home/airflow/.local/lib/python3.8/site-packages/airflow/example_dags/example_trigger_target_dag.py
[2025-01-29T23:34:34.791+0000] {processor.py:830} INFO - Processing file /home/airflow/.local/lib/python3.8/site-packages/airflow/example_dags/example_trigger_target_dag.py for tasks to queue
[2025-01-29T23:34:34.797+0000] {logging_mixin.py:188} INFO - [2025-01-29T23:34:34.797+0000] {dagbag.py:538} INFO - Filling up the DagBag from /home/airflow/.local/lib/python3.8/site-packages/airflow/example_dags/example_trigger_target_dag.py
[2025-01-29T23:34:34.850+0000] {processor.py:840} INFO - DAG(s) 'example_trigger_target_dag' retrieved from /home/airflow/.local/lib/python3.8/site-packages/airflow/example_dags/example_trigger_target_dag.py
[2025-01-29T23:34:34.942+0000] {logging_mixin.py:188} INFO - [2025-01-29T23:34:34.941+0000] {dag.py:3036} INFO - Sync 1 DAGs
[2025-01-29T23:34:35.024+0000] {logging_mixin.py:188} INFO - [2025-01-29T23:34:35.024+0000] {dag.py:3823} INFO - Setting next_dagrun for example_trigger_target_dag to None, run_after=None
[2025-01-29T23:34:35.176+0000] {processor.py:183} INFO - Processing /home/airflow/.local/lib/python3.8/site-packages/airflow/example_dags/example_trigger_target_dag.py took 0.412 seconds
[2025-01-29T23:35:05.563+0000] {processor.py:161} INFO - Started process (PID=419) to work on /home/airflow/.local/lib/python3.8/site-packages/airflow/example_dags/example_trigger_target_dag.py
[2025-01-29T23:35:05.576+0000] {processor.py:830} INFO - Processing file /home/airflow/.local/lib/python3.8/site-packages/airflow/example_dags/example_trigger_target_dag.py for tasks to queue
[2025-01-29T23:35:05.587+0000] {logging_mixin.py:188} INFO - [2025-01-29T23:35:05.586+0000] {dagbag.py:538} INFO - Filling up the DagBag from /home/airflow/.local/lib/python3.8/site-packages/airflow/example_dags/example_trigger_target_dag.py
[2025-01-29T23:35:05.626+0000] {processor.py:840} INFO - DAG(s) 'example_trigger_target_dag' retrieved from /home/airflow/.local/lib/python3.8/site-packages/airflow/example_dags/example_trigger_target_dag.py
[2025-01-29T23:35:05.763+0000] {logging_mixin.py:188} INFO - [2025-01-29T23:35:05.762+0000] {dag.py:3036} INFO - Sync 1 DAGs
[2025-01-29T23:35:05.867+0000] {logging_mixin.py:188} INFO - [2025-01-29T23:35:05.866+0000] {dag.py:3823} INFO - Setting next_dagrun for example_trigger_target_dag to None, run_after=None
[2025-01-29T23:35:05.977+0000] {processor.py:183} INFO - Processing /home/airflow/.local/lib/python3.8/site-packages/airflow/example_dags/example_trigger_target_dag.py took 0.423 seconds
[2025-01-29T23:35:40.214+0000] {processor.py:161} INFO - Started process (PID=466) to work on /home/airflow/.local/lib/python3.8/site-packages/airflow/example_dags/example_trigger_target_dag.py
[2025-01-29T23:35:40.224+0000] {processor.py:830} INFO - Processing file /home/airflow/.local/lib/python3.8/site-packages/airflow/example_dags/example_trigger_target_dag.py for tasks to queue
[2025-01-29T23:35:40.252+0000] {logging_mixin.py:188} INFO - [2025-01-29T23:35:40.251+0000] {dagbag.py:538} INFO - Filling up the DagBag from /home/airflow/.local/lib/python3.8/site-packages/airflow/example_dags/example_trigger_target_dag.py
[2025-01-29T23:35:40.289+0000] {processor.py:840} INFO - DAG(s) 'example_trigger_target_dag' retrieved from /home/airflow/.local/lib/python3.8/site-packages/airflow/example_dags/example_trigger_target_dag.py
[2025-01-29T23:35:40.469+0000] {logging_mixin.py:188} INFO - [2025-01-29T23:35:40.467+0000] {dag.py:3036} INFO - Sync 1 DAGs
[2025-01-29T23:35:40.917+0000] {logging_mixin.py:188} INFO - [2025-01-29T23:35:40.906+0000] {dag.py:3823} INFO - Setting next_dagrun for example_trigger_target_dag to None, run_after=None
[2025-01-29T23:35:41.190+0000] {processor.py:183} INFO - Processing /home/airflow/.local/lib/python3.8/site-packages/airflow/example_dags/example_trigger_target_dag.py took 0.996 seconds
[2025-01-29T23:36:35.878+0000] {processor.py:161} INFO - Started process (PID=528) to work on /home/airflow/.local/lib/python3.8/site-packages/airflow/example_dags/example_trigger_target_dag.py
[2025-01-29T23:36:35.986+0000] {processor.py:830} INFO - Processing file /home/airflow/.local/lib/python3.8/site-packages/airflow/example_dags/example_trigger_target_dag.py for tasks to queue
[2025-01-29T23:36:36.032+0000] {logging_mixin.py:188} INFO - [2025-01-29T23:36:36.032+0000] {dagbag.py:538} INFO - Filling up the DagBag from /home/airflow/.local/lib/python3.8/site-packages/airflow/example_dags/example_trigger_target_dag.py
[2025-01-29T23:36:36.139+0000] {processor.py:840} INFO - DAG(s) 'example_trigger_target_dag' retrieved from /home/airflow/.local/lib/python3.8/site-packages/airflow/example_dags/example_trigger_target_dag.py
[2025-01-29T23:36:36.362+0000] {logging_mixin.py:188} INFO - [2025-01-29T23:36:36.351+0000] {dag.py:3036} INFO - Sync 1 DAGs
[2025-01-29T23:36:36.532+0000] {logging_mixin.py:188} INFO - [2025-01-29T23:36:36.532+0000] {dag.py:3823} INFO - Setting next_dagrun for example_trigger_target_dag to None, run_after=None
[2025-01-29T23:36:36.673+0000] {processor.py:183} INFO - Processing /home/airflow/.local/lib/python3.8/site-packages/airflow/example_dags/example_trigger_target_dag.py took 0.826 seconds
[2025-01-29T23:37:08.308+0000] {processor.py:161} INFO - Started process (PID=584) to work on /home/airflow/.local/lib/python3.8/site-packages/airflow/example_dags/example_trigger_target_dag.py
[2025-01-29T23:37:08.323+0000] {processor.py:830} INFO - Processing file /home/airflow/.local/lib/python3.8/site-packages/airflow/example_dags/example_trigger_target_dag.py for tasks to queue
[2025-01-29T23:37:08.337+0000] {logging_mixin.py:188} INFO - [2025-01-29T23:37:08.326+0000] {dagbag.py:538} INFO - Filling up the DagBag from /home/airflow/.local/lib/python3.8/site-packages/airflow/example_dags/example_trigger_target_dag.py
[2025-01-29T23:37:08.431+0000] {processor.py:840} INFO - DAG(s) 'example_trigger_target_dag' retrieved from /home/airflow/.local/lib/python3.8/site-packages/airflow/example_dags/example_trigger_target_dag.py
[2025-01-29T23:37:08.532+0000] {logging_mixin.py:188} INFO - [2025-01-29T23:37:08.527+0000] {dag.py:3036} INFO - Sync 1 DAGs
[2025-01-29T23:37:08.711+0000] {logging_mixin.py:188} INFO - [2025-01-29T23:37:08.711+0000] {dag.py:3823} INFO - Setting next_dagrun for example_trigger_target_dag to None, run_after=None
[2025-01-29T23:37:08.837+0000] {processor.py:183} INFO - Processing /home/airflow/.local/lib/python3.8/site-packages/airflow/example_dags/example_trigger_target_dag.py took 0.542 seconds
[2025-01-29T23:37:39.983+0000] {processor.py:161} INFO - Started process (PID=640) to work on /home/airflow/.local/lib/python3.8/site-packages/airflow/example_dags/example_trigger_target_dag.py
[2025-01-29T23:37:39.996+0000] {processor.py:830} INFO - Processing file /home/airflow/.local/lib/python3.8/site-packages/airflow/example_dags/example_trigger_target_dag.py for tasks to queue
[2025-01-29T23:37:40.001+0000] {logging_mixin.py:188} INFO - [2025-01-29T23:37:40.000+0000] {dagbag.py:538} INFO - Filling up the DagBag from /home/airflow/.local/lib/python3.8/site-packages/airflow/example_dags/example_trigger_target_dag.py
[2025-01-29T23:37:40.034+0000] {processor.py:840} INFO - DAG(s) 'example_trigger_target_dag' retrieved from /home/airflow/.local/lib/python3.8/site-packages/airflow/example_dags/example_trigger_target_dag.py
[2025-01-29T23:37:40.667+0000] {logging_mixin.py:188} INFO - [2025-01-29T23:37:40.667+0000] {dag.py:3036} INFO - Sync 1 DAGs
[2025-01-29T23:37:40.775+0000] {logging_mixin.py:188} INFO - [2025-01-29T23:37:40.775+0000] {dag.py:3823} INFO - Setting next_dagrun for example_trigger_target_dag to None, run_after=None
[2025-01-29T23:37:40.912+0000] {processor.py:183} INFO - Processing /home/airflow/.local/lib/python3.8/site-packages/airflow/example_dags/example_trigger_target_dag.py took 0.941 seconds
[2025-01-29T23:38:18.682+0000] {processor.py:161} INFO - Started process (PID=696) to work on /home/airflow/.local/lib/python3.8/site-packages/airflow/example_dags/example_trigger_target_dag.py
[2025-01-29T23:38:18.697+0000] {processor.py:830} INFO - Processing file /home/airflow/.local/lib/python3.8/site-packages/airflow/example_dags/example_trigger_target_dag.py for tasks to queue
[2025-01-29T23:38:18.724+0000] {logging_mixin.py:188} INFO - [2025-01-29T23:38:18.723+0000] {dagbag.py:538} INFO - Filling up the DagBag from /home/airflow/.local/lib/python3.8/site-packages/airflow/example_dags/example_trigger_target_dag.py
[2025-01-29T23:38:18.767+0000] {processor.py:840} INFO - DAG(s) 'example_trigger_target_dag' retrieved from /home/airflow/.local/lib/python3.8/site-packages/airflow/example_dags/example_trigger_target_dag.py
[2025-01-29T23:38:18.896+0000] {logging_mixin.py:188} INFO - [2025-01-29T23:38:18.893+0000] {dag.py:3036} INFO - Sync 1 DAGs
[2025-01-29T23:38:18.974+0000] {logging_mixin.py:188} INFO - [2025-01-29T23:38:18.973+0000] {dag.py:3823} INFO - Setting next_dagrun for example_trigger_target_dag to None, run_after=None
[2025-01-29T23:38:19.166+0000] {processor.py:183} INFO - Processing /home/airflow/.local/lib/python3.8/site-packages/airflow/example_dags/example_trigger_target_dag.py took 0.504 seconds
[2025-01-29T23:38:49.762+0000] {processor.py:161} INFO - Started process (PID=753) to work on /home/airflow/.local/lib/python3.8/site-packages/airflow/example_dags/example_trigger_target_dag.py
[2025-01-29T23:38:49.764+0000] {processor.py:830} INFO - Processing file /home/airflow/.local/lib/python3.8/site-packages/airflow/example_dags/example_trigger_target_dag.py for tasks to queue
[2025-01-29T23:38:49.769+0000] {logging_mixin.py:188} INFO - [2025-01-29T23:38:49.769+0000] {dagbag.py:538} INFO - Filling up the DagBag from /home/airflow/.local/lib/python3.8/site-packages/airflow/example_dags/example_trigger_target_dag.py
[2025-01-29T23:38:49.798+0000] {processor.py:840} INFO - DAG(s) 'example_trigger_target_dag' retrieved from /home/airflow/.local/lib/python3.8/site-packages/airflow/example_dags/example_trigger_target_dag.py
[2025-01-29T23:38:49.892+0000] {logging_mixin.py:188} INFO - [2025-01-29T23:38:49.892+0000] {dag.py:3036} INFO - Sync 1 DAGs
[2025-01-29T23:38:49.989+0000] {logging_mixin.py:188} INFO - [2025-01-29T23:38:49.988+0000] {dag.py:3823} INFO - Setting next_dagrun for example_trigger_target_dag to None, run_after=None
[2025-01-29T23:38:50.091+0000] {processor.py:183} INFO - Processing /home/airflow/.local/lib/python3.8/site-packages/airflow/example_dags/example_trigger_target_dag.py took 0.339 seconds
[2025-01-29T23:39:20.603+0000] {processor.py:161} INFO - Started process (PID=807) to work on /home/airflow/.local/lib/python3.8/site-packages/airflow/example_dags/example_trigger_target_dag.py
[2025-01-29T23:39:20.606+0000] {processor.py:830} INFO - Processing file /home/airflow/.local/lib/python3.8/site-packages/airflow/example_dags/example_trigger_target_dag.py for tasks to queue
[2025-01-29T23:39:20.611+0000] {logging_mixin.py:188} INFO - [2025-01-29T23:39:20.610+0000] {dagbag.py:538} INFO - Filling up the DagBag from /home/airflow/.local/lib/python3.8/site-packages/airflow/example_dags/example_trigger_target_dag.py
[2025-01-29T23:39:20.633+0000] {processor.py:840} INFO - DAG(s) 'example_trigger_target_dag' retrieved from /home/airflow/.local/lib/python3.8/site-packages/airflow/example_dags/example_trigger_target_dag.py
[2025-01-29T23:39:20.690+0000] {logging_mixin.py:188} INFO - [2025-01-29T23:39:20.689+0000] {dag.py:3036} INFO - Sync 1 DAGs
[2025-01-29T23:39:20.749+0000] {logging_mixin.py:188} INFO - [2025-01-29T23:39:20.748+0000] {dag.py:3823} INFO - Setting next_dagrun for example_trigger_target_dag to None, run_after=None
[2025-01-29T23:39:20.925+0000] {processor.py:183} INFO - Processing /home/airflow/.local/lib/python3.8/site-packages/airflow/example_dags/example_trigger_target_dag.py took 0.339 seconds
[2025-01-29T23:39:54.440+0000] {processor.py:161} INFO - Started process (PID=877) to work on /home/airflow/.local/lib/python3.8/site-packages/airflow/example_dags/example_trigger_target_dag.py
[2025-01-29T23:39:54.448+0000] {processor.py:830} INFO - Processing file /home/airflow/.local/lib/python3.8/site-packages/airflow/example_dags/example_trigger_target_dag.py for tasks to queue
[2025-01-29T23:39:54.455+0000] {logging_mixin.py:188} INFO - [2025-01-29T23:39:54.454+0000] {dagbag.py:538} INFO - Filling up the DagBag from /home/airflow/.local/lib/python3.8/site-packages/airflow/example_dags/example_trigger_target_dag.py
[2025-01-29T23:39:54.477+0000] {processor.py:840} INFO - DAG(s) 'example_trigger_target_dag' retrieved from /home/airflow/.local/lib/python3.8/site-packages/airflow/example_dags/example_trigger_target_dag.py
[2025-01-29T23:39:54.583+0000] {logging_mixin.py:188} INFO - [2025-01-29T23:39:54.582+0000] {dag.py:3036} INFO - Sync 1 DAGs
[2025-01-29T23:39:54.673+0000] {logging_mixin.py:188} INFO - [2025-01-29T23:39:54.672+0000] {dag.py:3823} INFO - Setting next_dagrun for example_trigger_target_dag to None, run_after=None
[2025-01-29T23:39:54.865+0000] {processor.py:183} INFO - Processing /home/airflow/.local/lib/python3.8/site-packages/airflow/example_dags/example_trigger_target_dag.py took 0.433 seconds
[2025-01-29T23:40:25.084+0000] {processor.py:161} INFO - Started process (PID=933) to work on /home/airflow/.local/lib/python3.8/site-packages/airflow/example_dags/example_trigger_target_dag.py
[2025-01-29T23:40:25.086+0000] {processor.py:830} INFO - Processing file /home/airflow/.local/lib/python3.8/site-packages/airflow/example_dags/example_trigger_target_dag.py for tasks to queue
[2025-01-29T23:40:25.101+0000] {logging_mixin.py:188} INFO - [2025-01-29T23:40:25.100+0000] {dagbag.py:538} INFO - Filling up the DagBag from /home/airflow/.local/lib/python3.8/site-packages/airflow/example_dags/example_trigger_target_dag.py
[2025-01-29T23:40:25.135+0000] {processor.py:840} INFO - DAG(s) 'example_trigger_target_dag' retrieved from /home/airflow/.local/lib/python3.8/site-packages/airflow/example_dags/example_trigger_target_dag.py
[2025-01-29T23:40:25.242+0000] {logging_mixin.py:188} INFO - [2025-01-29T23:40:25.241+0000] {dag.py:3036} INFO - Sync 1 DAGs
[2025-01-29T23:40:25.395+0000] {logging_mixin.py:188} INFO - [2025-01-29T23:40:25.395+0000] {dag.py:3823} INFO - Setting next_dagrun for example_trigger_target_dag to None, run_after=None
[2025-01-29T23:40:25.571+0000] {processor.py:183} INFO - Processing /home/airflow/.local/lib/python3.8/site-packages/airflow/example_dags/example_trigger_target_dag.py took 0.516 seconds
[2025-01-29T23:40:55.893+0000] {processor.py:161} INFO - Started process (PID=987) to work on /home/airflow/.local/lib/python3.8/site-packages/airflow/example_dags/example_trigger_target_dag.py
[2025-01-29T23:40:55.919+0000] {processor.py:830} INFO - Processing file /home/airflow/.local/lib/python3.8/site-packages/airflow/example_dags/example_trigger_target_dag.py for tasks to queue
[2025-01-29T23:40:55.929+0000] {logging_mixin.py:188} INFO - [2025-01-29T23:40:55.927+0000] {dagbag.py:538} INFO - Filling up the DagBag from /home/airflow/.local/lib/python3.8/site-packages/airflow/example_dags/example_trigger_target_dag.py
[2025-01-29T23:40:55.951+0000] {processor.py:840} INFO - DAG(s) 'example_trigger_target_dag' retrieved from /home/airflow/.local/lib/python3.8/site-packages/airflow/example_dags/example_trigger_target_dag.py
[2025-01-29T23:40:56.060+0000] {logging_mixin.py:188} INFO - [2025-01-29T23:40:56.059+0000] {dag.py:3036} INFO - Sync 1 DAGs
[2025-01-29T23:40:56.154+0000] {logging_mixin.py:188} INFO - [2025-01-29T23:40:56.153+0000] {dag.py:3823} INFO - Setting next_dagrun for example_trigger_target_dag to None, run_after=None
[2025-01-29T23:40:56.295+0000] {processor.py:183} INFO - Processing /home/airflow/.local/lib/python3.8/site-packages/airflow/example_dags/example_trigger_target_dag.py took 0.420 seconds
[2025-01-29T23:41:26.433+0000] {processor.py:161} INFO - Started process (PID=1044) to work on /home/airflow/.local/lib/python3.8/site-packages/airflow/example_dags/example_trigger_target_dag.py
[2025-01-29T23:41:26.436+0000] {processor.py:830} INFO - Processing file /home/airflow/.local/lib/python3.8/site-packages/airflow/example_dags/example_trigger_target_dag.py for tasks to queue
[2025-01-29T23:41:26.442+0000] {logging_mixin.py:188} INFO - [2025-01-29T23:41:26.441+0000] {dagbag.py:538} INFO - Filling up the DagBag from /home/airflow/.local/lib/python3.8/site-packages/airflow/example_dags/example_trigger_target_dag.py
[2025-01-29T23:41:26.460+0000] {processor.py:840} INFO - DAG(s) 'example_trigger_target_dag' retrieved from /home/airflow/.local/lib/python3.8/site-packages/airflow/example_dags/example_trigger_target_dag.py
[2025-01-29T23:41:26.515+0000] {logging_mixin.py:188} INFO - [2025-01-29T23:41:26.514+0000] {dag.py:3036} INFO - Sync 1 DAGs
[2025-01-29T23:41:26.549+0000] {logging_mixin.py:188} INFO - [2025-01-29T23:41:26.549+0000] {dag.py:3823} INFO - Setting next_dagrun for example_trigger_target_dag to None, run_after=None
[2025-01-29T23:41:26.628+0000] {processor.py:183} INFO - Processing /home/airflow/.local/lib/python3.8/site-packages/airflow/example_dags/example_trigger_target_dag.py took 0.206 seconds
[2025-01-29T23:41:57.445+0000] {processor.py:161} INFO - Started process (PID=1099) to work on /home/airflow/.local/lib/python3.8/site-packages/airflow/example_dags/example_trigger_target_dag.py
[2025-01-29T23:41:57.459+0000] {processor.py:830} INFO - Processing file /home/airflow/.local/lib/python3.8/site-packages/airflow/example_dags/example_trigger_target_dag.py for tasks to queue
[2025-01-29T23:41:57.474+0000] {logging_mixin.py:188} INFO - [2025-01-29T23:41:57.473+0000] {dagbag.py:538} INFO - Filling up the DagBag from /home/airflow/.local/lib/python3.8/site-packages/airflow/example_dags/example_trigger_target_dag.py
[2025-01-29T23:41:57.524+0000] {processor.py:840} INFO - DAG(s) 'example_trigger_target_dag' retrieved from /home/airflow/.local/lib/python3.8/site-packages/airflow/example_dags/example_trigger_target_dag.py
[2025-01-29T23:41:57.645+0000] {logging_mixin.py:188} INFO - [2025-01-29T23:41:57.644+0000] {dag.py:3036} INFO - Sync 1 DAGs
[2025-01-29T23:41:57.720+0000] {logging_mixin.py:188} INFO - [2025-01-29T23:41:57.719+0000] {dag.py:3823} INFO - Setting next_dagrun for example_trigger_target_dag to None, run_after=None
[2025-01-29T23:41:57.836+0000] {processor.py:183} INFO - Processing /home/airflow/.local/lib/python3.8/site-packages/airflow/example_dags/example_trigger_target_dag.py took 0.418 seconds
[2025-01-29T23:42:28.326+0000] {processor.py:161} INFO - Started process (PID=1153) to work on /home/airflow/.local/lib/python3.8/site-packages/airflow/example_dags/example_trigger_target_dag.py
[2025-01-29T23:42:28.343+0000] {processor.py:830} INFO - Processing file /home/airflow/.local/lib/python3.8/site-packages/airflow/example_dags/example_trigger_target_dag.py for tasks to queue
[2025-01-29T23:42:28.398+0000] {logging_mixin.py:188} INFO - [2025-01-29T23:42:28.397+0000] {dagbag.py:538} INFO - Filling up the DagBag from /home/airflow/.local/lib/python3.8/site-packages/airflow/example_dags/example_trigger_target_dag.py
[2025-01-29T23:42:28.472+0000] {processor.py:840} INFO - DAG(s) 'example_trigger_target_dag' retrieved from /home/airflow/.local/lib/python3.8/site-packages/airflow/example_dags/example_trigger_target_dag.py
[2025-01-29T23:42:28.698+0000] {logging_mixin.py:188} INFO - [2025-01-29T23:42:28.697+0000] {dag.py:3036} INFO - Sync 1 DAGs
[2025-01-29T23:42:28.895+0000] {logging_mixin.py:188} INFO - [2025-01-29T23:42:28.884+0000] {dag.py:3823} INFO - Setting next_dagrun for example_trigger_target_dag to None, run_after=None
[2025-01-29T23:42:29.419+0000] {processor.py:183} INFO - Processing /home/airflow/.local/lib/python3.8/site-packages/airflow/example_dags/example_trigger_target_dag.py took 1.112 seconds
[2025-01-29T23:43:00.171+0000] {processor.py:161} INFO - Started process (PID=1210) to work on /home/airflow/.local/lib/python3.8/site-packages/airflow/example_dags/example_trigger_target_dag.py
[2025-01-29T23:43:00.183+0000] {processor.py:830} INFO - Processing file /home/airflow/.local/lib/python3.8/site-packages/airflow/example_dags/example_trigger_target_dag.py for tasks to queue
[2025-01-29T23:43:00.203+0000] {logging_mixin.py:188} INFO - [2025-01-29T23:43:00.202+0000] {dagbag.py:538} INFO - Filling up the DagBag from /home/airflow/.local/lib/python3.8/site-packages/airflow/example_dags/example_trigger_target_dag.py
[2025-01-29T23:43:00.244+0000] {processor.py:840} INFO - DAG(s) 'example_trigger_target_dag' retrieved from /home/airflow/.local/lib/python3.8/site-packages/airflow/example_dags/example_trigger_target_dag.py
[2025-01-29T23:43:00.382+0000] {logging_mixin.py:188} INFO - [2025-01-29T23:43:00.381+0000] {dag.py:3036} INFO - Sync 1 DAGs
[2025-01-29T23:43:00.493+0000] {logging_mixin.py:188} INFO - [2025-01-29T23:43:00.492+0000] {dag.py:3823} INFO - Setting next_dagrun for example_trigger_target_dag to None, run_after=None
[2025-01-29T23:43:00.640+0000] {processor.py:183} INFO - Processing /home/airflow/.local/lib/python3.8/site-packages/airflow/example_dags/example_trigger_target_dag.py took 0.486 seconds
[2025-01-29T23:43:31.474+0000] {processor.py:161} INFO - Started process (PID=1265) to work on /home/airflow/.local/lib/python3.8/site-packages/airflow/example_dags/example_trigger_target_dag.py
[2025-01-29T23:43:31.478+0000] {processor.py:830} INFO - Processing file /home/airflow/.local/lib/python3.8/site-packages/airflow/example_dags/example_trigger_target_dag.py for tasks to queue
[2025-01-29T23:43:31.490+0000] {logging_mixin.py:188} INFO - [2025-01-29T23:43:31.488+0000] {dagbag.py:538} INFO - Filling up the DagBag from /home/airflow/.local/lib/python3.8/site-packages/airflow/example_dags/example_trigger_target_dag.py
[2025-01-29T23:43:31.513+0000] {processor.py:840} INFO - DAG(s) 'example_trigger_target_dag' retrieved from /home/airflow/.local/lib/python3.8/site-packages/airflow/example_dags/example_trigger_target_dag.py
[2025-01-29T23:43:31.597+0000] {logging_mixin.py:188} INFO - [2025-01-29T23:43:31.589+0000] {dag.py:3036} INFO - Sync 1 DAGs
[2025-01-29T23:43:31.656+0000] {logging_mixin.py:188} INFO - [2025-01-29T23:43:31.649+0000] {dag.py:3823} INFO - Setting next_dagrun for example_trigger_target_dag to None, run_after=None
[2025-01-29T23:43:31.751+0000] {processor.py:183} INFO - Processing /home/airflow/.local/lib/python3.8/site-packages/airflow/example_dags/example_trigger_target_dag.py took 0.291 seconds
[2025-01-29T23:44:02.356+0000] {processor.py:161} INFO - Started process (PID=1321) to work on /home/airflow/.local/lib/python3.8/site-packages/airflow/example_dags/example_trigger_target_dag.py
[2025-01-29T23:44:02.379+0000] {processor.py:830} INFO - Processing file /home/airflow/.local/lib/python3.8/site-packages/airflow/example_dags/example_trigger_target_dag.py for tasks to queue
[2025-01-29T23:44:02.385+0000] {logging_mixin.py:188} INFO - [2025-01-29T23:44:02.384+0000] {dagbag.py:538} INFO - Filling up the DagBag from /home/airflow/.local/lib/python3.8/site-packages/airflow/example_dags/example_trigger_target_dag.py
[2025-01-29T23:44:02.414+0000] {processor.py:840} INFO - DAG(s) 'example_trigger_target_dag' retrieved from /home/airflow/.local/lib/python3.8/site-packages/airflow/example_dags/example_trigger_target_dag.py
[2025-01-29T23:44:02.519+0000] {logging_mixin.py:188} INFO - [2025-01-29T23:44:02.519+0000] {dag.py:3036} INFO - Sync 1 DAGs
[2025-01-29T23:44:02.603+0000] {logging_mixin.py:188} INFO - [2025-01-29T23:44:02.603+0000] {dag.py:3823} INFO - Setting next_dagrun for example_trigger_target_dag to None, run_after=None
[2025-01-29T23:44:02.778+0000] {processor.py:183} INFO - Processing /home/airflow/.local/lib/python3.8/site-packages/airflow/example_dags/example_trigger_target_dag.py took 0.431 seconds
[2025-01-29T23:44:33.038+0000] {processor.py:161} INFO - Started process (PID=1376) to work on /home/airflow/.local/lib/python3.8/site-packages/airflow/example_dags/example_trigger_target_dag.py
[2025-01-29T23:44:33.084+0000] {processor.py:830} INFO - Processing file /home/airflow/.local/lib/python3.8/site-packages/airflow/example_dags/example_trigger_target_dag.py for tasks to queue
[2025-01-29T23:44:33.117+0000] {logging_mixin.py:188} INFO - [2025-01-29T23:44:33.117+0000] {dagbag.py:538} INFO - Filling up the DagBag from /home/airflow/.local/lib/python3.8/site-packages/airflow/example_dags/example_trigger_target_dag.py
[2025-01-29T23:44:33.152+0000] {processor.py:840} INFO - DAG(s) 'example_trigger_target_dag' retrieved from /home/airflow/.local/lib/python3.8/site-packages/airflow/example_dags/example_trigger_target_dag.py
[2025-01-29T23:44:33.265+0000] {logging_mixin.py:188} INFO - [2025-01-29T23:44:33.264+0000] {dag.py:3036} INFO - Sync 1 DAGs
[2025-01-29T23:44:33.356+0000] {logging_mixin.py:188} INFO - [2025-01-29T23:44:33.356+0000] {dag.py:3823} INFO - Setting next_dagrun for example_trigger_target_dag to None, run_after=None
[2025-01-29T23:44:33.496+0000] {processor.py:183} INFO - Processing /home/airflow/.local/lib/python3.8/site-packages/airflow/example_dags/example_trigger_target_dag.py took 0.469 seconds
[2025-01-29T23:45:03.757+0000] {processor.py:161} INFO - Started process (PID=1430) to work on /home/airflow/.local/lib/python3.8/site-packages/airflow/example_dags/example_trigger_target_dag.py
[2025-01-29T23:45:03.761+0000] {processor.py:830} INFO - Processing file /home/airflow/.local/lib/python3.8/site-packages/airflow/example_dags/example_trigger_target_dag.py for tasks to queue
[2025-01-29T23:45:03.767+0000] {logging_mixin.py:188} INFO - [2025-01-29T23:45:03.766+0000] {dagbag.py:538} INFO - Filling up the DagBag from /home/airflow/.local/lib/python3.8/site-packages/airflow/example_dags/example_trigger_target_dag.py
[2025-01-29T23:45:03.783+0000] {processor.py:840} INFO - DAG(s) 'example_trigger_target_dag' retrieved from /home/airflow/.local/lib/python3.8/site-packages/airflow/example_dags/example_trigger_target_dag.py
[2025-01-29T23:45:03.852+0000] {logging_mixin.py:188} INFO - [2025-01-29T23:45:03.851+0000] {dag.py:3036} INFO - Sync 1 DAGs
[2025-01-29T23:45:03.895+0000] {logging_mixin.py:188} INFO - [2025-01-29T23:45:03.894+0000] {dag.py:3823} INFO - Setting next_dagrun for example_trigger_target_dag to None, run_after=None
[2025-01-29T23:45:03.962+0000] {processor.py:183} INFO - Processing /home/airflow/.local/lib/python3.8/site-packages/airflow/example_dags/example_trigger_target_dag.py took 0.222 seconds
[2025-01-29T23:45:36.083+0000] {processor.py:161} INFO - Started process (PID=1483) to work on /home/airflow/.local/lib/python3.8/site-packages/airflow/example_dags/example_trigger_target_dag.py
[2025-01-29T23:45:36.095+0000] {processor.py:830} INFO - Processing file /home/airflow/.local/lib/python3.8/site-packages/airflow/example_dags/example_trigger_target_dag.py for tasks to queue
[2025-01-29T23:45:36.100+0000] {logging_mixin.py:188} INFO - [2025-01-29T23:45:36.099+0000] {dagbag.py:538} INFO - Filling up the DagBag from /home/airflow/.local/lib/python3.8/site-packages/airflow/example_dags/example_trigger_target_dag.py
[2025-01-29T23:45:36.116+0000] {processor.py:840} INFO - DAG(s) 'example_trigger_target_dag' retrieved from /home/airflow/.local/lib/python3.8/site-packages/airflow/example_dags/example_trigger_target_dag.py
[2025-01-29T23:45:36.189+0000] {logging_mixin.py:188} INFO - [2025-01-29T23:45:36.188+0000] {dag.py:3036} INFO - Sync 1 DAGs
[2025-01-29T23:45:36.255+0000] {logging_mixin.py:188} INFO - [2025-01-29T23:45:36.254+0000] {dag.py:3823} INFO - Setting next_dagrun for example_trigger_target_dag to None, run_after=None
[2025-01-29T23:45:36.349+0000] {processor.py:183} INFO - Processing /home/airflow/.local/lib/python3.8/site-packages/airflow/example_dags/example_trigger_target_dag.py took 0.274 seconds
[2025-01-29T23:46:06.486+0000] {processor.py:161} INFO - Started process (PID=1539) to work on /home/airflow/.local/lib/python3.8/site-packages/airflow/example_dags/example_trigger_target_dag.py
[2025-01-29T23:46:06.488+0000] {processor.py:830} INFO - Processing file /home/airflow/.local/lib/python3.8/site-packages/airflow/example_dags/example_trigger_target_dag.py for tasks to queue
[2025-01-29T23:46:06.495+0000] {logging_mixin.py:188} INFO - [2025-01-29T23:46:06.494+0000] {dagbag.py:538} INFO - Filling up the DagBag from /home/airflow/.local/lib/python3.8/site-packages/airflow/example_dags/example_trigger_target_dag.py
[2025-01-29T23:46:06.515+0000] {processor.py:840} INFO - DAG(s) 'example_trigger_target_dag' retrieved from /home/airflow/.local/lib/python3.8/site-packages/airflow/example_dags/example_trigger_target_dag.py
[2025-01-29T23:46:06.573+0000] {logging_mixin.py:188} INFO - [2025-01-29T23:46:06.572+0000] {dag.py:3036} INFO - Sync 1 DAGs
[2025-01-29T23:46:06.608+0000] {logging_mixin.py:188} INFO - [2025-01-29T23:46:06.607+0000] {dag.py:3823} INFO - Setting next_dagrun for example_trigger_target_dag to None, run_after=None
[2025-01-29T23:46:06.667+0000] {processor.py:183} INFO - Processing /home/airflow/.local/lib/python3.8/site-packages/airflow/example_dags/example_trigger_target_dag.py took 0.190 seconds
[2025-01-29T23:46:40.126+0000] {processor.py:161} INFO - Started process (PID=1591) to work on /home/airflow/.local/lib/python3.8/site-packages/airflow/example_dags/example_trigger_target_dag.py
[2025-01-29T23:46:40.179+0000] {processor.py:830} INFO - Processing file /home/airflow/.local/lib/python3.8/site-packages/airflow/example_dags/example_trigger_target_dag.py for tasks to queue
[2025-01-29T23:46:40.231+0000] {logging_mixin.py:188} INFO - [2025-01-29T23:46:40.229+0000] {dagbag.py:538} INFO - Filling up the DagBag from /home/airflow/.local/lib/python3.8/site-packages/airflow/example_dags/example_trigger_target_dag.py
[2025-01-29T23:46:40.269+0000] {processor.py:840} INFO - DAG(s) 'example_trigger_target_dag' retrieved from /home/airflow/.local/lib/python3.8/site-packages/airflow/example_dags/example_trigger_target_dag.py
[2025-01-29T23:46:40.485+0000] {logging_mixin.py:188} INFO - [2025-01-29T23:46:40.485+0000] {dag.py:3036} INFO - Sync 1 DAGs
[2025-01-29T23:46:40.662+0000] {logging_mixin.py:188} INFO - [2025-01-29T23:46:40.661+0000] {dag.py:3823} INFO - Setting next_dagrun for example_trigger_target_dag to None, run_after=None
[2025-01-29T23:46:40.922+0000] {processor.py:183} INFO - Processing /home/airflow/.local/lib/python3.8/site-packages/airflow/example_dags/example_trigger_target_dag.py took 0.819 seconds
[2025-01-29T23:47:12.580+0000] {processor.py:161} INFO - Started process (PID=1646) to work on /home/airflow/.local/lib/python3.8/site-packages/airflow/example_dags/example_trigger_target_dag.py
[2025-01-29T23:47:12.593+0000] {processor.py:830} INFO - Processing file /home/airflow/.local/lib/python3.8/site-packages/airflow/example_dags/example_trigger_target_dag.py for tasks to queue
[2025-01-29T23:47:12.597+0000] {logging_mixin.py:188} INFO - [2025-01-29T23:47:12.597+0000] {dagbag.py:538} INFO - Filling up the DagBag from /home/airflow/.local/lib/python3.8/site-packages/airflow/example_dags/example_trigger_target_dag.py
[2025-01-29T23:47:12.642+0000] {processor.py:840} INFO - DAG(s) 'example_trigger_target_dag' retrieved from /home/airflow/.local/lib/python3.8/site-packages/airflow/example_dags/example_trigger_target_dag.py
[2025-01-29T23:47:12.745+0000] {logging_mixin.py:188} INFO - [2025-01-29T23:47:12.744+0000] {dag.py:3036} INFO - Sync 1 DAGs
[2025-01-29T23:47:12.816+0000] {logging_mixin.py:188} INFO - [2025-01-29T23:47:12.816+0000] {dag.py:3823} INFO - Setting next_dagrun for example_trigger_target_dag to None, run_after=None
[2025-01-29T23:47:12.960+0000] {processor.py:183} INFO - Processing /home/airflow/.local/lib/python3.8/site-packages/airflow/example_dags/example_trigger_target_dag.py took 0.400 seconds
[2025-01-29T23:47:43.141+0000] {processor.py:161} INFO - Started process (PID=1700) to work on /home/airflow/.local/lib/python3.8/site-packages/airflow/example_dags/example_trigger_target_dag.py
[2025-01-29T23:47:43.142+0000] {processor.py:830} INFO - Processing file /home/airflow/.local/lib/python3.8/site-packages/airflow/example_dags/example_trigger_target_dag.py for tasks to queue
[2025-01-29T23:47:43.146+0000] {logging_mixin.py:188} INFO - [2025-01-29T23:47:43.145+0000] {dagbag.py:538} INFO - Filling up the DagBag from /home/airflow/.local/lib/python3.8/site-packages/airflow/example_dags/example_trigger_target_dag.py
[2025-01-29T23:47:43.161+0000] {processor.py:840} INFO - DAG(s) 'example_trigger_target_dag' retrieved from /home/airflow/.local/lib/python3.8/site-packages/airflow/example_dags/example_trigger_target_dag.py
[2025-01-29T23:47:43.226+0000] {logging_mixin.py:188} INFO - [2025-01-29T23:47:43.225+0000] {dag.py:3036} INFO - Sync 1 DAGs
[2025-01-29T23:47:43.263+0000] {logging_mixin.py:188} INFO - [2025-01-29T23:47:43.263+0000] {dag.py:3823} INFO - Setting next_dagrun for example_trigger_target_dag to None, run_after=None
[2025-01-29T23:47:43.312+0000] {processor.py:183} INFO - Processing /home/airflow/.local/lib/python3.8/site-packages/airflow/example_dags/example_trigger_target_dag.py took 0.177 seconds
[2025-01-29T23:48:13.967+0000] {processor.py:161} INFO - Started process (PID=1756) to work on /home/airflow/.local/lib/python3.8/site-packages/airflow/example_dags/example_trigger_target_dag.py
[2025-01-29T23:48:13.970+0000] {processor.py:830} INFO - Processing file /home/airflow/.local/lib/python3.8/site-packages/airflow/example_dags/example_trigger_target_dag.py for tasks to queue
[2025-01-29T23:48:13.987+0000] {logging_mixin.py:188} INFO - [2025-01-29T23:48:13.986+0000] {dagbag.py:538} INFO - Filling up the DagBag from /home/airflow/.local/lib/python3.8/site-packages/airflow/example_dags/example_trigger_target_dag.py
[2025-01-29T23:48:14.037+0000] {processor.py:840} INFO - DAG(s) 'example_trigger_target_dag' retrieved from /home/airflow/.local/lib/python3.8/site-packages/airflow/example_dags/example_trigger_target_dag.py
[2025-01-29T23:48:14.308+0000] {logging_mixin.py:188} INFO - [2025-01-29T23:48:14.307+0000] {dag.py:3036} INFO - Sync 1 DAGs
[2025-01-29T23:48:14.444+0000] {logging_mixin.py:188} INFO - [2025-01-29T23:48:14.433+0000] {dag.py:3823} INFO - Setting next_dagrun for example_trigger_target_dag to None, run_after=None
[2025-01-29T23:48:14.615+0000] {processor.py:183} INFO - Processing /home/airflow/.local/lib/python3.8/site-packages/airflow/example_dags/example_trigger_target_dag.py took 0.692 seconds
[2025-01-29T23:48:45.313+0000] {processor.py:161} INFO - Started process (PID=1812) to work on /home/airflow/.local/lib/python3.8/site-packages/airflow/example_dags/example_trigger_target_dag.py
[2025-01-29T23:48:45.315+0000] {processor.py:830} INFO - Processing file /home/airflow/.local/lib/python3.8/site-packages/airflow/example_dags/example_trigger_target_dag.py for tasks to queue
[2025-01-29T23:48:45.317+0000] {logging_mixin.py:188} INFO - [2025-01-29T23:48:45.316+0000] {dagbag.py:538} INFO - Filling up the DagBag from /home/airflow/.local/lib/python3.8/site-packages/airflow/example_dags/example_trigger_target_dag.py
[2025-01-29T23:48:45.327+0000] {processor.py:840} INFO - DAG(s) 'example_trigger_target_dag' retrieved from /home/airflow/.local/lib/python3.8/site-packages/airflow/example_dags/example_trigger_target_dag.py
[2025-01-29T23:48:45.365+0000] {logging_mixin.py:188} INFO - [2025-01-29T23:48:45.365+0000] {dag.py:3036} INFO - Sync 1 DAGs
[2025-01-29T23:48:45.389+0000] {logging_mixin.py:188} INFO - [2025-01-29T23:48:45.388+0000] {dag.py:3823} INFO - Setting next_dagrun for example_trigger_target_dag to None, run_after=None
[2025-01-29T23:48:45.423+0000] {processor.py:183} INFO - Processing /home/airflow/.local/lib/python3.8/site-packages/airflow/example_dags/example_trigger_target_dag.py took 0.116 seconds
[2025-01-29T23:49:15.702+0000] {processor.py:161} INFO - Started process (PID=1868) to work on /home/airflow/.local/lib/python3.8/site-packages/airflow/example_dags/example_trigger_target_dag.py
[2025-01-29T23:49:15.703+0000] {processor.py:830} INFO - Processing file /home/airflow/.local/lib/python3.8/site-packages/airflow/example_dags/example_trigger_target_dag.py for tasks to queue
[2025-01-29T23:49:15.705+0000] {logging_mixin.py:188} INFO - [2025-01-29T23:49:15.705+0000] {dagbag.py:538} INFO - Filling up the DagBag from /home/airflow/.local/lib/python3.8/site-packages/airflow/example_dags/example_trigger_target_dag.py
[2025-01-29T23:49:15.711+0000] {processor.py:840} INFO - DAG(s) 'example_trigger_target_dag' retrieved from /home/airflow/.local/lib/python3.8/site-packages/airflow/example_dags/example_trigger_target_dag.py
[2025-01-29T23:49:15.738+0000] {logging_mixin.py:188} INFO - [2025-01-29T23:49:15.737+0000] {dag.py:3036} INFO - Sync 1 DAGs
[2025-01-29T23:49:15.752+0000] {logging_mixin.py:188} INFO - [2025-01-29T23:49:15.752+0000] {dag.py:3823} INFO - Setting next_dagrun for example_trigger_target_dag to None, run_after=None
[2025-01-29T23:49:15.782+0000] {processor.py:183} INFO - Processing /home/airflow/.local/lib/python3.8/site-packages/airflow/example_dags/example_trigger_target_dag.py took 0.084 seconds
[2025-01-29T23:49:46.026+0000] {processor.py:161} INFO - Started process (PID=1924) to work on /home/airflow/.local/lib/python3.8/site-packages/airflow/example_dags/example_trigger_target_dag.py
[2025-01-29T23:49:46.027+0000] {processor.py:830} INFO - Processing file /home/airflow/.local/lib/python3.8/site-packages/airflow/example_dags/example_trigger_target_dag.py for tasks to queue
[2025-01-29T23:49:46.029+0000] {logging_mixin.py:188} INFO - [2025-01-29T23:49:46.029+0000] {dagbag.py:538} INFO - Filling up the DagBag from /home/airflow/.local/lib/python3.8/site-packages/airflow/example_dags/example_trigger_target_dag.py
[2025-01-29T23:49:46.037+0000] {processor.py:840} INFO - DAG(s) 'example_trigger_target_dag' retrieved from /home/airflow/.local/lib/python3.8/site-packages/airflow/example_dags/example_trigger_target_dag.py
[2025-01-29T23:49:46.065+0000] {logging_mixin.py:188} INFO - [2025-01-29T23:49:46.065+0000] {dag.py:3036} INFO - Sync 1 DAGs
[2025-01-29T23:49:46.082+0000] {logging_mixin.py:188} INFO - [2025-01-29T23:49:46.081+0000] {dag.py:3823} INFO - Setting next_dagrun for example_trigger_target_dag to None, run_after=None
[2025-01-29T23:49:46.128+0000] {processor.py:183} INFO - Processing /home/airflow/.local/lib/python3.8/site-packages/airflow/example_dags/example_trigger_target_dag.py took 0.109 seconds
[2025-01-29T23:50:17.694+0000] {processor.py:161} INFO - Started process (PID=1980) to work on /home/airflow/.local/lib/python3.8/site-packages/airflow/example_dags/example_trigger_target_dag.py
[2025-01-29T23:50:17.708+0000] {processor.py:830} INFO - Processing file /home/airflow/.local/lib/python3.8/site-packages/airflow/example_dags/example_trigger_target_dag.py for tasks to queue
[2025-01-29T23:50:17.710+0000] {logging_mixin.py:188} INFO - [2025-01-29T23:50:17.710+0000] {dagbag.py:538} INFO - Filling up the DagBag from /home/airflow/.local/lib/python3.8/site-packages/airflow/example_dags/example_trigger_target_dag.py
[2025-01-29T23:50:17.756+0000] {processor.py:840} INFO - DAG(s) 'example_trigger_target_dag' retrieved from /home/airflow/.local/lib/python3.8/site-packages/airflow/example_dags/example_trigger_target_dag.py
[2025-01-29T23:50:17.861+0000] {logging_mixin.py:188} INFO - [2025-01-29T23:50:17.860+0000] {dag.py:3036} INFO - Sync 1 DAGs
[2025-01-29T23:50:17.964+0000] {logging_mixin.py:188} INFO - [2025-01-29T23:50:17.964+0000] {dag.py:3823} INFO - Setting next_dagrun for example_trigger_target_dag to None, run_after=None
[2025-01-29T23:50:18.089+0000] {processor.py:183} INFO - Processing /home/airflow/.local/lib/python3.8/site-packages/airflow/example_dags/example_trigger_target_dag.py took 0.414 seconds
[2025-01-29T23:50:48.448+0000] {processor.py:161} INFO - Started process (PID=2037) to work on /home/airflow/.local/lib/python3.8/site-packages/airflow/example_dags/example_trigger_target_dag.py
[2025-01-29T23:50:48.450+0000] {processor.py:830} INFO - Processing file /home/airflow/.local/lib/python3.8/site-packages/airflow/example_dags/example_trigger_target_dag.py for tasks to queue
[2025-01-29T23:50:48.463+0000] {logging_mixin.py:188} INFO - [2025-01-29T23:50:48.462+0000] {dagbag.py:538} INFO - Filling up the DagBag from /home/airflow/.local/lib/python3.8/site-packages/airflow/example_dags/example_trigger_target_dag.py
[2025-01-29T23:50:48.496+0000] {processor.py:840} INFO - DAG(s) 'example_trigger_target_dag' retrieved from /home/airflow/.local/lib/python3.8/site-packages/airflow/example_dags/example_trigger_target_dag.py
[2025-01-29T23:50:48.586+0000] {logging_mixin.py:188} INFO - [2025-01-29T23:50:48.585+0000] {dag.py:3036} INFO - Sync 1 DAGs
[2025-01-29T23:50:48.660+0000] {logging_mixin.py:188} INFO - [2025-01-29T23:50:48.659+0000] {dag.py:3823} INFO - Setting next_dagrun for example_trigger_target_dag to None, run_after=None
[2025-01-29T23:50:48.761+0000] {processor.py:183} INFO - Processing /home/airflow/.local/lib/python3.8/site-packages/airflow/example_dags/example_trigger_target_dag.py took 0.341 seconds
[2025-01-29T23:51:18.910+0000] {processor.py:161} INFO - Started process (PID=2092) to work on /home/airflow/.local/lib/python3.8/site-packages/airflow/example_dags/example_trigger_target_dag.py
[2025-01-29T23:51:18.912+0000] {processor.py:830} INFO - Processing file /home/airflow/.local/lib/python3.8/site-packages/airflow/example_dags/example_trigger_target_dag.py for tasks to queue
[2025-01-29T23:51:18.914+0000] {logging_mixin.py:188} INFO - [2025-01-29T23:51:18.913+0000] {dagbag.py:538} INFO - Filling up the DagBag from /home/airflow/.local/lib/python3.8/site-packages/airflow/example_dags/example_trigger_target_dag.py
[2025-01-29T23:51:18.926+0000] {processor.py:840} INFO - DAG(s) 'example_trigger_target_dag' retrieved from /home/airflow/.local/lib/python3.8/site-packages/airflow/example_dags/example_trigger_target_dag.py
[2025-01-29T23:51:18.958+0000] {logging_mixin.py:188} INFO - [2025-01-29T23:51:18.958+0000] {dag.py:3036} INFO - Sync 1 DAGs
[2025-01-29T23:51:18.980+0000] {logging_mixin.py:188} INFO - [2025-01-29T23:51:18.980+0000] {dag.py:3823} INFO - Setting next_dagrun for example_trigger_target_dag to None, run_after=None
[2025-01-29T23:51:19.016+0000] {processor.py:183} INFO - Processing /home/airflow/.local/lib/python3.8/site-packages/airflow/example_dags/example_trigger_target_dag.py took 0.110 seconds
[2025-01-29T23:51:50.123+0000] {processor.py:161} INFO - Started process (PID=2148) to work on /home/airflow/.local/lib/python3.8/site-packages/airflow/example_dags/example_trigger_target_dag.py
[2025-01-29T23:51:50.129+0000] {processor.py:830} INFO - Processing file /home/airflow/.local/lib/python3.8/site-packages/airflow/example_dags/example_trigger_target_dag.py for tasks to queue
[2025-01-29T23:51:50.132+0000] {logging_mixin.py:188} INFO - [2025-01-29T23:51:50.131+0000] {dagbag.py:538} INFO - Filling up the DagBag from /home/airflow/.local/lib/python3.8/site-packages/airflow/example_dags/example_trigger_target_dag.py
[2025-01-29T23:51:50.151+0000] {processor.py:840} INFO - DAG(s) 'example_trigger_target_dag' retrieved from /home/airflow/.local/lib/python3.8/site-packages/airflow/example_dags/example_trigger_target_dag.py
[2025-01-29T23:51:50.222+0000] {logging_mixin.py:188} INFO - [2025-01-29T23:51:50.222+0000] {dag.py:3036} INFO - Sync 1 DAGs
[2025-01-29T23:51:50.276+0000] {logging_mixin.py:188} INFO - [2025-01-29T23:51:50.275+0000] {dag.py:3823} INFO - Setting next_dagrun for example_trigger_target_dag to None, run_after=None
[2025-01-29T23:51:50.338+0000] {processor.py:183} INFO - Processing /home/airflow/.local/lib/python3.8/site-packages/airflow/example_dags/example_trigger_target_dag.py took 0.226 seconds
[2025-01-29T23:52:20.475+0000] {processor.py:161} INFO - Started process (PID=2205) to work on /home/airflow/.local/lib/python3.8/site-packages/airflow/example_dags/example_trigger_target_dag.py
[2025-01-29T23:52:20.477+0000] {processor.py:830} INFO - Processing file /home/airflow/.local/lib/python3.8/site-packages/airflow/example_dags/example_trigger_target_dag.py for tasks to queue
[2025-01-29T23:52:20.480+0000] {logging_mixin.py:188} INFO - [2025-01-29T23:52:20.479+0000] {dagbag.py:538} INFO - Filling up the DagBag from /home/airflow/.local/lib/python3.8/site-packages/airflow/example_dags/example_trigger_target_dag.py
[2025-01-29T23:52:20.495+0000] {processor.py:840} INFO - DAG(s) 'example_trigger_target_dag' retrieved from /home/airflow/.local/lib/python3.8/site-packages/airflow/example_dags/example_trigger_target_dag.py
[2025-01-29T23:52:20.541+0000] {logging_mixin.py:188} INFO - [2025-01-29T23:52:20.541+0000] {dag.py:3036} INFO - Sync 1 DAGs
[2025-01-29T23:52:20.586+0000] {logging_mixin.py:188} INFO - [2025-01-29T23:52:20.585+0000] {dag.py:3823} INFO - Setting next_dagrun for example_trigger_target_dag to None, run_after=None
[2025-01-29T23:52:20.678+0000] {processor.py:183} INFO - Processing /home/airflow/.local/lib/python3.8/site-packages/airflow/example_dags/example_trigger_target_dag.py took 0.210 seconds
[2025-01-29T23:52:51.463+0000] {processor.py:161} INFO - Started process (PID=2260) to work on /home/airflow/.local/lib/python3.8/site-packages/airflow/example_dags/example_trigger_target_dag.py
[2025-01-29T23:52:51.494+0000] {processor.py:830} INFO - Processing file /home/airflow/.local/lib/python3.8/site-packages/airflow/example_dags/example_trigger_target_dag.py for tasks to queue
[2025-01-29T23:52:51.504+0000] {logging_mixin.py:188} INFO - [2025-01-29T23:52:51.503+0000] {dagbag.py:538} INFO - Filling up the DagBag from /home/airflow/.local/lib/python3.8/site-packages/airflow/example_dags/example_trigger_target_dag.py
[2025-01-29T23:52:51.577+0000] {processor.py:840} INFO - DAG(s) 'example_trigger_target_dag' retrieved from /home/airflow/.local/lib/python3.8/site-packages/airflow/example_dags/example_trigger_target_dag.py
[2025-01-29T23:52:51.772+0000] {logging_mixin.py:188} INFO - [2025-01-29T23:52:51.771+0000] {dag.py:3036} INFO - Sync 1 DAGs
[2025-01-29T23:52:51.892+0000] {logging_mixin.py:188} INFO - [2025-01-29T23:52:51.892+0000] {dag.py:3823} INFO - Setting next_dagrun for example_trigger_target_dag to None, run_after=None
[2025-01-29T23:52:52.000+0000] {processor.py:183} INFO - Processing /home/airflow/.local/lib/python3.8/site-packages/airflow/example_dags/example_trigger_target_dag.py took 0.555 seconds
[2025-01-29T23:53:22.631+0000] {processor.py:161} INFO - Started process (PID=2316) to work on /home/airflow/.local/lib/python3.8/site-packages/airflow/example_dags/example_trigger_target_dag.py
[2025-01-29T23:53:22.633+0000] {processor.py:830} INFO - Processing file /home/airflow/.local/lib/python3.8/site-packages/airflow/example_dags/example_trigger_target_dag.py for tasks to queue
[2025-01-29T23:53:22.635+0000] {logging_mixin.py:188} INFO - [2025-01-29T23:53:22.634+0000] {dagbag.py:538} INFO - Filling up the DagBag from /home/airflow/.local/lib/python3.8/site-packages/airflow/example_dags/example_trigger_target_dag.py
[2025-01-29T23:53:22.650+0000] {processor.py:840} INFO - DAG(s) 'example_trigger_target_dag' retrieved from /home/airflow/.local/lib/python3.8/site-packages/airflow/example_dags/example_trigger_target_dag.py
[2025-01-29T23:53:22.697+0000] {logging_mixin.py:188} INFO - [2025-01-29T23:53:22.697+0000] {dag.py:3036} INFO - Sync 1 DAGs
[2025-01-29T23:53:22.737+0000] {logging_mixin.py:188} INFO - [2025-01-29T23:53:22.736+0000] {dag.py:3823} INFO - Setting next_dagrun for example_trigger_target_dag to None, run_after=None
[2025-01-29T23:53:22.841+0000] {processor.py:183} INFO - Processing /home/airflow/.local/lib/python3.8/site-packages/airflow/example_dags/example_trigger_target_dag.py took 0.215 seconds
[2025-01-29T23:53:53.475+0000] {processor.py:161} INFO - Started process (PID=2371) to work on /home/airflow/.local/lib/python3.8/site-packages/airflow/example_dags/example_trigger_target_dag.py
[2025-01-29T23:53:53.476+0000] {processor.py:830} INFO - Processing file /home/airflow/.local/lib/python3.8/site-packages/airflow/example_dags/example_trigger_target_dag.py for tasks to queue
[2025-01-29T23:53:53.479+0000] {logging_mixin.py:188} INFO - [2025-01-29T23:53:53.478+0000] {dagbag.py:538} INFO - Filling up the DagBag from /home/airflow/.local/lib/python3.8/site-packages/airflow/example_dags/example_trigger_target_dag.py
[2025-01-29T23:53:53.488+0000] {processor.py:840} INFO - DAG(s) 'example_trigger_target_dag' retrieved from /home/airflow/.local/lib/python3.8/site-packages/airflow/example_dags/example_trigger_target_dag.py
[2025-01-29T23:53:53.528+0000] {logging_mixin.py:188} INFO - [2025-01-29T23:53:53.527+0000] {dag.py:3036} INFO - Sync 1 DAGs
[2025-01-29T23:53:53.554+0000] {logging_mixin.py:188} INFO - [2025-01-29T23:53:53.553+0000] {dag.py:3823} INFO - Setting next_dagrun for example_trigger_target_dag to None, run_after=None
[2025-01-29T23:53:53.608+0000] {processor.py:183} INFO - Processing /home/airflow/.local/lib/python3.8/site-packages/airflow/example_dags/example_trigger_target_dag.py took 0.140 seconds
[2025-01-29T23:54:24.517+0000] {processor.py:161} INFO - Started process (PID=2427) to work on /home/airflow/.local/lib/python3.8/site-packages/airflow/example_dags/example_trigger_target_dag.py
[2025-01-29T23:54:24.518+0000] {processor.py:830} INFO - Processing file /home/airflow/.local/lib/python3.8/site-packages/airflow/example_dags/example_trigger_target_dag.py for tasks to queue
[2025-01-29T23:54:24.521+0000] {logging_mixin.py:188} INFO - [2025-01-29T23:54:24.520+0000] {dagbag.py:538} INFO - Filling up the DagBag from /home/airflow/.local/lib/python3.8/site-packages/airflow/example_dags/example_trigger_target_dag.py
[2025-01-29T23:54:24.537+0000] {processor.py:840} INFO - DAG(s) 'example_trigger_target_dag' retrieved from /home/airflow/.local/lib/python3.8/site-packages/airflow/example_dags/example_trigger_target_dag.py
[2025-01-29T23:54:24.582+0000] {logging_mixin.py:188} INFO - [2025-01-29T23:54:24.582+0000] {dag.py:3036} INFO - Sync 1 DAGs
[2025-01-29T23:54:24.616+0000] {logging_mixin.py:188} INFO - [2025-01-29T23:54:24.615+0000] {dag.py:3823} INFO - Setting next_dagrun for example_trigger_target_dag to None, run_after=None
[2025-01-29T23:54:24.665+0000] {processor.py:183} INFO - Processing /home/airflow/.local/lib/python3.8/site-packages/airflow/example_dags/example_trigger_target_dag.py took 0.154 seconds
[2025-01-29T23:54:55.480+0000] {processor.py:161} INFO - Started process (PID=2483) to work on /home/airflow/.local/lib/python3.8/site-packages/airflow/example_dags/example_trigger_target_dag.py
[2025-01-29T23:54:55.483+0000] {processor.py:830} INFO - Processing file /home/airflow/.local/lib/python3.8/site-packages/airflow/example_dags/example_trigger_target_dag.py for tasks to queue
[2025-01-29T23:54:55.487+0000] {logging_mixin.py:188} INFO - [2025-01-29T23:54:55.485+0000] {dagbag.py:538} INFO - Filling up the DagBag from /home/airflow/.local/lib/python3.8/site-packages/airflow/example_dags/example_trigger_target_dag.py
[2025-01-29T23:54:55.501+0000] {processor.py:840} INFO - DAG(s) 'example_trigger_target_dag' retrieved from /home/airflow/.local/lib/python3.8/site-packages/airflow/example_dags/example_trigger_target_dag.py
[2025-01-29T23:54:55.551+0000] {logging_mixin.py:188} INFO - [2025-01-29T23:54:55.551+0000] {dag.py:3036} INFO - Sync 1 DAGs
[2025-01-29T23:54:55.585+0000] {logging_mixin.py:188} INFO - [2025-01-29T23:54:55.584+0000] {dag.py:3823} INFO - Setting next_dagrun for example_trigger_target_dag to None, run_after=None
[2025-01-29T23:54:55.644+0000] {processor.py:183} INFO - Processing /home/airflow/.local/lib/python3.8/site-packages/airflow/example_dags/example_trigger_target_dag.py took 0.172 seconds
[2025-01-29T23:55:25.760+0000] {processor.py:161} INFO - Started process (PID=2537) to work on /home/airflow/.local/lib/python3.8/site-packages/airflow/example_dags/example_trigger_target_dag.py
[2025-01-29T23:55:25.763+0000] {processor.py:830} INFO - Processing file /home/airflow/.local/lib/python3.8/site-packages/airflow/example_dags/example_trigger_target_dag.py for tasks to queue
[2025-01-29T23:55:25.765+0000] {logging_mixin.py:188} INFO - [2025-01-29T23:55:25.765+0000] {dagbag.py:538} INFO - Filling up the DagBag from /home/airflow/.local/lib/python3.8/site-packages/airflow/example_dags/example_trigger_target_dag.py
[2025-01-29T23:55:25.784+0000] {processor.py:840} INFO - DAG(s) 'example_trigger_target_dag' retrieved from /home/airflow/.local/lib/python3.8/site-packages/airflow/example_dags/example_trigger_target_dag.py
[2025-01-29T23:55:25.840+0000] {logging_mixin.py:188} INFO - [2025-01-29T23:55:25.840+0000] {dag.py:3036} INFO - Sync 1 DAGs
[2025-01-29T23:55:25.885+0000] {logging_mixin.py:188} INFO - [2025-01-29T23:55:25.884+0000] {dag.py:3823} INFO - Setting next_dagrun for example_trigger_target_dag to None, run_after=None
[2025-01-29T23:55:25.962+0000] {processor.py:183} INFO - Processing /home/airflow/.local/lib/python3.8/site-packages/airflow/example_dags/example_trigger_target_dag.py took 0.213 seconds
[2025-01-29T23:55:56.203+0000] {processor.py:161} INFO - Started process (PID=2591) to work on /home/airflow/.local/lib/python3.8/site-packages/airflow/example_dags/example_trigger_target_dag.py
[2025-01-29T23:55:56.205+0000] {processor.py:830} INFO - Processing file /home/airflow/.local/lib/python3.8/site-packages/airflow/example_dags/example_trigger_target_dag.py for tasks to queue
[2025-01-29T23:55:56.207+0000] {logging_mixin.py:188} INFO - [2025-01-29T23:55:56.207+0000] {dagbag.py:538} INFO - Filling up the DagBag from /home/airflow/.local/lib/python3.8/site-packages/airflow/example_dags/example_trigger_target_dag.py
[2025-01-29T23:55:56.220+0000] {processor.py:840} INFO - DAG(s) 'example_trigger_target_dag' retrieved from /home/airflow/.local/lib/python3.8/site-packages/airflow/example_dags/example_trigger_target_dag.py
[2025-01-29T23:55:56.253+0000] {logging_mixin.py:188} INFO - [2025-01-29T23:55:56.253+0000] {dag.py:3036} INFO - Sync 1 DAGs
[2025-01-29T23:55:56.274+0000] {logging_mixin.py:188} INFO - [2025-01-29T23:55:56.274+0000] {dag.py:3823} INFO - Setting next_dagrun for example_trigger_target_dag to None, run_after=None
[2025-01-29T23:55:56.310+0000] {processor.py:183} INFO - Processing /home/airflow/.local/lib/python3.8/site-packages/airflow/example_dags/example_trigger_target_dag.py took 0.115 seconds
[2025-01-29T23:56:27.029+0000] {processor.py:161} INFO - Started process (PID=2647) to work on /home/airflow/.local/lib/python3.8/site-packages/airflow/example_dags/example_trigger_target_dag.py
[2025-01-29T23:56:27.045+0000] {processor.py:830} INFO - Processing file /home/airflow/.local/lib/python3.8/site-packages/airflow/example_dags/example_trigger_target_dag.py for tasks to queue
[2025-01-29T23:56:27.059+0000] {logging_mixin.py:188} INFO - [2025-01-29T23:56:27.059+0000] {dagbag.py:538} INFO - Filling up the DagBag from /home/airflow/.local/lib/python3.8/site-packages/airflow/example_dags/example_trigger_target_dag.py
[2025-01-29T23:56:27.128+0000] {processor.py:840} INFO - DAG(s) 'example_trigger_target_dag' retrieved from /home/airflow/.local/lib/python3.8/site-packages/airflow/example_dags/example_trigger_target_dag.py
[2025-01-29T23:56:27.417+0000] {logging_mixin.py:188} INFO - [2025-01-29T23:56:27.416+0000] {dag.py:3036} INFO - Sync 1 DAGs
[2025-01-29T23:56:27.495+0000] {logging_mixin.py:188} INFO - [2025-01-29T23:56:27.494+0000] {dag.py:3823} INFO - Setting next_dagrun for example_trigger_target_dag to None, run_after=None
[2025-01-29T23:56:27.690+0000] {processor.py:183} INFO - Processing /home/airflow/.local/lib/python3.8/site-packages/airflow/example_dags/example_trigger_target_dag.py took 0.690 seconds
[2025-01-29T23:56:58.209+0000] {processor.py:161} INFO - Started process (PID=2703) to work on /home/airflow/.local/lib/python3.8/site-packages/airflow/example_dags/example_trigger_target_dag.py
[2025-01-29T23:56:58.222+0000] {processor.py:830} INFO - Processing file /home/airflow/.local/lib/python3.8/site-packages/airflow/example_dags/example_trigger_target_dag.py for tasks to queue
[2025-01-29T23:56:58.227+0000] {logging_mixin.py:188} INFO - [2025-01-29T23:56:58.226+0000] {dagbag.py:538} INFO - Filling up the DagBag from /home/airflow/.local/lib/python3.8/site-packages/airflow/example_dags/example_trigger_target_dag.py
[2025-01-29T23:56:58.273+0000] {processor.py:840} INFO - DAG(s) 'example_trigger_target_dag' retrieved from /home/airflow/.local/lib/python3.8/site-packages/airflow/example_dags/example_trigger_target_dag.py
[2025-01-29T23:56:58.394+0000] {logging_mixin.py:188} INFO - [2025-01-29T23:56:58.393+0000] {dag.py:3036} INFO - Sync 1 DAGs
[2025-01-29T23:56:58.457+0000] {logging_mixin.py:188} INFO - [2025-01-29T23:56:58.455+0000] {dag.py:3823} INFO - Setting next_dagrun for example_trigger_target_dag to None, run_after=None
[2025-01-29T23:56:58.524+0000] {processor.py:183} INFO - Processing /home/airflow/.local/lib/python3.8/site-packages/airflow/example_dags/example_trigger_target_dag.py took 0.334 seconds
[2025-01-29T23:57:29.014+0000] {processor.py:161} INFO - Started process (PID=2765) to work on /home/airflow/.local/lib/python3.8/site-packages/airflow/example_dags/example_trigger_target_dag.py
[2025-01-29T23:57:29.017+0000] {processor.py:830} INFO - Processing file /home/airflow/.local/lib/python3.8/site-packages/airflow/example_dags/example_trigger_target_dag.py for tasks to queue
[2025-01-29T23:57:29.027+0000] {logging_mixin.py:188} INFO - [2025-01-29T23:57:29.026+0000] {dagbag.py:538} INFO - Filling up the DagBag from /home/airflow/.local/lib/python3.8/site-packages/airflow/example_dags/example_trigger_target_dag.py
[2025-01-29T23:57:29.049+0000] {processor.py:840} INFO - DAG(s) 'example_trigger_target_dag' retrieved from /home/airflow/.local/lib/python3.8/site-packages/airflow/example_dags/example_trigger_target_dag.py
[2025-01-29T23:57:29.410+0000] {logging_mixin.py:188} INFO - [2025-01-29T23:57:29.410+0000] {dag.py:3036} INFO - Sync 1 DAGs
[2025-01-29T23:57:29.452+0000] {logging_mixin.py:188} INFO - [2025-01-29T23:57:29.451+0000] {dag.py:3823} INFO - Setting next_dagrun for example_trigger_target_dag to None, run_after=None
[2025-01-29T23:57:29.660+0000] {processor.py:183} INFO - Processing /home/airflow/.local/lib/python3.8/site-packages/airflow/example_dags/example_trigger_target_dag.py took 0.654 seconds
[2025-01-29T23:58:00.045+0000] {processor.py:161} INFO - Started process (PID=2821) to work on /home/airflow/.local/lib/python3.8/site-packages/airflow/example_dags/example_trigger_target_dag.py
[2025-01-29T23:58:00.051+0000] {processor.py:830} INFO - Processing file /home/airflow/.local/lib/python3.8/site-packages/airflow/example_dags/example_trigger_target_dag.py for tasks to queue
[2025-01-29T23:58:00.054+0000] {logging_mixin.py:188} INFO - [2025-01-29T23:58:00.053+0000] {dagbag.py:538} INFO - Filling up the DagBag from /home/airflow/.local/lib/python3.8/site-packages/airflow/example_dags/example_trigger_target_dag.py
[2025-01-29T23:58:00.077+0000] {processor.py:840} INFO - DAG(s) 'example_trigger_target_dag' retrieved from /home/airflow/.local/lib/python3.8/site-packages/airflow/example_dags/example_trigger_target_dag.py
[2025-01-29T23:58:00.203+0000] {logging_mixin.py:188} INFO - [2025-01-29T23:58:00.202+0000] {dag.py:3036} INFO - Sync 1 DAGs
[2025-01-29T23:58:00.915+0000] {logging_mixin.py:188} INFO - [2025-01-29T23:58:00.915+0000] {dag.py:3823} INFO - Setting next_dagrun for example_trigger_target_dag to None, run_after=None
[2025-01-29T23:58:01.142+0000] {processor.py:183} INFO - Processing /home/airflow/.local/lib/python3.8/site-packages/airflow/example_dags/example_trigger_target_dag.py took 1.109 seconds
[2025-01-29T23:58:31.958+0000] {processor.py:161} INFO - Started process (PID=2877) to work on /home/airflow/.local/lib/python3.8/site-packages/airflow/example_dags/example_trigger_target_dag.py
[2025-01-29T23:58:32.078+0000] {processor.py:830} INFO - Processing file /home/airflow/.local/lib/python3.8/site-packages/airflow/example_dags/example_trigger_target_dag.py for tasks to queue
[2025-01-29T23:58:32.128+0000] {logging_mixin.py:188} INFO - [2025-01-29T23:58:32.127+0000] {dagbag.py:538} INFO - Filling up the DagBag from /home/airflow/.local/lib/python3.8/site-packages/airflow/example_dags/example_trigger_target_dag.py
[2025-01-29T23:58:32.562+0000] {processor.py:840} INFO - DAG(s) 'example_trigger_target_dag' retrieved from /home/airflow/.local/lib/python3.8/site-packages/airflow/example_dags/example_trigger_target_dag.py
[2025-01-29T23:58:32.886+0000] {logging_mixin.py:188} INFO - [2025-01-29T23:58:32.885+0000] {dag.py:3036} INFO - Sync 1 DAGs
[2025-01-29T23:58:33.069+0000] {logging_mixin.py:188} INFO - [2025-01-29T23:58:33.068+0000] {dag.py:3823} INFO - Setting next_dagrun for example_trigger_target_dag to None, run_after=None
[2025-01-29T23:58:33.195+0000] {processor.py:183} INFO - Processing /home/airflow/.local/lib/python3.8/site-packages/airflow/example_dags/example_trigger_target_dag.py took 1.298 seconds
[2025-01-29T23:59:08.130+0000] {processor.py:161} INFO - Started process (PID=2933) to work on /home/airflow/.local/lib/python3.8/site-packages/airflow/example_dags/example_trigger_target_dag.py
[2025-01-29T23:59:08.133+0000] {processor.py:830} INFO - Processing file /home/airflow/.local/lib/python3.8/site-packages/airflow/example_dags/example_trigger_target_dag.py for tasks to queue
[2025-01-29T23:59:08.146+0000] {logging_mixin.py:188} INFO - [2025-01-29T23:59:08.145+0000] {dagbag.py:538} INFO - Filling up the DagBag from /home/airflow/.local/lib/python3.8/site-packages/airflow/example_dags/example_trigger_target_dag.py
[2025-01-29T23:59:08.196+0000] {processor.py:840} INFO - DAG(s) 'example_trigger_target_dag' retrieved from /home/airflow/.local/lib/python3.8/site-packages/airflow/example_dags/example_trigger_target_dag.py
[2025-01-29T23:59:08.329+0000] {logging_mixin.py:188} INFO - [2025-01-29T23:59:08.328+0000] {dag.py:3036} INFO - Sync 1 DAGs
[2025-01-29T23:59:08.407+0000] {logging_mixin.py:188} INFO - [2025-01-29T23:59:08.406+0000] {dag.py:3823} INFO - Setting next_dagrun for example_trigger_target_dag to None, run_after=None
[2025-01-29T23:59:08.498+0000] {processor.py:183} INFO - Processing /home/airflow/.local/lib/python3.8/site-packages/airflow/example_dags/example_trigger_target_dag.py took 0.396 seconds
[2025-01-29T23:59:38.751+0000] {processor.py:161} INFO - Started process (PID=2989) to work on /home/airflow/.local/lib/python3.8/site-packages/airflow/example_dags/example_trigger_target_dag.py
[2025-01-29T23:59:38.754+0000] {processor.py:830} INFO - Processing file /home/airflow/.local/lib/python3.8/site-packages/airflow/example_dags/example_trigger_target_dag.py for tasks to queue
[2025-01-29T23:59:38.756+0000] {logging_mixin.py:188} INFO - [2025-01-29T23:59:38.755+0000] {dagbag.py:538} INFO - Filling up the DagBag from /home/airflow/.local/lib/python3.8/site-packages/airflow/example_dags/example_trigger_target_dag.py
[2025-01-29T23:59:38.769+0000] {processor.py:840} INFO - DAG(s) 'example_trigger_target_dag' retrieved from /home/airflow/.local/lib/python3.8/site-packages/airflow/example_dags/example_trigger_target_dag.py
[2025-01-29T23:59:38.820+0000] {logging_mixin.py:188} INFO - [2025-01-29T23:59:38.819+0000] {dag.py:3036} INFO - Sync 1 DAGs
[2025-01-29T23:59:38.865+0000] {logging_mixin.py:188} INFO - [2025-01-29T23:59:38.864+0000] {dag.py:3823} INFO - Setting next_dagrun for example_trigger_target_dag to None, run_after=None
[2025-01-29T23:59:38.921+0000] {processor.py:183} INFO - Processing /home/airflow/.local/lib/python3.8/site-packages/airflow/example_dags/example_trigger_target_dag.py took 0.181 seconds
