[2025-01-29T23:31:34.610+0000] {processor.py:161} INFO - Started process (PID=98) to work on /home/airflow/.local/lib/python3.8/site-packages/airflow/example_dags/example_xcom.py
[2025-01-29T23:31:34.625+0000] {processor.py:830} INFO - Processing file /home/airflow/.local/lib/python3.8/site-packages/airflow/example_dags/example_xcom.py for tasks to queue
[2025-01-29T23:31:34.631+0000] {logging_mixin.py:188} INFO - [2025-01-29T23:31:34.630+0000] {dagbag.py:538} INFO - Filling up the DagBag from /home/airflow/.local/lib/python3.8/site-packages/airflow/example_dags/example_xcom.py
[2025-01-29T23:31:34.672+0000] {processor.py:840} INFO - DAG(s) 'example_xcom' retrieved from /home/airflow/.local/lib/python3.8/site-packages/airflow/example_dags/example_xcom.py
[2025-01-29T23:31:34.775+0000] {logging_mixin.py:188} INFO - [2025-01-29T23:31:34.775+0000] {dag.py:3036} INFO - Sync 1 DAGs
[2025-01-29T23:31:34.876+0000] {logging_mixin.py:188} INFO - [2025-01-29T23:31:34.875+0000] {dag.py:3823} INFO - Setting next_dagrun for example_xcom to 2021-01-01 00:00:00+00:00, run_after=2021-01-01 00:00:00+00:00
[2025-01-29T23:31:34.967+0000] {processor.py:183} INFO - Processing /home/airflow/.local/lib/python3.8/site-packages/airflow/example_dags/example_xcom.py took 0.363 seconds
[2025-01-29T23:32:05.801+0000] {processor.py:161} INFO - Started process (PID=155) to work on /home/airflow/.local/lib/python3.8/site-packages/airflow/example_dags/example_xcom.py
[2025-01-29T23:32:05.803+0000] {processor.py:830} INFO - Processing file /home/airflow/.local/lib/python3.8/site-packages/airflow/example_dags/example_xcom.py for tasks to queue
[2025-01-29T23:32:05.812+0000] {logging_mixin.py:188} INFO - [2025-01-29T23:32:05.811+0000] {dagbag.py:538} INFO - Filling up the DagBag from /home/airflow/.local/lib/python3.8/site-packages/airflow/example_dags/example_xcom.py
[2025-01-29T23:32:05.848+0000] {processor.py:840} INFO - DAG(s) 'example_xcom' retrieved from /home/airflow/.local/lib/python3.8/site-packages/airflow/example_dags/example_xcom.py
[2025-01-29T23:32:05.963+0000] {logging_mixin.py:188} INFO - [2025-01-29T23:32:05.963+0000] {dag.py:3036} INFO - Sync 1 DAGs
[2025-01-29T23:32:06.074+0000] {logging_mixin.py:188} INFO - [2025-01-29T23:32:06.073+0000] {dag.py:3823} INFO - Setting next_dagrun for example_xcom to 2021-01-01 00:00:00+00:00, run_after=2021-01-01 00:00:00+00:00
[2025-01-29T23:32:06.173+0000] {processor.py:183} INFO - Processing /home/airflow/.local/lib/python3.8/site-packages/airflow/example_dags/example_xcom.py took 0.379 seconds
[2025-01-29T23:32:57.619+0000] {processor.py:161} INFO - Started process (PID=216) to work on /home/airflow/.local/lib/python3.8/site-packages/airflow/example_dags/example_xcom.py
[2025-01-29T23:32:57.689+0000] {processor.py:830} INFO - Processing file /home/airflow/.local/lib/python3.8/site-packages/airflow/example_dags/example_xcom.py for tasks to queue
[2025-01-29T23:32:57.753+0000] {logging_mixin.py:188} INFO - [2025-01-29T23:32:57.752+0000] {dagbag.py:538} INFO - Filling up the DagBag from /home/airflow/.local/lib/python3.8/site-packages/airflow/example_dags/example_xcom.py
[2025-01-29T23:32:57.980+0000] {processor.py:840} INFO - DAG(s) 'example_xcom' retrieved from /home/airflow/.local/lib/python3.8/site-packages/airflow/example_dags/example_xcom.py
[2025-01-29T23:32:58.998+0000] {logging_mixin.py:188} INFO - [2025-01-29T23:32:58.991+0000] {dag.py:3036} INFO - Sync 1 DAGs
[2025-01-29T23:32:59.193+0000] {logging_mixin.py:188} INFO - [2025-01-29T23:32:59.192+0000] {dag.py:3823} INFO - Setting next_dagrun for example_xcom to 2021-01-01 00:00:00+00:00, run_after=2021-01-01 00:00:00+00:00
[2025-01-29T23:32:59.393+0000] {processor.py:183} INFO - Processing /home/airflow/.local/lib/python3.8/site-packages/airflow/example_dags/example_xcom.py took 1.845 seconds
[2025-01-29T23:33:45.725+0000] {processor.py:161} INFO - Started process (PID=271) to work on /home/airflow/.local/lib/python3.8/site-packages/airflow/example_dags/example_xcom.py
[2025-01-29T23:33:45.733+0000] {processor.py:830} INFO - Processing file /home/airflow/.local/lib/python3.8/site-packages/airflow/example_dags/example_xcom.py for tasks to queue
[2025-01-29T23:33:45.738+0000] {logging_mixin.py:188} INFO - [2025-01-29T23:33:45.737+0000] {dagbag.py:538} INFO - Filling up the DagBag from /home/airflow/.local/lib/python3.8/site-packages/airflow/example_dags/example_xcom.py
[2025-01-29T23:33:45.778+0000] {processor.py:840} INFO - DAG(s) 'example_xcom' retrieved from /home/airflow/.local/lib/python3.8/site-packages/airflow/example_dags/example_xcom.py
[2025-01-29T23:33:45.892+0000] {logging_mixin.py:188} INFO - [2025-01-29T23:33:45.891+0000] {dag.py:3036} INFO - Sync 1 DAGs
[2025-01-29T23:33:46.087+0000] {logging_mixin.py:188} INFO - [2025-01-29T23:33:46.087+0000] {dag.py:3823} INFO - Setting next_dagrun for example_xcom to 2021-01-01 00:00:00+00:00, run_after=2021-01-01 00:00:00+00:00
[2025-01-29T23:33:46.184+0000] {processor.py:183} INFO - Processing /home/airflow/.local/lib/python3.8/site-packages/airflow/example_dags/example_xcom.py took 0.467 seconds
[2025-01-29T23:34:18.525+0000] {processor.py:161} INFO - Started process (PID=335) to work on /home/airflow/.local/lib/python3.8/site-packages/airflow/example_dags/example_xcom.py
[2025-01-29T23:34:18.528+0000] {processor.py:830} INFO - Processing file /home/airflow/.local/lib/python3.8/site-packages/airflow/example_dags/example_xcom.py for tasks to queue
[2025-01-29T23:34:18.540+0000] {logging_mixin.py:188} INFO - [2025-01-29T23:34:18.539+0000] {dagbag.py:538} INFO - Filling up the DagBag from /home/airflow/.local/lib/python3.8/site-packages/airflow/example_dags/example_xcom.py
[2025-01-29T23:34:18.602+0000] {processor.py:840} INFO - DAG(s) 'example_xcom' retrieved from /home/airflow/.local/lib/python3.8/site-packages/airflow/example_dags/example_xcom.py
[2025-01-29T23:34:18.802+0000] {logging_mixin.py:188} INFO - [2025-01-29T23:34:18.801+0000] {dag.py:3036} INFO - Sync 1 DAGs
[2025-01-29T23:34:19.025+0000] {logging_mixin.py:188} INFO - [2025-01-29T23:34:19.024+0000] {dag.py:3823} INFO - Setting next_dagrun for example_xcom to 2021-01-01 00:00:00+00:00, run_after=2021-01-01 00:00:00+00:00
[2025-01-29T23:34:19.253+0000] {processor.py:183} INFO - Processing /home/airflow/.local/lib/python3.8/site-packages/airflow/example_dags/example_xcom.py took 0.745 seconds
[2025-01-29T23:34:50.130+0000] {processor.py:161} INFO - Started process (PID=391) to work on /home/airflow/.local/lib/python3.8/site-packages/airflow/example_dags/example_xcom.py
[2025-01-29T23:34:50.142+0000] {processor.py:830} INFO - Processing file /home/airflow/.local/lib/python3.8/site-packages/airflow/example_dags/example_xcom.py for tasks to queue
[2025-01-29T23:34:50.147+0000] {logging_mixin.py:188} INFO - [2025-01-29T23:34:50.146+0000] {dagbag.py:538} INFO - Filling up the DagBag from /home/airflow/.local/lib/python3.8/site-packages/airflow/example_dags/example_xcom.py
[2025-01-29T23:34:50.184+0000] {processor.py:840} INFO - DAG(s) 'example_xcom' retrieved from /home/airflow/.local/lib/python3.8/site-packages/airflow/example_dags/example_xcom.py
[2025-01-29T23:34:50.290+0000] {logging_mixin.py:188} INFO - [2025-01-29T23:34:50.290+0000] {dag.py:3036} INFO - Sync 1 DAGs
[2025-01-29T23:34:50.433+0000] {logging_mixin.py:188} INFO - [2025-01-29T23:34:50.432+0000] {dag.py:3823} INFO - Setting next_dagrun for example_xcom to 2021-01-01 00:00:00+00:00, run_after=2021-01-01 00:00:00+00:00
[2025-01-29T23:34:50.552+0000] {processor.py:183} INFO - Processing /home/airflow/.local/lib/python3.8/site-packages/airflow/example_dags/example_xcom.py took 0.435 seconds
[2025-01-29T23:35:31.956+0000] {processor.py:161} INFO - Started process (PID=452) to work on /home/airflow/.local/lib/python3.8/site-packages/airflow/example_dags/example_xcom.py
[2025-01-29T23:35:31.984+0000] {processor.py:830} INFO - Processing file /home/airflow/.local/lib/python3.8/site-packages/airflow/example_dags/example_xcom.py for tasks to queue
[2025-01-29T23:35:32.000+0000] {logging_mixin.py:188} INFO - [2025-01-29T23:35:31.999+0000] {dagbag.py:538} INFO - Filling up the DagBag from /home/airflow/.local/lib/python3.8/site-packages/airflow/example_dags/example_xcom.py
[2025-01-29T23:35:32.081+0000] {processor.py:840} INFO - DAG(s) 'example_xcom' retrieved from /home/airflow/.local/lib/python3.8/site-packages/airflow/example_dags/example_xcom.py
[2025-01-29T23:35:32.255+0000] {logging_mixin.py:188} INFO - [2025-01-29T23:35:32.255+0000] {dag.py:3036} INFO - Sync 1 DAGs
[2025-01-29T23:35:32.445+0000] {logging_mixin.py:188} INFO - [2025-01-29T23:35:32.444+0000] {dag.py:3823} INFO - Setting next_dagrun for example_xcom to 2021-01-01 00:00:00+00:00, run_after=2021-01-01 00:00:00+00:00
[2025-01-29T23:35:32.610+0000] {processor.py:183} INFO - Processing /home/airflow/.local/lib/python3.8/site-packages/airflow/example_dags/example_xcom.py took 0.687 seconds
[2025-01-29T23:36:17.611+0000] {processor.py:161} INFO - Started process (PID=511) to work on /home/airflow/.local/lib/python3.8/site-packages/airflow/example_dags/example_xcom.py
[2025-01-29T23:36:17.617+0000] {processor.py:830} INFO - Processing file /home/airflow/.local/lib/python3.8/site-packages/airflow/example_dags/example_xcom.py for tasks to queue
[2025-01-29T23:36:17.698+0000] {logging_mixin.py:188} INFO - [2025-01-29T23:36:17.697+0000] {dagbag.py:538} INFO - Filling up the DagBag from /home/airflow/.local/lib/python3.8/site-packages/airflow/example_dags/example_xcom.py
[2025-01-29T23:36:17.832+0000] {processor.py:840} INFO - DAG(s) 'example_xcom' retrieved from /home/airflow/.local/lib/python3.8/site-packages/airflow/example_dags/example_xcom.py
[2025-01-29T23:36:18.103+0000] {logging_mixin.py:188} INFO - [2025-01-29T23:36:18.103+0000] {dag.py:3036} INFO - Sync 1 DAGs
[2025-01-29T23:36:18.318+0000] {logging_mixin.py:188} INFO - [2025-01-29T23:36:18.308+0000] {dag.py:3823} INFO - Setting next_dagrun for example_xcom to 2021-01-01 00:00:00+00:00, run_after=2021-01-01 00:00:00+00:00
[2025-01-29T23:36:18.601+0000] {processor.py:183} INFO - Processing /home/airflow/.local/lib/python3.8/site-packages/airflow/example_dags/example_xcom.py took 1.009 seconds
[2025-01-29T23:36:59.567+0000] {processor.py:161} INFO - Started process (PID=573) to work on /home/airflow/.local/lib/python3.8/site-packages/airflow/example_dags/example_xcom.py
[2025-01-29T23:36:59.600+0000] {processor.py:830} INFO - Processing file /home/airflow/.local/lib/python3.8/site-packages/airflow/example_dags/example_xcom.py for tasks to queue
[2025-01-29T23:36:59.645+0000] {logging_mixin.py:188} INFO - [2025-01-29T23:36:59.644+0000] {dagbag.py:538} INFO - Filling up the DagBag from /home/airflow/.local/lib/python3.8/site-packages/airflow/example_dags/example_xcom.py
[2025-01-29T23:36:59.828+0000] {processor.py:840} INFO - DAG(s) 'example_xcom' retrieved from /home/airflow/.local/lib/python3.8/site-packages/airflow/example_dags/example_xcom.py
[2025-01-29T23:37:00.018+0000] {logging_mixin.py:188} INFO - [2025-01-29T23:37:00.018+0000] {dag.py:3036} INFO - Sync 1 DAGs
[2025-01-29T23:37:00.289+0000] {logging_mixin.py:188} INFO - [2025-01-29T23:37:00.289+0000] {dag.py:3823} INFO - Setting next_dagrun for example_xcom to 2021-01-01 00:00:00+00:00, run_after=2021-01-01 00:00:00+00:00
[2025-01-29T23:37:00.530+0000] {processor.py:183} INFO - Processing /home/airflow/.local/lib/python3.8/site-packages/airflow/example_dags/example_xcom.py took 0.990 seconds
[2025-01-29T23:37:30.810+0000] {processor.py:161} INFO - Started process (PID=629) to work on /home/airflow/.local/lib/python3.8/site-packages/airflow/example_dags/example_xcom.py
[2025-01-29T23:37:30.813+0000] {processor.py:830} INFO - Processing file /home/airflow/.local/lib/python3.8/site-packages/airflow/example_dags/example_xcom.py for tasks to queue
[2025-01-29T23:37:30.827+0000] {logging_mixin.py:188} INFO - [2025-01-29T23:37:30.826+0000] {dagbag.py:538} INFO - Filling up the DagBag from /home/airflow/.local/lib/python3.8/site-packages/airflow/example_dags/example_xcom.py
[2025-01-29T23:37:30.875+0000] {processor.py:840} INFO - DAG(s) 'example_xcom' retrieved from /home/airflow/.local/lib/python3.8/site-packages/airflow/example_dags/example_xcom.py
[2025-01-29T23:37:30.920+0000] {logging_mixin.py:188} INFO - [2025-01-29T23:37:30.920+0000] {dag.py:3036} INFO - Sync 1 DAGs
[2025-01-29T23:37:31.060+0000] {logging_mixin.py:188} INFO - [2025-01-29T23:37:31.060+0000] {dag.py:3823} INFO - Setting next_dagrun for example_xcom to 2021-01-01 00:00:00+00:00, run_after=2021-01-01 00:00:00+00:00
[2025-01-29T23:37:31.165+0000] {processor.py:183} INFO - Processing /home/airflow/.local/lib/python3.8/site-packages/airflow/example_dags/example_xcom.py took 0.376 seconds
[2025-01-29T23:38:08.695+0000] {processor.py:161} INFO - Started process (PID=683) to work on /home/airflow/.local/lib/python3.8/site-packages/airflow/example_dags/example_xcom.py
[2025-01-29T23:38:08.709+0000] {processor.py:830} INFO - Processing file /home/airflow/.local/lib/python3.8/site-packages/airflow/example_dags/example_xcom.py for tasks to queue
[2025-01-29T23:38:08.725+0000] {logging_mixin.py:188} INFO - [2025-01-29T23:38:08.714+0000] {dagbag.py:538} INFO - Filling up the DagBag from /home/airflow/.local/lib/python3.8/site-packages/airflow/example_dags/example_xcom.py
[2025-01-29T23:38:08.805+0000] {processor.py:840} INFO - DAG(s) 'example_xcom' retrieved from /home/airflow/.local/lib/python3.8/site-packages/airflow/example_dags/example_xcom.py
[2025-01-29T23:38:09.940+0000] {logging_mixin.py:188} INFO - [2025-01-29T23:38:09.939+0000] {dag.py:3036} INFO - Sync 1 DAGs
[2025-01-29T23:38:10.153+0000] {logging_mixin.py:188} INFO - [2025-01-29T23:38:10.152+0000] {dag.py:3823} INFO - Setting next_dagrun for example_xcom to 2021-01-01 00:00:00+00:00, run_after=2021-01-01 00:00:00+00:00
[2025-01-29T23:38:10.396+0000] {processor.py:183} INFO - Processing /home/airflow/.local/lib/python3.8/site-packages/airflow/example_dags/example_xcom.py took 1.729 seconds
[2025-01-29T23:38:41.377+0000] {processor.py:161} INFO - Started process (PID=740) to work on /home/airflow/.local/lib/python3.8/site-packages/airflow/example_dags/example_xcom.py
[2025-01-29T23:38:41.393+0000] {processor.py:830} INFO - Processing file /home/airflow/.local/lib/python3.8/site-packages/airflow/example_dags/example_xcom.py for tasks to queue
[2025-01-29T23:38:41.407+0000] {logging_mixin.py:188} INFO - [2025-01-29T23:38:41.406+0000] {dagbag.py:538} INFO - Filling up the DagBag from /home/airflow/.local/lib/python3.8/site-packages/airflow/example_dags/example_xcom.py
[2025-01-29T23:38:41.473+0000] {processor.py:840} INFO - DAG(s) 'example_xcom' retrieved from /home/airflow/.local/lib/python3.8/site-packages/airflow/example_dags/example_xcom.py
[2025-01-29T23:38:41.608+0000] {logging_mixin.py:188} INFO - [2025-01-29T23:38:41.607+0000] {dag.py:3036} INFO - Sync 1 DAGs
[2025-01-29T23:38:41.737+0000] {logging_mixin.py:188} INFO - [2025-01-29T23:38:41.736+0000] {dag.py:3823} INFO - Setting next_dagrun for example_xcom to 2021-01-01 00:00:00+00:00, run_after=2021-01-01 00:00:00+00:00
[2025-01-29T23:38:41.862+0000] {processor.py:183} INFO - Processing /home/airflow/.local/lib/python3.8/site-packages/airflow/example_dags/example_xcom.py took 0.525 seconds
[2025-01-29T23:39:14.138+0000] {processor.py:161} INFO - Started process (PID=795) to work on /home/airflow/.local/lib/python3.8/site-packages/airflow/example_dags/example_xcom.py
[2025-01-29T23:39:14.149+0000] {processor.py:830} INFO - Processing file /home/airflow/.local/lib/python3.8/site-packages/airflow/example_dags/example_xcom.py for tasks to queue
[2025-01-29T23:39:14.186+0000] {logging_mixin.py:188} INFO - [2025-01-29T23:39:14.185+0000] {dagbag.py:538} INFO - Filling up the DagBag from /home/airflow/.local/lib/python3.8/site-packages/airflow/example_dags/example_xcom.py
[2025-01-29T23:39:14.306+0000] {processor.py:840} INFO - DAG(s) 'example_xcom' retrieved from /home/airflow/.local/lib/python3.8/site-packages/airflow/example_dags/example_xcom.py
[2025-01-29T23:39:14.751+0000] {logging_mixin.py:188} INFO - [2025-01-29T23:39:14.750+0000] {dag.py:3036} INFO - Sync 1 DAGs
[2025-01-29T23:39:15.077+0000] {logging_mixin.py:188} INFO - [2025-01-29T23:39:15.077+0000] {dag.py:3823} INFO - Setting next_dagrun for example_xcom to 2021-01-01 00:00:00+00:00, run_after=2021-01-01 00:00:00+00:00
[2025-01-29T23:39:15.289+0000] {processor.py:183} INFO - Processing /home/airflow/.local/lib/python3.8/site-packages/airflow/example_dags/example_xcom.py took 1.215 seconds
[2025-01-29T23:39:45.937+0000] {processor.py:161} INFO - Started process (PID=859) to work on /home/airflow/.local/lib/python3.8/site-packages/airflow/example_dags/example_xcom.py
[2025-01-29T23:39:45.952+0000] {processor.py:830} INFO - Processing file /home/airflow/.local/lib/python3.8/site-packages/airflow/example_dags/example_xcom.py for tasks to queue
[2025-01-29T23:39:45.957+0000] {logging_mixin.py:188} INFO - [2025-01-29T23:39:45.956+0000] {dagbag.py:538} INFO - Filling up the DagBag from /home/airflow/.local/lib/python3.8/site-packages/airflow/example_dags/example_xcom.py
[2025-01-29T23:39:46.033+0000] {processor.py:840} INFO - DAG(s) 'example_xcom' retrieved from /home/airflow/.local/lib/python3.8/site-packages/airflow/example_dags/example_xcom.py
[2025-01-29T23:39:46.153+0000] {logging_mixin.py:188} INFO - [2025-01-29T23:39:46.153+0000] {dag.py:3036} INFO - Sync 1 DAGs
[2025-01-29T23:39:46.328+0000] {logging_mixin.py:188} INFO - [2025-01-29T23:39:46.328+0000] {dag.py:3823} INFO - Setting next_dagrun for example_xcom to 2021-01-01 00:00:00+00:00, run_after=2021-01-01 00:00:00+00:00
[2025-01-29T23:39:46.497+0000] {processor.py:183} INFO - Processing /home/airflow/.local/lib/python3.8/site-packages/airflow/example_dags/example_xcom.py took 0.591 seconds
[2025-01-29T23:40:17.050+0000] {processor.py:161} INFO - Started process (PID=915) to work on /home/airflow/.local/lib/python3.8/site-packages/airflow/example_dags/example_xcom.py
[2025-01-29T23:40:17.052+0000] {processor.py:830} INFO - Processing file /home/airflow/.local/lib/python3.8/site-packages/airflow/example_dags/example_xcom.py for tasks to queue
[2025-01-29T23:40:17.056+0000] {logging_mixin.py:188} INFO - [2025-01-29T23:40:17.055+0000] {dagbag.py:538} INFO - Filling up the DagBag from /home/airflow/.local/lib/python3.8/site-packages/airflow/example_dags/example_xcom.py
[2025-01-29T23:40:17.091+0000] {processor.py:840} INFO - DAG(s) 'example_xcom' retrieved from /home/airflow/.local/lib/python3.8/site-packages/airflow/example_dags/example_xcom.py
[2025-01-29T23:40:17.179+0000] {logging_mixin.py:188} INFO - [2025-01-29T23:40:17.178+0000] {dag.py:3036} INFO - Sync 1 DAGs
[2025-01-29T23:40:17.284+0000] {logging_mixin.py:188} INFO - [2025-01-29T23:40:17.280+0000] {dag.py:3823} INFO - Setting next_dagrun for example_xcom to 2021-01-01 00:00:00+00:00, run_after=2021-01-01 00:00:00+00:00
[2025-01-29T23:40:17.359+0000] {processor.py:183} INFO - Processing /home/airflow/.local/lib/python3.8/site-packages/airflow/example_dags/example_xcom.py took 0.325 seconds
[2025-01-29T23:40:48.534+0000] {processor.py:161} INFO - Started process (PID=971) to work on /home/airflow/.local/lib/python3.8/site-packages/airflow/example_dags/example_xcom.py
[2025-01-29T23:40:48.538+0000] {processor.py:830} INFO - Processing file /home/airflow/.local/lib/python3.8/site-packages/airflow/example_dags/example_xcom.py for tasks to queue
[2025-01-29T23:40:48.554+0000] {logging_mixin.py:188} INFO - [2025-01-29T23:40:48.552+0000] {dagbag.py:538} INFO - Filling up the DagBag from /home/airflow/.local/lib/python3.8/site-packages/airflow/example_dags/example_xcom.py
[2025-01-29T23:40:48.609+0000] {processor.py:840} INFO - DAG(s) 'example_xcom' retrieved from /home/airflow/.local/lib/python3.8/site-packages/airflow/example_dags/example_xcom.py
[2025-01-29T23:40:48.730+0000] {logging_mixin.py:188} INFO - [2025-01-29T23:40:48.729+0000] {dag.py:3036} INFO - Sync 1 DAGs
[2025-01-29T23:40:48.910+0000] {logging_mixin.py:188} INFO - [2025-01-29T23:40:48.910+0000] {dag.py:3823} INFO - Setting next_dagrun for example_xcom to 2021-01-01 00:00:00+00:00, run_after=2021-01-01 00:00:00+00:00
[2025-01-29T23:40:49.085+0000] {processor.py:183} INFO - Processing /home/airflow/.local/lib/python3.8/site-packages/airflow/example_dags/example_xcom.py took 0.565 seconds
[2025-01-29T23:41:20.047+0000] {processor.py:161} INFO - Started process (PID=1028) to work on /home/airflow/.local/lib/python3.8/site-packages/airflow/example_dags/example_xcom.py
[2025-01-29T23:41:20.049+0000] {processor.py:830} INFO - Processing file /home/airflow/.local/lib/python3.8/site-packages/airflow/example_dags/example_xcom.py for tasks to queue
[2025-01-29T23:41:20.054+0000] {logging_mixin.py:188} INFO - [2025-01-29T23:41:20.053+0000] {dagbag.py:538} INFO - Filling up the DagBag from /home/airflow/.local/lib/python3.8/site-packages/airflow/example_dags/example_xcom.py
[2025-01-29T23:41:20.079+0000] {processor.py:840} INFO - DAG(s) 'example_xcom' retrieved from /home/airflow/.local/lib/python3.8/site-packages/airflow/example_dags/example_xcom.py
[2025-01-29T23:41:20.145+0000] {logging_mixin.py:188} INFO - [2025-01-29T23:41:20.144+0000] {dag.py:3036} INFO - Sync 1 DAGs
[2025-01-29T23:41:20.216+0000] {logging_mixin.py:188} INFO - [2025-01-29T23:41:20.215+0000] {dag.py:3823} INFO - Setting next_dagrun for example_xcom to 2021-01-01 00:00:00+00:00, run_after=2021-01-01 00:00:00+00:00
[2025-01-29T23:41:20.286+0000] {processor.py:183} INFO - Processing /home/airflow/.local/lib/python3.8/site-packages/airflow/example_dags/example_xcom.py took 0.246 seconds
[2025-01-29T23:41:51.019+0000] {processor.py:161} INFO - Started process (PID=1085) to work on /home/airflow/.local/lib/python3.8/site-packages/airflow/example_dags/example_xcom.py
[2025-01-29T23:41:51.026+0000] {processor.py:830} INFO - Processing file /home/airflow/.local/lib/python3.8/site-packages/airflow/example_dags/example_xcom.py for tasks to queue
[2025-01-29T23:41:51.034+0000] {logging_mixin.py:188} INFO - [2025-01-29T23:41:51.034+0000] {dagbag.py:538} INFO - Filling up the DagBag from /home/airflow/.local/lib/python3.8/site-packages/airflow/example_dags/example_xcom.py
[2025-01-29T23:41:51.085+0000] {processor.py:840} INFO - DAG(s) 'example_xcom' retrieved from /home/airflow/.local/lib/python3.8/site-packages/airflow/example_dags/example_xcom.py
[2025-01-29T23:41:51.242+0000] {logging_mixin.py:188} INFO - [2025-01-29T23:41:51.242+0000] {dag.py:3036} INFO - Sync 1 DAGs
[2025-01-29T23:41:51.449+0000] {logging_mixin.py:188} INFO - [2025-01-29T23:41:51.448+0000] {dag.py:3823} INFO - Setting next_dagrun for example_xcom to 2021-01-01 00:00:00+00:00, run_after=2021-01-01 00:00:00+00:00
[2025-01-29T23:41:51.786+0000] {processor.py:183} INFO - Processing /home/airflow/.local/lib/python3.8/site-packages/airflow/example_dags/example_xcom.py took 0.783 seconds
[2025-01-29T23:42:22.352+0000] {processor.py:161} INFO - Started process (PID=1146) to work on /home/airflow/.local/lib/python3.8/site-packages/airflow/example_dags/example_xcom.py
[2025-01-29T23:42:22.466+0000] {processor.py:830} INFO - Processing file /home/airflow/.local/lib/python3.8/site-packages/airflow/example_dags/example_xcom.py for tasks to queue
[2025-01-29T23:42:22.508+0000] {logging_mixin.py:188} INFO - [2025-01-29T23:42:22.507+0000] {dagbag.py:538} INFO - Filling up the DagBag from /home/airflow/.local/lib/python3.8/site-packages/airflow/example_dags/example_xcom.py
[2025-01-29T23:42:22.753+0000] {processor.py:840} INFO - DAG(s) 'example_xcom' retrieved from /home/airflow/.local/lib/python3.8/site-packages/airflow/example_dags/example_xcom.py
[2025-01-29T23:42:22.929+0000] {logging_mixin.py:188} INFO - [2025-01-29T23:42:22.928+0000] {dag.py:3036} INFO - Sync 1 DAGs
[2025-01-29T23:42:23.127+0000] {logging_mixin.py:188} INFO - [2025-01-29T23:42:23.127+0000] {dag.py:3823} INFO - Setting next_dagrun for example_xcom to 2021-01-01 00:00:00+00:00, run_after=2021-01-01 00:00:00+00:00
[2025-01-29T23:42:23.330+0000] {processor.py:183} INFO - Processing /home/airflow/.local/lib/python3.8/site-packages/airflow/example_dags/example_xcom.py took 0.991 seconds
[2025-01-29T23:42:54.570+0000] {processor.py:161} INFO - Started process (PID=1203) to work on /home/airflow/.local/lib/python3.8/site-packages/airflow/example_dags/example_xcom.py
[2025-01-29T23:42:54.573+0000] {processor.py:830} INFO - Processing file /home/airflow/.local/lib/python3.8/site-packages/airflow/example_dags/example_xcom.py for tasks to queue
[2025-01-29T23:42:54.587+0000] {logging_mixin.py:188} INFO - [2025-01-29T23:42:54.586+0000] {dagbag.py:538} INFO - Filling up the DagBag from /home/airflow/.local/lib/python3.8/site-packages/airflow/example_dags/example_xcom.py
[2025-01-29T23:42:54.640+0000] {processor.py:840} INFO - DAG(s) 'example_xcom' retrieved from /home/airflow/.local/lib/python3.8/site-packages/airflow/example_dags/example_xcom.py
[2025-01-29T23:42:54.823+0000] {logging_mixin.py:188} INFO - [2025-01-29T23:42:54.823+0000] {dag.py:3036} INFO - Sync 1 DAGs
[2025-01-29T23:42:55.060+0000] {logging_mixin.py:188} INFO - [2025-01-29T23:42:55.060+0000] {dag.py:3823} INFO - Setting next_dagrun for example_xcom to 2021-01-01 00:00:00+00:00, run_after=2021-01-01 00:00:00+00:00
[2025-01-29T23:42:55.235+0000] {processor.py:183} INFO - Processing /home/airflow/.local/lib/python3.8/site-packages/airflow/example_dags/example_xcom.py took 0.683 seconds
[2025-01-29T23:43:28.005+0000] {processor.py:161} INFO - Started process (PID=1258) to work on /home/airflow/.local/lib/python3.8/site-packages/airflow/example_dags/example_xcom.py
[2025-01-29T23:43:28.018+0000] {processor.py:830} INFO - Processing file /home/airflow/.local/lib/python3.8/site-packages/airflow/example_dags/example_xcom.py for tasks to queue
[2025-01-29T23:43:28.033+0000] {logging_mixin.py:188} INFO - [2025-01-29T23:43:28.033+0000] {dagbag.py:538} INFO - Filling up the DagBag from /home/airflow/.local/lib/python3.8/site-packages/airflow/example_dags/example_xcom.py
[2025-01-29T23:43:28.080+0000] {processor.py:840} INFO - DAG(s) 'example_xcom' retrieved from /home/airflow/.local/lib/python3.8/site-packages/airflow/example_dags/example_xcom.py
[2025-01-29T23:43:28.230+0000] {logging_mixin.py:188} INFO - [2025-01-29T23:43:28.230+0000] {dag.py:3036} INFO - Sync 1 DAGs
[2025-01-29T23:43:28.454+0000] {logging_mixin.py:188} INFO - [2025-01-29T23:43:28.443+0000] {dag.py:3823} INFO - Setting next_dagrun for example_xcom to 2021-01-01 00:00:00+00:00, run_after=2021-01-01 00:00:00+00:00
[2025-01-29T23:43:28.715+0000] {processor.py:183} INFO - Processing /home/airflow/.local/lib/python3.8/site-packages/airflow/example_dags/example_xcom.py took 0.729 seconds
[2025-01-29T23:43:59.062+0000] {processor.py:161} INFO - Started process (PID=1314) to work on /home/airflow/.local/lib/python3.8/site-packages/airflow/example_dags/example_xcom.py
[2025-01-29T23:43:59.065+0000] {processor.py:830} INFO - Processing file /home/airflow/.local/lib/python3.8/site-packages/airflow/example_dags/example_xcom.py for tasks to queue
[2025-01-29T23:43:59.070+0000] {logging_mixin.py:188} INFO - [2025-01-29T23:43:59.069+0000] {dagbag.py:538} INFO - Filling up the DagBag from /home/airflow/.local/lib/python3.8/site-packages/airflow/example_dags/example_xcom.py
[2025-01-29T23:43:59.119+0000] {processor.py:840} INFO - DAG(s) 'example_xcom' retrieved from /home/airflow/.local/lib/python3.8/site-packages/airflow/example_dags/example_xcom.py
[2025-01-29T23:43:59.230+0000] {logging_mixin.py:188} INFO - [2025-01-29T23:43:59.229+0000] {dag.py:3036} INFO - Sync 1 DAGs
[2025-01-29T23:43:59.322+0000] {logging_mixin.py:188} INFO - [2025-01-29T23:43:59.321+0000] {dag.py:3823} INFO - Setting next_dagrun for example_xcom to 2021-01-01 00:00:00+00:00, run_after=2021-01-01 00:00:00+00:00
[2025-01-29T23:43:59.476+0000] {processor.py:183} INFO - Processing /home/airflow/.local/lib/python3.8/site-packages/airflow/example_dags/example_xcom.py took 0.433 seconds
[2025-01-29T23:44:31.175+0000] {processor.py:161} INFO - Started process (PID=1371) to work on /home/airflow/.local/lib/python3.8/site-packages/airflow/example_dags/example_xcom.py
[2025-01-29T23:44:31.188+0000] {processor.py:830} INFO - Processing file /home/airflow/.local/lib/python3.8/site-packages/airflow/example_dags/example_xcom.py for tasks to queue
[2025-01-29T23:44:31.201+0000] {logging_mixin.py:188} INFO - [2025-01-29T23:44:31.200+0000] {dagbag.py:538} INFO - Filling up the DagBag from /home/airflow/.local/lib/python3.8/site-packages/airflow/example_dags/example_xcom.py
[2025-01-29T23:44:31.243+0000] {processor.py:840} INFO - DAG(s) 'example_xcom' retrieved from /home/airflow/.local/lib/python3.8/site-packages/airflow/example_dags/example_xcom.py
[2025-01-29T23:44:31.431+0000] {logging_mixin.py:188} INFO - [2025-01-29T23:44:31.431+0000] {dag.py:3036} INFO - Sync 1 DAGs
[2025-01-29T23:44:31.643+0000] {logging_mixin.py:188} INFO - [2025-01-29T23:44:31.632+0000] {dag.py:3823} INFO - Setting next_dagrun for example_xcom to 2021-01-01 00:00:00+00:00, run_after=2021-01-01 00:00:00+00:00
[2025-01-29T23:44:31.840+0000] {processor.py:183} INFO - Processing /home/airflow/.local/lib/python3.8/site-packages/airflow/example_dags/example_xcom.py took 0.683 seconds
[2025-01-29T23:45:04.304+0000] {processor.py:161} INFO - Started process (PID=1432) to work on /home/airflow/.local/lib/python3.8/site-packages/airflow/example_dags/example_xcom.py
[2025-01-29T23:45:04.321+0000] {processor.py:830} INFO - Processing file /home/airflow/.local/lib/python3.8/site-packages/airflow/example_dags/example_xcom.py for tasks to queue
[2025-01-29T23:45:04.341+0000] {logging_mixin.py:188} INFO - [2025-01-29T23:45:04.340+0000] {dagbag.py:538} INFO - Filling up the DagBag from /home/airflow/.local/lib/python3.8/site-packages/airflow/example_dags/example_xcom.py
[2025-01-29T23:45:04.426+0000] {processor.py:840} INFO - DAG(s) 'example_xcom' retrieved from /home/airflow/.local/lib/python3.8/site-packages/airflow/example_dags/example_xcom.py
[2025-01-29T23:45:04.725+0000] {logging_mixin.py:188} INFO - [2025-01-29T23:45:04.724+0000] {dag.py:3036} INFO - Sync 1 DAGs
[2025-01-29T23:45:05.017+0000] {logging_mixin.py:188} INFO - [2025-01-29T23:45:05.006+0000] {dag.py:3823} INFO - Setting next_dagrun for example_xcom to 2021-01-01 00:00:00+00:00, run_after=2021-01-01 00:00:00+00:00
[2025-01-29T23:45:05.228+0000] {processor.py:183} INFO - Processing /home/airflow/.local/lib/python3.8/site-packages/airflow/example_dags/example_xcom.py took 0.953 seconds
[2025-01-29T23:45:36.880+0000] {processor.py:161} INFO - Started process (PID=1488) to work on /home/airflow/.local/lib/python3.8/site-packages/airflow/example_dags/example_xcom.py
[2025-01-29T23:45:36.889+0000] {processor.py:830} INFO - Processing file /home/airflow/.local/lib/python3.8/site-packages/airflow/example_dags/example_xcom.py for tasks to queue
[2025-01-29T23:45:36.896+0000] {logging_mixin.py:188} INFO - [2025-01-29T23:45:36.894+0000] {dagbag.py:538} INFO - Filling up the DagBag from /home/airflow/.local/lib/python3.8/site-packages/airflow/example_dags/example_xcom.py
[2025-01-29T23:45:36.924+0000] {processor.py:840} INFO - DAG(s) 'example_xcom' retrieved from /home/airflow/.local/lib/python3.8/site-packages/airflow/example_dags/example_xcom.py
[2025-01-29T23:45:36.980+0000] {logging_mixin.py:188} INFO - [2025-01-29T23:45:36.980+0000] {dag.py:3036} INFO - Sync 1 DAGs
[2025-01-29T23:45:37.049+0000] {logging_mixin.py:188} INFO - [2025-01-29T23:45:37.048+0000] {dag.py:3823} INFO - Setting next_dagrun for example_xcom to 2021-01-01 00:00:00+00:00, run_after=2021-01-01 00:00:00+00:00
[2025-01-29T23:45:37.119+0000] {processor.py:183} INFO - Processing /home/airflow/.local/lib/python3.8/site-packages/airflow/example_dags/example_xcom.py took 0.247 seconds
[2025-01-29T23:46:07.302+0000] {processor.py:161} INFO - Started process (PID=1544) to work on /home/airflow/.local/lib/python3.8/site-packages/airflow/example_dags/example_xcom.py
[2025-01-29T23:46:07.304+0000] {processor.py:830} INFO - Processing file /home/airflow/.local/lib/python3.8/site-packages/airflow/example_dags/example_xcom.py for tasks to queue
[2025-01-29T23:46:07.308+0000] {logging_mixin.py:188} INFO - [2025-01-29T23:46:07.307+0000] {dagbag.py:538} INFO - Filling up the DagBag from /home/airflow/.local/lib/python3.8/site-packages/airflow/example_dags/example_xcom.py
[2025-01-29T23:46:07.325+0000] {processor.py:840} INFO - DAG(s) 'example_xcom' retrieved from /home/airflow/.local/lib/python3.8/site-packages/airflow/example_dags/example_xcom.py
[2025-01-29T23:46:07.383+0000] {logging_mixin.py:188} INFO - [2025-01-29T23:46:07.383+0000] {dag.py:3036} INFO - Sync 1 DAGs
[2025-01-29T23:46:07.443+0000] {logging_mixin.py:188} INFO - [2025-01-29T23:46:07.442+0000] {dag.py:3823} INFO - Setting next_dagrun for example_xcom to 2021-01-01 00:00:00+00:00, run_after=2021-01-01 00:00:00+00:00
[2025-01-29T23:46:07.519+0000] {processor.py:183} INFO - Processing /home/airflow/.local/lib/python3.8/site-packages/airflow/example_dags/example_xcom.py took 0.224 seconds
[2025-01-29T23:46:43.502+0000] {processor.py:161} INFO - Started process (PID=1603) to work on /home/airflow/.local/lib/python3.8/site-packages/airflow/example_dags/example_xcom.py
[2025-01-29T23:46:43.504+0000] {processor.py:830} INFO - Processing file /home/airflow/.local/lib/python3.8/site-packages/airflow/example_dags/example_xcom.py for tasks to queue
[2025-01-29T23:46:43.508+0000] {logging_mixin.py:188} INFO - [2025-01-29T23:46:43.507+0000] {dagbag.py:538} INFO - Filling up the DagBag from /home/airflow/.local/lib/python3.8/site-packages/airflow/example_dags/example_xcom.py
[2025-01-29T23:46:43.536+0000] {processor.py:840} INFO - DAG(s) 'example_xcom' retrieved from /home/airflow/.local/lib/python3.8/site-packages/airflow/example_dags/example_xcom.py
[2025-01-29T23:46:43.600+0000] {logging_mixin.py:188} INFO - [2025-01-29T23:46:43.600+0000] {dag.py:3036} INFO - Sync 1 DAGs
[2025-01-29T23:46:43.665+0000] {logging_mixin.py:188} INFO - [2025-01-29T23:46:43.664+0000] {dag.py:3823} INFO - Setting next_dagrun for example_xcom to 2021-01-01 00:00:00+00:00, run_after=2021-01-01 00:00:00+00:00
[2025-01-29T23:46:43.718+0000] {processor.py:183} INFO - Processing /home/airflow/.local/lib/python3.8/site-packages/airflow/example_dags/example_xcom.py took 0.227 seconds
[2025-01-29T23:47:17.119+0000] {processor.py:161} INFO - Started process (PID=1655) to work on /home/airflow/.local/lib/python3.8/site-packages/airflow/example_dags/example_xcom.py
[2025-01-29T23:47:17.131+0000] {processor.py:830} INFO - Processing file /home/airflow/.local/lib/python3.8/site-packages/airflow/example_dags/example_xcom.py for tasks to queue
[2025-01-29T23:47:17.143+0000] {logging_mixin.py:188} INFO - [2025-01-29T23:47:17.142+0000] {dagbag.py:538} INFO - Filling up the DagBag from /home/airflow/.local/lib/python3.8/site-packages/airflow/example_dags/example_xcom.py
[2025-01-29T23:47:17.186+0000] {processor.py:840} INFO - DAG(s) 'example_xcom' retrieved from /home/airflow/.local/lib/python3.8/site-packages/airflow/example_dags/example_xcom.py
[2025-01-29T23:47:17.282+0000] {logging_mixin.py:188} INFO - [2025-01-29T23:47:17.281+0000] {dag.py:3036} INFO - Sync 1 DAGs
[2025-01-29T23:47:17.368+0000] {logging_mixin.py:188} INFO - [2025-01-29T23:47:17.368+0000] {dag.py:3823} INFO - Setting next_dagrun for example_xcom to 2021-01-01 00:00:00+00:00, run_after=2021-01-01 00:00:00+00:00
[2025-01-29T23:47:17.472+0000] {processor.py:183} INFO - Processing /home/airflow/.local/lib/python3.8/site-packages/airflow/example_dags/example_xcom.py took 0.361 seconds
[2025-01-29T23:47:47.952+0000] {processor.py:161} INFO - Started process (PID=1711) to work on /home/airflow/.local/lib/python3.8/site-packages/airflow/example_dags/example_xcom.py
[2025-01-29T23:47:47.977+0000] {processor.py:830} INFO - Processing file /home/airflow/.local/lib/python3.8/site-packages/airflow/example_dags/example_xcom.py for tasks to queue
[2025-01-29T23:47:47.983+0000] {logging_mixin.py:188} INFO - [2025-01-29T23:47:47.982+0000] {dagbag.py:538} INFO - Filling up the DagBag from /home/airflow/.local/lib/python3.8/site-packages/airflow/example_dags/example_xcom.py
[2025-01-29T23:47:48.013+0000] {processor.py:840} INFO - DAG(s) 'example_xcom' retrieved from /home/airflow/.local/lib/python3.8/site-packages/airflow/example_dags/example_xcom.py
[2025-01-29T23:47:48.111+0000] {logging_mixin.py:188} INFO - [2025-01-29T23:47:48.110+0000] {dag.py:3036} INFO - Sync 1 DAGs
[2025-01-29T23:47:48.199+0000] {logging_mixin.py:188} INFO - [2025-01-29T23:47:48.197+0000] {dag.py:3823} INFO - Setting next_dagrun for example_xcom to 2021-01-01 00:00:00+00:00, run_after=2021-01-01 00:00:00+00:00
[2025-01-29T23:47:48.279+0000] {processor.py:183} INFO - Processing /home/airflow/.local/lib/python3.8/site-packages/airflow/example_dags/example_xcom.py took 0.334 seconds
[2025-01-29T23:48:18.477+0000] {processor.py:161} INFO - Started process (PID=1767) to work on /home/airflow/.local/lib/python3.8/site-packages/airflow/example_dags/example_xcom.py
[2025-01-29T23:48:18.603+0000] {processor.py:830} INFO - Processing file /home/airflow/.local/lib/python3.8/site-packages/airflow/example_dags/example_xcom.py for tasks to queue
[2025-01-29T23:48:18.606+0000] {logging_mixin.py:188} INFO - [2025-01-29T23:48:18.605+0000] {dagbag.py:538} INFO - Filling up the DagBag from /home/airflow/.local/lib/python3.8/site-packages/airflow/example_dags/example_xcom.py
[2025-01-29T23:48:18.638+0000] {processor.py:840} INFO - DAG(s) 'example_xcom' retrieved from /home/airflow/.local/lib/python3.8/site-packages/airflow/example_dags/example_xcom.py
[2025-01-29T23:48:18.744+0000] {logging_mixin.py:188} INFO - [2025-01-29T23:48:18.743+0000] {dag.py:3036} INFO - Sync 1 DAGs
[2025-01-29T23:48:18.862+0000] {logging_mixin.py:188} INFO - [2025-01-29T23:48:18.861+0000] {dag.py:3823} INFO - Setting next_dagrun for example_xcom to 2021-01-01 00:00:00+00:00, run_after=2021-01-01 00:00:00+00:00
[2025-01-29T23:48:18.993+0000] {processor.py:183} INFO - Processing /home/airflow/.local/lib/python3.8/site-packages/airflow/example_dags/example_xcom.py took 0.526 seconds
[2025-01-29T23:48:49.185+0000] {processor.py:161} INFO - Started process (PID=1823) to work on /home/airflow/.local/lib/python3.8/site-packages/airflow/example_dags/example_xcom.py
[2025-01-29T23:48:49.187+0000] {processor.py:830} INFO - Processing file /home/airflow/.local/lib/python3.8/site-packages/airflow/example_dags/example_xcom.py for tasks to queue
[2025-01-29T23:48:49.189+0000] {logging_mixin.py:188} INFO - [2025-01-29T23:48:49.188+0000] {dagbag.py:538} INFO - Filling up the DagBag from /home/airflow/.local/lib/python3.8/site-packages/airflow/example_dags/example_xcom.py
[2025-01-29T23:48:49.204+0000] {processor.py:840} INFO - DAG(s) 'example_xcom' retrieved from /home/airflow/.local/lib/python3.8/site-packages/airflow/example_dags/example_xcom.py
[2025-01-29T23:48:49.255+0000] {logging_mixin.py:188} INFO - [2025-01-29T23:48:49.254+0000] {dag.py:3036} INFO - Sync 1 DAGs
[2025-01-29T23:48:49.307+0000] {logging_mixin.py:188} INFO - [2025-01-29T23:48:49.306+0000] {dag.py:3823} INFO - Setting next_dagrun for example_xcom to 2021-01-01 00:00:00+00:00, run_after=2021-01-01 00:00:00+00:00
[2025-01-29T23:48:49.345+0000] {processor.py:183} INFO - Processing /home/airflow/.local/lib/python3.8/site-packages/airflow/example_dags/example_xcom.py took 0.165 seconds
[2025-01-29T23:49:19.392+0000] {processor.py:161} INFO - Started process (PID=1877) to work on /home/airflow/.local/lib/python3.8/site-packages/airflow/example_dags/example_xcom.py
[2025-01-29T23:49:19.393+0000] {processor.py:830} INFO - Processing file /home/airflow/.local/lib/python3.8/site-packages/airflow/example_dags/example_xcom.py for tasks to queue
[2025-01-29T23:49:19.395+0000] {logging_mixin.py:188} INFO - [2025-01-29T23:49:19.394+0000] {dagbag.py:538} INFO - Filling up the DagBag from /home/airflow/.local/lib/python3.8/site-packages/airflow/example_dags/example_xcom.py
[2025-01-29T23:49:19.407+0000] {processor.py:840} INFO - DAG(s) 'example_xcom' retrieved from /home/airflow/.local/lib/python3.8/site-packages/airflow/example_dags/example_xcom.py
[2025-01-29T23:49:19.444+0000] {logging_mixin.py:188} INFO - [2025-01-29T23:49:19.443+0000] {dag.py:3036} INFO - Sync 1 DAGs
[2025-01-29T23:49:19.491+0000] {logging_mixin.py:188} INFO - [2025-01-29T23:49:19.490+0000] {dag.py:3823} INFO - Setting next_dagrun for example_xcom to 2021-01-01 00:00:00+00:00, run_after=2021-01-01 00:00:00+00:00
[2025-01-29T23:49:19.524+0000] {processor.py:183} INFO - Processing /home/airflow/.local/lib/python3.8/site-packages/airflow/example_dags/example_xcom.py took 0.135 seconds
[2025-01-29T23:49:49.746+0000] {processor.py:161} INFO - Started process (PID=1933) to work on /home/airflow/.local/lib/python3.8/site-packages/airflow/example_dags/example_xcom.py
[2025-01-29T23:49:49.747+0000] {processor.py:830} INFO - Processing file /home/airflow/.local/lib/python3.8/site-packages/airflow/example_dags/example_xcom.py for tasks to queue
[2025-01-29T23:49:49.749+0000] {logging_mixin.py:188} INFO - [2025-01-29T23:49:49.748+0000] {dagbag.py:538} INFO - Filling up the DagBag from /home/airflow/.local/lib/python3.8/site-packages/airflow/example_dags/example_xcom.py
[2025-01-29T23:49:49.759+0000] {processor.py:840} INFO - DAG(s) 'example_xcom' retrieved from /home/airflow/.local/lib/python3.8/site-packages/airflow/example_dags/example_xcom.py
[2025-01-29T23:49:49.790+0000] {logging_mixin.py:188} INFO - [2025-01-29T23:49:49.790+0000] {dag.py:3036} INFO - Sync 1 DAGs
[2025-01-29T23:49:49.820+0000] {logging_mixin.py:188} INFO - [2025-01-29T23:49:49.820+0000] {dag.py:3823} INFO - Setting next_dagrun for example_xcom to 2021-01-01 00:00:00+00:00, run_after=2021-01-01 00:00:00+00:00
[2025-01-29T23:49:49.849+0000] {processor.py:183} INFO - Processing /home/airflow/.local/lib/python3.8/site-packages/airflow/example_dags/example_xcom.py took 0.107 seconds
[2025-01-29T23:50:21.436+0000] {processor.py:161} INFO - Started process (PID=1989) to work on /home/airflow/.local/lib/python3.8/site-packages/airflow/example_dags/example_xcom.py
[2025-01-29T23:50:21.448+0000] {processor.py:830} INFO - Processing file /home/airflow/.local/lib/python3.8/site-packages/airflow/example_dags/example_xcom.py for tasks to queue
[2025-01-29T23:50:21.463+0000] {logging_mixin.py:188} INFO - [2025-01-29T23:50:21.462+0000] {dagbag.py:538} INFO - Filling up the DagBag from /home/airflow/.local/lib/python3.8/site-packages/airflow/example_dags/example_xcom.py
[2025-01-29T23:50:21.544+0000] {processor.py:840} INFO - DAG(s) 'example_xcom' retrieved from /home/airflow/.local/lib/python3.8/site-packages/airflow/example_dags/example_xcom.py
[2025-01-29T23:50:21.882+0000] {logging_mixin.py:188} INFO - [2025-01-29T23:50:21.870+0000] {dag.py:3036} INFO - Sync 1 DAGs
[2025-01-29T23:50:22.184+0000] {logging_mixin.py:188} INFO - [2025-01-29T23:50:22.183+0000] {dag.py:3823} INFO - Setting next_dagrun for example_xcom to 2021-01-01 00:00:00+00:00, run_after=2021-01-01 00:00:00+00:00
[2025-01-29T23:50:22.469+0000] {processor.py:183} INFO - Processing /home/airflow/.local/lib/python3.8/site-packages/airflow/example_dags/example_xcom.py took 1.059 seconds
[2025-01-29T23:50:52.738+0000] {processor.py:161} INFO - Started process (PID=2046) to work on /home/airflow/.local/lib/python3.8/site-packages/airflow/example_dags/example_xcom.py
[2025-01-29T23:50:52.740+0000] {processor.py:830} INFO - Processing file /home/airflow/.local/lib/python3.8/site-packages/airflow/example_dags/example_xcom.py for tasks to queue
[2025-01-29T23:50:52.741+0000] {logging_mixin.py:188} INFO - [2025-01-29T23:50:52.741+0000] {dagbag.py:538} INFO - Filling up the DagBag from /home/airflow/.local/lib/python3.8/site-packages/airflow/example_dags/example_xcom.py
[2025-01-29T23:50:52.756+0000] {processor.py:840} INFO - DAG(s) 'example_xcom' retrieved from /home/airflow/.local/lib/python3.8/site-packages/airflow/example_dags/example_xcom.py
[2025-01-29T23:50:52.797+0000] {logging_mixin.py:188} INFO - [2025-01-29T23:50:52.796+0000] {dag.py:3036} INFO - Sync 1 DAGs
[2025-01-29T23:50:52.842+0000] {logging_mixin.py:188} INFO - [2025-01-29T23:50:52.841+0000] {dag.py:3823} INFO - Setting next_dagrun for example_xcom to 2021-01-01 00:00:00+00:00, run_after=2021-01-01 00:00:00+00:00
[2025-01-29T23:50:52.878+0000] {processor.py:183} INFO - Processing /home/airflow/.local/lib/python3.8/site-packages/airflow/example_dags/example_xcom.py took 0.146 seconds
[2025-01-29T23:51:23.085+0000] {processor.py:161} INFO - Started process (PID=2101) to work on /home/airflow/.local/lib/python3.8/site-packages/airflow/example_dags/example_xcom.py
[2025-01-29T23:51:23.087+0000] {processor.py:830} INFO - Processing file /home/airflow/.local/lib/python3.8/site-packages/airflow/example_dags/example_xcom.py for tasks to queue
[2025-01-29T23:51:23.090+0000] {logging_mixin.py:188} INFO - [2025-01-29T23:51:23.089+0000] {dagbag.py:538} INFO - Filling up the DagBag from /home/airflow/.local/lib/python3.8/site-packages/airflow/example_dags/example_xcom.py
[2025-01-29T23:51:23.105+0000] {processor.py:840} INFO - DAG(s) 'example_xcom' retrieved from /home/airflow/.local/lib/python3.8/site-packages/airflow/example_dags/example_xcom.py
[2025-01-29T23:51:23.152+0000] {logging_mixin.py:188} INFO - [2025-01-29T23:51:23.152+0000] {dag.py:3036} INFO - Sync 1 DAGs
[2025-01-29T23:51:23.212+0000] {logging_mixin.py:188} INFO - [2025-01-29T23:51:23.212+0000] {dag.py:3823} INFO - Setting next_dagrun for example_xcom to 2021-01-01 00:00:00+00:00, run_after=2021-01-01 00:00:00+00:00
[2025-01-29T23:51:23.268+0000] {processor.py:183} INFO - Processing /home/airflow/.local/lib/python3.8/site-packages/airflow/example_dags/example_xcom.py took 0.190 seconds
[2025-01-29T23:51:54.257+0000] {processor.py:161} INFO - Started process (PID=2157) to work on /home/airflow/.local/lib/python3.8/site-packages/airflow/example_dags/example_xcom.py
[2025-01-29T23:51:54.259+0000] {processor.py:830} INFO - Processing file /home/airflow/.local/lib/python3.8/site-packages/airflow/example_dags/example_xcom.py for tasks to queue
[2025-01-29T23:51:54.260+0000] {logging_mixin.py:188} INFO - [2025-01-29T23:51:54.260+0000] {dagbag.py:538} INFO - Filling up the DagBag from /home/airflow/.local/lib/python3.8/site-packages/airflow/example_dags/example_xcom.py
[2025-01-29T23:51:54.277+0000] {processor.py:840} INFO - DAG(s) 'example_xcom' retrieved from /home/airflow/.local/lib/python3.8/site-packages/airflow/example_dags/example_xcom.py
[2025-01-29T23:51:54.324+0000] {logging_mixin.py:188} INFO - [2025-01-29T23:51:54.323+0000] {dag.py:3036} INFO - Sync 1 DAGs
[2025-01-29T23:51:54.385+0000] {logging_mixin.py:188} INFO - [2025-01-29T23:51:54.384+0000] {dag.py:3823} INFO - Setting next_dagrun for example_xcom to 2021-01-01 00:00:00+00:00, run_after=2021-01-01 00:00:00+00:00
[2025-01-29T23:51:54.426+0000] {processor.py:183} INFO - Processing /home/airflow/.local/lib/python3.8/site-packages/airflow/example_dags/example_xcom.py took 0.175 seconds
[2025-01-29T23:52:25.808+0000] {processor.py:161} INFO - Started process (PID=2214) to work on /home/airflow/.local/lib/python3.8/site-packages/airflow/example_dags/example_xcom.py
[2025-01-29T23:52:25.827+0000] {processor.py:830} INFO - Processing file /home/airflow/.local/lib/python3.8/site-packages/airflow/example_dags/example_xcom.py for tasks to queue
[2025-01-29T23:52:25.849+0000] {logging_mixin.py:188} INFO - [2025-01-29T23:52:25.849+0000] {dagbag.py:538} INFO - Filling up the DagBag from /home/airflow/.local/lib/python3.8/site-packages/airflow/example_dags/example_xcom.py
[2025-01-29T23:52:25.906+0000] {processor.py:840} INFO - DAG(s) 'example_xcom' retrieved from /home/airflow/.local/lib/python3.8/site-packages/airflow/example_dags/example_xcom.py
[2025-01-29T23:52:26.106+0000] {logging_mixin.py:188} INFO - [2025-01-29T23:52:26.105+0000] {dag.py:3036} INFO - Sync 1 DAGs
[2025-01-29T23:52:26.286+0000] {logging_mixin.py:188} INFO - [2025-01-29T23:52:26.285+0000] {dag.py:3823} INFO - Setting next_dagrun for example_xcom to 2021-01-01 00:00:00+00:00, run_after=2021-01-01 00:00:00+00:00
[2025-01-29T23:52:26.428+0000] {processor.py:183} INFO - Processing /home/airflow/.local/lib/python3.8/site-packages/airflow/example_dags/example_xcom.py took 0.661 seconds
[2025-01-29T23:52:56.835+0000] {processor.py:161} INFO - Started process (PID=2270) to work on /home/airflow/.local/lib/python3.8/site-packages/airflow/example_dags/example_xcom.py
[2025-01-29T23:52:56.846+0000] {processor.py:830} INFO - Processing file /home/airflow/.local/lib/python3.8/site-packages/airflow/example_dags/example_xcom.py for tasks to queue
[2025-01-29T23:52:56.851+0000] {logging_mixin.py:188} INFO - [2025-01-29T23:52:56.850+0000] {dagbag.py:538} INFO - Filling up the DagBag from /home/airflow/.local/lib/python3.8/site-packages/airflow/example_dags/example_xcom.py
[2025-01-29T23:52:56.922+0000] {processor.py:840} INFO - DAG(s) 'example_xcom' retrieved from /home/airflow/.local/lib/python3.8/site-packages/airflow/example_dags/example_xcom.py
[2025-01-29T23:52:57.007+0000] {logging_mixin.py:188} INFO - [2025-01-29T23:52:57.007+0000] {dag.py:3036} INFO - Sync 1 DAGs
[2025-01-29T23:52:57.116+0000] {logging_mixin.py:188} INFO - [2025-01-29T23:52:57.114+0000] {dag.py:3823} INFO - Setting next_dagrun for example_xcom to 2021-01-01 00:00:00+00:00, run_after=2021-01-01 00:00:00+00:00
[2025-01-29T23:52:57.198+0000] {processor.py:183} INFO - Processing /home/airflow/.local/lib/python3.8/site-packages/airflow/example_dags/example_xcom.py took 0.389 seconds
[2025-01-29T23:53:28.121+0000] {processor.py:161} INFO - Started process (PID=2331) to work on /home/airflow/.local/lib/python3.8/site-packages/airflow/example_dags/example_xcom.py
[2025-01-29T23:53:28.138+0000] {processor.py:830} INFO - Processing file /home/airflow/.local/lib/python3.8/site-packages/airflow/example_dags/example_xcom.py for tasks to queue
[2025-01-29T23:53:28.151+0000] {logging_mixin.py:188} INFO - [2025-01-29T23:53:28.150+0000] {dagbag.py:538} INFO - Filling up the DagBag from /home/airflow/.local/lib/python3.8/site-packages/airflow/example_dags/example_xcom.py
[2025-01-29T23:53:28.235+0000] {processor.py:840} INFO - DAG(s) 'example_xcom' retrieved from /home/airflow/.local/lib/python3.8/site-packages/airflow/example_dags/example_xcom.py
[2025-01-29T23:53:28.386+0000] {logging_mixin.py:188} INFO - [2025-01-29T23:53:28.385+0000] {dag.py:3036} INFO - Sync 1 DAGs
[2025-01-29T23:53:28.488+0000] {logging_mixin.py:188} INFO - [2025-01-29T23:53:28.487+0000] {dag.py:3823} INFO - Setting next_dagrun for example_xcom to 2021-01-01 00:00:00+00:00, run_after=2021-01-01 00:00:00+00:00
[2025-01-29T23:53:28.570+0000] {processor.py:183} INFO - Processing /home/airflow/.local/lib/python3.8/site-packages/airflow/example_dags/example_xcom.py took 0.511 seconds
[2025-01-29T23:53:58.989+0000] {processor.py:161} INFO - Started process (PID=2387) to work on /home/airflow/.local/lib/python3.8/site-packages/airflow/example_dags/example_xcom.py
[2025-01-29T23:53:58.992+0000] {processor.py:830} INFO - Processing file /home/airflow/.local/lib/python3.8/site-packages/airflow/example_dags/example_xcom.py for tasks to queue
[2025-01-29T23:53:58.994+0000] {logging_mixin.py:188} INFO - [2025-01-29T23:53:58.994+0000] {dagbag.py:538} INFO - Filling up the DagBag from /home/airflow/.local/lib/python3.8/site-packages/airflow/example_dags/example_xcom.py
[2025-01-29T23:53:59.013+0000] {processor.py:840} INFO - DAG(s) 'example_xcom' retrieved from /home/airflow/.local/lib/python3.8/site-packages/airflow/example_dags/example_xcom.py
[2025-01-29T23:53:59.061+0000] {logging_mixin.py:188} INFO - [2025-01-29T23:53:59.061+0000] {dag.py:3036} INFO - Sync 1 DAGs
[2025-01-29T23:53:59.112+0000] {logging_mixin.py:188} INFO - [2025-01-29T23:53:59.112+0000] {dag.py:3823} INFO - Setting next_dagrun for example_xcom to 2021-01-01 00:00:00+00:00, run_after=2021-01-01 00:00:00+00:00
[2025-01-29T23:53:59.151+0000] {processor.py:183} INFO - Processing /home/airflow/.local/lib/python3.8/site-packages/airflow/example_dags/example_xcom.py took 0.170 seconds
[2025-01-29T23:54:30.902+0000] {processor.py:161} INFO - Started process (PID=2443) to work on /home/airflow/.local/lib/python3.8/site-packages/airflow/example_dags/example_xcom.py
[2025-01-29T23:54:30.906+0000] {processor.py:830} INFO - Processing file /home/airflow/.local/lib/python3.8/site-packages/airflow/example_dags/example_xcom.py for tasks to queue
[2025-01-29T23:54:30.912+0000] {logging_mixin.py:188} INFO - [2025-01-29T23:54:30.911+0000] {dagbag.py:538} INFO - Filling up the DagBag from /home/airflow/.local/lib/python3.8/site-packages/airflow/example_dags/example_xcom.py
[2025-01-29T23:54:30.935+0000] {processor.py:840} INFO - DAG(s) 'example_xcom' retrieved from /home/airflow/.local/lib/python3.8/site-packages/airflow/example_dags/example_xcom.py
[2025-01-29T23:54:31.000+0000] {logging_mixin.py:188} INFO - [2025-01-29T23:54:31.000+0000] {dag.py:3036} INFO - Sync 1 DAGs
[2025-01-29T23:54:31.085+0000] {logging_mixin.py:188} INFO - [2025-01-29T23:54:31.084+0000] {dag.py:3823} INFO - Setting next_dagrun for example_xcom to 2021-01-01 00:00:00+00:00, run_after=2021-01-01 00:00:00+00:00
[2025-01-29T23:54:31.140+0000] {processor.py:183} INFO - Processing /home/airflow/.local/lib/python3.8/site-packages/airflow/example_dags/example_xcom.py took 0.248 seconds
[2025-01-29T23:55:01.289+0000] {processor.py:161} INFO - Started process (PID=2498) to work on /home/airflow/.local/lib/python3.8/site-packages/airflow/example_dags/example_xcom.py
[2025-01-29T23:55:01.292+0000] {processor.py:830} INFO - Processing file /home/airflow/.local/lib/python3.8/site-packages/airflow/example_dags/example_xcom.py for tasks to queue
[2025-01-29T23:55:01.295+0000] {logging_mixin.py:188} INFO - [2025-01-29T23:55:01.294+0000] {dagbag.py:538} INFO - Filling up the DagBag from /home/airflow/.local/lib/python3.8/site-packages/airflow/example_dags/example_xcom.py
[2025-01-29T23:55:01.313+0000] {processor.py:840} INFO - DAG(s) 'example_xcom' retrieved from /home/airflow/.local/lib/python3.8/site-packages/airflow/example_dags/example_xcom.py
[2025-01-29T23:55:01.373+0000] {logging_mixin.py:188} INFO - [2025-01-29T23:55:01.373+0000] {dag.py:3036} INFO - Sync 1 DAGs
[2025-01-29T23:55:01.448+0000] {logging_mixin.py:188} INFO - [2025-01-29T23:55:01.448+0000] {dag.py:3823} INFO - Setting next_dagrun for example_xcom to 2021-01-01 00:00:00+00:00, run_after=2021-01-01 00:00:00+00:00
[2025-01-29T23:55:01.761+0000] {processor.py:183} INFO - Processing /home/airflow/.local/lib/python3.8/site-packages/airflow/example_dags/example_xcom.py took 0.482 seconds
[2025-01-29T23:55:32.113+0000] {processor.py:161} INFO - Started process (PID=2553) to work on /home/airflow/.local/lib/python3.8/site-packages/airflow/example_dags/example_xcom.py
[2025-01-29T23:55:32.127+0000] {processor.py:830} INFO - Processing file /home/airflow/.local/lib/python3.8/site-packages/airflow/example_dags/example_xcom.py for tasks to queue
[2025-01-29T23:55:32.131+0000] {logging_mixin.py:188} INFO - [2025-01-29T23:55:32.130+0000] {dagbag.py:538} INFO - Filling up the DagBag from /home/airflow/.local/lib/python3.8/site-packages/airflow/example_dags/example_xcom.py
[2025-01-29T23:55:32.199+0000] {processor.py:840} INFO - DAG(s) 'example_xcom' retrieved from /home/airflow/.local/lib/python3.8/site-packages/airflow/example_dags/example_xcom.py
[2025-01-29T23:55:32.296+0000] {logging_mixin.py:188} INFO - [2025-01-29T23:55:32.296+0000] {dag.py:3036} INFO - Sync 1 DAGs
[2025-01-29T23:55:32.363+0000] {logging_mixin.py:188} INFO - [2025-01-29T23:55:32.362+0000] {dag.py:3823} INFO - Setting next_dagrun for example_xcom to 2021-01-01 00:00:00+00:00, run_after=2021-01-01 00:00:00+00:00
[2025-01-29T23:55:32.964+0000] {processor.py:183} INFO - Processing /home/airflow/.local/lib/python3.8/site-packages/airflow/example_dags/example_xcom.py took 0.860 seconds
[2025-01-29T23:56:03.689+0000] {processor.py:161} INFO - Started process (PID=2609) to work on /home/airflow/.local/lib/python3.8/site-packages/airflow/example_dags/example_xcom.py
[2025-01-29T23:56:03.705+0000] {processor.py:830} INFO - Processing file /home/airflow/.local/lib/python3.8/site-packages/airflow/example_dags/example_xcom.py for tasks to queue
[2025-01-29T23:56:03.709+0000] {logging_mixin.py:188} INFO - [2025-01-29T23:56:03.708+0000] {dagbag.py:538} INFO - Filling up the DagBag from /home/airflow/.local/lib/python3.8/site-packages/airflow/example_dags/example_xcom.py
[2025-01-29T23:56:03.795+0000] {processor.py:840} INFO - DAG(s) 'example_xcom' retrieved from /home/airflow/.local/lib/python3.8/site-packages/airflow/example_dags/example_xcom.py
[2025-01-29T23:56:03.923+0000] {logging_mixin.py:188} INFO - [2025-01-29T23:56:03.922+0000] {dag.py:3036} INFO - Sync 1 DAGs
[2025-01-29T23:56:04.052+0000] {logging_mixin.py:188} INFO - [2025-01-29T23:56:04.051+0000] {dag.py:3823} INFO - Setting next_dagrun for example_xcom to 2021-01-01 00:00:00+00:00, run_after=2021-01-01 00:00:00+00:00
[2025-01-29T23:56:04.162+0000] {processor.py:183} INFO - Processing /home/airflow/.local/lib/python3.8/site-packages/airflow/example_dags/example_xcom.py took 0.491 seconds
[2025-01-29T23:56:34.369+0000] {processor.py:161} INFO - Started process (PID=2664) to work on /home/airflow/.local/lib/python3.8/site-packages/airflow/example_dags/example_xcom.py
[2025-01-29T23:56:34.398+0000] {processor.py:830} INFO - Processing file /home/airflow/.local/lib/python3.8/site-packages/airflow/example_dags/example_xcom.py for tasks to queue
[2025-01-29T23:56:34.420+0000] {logging_mixin.py:188} INFO - [2025-01-29T23:56:34.419+0000] {dagbag.py:538} INFO - Filling up the DagBag from /home/airflow/.local/lib/python3.8/site-packages/airflow/example_dags/example_xcom.py
[2025-01-29T23:56:34.458+0000] {processor.py:840} INFO - DAG(s) 'example_xcom' retrieved from /home/airflow/.local/lib/python3.8/site-packages/airflow/example_dags/example_xcom.py
[2025-01-29T23:56:34.532+0000] {logging_mixin.py:188} INFO - [2025-01-29T23:56:34.532+0000] {dag.py:3036} INFO - Sync 1 DAGs
[2025-01-29T23:56:34.585+0000] {logging_mixin.py:188} INFO - [2025-01-29T23:56:34.585+0000] {dag.py:3823} INFO - Setting next_dagrun for example_xcom to 2021-01-01 00:00:00+00:00, run_after=2021-01-01 00:00:00+00:00
[2025-01-29T23:56:34.633+0000] {processor.py:183} INFO - Processing /home/airflow/.local/lib/python3.8/site-packages/airflow/example_dags/example_xcom.py took 0.285 seconds
[2025-01-29T23:57:05.948+0000] {processor.py:161} INFO - Started process (PID=2722) to work on /home/airflow/.local/lib/python3.8/site-packages/airflow/example_dags/example_xcom.py
[2025-01-29T23:57:06.105+0000] {processor.py:830} INFO - Processing file /home/airflow/.local/lib/python3.8/site-packages/airflow/example_dags/example_xcom.py for tasks to queue
[2025-01-29T23:57:06.185+0000] {logging_mixin.py:188} INFO - [2025-01-29T23:57:06.184+0000] {dagbag.py:538} INFO - Filling up the DagBag from /home/airflow/.local/lib/python3.8/site-packages/airflow/example_dags/example_xcom.py
[2025-01-29T23:57:06.296+0000] {processor.py:840} INFO - DAG(s) 'example_xcom' retrieved from /home/airflow/.local/lib/python3.8/site-packages/airflow/example_dags/example_xcom.py
[2025-01-29T23:57:06.418+0000] {logging_mixin.py:188} INFO - [2025-01-29T23:57:06.417+0000] {dag.py:3036} INFO - Sync 1 DAGs
[2025-01-29T23:57:06.593+0000] {logging_mixin.py:188} INFO - [2025-01-29T23:57:06.592+0000] {dag.py:3823} INFO - Setting next_dagrun for example_xcom to 2021-01-01 00:00:00+00:00, run_after=2021-01-01 00:00:00+00:00
[2025-01-29T23:57:06.814+0000] {processor.py:183} INFO - Processing /home/airflow/.local/lib/python3.8/site-packages/airflow/example_dags/example_xcom.py took 0.913 seconds
[2025-01-29T23:57:37.367+0000] {processor.py:161} INFO - Started process (PID=2778) to work on /home/airflow/.local/lib/python3.8/site-packages/airflow/example_dags/example_xcom.py
[2025-01-29T23:57:37.370+0000] {processor.py:830} INFO - Processing file /home/airflow/.local/lib/python3.8/site-packages/airflow/example_dags/example_xcom.py for tasks to queue
[2025-01-29T23:57:37.375+0000] {logging_mixin.py:188} INFO - [2025-01-29T23:57:37.374+0000] {dagbag.py:538} INFO - Filling up the DagBag from /home/airflow/.local/lib/python3.8/site-packages/airflow/example_dags/example_xcom.py
[2025-01-29T23:57:37.429+0000] {processor.py:840} INFO - DAG(s) 'example_xcom' retrieved from /home/airflow/.local/lib/python3.8/site-packages/airflow/example_dags/example_xcom.py
[2025-01-29T23:57:37.526+0000] {logging_mixin.py:188} INFO - [2025-01-29T23:57:37.525+0000] {dag.py:3036} INFO - Sync 1 DAGs
[2025-01-29T23:57:37.603+0000] {logging_mixin.py:188} INFO - [2025-01-29T23:57:37.602+0000] {dag.py:3823} INFO - Setting next_dagrun for example_xcom to 2021-01-01 00:00:00+00:00, run_after=2021-01-01 00:00:00+00:00
[2025-01-29T23:57:37.676+0000] {processor.py:183} INFO - Processing /home/airflow/.local/lib/python3.8/site-packages/airflow/example_dags/example_xcom.py took 0.324 seconds
[2025-01-29T23:58:10.773+0000] {processor.py:161} INFO - Started process (PID=2834) to work on /home/airflow/.local/lib/python3.8/site-packages/airflow/example_dags/example_xcom.py
[2025-01-29T23:58:10.778+0000] {processor.py:830} INFO - Processing file /home/airflow/.local/lib/python3.8/site-packages/airflow/example_dags/example_xcom.py for tasks to queue
[2025-01-29T23:58:10.794+0000] {logging_mixin.py:188} INFO - [2025-01-29T23:58:10.793+0000] {dagbag.py:538} INFO - Filling up the DagBag from /home/airflow/.local/lib/python3.8/site-packages/airflow/example_dags/example_xcom.py
[2025-01-29T23:58:10.845+0000] {processor.py:840} INFO - DAG(s) 'example_xcom' retrieved from /home/airflow/.local/lib/python3.8/site-packages/airflow/example_dags/example_xcom.py
[2025-01-29T23:58:12.041+0000] {logging_mixin.py:188} INFO - [2025-01-29T23:58:12.040+0000] {dag.py:3036} INFO - Sync 1 DAGs
[2025-01-29T23:58:12.154+0000] {logging_mixin.py:188} INFO - [2025-01-29T23:58:12.153+0000] {dag.py:3823} INFO - Setting next_dagrun for example_xcom to 2021-01-01 00:00:00+00:00, run_after=2021-01-01 00:00:00+00:00
[2025-01-29T23:58:12.271+0000] {processor.py:183} INFO - Processing /home/airflow/.local/lib/python3.8/site-packages/airflow/example_dags/example_xcom.py took 1.517 seconds
[2025-01-29T23:58:42.913+0000] {processor.py:161} INFO - Started process (PID=2890) to work on /home/airflow/.local/lib/python3.8/site-packages/airflow/example_dags/example_xcom.py
[2025-01-29T23:58:42.928+0000] {processor.py:830} INFO - Processing file /home/airflow/.local/lib/python3.8/site-packages/airflow/example_dags/example_xcom.py for tasks to queue
[2025-01-29T23:58:42.940+0000] {logging_mixin.py:188} INFO - [2025-01-29T23:58:42.939+0000] {dagbag.py:538} INFO - Filling up the DagBag from /home/airflow/.local/lib/python3.8/site-packages/airflow/example_dags/example_xcom.py
[2025-01-29T23:58:42.992+0000] {processor.py:840} INFO - DAG(s) 'example_xcom' retrieved from /home/airflow/.local/lib/python3.8/site-packages/airflow/example_dags/example_xcom.py
[2025-01-29T23:58:43.462+0000] {logging_mixin.py:188} INFO - [2025-01-29T23:58:43.435+0000] {dag.py:3036} INFO - Sync 1 DAGs
[2025-01-29T23:58:43.838+0000] {logging_mixin.py:188} INFO - [2025-01-29T23:58:43.837+0000] {dag.py:3823} INFO - Setting next_dagrun for example_xcom to 2021-01-01 00:00:00+00:00, run_after=2021-01-01 00:00:00+00:00
[2025-01-29T23:58:43.989+0000] {processor.py:183} INFO - Processing /home/airflow/.local/lib/python3.8/site-packages/airflow/example_dags/example_xcom.py took 1.094 seconds
[2025-01-29T23:59:14.409+0000] {processor.py:161} INFO - Started process (PID=2944) to work on /home/airflow/.local/lib/python3.8/site-packages/airflow/example_dags/example_xcom.py
[2025-01-29T23:59:14.413+0000] {processor.py:830} INFO - Processing file /home/airflow/.local/lib/python3.8/site-packages/airflow/example_dags/example_xcom.py for tasks to queue
[2025-01-29T23:59:14.416+0000] {logging_mixin.py:188} INFO - [2025-01-29T23:59:14.415+0000] {dagbag.py:538} INFO - Filling up the DagBag from /home/airflow/.local/lib/python3.8/site-packages/airflow/example_dags/example_xcom.py
[2025-01-29T23:59:14.449+0000] {processor.py:840} INFO - DAG(s) 'example_xcom' retrieved from /home/airflow/.local/lib/python3.8/site-packages/airflow/example_dags/example_xcom.py
[2025-01-29T23:59:14.523+0000] {logging_mixin.py:188} INFO - [2025-01-29T23:59:14.523+0000] {dag.py:3036} INFO - Sync 1 DAGs
[2025-01-29T23:59:14.609+0000] {logging_mixin.py:188} INFO - [2025-01-29T23:59:14.608+0000] {dag.py:3823} INFO - Setting next_dagrun for example_xcom to 2021-01-01 00:00:00+00:00, run_after=2021-01-01 00:00:00+00:00
[2025-01-29T23:59:14.683+0000] {processor.py:183} INFO - Processing /home/airflow/.local/lib/python3.8/site-packages/airflow/example_dags/example_xcom.py took 0.291 seconds
[2025-01-29T23:59:44.905+0000] {processor.py:161} INFO - Started process (PID=3000) to work on /home/airflow/.local/lib/python3.8/site-packages/airflow/example_dags/example_xcom.py
[2025-01-29T23:59:44.907+0000] {processor.py:830} INFO - Processing file /home/airflow/.local/lib/python3.8/site-packages/airflow/example_dags/example_xcom.py for tasks to queue
[2025-01-29T23:59:44.909+0000] {logging_mixin.py:188} INFO - [2025-01-29T23:59:44.909+0000] {dagbag.py:538} INFO - Filling up the DagBag from /home/airflow/.local/lib/python3.8/site-packages/airflow/example_dags/example_xcom.py
[2025-01-29T23:59:44.927+0000] {processor.py:840} INFO - DAG(s) 'example_xcom' retrieved from /home/airflow/.local/lib/python3.8/site-packages/airflow/example_dags/example_xcom.py
[2025-01-29T23:59:44.968+0000] {logging_mixin.py:188} INFO - [2025-01-29T23:59:44.968+0000] {dag.py:3036} INFO - Sync 1 DAGs
[2025-01-29T23:59:45.021+0000] {logging_mixin.py:188} INFO - [2025-01-29T23:59:45.020+0000] {dag.py:3823} INFO - Setting next_dagrun for example_xcom to 2021-01-01 00:00:00+00:00, run_after=2021-01-01 00:00:00+00:00
[2025-01-29T23:59:45.058+0000] {processor.py:183} INFO - Processing /home/airflow/.local/lib/python3.8/site-packages/airflow/example_dags/example_xcom.py took 0.160 seconds
