[2025-01-29T23:31:27.995+0000] {processor.py:161} INFO - Started process (PID=79) to work on /home/airflow/.local/lib/python3.8/site-packages/airflow/example_dags/example_branch_python_dop_operator_3.py
[2025-01-29T23:31:27.997+0000] {processor.py:830} INFO - Processing file /home/airflow/.local/lib/python3.8/site-packages/airflow/example_dags/example_branch_python_dop_operator_3.py for tasks to queue
[2025-01-29T23:31:28.000+0000] {logging_mixin.py:188} INFO - [2025-01-29T23:31:27.999+0000] {dagbag.py:538} INFO - Filling up the DagBag from /home/airflow/.local/lib/python3.8/site-packages/airflow/example_dags/example_branch_python_dop_operator_3.py
[2025-01-29T23:31:28.060+0000] {processor.py:840} INFO - DAG(s) 'example_branch_dop_operator_v3' retrieved from /home/airflow/.local/lib/python3.8/site-packages/airflow/example_dags/example_branch_python_dop_operator_3.py
[2025-01-29T23:31:28.168+0000] {logging_mixin.py:188} INFO - [2025-01-29T23:31:28.167+0000] {dag.py:3036} INFO - Sync 1 DAGs
[2025-01-29T23:31:28.263+0000] {logging_mixin.py:188} INFO - [2025-01-29T23:31:28.262+0000] {dag.py:3823} INFO - Setting next_dagrun for example_branch_dop_operator_v3 to 2025-01-29 23:30:00+00:00, run_after=2025-01-29 23:31:00+00:00
[2025-01-29T23:31:28.366+0000] {processor.py:183} INFO - Processing /home/airflow/.local/lib/python3.8/site-packages/airflow/example_dags/example_branch_python_dop_operator_3.py took 0.385 seconds
[2025-01-29T23:31:59.029+0000] {processor.py:161} INFO - Started process (PID=136) to work on /home/airflow/.local/lib/python3.8/site-packages/airflow/example_dags/example_branch_python_dop_operator_3.py
[2025-01-29T23:31:59.031+0000] {processor.py:830} INFO - Processing file /home/airflow/.local/lib/python3.8/site-packages/airflow/example_dags/example_branch_python_dop_operator_3.py for tasks to queue
[2025-01-29T23:31:59.035+0000] {logging_mixin.py:188} INFO - [2025-01-29T23:31:59.034+0000] {dagbag.py:538} INFO - Filling up the DagBag from /home/airflow/.local/lib/python3.8/site-packages/airflow/example_dags/example_branch_python_dop_operator_3.py
[2025-01-29T23:31:59.068+0000] {processor.py:840} INFO - DAG(s) 'example_branch_dop_operator_v3' retrieved from /home/airflow/.local/lib/python3.8/site-packages/airflow/example_dags/example_branch_python_dop_operator_3.py
[2025-01-29T23:31:59.148+0000] {logging_mixin.py:188} INFO - [2025-01-29T23:31:59.148+0000] {dag.py:3036} INFO - Sync 1 DAGs
[2025-01-29T23:31:59.243+0000] {logging_mixin.py:188} INFO - [2025-01-29T23:31:59.242+0000] {dag.py:3823} INFO - Setting next_dagrun for example_branch_dop_operator_v3 to 2025-01-29 23:30:00+00:00, run_after=2025-01-29 23:31:00+00:00
[2025-01-29T23:31:59.320+0000] {processor.py:183} INFO - Processing /home/airflow/.local/lib/python3.8/site-packages/airflow/example_dags/example_branch_python_dop_operator_3.py took 0.297 seconds
[2025-01-29T23:32:39.440+0000] {processor.py:161} INFO - Started process (PID=192) to work on /home/airflow/.local/lib/python3.8/site-packages/airflow/example_dags/example_branch_python_dop_operator_3.py
[2025-01-29T23:32:39.453+0000] {processor.py:830} INFO - Processing file /home/airflow/.local/lib/python3.8/site-packages/airflow/example_dags/example_branch_python_dop_operator_3.py for tasks to queue
[2025-01-29T23:32:39.472+0000] {logging_mixin.py:188} INFO - [2025-01-29T23:32:39.471+0000] {dagbag.py:538} INFO - Filling up the DagBag from /home/airflow/.local/lib/python3.8/site-packages/airflow/example_dags/example_branch_python_dop_operator_3.py
[2025-01-29T23:32:39.681+0000] {processor.py:840} INFO - DAG(s) 'example_branch_dop_operator_v3' retrieved from /home/airflow/.local/lib/python3.8/site-packages/airflow/example_dags/example_branch_python_dop_operator_3.py
[2025-01-29T23:32:39.890+0000] {logging_mixin.py:188} INFO - [2025-01-29T23:32:39.889+0000] {dag.py:3036} INFO - Sync 1 DAGs
[2025-01-29T23:32:40.204+0000] {logging_mixin.py:188} INFO - [2025-01-29T23:32:40.204+0000] {dag.py:3823} INFO - Setting next_dagrun for example_branch_dop_operator_v3 to 2025-01-29 23:31:00+00:00, run_after=2025-01-29 23:32:00+00:00
[2025-01-29T23:32:40.498+0000] {processor.py:183} INFO - Processing /home/airflow/.local/lib/python3.8/site-packages/airflow/example_dags/example_branch_python_dop_operator_3.py took 1.078 seconds
[2025-01-29T23:33:33.060+0000] {processor.py:161} INFO - Started process (PID=251) to work on /home/airflow/.local/lib/python3.8/site-packages/airflow/example_dags/example_branch_python_dop_operator_3.py
[2025-01-29T23:33:33.063+0000] {processor.py:830} INFO - Processing file /home/airflow/.local/lib/python3.8/site-packages/airflow/example_dags/example_branch_python_dop_operator_3.py for tasks to queue
[2025-01-29T23:33:33.068+0000] {logging_mixin.py:188} INFO - [2025-01-29T23:33:33.067+0000] {dagbag.py:538} INFO - Filling up the DagBag from /home/airflow/.local/lib/python3.8/site-packages/airflow/example_dags/example_branch_python_dop_operator_3.py
[2025-01-29T23:33:33.114+0000] {processor.py:840} INFO - DAG(s) 'example_branch_dop_operator_v3' retrieved from /home/airflow/.local/lib/python3.8/site-packages/airflow/example_dags/example_branch_python_dop_operator_3.py
[2025-01-29T23:33:33.874+0000] {logging_mixin.py:188} INFO - [2025-01-29T23:33:33.874+0000] {dag.py:3036} INFO - Sync 1 DAGs
[2025-01-29T23:33:34.028+0000] {logging_mixin.py:188} INFO - [2025-01-29T23:33:34.028+0000] {dag.py:3823} INFO - Setting next_dagrun for example_branch_dop_operator_v3 to 2025-01-29 23:32:00+00:00, run_after=2025-01-29 23:33:00+00:00
[2025-01-29T23:33:34.137+0000] {processor.py:183} INFO - Processing /home/airflow/.local/lib/python3.8/site-packages/airflow/example_dags/example_branch_python_dop_operator_3.py took 1.094 seconds
[2025-01-29T23:34:04.402+0000] {processor.py:161} INFO - Started process (PID=307) to work on /home/airflow/.local/lib/python3.8/site-packages/airflow/example_dags/example_branch_python_dop_operator_3.py
[2025-01-29T23:34:04.407+0000] {processor.py:830} INFO - Processing file /home/airflow/.local/lib/python3.8/site-packages/airflow/example_dags/example_branch_python_dop_operator_3.py for tasks to queue
[2025-01-29T23:34:04.415+0000] {logging_mixin.py:188} INFO - [2025-01-29T23:34:04.414+0000] {dagbag.py:538} INFO - Filling up the DagBag from /home/airflow/.local/lib/python3.8/site-packages/airflow/example_dags/example_branch_python_dop_operator_3.py
[2025-01-29T23:34:04.481+0000] {processor.py:840} INFO - DAG(s) 'example_branch_dop_operator_v3' retrieved from /home/airflow/.local/lib/python3.8/site-packages/airflow/example_dags/example_branch_python_dop_operator_3.py
[2025-01-29T23:34:04.620+0000] {logging_mixin.py:188} INFO - [2025-01-29T23:34:04.619+0000] {dag.py:3036} INFO - Sync 1 DAGs
[2025-01-29T23:34:04.855+0000] {logging_mixin.py:188} INFO - [2025-01-29T23:34:04.855+0000] {dag.py:3823} INFO - Setting next_dagrun for example_branch_dop_operator_v3 to 2025-01-29 23:33:00+00:00, run_after=2025-01-29 23:34:00+00:00
[2025-01-29T23:34:05.069+0000] {processor.py:183} INFO - Processing /home/airflow/.local/lib/python3.8/site-packages/airflow/example_dags/example_branch_python_dop_operator_3.py took 0.684 seconds
[2025-01-29T23:34:35.316+0000] {processor.py:161} INFO - Started process (PID=364) to work on /home/airflow/.local/lib/python3.8/site-packages/airflow/example_dags/example_branch_python_dop_operator_3.py
[2025-01-29T23:34:35.329+0000] {processor.py:830} INFO - Processing file /home/airflow/.local/lib/python3.8/site-packages/airflow/example_dags/example_branch_python_dop_operator_3.py for tasks to queue
[2025-01-29T23:34:35.346+0000] {logging_mixin.py:188} INFO - [2025-01-29T23:34:35.346+0000] {dagbag.py:538} INFO - Filling up the DagBag from /home/airflow/.local/lib/python3.8/site-packages/airflow/example_dags/example_branch_python_dop_operator_3.py
[2025-01-29T23:34:35.388+0000] {processor.py:840} INFO - DAG(s) 'example_branch_dop_operator_v3' retrieved from /home/airflow/.local/lib/python3.8/site-packages/airflow/example_dags/example_branch_python_dop_operator_3.py
[2025-01-29T23:34:35.545+0000] {logging_mixin.py:188} INFO - [2025-01-29T23:34:35.544+0000] {dag.py:3036} INFO - Sync 1 DAGs
[2025-01-29T23:34:35.829+0000] {logging_mixin.py:188} INFO - [2025-01-29T23:34:35.829+0000] {dag.py:3823} INFO - Setting next_dagrun for example_branch_dop_operator_v3 to 2025-01-29 23:33:00+00:00, run_after=2025-01-29 23:34:00+00:00
[2025-01-29T23:34:36.059+0000] {processor.py:183} INFO - Processing /home/airflow/.local/lib/python3.8/site-packages/airflow/example_dags/example_branch_python_dop_operator_3.py took 0.749 seconds
[2025-01-29T23:35:06.854+0000] {processor.py:161} INFO - Started process (PID=420) to work on /home/airflow/.local/lib/python3.8/site-packages/airflow/example_dags/example_branch_python_dop_operator_3.py
[2025-01-29T23:35:06.865+0000] {processor.py:830} INFO - Processing file /home/airflow/.local/lib/python3.8/site-packages/airflow/example_dags/example_branch_python_dop_operator_3.py for tasks to queue
[2025-01-29T23:35:06.876+0000] {logging_mixin.py:188} INFO - [2025-01-29T23:35:06.875+0000] {dagbag.py:538} INFO - Filling up the DagBag from /home/airflow/.local/lib/python3.8/site-packages/airflow/example_dags/example_branch_python_dop_operator_3.py
[2025-01-29T23:35:06.942+0000] {processor.py:840} INFO - DAG(s) 'example_branch_dop_operator_v3' retrieved from /home/airflow/.local/lib/python3.8/site-packages/airflow/example_dags/example_branch_python_dop_operator_3.py
[2025-01-29T23:35:07.085+0000] {logging_mixin.py:188} INFO - [2025-01-29T23:35:07.084+0000] {dag.py:3036} INFO - Sync 1 DAGs
[2025-01-29T23:35:07.317+0000] {logging_mixin.py:188} INFO - [2025-01-29T23:35:07.316+0000] {dag.py:3823} INFO - Setting next_dagrun for example_branch_dop_operator_v3 to 2025-01-29 23:34:00+00:00, run_after=2025-01-29 23:35:00+00:00
[2025-01-29T23:35:07.458+0000] {processor.py:183} INFO - Processing /home/airflow/.local/lib/python3.8/site-packages/airflow/example_dags/example_branch_python_dop_operator_3.py took 0.630 seconds
[2025-01-29T23:35:47.103+0000] {processor.py:161} INFO - Started process (PID=476) to work on /home/airflow/.local/lib/python3.8/site-packages/airflow/example_dags/example_branch_python_dop_operator_3.py
[2025-01-29T23:35:47.107+0000] {processor.py:830} INFO - Processing file /home/airflow/.local/lib/python3.8/site-packages/airflow/example_dags/example_branch_python_dop_operator_3.py for tasks to queue
[2025-01-29T23:35:47.153+0000] {logging_mixin.py:188} INFO - [2025-01-29T23:35:47.132+0000] {dagbag.py:538} INFO - Filling up the DagBag from /home/airflow/.local/lib/python3.8/site-packages/airflow/example_dags/example_branch_python_dop_operator_3.py
[2025-01-29T23:35:47.222+0000] {processor.py:840} INFO - DAG(s) 'example_branch_dop_operator_v3' retrieved from /home/airflow/.local/lib/python3.8/site-packages/airflow/example_dags/example_branch_python_dop_operator_3.py
[2025-01-29T23:35:47.480+0000] {logging_mixin.py:188} INFO - [2025-01-29T23:35:47.480+0000] {dag.py:3036} INFO - Sync 1 DAGs
[2025-01-29T23:35:47.894+0000] {logging_mixin.py:188} INFO - [2025-01-29T23:35:47.894+0000] {dag.py:3823} INFO - Setting next_dagrun for example_branch_dop_operator_v3 to 2025-01-29 23:34:00+00:00, run_after=2025-01-29 23:35:00+00:00
[2025-01-29T23:35:48.170+0000] {processor.py:183} INFO - Processing /home/airflow/.local/lib/python3.8/site-packages/airflow/example_dags/example_branch_python_dop_operator_3.py took 1.096 seconds
[2025-01-29T23:36:36.722+0000] {processor.py:161} INFO - Started process (PID=529) to work on /home/airflow/.local/lib/python3.8/site-packages/airflow/example_dags/example_branch_python_dop_operator_3.py
[2025-01-29T23:36:36.764+0000] {processor.py:830} INFO - Processing file /home/airflow/.local/lib/python3.8/site-packages/airflow/example_dags/example_branch_python_dop_operator_3.py for tasks to queue
[2025-01-29T23:36:36.782+0000] {logging_mixin.py:188} INFO - [2025-01-29T23:36:36.781+0000] {dagbag.py:538} INFO - Filling up the DagBag from /home/airflow/.local/lib/python3.8/site-packages/airflow/example_dags/example_branch_python_dop_operator_3.py
[2025-01-29T23:36:36.827+0000] {processor.py:840} INFO - DAG(s) 'example_branch_dop_operator_v3' retrieved from /home/airflow/.local/lib/python3.8/site-packages/airflow/example_dags/example_branch_python_dop_operator_3.py
[2025-01-29T23:36:37.020+0000] {logging_mixin.py:188} INFO - [2025-01-29T23:36:37.019+0000] {dag.py:3036} INFO - Sync 1 DAGs
[2025-01-29T23:36:37.178+0000] {logging_mixin.py:188} INFO - [2025-01-29T23:36:37.178+0000] {dag.py:3823} INFO - Setting next_dagrun for example_branch_dop_operator_v3 to 2025-01-29 23:35:00+00:00, run_after=2025-01-29 23:36:00+00:00
[2025-01-29T23:36:37.358+0000] {processor.py:183} INFO - Processing /home/airflow/.local/lib/python3.8/site-packages/airflow/example_dags/example_branch_python_dop_operator_3.py took 0.645 seconds
[2025-01-29T23:37:08.466+0000] {processor.py:161} INFO - Started process (PID=585) to work on /home/airflow/.local/lib/python3.8/site-packages/airflow/example_dags/example_branch_python_dop_operator_3.py
[2025-01-29T23:37:08.470+0000] {processor.py:830} INFO - Processing file /home/airflow/.local/lib/python3.8/site-packages/airflow/example_dags/example_branch_python_dop_operator_3.py for tasks to queue
[2025-01-29T23:37:08.514+0000] {logging_mixin.py:188} INFO - [2025-01-29T23:37:08.513+0000] {dagbag.py:538} INFO - Filling up the DagBag from /home/airflow/.local/lib/python3.8/site-packages/airflow/example_dags/example_branch_python_dop_operator_3.py
[2025-01-29T23:37:08.584+0000] {processor.py:840} INFO - DAG(s) 'example_branch_dop_operator_v3' retrieved from /home/airflow/.local/lib/python3.8/site-packages/airflow/example_dags/example_branch_python_dop_operator_3.py
[2025-01-29T23:37:08.779+0000] {logging_mixin.py:188} INFO - [2025-01-29T23:37:08.779+0000] {dag.py:3036} INFO - Sync 1 DAGs
[2025-01-29T23:37:08.999+0000] {logging_mixin.py:188} INFO - [2025-01-29T23:37:08.999+0000] {dag.py:3823} INFO - Setting next_dagrun for example_branch_dop_operator_v3 to 2025-01-29 23:36:00+00:00, run_after=2025-01-29 23:37:00+00:00
[2025-01-29T23:37:09.173+0000] {processor.py:183} INFO - Processing /home/airflow/.local/lib/python3.8/site-packages/airflow/example_dags/example_branch_python_dop_operator_3.py took 0.726 seconds
[2025-01-29T23:37:40.782+0000] {processor.py:161} INFO - Started process (PID=641) to work on /home/airflow/.local/lib/python3.8/site-packages/airflow/example_dags/example_branch_python_dop_operator_3.py
[2025-01-29T23:37:40.805+0000] {processor.py:830} INFO - Processing file /home/airflow/.local/lib/python3.8/site-packages/airflow/example_dags/example_branch_python_dop_operator_3.py for tasks to queue
[2025-01-29T23:37:40.810+0000] {logging_mixin.py:188} INFO - [2025-01-29T23:37:40.809+0000] {dagbag.py:538} INFO - Filling up the DagBag from /home/airflow/.local/lib/python3.8/site-packages/airflow/example_dags/example_branch_python_dop_operator_3.py
[2025-01-29T23:37:40.860+0000] {processor.py:840} INFO - DAG(s) 'example_branch_dop_operator_v3' retrieved from /home/airflow/.local/lib/python3.8/site-packages/airflow/example_dags/example_branch_python_dop_operator_3.py
[2025-01-29T23:37:41.393+0000] {logging_mixin.py:188} INFO - [2025-01-29T23:37:41.392+0000] {dag.py:3036} INFO - Sync 1 DAGs
[2025-01-29T23:37:41.561+0000] {logging_mixin.py:188} INFO - [2025-01-29T23:37:41.560+0000] {dag.py:3823} INFO - Setting next_dagrun for example_branch_dop_operator_v3 to 2025-01-29 23:36:00+00:00, run_after=2025-01-29 23:37:00+00:00
[2025-01-29T23:37:41.778+0000] {processor.py:183} INFO - Processing /home/airflow/.local/lib/python3.8/site-packages/airflow/example_dags/example_branch_python_dop_operator_3.py took 1.003 seconds
[2025-01-29T23:38:18.928+0000] {processor.py:161} INFO - Started process (PID=697) to work on /home/airflow/.local/lib/python3.8/site-packages/airflow/example_dags/example_branch_python_dop_operator_3.py
[2025-01-29T23:38:18.947+0000] {processor.py:830} INFO - Processing file /home/airflow/.local/lib/python3.8/site-packages/airflow/example_dags/example_branch_python_dop_operator_3.py for tasks to queue
[2025-01-29T23:38:18.954+0000] {logging_mixin.py:188} INFO - [2025-01-29T23:38:18.953+0000] {dagbag.py:538} INFO - Filling up the DagBag from /home/airflow/.local/lib/python3.8/site-packages/airflow/example_dags/example_branch_python_dop_operator_3.py
[2025-01-29T23:38:19.037+0000] {processor.py:840} INFO - DAG(s) 'example_branch_dop_operator_v3' retrieved from /home/airflow/.local/lib/python3.8/site-packages/airflow/example_dags/example_branch_python_dop_operator_3.py
[2025-01-29T23:38:19.175+0000] {logging_mixin.py:188} INFO - [2025-01-29T23:38:19.174+0000] {dag.py:3036} INFO - Sync 1 DAGs
[2025-01-29T23:38:19.388+0000] {logging_mixin.py:188} INFO - [2025-01-29T23:38:19.387+0000] {dag.py:3823} INFO - Setting next_dagrun for example_branch_dop_operator_v3 to 2025-01-29 23:37:00+00:00, run_after=2025-01-29 23:38:00+00:00
[2025-01-29T23:38:19.630+0000] {processor.py:183} INFO - Processing /home/airflow/.local/lib/python3.8/site-packages/airflow/example_dags/example_branch_python_dop_operator_3.py took 0.717 seconds
[2025-01-29T23:38:50.340+0000] {processor.py:161} INFO - Started process (PID=754) to work on /home/airflow/.local/lib/python3.8/site-packages/airflow/example_dags/example_branch_python_dop_operator_3.py
[2025-01-29T23:38:50.354+0000] {processor.py:830} INFO - Processing file /home/airflow/.local/lib/python3.8/site-packages/airflow/example_dags/example_branch_python_dop_operator_3.py for tasks to queue
[2025-01-29T23:38:50.367+0000] {logging_mixin.py:188} INFO - [2025-01-29T23:38:50.366+0000] {dagbag.py:538} INFO - Filling up the DagBag from /home/airflow/.local/lib/python3.8/site-packages/airflow/example_dags/example_branch_python_dop_operator_3.py
[2025-01-29T23:38:50.422+0000] {processor.py:840} INFO - DAG(s) 'example_branch_dop_operator_v3' retrieved from /home/airflow/.local/lib/python3.8/site-packages/airflow/example_dags/example_branch_python_dop_operator_3.py
[2025-01-29T23:38:50.541+0000] {logging_mixin.py:188} INFO - [2025-01-29T23:38:50.540+0000] {dag.py:3036} INFO - Sync 1 DAGs
[2025-01-29T23:38:50.706+0000] {logging_mixin.py:188} INFO - [2025-01-29T23:38:50.706+0000] {dag.py:3823} INFO - Setting next_dagrun for example_branch_dop_operator_v3 to 2025-01-29 23:37:00+00:00, run_after=2025-01-29 23:38:00+00:00
[2025-01-29T23:38:50.813+0000] {processor.py:183} INFO - Processing /home/airflow/.local/lib/python3.8/site-packages/airflow/example_dags/example_branch_python_dop_operator_3.py took 0.490 seconds
[2025-01-29T23:39:21.084+0000] {processor.py:161} INFO - Started process (PID=809) to work on /home/airflow/.local/lib/python3.8/site-packages/airflow/example_dags/example_branch_python_dop_operator_3.py
[2025-01-29T23:39:21.087+0000] {processor.py:830} INFO - Processing file /home/airflow/.local/lib/python3.8/site-packages/airflow/example_dags/example_branch_python_dop_operator_3.py for tasks to queue
[2025-01-29T23:39:21.103+0000] {logging_mixin.py:188} INFO - [2025-01-29T23:39:21.102+0000] {dagbag.py:538} INFO - Filling up the DagBag from /home/airflow/.local/lib/python3.8/site-packages/airflow/example_dags/example_branch_python_dop_operator_3.py
[2025-01-29T23:39:21.154+0000] {processor.py:840} INFO - DAG(s) 'example_branch_dop_operator_v3' retrieved from /home/airflow/.local/lib/python3.8/site-packages/airflow/example_dags/example_branch_python_dop_operator_3.py
[2025-01-29T23:39:21.251+0000] {logging_mixin.py:188} INFO - [2025-01-29T23:39:21.250+0000] {dag.py:3036} INFO - Sync 1 DAGs
[2025-01-29T23:39:21.378+0000] {logging_mixin.py:188} INFO - [2025-01-29T23:39:21.375+0000] {dag.py:3823} INFO - Setting next_dagrun for example_branch_dop_operator_v3 to 2025-01-29 23:38:00+00:00, run_after=2025-01-29 23:39:00+00:00
[2025-01-29T23:39:21.495+0000] {processor.py:183} INFO - Processing /home/airflow/.local/lib/python3.8/site-packages/airflow/example_dags/example_branch_python_dop_operator_3.py took 0.430 seconds
[2025-01-29T23:39:54.444+0000] {processor.py:161} INFO - Started process (PID=878) to work on /home/airflow/.local/lib/python3.8/site-packages/airflow/example_dags/example_branch_python_dop_operator_3.py
[2025-01-29T23:39:54.447+0000] {processor.py:830} INFO - Processing file /home/airflow/.local/lib/python3.8/site-packages/airflow/example_dags/example_branch_python_dop_operator_3.py for tasks to queue
[2025-01-29T23:39:54.460+0000] {logging_mixin.py:188} INFO - [2025-01-29T23:39:54.459+0000] {dagbag.py:538} INFO - Filling up the DagBag from /home/airflow/.local/lib/python3.8/site-packages/airflow/example_dags/example_branch_python_dop_operator_3.py
[2025-01-29T23:39:54.510+0000] {processor.py:840} INFO - DAG(s) 'example_branch_dop_operator_v3' retrieved from /home/airflow/.local/lib/python3.8/site-packages/airflow/example_dags/example_branch_python_dop_operator_3.py
[2025-01-29T23:39:54.800+0000] {logging_mixin.py:188} INFO - [2025-01-29T23:39:54.796+0000] {dag.py:3036} INFO - Sync 1 DAGs
[2025-01-29T23:39:55.229+0000] {logging_mixin.py:188} INFO - [2025-01-29T23:39:55.228+0000] {dag.py:3823} INFO - Setting next_dagrun for example_branch_dop_operator_v3 to 2025-01-29 23:38:00+00:00, run_after=2025-01-29 23:39:00+00:00
[2025-01-29T23:39:55.367+0000] {processor.py:183} INFO - Processing /home/airflow/.local/lib/python3.8/site-packages/airflow/example_dags/example_branch_python_dop_operator_3.py took 0.931 seconds
[2025-01-29T23:40:25.757+0000] {processor.py:161} INFO - Started process (PID=934) to work on /home/airflow/.local/lib/python3.8/site-packages/airflow/example_dags/example_branch_python_dop_operator_3.py
[2025-01-29T23:40:25.769+0000] {processor.py:830} INFO - Processing file /home/airflow/.local/lib/python3.8/site-packages/airflow/example_dags/example_branch_python_dop_operator_3.py for tasks to queue
[2025-01-29T23:40:25.781+0000] {logging_mixin.py:188} INFO - [2025-01-29T23:40:25.779+0000] {dagbag.py:538} INFO - Filling up the DagBag from /home/airflow/.local/lib/python3.8/site-packages/airflow/example_dags/example_branch_python_dop_operator_3.py
[2025-01-29T23:40:25.853+0000] {processor.py:840} INFO - DAG(s) 'example_branch_dop_operator_v3' retrieved from /home/airflow/.local/lib/python3.8/site-packages/airflow/example_dags/example_branch_python_dop_operator_3.py
[2025-01-29T23:40:25.949+0000] {logging_mixin.py:188} INFO - [2025-01-29T23:40:25.947+0000] {dag.py:3036} INFO - Sync 1 DAGs
[2025-01-29T23:40:26.076+0000] {logging_mixin.py:188} INFO - [2025-01-29T23:40:26.075+0000] {dag.py:3823} INFO - Setting next_dagrun for example_branch_dop_operator_v3 to 2025-01-29 23:39:00+00:00, run_after=2025-01-29 23:40:00+00:00
[2025-01-29T23:40:26.169+0000] {processor.py:183} INFO - Processing /home/airflow/.local/lib/python3.8/site-packages/airflow/example_dags/example_branch_python_dop_operator_3.py took 0.435 seconds
[2025-01-29T23:40:56.452+0000] {processor.py:161} INFO - Started process (PID=988) to work on /home/airflow/.local/lib/python3.8/site-packages/airflow/example_dags/example_branch_python_dop_operator_3.py
[2025-01-29T23:40:56.455+0000] {processor.py:830} INFO - Processing file /home/airflow/.local/lib/python3.8/site-packages/airflow/example_dags/example_branch_python_dop_operator_3.py for tasks to queue
[2025-01-29T23:40:56.470+0000] {logging_mixin.py:188} INFO - [2025-01-29T23:40:56.469+0000] {dagbag.py:538} INFO - Filling up the DagBag from /home/airflow/.local/lib/python3.8/site-packages/airflow/example_dags/example_branch_python_dop_operator_3.py
[2025-01-29T23:40:56.561+0000] {processor.py:840} INFO - DAG(s) 'example_branch_dop_operator_v3' retrieved from /home/airflow/.local/lib/python3.8/site-packages/airflow/example_dags/example_branch_python_dop_operator_3.py
[2025-01-29T23:40:56.714+0000] {logging_mixin.py:188} INFO - [2025-01-29T23:40:56.713+0000] {dag.py:3036} INFO - Sync 1 DAGs
[2025-01-29T23:40:56.902+0000] {logging_mixin.py:188} INFO - [2025-01-29T23:40:56.900+0000] {dag.py:3823} INFO - Setting next_dagrun for example_branch_dop_operator_v3 to 2025-01-29 23:39:00+00:00, run_after=2025-01-29 23:40:00+00:00
[2025-01-29T23:40:57.038+0000] {processor.py:183} INFO - Processing /home/airflow/.local/lib/python3.8/site-packages/airflow/example_dags/example_branch_python_dop_operator_3.py took 0.604 seconds
[2025-01-29T23:41:27.460+0000] {processor.py:161} INFO - Started process (PID=1045) to work on /home/airflow/.local/lib/python3.8/site-packages/airflow/example_dags/example_branch_python_dop_operator_3.py
[2025-01-29T23:41:27.467+0000] {processor.py:830} INFO - Processing file /home/airflow/.local/lib/python3.8/site-packages/airflow/example_dags/example_branch_python_dop_operator_3.py for tasks to queue
[2025-01-29T23:41:27.473+0000] {logging_mixin.py:188} INFO - [2025-01-29T23:41:27.471+0000] {dagbag.py:538} INFO - Filling up the DagBag from /home/airflow/.local/lib/python3.8/site-packages/airflow/example_dags/example_branch_python_dop_operator_3.py
[2025-01-29T23:41:27.542+0000] {processor.py:840} INFO - DAG(s) 'example_branch_dop_operator_v3' retrieved from /home/airflow/.local/lib/python3.8/site-packages/airflow/example_dags/example_branch_python_dop_operator_3.py
[2025-01-29T23:41:27.672+0000] {logging_mixin.py:188} INFO - [2025-01-29T23:41:27.671+0000] {dag.py:3036} INFO - Sync 1 DAGs
[2025-01-29T23:41:27.814+0000] {logging_mixin.py:188} INFO - [2025-01-29T23:41:27.814+0000] {dag.py:3823} INFO - Setting next_dagrun for example_branch_dop_operator_v3 to 2025-01-29 23:40:00+00:00, run_after=2025-01-29 23:41:00+00:00
[2025-01-29T23:41:27.883+0000] {processor.py:183} INFO - Processing /home/airflow/.local/lib/python3.8/site-packages/airflow/example_dags/example_branch_python_dop_operator_3.py took 0.437 seconds
[2025-01-29T23:41:58.747+0000] {processor.py:161} INFO - Started process (PID=1100) to work on /home/airflow/.local/lib/python3.8/site-packages/airflow/example_dags/example_branch_python_dop_operator_3.py
[2025-01-29T23:41:58.750+0000] {processor.py:830} INFO - Processing file /home/airflow/.local/lib/python3.8/site-packages/airflow/example_dags/example_branch_python_dop_operator_3.py for tasks to queue
[2025-01-29T23:41:58.755+0000] {logging_mixin.py:188} INFO - [2025-01-29T23:41:58.754+0000] {dagbag.py:538} INFO - Filling up the DagBag from /home/airflow/.local/lib/python3.8/site-packages/airflow/example_dags/example_branch_python_dop_operator_3.py
[2025-01-29T23:41:58.789+0000] {processor.py:840} INFO - DAG(s) 'example_branch_dop_operator_v3' retrieved from /home/airflow/.local/lib/python3.8/site-packages/airflow/example_dags/example_branch_python_dop_operator_3.py
[2025-01-29T23:41:58.895+0000] {logging_mixin.py:188} INFO - [2025-01-29T23:41:58.894+0000] {dag.py:3036} INFO - Sync 1 DAGs
[2025-01-29T23:41:59.030+0000] {logging_mixin.py:188} INFO - [2025-01-29T23:41:59.030+0000] {dag.py:3823} INFO - Setting next_dagrun for example_branch_dop_operator_v3 to 2025-01-29 23:40:00+00:00, run_after=2025-01-29 23:41:00+00:00
[2025-01-29T23:41:59.135+0000] {processor.py:183} INFO - Processing /home/airflow/.local/lib/python3.8/site-packages/airflow/example_dags/example_branch_python_dop_operator_3.py took 0.402 seconds
[2025-01-29T23:42:30.248+0000] {processor.py:161} INFO - Started process (PID=1156) to work on /home/airflow/.local/lib/python3.8/site-packages/airflow/example_dags/example_branch_python_dop_operator_3.py
[2025-01-29T23:42:30.259+0000] {processor.py:830} INFO - Processing file /home/airflow/.local/lib/python3.8/site-packages/airflow/example_dags/example_branch_python_dop_operator_3.py for tasks to queue
[2025-01-29T23:42:30.276+0000] {logging_mixin.py:188} INFO - [2025-01-29T23:42:30.265+0000] {dagbag.py:538} INFO - Filling up the DagBag from /home/airflow/.local/lib/python3.8/site-packages/airflow/example_dags/example_branch_python_dop_operator_3.py
[2025-01-29T23:42:30.376+0000] {processor.py:840} INFO - DAG(s) 'example_branch_dop_operator_v3' retrieved from /home/airflow/.local/lib/python3.8/site-packages/airflow/example_dags/example_branch_python_dop_operator_3.py
[2025-01-29T23:42:30.536+0000] {logging_mixin.py:188} INFO - [2025-01-29T23:42:30.535+0000] {dag.py:3036} INFO - Sync 1 DAGs
[2025-01-29T23:42:30.884+0000] {logging_mixin.py:188} INFO - [2025-01-29T23:42:30.884+0000] {dag.py:3823} INFO - Setting next_dagrun for example_branch_dop_operator_v3 to 2025-01-29 23:41:00+00:00, run_after=2025-01-29 23:42:00+00:00
[2025-01-29T23:42:31.088+0000] {processor.py:183} INFO - Processing /home/airflow/.local/lib/python3.8/site-packages/airflow/example_dags/example_branch_python_dop_operator_3.py took 0.876 seconds
[2025-01-29T23:43:01.589+0000] {processor.py:161} INFO - Started process (PID=1213) to work on /home/airflow/.local/lib/python3.8/site-packages/airflow/example_dags/example_branch_python_dop_operator_3.py
[2025-01-29T23:43:01.603+0000] {processor.py:830} INFO - Processing file /home/airflow/.local/lib/python3.8/site-packages/airflow/example_dags/example_branch_python_dop_operator_3.py for tasks to queue
[2025-01-29T23:43:01.612+0000] {logging_mixin.py:188} INFO - [2025-01-29T23:43:01.611+0000] {dagbag.py:538} INFO - Filling up the DagBag from /home/airflow/.local/lib/python3.8/site-packages/airflow/example_dags/example_branch_python_dop_operator_3.py
[2025-01-29T23:43:01.656+0000] {processor.py:840} INFO - DAG(s) 'example_branch_dop_operator_v3' retrieved from /home/airflow/.local/lib/python3.8/site-packages/airflow/example_dags/example_branch_python_dop_operator_3.py
[2025-01-29T23:43:01.754+0000] {logging_mixin.py:188} INFO - [2025-01-29T23:43:01.753+0000] {dag.py:3036} INFO - Sync 1 DAGs
[2025-01-29T23:43:01.907+0000] {logging_mixin.py:188} INFO - [2025-01-29T23:43:01.906+0000] {dag.py:3823} INFO - Setting next_dagrun for example_branch_dop_operator_v3 to 2025-01-29 23:42:00+00:00, run_after=2025-01-29 23:43:00+00:00
[2025-01-29T23:43:02.032+0000] {processor.py:183} INFO - Processing /home/airflow/.local/lib/python3.8/site-packages/airflow/example_dags/example_branch_python_dop_operator_3.py took 0.460 seconds
[2025-01-29T23:43:32.334+0000] {processor.py:161} INFO - Started process (PID=1268) to work on /home/airflow/.local/lib/python3.8/site-packages/airflow/example_dags/example_branch_python_dop_operator_3.py
[2025-01-29T23:43:32.337+0000] {processor.py:830} INFO - Processing file /home/airflow/.local/lib/python3.8/site-packages/airflow/example_dags/example_branch_python_dop_operator_3.py for tasks to queue
[2025-01-29T23:43:32.342+0000] {logging_mixin.py:188} INFO - [2025-01-29T23:43:32.342+0000] {dagbag.py:538} INFO - Filling up the DagBag from /home/airflow/.local/lib/python3.8/site-packages/airflow/example_dags/example_branch_python_dop_operator_3.py
[2025-01-29T23:43:32.394+0000] {processor.py:840} INFO - DAG(s) 'example_branch_dop_operator_v3' retrieved from /home/airflow/.local/lib/python3.8/site-packages/airflow/example_dags/example_branch_python_dop_operator_3.py
[2025-01-29T23:43:32.516+0000] {logging_mixin.py:188} INFO - [2025-01-29T23:43:32.515+0000] {dag.py:3036} INFO - Sync 1 DAGs
[2025-01-29T23:43:32.713+0000] {logging_mixin.py:188} INFO - [2025-01-29T23:43:32.713+0000] {dag.py:3823} INFO - Setting next_dagrun for example_branch_dop_operator_v3 to 2025-01-29 23:42:00+00:00, run_after=2025-01-29 23:43:00+00:00
[2025-01-29T23:43:32.831+0000] {processor.py:183} INFO - Processing /home/airflow/.local/lib/python3.8/site-packages/airflow/example_dags/example_branch_python_dop_operator_3.py took 0.512 seconds
[2025-01-29T23:44:03.158+0000] {processor.py:161} INFO - Started process (PID=1323) to work on /home/airflow/.local/lib/python3.8/site-packages/airflow/example_dags/example_branch_python_dop_operator_3.py
[2025-01-29T23:44:03.171+0000] {processor.py:830} INFO - Processing file /home/airflow/.local/lib/python3.8/site-packages/airflow/example_dags/example_branch_python_dop_operator_3.py for tasks to queue
[2025-01-29T23:44:03.189+0000] {logging_mixin.py:188} INFO - [2025-01-29T23:44:03.188+0000] {dagbag.py:538} INFO - Filling up the DagBag from /home/airflow/.local/lib/python3.8/site-packages/airflow/example_dags/example_branch_python_dop_operator_3.py
[2025-01-29T23:44:03.238+0000] {processor.py:840} INFO - DAG(s) 'example_branch_dop_operator_v3' retrieved from /home/airflow/.local/lib/python3.8/site-packages/airflow/example_dags/example_branch_python_dop_operator_3.py
[2025-01-29T23:44:03.380+0000] {logging_mixin.py:188} INFO - [2025-01-29T23:44:03.379+0000] {dag.py:3036} INFO - Sync 1 DAGs
[2025-01-29T23:44:03.563+0000] {logging_mixin.py:188} INFO - [2025-01-29T23:44:03.562+0000] {dag.py:3823} INFO - Setting next_dagrun for example_branch_dop_operator_v3 to 2025-01-29 23:43:00+00:00, run_after=2025-01-29 23:44:00+00:00
[2025-01-29T23:44:03.723+0000] {processor.py:183} INFO - Processing /home/airflow/.local/lib/python3.8/site-packages/airflow/example_dags/example_branch_python_dop_operator_3.py took 0.584 seconds
[2025-01-29T23:44:33.958+0000] {processor.py:161} INFO - Started process (PID=1379) to work on /home/airflow/.local/lib/python3.8/site-packages/airflow/example_dags/example_branch_python_dop_operator_3.py
[2025-01-29T23:44:33.967+0000] {processor.py:830} INFO - Processing file /home/airflow/.local/lib/python3.8/site-packages/airflow/example_dags/example_branch_python_dop_operator_3.py for tasks to queue
[2025-01-29T23:44:33.985+0000] {logging_mixin.py:188} INFO - [2025-01-29T23:44:33.984+0000] {dagbag.py:538} INFO - Filling up the DagBag from /home/airflow/.local/lib/python3.8/site-packages/airflow/example_dags/example_branch_python_dop_operator_3.py
[2025-01-29T23:44:34.060+0000] {processor.py:840} INFO - DAG(s) 'example_branch_dop_operator_v3' retrieved from /home/airflow/.local/lib/python3.8/site-packages/airflow/example_dags/example_branch_python_dop_operator_3.py
[2025-01-29T23:44:34.160+0000] {logging_mixin.py:188} INFO - [2025-01-29T23:44:34.160+0000] {dag.py:3036} INFO - Sync 1 DAGs
[2025-01-29T23:44:34.331+0000] {logging_mixin.py:188} INFO - [2025-01-29T23:44:34.329+0000] {dag.py:3823} INFO - Setting next_dagrun for example_branch_dop_operator_v3 to 2025-01-29 23:43:00+00:00, run_after=2025-01-29 23:44:00+00:00
[2025-01-29T23:44:34.527+0000] {processor.py:183} INFO - Processing /home/airflow/.local/lib/python3.8/site-packages/airflow/example_dags/example_branch_python_dop_operator_3.py took 0.580 seconds
[2025-01-29T23:45:07.503+0000] {processor.py:161} INFO - Started process (PID=1437) to work on /home/airflow/.local/lib/python3.8/site-packages/airflow/example_dags/example_branch_python_dop_operator_3.py
[2025-01-29T23:45:07.506+0000] {processor.py:830} INFO - Processing file /home/airflow/.local/lib/python3.8/site-packages/airflow/example_dags/example_branch_python_dop_operator_3.py for tasks to queue
[2025-01-29T23:45:07.525+0000] {logging_mixin.py:188} INFO - [2025-01-29T23:45:07.523+0000] {dagbag.py:538} INFO - Filling up the DagBag from /home/airflow/.local/lib/python3.8/site-packages/airflow/example_dags/example_branch_python_dop_operator_3.py
[2025-01-29T23:45:07.603+0000] {processor.py:840} INFO - DAG(s) 'example_branch_dop_operator_v3' retrieved from /home/airflow/.local/lib/python3.8/site-packages/airflow/example_dags/example_branch_python_dop_operator_3.py
[2025-01-29T23:45:07.746+0000] {logging_mixin.py:188} INFO - [2025-01-29T23:45:07.745+0000] {dag.py:3036} INFO - Sync 1 DAGs
[2025-01-29T23:45:08.022+0000] {logging_mixin.py:188} INFO - [2025-01-29T23:45:08.010+0000] {dag.py:3823} INFO - Setting next_dagrun for example_branch_dop_operator_v3 to 2025-01-29 23:44:00+00:00, run_after=2025-01-29 23:45:00+00:00
[2025-01-29T23:45:08.181+0000] {processor.py:183} INFO - Processing /home/airflow/.local/lib/python3.8/site-packages/airflow/example_dags/example_branch_python_dop_operator_3.py took 0.704 seconds
[2025-01-29T23:45:39.622+0000] {processor.py:161} INFO - Started process (PID=1493) to work on /home/airflow/.local/lib/python3.8/site-packages/airflow/example_dags/example_branch_python_dop_operator_3.py
[2025-01-29T23:45:39.702+0000] {processor.py:830} INFO - Processing file /home/airflow/.local/lib/python3.8/site-packages/airflow/example_dags/example_branch_python_dop_operator_3.py for tasks to queue
[2025-01-29T23:45:39.756+0000] {logging_mixin.py:188} INFO - [2025-01-29T23:45:39.755+0000] {dagbag.py:538} INFO - Filling up the DagBag from /home/airflow/.local/lib/python3.8/site-packages/airflow/example_dags/example_branch_python_dop_operator_3.py
[2025-01-29T23:45:39.806+0000] {processor.py:840} INFO - DAG(s) 'example_branch_dop_operator_v3' retrieved from /home/airflow/.local/lib/python3.8/site-packages/airflow/example_dags/example_branch_python_dop_operator_3.py
[2025-01-29T23:45:39.897+0000] {logging_mixin.py:188} INFO - [2025-01-29T23:45:39.896+0000] {dag.py:3036} INFO - Sync 1 DAGs
[2025-01-29T23:45:40.057+0000] {logging_mixin.py:188} INFO - [2025-01-29T23:45:40.055+0000] {dag.py:3823} INFO - Setting next_dagrun for example_branch_dop_operator_v3 to 2025-01-29 23:44:00+00:00, run_after=2025-01-29 23:45:00+00:00
[2025-01-29T23:45:40.204+0000] {processor.py:183} INFO - Processing /home/airflow/.local/lib/python3.8/site-packages/airflow/example_dags/example_branch_python_dop_operator_3.py took 0.628 seconds
[2025-01-29T23:46:10.369+0000] {processor.py:161} INFO - Started process (PID=1549) to work on /home/airflow/.local/lib/python3.8/site-packages/airflow/example_dags/example_branch_python_dop_operator_3.py
[2025-01-29T23:46:10.371+0000] {processor.py:830} INFO - Processing file /home/airflow/.local/lib/python3.8/site-packages/airflow/example_dags/example_branch_python_dop_operator_3.py for tasks to queue
[2025-01-29T23:46:10.376+0000] {logging_mixin.py:188} INFO - [2025-01-29T23:46:10.375+0000] {dagbag.py:538} INFO - Filling up the DagBag from /home/airflow/.local/lib/python3.8/site-packages/airflow/example_dags/example_branch_python_dop_operator_3.py
[2025-01-29T23:46:10.394+0000] {processor.py:840} INFO - DAG(s) 'example_branch_dop_operator_v3' retrieved from /home/airflow/.local/lib/python3.8/site-packages/airflow/example_dags/example_branch_python_dop_operator_3.py
[2025-01-29T23:46:10.427+0000] {logging_mixin.py:188} INFO - [2025-01-29T23:46:10.427+0000] {dag.py:3036} INFO - Sync 1 DAGs
[2025-01-29T23:46:10.493+0000] {logging_mixin.py:188} INFO - [2025-01-29T23:46:10.493+0000] {dag.py:3823} INFO - Setting next_dagrun for example_branch_dop_operator_v3 to 2025-01-29 23:45:00+00:00, run_after=2025-01-29 23:46:00+00:00
[2025-01-29T23:46:10.530+0000] {processor.py:183} INFO - Processing /home/airflow/.local/lib/python3.8/site-packages/airflow/example_dags/example_branch_python_dop_operator_3.py took 0.166 seconds
[2025-01-29T23:46:42.222+0000] {processor.py:161} INFO - Started process (PID=1597) to work on /home/airflow/.local/lib/python3.8/site-packages/airflow/example_dags/example_branch_python_dop_operator_3.py
[2025-01-29T23:46:42.224+0000] {processor.py:830} INFO - Processing file /home/airflow/.local/lib/python3.8/site-packages/airflow/example_dags/example_branch_python_dop_operator_3.py for tasks to queue
[2025-01-29T23:46:42.227+0000] {logging_mixin.py:188} INFO - [2025-01-29T23:46:42.226+0000] {dagbag.py:538} INFO - Filling up the DagBag from /home/airflow/.local/lib/python3.8/site-packages/airflow/example_dags/example_branch_python_dop_operator_3.py
[2025-01-29T23:46:42.270+0000] {processor.py:840} INFO - DAG(s) 'example_branch_dop_operator_v3' retrieved from /home/airflow/.local/lib/python3.8/site-packages/airflow/example_dags/example_branch_python_dop_operator_3.py
[2025-01-29T23:46:42.344+0000] {logging_mixin.py:188} INFO - [2025-01-29T23:46:42.343+0000] {dag.py:3036} INFO - Sync 1 DAGs
[2025-01-29T23:46:42.443+0000] {logging_mixin.py:188} INFO - [2025-01-29T23:46:42.442+0000] {dag.py:3823} INFO - Setting next_dagrun for example_branch_dop_operator_v3 to 2025-01-29 23:45:00+00:00, run_after=2025-01-29 23:46:00+00:00
[2025-01-29T23:46:42.523+0000] {processor.py:183} INFO - Processing /home/airflow/.local/lib/python3.8/site-packages/airflow/example_dags/example_branch_python_dop_operator_3.py took 0.312 seconds
[2025-01-29T23:47:14.175+0000] {processor.py:161} INFO - Started process (PID=1649) to work on /home/airflow/.local/lib/python3.8/site-packages/airflow/example_dags/example_branch_python_dop_operator_3.py
[2025-01-29T23:47:14.179+0000] {processor.py:830} INFO - Processing file /home/airflow/.local/lib/python3.8/site-packages/airflow/example_dags/example_branch_python_dop_operator_3.py for tasks to queue
[2025-01-29T23:47:14.184+0000] {logging_mixin.py:188} INFO - [2025-01-29T23:47:14.183+0000] {dagbag.py:538} INFO - Filling up the DagBag from /home/airflow/.local/lib/python3.8/site-packages/airflow/example_dags/example_branch_python_dop_operator_3.py
[2025-01-29T23:47:14.215+0000] {processor.py:840} INFO - DAG(s) 'example_branch_dop_operator_v3' retrieved from /home/airflow/.local/lib/python3.8/site-packages/airflow/example_dags/example_branch_python_dop_operator_3.py
[2025-01-29T23:47:14.307+0000] {logging_mixin.py:188} INFO - [2025-01-29T23:47:14.306+0000] {dag.py:3036} INFO - Sync 1 DAGs
[2025-01-29T23:47:14.434+0000] {logging_mixin.py:188} INFO - [2025-01-29T23:47:14.433+0000] {dag.py:3823} INFO - Setting next_dagrun for example_branch_dop_operator_v3 to 2025-01-29 23:46:00+00:00, run_after=2025-01-29 23:47:00+00:00
[2025-01-29T23:47:14.542+0000] {processor.py:183} INFO - Processing /home/airflow/.local/lib/python3.8/site-packages/airflow/example_dags/example_branch_python_dop_operator_3.py took 0.376 seconds
[2025-01-29T23:47:45.399+0000] {processor.py:161} INFO - Started process (PID=1705) to work on /home/airflow/.local/lib/python3.8/site-packages/airflow/example_dags/example_branch_python_dop_operator_3.py
[2025-01-29T23:47:45.402+0000] {processor.py:830} INFO - Processing file /home/airflow/.local/lib/python3.8/site-packages/airflow/example_dags/example_branch_python_dop_operator_3.py for tasks to queue
[2025-01-29T23:47:45.405+0000] {logging_mixin.py:188} INFO - [2025-01-29T23:47:45.404+0000] {dagbag.py:538} INFO - Filling up the DagBag from /home/airflow/.local/lib/python3.8/site-packages/airflow/example_dags/example_branch_python_dop_operator_3.py
[2025-01-29T23:47:45.432+0000] {processor.py:840} INFO - DAG(s) 'example_branch_dop_operator_v3' retrieved from /home/airflow/.local/lib/python3.8/site-packages/airflow/example_dags/example_branch_python_dop_operator_3.py
[2025-01-29T23:47:45.491+0000] {logging_mixin.py:188} INFO - [2025-01-29T23:47:45.490+0000] {dag.py:3036} INFO - Sync 1 DAGs
[2025-01-29T23:47:45.580+0000] {logging_mixin.py:188} INFO - [2025-01-29T23:47:45.580+0000] {dag.py:3823} INFO - Setting next_dagrun for example_branch_dop_operator_v3 to 2025-01-29 23:46:00+00:00, run_after=2025-01-29 23:47:00+00:00
[2025-01-29T23:47:45.676+0000] {processor.py:183} INFO - Processing /home/airflow/.local/lib/python3.8/site-packages/airflow/example_dags/example_branch_python_dop_operator_3.py took 0.285 seconds
[2025-01-29T23:48:16.225+0000] {processor.py:161} INFO - Started process (PID=1759) to work on /home/airflow/.local/lib/python3.8/site-packages/airflow/example_dags/example_branch_python_dop_operator_3.py
[2025-01-29T23:48:16.228+0000] {processor.py:830} INFO - Processing file /home/airflow/.local/lib/python3.8/site-packages/airflow/example_dags/example_branch_python_dop_operator_3.py for tasks to queue
[2025-01-29T23:48:16.230+0000] {logging_mixin.py:188} INFO - [2025-01-29T23:48:16.229+0000] {dagbag.py:538} INFO - Filling up the DagBag from /home/airflow/.local/lib/python3.8/site-packages/airflow/example_dags/example_branch_python_dop_operator_3.py
[2025-01-29T23:48:16.257+0000] {processor.py:840} INFO - DAG(s) 'example_branch_dop_operator_v3' retrieved from /home/airflow/.local/lib/python3.8/site-packages/airflow/example_dags/example_branch_python_dop_operator_3.py
[2025-01-29T23:48:16.316+0000] {logging_mixin.py:188} INFO - [2025-01-29T23:48:16.316+0000] {dag.py:3036} INFO - Sync 1 DAGs
[2025-01-29T23:48:16.417+0000] {logging_mixin.py:188} INFO - [2025-01-29T23:48:16.417+0000] {dag.py:3823} INFO - Setting next_dagrun for example_branch_dop_operator_v3 to 2025-01-29 23:47:00+00:00, run_after=2025-01-29 23:48:00+00:00
[2025-01-29T23:48:16.485+0000] {processor.py:183} INFO - Processing /home/airflow/.local/lib/python3.8/site-packages/airflow/example_dags/example_branch_python_dop_operator_3.py took 0.268 seconds
[2025-01-29T23:48:46.653+0000] {processor.py:161} INFO - Started process (PID=1815) to work on /home/airflow/.local/lib/python3.8/site-packages/airflow/example_dags/example_branch_python_dop_operator_3.py
[2025-01-29T23:48:46.654+0000] {processor.py:830} INFO - Processing file /home/airflow/.local/lib/python3.8/site-packages/airflow/example_dags/example_branch_python_dop_operator_3.py for tasks to queue
[2025-01-29T23:48:46.656+0000] {logging_mixin.py:188} INFO - [2025-01-29T23:48:46.656+0000] {dagbag.py:538} INFO - Filling up the DagBag from /home/airflow/.local/lib/python3.8/site-packages/airflow/example_dags/example_branch_python_dop_operator_3.py
[2025-01-29T23:48:46.674+0000] {processor.py:840} INFO - DAG(s) 'example_branch_dop_operator_v3' retrieved from /home/airflow/.local/lib/python3.8/site-packages/airflow/example_dags/example_branch_python_dop_operator_3.py
[2025-01-29T23:48:46.706+0000] {logging_mixin.py:188} INFO - [2025-01-29T23:48:46.706+0000] {dag.py:3036} INFO - Sync 1 DAGs
[2025-01-29T23:48:46.755+0000] {logging_mixin.py:188} INFO - [2025-01-29T23:48:46.754+0000] {dag.py:3823} INFO - Setting next_dagrun for example_branch_dop_operator_v3 to 2025-01-29 23:47:00+00:00, run_after=2025-01-29 23:48:00+00:00
[2025-01-29T23:48:46.788+0000] {processor.py:183} INFO - Processing /home/airflow/.local/lib/python3.8/site-packages/airflow/example_dags/example_branch_python_dop_operator_3.py took 0.140 seconds
[2025-01-29T23:49:16.966+0000] {processor.py:161} INFO - Started process (PID=1871) to work on /home/airflow/.local/lib/python3.8/site-packages/airflow/example_dags/example_branch_python_dop_operator_3.py
[2025-01-29T23:49:16.967+0000] {processor.py:830} INFO - Processing file /home/airflow/.local/lib/python3.8/site-packages/airflow/example_dags/example_branch_python_dop_operator_3.py for tasks to queue
[2025-01-29T23:49:16.969+0000] {logging_mixin.py:188} INFO - [2025-01-29T23:49:16.969+0000] {dagbag.py:538} INFO - Filling up the DagBag from /home/airflow/.local/lib/python3.8/site-packages/airflow/example_dags/example_branch_python_dop_operator_3.py
[2025-01-29T23:49:16.984+0000] {processor.py:840} INFO - DAG(s) 'example_branch_dop_operator_v3' retrieved from /home/airflow/.local/lib/python3.8/site-packages/airflow/example_dags/example_branch_python_dop_operator_3.py
[2025-01-29T23:49:17.012+0000] {logging_mixin.py:188} INFO - [2025-01-29T23:49:17.011+0000] {dag.py:3036} INFO - Sync 1 DAGs
[2025-01-29T23:49:17.048+0000] {logging_mixin.py:188} INFO - [2025-01-29T23:49:17.048+0000] {dag.py:3823} INFO - Setting next_dagrun for example_branch_dop_operator_v3 to 2025-01-29 23:48:00+00:00, run_after=2025-01-29 23:49:00+00:00
[2025-01-29T23:49:17.078+0000] {processor.py:183} INFO - Processing /home/airflow/.local/lib/python3.8/site-packages/airflow/example_dags/example_branch_python_dop_operator_3.py took 0.116 seconds
[2025-01-29T23:49:47.320+0000] {processor.py:161} INFO - Started process (PID=1927) to work on /home/airflow/.local/lib/python3.8/site-packages/airflow/example_dags/example_branch_python_dop_operator_3.py
[2025-01-29T23:49:47.321+0000] {processor.py:830} INFO - Processing file /home/airflow/.local/lib/python3.8/site-packages/airflow/example_dags/example_branch_python_dop_operator_3.py for tasks to queue
[2025-01-29T23:49:47.323+0000] {logging_mixin.py:188} INFO - [2025-01-29T23:49:47.323+0000] {dagbag.py:538} INFO - Filling up the DagBag from /home/airflow/.local/lib/python3.8/site-packages/airflow/example_dags/example_branch_python_dop_operator_3.py
[2025-01-29T23:49:47.334+0000] {processor.py:840} INFO - DAG(s) 'example_branch_dop_operator_v3' retrieved from /home/airflow/.local/lib/python3.8/site-packages/airflow/example_dags/example_branch_python_dop_operator_3.py
[2025-01-29T23:49:47.364+0000] {logging_mixin.py:188} INFO - [2025-01-29T23:49:47.363+0000] {dag.py:3036} INFO - Sync 1 DAGs
[2025-01-29T23:49:47.401+0000] {logging_mixin.py:188} INFO - [2025-01-29T23:49:47.401+0000] {dag.py:3823} INFO - Setting next_dagrun for example_branch_dop_operator_v3 to 2025-01-29 23:48:00+00:00, run_after=2025-01-29 23:49:00+00:00
[2025-01-29T23:49:47.433+0000] {processor.py:183} INFO - Processing /home/airflow/.local/lib/python3.8/site-packages/airflow/example_dags/example_branch_python_dop_operator_3.py took 0.116 seconds
[2025-01-29T23:50:18.751+0000] {processor.py:161} INFO - Started process (PID=1983) to work on /home/airflow/.local/lib/python3.8/site-packages/airflow/example_dags/example_branch_python_dop_operator_3.py
[2025-01-29T23:50:18.761+0000] {processor.py:830} INFO - Processing file /home/airflow/.local/lib/python3.8/site-packages/airflow/example_dags/example_branch_python_dop_operator_3.py for tasks to queue
[2025-01-29T23:50:18.768+0000] {logging_mixin.py:188} INFO - [2025-01-29T23:50:18.767+0000] {dagbag.py:538} INFO - Filling up the DagBag from /home/airflow/.local/lib/python3.8/site-packages/airflow/example_dags/example_branch_python_dop_operator_3.py
[2025-01-29T23:50:18.858+0000] {processor.py:840} INFO - DAG(s) 'example_branch_dop_operator_v3' retrieved from /home/airflow/.local/lib/python3.8/site-packages/airflow/example_dags/example_branch_python_dop_operator_3.py
[2025-01-29T23:50:19.007+0000] {logging_mixin.py:188} INFO - [2025-01-29T23:50:19.006+0000] {dag.py:3036} INFO - Sync 1 DAGs
[2025-01-29T23:50:19.226+0000] {logging_mixin.py:188} INFO - [2025-01-29T23:50:19.226+0000] {dag.py:3823} INFO - Setting next_dagrun for example_branch_dop_operator_v3 to 2025-01-29 23:49:00+00:00, run_after=2025-01-29 23:50:00+00:00
[2025-01-29T23:50:19.400+0000] {processor.py:183} INFO - Processing /home/airflow/.local/lib/python3.8/site-packages/airflow/example_dags/example_branch_python_dop_operator_3.py took 0.664 seconds
[2025-01-29T23:50:49.645+0000] {processor.py:161} INFO - Started process (PID=2040) to work on /home/airflow/.local/lib/python3.8/site-packages/airflow/example_dags/example_branch_python_dop_operator_3.py
[2025-01-29T23:50:49.656+0000] {processor.py:830} INFO - Processing file /home/airflow/.local/lib/python3.8/site-packages/airflow/example_dags/example_branch_python_dop_operator_3.py for tasks to queue
[2025-01-29T23:50:49.660+0000] {logging_mixin.py:188} INFO - [2025-01-29T23:50:49.659+0000] {dagbag.py:538} INFO - Filling up the DagBag from /home/airflow/.local/lib/python3.8/site-packages/airflow/example_dags/example_branch_python_dop_operator_3.py
[2025-01-29T23:50:49.755+0000] {processor.py:840} INFO - DAG(s) 'example_branch_dop_operator_v3' retrieved from /home/airflow/.local/lib/python3.8/site-packages/airflow/example_dags/example_branch_python_dop_operator_3.py
[2025-01-29T23:50:49.959+0000] {logging_mixin.py:188} INFO - [2025-01-29T23:50:49.958+0000] {dag.py:3036} INFO - Sync 1 DAGs
[2025-01-29T23:50:50.108+0000] {logging_mixin.py:188} INFO - [2025-01-29T23:50:50.108+0000] {dag.py:3823} INFO - Setting next_dagrun for example_branch_dop_operator_v3 to 2025-01-29 23:49:00+00:00, run_after=2025-01-29 23:50:00+00:00
[2025-01-29T23:50:50.230+0000] {processor.py:183} INFO - Processing /home/airflow/.local/lib/python3.8/site-packages/airflow/example_dags/example_branch_python_dop_operator_3.py took 0.604 seconds
[2025-01-29T23:51:21.098+0000] {processor.py:161} INFO - Started process (PID=2095) to work on /home/airflow/.local/lib/python3.8/site-packages/airflow/example_dags/example_branch_python_dop_operator_3.py
[2025-01-29T23:51:21.100+0000] {processor.py:830} INFO - Processing file /home/airflow/.local/lib/python3.8/site-packages/airflow/example_dags/example_branch_python_dop_operator_3.py for tasks to queue
[2025-01-29T23:51:21.102+0000] {logging_mixin.py:188} INFO - [2025-01-29T23:51:21.101+0000] {dagbag.py:538} INFO - Filling up the DagBag from /home/airflow/.local/lib/python3.8/site-packages/airflow/example_dags/example_branch_python_dop_operator_3.py
[2025-01-29T23:51:21.128+0000] {processor.py:840} INFO - DAG(s) 'example_branch_dop_operator_v3' retrieved from /home/airflow/.local/lib/python3.8/site-packages/airflow/example_dags/example_branch_python_dop_operator_3.py
[2025-01-29T23:51:21.198+0000] {logging_mixin.py:188} INFO - [2025-01-29T23:51:21.197+0000] {dag.py:3036} INFO - Sync 1 DAGs
[2025-01-29T23:51:21.306+0000] {logging_mixin.py:188} INFO - [2025-01-29T23:51:21.306+0000] {dag.py:3823} INFO - Setting next_dagrun for example_branch_dop_operator_v3 to 2025-01-29 23:50:00+00:00, run_after=2025-01-29 23:51:00+00:00
[2025-01-29T23:51:21.366+0000] {processor.py:183} INFO - Processing /home/airflow/.local/lib/python3.8/site-packages/airflow/example_dags/example_branch_python_dop_operator_3.py took 0.275 seconds
[2025-01-29T23:51:51.543+0000] {processor.py:161} INFO - Started process (PID=2151) to work on /home/airflow/.local/lib/python3.8/site-packages/airflow/example_dags/example_branch_python_dop_operator_3.py
[2025-01-29T23:51:51.545+0000] {processor.py:830} INFO - Processing file /home/airflow/.local/lib/python3.8/site-packages/airflow/example_dags/example_branch_python_dop_operator_3.py for tasks to queue
[2025-01-29T23:51:51.547+0000] {logging_mixin.py:188} INFO - [2025-01-29T23:51:51.547+0000] {dagbag.py:538} INFO - Filling up the DagBag from /home/airflow/.local/lib/python3.8/site-packages/airflow/example_dags/example_branch_python_dop_operator_3.py
[2025-01-29T23:51:51.576+0000] {processor.py:840} INFO - DAG(s) 'example_branch_dop_operator_v3' retrieved from /home/airflow/.local/lib/python3.8/site-packages/airflow/example_dags/example_branch_python_dop_operator_3.py
[2025-01-29T23:51:51.621+0000] {logging_mixin.py:188} INFO - [2025-01-29T23:51:51.620+0000] {dag.py:3036} INFO - Sync 1 DAGs
[2025-01-29T23:51:51.704+0000] {logging_mixin.py:188} INFO - [2025-01-29T23:51:51.704+0000] {dag.py:3823} INFO - Setting next_dagrun for example_branch_dop_operator_v3 to 2025-01-29 23:50:00+00:00, run_after=2025-01-29 23:51:00+00:00
[2025-01-29T23:51:51.758+0000] {processor.py:183} INFO - Processing /home/airflow/.local/lib/python3.8/site-packages/airflow/example_dags/example_branch_python_dop_operator_3.py took 0.219 seconds
[2025-01-29T23:52:23.209+0000] {processor.py:161} INFO - Started process (PID=2208) to work on /home/airflow/.local/lib/python3.8/site-packages/airflow/example_dags/example_branch_python_dop_operator_3.py
[2025-01-29T23:52:23.216+0000] {processor.py:830} INFO - Processing file /home/airflow/.local/lib/python3.8/site-packages/airflow/example_dags/example_branch_python_dop_operator_3.py for tasks to queue
[2025-01-29T23:52:23.219+0000] {logging_mixin.py:188} INFO - [2025-01-29T23:52:23.218+0000] {dagbag.py:538} INFO - Filling up the DagBag from /home/airflow/.local/lib/python3.8/site-packages/airflow/example_dags/example_branch_python_dop_operator_3.py
[2025-01-29T23:52:23.271+0000] {processor.py:840} INFO - DAG(s) 'example_branch_dop_operator_v3' retrieved from /home/airflow/.local/lib/python3.8/site-packages/airflow/example_dags/example_branch_python_dop_operator_3.py
[2025-01-29T23:52:23.411+0000] {logging_mixin.py:188} INFO - [2025-01-29T23:52:23.399+0000] {dag.py:3036} INFO - Sync 1 DAGs
[2025-01-29T23:52:23.577+0000] {logging_mixin.py:188} INFO - [2025-01-29T23:52:23.576+0000] {dag.py:3823} INFO - Setting next_dagrun for example_branch_dop_operator_v3 to 2025-01-29 23:51:00+00:00, run_after=2025-01-29 23:52:00+00:00
[2025-01-29T23:52:23.644+0000] {processor.py:183} INFO - Processing /home/airflow/.local/lib/python3.8/site-packages/airflow/example_dags/example_branch_python_dop_operator_3.py took 0.447 seconds
[2025-01-29T23:52:54.320+0000] {processor.py:161} INFO - Started process (PID=2264) to work on /home/airflow/.local/lib/python3.8/site-packages/airflow/example_dags/example_branch_python_dop_operator_3.py
[2025-01-29T23:52:54.324+0000] {processor.py:830} INFO - Processing file /home/airflow/.local/lib/python3.8/site-packages/airflow/example_dags/example_branch_python_dop_operator_3.py for tasks to queue
[2025-01-29T23:52:54.327+0000] {logging_mixin.py:188} INFO - [2025-01-29T23:52:54.326+0000] {dagbag.py:538} INFO - Filling up the DagBag from /home/airflow/.local/lib/python3.8/site-packages/airflow/example_dags/example_branch_python_dop_operator_3.py
[2025-01-29T23:52:54.361+0000] {processor.py:840} INFO - DAG(s) 'example_branch_dop_operator_v3' retrieved from /home/airflow/.local/lib/python3.8/site-packages/airflow/example_dags/example_branch_python_dop_operator_3.py
[2025-01-29T23:52:54.439+0000] {logging_mixin.py:188} INFO - [2025-01-29T23:52:54.438+0000] {dag.py:3036} INFO - Sync 1 DAGs
[2025-01-29T23:52:54.539+0000] {logging_mixin.py:188} INFO - [2025-01-29T23:52:54.538+0000] {dag.py:3823} INFO - Setting next_dagrun for example_branch_dop_operator_v3 to 2025-01-29 23:51:00+00:00, run_after=2025-01-29 23:52:00+00:00
[2025-01-29T23:52:54.683+0000] {processor.py:183} INFO - Processing /home/airflow/.local/lib/python3.8/site-packages/airflow/example_dags/example_branch_python_dop_operator_3.py took 0.372 seconds
[2025-01-29T23:53:24.949+0000] {processor.py:161} INFO - Started process (PID=2318) to work on /home/airflow/.local/lib/python3.8/site-packages/airflow/example_dags/example_branch_python_dop_operator_3.py
[2025-01-29T23:53:24.951+0000] {processor.py:830} INFO - Processing file /home/airflow/.local/lib/python3.8/site-packages/airflow/example_dags/example_branch_python_dop_operator_3.py for tasks to queue
[2025-01-29T23:53:24.953+0000] {logging_mixin.py:188} INFO - [2025-01-29T23:53:24.952+0000] {dagbag.py:538} INFO - Filling up the DagBag from /home/airflow/.local/lib/python3.8/site-packages/airflow/example_dags/example_branch_python_dop_operator_3.py
[2025-01-29T23:53:24.970+0000] {processor.py:840} INFO - DAG(s) 'example_branch_dop_operator_v3' retrieved from /home/airflow/.local/lib/python3.8/site-packages/airflow/example_dags/example_branch_python_dop_operator_3.py
[2025-01-29T23:53:25.013+0000] {logging_mixin.py:188} INFO - [2025-01-29T23:53:25.013+0000] {dag.py:3036} INFO - Sync 1 DAGs
[2025-01-29T23:53:25.066+0000] {logging_mixin.py:188} INFO - [2025-01-29T23:53:25.065+0000] {dag.py:3823} INFO - Setting next_dagrun for example_branch_dop_operator_v3 to 2025-01-29 23:52:00+00:00, run_after=2025-01-29 23:53:00+00:00
[2025-01-29T23:53:25.110+0000] {processor.py:183} INFO - Processing /home/airflow/.local/lib/python3.8/site-packages/airflow/example_dags/example_branch_python_dop_operator_3.py took 0.166 seconds
[2025-01-29T23:53:55.704+0000] {processor.py:161} INFO - Started process (PID=2373) to work on /home/airflow/.local/lib/python3.8/site-packages/airflow/example_dags/example_branch_python_dop_operator_3.py
[2025-01-29T23:53:55.706+0000] {processor.py:830} INFO - Processing file /home/airflow/.local/lib/python3.8/site-packages/airflow/example_dags/example_branch_python_dop_operator_3.py for tasks to queue
[2025-01-29T23:53:55.707+0000] {logging_mixin.py:188} INFO - [2025-01-29T23:53:55.706+0000] {dagbag.py:538} INFO - Filling up the DagBag from /home/airflow/.local/lib/python3.8/site-packages/airflow/example_dags/example_branch_python_dop_operator_3.py
[2025-01-29T23:53:55.720+0000] {processor.py:840} INFO - DAG(s) 'example_branch_dop_operator_v3' retrieved from /home/airflow/.local/lib/python3.8/site-packages/airflow/example_dags/example_branch_python_dop_operator_3.py
[2025-01-29T23:53:55.776+0000] {logging_mixin.py:188} INFO - [2025-01-29T23:53:55.776+0000] {dag.py:3036} INFO - Sync 1 DAGs
[2025-01-29T23:53:55.819+0000] {logging_mixin.py:188} INFO - [2025-01-29T23:53:55.818+0000] {dag.py:3823} INFO - Setting next_dagrun for example_branch_dop_operator_v3 to 2025-01-29 23:52:00+00:00, run_after=2025-01-29 23:53:00+00:00
[2025-01-29T23:53:55.845+0000] {processor.py:183} INFO - Processing /home/airflow/.local/lib/python3.8/site-packages/airflow/example_dags/example_branch_python_dop_operator_3.py took 0.144 seconds
[2025-01-29T23:54:26.251+0000] {processor.py:161} INFO - Started process (PID=2429) to work on /home/airflow/.local/lib/python3.8/site-packages/airflow/example_dags/example_branch_python_dop_operator_3.py
[2025-01-29T23:54:26.263+0000] {processor.py:830} INFO - Processing file /home/airflow/.local/lib/python3.8/site-packages/airflow/example_dags/example_branch_python_dop_operator_3.py for tasks to queue
[2025-01-29T23:54:26.279+0000] {logging_mixin.py:188} INFO - [2025-01-29T23:54:26.278+0000] {dagbag.py:538} INFO - Filling up the DagBag from /home/airflow/.local/lib/python3.8/site-packages/airflow/example_dags/example_branch_python_dop_operator_3.py
[2025-01-29T23:54:26.353+0000] {processor.py:840} INFO - DAG(s) 'example_branch_dop_operator_v3' retrieved from /home/airflow/.local/lib/python3.8/site-packages/airflow/example_dags/example_branch_python_dop_operator_3.py
[2025-01-29T23:54:26.534+0000] {logging_mixin.py:188} INFO - [2025-01-29T23:54:26.533+0000] {dag.py:3036} INFO - Sync 1 DAGs
[2025-01-29T23:54:26.852+0000] {logging_mixin.py:188} INFO - [2025-01-29T23:54:26.851+0000] {dag.py:3823} INFO - Setting next_dagrun for example_branch_dop_operator_v3 to 2025-01-29 23:53:00+00:00, run_after=2025-01-29 23:54:00+00:00
[2025-01-29T23:54:27.065+0000] {processor.py:183} INFO - Processing /home/airflow/.local/lib/python3.8/site-packages/airflow/example_dags/example_branch_python_dop_operator_3.py took 0.840 seconds
[2025-01-29T23:54:57.292+0000] {processor.py:161} INFO - Started process (PID=2486) to work on /home/airflow/.local/lib/python3.8/site-packages/airflow/example_dags/example_branch_python_dop_operator_3.py
[2025-01-29T23:54:57.295+0000] {processor.py:830} INFO - Processing file /home/airflow/.local/lib/python3.8/site-packages/airflow/example_dags/example_branch_python_dop_operator_3.py for tasks to queue
[2025-01-29T23:54:57.298+0000] {logging_mixin.py:188} INFO - [2025-01-29T23:54:57.296+0000] {dagbag.py:538} INFO - Filling up the DagBag from /home/airflow/.local/lib/python3.8/site-packages/airflow/example_dags/example_branch_python_dop_operator_3.py
[2025-01-29T23:54:57.322+0000] {processor.py:840} INFO - DAG(s) 'example_branch_dop_operator_v3' retrieved from /home/airflow/.local/lib/python3.8/site-packages/airflow/example_dags/example_branch_python_dop_operator_3.py
[2025-01-29T23:54:57.373+0000] {logging_mixin.py:188} INFO - [2025-01-29T23:54:57.373+0000] {dag.py:3036} INFO - Sync 1 DAGs
[2025-01-29T23:54:57.431+0000] {logging_mixin.py:188} INFO - [2025-01-29T23:54:57.430+0000] {dag.py:3823} INFO - Setting next_dagrun for example_branch_dop_operator_v3 to 2025-01-29 23:53:00+00:00, run_after=2025-01-29 23:54:00+00:00
[2025-01-29T23:54:57.680+0000] {processor.py:183} INFO - Processing /home/airflow/.local/lib/python3.8/site-packages/airflow/example_dags/example_branch_python_dop_operator_3.py took 0.397 seconds
[2025-01-29T23:55:27.966+0000] {processor.py:161} INFO - Started process (PID=2546) to work on /home/airflow/.local/lib/python3.8/site-packages/airflow/example_dags/example_branch_python_dop_operator_3.py
[2025-01-29T23:55:27.969+0000] {processor.py:830} INFO - Processing file /home/airflow/.local/lib/python3.8/site-packages/airflow/example_dags/example_branch_python_dop_operator_3.py for tasks to queue
[2025-01-29T23:55:27.977+0000] {logging_mixin.py:188} INFO - [2025-01-29T23:55:27.976+0000] {dagbag.py:538} INFO - Filling up the DagBag from /home/airflow/.local/lib/python3.8/site-packages/airflow/example_dags/example_branch_python_dop_operator_3.py
[2025-01-29T23:55:28.014+0000] {processor.py:840} INFO - DAG(s) 'example_branch_dop_operator_v3' retrieved from /home/airflow/.local/lib/python3.8/site-packages/airflow/example_dags/example_branch_python_dop_operator_3.py
[2025-01-29T23:55:28.074+0000] {logging_mixin.py:188} INFO - [2025-01-29T23:55:28.073+0000] {dag.py:3036} INFO - Sync 1 DAGs
[2025-01-29T23:55:28.193+0000] {logging_mixin.py:188} INFO - [2025-01-29T23:55:28.192+0000] {dag.py:3823} INFO - Setting next_dagrun for example_branch_dop_operator_v3 to 2025-01-29 23:54:00+00:00, run_after=2025-01-29 23:55:00+00:00
[2025-01-29T23:55:28.320+0000] {processor.py:183} INFO - Processing /home/airflow/.local/lib/python3.8/site-packages/airflow/example_dags/example_branch_python_dop_operator_3.py took 0.361 seconds
[2025-01-29T23:55:58.599+0000] {processor.py:161} INFO - Started process (PID=2600) to work on /home/airflow/.local/lib/python3.8/site-packages/airflow/example_dags/example_branch_python_dop_operator_3.py
[2025-01-29T23:55:58.601+0000] {processor.py:830} INFO - Processing file /home/airflow/.local/lib/python3.8/site-packages/airflow/example_dags/example_branch_python_dop_operator_3.py for tasks to queue
[2025-01-29T23:55:58.604+0000] {logging_mixin.py:188} INFO - [2025-01-29T23:55:58.603+0000] {dagbag.py:538} INFO - Filling up the DagBag from /home/airflow/.local/lib/python3.8/site-packages/airflow/example_dags/example_branch_python_dop_operator_3.py
[2025-01-29T23:55:58.628+0000] {processor.py:840} INFO - DAG(s) 'example_branch_dop_operator_v3' retrieved from /home/airflow/.local/lib/python3.8/site-packages/airflow/example_dags/example_branch_python_dop_operator_3.py
[2025-01-29T23:55:58.678+0000] {logging_mixin.py:188} INFO - [2025-01-29T23:55:58.678+0000] {dag.py:3036} INFO - Sync 1 DAGs
[2025-01-29T23:55:58.744+0000] {logging_mixin.py:188} INFO - [2025-01-29T23:55:58.744+0000] {dag.py:3823} INFO - Setting next_dagrun for example_branch_dop_operator_v3 to 2025-01-29 23:54:00+00:00, run_after=2025-01-29 23:55:00+00:00
[2025-01-29T23:55:58.798+0000] {processor.py:183} INFO - Processing /home/airflow/.local/lib/python3.8/site-packages/airflow/example_dags/example_branch_python_dop_operator_3.py took 0.205 seconds
[2025-01-29T23:56:29.293+0000] {processor.py:161} INFO - Started process (PID=2656) to work on /home/airflow/.local/lib/python3.8/site-packages/airflow/example_dags/example_branch_python_dop_operator_3.py
[2025-01-29T23:56:29.295+0000] {processor.py:830} INFO - Processing file /home/airflow/.local/lib/python3.8/site-packages/airflow/example_dags/example_branch_python_dop_operator_3.py for tasks to queue
[2025-01-29T23:56:29.298+0000] {logging_mixin.py:188} INFO - [2025-01-29T23:56:29.297+0000] {dagbag.py:538} INFO - Filling up the DagBag from /home/airflow/.local/lib/python3.8/site-packages/airflow/example_dags/example_branch_python_dop_operator_3.py
[2025-01-29T23:56:29.325+0000] {processor.py:840} INFO - DAG(s) 'example_branch_dop_operator_v3' retrieved from /home/airflow/.local/lib/python3.8/site-packages/airflow/example_dags/example_branch_python_dop_operator_3.py
[2025-01-29T23:56:29.392+0000] {logging_mixin.py:188} INFO - [2025-01-29T23:56:29.392+0000] {dag.py:3036} INFO - Sync 1 DAGs
[2025-01-29T23:56:29.468+0000] {logging_mixin.py:188} INFO - [2025-01-29T23:56:29.467+0000] {dag.py:3823} INFO - Setting next_dagrun for example_branch_dop_operator_v3 to 2025-01-29 23:55:00+00:00, run_after=2025-01-29 23:56:00+00:00
[2025-01-29T23:56:29.560+0000] {processor.py:183} INFO - Processing /home/airflow/.local/lib/python3.8/site-packages/airflow/example_dags/example_branch_python_dop_operator_3.py took 0.275 seconds
[2025-01-29T23:56:59.964+0000] {processor.py:161} INFO - Started process (PID=2713) to work on /home/airflow/.local/lib/python3.8/site-packages/airflow/example_dags/example_branch_python_dop_operator_3.py
[2025-01-29T23:56:59.967+0000] {processor.py:830} INFO - Processing file /home/airflow/.local/lib/python3.8/site-packages/airflow/example_dags/example_branch_python_dop_operator_3.py for tasks to queue
[2025-01-29T23:56:59.970+0000] {logging_mixin.py:188} INFO - [2025-01-29T23:56:59.969+0000] {dagbag.py:538} INFO - Filling up the DagBag from /home/airflow/.local/lib/python3.8/site-packages/airflow/example_dags/example_branch_python_dop_operator_3.py
[2025-01-29T23:56:59.993+0000] {processor.py:840} INFO - DAG(s) 'example_branch_dop_operator_v3' retrieved from /home/airflow/.local/lib/python3.8/site-packages/airflow/example_dags/example_branch_python_dop_operator_3.py
[2025-01-29T23:57:00.063+0000] {logging_mixin.py:188} INFO - [2025-01-29T23:57:00.062+0000] {dag.py:3036} INFO - Sync 1 DAGs
[2025-01-29T23:57:00.148+0000] {logging_mixin.py:188} INFO - [2025-01-29T23:57:00.147+0000] {dag.py:3823} INFO - Setting next_dagrun for example_branch_dop_operator_v3 to 2025-01-29 23:56:00+00:00, run_after=2025-01-29 23:57:00+00:00
[2025-01-29T23:57:00.226+0000] {processor.py:183} INFO - Processing /home/airflow/.local/lib/python3.8/site-packages/airflow/example_dags/example_branch_python_dop_operator_3.py took 0.267 seconds
[2025-01-29T23:57:30.941+0000] {processor.py:161} INFO - Started process (PID=2769) to work on /home/airflow/.local/lib/python3.8/site-packages/airflow/example_dags/example_branch_python_dop_operator_3.py
[2025-01-29T23:57:30.943+0000] {processor.py:830} INFO - Processing file /home/airflow/.local/lib/python3.8/site-packages/airflow/example_dags/example_branch_python_dop_operator_3.py for tasks to queue
[2025-01-29T23:57:30.946+0000] {logging_mixin.py:188} INFO - [2025-01-29T23:57:30.945+0000] {dagbag.py:538} INFO - Filling up the DagBag from /home/airflow/.local/lib/python3.8/site-packages/airflow/example_dags/example_branch_python_dop_operator_3.py
[2025-01-29T23:57:30.976+0000] {processor.py:840} INFO - DAG(s) 'example_branch_dop_operator_v3' retrieved from /home/airflow/.local/lib/python3.8/site-packages/airflow/example_dags/example_branch_python_dop_operator_3.py
[2025-01-29T23:57:31.034+0000] {logging_mixin.py:188} INFO - [2025-01-29T23:57:31.033+0000] {dag.py:3036} INFO - Sync 1 DAGs
[2025-01-29T23:57:31.128+0000] {logging_mixin.py:188} INFO - [2025-01-29T23:57:31.128+0000] {dag.py:3823} INFO - Setting next_dagrun for example_branch_dop_operator_v3 to 2025-01-29 23:56:00+00:00, run_after=2025-01-29 23:57:00+00:00
[2025-01-29T23:57:31.202+0000] {processor.py:183} INFO - Processing /home/airflow/.local/lib/python3.8/site-packages/airflow/example_dags/example_branch_python_dop_operator_3.py took 0.268 seconds
[2025-01-29T23:58:02.244+0000] {processor.py:161} INFO - Started process (PID=2823) to work on /home/airflow/.local/lib/python3.8/site-packages/airflow/example_dags/example_branch_python_dop_operator_3.py
[2025-01-29T23:58:02.259+0000] {processor.py:830} INFO - Processing file /home/airflow/.local/lib/python3.8/site-packages/airflow/example_dags/example_branch_python_dop_operator_3.py for tasks to queue
[2025-01-29T23:58:02.261+0000] {logging_mixin.py:188} INFO - [2025-01-29T23:58:02.261+0000] {dagbag.py:538} INFO - Filling up the DagBag from /home/airflow/.local/lib/python3.8/site-packages/airflow/example_dags/example_branch_python_dop_operator_3.py
[2025-01-29T23:58:02.337+0000] {processor.py:840} INFO - DAG(s) 'example_branch_dop_operator_v3' retrieved from /home/airflow/.local/lib/python3.8/site-packages/airflow/example_dags/example_branch_python_dop_operator_3.py
[2025-01-29T23:58:03.040+0000] {logging_mixin.py:188} INFO - [2025-01-29T23:58:03.036+0000] {dag.py:3036} INFO - Sync 1 DAGs
[2025-01-29T23:58:03.170+0000] {logging_mixin.py:188} INFO - [2025-01-29T23:58:03.169+0000] {dag.py:3823} INFO - Setting next_dagrun for example_branch_dop_operator_v3 to 2025-01-29 23:57:00+00:00, run_after=2025-01-29 23:58:00+00:00
[2025-01-29T23:58:03.351+0000] {processor.py:183} INFO - Processing /home/airflow/.local/lib/python3.8/site-packages/airflow/example_dags/example_branch_python_dop_operator_3.py took 1.124 seconds
[2025-01-29T23:58:33.898+0000] {processor.py:161} INFO - Started process (PID=2879) to work on /home/airflow/.local/lib/python3.8/site-packages/airflow/example_dags/example_branch_python_dop_operator_3.py
[2025-01-29T23:58:33.914+0000] {processor.py:830} INFO - Processing file /home/airflow/.local/lib/python3.8/site-packages/airflow/example_dags/example_branch_python_dop_operator_3.py for tasks to queue
[2025-01-29T23:58:33.917+0000] {logging_mixin.py:188} INFO - [2025-01-29T23:58:33.916+0000] {dagbag.py:538} INFO - Filling up the DagBag from /home/airflow/.local/lib/python3.8/site-packages/airflow/example_dags/example_branch_python_dop_operator_3.py
[2025-01-29T23:58:34.026+0000] {processor.py:840} INFO - DAG(s) 'example_branch_dop_operator_v3' retrieved from /home/airflow/.local/lib/python3.8/site-packages/airflow/example_dags/example_branch_python_dop_operator_3.py
[2025-01-29T23:58:34.201+0000] {logging_mixin.py:188} INFO - [2025-01-29T23:58:34.200+0000] {dag.py:3036} INFO - Sync 1 DAGs
[2025-01-29T23:58:34.431+0000] {logging_mixin.py:188} INFO - [2025-01-29T23:58:34.431+0000] {dag.py:3823} INFO - Setting next_dagrun for example_branch_dop_operator_v3 to 2025-01-29 23:57:00+00:00, run_after=2025-01-29 23:58:00+00:00
[2025-01-29T23:58:34.586+0000] {processor.py:183} INFO - Processing /home/airflow/.local/lib/python3.8/site-packages/airflow/example_dags/example_branch_python_dop_operator_3.py took 0.719 seconds
[2025-01-29T23:59:08.653+0000] {processor.py:161} INFO - Started process (PID=2934) to work on /home/airflow/.local/lib/python3.8/site-packages/airflow/example_dags/example_branch_python_dop_operator_3.py
[2025-01-29T23:59:08.660+0000] {processor.py:830} INFO - Processing file /home/airflow/.local/lib/python3.8/site-packages/airflow/example_dags/example_branch_python_dop_operator_3.py for tasks to queue
[2025-01-29T23:59:08.664+0000] {logging_mixin.py:188} INFO - [2025-01-29T23:59:08.663+0000] {dagbag.py:538} INFO - Filling up the DagBag from /home/airflow/.local/lib/python3.8/site-packages/airflow/example_dags/example_branch_python_dop_operator_3.py
[2025-01-29T23:59:08.705+0000] {processor.py:840} INFO - DAG(s) 'example_branch_dop_operator_v3' retrieved from /home/airflow/.local/lib/python3.8/site-packages/airflow/example_dags/example_branch_python_dop_operator_3.py
[2025-01-29T23:59:08.793+0000] {logging_mixin.py:188} INFO - [2025-01-29T23:59:08.792+0000] {dag.py:3036} INFO - Sync 1 DAGs
[2025-01-29T23:59:08.986+0000] {logging_mixin.py:188} INFO - [2025-01-29T23:59:08.986+0000] {dag.py:3823} INFO - Setting next_dagrun for example_branch_dop_operator_v3 to 2025-01-29 23:58:00+00:00, run_after=2025-01-29 23:59:00+00:00
[2025-01-29T23:59:09.147+0000] {processor.py:183} INFO - Processing /home/airflow/.local/lib/python3.8/site-packages/airflow/example_dags/example_branch_python_dop_operator_3.py took 0.502 seconds
[2025-01-29T23:59:39.924+0000] {processor.py:161} INFO - Started process (PID=2990) to work on /home/airflow/.local/lib/python3.8/site-packages/airflow/example_dags/example_branch_python_dop_operator_3.py
[2025-01-29T23:59:39.929+0000] {processor.py:830} INFO - Processing file /home/airflow/.local/lib/python3.8/site-packages/airflow/example_dags/example_branch_python_dop_operator_3.py for tasks to queue
[2025-01-29T23:59:39.934+0000] {logging_mixin.py:188} INFO - [2025-01-29T23:59:39.933+0000] {dagbag.py:538} INFO - Filling up the DagBag from /home/airflow/.local/lib/python3.8/site-packages/airflow/example_dags/example_branch_python_dop_operator_3.py
[2025-01-29T23:59:39.973+0000] {processor.py:840} INFO - DAG(s) 'example_branch_dop_operator_v3' retrieved from /home/airflow/.local/lib/python3.8/site-packages/airflow/example_dags/example_branch_python_dop_operator_3.py
[2025-01-29T23:59:40.040+0000] {logging_mixin.py:188} INFO - [2025-01-29T23:59:40.040+0000] {dag.py:3036} INFO - Sync 1 DAGs
[2025-01-29T23:59:40.141+0000] {logging_mixin.py:188} INFO - [2025-01-29T23:59:40.140+0000] {dag.py:3823} INFO - Setting next_dagrun for example_branch_dop_operator_v3 to 2025-01-29 23:58:00+00:00, run_after=2025-01-29 23:59:00+00:00
[2025-01-29T23:59:40.232+0000] {processor.py:183} INFO - Processing /home/airflow/.local/lib/python3.8/site-packages/airflow/example_dags/example_branch_python_dop_operator_3.py took 0.313 seconds
