[2025-01-29T23:31:40.667+0000] {processor.py:161} INFO - Started process (PID=112) to work on /home/airflow/.local/lib/python3.8/site-packages/airflow/example_dags/example_external_task_marker_dag.py
[2025-01-29T23:31:40.683+0000] {processor.py:830} INFO - Processing file /home/airflow/.local/lib/python3.8/site-packages/airflow/example_dags/example_external_task_marker_dag.py for tasks to queue
[2025-01-29T23:31:40.719+0000] {logging_mixin.py:188} INFO - [2025-01-29T23:31:40.718+0000] {dagbag.py:538} INFO - Filling up the DagBag from /home/airflow/.local/lib/python3.8/site-packages/airflow/example_dags/example_external_task_marker_dag.py
[2025-01-29T23:31:40.774+0000] {processor.py:840} INFO - DAG(s) 'example_external_task_marker_child', 'example_external_task_marker_parent' retrieved from /home/airflow/.local/lib/python3.8/site-packages/airflow/example_dags/example_external_task_marker_dag.py
[2025-01-29T23:31:40.915+0000] {logging_mixin.py:188} INFO - [2025-01-29T23:31:40.914+0000] {dag.py:3036} INFO - Sync 2 DAGs
[2025-01-29T23:31:41.026+0000] {logging_mixin.py:188} INFO - [2025-01-29T23:31:41.026+0000] {dag.py:3823} INFO - Setting next_dagrun for example_external_task_marker_child to None, run_after=None
[2025-01-29T23:31:41.103+0000] {logging_mixin.py:188} INFO - [2025-01-29T23:31:41.089+0000] {dag.py:3823} INFO - Setting next_dagrun for example_external_task_marker_parent to None, run_after=None
[2025-01-29T23:31:41.377+0000] {processor.py:183} INFO - Processing /home/airflow/.local/lib/python3.8/site-packages/airflow/example_dags/example_external_task_marker_dag.py took 0.742 seconds
[2025-01-29T23:32:11.875+0000] {processor.py:161} INFO - Started process (PID=169) to work on /home/airflow/.local/lib/python3.8/site-packages/airflow/example_dags/example_external_task_marker_dag.py
[2025-01-29T23:32:11.888+0000] {processor.py:830} INFO - Processing file /home/airflow/.local/lib/python3.8/site-packages/airflow/example_dags/example_external_task_marker_dag.py for tasks to queue
[2025-01-29T23:32:11.905+0000] {logging_mixin.py:188} INFO - [2025-01-29T23:32:11.904+0000] {dagbag.py:538} INFO - Filling up the DagBag from /home/airflow/.local/lib/python3.8/site-packages/airflow/example_dags/example_external_task_marker_dag.py
[2025-01-29T23:32:11.937+0000] {processor.py:840} INFO - DAG(s) 'example_external_task_marker_child', 'example_external_task_marker_parent' retrieved from /home/airflow/.local/lib/python3.8/site-packages/airflow/example_dags/example_external_task_marker_dag.py
[2025-01-29T23:32:12.082+0000] {logging_mixin.py:188} INFO - [2025-01-29T23:32:12.079+0000] {dag.py:3036} INFO - Sync 2 DAGs
[2025-01-29T23:32:12.147+0000] {logging_mixin.py:188} INFO - [2025-01-29T23:32:12.146+0000] {dag.py:3823} INFO - Setting next_dagrun for example_external_task_marker_child to None, run_after=None
[2025-01-29T23:32:12.179+0000] {logging_mixin.py:188} INFO - [2025-01-29T23:32:12.178+0000] {dag.py:3823} INFO - Setting next_dagrun for example_external_task_marker_parent to None, run_after=None
[2025-01-29T23:32:12.310+0000] {processor.py:183} INFO - Processing /home/airflow/.local/lib/python3.8/site-packages/airflow/example_dags/example_external_task_marker_dag.py took 0.444 seconds
[2025-01-29T23:33:27.325+0000] {processor.py:161} INFO - Started process (PID=244) to work on /home/airflow/.local/lib/python3.8/site-packages/airflow/example_dags/example_external_task_marker_dag.py
[2025-01-29T23:33:27.340+0000] {processor.py:830} INFO - Processing file /home/airflow/.local/lib/python3.8/site-packages/airflow/example_dags/example_external_task_marker_dag.py for tasks to queue
[2025-01-29T23:33:27.355+0000] {logging_mixin.py:188} INFO - [2025-01-29T23:33:27.354+0000] {dagbag.py:538} INFO - Filling up the DagBag from /home/airflow/.local/lib/python3.8/site-packages/airflow/example_dags/example_external_task_marker_dag.py
[2025-01-29T23:33:27.402+0000] {processor.py:840} INFO - DAG(s) 'example_external_task_marker_parent', 'example_external_task_marker_child' retrieved from /home/airflow/.local/lib/python3.8/site-packages/airflow/example_dags/example_external_task_marker_dag.py
[2025-01-29T23:33:28.131+0000] {logging_mixin.py:188} INFO - [2025-01-29T23:33:28.131+0000] {dag.py:3036} INFO - Sync 2 DAGs
[2025-01-29T23:33:28.637+0000] {logging_mixin.py:188} INFO - [2025-01-29T23:33:28.627+0000] {dag.py:3823} INFO - Setting next_dagrun for example_external_task_marker_child to None, run_after=None
[2025-01-29T23:33:28.657+0000] {logging_mixin.py:188} INFO - [2025-01-29T23:33:28.656+0000] {dag.py:3823} INFO - Setting next_dagrun for example_external_task_marker_parent to None, run_after=None
[2025-01-29T23:33:28.747+0000] {processor.py:183} INFO - Processing /home/airflow/.local/lib/python3.8/site-packages/airflow/example_dags/example_external_task_marker_dag.py took 1.452 seconds
[2025-01-29T23:33:59.554+0000] {processor.py:161} INFO - Started process (PID=300) to work on /home/airflow/.local/lib/python3.8/site-packages/airflow/example_dags/example_external_task_marker_dag.py
[2025-01-29T23:33:59.557+0000] {processor.py:830} INFO - Processing file /home/airflow/.local/lib/python3.8/site-packages/airflow/example_dags/example_external_task_marker_dag.py for tasks to queue
[2025-01-29T23:33:59.721+0000] {logging_mixin.py:188} INFO - [2025-01-29T23:33:59.720+0000] {dagbag.py:538} INFO - Filling up the DagBag from /home/airflow/.local/lib/python3.8/site-packages/airflow/example_dags/example_external_task_marker_dag.py
[2025-01-29T23:33:59.832+0000] {processor.py:840} INFO - DAG(s) 'example_external_task_marker_parent', 'example_external_task_marker_child' retrieved from /home/airflow/.local/lib/python3.8/site-packages/airflow/example_dags/example_external_task_marker_dag.py
[2025-01-29T23:34:00.193+0000] {logging_mixin.py:188} INFO - [2025-01-29T23:34:00.192+0000] {dag.py:3036} INFO - Sync 2 DAGs
[2025-01-29T23:34:00.333+0000] {logging_mixin.py:188} INFO - [2025-01-29T23:34:00.333+0000] {dag.py:3823} INFO - Setting next_dagrun for example_external_task_marker_child to None, run_after=None
[2025-01-29T23:34:00.367+0000] {logging_mixin.py:188} INFO - [2025-01-29T23:34:00.366+0000] {dag.py:3823} INFO - Setting next_dagrun for example_external_task_marker_parent to None, run_after=None
[2025-01-29T23:34:00.566+0000] {processor.py:183} INFO - Processing /home/airflow/.local/lib/python3.8/site-packages/airflow/example_dags/example_external_task_marker_dag.py took 1.038 seconds
[2025-01-29T23:34:31.450+0000] {processor.py:161} INFO - Started process (PID=358) to work on /home/airflow/.local/lib/python3.8/site-packages/airflow/example_dags/example_external_task_marker_dag.py
[2025-01-29T23:34:31.456+0000] {processor.py:830} INFO - Processing file /home/airflow/.local/lib/python3.8/site-packages/airflow/example_dags/example_external_task_marker_dag.py for tasks to queue
[2025-01-29T23:34:31.468+0000] {logging_mixin.py:188} INFO - [2025-01-29T23:34:31.467+0000] {dagbag.py:538} INFO - Filling up the DagBag from /home/airflow/.local/lib/python3.8/site-packages/airflow/example_dags/example_external_task_marker_dag.py
[2025-01-29T23:34:31.498+0000] {processor.py:840} INFO - DAG(s) 'example_external_task_marker_parent', 'example_external_task_marker_child' retrieved from /home/airflow/.local/lib/python3.8/site-packages/airflow/example_dags/example_external_task_marker_dag.py
[2025-01-29T23:34:31.633+0000] {logging_mixin.py:188} INFO - [2025-01-29T23:34:31.632+0000] {dag.py:3036} INFO - Sync 2 DAGs
[2025-01-29T23:34:31.727+0000] {logging_mixin.py:188} INFO - [2025-01-29T23:34:31.727+0000] {dag.py:3823} INFO - Setting next_dagrun for example_external_task_marker_child to None, run_after=None
[2025-01-29T23:34:31.770+0000] {logging_mixin.py:188} INFO - [2025-01-29T23:34:31.769+0000] {dag.py:3823} INFO - Setting next_dagrun for example_external_task_marker_parent to None, run_after=None
[2025-01-29T23:34:31.879+0000] {processor.py:183} INFO - Processing /home/airflow/.local/lib/python3.8/site-packages/airflow/example_dags/example_external_task_marker_dag.py took 0.435 seconds
[2025-01-29T23:35:02.080+0000] {processor.py:161} INFO - Started process (PID=413) to work on /home/airflow/.local/lib/python3.8/site-packages/airflow/example_dags/example_external_task_marker_dag.py
[2025-01-29T23:35:02.088+0000] {processor.py:830} INFO - Processing file /home/airflow/.local/lib/python3.8/site-packages/airflow/example_dags/example_external_task_marker_dag.py for tasks to queue
[2025-01-29T23:35:02.109+0000] {logging_mixin.py:188} INFO - [2025-01-29T23:35:02.098+0000] {dagbag.py:538} INFO - Filling up the DagBag from /home/airflow/.local/lib/python3.8/site-packages/airflow/example_dags/example_external_task_marker_dag.py
[2025-01-29T23:35:02.155+0000] {processor.py:840} INFO - DAG(s) 'example_external_task_marker_child', 'example_external_task_marker_parent' retrieved from /home/airflow/.local/lib/python3.8/site-packages/airflow/example_dags/example_external_task_marker_dag.py
[2025-01-29T23:35:02.309+0000] {logging_mixin.py:188} INFO - [2025-01-29T23:35:02.308+0000] {dag.py:3036} INFO - Sync 2 DAGs
[2025-01-29T23:35:02.384+0000] {logging_mixin.py:188} INFO - [2025-01-29T23:35:02.383+0000] {dag.py:3823} INFO - Setting next_dagrun for example_external_task_marker_child to None, run_after=None
[2025-01-29T23:35:02.406+0000] {logging_mixin.py:188} INFO - [2025-01-29T23:35:02.405+0000] {dag.py:3823} INFO - Setting next_dagrun for example_external_task_marker_parent to None, run_after=None
[2025-01-29T23:35:02.514+0000] {processor.py:183} INFO - Processing /home/airflow/.local/lib/python3.8/site-packages/airflow/example_dags/example_external_task_marker_dag.py took 0.452 seconds
[2025-01-29T23:35:44.320+0000] {processor.py:161} INFO - Started process (PID=471) to work on /home/airflow/.local/lib/python3.8/site-packages/airflow/example_dags/example_external_task_marker_dag.py
[2025-01-29T23:35:44.334+0000] {processor.py:830} INFO - Processing file /home/airflow/.local/lib/python3.8/site-packages/airflow/example_dags/example_external_task_marker_dag.py for tasks to queue
[2025-01-29T23:35:44.341+0000] {logging_mixin.py:188} INFO - [2025-01-29T23:35:44.340+0000] {dagbag.py:538} INFO - Filling up the DagBag from /home/airflow/.local/lib/python3.8/site-packages/airflow/example_dags/example_external_task_marker_dag.py
[2025-01-29T23:35:44.364+0000] {processor.py:840} INFO - DAG(s) 'example_external_task_marker_parent', 'example_external_task_marker_child' retrieved from /home/airflow/.local/lib/python3.8/site-packages/airflow/example_dags/example_external_task_marker_dag.py
[2025-01-29T23:35:44.523+0000] {logging_mixin.py:188} INFO - [2025-01-29T23:35:44.523+0000] {dag.py:3036} INFO - Sync 2 DAGs
[2025-01-29T23:35:44.651+0000] {logging_mixin.py:188} INFO - [2025-01-29T23:35:44.640+0000] {dag.py:3823} INFO - Setting next_dagrun for example_external_task_marker_child to None, run_after=None
[2025-01-29T23:35:44.699+0000] {logging_mixin.py:188} INFO - [2025-01-29T23:35:44.689+0000] {dag.py:3823} INFO - Setting next_dagrun for example_external_task_marker_parent to None, run_after=None
[2025-01-29T23:35:44.850+0000] {processor.py:183} INFO - Processing /home/airflow/.local/lib/python3.8/site-packages/airflow/example_dags/example_external_task_marker_dag.py took 0.547 seconds
[2025-01-29T23:36:46.478+0000] {processor.py:161} INFO - Started process (PID=548) to work on /home/airflow/.local/lib/python3.8/site-packages/airflow/example_dags/example_external_task_marker_dag.py
[2025-01-29T23:36:46.484+0000] {processor.py:830} INFO - Processing file /home/airflow/.local/lib/python3.8/site-packages/airflow/example_dags/example_external_task_marker_dag.py for tasks to queue
[2025-01-29T23:36:46.525+0000] {logging_mixin.py:188} INFO - [2025-01-29T23:36:46.524+0000] {dagbag.py:538} INFO - Filling up the DagBag from /home/airflow/.local/lib/python3.8/site-packages/airflow/example_dags/example_external_task_marker_dag.py
[2025-01-29T23:36:46.575+0000] {processor.py:840} INFO - DAG(s) 'example_external_task_marker_parent', 'example_external_task_marker_child' retrieved from /home/airflow/.local/lib/python3.8/site-packages/airflow/example_dags/example_external_task_marker_dag.py
[2025-01-29T23:36:46.815+0000] {logging_mixin.py:188} INFO - [2025-01-29T23:36:46.814+0000] {dag.py:3036} INFO - Sync 2 DAGs
[2025-01-29T23:36:46.944+0000] {logging_mixin.py:188} INFO - [2025-01-29T23:36:46.943+0000] {dag.py:3823} INFO - Setting next_dagrun for example_external_task_marker_child to None, run_after=None
[2025-01-29T23:36:47.010+0000] {logging_mixin.py:188} INFO - [2025-01-29T23:36:47.009+0000] {dag.py:3823} INFO - Setting next_dagrun for example_external_task_marker_parent to None, run_after=None
[2025-01-29T23:36:47.233+0000] {processor.py:183} INFO - Processing /home/airflow/.local/lib/python3.8/site-packages/airflow/example_dags/example_external_task_marker_dag.py took 0.774 seconds
[2025-01-29T23:37:18.465+0000] {processor.py:161} INFO - Started process (PID=604) to work on /home/airflow/.local/lib/python3.8/site-packages/airflow/example_dags/example_external_task_marker_dag.py
[2025-01-29T23:37:18.480+0000] {processor.py:830} INFO - Processing file /home/airflow/.local/lib/python3.8/site-packages/airflow/example_dags/example_external_task_marker_dag.py for tasks to queue
[2025-01-29T23:37:18.497+0000] {logging_mixin.py:188} INFO - [2025-01-29T23:37:18.496+0000] {dagbag.py:538} INFO - Filling up the DagBag from /home/airflow/.local/lib/python3.8/site-packages/airflow/example_dags/example_external_task_marker_dag.py
[2025-01-29T23:37:18.527+0000] {processor.py:840} INFO - DAG(s) 'example_external_task_marker_parent', 'example_external_task_marker_child' retrieved from /home/airflow/.local/lib/python3.8/site-packages/airflow/example_dags/example_external_task_marker_dag.py
[2025-01-29T23:37:18.657+0000] {logging_mixin.py:188} INFO - [2025-01-29T23:37:18.656+0000] {dag.py:3036} INFO - Sync 2 DAGs
[2025-01-29T23:37:18.898+0000] {logging_mixin.py:188} INFO - [2025-01-29T23:37:18.897+0000] {dag.py:3823} INFO - Setting next_dagrun for example_external_task_marker_child to None, run_after=None
[2025-01-29T23:37:18.930+0000] {logging_mixin.py:188} INFO - [2025-01-29T23:37:18.930+0000] {dag.py:3823} INFO - Setting next_dagrun for example_external_task_marker_parent to None, run_after=None
[2025-01-29T23:37:19.043+0000] {processor.py:183} INFO - Processing /home/airflow/.local/lib/python3.8/site-packages/airflow/example_dags/example_external_task_marker_dag.py took 0.658 seconds
[2025-01-29T23:38:00.474+0000] {processor.py:161} INFO - Started process (PID=669) to work on /home/airflow/.local/lib/python3.8/site-packages/airflow/example_dags/example_external_task_marker_dag.py
[2025-01-29T23:38:00.489+0000] {processor.py:830} INFO - Processing file /home/airflow/.local/lib/python3.8/site-packages/airflow/example_dags/example_external_task_marker_dag.py for tasks to queue
[2025-01-29T23:38:00.494+0000] {logging_mixin.py:188} INFO - [2025-01-29T23:38:00.493+0000] {dagbag.py:538} INFO - Filling up the DagBag from /home/airflow/.local/lib/python3.8/site-packages/airflow/example_dags/example_external_task_marker_dag.py
[2025-01-29T23:38:00.568+0000] {processor.py:840} INFO - DAG(s) 'example_external_task_marker_child', 'example_external_task_marker_parent' retrieved from /home/airflow/.local/lib/python3.8/site-packages/airflow/example_dags/example_external_task_marker_dag.py
[2025-01-29T23:38:01.430+0000] {logging_mixin.py:188} INFO - [2025-01-29T23:38:01.430+0000] {dag.py:3036} INFO - Sync 2 DAGs
[2025-01-29T23:38:01.564+0000] {logging_mixin.py:188} INFO - [2025-01-29T23:38:01.564+0000] {dag.py:3823} INFO - Setting next_dagrun for example_external_task_marker_child to None, run_after=None
[2025-01-29T23:38:01.597+0000] {logging_mixin.py:188} INFO - [2025-01-29T23:38:01.596+0000] {dag.py:3823} INFO - Setting next_dagrun for example_external_task_marker_parent to None, run_after=None
[2025-01-29T23:38:01.743+0000] {processor.py:183} INFO - Processing /home/airflow/.local/lib/python3.8/site-packages/airflow/example_dags/example_external_task_marker_dag.py took 1.284 seconds
[2025-01-29T23:38:34.695+0000] {processor.py:161} INFO - Started process (PID=726) to work on /home/airflow/.local/lib/python3.8/site-packages/airflow/example_dags/example_external_task_marker_dag.py
[2025-01-29T23:38:34.700+0000] {processor.py:830} INFO - Processing file /home/airflow/.local/lib/python3.8/site-packages/airflow/example_dags/example_external_task_marker_dag.py for tasks to queue
[2025-01-29T23:38:34.717+0000] {logging_mixin.py:188} INFO - [2025-01-29T23:38:34.716+0000] {dagbag.py:538} INFO - Filling up the DagBag from /home/airflow/.local/lib/python3.8/site-packages/airflow/example_dags/example_external_task_marker_dag.py
[2025-01-29T23:38:34.775+0000] {processor.py:840} INFO - DAG(s) 'example_external_task_marker_child', 'example_external_task_marker_parent' retrieved from /home/airflow/.local/lib/python3.8/site-packages/airflow/example_dags/example_external_task_marker_dag.py
[2025-01-29T23:38:34.937+0000] {logging_mixin.py:188} INFO - [2025-01-29T23:38:34.936+0000] {dag.py:3036} INFO - Sync 2 DAGs
[2025-01-29T23:38:35.003+0000] {logging_mixin.py:188} INFO - [2025-01-29T23:38:35.001+0000] {dag.py:3823} INFO - Setting next_dagrun for example_external_task_marker_child to None, run_after=None
[2025-01-29T23:38:35.051+0000] {logging_mixin.py:188} INFO - [2025-01-29T23:38:35.050+0000] {dag.py:3823} INFO - Setting next_dagrun for example_external_task_marker_parent to None, run_after=None
[2025-01-29T23:38:35.160+0000] {processor.py:183} INFO - Processing /home/airflow/.local/lib/python3.8/site-packages/airflow/example_dags/example_external_task_marker_dag.py took 0.485 seconds
[2025-01-29T23:39:07.444+0000] {processor.py:161} INFO - Started process (PID=781) to work on /home/airflow/.local/lib/python3.8/site-packages/airflow/example_dags/example_external_task_marker_dag.py
[2025-01-29T23:39:07.460+0000] {processor.py:830} INFO - Processing file /home/airflow/.local/lib/python3.8/site-packages/airflow/example_dags/example_external_task_marker_dag.py for tasks to queue
[2025-01-29T23:39:07.477+0000] {logging_mixin.py:188} INFO - [2025-01-29T23:39:07.476+0000] {dagbag.py:538} INFO - Filling up the DagBag from /home/airflow/.local/lib/python3.8/site-packages/airflow/example_dags/example_external_task_marker_dag.py
[2025-01-29T23:39:07.541+0000] {processor.py:840} INFO - DAG(s) 'example_external_task_marker_child', 'example_external_task_marker_parent' retrieved from /home/airflow/.local/lib/python3.8/site-packages/airflow/example_dags/example_external_task_marker_dag.py
[2025-01-29T23:39:07.748+0000] {logging_mixin.py:188} INFO - [2025-01-29T23:39:07.747+0000] {dag.py:3036} INFO - Sync 2 DAGs
[2025-01-29T23:39:07.839+0000] {logging_mixin.py:188} INFO - [2025-01-29T23:39:07.838+0000] {dag.py:3823} INFO - Setting next_dagrun for example_external_task_marker_child to None, run_after=None
[2025-01-29T23:39:07.891+0000] {logging_mixin.py:188} INFO - [2025-01-29T23:39:07.890+0000] {dag.py:3823} INFO - Setting next_dagrun for example_external_task_marker_parent to None, run_after=None
[2025-01-29T23:39:08.132+0000] {processor.py:183} INFO - Processing /home/airflow/.local/lib/python3.8/site-packages/airflow/example_dags/example_external_task_marker_dag.py took 0.729 seconds
[2025-01-29T23:39:38.933+0000] {processor.py:161} INFO - Started process (PID=845) to work on /home/airflow/.local/lib/python3.8/site-packages/airflow/example_dags/example_external_task_marker_dag.py
[2025-01-29T23:39:38.935+0000] {processor.py:830} INFO - Processing file /home/airflow/.local/lib/python3.8/site-packages/airflow/example_dags/example_external_task_marker_dag.py for tasks to queue
[2025-01-29T23:39:38.950+0000] {logging_mixin.py:188} INFO - [2025-01-29T23:39:38.949+0000] {dagbag.py:538} INFO - Filling up the DagBag from /home/airflow/.local/lib/python3.8/site-packages/airflow/example_dags/example_external_task_marker_dag.py
[2025-01-29T23:39:39.002+0000] {processor.py:840} INFO - DAG(s) 'example_external_task_marker_child', 'example_external_task_marker_parent' retrieved from /home/airflow/.local/lib/python3.8/site-packages/airflow/example_dags/example_external_task_marker_dag.py
[2025-01-29T23:39:39.111+0000] {logging_mixin.py:188} INFO - [2025-01-29T23:39:39.111+0000] {dag.py:3036} INFO - Sync 2 DAGs
[2025-01-29T23:39:39.173+0000] {logging_mixin.py:188} INFO - [2025-01-29T23:39:39.172+0000] {dag.py:3823} INFO - Setting next_dagrun for example_external_task_marker_child to None, run_after=None
[2025-01-29T23:39:39.189+0000] {logging_mixin.py:188} INFO - [2025-01-29T23:39:39.189+0000] {dag.py:3823} INFO - Setting next_dagrun for example_external_task_marker_parent to None, run_after=None
[2025-01-29T23:39:39.287+0000] {processor.py:183} INFO - Processing /home/airflow/.local/lib/python3.8/site-packages/airflow/example_dags/example_external_task_marker_dag.py took 0.399 seconds
[2025-01-29T23:40:09.811+0000] {processor.py:161} INFO - Started process (PID=901) to work on /home/airflow/.local/lib/python3.8/site-packages/airflow/example_dags/example_external_task_marker_dag.py
[2025-01-29T23:40:09.825+0000] {processor.py:830} INFO - Processing file /home/airflow/.local/lib/python3.8/site-packages/airflow/example_dags/example_external_task_marker_dag.py for tasks to queue
[2025-01-29T23:40:09.831+0000] {logging_mixin.py:188} INFO - [2025-01-29T23:40:09.831+0000] {dagbag.py:538} INFO - Filling up the DagBag from /home/airflow/.local/lib/python3.8/site-packages/airflow/example_dags/example_external_task_marker_dag.py
[2025-01-29T23:40:09.869+0000] {processor.py:840} INFO - DAG(s) 'example_external_task_marker_child', 'example_external_task_marker_parent' retrieved from /home/airflow/.local/lib/python3.8/site-packages/airflow/example_dags/example_external_task_marker_dag.py
[2025-01-29T23:40:10.024+0000] {logging_mixin.py:188} INFO - [2025-01-29T23:40:10.024+0000] {dag.py:3036} INFO - Sync 2 DAGs
[2025-01-29T23:40:10.097+0000] {logging_mixin.py:188} INFO - [2025-01-29T23:40:10.096+0000] {dag.py:3823} INFO - Setting next_dagrun for example_external_task_marker_child to None, run_after=None
[2025-01-29T23:40:10.137+0000] {logging_mixin.py:188} INFO - [2025-01-29T23:40:10.137+0000] {dag.py:3823} INFO - Setting next_dagrun for example_external_task_marker_parent to None, run_after=None
[2025-01-29T23:40:10.315+0000] {processor.py:183} INFO - Processing /home/airflow/.local/lib/python3.8/site-packages/airflow/example_dags/example_external_task_marker_dag.py took 0.540 seconds
[2025-01-29T23:40:40.994+0000] {processor.py:161} INFO - Started process (PID=957) to work on /home/airflow/.local/lib/python3.8/site-packages/airflow/example_dags/example_external_task_marker_dag.py
[2025-01-29T23:40:41.008+0000] {processor.py:830} INFO - Processing file /home/airflow/.local/lib/python3.8/site-packages/airflow/example_dags/example_external_task_marker_dag.py for tasks to queue
[2025-01-29T23:40:41.023+0000] {logging_mixin.py:188} INFO - [2025-01-29T23:40:41.021+0000] {dagbag.py:538} INFO - Filling up the DagBag from /home/airflow/.local/lib/python3.8/site-packages/airflow/example_dags/example_external_task_marker_dag.py
[2025-01-29T23:40:41.048+0000] {processor.py:840} INFO - DAG(s) 'example_external_task_marker_parent', 'example_external_task_marker_child' retrieved from /home/airflow/.local/lib/python3.8/site-packages/airflow/example_dags/example_external_task_marker_dag.py
[2025-01-29T23:40:41.158+0000] {logging_mixin.py:188} INFO - [2025-01-29T23:40:41.157+0000] {dag.py:3036} INFO - Sync 2 DAGs
[2025-01-29T23:40:41.218+0000] {logging_mixin.py:188} INFO - [2025-01-29T23:40:41.218+0000] {dag.py:3823} INFO - Setting next_dagrun for example_external_task_marker_child to None, run_after=None
[2025-01-29T23:40:41.235+0000] {logging_mixin.py:188} INFO - [2025-01-29T23:40:41.234+0000] {dag.py:3823} INFO - Setting next_dagrun for example_external_task_marker_parent to None, run_after=None
[2025-01-29T23:40:41.306+0000] {processor.py:183} INFO - Processing /home/airflow/.local/lib/python3.8/site-packages/airflow/example_dags/example_external_task_marker_dag.py took 0.330 seconds
[2025-01-29T23:41:11.564+0000] {processor.py:161} INFO - Started process (PID=1014) to work on /home/airflow/.local/lib/python3.8/site-packages/airflow/example_dags/example_external_task_marker_dag.py
[2025-01-29T23:41:11.579+0000] {processor.py:830} INFO - Processing file /home/airflow/.local/lib/python3.8/site-packages/airflow/example_dags/example_external_task_marker_dag.py for tasks to queue
[2025-01-29T23:41:11.596+0000] {logging_mixin.py:188} INFO - [2025-01-29T23:41:11.595+0000] {dagbag.py:538} INFO - Filling up the DagBag from /home/airflow/.local/lib/python3.8/site-packages/airflow/example_dags/example_external_task_marker_dag.py
[2025-01-29T23:41:11.625+0000] {processor.py:840} INFO - DAG(s) 'example_external_task_marker_child', 'example_external_task_marker_parent' retrieved from /home/airflow/.local/lib/python3.8/site-packages/airflow/example_dags/example_external_task_marker_dag.py
[2025-01-29T23:41:11.741+0000] {logging_mixin.py:188} INFO - [2025-01-29T23:41:11.739+0000] {dag.py:3036} INFO - Sync 2 DAGs
[2025-01-29T23:41:11.816+0000] {logging_mixin.py:188} INFO - [2025-01-29T23:41:11.804+0000] {dag.py:3823} INFO - Setting next_dagrun for example_external_task_marker_child to None, run_after=None
[2025-01-29T23:41:11.877+0000] {logging_mixin.py:188} INFO - [2025-01-29T23:41:11.876+0000] {dag.py:3823} INFO - Setting next_dagrun for example_external_task_marker_parent to None, run_after=None
[2025-01-29T23:41:12.017+0000] {processor.py:183} INFO - Processing /home/airflow/.local/lib/python3.8/site-packages/airflow/example_dags/example_external_task_marker_dag.py took 0.470 seconds
[2025-01-29T23:41:42.174+0000] {processor.py:161} INFO - Started process (PID=1071) to work on /home/airflow/.local/lib/python3.8/site-packages/airflow/example_dags/example_external_task_marker_dag.py
[2025-01-29T23:41:42.177+0000] {processor.py:830} INFO - Processing file /home/airflow/.local/lib/python3.8/site-packages/airflow/example_dags/example_external_task_marker_dag.py for tasks to queue
[2025-01-29T23:41:42.192+0000] {logging_mixin.py:188} INFO - [2025-01-29T23:41:42.191+0000] {dagbag.py:538} INFO - Filling up the DagBag from /home/airflow/.local/lib/python3.8/site-packages/airflow/example_dags/example_external_task_marker_dag.py
[2025-01-29T23:41:42.212+0000] {processor.py:840} INFO - DAG(s) 'example_external_task_marker_parent', 'example_external_task_marker_child' retrieved from /home/airflow/.local/lib/python3.8/site-packages/airflow/example_dags/example_external_task_marker_dag.py
[2025-01-29T23:41:42.352+0000] {logging_mixin.py:188} INFO - [2025-01-29T23:41:42.351+0000] {dag.py:3036} INFO - Sync 2 DAGs
[2025-01-29T23:41:42.421+0000] {logging_mixin.py:188} INFO - [2025-01-29T23:41:42.421+0000] {dag.py:3823} INFO - Setting next_dagrun for example_external_task_marker_child to None, run_after=None
[2025-01-29T23:41:42.439+0000] {logging_mixin.py:188} INFO - [2025-01-29T23:41:42.438+0000] {dag.py:3823} INFO - Setting next_dagrun for example_external_task_marker_parent to None, run_after=None
[2025-01-29T23:41:42.523+0000] {processor.py:183} INFO - Processing /home/airflow/.local/lib/python3.8/site-packages/airflow/example_dags/example_external_task_marker_dag.py took 0.362 seconds
[2025-01-29T23:42:14.534+0000] {processor.py:161} INFO - Started process (PID=1126) to work on /home/airflow/.local/lib/python3.8/site-packages/airflow/example_dags/example_external_task_marker_dag.py
[2025-01-29T23:42:14.548+0000] {processor.py:830} INFO - Processing file /home/airflow/.local/lib/python3.8/site-packages/airflow/example_dags/example_external_task_marker_dag.py for tasks to queue
[2025-01-29T23:42:14.565+0000] {logging_mixin.py:188} INFO - [2025-01-29T23:42:14.564+0000] {dagbag.py:538} INFO - Filling up the DagBag from /home/airflow/.local/lib/python3.8/site-packages/airflow/example_dags/example_external_task_marker_dag.py
[2025-01-29T23:42:14.613+0000] {processor.py:840} INFO - DAG(s) 'example_external_task_marker_child', 'example_external_task_marker_parent' retrieved from /home/airflow/.local/lib/python3.8/site-packages/airflow/example_dags/example_external_task_marker_dag.py
[2025-01-29T23:42:14.779+0000] {logging_mixin.py:188} INFO - [2025-01-29T23:42:14.778+0000] {dag.py:3036} INFO - Sync 2 DAGs
[2025-01-29T23:42:14.859+0000] {logging_mixin.py:188} INFO - [2025-01-29T23:42:14.858+0000] {dag.py:3823} INFO - Setting next_dagrun for example_external_task_marker_child to None, run_after=None
[2025-01-29T23:42:14.878+0000] {logging_mixin.py:188} INFO - [2025-01-29T23:42:14.877+0000] {dag.py:3823} INFO - Setting next_dagrun for example_external_task_marker_parent to None, run_after=None
[2025-01-29T23:42:14.982+0000] {processor.py:183} INFO - Processing /home/airflow/.local/lib/python3.8/site-packages/airflow/example_dags/example_external_task_marker_dag.py took 0.468 seconds
[2025-01-29T23:42:45.708+0000] {processor.py:161} INFO - Started process (PID=1182) to work on /home/airflow/.local/lib/python3.8/site-packages/airflow/example_dags/example_external_task_marker_dag.py
[2025-01-29T23:42:45.763+0000] {processor.py:830} INFO - Processing file /home/airflow/.local/lib/python3.8/site-packages/airflow/example_dags/example_external_task_marker_dag.py for tasks to queue
[2025-01-29T23:42:45.791+0000] {logging_mixin.py:188} INFO - [2025-01-29T23:42:45.790+0000] {dagbag.py:538} INFO - Filling up the DagBag from /home/airflow/.local/lib/python3.8/site-packages/airflow/example_dags/example_external_task_marker_dag.py
[2025-01-29T23:42:45.828+0000] {processor.py:840} INFO - DAG(s) 'example_external_task_marker_parent', 'example_external_task_marker_child' retrieved from /home/airflow/.local/lib/python3.8/site-packages/airflow/example_dags/example_external_task_marker_dag.py
[2025-01-29T23:42:45.986+0000] {logging_mixin.py:188} INFO - [2025-01-29T23:42:45.985+0000] {dag.py:3036} INFO - Sync 2 DAGs
[2025-01-29T23:42:46.072+0000] {logging_mixin.py:188} INFO - [2025-01-29T23:42:46.072+0000] {dag.py:3823} INFO - Setting next_dagrun for example_external_task_marker_child to None, run_after=None
[2025-01-29T23:42:46.093+0000] {logging_mixin.py:188} INFO - [2025-01-29T23:42:46.093+0000] {dag.py:3823} INFO - Setting next_dagrun for example_external_task_marker_parent to None, run_after=None
[2025-01-29T23:42:46.220+0000] {processor.py:183} INFO - Processing /home/airflow/.local/lib/python3.8/site-packages/airflow/example_dags/example_external_task_marker_dag.py took 0.531 seconds
[2025-01-29T23:43:18.817+0000] {processor.py:161} INFO - Started process (PID=1237) to work on /home/airflow/.local/lib/python3.8/site-packages/airflow/example_dags/example_external_task_marker_dag.py
[2025-01-29T23:43:18.830+0000] {processor.py:830} INFO - Processing file /home/airflow/.local/lib/python3.8/site-packages/airflow/example_dags/example_external_task_marker_dag.py for tasks to queue
[2025-01-29T23:43:18.842+0000] {logging_mixin.py:188} INFO - [2025-01-29T23:43:18.841+0000] {dagbag.py:538} INFO - Filling up the DagBag from /home/airflow/.local/lib/python3.8/site-packages/airflow/example_dags/example_external_task_marker_dag.py
[2025-01-29T23:43:18.887+0000] {processor.py:840} INFO - DAG(s) 'example_external_task_marker_parent', 'example_external_task_marker_child' retrieved from /home/airflow/.local/lib/python3.8/site-packages/airflow/example_dags/example_external_task_marker_dag.py
[2025-01-29T23:43:19.104+0000] {logging_mixin.py:188} INFO - [2025-01-29T23:43:19.104+0000] {dag.py:3036} INFO - Sync 2 DAGs
[2025-01-29T23:43:19.313+0000] {logging_mixin.py:188} INFO - [2025-01-29T23:43:19.312+0000] {dag.py:3823} INFO - Setting next_dagrun for example_external_task_marker_child to None, run_after=None
[2025-01-29T23:43:19.377+0000] {logging_mixin.py:188} INFO - [2025-01-29T23:43:19.377+0000] {dag.py:3823} INFO - Setting next_dagrun for example_external_task_marker_parent to None, run_after=None
[2025-01-29T23:43:19.547+0000] {processor.py:183} INFO - Processing /home/airflow/.local/lib/python3.8/site-packages/airflow/example_dags/example_external_task_marker_dag.py took 0.759 seconds
[2025-01-29T23:43:50.134+0000] {processor.py:161} INFO - Started process (PID=1293) to work on /home/airflow/.local/lib/python3.8/site-packages/airflow/example_dags/example_external_task_marker_dag.py
[2025-01-29T23:43:50.162+0000] {processor.py:830} INFO - Processing file /home/airflow/.local/lib/python3.8/site-packages/airflow/example_dags/example_external_task_marker_dag.py for tasks to queue
[2025-01-29T23:43:50.169+0000] {logging_mixin.py:188} INFO - [2025-01-29T23:43:50.168+0000] {dagbag.py:538} INFO - Filling up the DagBag from /home/airflow/.local/lib/python3.8/site-packages/airflow/example_dags/example_external_task_marker_dag.py
[2025-01-29T23:43:50.248+0000] {processor.py:840} INFO - DAG(s) 'example_external_task_marker_parent', 'example_external_task_marker_child' retrieved from /home/airflow/.local/lib/python3.8/site-packages/airflow/example_dags/example_external_task_marker_dag.py
[2025-01-29T23:43:50.398+0000] {logging_mixin.py:188} INFO - [2025-01-29T23:43:50.397+0000] {dag.py:3036} INFO - Sync 2 DAGs
[2025-01-29T23:43:50.492+0000] {logging_mixin.py:188} INFO - [2025-01-29T23:43:50.492+0000] {dag.py:3823} INFO - Setting next_dagrun for example_external_task_marker_child to None, run_after=None
[2025-01-29T23:43:50.523+0000] {logging_mixin.py:188} INFO - [2025-01-29T23:43:50.523+0000] {dag.py:3823} INFO - Setting next_dagrun for example_external_task_marker_parent to None, run_after=None
[2025-01-29T23:43:50.703+0000] {processor.py:183} INFO - Processing /home/airflow/.local/lib/python3.8/site-packages/airflow/example_dags/example_external_task_marker_dag.py took 0.586 seconds
[2025-01-29T23:44:20.906+0000] {processor.py:161} INFO - Started process (PID=1349) to work on /home/airflow/.local/lib/python3.8/site-packages/airflow/example_dags/example_external_task_marker_dag.py
[2025-01-29T23:44:20.909+0000] {processor.py:830} INFO - Processing file /home/airflow/.local/lib/python3.8/site-packages/airflow/example_dags/example_external_task_marker_dag.py for tasks to queue
[2025-01-29T23:44:20.915+0000] {logging_mixin.py:188} INFO - [2025-01-29T23:44:20.914+0000] {dagbag.py:538} INFO - Filling up the DagBag from /home/airflow/.local/lib/python3.8/site-packages/airflow/example_dags/example_external_task_marker_dag.py
[2025-01-29T23:44:20.934+0000] {processor.py:840} INFO - DAG(s) 'example_external_task_marker_child', 'example_external_task_marker_parent' retrieved from /home/airflow/.local/lib/python3.8/site-packages/airflow/example_dags/example_external_task_marker_dag.py
[2025-01-29T23:44:21.011+0000] {logging_mixin.py:188} INFO - [2025-01-29T23:44:21.010+0000] {dag.py:3036} INFO - Sync 2 DAGs
[2025-01-29T23:44:21.067+0000] {logging_mixin.py:188} INFO - [2025-01-29T23:44:21.066+0000] {dag.py:3823} INFO - Setting next_dagrun for example_external_task_marker_child to None, run_after=None
[2025-01-29T23:44:21.084+0000] {logging_mixin.py:188} INFO - [2025-01-29T23:44:21.083+0000] {dag.py:3823} INFO - Setting next_dagrun for example_external_task_marker_parent to None, run_after=None
[2025-01-29T23:44:21.156+0000] {processor.py:183} INFO - Processing /home/airflow/.local/lib/python3.8/site-packages/airflow/example_dags/example_external_task_marker_dag.py took 0.258 seconds
[2025-01-29T23:45:00.413+0000] {processor.py:161} INFO - Started process (PID=1416) to work on /home/airflow/.local/lib/python3.8/site-packages/airflow/example_dags/example_external_task_marker_dag.py
[2025-01-29T23:45:00.420+0000] {processor.py:830} INFO - Processing file /home/airflow/.local/lib/python3.8/site-packages/airflow/example_dags/example_external_task_marker_dag.py for tasks to queue
[2025-01-29T23:45:00.434+0000] {logging_mixin.py:188} INFO - [2025-01-29T23:45:00.433+0000] {dagbag.py:538} INFO - Filling up the DagBag from /home/airflow/.local/lib/python3.8/site-packages/airflow/example_dags/example_external_task_marker_dag.py
[2025-01-29T23:45:00.458+0000] {processor.py:840} INFO - DAG(s) 'example_external_task_marker_child', 'example_external_task_marker_parent' retrieved from /home/airflow/.local/lib/python3.8/site-packages/airflow/example_dags/example_external_task_marker_dag.py
[2025-01-29T23:45:00.573+0000] {logging_mixin.py:188} INFO - [2025-01-29T23:45:00.572+0000] {dag.py:3036} INFO - Sync 2 DAGs
[2025-01-29T23:45:00.628+0000] {logging_mixin.py:188} INFO - [2025-01-29T23:45:00.628+0000] {dag.py:3823} INFO - Setting next_dagrun for example_external_task_marker_child to None, run_after=None
[2025-01-29T23:45:00.649+0000] {logging_mixin.py:188} INFO - [2025-01-29T23:45:00.649+0000] {dag.py:3823} INFO - Setting next_dagrun for example_external_task_marker_parent to None, run_after=None
[2025-01-29T23:45:00.707+0000] {processor.py:183} INFO - Processing /home/airflow/.local/lib/python3.8/site-packages/airflow/example_dags/example_external_task_marker_dag.py took 0.306 seconds
[2025-01-29T23:45:34.128+0000] {processor.py:161} INFO - Started process (PID=1478) to work on /home/airflow/.local/lib/python3.8/site-packages/airflow/example_dags/example_external_task_marker_dag.py
[2025-01-29T23:45:34.156+0000] {processor.py:830} INFO - Processing file /home/airflow/.local/lib/python3.8/site-packages/airflow/example_dags/example_external_task_marker_dag.py for tasks to queue
[2025-01-29T23:45:34.162+0000] {logging_mixin.py:188} INFO - [2025-01-29T23:45:34.160+0000] {dagbag.py:538} INFO - Filling up the DagBag from /home/airflow/.local/lib/python3.8/site-packages/airflow/example_dags/example_external_task_marker_dag.py
[2025-01-29T23:45:34.214+0000] {processor.py:840} INFO - DAG(s) 'example_external_task_marker_child', 'example_external_task_marker_parent' retrieved from /home/airflow/.local/lib/python3.8/site-packages/airflow/example_dags/example_external_task_marker_dag.py
[2025-01-29T23:45:34.351+0000] {logging_mixin.py:188} INFO - [2025-01-29T23:45:34.350+0000] {dag.py:3036} INFO - Sync 2 DAGs
[2025-01-29T23:45:34.430+0000] {logging_mixin.py:188} INFO - [2025-01-29T23:45:34.430+0000] {dag.py:3823} INFO - Setting next_dagrun for example_external_task_marker_child to None, run_after=None
[2025-01-29T23:45:34.462+0000] {logging_mixin.py:188} INFO - [2025-01-29T23:45:34.461+0000] {dag.py:3823} INFO - Setting next_dagrun for example_external_task_marker_parent to None, run_after=None
[2025-01-29T23:45:34.619+0000] {processor.py:183} INFO - Processing /home/airflow/.local/lib/python3.8/site-packages/airflow/example_dags/example_external_task_marker_dag.py took 0.527 seconds
[2025-01-29T23:46:04.817+0000] {processor.py:161} INFO - Started process (PID=1534) to work on /home/airflow/.local/lib/python3.8/site-packages/airflow/example_dags/example_external_task_marker_dag.py
[2025-01-29T23:46:04.820+0000] {processor.py:830} INFO - Processing file /home/airflow/.local/lib/python3.8/site-packages/airflow/example_dags/example_external_task_marker_dag.py for tasks to queue
[2025-01-29T23:46:04.830+0000] {logging_mixin.py:188} INFO - [2025-01-29T23:46:04.827+0000] {dagbag.py:538} INFO - Filling up the DagBag from /home/airflow/.local/lib/python3.8/site-packages/airflow/example_dags/example_external_task_marker_dag.py
[2025-01-29T23:46:04.854+0000] {processor.py:840} INFO - DAG(s) 'example_external_task_marker_child', 'example_external_task_marker_parent' retrieved from /home/airflow/.local/lib/python3.8/site-packages/airflow/example_dags/example_external_task_marker_dag.py
[2025-01-29T23:46:04.955+0000] {logging_mixin.py:188} INFO - [2025-01-29T23:46:04.954+0000] {dag.py:3036} INFO - Sync 2 DAGs
[2025-01-29T23:46:05.003+0000] {logging_mixin.py:188} INFO - [2025-01-29T23:46:05.003+0000] {dag.py:3823} INFO - Setting next_dagrun for example_external_task_marker_child to None, run_after=None
[2025-01-29T23:46:05.023+0000] {logging_mixin.py:188} INFO - [2025-01-29T23:46:05.022+0000] {dag.py:3823} INFO - Setting next_dagrun for example_external_task_marker_parent to None, run_after=None
[2025-01-29T23:46:05.093+0000] {processor.py:183} INFO - Processing /home/airflow/.local/lib/python3.8/site-packages/airflow/example_dags/example_external_task_marker_dag.py took 0.288 seconds
[2025-01-29T23:46:41.157+0000] {processor.py:161} INFO - Started process (PID=1593) to work on /home/airflow/.local/lib/python3.8/site-packages/airflow/example_dags/example_external_task_marker_dag.py
[2025-01-29T23:46:41.174+0000] {processor.py:830} INFO - Processing file /home/airflow/.local/lib/python3.8/site-packages/airflow/example_dags/example_external_task_marker_dag.py for tasks to queue
[2025-01-29T23:46:41.178+0000] {logging_mixin.py:188} INFO - [2025-01-29T23:46:41.177+0000] {dagbag.py:538} INFO - Filling up the DagBag from /home/airflow/.local/lib/python3.8/site-packages/airflow/example_dags/example_external_task_marker_dag.py
[2025-01-29T23:46:41.217+0000] {processor.py:840} INFO - DAG(s) 'example_external_task_marker_child', 'example_external_task_marker_parent' retrieved from /home/airflow/.local/lib/python3.8/site-packages/airflow/example_dags/example_external_task_marker_dag.py
[2025-01-29T23:46:41.376+0000] {logging_mixin.py:188} INFO - [2025-01-29T23:46:41.375+0000] {dag.py:3036} INFO - Sync 2 DAGs
[2025-01-29T23:46:41.471+0000] {logging_mixin.py:188} INFO - [2025-01-29T23:46:41.470+0000] {dag.py:3823} INFO - Setting next_dagrun for example_external_task_marker_child to None, run_after=None
[2025-01-29T23:46:41.503+0000] {logging_mixin.py:188} INFO - [2025-01-29T23:46:41.503+0000] {dag.py:3823} INFO - Setting next_dagrun for example_external_task_marker_parent to None, run_after=None
[2025-01-29T23:46:41.590+0000] {processor.py:183} INFO - Processing /home/airflow/.local/lib/python3.8/site-packages/airflow/example_dags/example_external_task_marker_dag.py took 0.446 seconds
[2025-01-29T23:47:13.780+0000] {processor.py:161} INFO - Started process (PID=1648) to work on /home/airflow/.local/lib/python3.8/site-packages/airflow/example_dags/example_external_task_marker_dag.py
[2025-01-29T23:47:13.785+0000] {processor.py:830} INFO - Processing file /home/airflow/.local/lib/python3.8/site-packages/airflow/example_dags/example_external_task_marker_dag.py for tasks to queue
[2025-01-29T23:47:13.789+0000] {logging_mixin.py:188} INFO - [2025-01-29T23:47:13.788+0000] {dagbag.py:538} INFO - Filling up the DagBag from /home/airflow/.local/lib/python3.8/site-packages/airflow/example_dags/example_external_task_marker_dag.py
[2025-01-29T23:47:13.820+0000] {processor.py:840} INFO - DAG(s) 'example_external_task_marker_parent', 'example_external_task_marker_child' retrieved from /home/airflow/.local/lib/python3.8/site-packages/airflow/example_dags/example_external_task_marker_dag.py
[2025-01-29T23:47:13.922+0000] {logging_mixin.py:188} INFO - [2025-01-29T23:47:13.921+0000] {dag.py:3036} INFO - Sync 2 DAGs
[2025-01-29T23:47:13.971+0000] {logging_mixin.py:188} INFO - [2025-01-29T23:47:13.971+0000] {dag.py:3823} INFO - Setting next_dagrun for example_external_task_marker_child to None, run_after=None
[2025-01-29T23:47:13.993+0000] {logging_mixin.py:188} INFO - [2025-01-29T23:47:13.992+0000] {dag.py:3823} INFO - Setting next_dagrun for example_external_task_marker_parent to None, run_after=None
[2025-01-29T23:47:14.059+0000] {processor.py:183} INFO - Processing /home/airflow/.local/lib/python3.8/site-packages/airflow/example_dags/example_external_task_marker_dag.py took 0.291 seconds
[2025-01-29T23:47:44.158+0000] {processor.py:161} INFO - Started process (PID=1702) to work on /home/airflow/.local/lib/python3.8/site-packages/airflow/example_dags/example_external_task_marker_dag.py
[2025-01-29T23:47:44.159+0000] {processor.py:830} INFO - Processing file /home/airflow/.local/lib/python3.8/site-packages/airflow/example_dags/example_external_task_marker_dag.py for tasks to queue
[2025-01-29T23:47:44.163+0000] {logging_mixin.py:188} INFO - [2025-01-29T23:47:44.162+0000] {dagbag.py:538} INFO - Filling up the DagBag from /home/airflow/.local/lib/python3.8/site-packages/airflow/example_dags/example_external_task_marker_dag.py
[2025-01-29T23:47:44.181+0000] {processor.py:840} INFO - DAG(s) 'example_external_task_marker_parent', 'example_external_task_marker_child' retrieved from /home/airflow/.local/lib/python3.8/site-packages/airflow/example_dags/example_external_task_marker_dag.py
[2025-01-29T23:47:44.249+0000] {logging_mixin.py:188} INFO - [2025-01-29T23:47:44.248+0000] {dag.py:3036} INFO - Sync 2 DAGs
[2025-01-29T23:47:44.284+0000] {logging_mixin.py:188} INFO - [2025-01-29T23:47:44.283+0000] {dag.py:3823} INFO - Setting next_dagrun for example_external_task_marker_child to None, run_after=None
[2025-01-29T23:47:44.292+0000] {logging_mixin.py:188} INFO - [2025-01-29T23:47:44.292+0000] {dag.py:3823} INFO - Setting next_dagrun for example_external_task_marker_parent to None, run_after=None
[2025-01-29T23:47:44.351+0000] {processor.py:183} INFO - Processing /home/airflow/.local/lib/python3.8/site-packages/airflow/example_dags/example_external_task_marker_dag.py took 0.199 seconds
[2025-01-29T23:48:14.806+0000] {processor.py:161} INFO - Started process (PID=1758) to work on /home/airflow/.local/lib/python3.8/site-packages/airflow/example_dags/example_external_task_marker_dag.py
[2025-01-29T23:48:14.816+0000] {processor.py:830} INFO - Processing file /home/airflow/.local/lib/python3.8/site-packages/airflow/example_dags/example_external_task_marker_dag.py for tasks to queue
[2025-01-29T23:48:14.841+0000] {logging_mixin.py:188} INFO - [2025-01-29T23:48:14.840+0000] {dagbag.py:538} INFO - Filling up the DagBag from /home/airflow/.local/lib/python3.8/site-packages/airflow/example_dags/example_external_task_marker_dag.py
[2025-01-29T23:48:14.946+0000] {processor.py:840} INFO - DAG(s) 'example_external_task_marker_parent', 'example_external_task_marker_child' retrieved from /home/airflow/.local/lib/python3.8/site-packages/airflow/example_dags/example_external_task_marker_dag.py
[2025-01-29T23:48:15.133+0000] {logging_mixin.py:188} INFO - [2025-01-29T23:48:15.133+0000] {dag.py:3036} INFO - Sync 2 DAGs
[2025-01-29T23:48:15.219+0000] {logging_mixin.py:188} INFO - [2025-01-29T23:48:15.216+0000] {dag.py:3823} INFO - Setting next_dagrun for example_external_task_marker_child to None, run_after=None
[2025-01-29T23:48:15.244+0000] {logging_mixin.py:188} INFO - [2025-01-29T23:48:15.243+0000] {dag.py:3823} INFO - Setting next_dagrun for example_external_task_marker_parent to None, run_after=None
[2025-01-29T23:48:15.333+0000] {processor.py:183} INFO - Processing /home/airflow/.local/lib/python3.8/site-packages/airflow/example_dags/example_external_task_marker_dag.py took 0.546 seconds
[2025-01-29T23:48:45.494+0000] {processor.py:161} INFO - Started process (PID=1814) to work on /home/airflow/.local/lib/python3.8/site-packages/airflow/example_dags/example_external_task_marker_dag.py
[2025-01-29T23:48:45.495+0000] {processor.py:830} INFO - Processing file /home/airflow/.local/lib/python3.8/site-packages/airflow/example_dags/example_external_task_marker_dag.py for tasks to queue
[2025-01-29T23:48:45.498+0000] {logging_mixin.py:188} INFO - [2025-01-29T23:48:45.497+0000] {dagbag.py:538} INFO - Filling up the DagBag from /home/airflow/.local/lib/python3.8/site-packages/airflow/example_dags/example_external_task_marker_dag.py
[2025-01-29T23:48:45.510+0000] {processor.py:840} INFO - DAG(s) 'example_external_task_marker_child', 'example_external_task_marker_parent' retrieved from /home/airflow/.local/lib/python3.8/site-packages/airflow/example_dags/example_external_task_marker_dag.py
[2025-01-29T23:48:45.555+0000] {logging_mixin.py:188} INFO - [2025-01-29T23:48:45.555+0000] {dag.py:3036} INFO - Sync 2 DAGs
[2025-01-29T23:48:45.582+0000] {logging_mixin.py:188} INFO - [2025-01-29T23:48:45.581+0000] {dag.py:3823} INFO - Setting next_dagrun for example_external_task_marker_child to None, run_after=None
[2025-01-29T23:48:45.588+0000] {logging_mixin.py:188} INFO - [2025-01-29T23:48:45.588+0000] {dag.py:3823} INFO - Setting next_dagrun for example_external_task_marker_parent to None, run_after=None
[2025-01-29T23:48:45.623+0000] {processor.py:183} INFO - Processing /home/airflow/.local/lib/python3.8/site-packages/airflow/example_dags/example_external_task_marker_dag.py took 0.134 seconds
[2025-01-29T23:49:15.831+0000] {processor.py:161} INFO - Started process (PID=1870) to work on /home/airflow/.local/lib/python3.8/site-packages/airflow/example_dags/example_external_task_marker_dag.py
[2025-01-29T23:49:15.832+0000] {processor.py:830} INFO - Processing file /home/airflow/.local/lib/python3.8/site-packages/airflow/example_dags/example_external_task_marker_dag.py for tasks to queue
[2025-01-29T23:49:15.834+0000] {logging_mixin.py:188} INFO - [2025-01-29T23:49:15.833+0000] {dagbag.py:538} INFO - Filling up the DagBag from /home/airflow/.local/lib/python3.8/site-packages/airflow/example_dags/example_external_task_marker_dag.py
[2025-01-29T23:49:15.843+0000] {processor.py:840} INFO - DAG(s) 'example_external_task_marker_parent', 'example_external_task_marker_child' retrieved from /home/airflow/.local/lib/python3.8/site-packages/airflow/example_dags/example_external_task_marker_dag.py
[2025-01-29T23:49:15.880+0000] {logging_mixin.py:188} INFO - [2025-01-29T23:49:15.880+0000] {dag.py:3036} INFO - Sync 2 DAGs
[2025-01-29T23:49:15.899+0000] {logging_mixin.py:188} INFO - [2025-01-29T23:49:15.899+0000] {dag.py:3823} INFO - Setting next_dagrun for example_external_task_marker_child to None, run_after=None
[2025-01-29T23:49:15.906+0000] {logging_mixin.py:188} INFO - [2025-01-29T23:49:15.906+0000] {dag.py:3823} INFO - Setting next_dagrun for example_external_task_marker_parent to None, run_after=None
[2025-01-29T23:49:15.936+0000] {processor.py:183} INFO - Processing /home/airflow/.local/lib/python3.8/site-packages/airflow/example_dags/example_external_task_marker_dag.py took 0.110 seconds
[2025-01-29T23:49:46.311+0000] {processor.py:161} INFO - Started process (PID=1926) to work on /home/airflow/.local/lib/python3.8/site-packages/airflow/example_dags/example_external_task_marker_dag.py
[2025-01-29T23:49:46.312+0000] {processor.py:830} INFO - Processing file /home/airflow/.local/lib/python3.8/site-packages/airflow/example_dags/example_external_task_marker_dag.py for tasks to queue
[2025-01-29T23:49:46.313+0000] {logging_mixin.py:188} INFO - [2025-01-29T23:49:46.313+0000] {dagbag.py:538} INFO - Filling up the DagBag from /home/airflow/.local/lib/python3.8/site-packages/airflow/example_dags/example_external_task_marker_dag.py
[2025-01-29T23:49:46.321+0000] {processor.py:840} INFO - DAG(s) 'example_external_task_marker_child', 'example_external_task_marker_parent' retrieved from /home/airflow/.local/lib/python3.8/site-packages/airflow/example_dags/example_external_task_marker_dag.py
[2025-01-29T23:49:46.360+0000] {logging_mixin.py:188} INFO - [2025-01-29T23:49:46.359+0000] {dag.py:3036} INFO - Sync 2 DAGs
[2025-01-29T23:49:46.380+0000] {logging_mixin.py:188} INFO - [2025-01-29T23:49:46.380+0000] {dag.py:3823} INFO - Setting next_dagrun for example_external_task_marker_child to None, run_after=None
[2025-01-29T23:49:46.385+0000] {logging_mixin.py:188} INFO - [2025-01-29T23:49:46.385+0000] {dag.py:3823} INFO - Setting next_dagrun for example_external_task_marker_parent to None, run_after=None
[2025-01-29T23:49:46.413+0000] {processor.py:183} INFO - Processing /home/airflow/.local/lib/python3.8/site-packages/airflow/example_dags/example_external_task_marker_dag.py took 0.106 seconds
[2025-01-29T23:50:18.326+0000] {processor.py:161} INFO - Started process (PID=1982) to work on /home/airflow/.local/lib/python3.8/site-packages/airflow/example_dags/example_external_task_marker_dag.py
[2025-01-29T23:50:18.337+0000] {processor.py:830} INFO - Processing file /home/airflow/.local/lib/python3.8/site-packages/airflow/example_dags/example_external_task_marker_dag.py for tasks to queue
[2025-01-29T23:50:18.342+0000] {logging_mixin.py:188} INFO - [2025-01-29T23:50:18.341+0000] {dagbag.py:538} INFO - Filling up the DagBag from /home/airflow/.local/lib/python3.8/site-packages/airflow/example_dags/example_external_task_marker_dag.py
[2025-01-29T23:50:18.419+0000] {processor.py:840} INFO - DAG(s) 'example_external_task_marker_child', 'example_external_task_marker_parent' retrieved from /home/airflow/.local/lib/python3.8/site-packages/airflow/example_dags/example_external_task_marker_dag.py
[2025-01-29T23:50:18.628+0000] {logging_mixin.py:188} INFO - [2025-01-29T23:50:18.616+0000] {dag.py:3036} INFO - Sync 2 DAGs
[2025-01-29T23:50:18.762+0000] {logging_mixin.py:188} INFO - [2025-01-29T23:50:18.761+0000] {dag.py:3823} INFO - Setting next_dagrun for example_external_task_marker_child to None, run_after=None
[2025-01-29T23:50:18.795+0000] {logging_mixin.py:188} INFO - [2025-01-29T23:50:18.794+0000] {dag.py:3823} INFO - Setting next_dagrun for example_external_task_marker_parent to None, run_after=None
[2025-01-29T23:50:18.911+0000] {processor.py:183} INFO - Processing /home/airflow/.local/lib/python3.8/site-packages/airflow/example_dags/example_external_task_marker_dag.py took 0.617 seconds
[2025-01-29T23:50:49.173+0000] {processor.py:161} INFO - Started process (PID=2039) to work on /home/airflow/.local/lib/python3.8/site-packages/airflow/example_dags/example_external_task_marker_dag.py
[2025-01-29T23:50:49.176+0000] {processor.py:830} INFO - Processing file /home/airflow/.local/lib/python3.8/site-packages/airflow/example_dags/example_external_task_marker_dag.py for tasks to queue
[2025-01-29T23:50:49.180+0000] {logging_mixin.py:188} INFO - [2025-01-29T23:50:49.179+0000] {dagbag.py:538} INFO - Filling up the DagBag from /home/airflow/.local/lib/python3.8/site-packages/airflow/example_dags/example_external_task_marker_dag.py
[2025-01-29T23:50:49.226+0000] {processor.py:840} INFO - DAG(s) 'example_external_task_marker_child', 'example_external_task_marker_parent' retrieved from /home/airflow/.local/lib/python3.8/site-packages/airflow/example_dags/example_external_task_marker_dag.py
[2025-01-29T23:50:49.371+0000] {logging_mixin.py:188} INFO - [2025-01-29T23:50:49.370+0000] {dag.py:3036} INFO - Sync 2 DAGs
[2025-01-29T23:50:49.418+0000] {logging_mixin.py:188} INFO - [2025-01-29T23:50:49.418+0000] {dag.py:3823} INFO - Setting next_dagrun for example_external_task_marker_child to None, run_after=None
[2025-01-29T23:50:49.437+0000] {logging_mixin.py:188} INFO - [2025-01-29T23:50:49.437+0000] {dag.py:3823} INFO - Setting next_dagrun for example_external_task_marker_parent to None, run_after=None
[2025-01-29T23:50:49.513+0000] {processor.py:183} INFO - Processing /home/airflow/.local/lib/python3.8/site-packages/airflow/example_dags/example_external_task_marker_dag.py took 0.353 seconds
[2025-01-29T23:51:19.921+0000] {processor.py:161} INFO - Started process (PID=2094) to work on /home/airflow/.local/lib/python3.8/site-packages/airflow/example_dags/example_external_task_marker_dag.py
[2025-01-29T23:51:19.923+0000] {processor.py:830} INFO - Processing file /home/airflow/.local/lib/python3.8/site-packages/airflow/example_dags/example_external_task_marker_dag.py for tasks to queue
[2025-01-29T23:51:19.924+0000] {logging_mixin.py:188} INFO - [2025-01-29T23:51:19.924+0000] {dagbag.py:538} INFO - Filling up the DagBag from /home/airflow/.local/lib/python3.8/site-packages/airflow/example_dags/example_external_task_marker_dag.py
[2025-01-29T23:51:19.932+0000] {processor.py:840} INFO - DAG(s) 'example_external_task_marker_parent', 'example_external_task_marker_child' retrieved from /home/airflow/.local/lib/python3.8/site-packages/airflow/example_dags/example_external_task_marker_dag.py
[2025-01-29T23:51:19.968+0000] {logging_mixin.py:188} INFO - [2025-01-29T23:51:19.967+0000] {dag.py:3036} INFO - Sync 2 DAGs
[2025-01-29T23:51:19.992+0000] {logging_mixin.py:188} INFO - [2025-01-29T23:51:19.992+0000] {dag.py:3823} INFO - Setting next_dagrun for example_external_task_marker_child to None, run_after=None
[2025-01-29T23:51:19.998+0000] {logging_mixin.py:188} INFO - [2025-01-29T23:51:19.997+0000] {dag.py:3823} INFO - Setting next_dagrun for example_external_task_marker_parent to None, run_after=None
[2025-01-29T23:51:20.030+0000] {processor.py:183} INFO - Processing /home/airflow/.local/lib/python3.8/site-packages/airflow/example_dags/example_external_task_marker_dag.py took 0.113 seconds
[2025-01-29T23:51:50.410+0000] {processor.py:161} INFO - Started process (PID=2150) to work on /home/airflow/.local/lib/python3.8/site-packages/airflow/example_dags/example_external_task_marker_dag.py
[2025-01-29T23:51:50.414+0000] {processor.py:830} INFO - Processing file /home/airflow/.local/lib/python3.8/site-packages/airflow/example_dags/example_external_task_marker_dag.py for tasks to queue
[2025-01-29T23:51:50.417+0000] {logging_mixin.py:188} INFO - [2025-01-29T23:51:50.416+0000] {dagbag.py:538} INFO - Filling up the DagBag from /home/airflow/.local/lib/python3.8/site-packages/airflow/example_dags/example_external_task_marker_dag.py
[2025-01-29T23:51:50.436+0000] {processor.py:840} INFO - DAG(s) 'example_external_task_marker_parent', 'example_external_task_marker_child' retrieved from /home/airflow/.local/lib/python3.8/site-packages/airflow/example_dags/example_external_task_marker_dag.py
[2025-01-29T23:51:50.496+0000] {logging_mixin.py:188} INFO - [2025-01-29T23:51:50.493+0000] {dag.py:3036} INFO - Sync 2 DAGs
[2025-01-29T23:51:50.534+0000] {logging_mixin.py:188} INFO - [2025-01-29T23:51:50.534+0000] {dag.py:3823} INFO - Setting next_dagrun for example_external_task_marker_child to None, run_after=None
[2025-01-29T23:51:50.545+0000] {logging_mixin.py:188} INFO - [2025-01-29T23:51:50.545+0000] {dag.py:3823} INFO - Setting next_dagrun for example_external_task_marker_parent to None, run_after=None
[2025-01-29T23:51:50.590+0000] {processor.py:183} INFO - Processing /home/airflow/.local/lib/python3.8/site-packages/airflow/example_dags/example_external_task_marker_dag.py took 0.188 seconds
[2025-01-29T23:52:23.039+0000] {processor.py:161} INFO - Started process (PID=2207) to work on /home/airflow/.local/lib/python3.8/site-packages/airflow/example_dags/example_external_task_marker_dag.py
[2025-01-29T23:52:23.057+0000] {processor.py:830} INFO - Processing file /home/airflow/.local/lib/python3.8/site-packages/airflow/example_dags/example_external_task_marker_dag.py for tasks to queue
[2025-01-29T23:52:23.064+0000] {logging_mixin.py:188} INFO - [2025-01-29T23:52:23.063+0000] {dagbag.py:538} INFO - Filling up the DagBag from /home/airflow/.local/lib/python3.8/site-packages/airflow/example_dags/example_external_task_marker_dag.py
[2025-01-29T23:52:23.114+0000] {processor.py:840} INFO - DAG(s) 'example_external_task_marker_child', 'example_external_task_marker_parent' retrieved from /home/airflow/.local/lib/python3.8/site-packages/airflow/example_dags/example_external_task_marker_dag.py
[2025-01-29T23:52:23.274+0000] {logging_mixin.py:188} INFO - [2025-01-29T23:52:23.273+0000] {dag.py:3036} INFO - Sync 2 DAGs
[2025-01-29T23:52:23.376+0000] {logging_mixin.py:188} INFO - [2025-01-29T23:52:23.375+0000] {dag.py:3823} INFO - Setting next_dagrun for example_external_task_marker_child to None, run_after=None
[2025-01-29T23:52:23.409+0000] {logging_mixin.py:188} INFO - [2025-01-29T23:52:23.408+0000] {dag.py:3823} INFO - Setting next_dagrun for example_external_task_marker_parent to None, run_after=None
[2025-01-29T23:52:23.523+0000] {processor.py:183} INFO - Processing /home/airflow/.local/lib/python3.8/site-packages/airflow/example_dags/example_external_task_marker_dag.py took 0.576 seconds
[2025-01-29T23:52:53.745+0000] {processor.py:161} INFO - Started process (PID=2263) to work on /home/airflow/.local/lib/python3.8/site-packages/airflow/example_dags/example_external_task_marker_dag.py
[2025-01-29T23:52:53.759+0000] {processor.py:830} INFO - Processing file /home/airflow/.local/lib/python3.8/site-packages/airflow/example_dags/example_external_task_marker_dag.py for tasks to queue
[2025-01-29T23:52:53.778+0000] {logging_mixin.py:188} INFO - [2025-01-29T23:52:53.765+0000] {dagbag.py:538} INFO - Filling up the DagBag from /home/airflow/.local/lib/python3.8/site-packages/airflow/example_dags/example_external_task_marker_dag.py
[2025-01-29T23:52:53.868+0000] {processor.py:840} INFO - DAG(s) 'example_external_task_marker_parent', 'example_external_task_marker_child' retrieved from /home/airflow/.local/lib/python3.8/site-packages/airflow/example_dags/example_external_task_marker_dag.py
[2025-01-29T23:52:54.024+0000] {logging_mixin.py:188} INFO - [2025-01-29T23:52:54.023+0000] {dag.py:3036} INFO - Sync 2 DAGs
[2025-01-29T23:52:54.110+0000] {logging_mixin.py:188} INFO - [2025-01-29T23:52:54.101+0000] {dag.py:3823} INFO - Setting next_dagrun for example_external_task_marker_child to None, run_after=None
[2025-01-29T23:52:54.140+0000] {logging_mixin.py:188} INFO - [2025-01-29T23:52:54.139+0000] {dag.py:3823} INFO - Setting next_dagrun for example_external_task_marker_parent to None, run_after=None
[2025-01-29T23:52:54.223+0000] {processor.py:183} INFO - Processing /home/airflow/.local/lib/python3.8/site-packages/airflow/example_dags/example_external_task_marker_dag.py took 0.493 seconds
[2025-01-29T23:53:24.950+0000] {processor.py:161} INFO - Started process (PID=2319) to work on /home/airflow/.local/lib/python3.8/site-packages/airflow/example_dags/example_external_task_marker_dag.py
[2025-01-29T23:53:24.952+0000] {processor.py:830} INFO - Processing file /home/airflow/.local/lib/python3.8/site-packages/airflow/example_dags/example_external_task_marker_dag.py for tasks to queue
[2025-01-29T23:53:24.954+0000] {logging_mixin.py:188} INFO - [2025-01-29T23:53:24.953+0000] {dagbag.py:538} INFO - Filling up the DagBag from /home/airflow/.local/lib/python3.8/site-packages/airflow/example_dags/example_external_task_marker_dag.py
[2025-01-29T23:53:24.966+0000] {processor.py:840} INFO - DAG(s) 'example_external_task_marker_child', 'example_external_task_marker_parent' retrieved from /home/airflow/.local/lib/python3.8/site-packages/airflow/example_dags/example_external_task_marker_dag.py
[2025-01-29T23:53:25.016+0000] {logging_mixin.py:188} INFO - [2025-01-29T23:53:25.015+0000] {dag.py:3036} INFO - Sync 2 DAGs
[2025-01-29T23:53:25.039+0000] {logging_mixin.py:188} INFO - [2025-01-29T23:53:25.039+0000] {dag.py:3823} INFO - Setting next_dagrun for example_external_task_marker_child to None, run_after=None
[2025-01-29T23:53:25.048+0000] {logging_mixin.py:188} INFO - [2025-01-29T23:53:25.047+0000] {dag.py:3823} INFO - Setting next_dagrun for example_external_task_marker_parent to None, run_after=None
[2025-01-29T23:53:25.096+0000] {processor.py:183} INFO - Processing /home/airflow/.local/lib/python3.8/site-packages/airflow/example_dags/example_external_task_marker_dag.py took 0.151 seconds
[2025-01-29T23:53:55.704+0000] {processor.py:161} INFO - Started process (PID=2374) to work on /home/airflow/.local/lib/python3.8/site-packages/airflow/example_dags/example_external_task_marker_dag.py
[2025-01-29T23:53:55.706+0000] {processor.py:830} INFO - Processing file /home/airflow/.local/lib/python3.8/site-packages/airflow/example_dags/example_external_task_marker_dag.py for tasks to queue
[2025-01-29T23:53:55.707+0000] {logging_mixin.py:188} INFO - [2025-01-29T23:53:55.706+0000] {dagbag.py:538} INFO - Filling up the DagBag from /home/airflow/.local/lib/python3.8/site-packages/airflow/example_dags/example_external_task_marker_dag.py
[2025-01-29T23:53:55.715+0000] {processor.py:840} INFO - DAG(s) 'example_external_task_marker_parent', 'example_external_task_marker_child' retrieved from /home/airflow/.local/lib/python3.8/site-packages/airflow/example_dags/example_external_task_marker_dag.py
[2025-01-29T23:53:55.778+0000] {logging_mixin.py:188} INFO - [2025-01-29T23:53:55.777+0000] {dag.py:3036} INFO - Sync 2 DAGs
[2025-01-29T23:53:55.798+0000] {logging_mixin.py:188} INFO - [2025-01-29T23:53:55.798+0000] {dag.py:3823} INFO - Setting next_dagrun for example_external_task_marker_child to None, run_after=None
[2025-01-29T23:53:55.803+0000] {logging_mixin.py:188} INFO - [2025-01-29T23:53:55.802+0000] {dag.py:3823} INFO - Setting next_dagrun for example_external_task_marker_parent to None, run_after=None
[2025-01-29T23:53:55.837+0000] {processor.py:183} INFO - Processing /home/airflow/.local/lib/python3.8/site-packages/airflow/example_dags/example_external_task_marker_dag.py took 0.136 seconds
[2025-01-29T23:54:26.264+0000] {processor.py:161} INFO - Started process (PID=2430) to work on /home/airflow/.local/lib/python3.8/site-packages/airflow/example_dags/example_external_task_marker_dag.py
[2025-01-29T23:54:26.280+0000] {processor.py:830} INFO - Processing file /home/airflow/.local/lib/python3.8/site-packages/airflow/example_dags/example_external_task_marker_dag.py for tasks to queue
[2025-01-29T23:54:26.295+0000] {logging_mixin.py:188} INFO - [2025-01-29T23:54:26.286+0000] {dagbag.py:538} INFO - Filling up the DagBag from /home/airflow/.local/lib/python3.8/site-packages/airflow/example_dags/example_external_task_marker_dag.py
[2025-01-29T23:54:26.428+0000] {processor.py:840} INFO - DAG(s) 'example_external_task_marker_child', 'example_external_task_marker_parent' retrieved from /home/airflow/.local/lib/python3.8/site-packages/airflow/example_dags/example_external_task_marker_dag.py
[2025-01-29T23:54:26.647+0000] {logging_mixin.py:188} INFO - [2025-01-29T23:54:26.646+0000] {dag.py:3036} INFO - Sync 2 DAGs
[2025-01-29T23:54:26.797+0000] {logging_mixin.py:188} INFO - [2025-01-29T23:54:26.797+0000] {dag.py:3823} INFO - Setting next_dagrun for example_external_task_marker_child to None, run_after=None
[2025-01-29T23:54:26.837+0000] {logging_mixin.py:188} INFO - [2025-01-29T23:54:26.825+0000] {dag.py:3823} INFO - Setting next_dagrun for example_external_task_marker_parent to None, run_after=None
[2025-01-29T23:54:26.983+0000] {processor.py:183} INFO - Processing /home/airflow/.local/lib/python3.8/site-packages/airflow/example_dags/example_external_task_marker_dag.py took 0.743 seconds
[2025-01-29T23:54:57.089+0000] {processor.py:161} INFO - Started process (PID=2485) to work on /home/airflow/.local/lib/python3.8/site-packages/airflow/example_dags/example_external_task_marker_dag.py
[2025-01-29T23:54:57.091+0000] {processor.py:830} INFO - Processing file /home/airflow/.local/lib/python3.8/site-packages/airflow/example_dags/example_external_task_marker_dag.py for tasks to queue
[2025-01-29T23:54:57.093+0000] {logging_mixin.py:188} INFO - [2025-01-29T23:54:57.092+0000] {dagbag.py:538} INFO - Filling up the DagBag from /home/airflow/.local/lib/python3.8/site-packages/airflow/example_dags/example_external_task_marker_dag.py
[2025-01-29T23:54:57.105+0000] {processor.py:840} INFO - DAG(s) 'example_external_task_marker_parent', 'example_external_task_marker_child' retrieved from /home/airflow/.local/lib/python3.8/site-packages/airflow/example_dags/example_external_task_marker_dag.py
[2025-01-29T23:54:57.154+0000] {logging_mixin.py:188} INFO - [2025-01-29T23:54:57.153+0000] {dag.py:3036} INFO - Sync 2 DAGs
[2025-01-29T23:54:57.180+0000] {logging_mixin.py:188} INFO - [2025-01-29T23:54:57.180+0000] {dag.py:3823} INFO - Setting next_dagrun for example_external_task_marker_child to None, run_after=None
[2025-01-29T23:54:57.189+0000] {logging_mixin.py:188} INFO - [2025-01-29T23:54:57.189+0000] {dag.py:3823} INFO - Setting next_dagrun for example_external_task_marker_parent to None, run_after=None
[2025-01-29T23:54:57.227+0000] {processor.py:183} INFO - Processing /home/airflow/.local/lib/python3.8/site-packages/airflow/example_dags/example_external_task_marker_dag.py took 0.146 seconds
[2025-01-29T23:55:28.013+0000] {processor.py:161} INFO - Started process (PID=2547) to work on /home/airflow/.local/lib/python3.8/site-packages/airflow/example_dags/example_external_task_marker_dag.py
[2025-01-29T23:55:28.017+0000] {processor.py:830} INFO - Processing file /home/airflow/.local/lib/python3.8/site-packages/airflow/example_dags/example_external_task_marker_dag.py for tasks to queue
[2025-01-29T23:55:28.020+0000] {logging_mixin.py:188} INFO - [2025-01-29T23:55:28.019+0000] {dagbag.py:538} INFO - Filling up the DagBag from /home/airflow/.local/lib/python3.8/site-packages/airflow/example_dags/example_external_task_marker_dag.py
[2025-01-29T23:55:28.038+0000] {processor.py:840} INFO - DAG(s) 'example_external_task_marker_parent', 'example_external_task_marker_child' retrieved from /home/airflow/.local/lib/python3.8/site-packages/airflow/example_dags/example_external_task_marker_dag.py
[2025-01-29T23:55:28.138+0000] {logging_mixin.py:188} INFO - [2025-01-29T23:55:28.138+0000] {dag.py:3036} INFO - Sync 2 DAGs
[2025-01-29T23:55:28.181+0000] {logging_mixin.py:188} INFO - [2025-01-29T23:55:28.180+0000] {dag.py:3823} INFO - Setting next_dagrun for example_external_task_marker_child to None, run_after=None
[2025-01-29T23:55:28.199+0000] {logging_mixin.py:188} INFO - [2025-01-29T23:55:28.199+0000] {dag.py:3823} INFO - Setting next_dagrun for example_external_task_marker_parent to None, run_after=None
[2025-01-29T23:55:28.281+0000] {processor.py:183} INFO - Processing /home/airflow/.local/lib/python3.8/site-packages/airflow/example_dags/example_external_task_marker_dag.py took 0.281 seconds
[2025-01-29T23:55:59.111+0000] {processor.py:161} INFO - Started process (PID=2603) to work on /home/airflow/.local/lib/python3.8/site-packages/airflow/example_dags/example_external_task_marker_dag.py
[2025-01-29T23:55:59.117+0000] {processor.py:830} INFO - Processing file /home/airflow/.local/lib/python3.8/site-packages/airflow/example_dags/example_external_task_marker_dag.py for tasks to queue
[2025-01-29T23:55:59.119+0000] {logging_mixin.py:188} INFO - [2025-01-29T23:55:59.118+0000] {dagbag.py:538} INFO - Filling up the DagBag from /home/airflow/.local/lib/python3.8/site-packages/airflow/example_dags/example_external_task_marker_dag.py
[2025-01-29T23:55:59.137+0000] {processor.py:840} INFO - DAG(s) 'example_external_task_marker_child', 'example_external_task_marker_parent' retrieved from /home/airflow/.local/lib/python3.8/site-packages/airflow/example_dags/example_external_task_marker_dag.py
[2025-01-29T23:55:59.211+0000] {logging_mixin.py:188} INFO - [2025-01-29T23:55:59.211+0000] {dag.py:3036} INFO - Sync 2 DAGs
[2025-01-29T23:55:59.242+0000] {logging_mixin.py:188} INFO - [2025-01-29T23:55:59.242+0000] {dag.py:3823} INFO - Setting next_dagrun for example_external_task_marker_child to None, run_after=None
[2025-01-29T23:55:59.252+0000] {logging_mixin.py:188} INFO - [2025-01-29T23:55:59.251+0000] {dag.py:3823} INFO - Setting next_dagrun for example_external_task_marker_parent to None, run_after=None
[2025-01-29T23:55:59.294+0000] {processor.py:183} INFO - Processing /home/airflow/.local/lib/python3.8/site-packages/airflow/example_dags/example_external_task_marker_dag.py took 0.201 seconds
[2025-01-29T23:56:29.595+0000] {processor.py:161} INFO - Started process (PID=2658) to work on /home/airflow/.local/lib/python3.8/site-packages/airflow/example_dags/example_external_task_marker_dag.py
[2025-01-29T23:56:29.603+0000] {processor.py:830} INFO - Processing file /home/airflow/.local/lib/python3.8/site-packages/airflow/example_dags/example_external_task_marker_dag.py for tasks to queue
[2025-01-29T23:56:29.606+0000] {logging_mixin.py:188} INFO - [2025-01-29T23:56:29.605+0000] {dagbag.py:538} INFO - Filling up the DagBag from /home/airflow/.local/lib/python3.8/site-packages/airflow/example_dags/example_external_task_marker_dag.py
[2025-01-29T23:56:29.630+0000] {processor.py:840} INFO - DAG(s) 'example_external_task_marker_child', 'example_external_task_marker_parent' retrieved from /home/airflow/.local/lib/python3.8/site-packages/airflow/example_dags/example_external_task_marker_dag.py
[2025-01-29T23:56:29.712+0000] {logging_mixin.py:188} INFO - [2025-01-29T23:56:29.711+0000] {dag.py:3036} INFO - Sync 2 DAGs
[2025-01-29T23:56:29.761+0000] {logging_mixin.py:188} INFO - [2025-01-29T23:56:29.760+0000] {dag.py:3823} INFO - Setting next_dagrun for example_external_task_marker_child to None, run_after=None
[2025-01-29T23:56:29.770+0000] {logging_mixin.py:188} INFO - [2025-01-29T23:56:29.769+0000] {dag.py:3823} INFO - Setting next_dagrun for example_external_task_marker_parent to None, run_after=None
[2025-01-29T23:56:29.833+0000] {processor.py:183} INFO - Processing /home/airflow/.local/lib/python3.8/site-packages/airflow/example_dags/example_external_task_marker_dag.py took 0.247 seconds
[2025-01-29T23:57:00.252+0000] {processor.py:161} INFO - Started process (PID=2715) to work on /home/airflow/.local/lib/python3.8/site-packages/airflow/example_dags/example_external_task_marker_dag.py
[2025-01-29T23:57:00.256+0000] {processor.py:830} INFO - Processing file /home/airflow/.local/lib/python3.8/site-packages/airflow/example_dags/example_external_task_marker_dag.py for tasks to queue
[2025-01-29T23:57:00.260+0000] {logging_mixin.py:188} INFO - [2025-01-29T23:57:00.259+0000] {dagbag.py:538} INFO - Filling up the DagBag from /home/airflow/.local/lib/python3.8/site-packages/airflow/example_dags/example_external_task_marker_dag.py
[2025-01-29T23:57:00.277+0000] {processor.py:840} INFO - DAG(s) 'example_external_task_marker_parent', 'example_external_task_marker_child' retrieved from /home/airflow/.local/lib/python3.8/site-packages/airflow/example_dags/example_external_task_marker_dag.py
[2025-01-29T23:57:00.354+0000] {logging_mixin.py:188} INFO - [2025-01-29T23:57:00.354+0000] {dag.py:3036} INFO - Sync 2 DAGs
[2025-01-29T23:57:00.398+0000] {logging_mixin.py:188} INFO - [2025-01-29T23:57:00.398+0000] {dag.py:3823} INFO - Setting next_dagrun for example_external_task_marker_child to None, run_after=None
[2025-01-29T23:57:00.412+0000] {logging_mixin.py:188} INFO - [2025-01-29T23:57:00.411+0000] {dag.py:3823} INFO - Setting next_dagrun for example_external_task_marker_parent to None, run_after=None
[2025-01-29T23:57:00.461+0000] {processor.py:183} INFO - Processing /home/airflow/.local/lib/python3.8/site-packages/airflow/example_dags/example_external_task_marker_dag.py took 0.219 seconds
[2025-01-29T23:57:31.596+0000] {processor.py:161} INFO - Started process (PID=2772) to work on /home/airflow/.local/lib/python3.8/site-packages/airflow/example_dags/example_external_task_marker_dag.py
[2025-01-29T23:57:31.600+0000] {processor.py:830} INFO - Processing file /home/airflow/.local/lib/python3.8/site-packages/airflow/example_dags/example_external_task_marker_dag.py for tasks to queue
[2025-01-29T23:57:31.603+0000] {logging_mixin.py:188} INFO - [2025-01-29T23:57:31.602+0000] {dagbag.py:538} INFO - Filling up the DagBag from /home/airflow/.local/lib/python3.8/site-packages/airflow/example_dags/example_external_task_marker_dag.py
[2025-01-29T23:57:31.622+0000] {processor.py:840} INFO - DAG(s) 'example_external_task_marker_parent', 'example_external_task_marker_child' retrieved from /home/airflow/.local/lib/python3.8/site-packages/airflow/example_dags/example_external_task_marker_dag.py
[2025-01-29T23:57:31.716+0000] {logging_mixin.py:188} INFO - [2025-01-29T23:57:31.714+0000] {dag.py:3036} INFO - Sync 2 DAGs
[2025-01-29T23:57:31.788+0000] {logging_mixin.py:188} INFO - [2025-01-29T23:57:31.787+0000] {dag.py:3823} INFO - Setting next_dagrun for example_external_task_marker_child to None, run_after=None
[2025-01-29T23:57:31.803+0000] {logging_mixin.py:188} INFO - [2025-01-29T23:57:31.802+0000] {dag.py:3823} INFO - Setting next_dagrun for example_external_task_marker_parent to None, run_after=None
[2025-01-29T23:57:31.867+0000] {processor.py:183} INFO - Processing /home/airflow/.local/lib/python3.8/site-packages/airflow/example_dags/example_external_task_marker_dag.py took 0.282 seconds
[2025-01-29T23:58:04.694+0000] {processor.py:161} INFO - Started process (PID=2826) to work on /home/airflow/.local/lib/python3.8/site-packages/airflow/example_dags/example_external_task_marker_dag.py
[2025-01-29T23:58:04.698+0000] {processor.py:830} INFO - Processing file /home/airflow/.local/lib/python3.8/site-packages/airflow/example_dags/example_external_task_marker_dag.py for tasks to queue
[2025-01-29T23:58:04.711+0000] {logging_mixin.py:188} INFO - [2025-01-29T23:58:04.710+0000] {dagbag.py:538} INFO - Filling up the DagBag from /home/airflow/.local/lib/python3.8/site-packages/airflow/example_dags/example_external_task_marker_dag.py
[2025-01-29T23:58:04.747+0000] {processor.py:840} INFO - DAG(s) 'example_external_task_marker_parent', 'example_external_task_marker_child' retrieved from /home/airflow/.local/lib/python3.8/site-packages/airflow/example_dags/example_external_task_marker_dag.py
[2025-01-29T23:58:05.455+0000] {logging_mixin.py:188} INFO - [2025-01-29T23:58:05.446+0000] {dag.py:3036} INFO - Sync 2 DAGs
[2025-01-29T23:58:05.560+0000] {logging_mixin.py:188} INFO - [2025-01-29T23:58:05.549+0000] {dag.py:3823} INFO - Setting next_dagrun for example_external_task_marker_child to None, run_after=None
[2025-01-29T23:58:05.592+0000] {logging_mixin.py:188} INFO - [2025-01-29T23:58:05.592+0000] {dag.py:3823} INFO - Setting next_dagrun for example_external_task_marker_parent to None, run_after=None
[2025-01-29T23:58:05.699+0000] {processor.py:183} INFO - Processing /home/airflow/.local/lib/python3.8/site-packages/airflow/example_dags/example_external_task_marker_dag.py took 1.035 seconds
[2025-01-29T23:58:37.209+0000] {processor.py:161} INFO - Started process (PID=2882) to work on /home/airflow/.local/lib/python3.8/site-packages/airflow/example_dags/example_external_task_marker_dag.py
[2025-01-29T23:58:37.215+0000] {processor.py:830} INFO - Processing file /home/airflow/.local/lib/python3.8/site-packages/airflow/example_dags/example_external_task_marker_dag.py for tasks to queue
[2025-01-29T23:58:37.219+0000] {logging_mixin.py:188} INFO - [2025-01-29T23:58:37.218+0000] {dagbag.py:538} INFO - Filling up the DagBag from /home/airflow/.local/lib/python3.8/site-packages/airflow/example_dags/example_external_task_marker_dag.py
[2025-01-29T23:58:37.269+0000] {processor.py:840} INFO - DAG(s) 'example_external_task_marker_child', 'example_external_task_marker_parent' retrieved from /home/airflow/.local/lib/python3.8/site-packages/airflow/example_dags/example_external_task_marker_dag.py
[2025-01-29T23:58:37.440+0000] {logging_mixin.py:188} INFO - [2025-01-29T23:58:37.439+0000] {dag.py:3036} INFO - Sync 2 DAGs
[2025-01-29T23:58:37.533+0000] {logging_mixin.py:188} INFO - [2025-01-29T23:58:37.532+0000] {dag.py:3823} INFO - Setting next_dagrun for example_external_task_marker_child to None, run_after=None
[2025-01-29T23:58:37.607+0000] {logging_mixin.py:188} INFO - [2025-01-29T23:58:37.606+0000] {dag.py:3823} INFO - Setting next_dagrun for example_external_task_marker_parent to None, run_after=None
[2025-01-29T23:58:37.754+0000] {processor.py:183} INFO - Processing /home/airflow/.local/lib/python3.8/site-packages/airflow/example_dags/example_external_task_marker_dag.py took 0.577 seconds
[2025-01-29T23:59:10.004+0000] {processor.py:161} INFO - Started process (PID=2938) to work on /home/airflow/.local/lib/python3.8/site-packages/airflow/example_dags/example_external_task_marker_dag.py
[2025-01-29T23:59:10.017+0000] {processor.py:830} INFO - Processing file /home/airflow/.local/lib/python3.8/site-packages/airflow/example_dags/example_external_task_marker_dag.py for tasks to queue
[2025-01-29T23:59:10.046+0000] {logging_mixin.py:188} INFO - [2025-01-29T23:59:10.045+0000] {dagbag.py:538} INFO - Filling up the DagBag from /home/airflow/.local/lib/python3.8/site-packages/airflow/example_dags/example_external_task_marker_dag.py
[2025-01-29T23:59:10.100+0000] {processor.py:840} INFO - DAG(s) 'example_external_task_marker_child', 'example_external_task_marker_parent' retrieved from /home/airflow/.local/lib/python3.8/site-packages/airflow/example_dags/example_external_task_marker_dag.py
[2025-01-29T23:59:10.240+0000] {logging_mixin.py:188} INFO - [2025-01-29T23:59:10.235+0000] {dag.py:3036} INFO - Sync 2 DAGs
[2025-01-29T23:59:10.374+0000] {logging_mixin.py:188} INFO - [2025-01-29T23:59:10.374+0000] {dag.py:3823} INFO - Setting next_dagrun for example_external_task_marker_child to None, run_after=None
[2025-01-29T23:59:10.413+0000] {logging_mixin.py:188} INFO - [2025-01-29T23:59:10.411+0000] {dag.py:3823} INFO - Setting next_dagrun for example_external_task_marker_parent to None, run_after=None
[2025-01-29T23:59:10.555+0000] {processor.py:183} INFO - Processing /home/airflow/.local/lib/python3.8/site-packages/airflow/example_dags/example_external_task_marker_dag.py took 0.552 seconds
[2025-01-29T23:59:41.734+0000] {processor.py:161} INFO - Started process (PID=2995) to work on /home/airflow/.local/lib/python3.8/site-packages/airflow/example_dags/example_external_task_marker_dag.py
[2025-01-29T23:59:41.738+0000] {processor.py:830} INFO - Processing file /home/airflow/.local/lib/python3.8/site-packages/airflow/example_dags/example_external_task_marker_dag.py for tasks to queue
[2025-01-29T23:59:41.741+0000] {logging_mixin.py:188} INFO - [2025-01-29T23:59:41.740+0000] {dagbag.py:538} INFO - Filling up the DagBag from /home/airflow/.local/lib/python3.8/site-packages/airflow/example_dags/example_external_task_marker_dag.py
[2025-01-29T23:59:41.772+0000] {processor.py:840} INFO - DAG(s) 'example_external_task_marker_parent', 'example_external_task_marker_child' retrieved from /home/airflow/.local/lib/python3.8/site-packages/airflow/example_dags/example_external_task_marker_dag.py
[2025-01-29T23:59:41.885+0000] {logging_mixin.py:188} INFO - [2025-01-29T23:59:41.884+0000] {dag.py:3036} INFO - Sync 2 DAGs
[2025-01-29T23:59:41.992+0000] {logging_mixin.py:188} INFO - [2025-01-29T23:59:41.992+0000] {dag.py:3823} INFO - Setting next_dagrun for example_external_task_marker_child to None, run_after=None
[2025-01-29T23:59:42.016+0000] {logging_mixin.py:188} INFO - [2025-01-29T23:59:42.015+0000] {dag.py:3823} INFO - Setting next_dagrun for example_external_task_marker_parent to None, run_after=None
[2025-01-29T23:59:42.108+0000] {processor.py:183} INFO - Processing /home/airflow/.local/lib/python3.8/site-packages/airflow/example_dags/example_external_task_marker_dag.py took 0.384 seconds
