[2025-01-29T23:31:33.684+0000] {processor.py:161} INFO - Started process (PID=94) to work on /home/airflow/.local/lib/python3.8/site-packages/airflow/example_dags/example_latest_only_with_trigger.py
[2025-01-29T23:31:33.686+0000] {processor.py:830} INFO - Processing file /home/airflow/.local/lib/python3.8/site-packages/airflow/example_dags/example_latest_only_with_trigger.py for tasks to queue
[2025-01-29T23:31:33.690+0000] {logging_mixin.py:188} INFO - [2025-01-29T23:31:33.689+0000] {dagbag.py:538} INFO - Filling up the DagBag from /home/airflow/.local/lib/python3.8/site-packages/airflow/example_dags/example_latest_only_with_trigger.py
[2025-01-29T23:31:33.737+0000] {processor.py:840} INFO - DAG(s) 'latest_only_with_trigger' retrieved from /home/airflow/.local/lib/python3.8/site-packages/airflow/example_dags/example_latest_only_with_trigger.py
[2025-01-29T23:31:33.808+0000] {logging_mixin.py:188} INFO - [2025-01-29T23:31:33.808+0000] {dag.py:3036} INFO - Sync 1 DAGs
[2025-01-29T23:31:33.948+0000] {logging_mixin.py:188} INFO - [2025-01-29T23:31:33.948+0000] {dag.py:3823} INFO - Setting next_dagrun for latest_only_with_trigger to 2025-01-29 16:00:00+00:00, run_after=2025-01-29 20:00:00+00:00
[2025-01-29T23:31:34.025+0000] {processor.py:183} INFO - Processing /home/airflow/.local/lib/python3.8/site-packages/airflow/example_dags/example_latest_only_with_trigger.py took 0.359 seconds
[2025-01-29T23:32:04.625+0000] {processor.py:161} INFO - Started process (PID=151) to work on /home/airflow/.local/lib/python3.8/site-packages/airflow/example_dags/example_latest_only_with_trigger.py
[2025-01-29T23:32:04.639+0000] {processor.py:830} INFO - Processing file /home/airflow/.local/lib/python3.8/site-packages/airflow/example_dags/example_latest_only_with_trigger.py for tasks to queue
[2025-01-29T23:32:04.653+0000] {logging_mixin.py:188} INFO - [2025-01-29T23:32:04.642+0000] {dagbag.py:538} INFO - Filling up the DagBag from /home/airflow/.local/lib/python3.8/site-packages/airflow/example_dags/example_latest_only_with_trigger.py
[2025-01-29T23:32:04.675+0000] {processor.py:840} INFO - DAG(s) 'latest_only_with_trigger' retrieved from /home/airflow/.local/lib/python3.8/site-packages/airflow/example_dags/example_latest_only_with_trigger.py
[2025-01-29T23:32:04.798+0000] {logging_mixin.py:188} INFO - [2025-01-29T23:32:04.798+0000] {dag.py:3036} INFO - Sync 1 DAGs
[2025-01-29T23:32:04.937+0000] {logging_mixin.py:188} INFO - [2025-01-29T23:32:04.936+0000] {dag.py:3823} INFO - Setting next_dagrun for latest_only_with_trigger to 2025-01-29 16:00:00+00:00, run_after=2025-01-29 20:00:00+00:00
[2025-01-29T23:32:05.030+0000] {processor.py:183} INFO - Processing /home/airflow/.local/lib/python3.8/site-packages/airflow/example_dags/example_latest_only_with_trigger.py took 0.424 seconds
[2025-01-29T23:32:53.229+0000] {processor.py:161} INFO - Started process (PID=212) to work on /home/airflow/.local/lib/python3.8/site-packages/airflow/example_dags/example_latest_only_with_trigger.py
[2025-01-29T23:32:53.306+0000] {processor.py:830} INFO - Processing file /home/airflow/.local/lib/python3.8/site-packages/airflow/example_dags/example_latest_only_with_trigger.py for tasks to queue
[2025-01-29T23:32:53.345+0000] {logging_mixin.py:188} INFO - [2025-01-29T23:32:53.344+0000] {dagbag.py:538} INFO - Filling up the DagBag from /home/airflow/.local/lib/python3.8/site-packages/airflow/example_dags/example_latest_only_with_trigger.py
[2025-01-29T23:32:53.504+0000] {processor.py:840} INFO - DAG(s) 'latest_only_with_trigger' retrieved from /home/airflow/.local/lib/python3.8/site-packages/airflow/example_dags/example_latest_only_with_trigger.py
[2025-01-29T23:32:54.803+0000] {logging_mixin.py:188} INFO - [2025-01-29T23:32:54.803+0000] {dag.py:3036} INFO - Sync 1 DAGs
[2025-01-29T23:32:55.022+0000] {logging_mixin.py:188} INFO - [2025-01-29T23:32:55.021+0000] {dag.py:3823} INFO - Setting next_dagrun for latest_only_with_trigger to 2025-01-29 16:00:00+00:00, run_after=2025-01-29 20:00:00+00:00
[2025-01-29T23:32:55.239+0000] {processor.py:183} INFO - Processing /home/airflow/.local/lib/python3.8/site-packages/airflow/example_dags/example_latest_only_with_trigger.py took 2.049 seconds
[2025-01-29T23:33:44.628+0000] {processor.py:161} INFO - Started process (PID=267) to work on /home/airflow/.local/lib/python3.8/site-packages/airflow/example_dags/example_latest_only_with_trigger.py
[2025-01-29T23:33:44.639+0000] {processor.py:830} INFO - Processing file /home/airflow/.local/lib/python3.8/site-packages/airflow/example_dags/example_latest_only_with_trigger.py for tasks to queue
[2025-01-29T23:33:44.662+0000] {logging_mixin.py:188} INFO - [2025-01-29T23:33:44.661+0000] {dagbag.py:538} INFO - Filling up the DagBag from /home/airflow/.local/lib/python3.8/site-packages/airflow/example_dags/example_latest_only_with_trigger.py
[2025-01-29T23:33:44.688+0000] {processor.py:840} INFO - DAG(s) 'latest_only_with_trigger' retrieved from /home/airflow/.local/lib/python3.8/site-packages/airflow/example_dags/example_latest_only_with_trigger.py
[2025-01-29T23:33:44.804+0000] {logging_mixin.py:188} INFO - [2025-01-29T23:33:44.804+0000] {dag.py:3036} INFO - Sync 1 DAGs
[2025-01-29T23:33:44.932+0000] {logging_mixin.py:188} INFO - [2025-01-29T23:33:44.932+0000] {dag.py:3823} INFO - Setting next_dagrun for latest_only_with_trigger to 2025-01-29 16:00:00+00:00, run_after=2025-01-29 20:00:00+00:00
[2025-01-29T23:33:45.077+0000] {processor.py:183} INFO - Processing /home/airflow/.local/lib/python3.8/site-packages/airflow/example_dags/example_latest_only_with_trigger.py took 0.464 seconds
[2025-01-29T23:34:16.902+0000] {processor.py:161} INFO - Started process (PID=324) to work on /home/airflow/.local/lib/python3.8/site-packages/airflow/example_dags/example_latest_only_with_trigger.py
[2025-01-29T23:34:16.920+0000] {processor.py:830} INFO - Processing file /home/airflow/.local/lib/python3.8/site-packages/airflow/example_dags/example_latest_only_with_trigger.py for tasks to queue
[2025-01-29T23:34:16.934+0000] {logging_mixin.py:188} INFO - [2025-01-29T23:34:16.933+0000] {dagbag.py:538} INFO - Filling up the DagBag from /home/airflow/.local/lib/python3.8/site-packages/airflow/example_dags/example_latest_only_with_trigger.py
[2025-01-29T23:34:16.997+0000] {processor.py:840} INFO - DAG(s) 'latest_only_with_trigger' retrieved from /home/airflow/.local/lib/python3.8/site-packages/airflow/example_dags/example_latest_only_with_trigger.py
[2025-01-29T23:34:17.119+0000] {logging_mixin.py:188} INFO - [2025-01-29T23:34:17.118+0000] {dag.py:3036} INFO - Sync 1 DAGs
[2025-01-29T23:34:17.263+0000] {logging_mixin.py:188} INFO - [2025-01-29T23:34:17.263+0000] {dag.py:3823} INFO - Setting next_dagrun for latest_only_with_trigger to 2025-01-29 16:00:00+00:00, run_after=2025-01-29 20:00:00+00:00
[2025-01-29T23:34:17.375+0000] {processor.py:183} INFO - Processing /home/airflow/.local/lib/python3.8/site-packages/airflow/example_dags/example_latest_only_with_trigger.py took 0.485 seconds
[2025-01-29T23:34:49.048+0000] {processor.py:161} INFO - Started process (PID=387) to work on /home/airflow/.local/lib/python3.8/site-packages/airflow/example_dags/example_latest_only_with_trigger.py
[2025-01-29T23:34:49.061+0000] {processor.py:830} INFO - Processing file /home/airflow/.local/lib/python3.8/site-packages/airflow/example_dags/example_latest_only_with_trigger.py for tasks to queue
[2025-01-29T23:34:49.064+0000] {logging_mixin.py:188} INFO - [2025-01-29T23:34:49.064+0000] {dagbag.py:538} INFO - Filling up the DagBag from /home/airflow/.local/lib/python3.8/site-packages/airflow/example_dags/example_latest_only_with_trigger.py
[2025-01-29T23:34:49.108+0000] {processor.py:840} INFO - DAG(s) 'latest_only_with_trigger' retrieved from /home/airflow/.local/lib/python3.8/site-packages/airflow/example_dags/example_latest_only_with_trigger.py
[2025-01-29T23:34:49.218+0000] {logging_mixin.py:188} INFO - [2025-01-29T23:34:49.218+0000] {dag.py:3036} INFO - Sync 1 DAGs
[2025-01-29T23:34:49.386+0000] {logging_mixin.py:188} INFO - [2025-01-29T23:34:49.385+0000] {dag.py:3823} INFO - Setting next_dagrun for latest_only_with_trigger to 2025-01-29 16:00:00+00:00, run_after=2025-01-29 20:00:00+00:00
[2025-01-29T23:34:49.513+0000] {processor.py:183} INFO - Processing /home/airflow/.local/lib/python3.8/site-packages/airflow/example_dags/example_latest_only_with_trigger.py took 0.472 seconds
[2025-01-29T23:35:30.254+0000] {processor.py:161} INFO - Started process (PID=448) to work on /home/airflow/.local/lib/python3.8/site-packages/airflow/example_dags/example_latest_only_with_trigger.py
[2025-01-29T23:35:30.258+0000] {processor.py:830} INFO - Processing file /home/airflow/.local/lib/python3.8/site-packages/airflow/example_dags/example_latest_only_with_trigger.py for tasks to queue
[2025-01-29T23:35:30.265+0000] {logging_mixin.py:188} INFO - [2025-01-29T23:35:30.264+0000] {dagbag.py:538} INFO - Filling up the DagBag from /home/airflow/.local/lib/python3.8/site-packages/airflow/example_dags/example_latest_only_with_trigger.py
[2025-01-29T23:35:30.327+0000] {processor.py:840} INFO - DAG(s) 'latest_only_with_trigger' retrieved from /home/airflow/.local/lib/python3.8/site-packages/airflow/example_dags/example_latest_only_with_trigger.py
[2025-01-29T23:35:30.502+0000] {logging_mixin.py:188} INFO - [2025-01-29T23:35:30.501+0000] {dag.py:3036} INFO - Sync 1 DAGs
[2025-01-29T23:35:30.684+0000] {logging_mixin.py:188} INFO - [2025-01-29T23:35:30.683+0000] {dag.py:3823} INFO - Setting next_dagrun for latest_only_with_trigger to 2025-01-29 16:00:00+00:00, run_after=2025-01-29 20:00:00+00:00
[2025-01-29T23:35:31.025+0000] {processor.py:183} INFO - Processing /home/airflow/.local/lib/python3.8/site-packages/airflow/example_dags/example_latest_only_with_trigger.py took 0.795 seconds
[2025-01-29T23:36:13.885+0000] {processor.py:161} INFO - Started process (PID=507) to work on /home/airflow/.local/lib/python3.8/site-packages/airflow/example_dags/example_latest_only_with_trigger.py
[2025-01-29T23:36:13.962+0000] {processor.py:830} INFO - Processing file /home/airflow/.local/lib/python3.8/site-packages/airflow/example_dags/example_latest_only_with_trigger.py for tasks to queue
[2025-01-29T23:36:13.969+0000] {logging_mixin.py:188} INFO - [2025-01-29T23:36:13.969+0000] {dagbag.py:538} INFO - Filling up the DagBag from /home/airflow/.local/lib/python3.8/site-packages/airflow/example_dags/example_latest_only_with_trigger.py
[2025-01-29T23:36:14.017+0000] {processor.py:840} INFO - DAG(s) 'latest_only_with_trigger' retrieved from /home/airflow/.local/lib/python3.8/site-packages/airflow/example_dags/example_latest_only_with_trigger.py
[2025-01-29T23:36:14.165+0000] {logging_mixin.py:188} INFO - [2025-01-29T23:36:14.163+0000] {dag.py:3036} INFO - Sync 1 DAGs
[2025-01-29T23:36:14.509+0000] {logging_mixin.py:188} INFO - [2025-01-29T23:36:14.508+0000] {dag.py:3823} INFO - Setting next_dagrun for latest_only_with_trigger to 2025-01-29 16:00:00+00:00, run_after=2025-01-29 20:00:00+00:00
[2025-01-29T23:36:14.733+0000] {processor.py:183} INFO - Processing /home/airflow/.local/lib/python3.8/site-packages/airflow/example_dags/example_latest_only_with_trigger.py took 0.878 seconds
[2025-01-29T23:36:56.081+0000] {processor.py:161} INFO - Started process (PID=569) to work on /home/airflow/.local/lib/python3.8/site-packages/airflow/example_dags/example_latest_only_with_trigger.py
[2025-01-29T23:36:56.093+0000] {processor.py:830} INFO - Processing file /home/airflow/.local/lib/python3.8/site-packages/airflow/example_dags/example_latest_only_with_trigger.py for tasks to queue
[2025-01-29T23:36:56.109+0000] {logging_mixin.py:188} INFO - [2025-01-29T23:36:56.108+0000] {dagbag.py:538} INFO - Filling up the DagBag from /home/airflow/.local/lib/python3.8/site-packages/airflow/example_dags/example_latest_only_with_trigger.py
[2025-01-29T23:36:56.144+0000] {processor.py:840} INFO - DAG(s) 'latest_only_with_trigger' retrieved from /home/airflow/.local/lib/python3.8/site-packages/airflow/example_dags/example_latest_only_with_trigger.py
[2025-01-29T23:36:56.519+0000] {logging_mixin.py:188} INFO - [2025-01-29T23:36:56.518+0000] {dag.py:3036} INFO - Sync 1 DAGs
[2025-01-29T23:36:56.773+0000] {logging_mixin.py:188} INFO - [2025-01-29T23:36:56.772+0000] {dag.py:3823} INFO - Setting next_dagrun for latest_only_with_trigger to 2025-01-29 16:00:00+00:00, run_after=2025-01-29 20:00:00+00:00
[2025-01-29T23:36:56.934+0000] {processor.py:183} INFO - Processing /home/airflow/.local/lib/python3.8/site-packages/airflow/example_dags/example_latest_only_with_trigger.py took 0.889 seconds
[2025-01-29T23:37:29.191+0000] {processor.py:161} INFO - Started process (PID=625) to work on /home/airflow/.local/lib/python3.8/site-packages/airflow/example_dags/example_latest_only_with_trigger.py
[2025-01-29T23:37:29.193+0000] {processor.py:830} INFO - Processing file /home/airflow/.local/lib/python3.8/site-packages/airflow/example_dags/example_latest_only_with_trigger.py for tasks to queue
[2025-01-29T23:37:29.224+0000] {logging_mixin.py:188} INFO - [2025-01-29T23:37:29.223+0000] {dagbag.py:538} INFO - Filling up the DagBag from /home/airflow/.local/lib/python3.8/site-packages/airflow/example_dags/example_latest_only_with_trigger.py
[2025-01-29T23:37:29.267+0000] {processor.py:840} INFO - DAG(s) 'latest_only_with_trigger' retrieved from /home/airflow/.local/lib/python3.8/site-packages/airflow/example_dags/example_latest_only_with_trigger.py
[2025-01-29T23:37:29.336+0000] {logging_mixin.py:188} INFO - [2025-01-29T23:37:29.335+0000] {dag.py:3036} INFO - Sync 1 DAGs
[2025-01-29T23:37:29.459+0000] {logging_mixin.py:188} INFO - [2025-01-29T23:37:29.458+0000] {dag.py:3823} INFO - Setting next_dagrun for latest_only_with_trigger to 2025-01-29 16:00:00+00:00, run_after=2025-01-29 20:00:00+00:00
[2025-01-29T23:37:29.559+0000] {processor.py:183} INFO - Processing /home/airflow/.local/lib/python3.8/site-packages/airflow/example_dags/example_latest_only_with_trigger.py took 0.395 seconds
[2025-01-29T23:38:06.413+0000] {processor.py:161} INFO - Started process (PID=679) to work on /home/airflow/.local/lib/python3.8/site-packages/airflow/example_dags/example_latest_only_with_trigger.py
[2025-01-29T23:38:06.427+0000] {processor.py:830} INFO - Processing file /home/airflow/.local/lib/python3.8/site-packages/airflow/example_dags/example_latest_only_with_trigger.py for tasks to queue
[2025-01-29T23:38:06.442+0000] {logging_mixin.py:188} INFO - [2025-01-29T23:38:06.432+0000] {dagbag.py:538} INFO - Filling up the DagBag from /home/airflow/.local/lib/python3.8/site-packages/airflow/example_dags/example_latest_only_with_trigger.py
[2025-01-29T23:38:06.505+0000] {processor.py:840} INFO - DAG(s) 'latest_only_with_trigger' retrieved from /home/airflow/.local/lib/python3.8/site-packages/airflow/example_dags/example_latest_only_with_trigger.py
[2025-01-29T23:38:07.175+0000] {logging_mixin.py:188} INFO - [2025-01-29T23:38:07.174+0000] {dag.py:3036} INFO - Sync 1 DAGs
[2025-01-29T23:38:07.381+0000] {logging_mixin.py:188} INFO - [2025-01-29T23:38:07.369+0000] {dag.py:3823} INFO - Setting next_dagrun for latest_only_with_trigger to 2025-01-29 16:00:00+00:00, run_after=2025-01-29 20:00:00+00:00
[2025-01-29T23:38:07.545+0000] {processor.py:183} INFO - Processing /home/airflow/.local/lib/python3.8/site-packages/airflow/example_dags/example_latest_only_with_trigger.py took 1.151 seconds
[2025-01-29T23:38:39.598+0000] {processor.py:161} INFO - Started process (PID=736) to work on /home/airflow/.local/lib/python3.8/site-packages/airflow/example_dags/example_latest_only_with_trigger.py
[2025-01-29T23:38:39.612+0000] {processor.py:830} INFO - Processing file /home/airflow/.local/lib/python3.8/site-packages/airflow/example_dags/example_latest_only_with_trigger.py for tasks to queue
[2025-01-29T23:38:39.628+0000] {logging_mixin.py:188} INFO - [2025-01-29T23:38:39.616+0000] {dagbag.py:538} INFO - Filling up the DagBag from /home/airflow/.local/lib/python3.8/site-packages/airflow/example_dags/example_latest_only_with_trigger.py
[2025-01-29T23:38:39.663+0000] {processor.py:840} INFO - DAG(s) 'latest_only_with_trigger' retrieved from /home/airflow/.local/lib/python3.8/site-packages/airflow/example_dags/example_latest_only_with_trigger.py
[2025-01-29T23:38:39.820+0000] {logging_mixin.py:188} INFO - [2025-01-29T23:38:39.819+0000] {dag.py:3036} INFO - Sync 1 DAGs
[2025-01-29T23:38:40.122+0000] {logging_mixin.py:188} INFO - [2025-01-29T23:38:40.122+0000] {dag.py:3823} INFO - Setting next_dagrun for latest_only_with_trigger to 2025-01-29 16:00:00+00:00, run_after=2025-01-29 20:00:00+00:00
[2025-01-29T23:38:40.300+0000] {processor.py:183} INFO - Processing /home/airflow/.local/lib/python3.8/site-packages/airflow/example_dags/example_latest_only_with_trigger.py took 0.721 seconds
[2025-01-29T23:39:11.601+0000] {processor.py:161} INFO - Started process (PID=791) to work on /home/airflow/.local/lib/python3.8/site-packages/airflow/example_dags/example_latest_only_with_trigger.py
[2025-01-29T23:39:11.604+0000] {processor.py:830} INFO - Processing file /home/airflow/.local/lib/python3.8/site-packages/airflow/example_dags/example_latest_only_with_trigger.py for tasks to queue
[2025-01-29T23:39:11.618+0000] {logging_mixin.py:188} INFO - [2025-01-29T23:39:11.617+0000] {dagbag.py:538} INFO - Filling up the DagBag from /home/airflow/.local/lib/python3.8/site-packages/airflow/example_dags/example_latest_only_with_trigger.py
[2025-01-29T23:39:11.670+0000] {processor.py:840} INFO - DAG(s) 'latest_only_with_trigger' retrieved from /home/airflow/.local/lib/python3.8/site-packages/airflow/example_dags/example_latest_only_with_trigger.py
[2025-01-29T23:39:11.804+0000] {logging_mixin.py:188} INFO - [2025-01-29T23:39:11.803+0000] {dag.py:3036} INFO - Sync 1 DAGs
[2025-01-29T23:39:11.947+0000] {logging_mixin.py:188} INFO - [2025-01-29T23:39:11.946+0000] {dag.py:3823} INFO - Setting next_dagrun for latest_only_with_trigger to 2025-01-29 16:00:00+00:00, run_after=2025-01-29 20:00:00+00:00
[2025-01-29T23:39:12.075+0000] {processor.py:183} INFO - Processing /home/airflow/.local/lib/python3.8/site-packages/airflow/example_dags/example_latest_only_with_trigger.py took 0.482 seconds
[2025-01-29T23:39:43.707+0000] {processor.py:161} INFO - Started process (PID=855) to work on /home/airflow/.local/lib/python3.8/site-packages/airflow/example_dags/example_latest_only_with_trigger.py
[2025-01-29T23:39:43.712+0000] {processor.py:830} INFO - Processing file /home/airflow/.local/lib/python3.8/site-packages/airflow/example_dags/example_latest_only_with_trigger.py for tasks to queue
[2025-01-29T23:39:43.717+0000] {logging_mixin.py:188} INFO - [2025-01-29T23:39:43.716+0000] {dagbag.py:538} INFO - Filling up the DagBag from /home/airflow/.local/lib/python3.8/site-packages/airflow/example_dags/example_latest_only_with_trigger.py
[2025-01-29T23:39:43.752+0000] {processor.py:840} INFO - DAG(s) 'latest_only_with_trigger' retrieved from /home/airflow/.local/lib/python3.8/site-packages/airflow/example_dags/example_latest_only_with_trigger.py
[2025-01-29T23:39:43.862+0000] {logging_mixin.py:188} INFO - [2025-01-29T23:39:43.861+0000] {dag.py:3036} INFO - Sync 1 DAGs
[2025-01-29T23:39:44.029+0000] {logging_mixin.py:188} INFO - [2025-01-29T23:39:44.028+0000] {dag.py:3823} INFO - Setting next_dagrun for latest_only_with_trigger to 2025-01-29 16:00:00+00:00, run_after=2025-01-29 20:00:00+00:00
[2025-01-29T23:39:44.288+0000] {processor.py:183} INFO - Processing /home/airflow/.local/lib/python3.8/site-packages/airflow/example_dags/example_latest_only_with_trigger.py took 0.598 seconds
[2025-01-29T23:40:15.219+0000] {processor.py:161} INFO - Started process (PID=911) to work on /home/airflow/.local/lib/python3.8/site-packages/airflow/example_dags/example_latest_only_with_trigger.py
[2025-01-29T23:40:15.227+0000] {processor.py:830} INFO - Processing file /home/airflow/.local/lib/python3.8/site-packages/airflow/example_dags/example_latest_only_with_trigger.py for tasks to queue
[2025-01-29T23:40:15.247+0000] {logging_mixin.py:188} INFO - [2025-01-29T23:40:15.246+0000] {dagbag.py:538} INFO - Filling up the DagBag from /home/airflow/.local/lib/python3.8/site-packages/airflow/example_dags/example_latest_only_with_trigger.py
[2025-01-29T23:40:15.271+0000] {processor.py:840} INFO - DAG(s) 'latest_only_with_trigger' retrieved from /home/airflow/.local/lib/python3.8/site-packages/airflow/example_dags/example_latest_only_with_trigger.py
[2025-01-29T23:40:15.375+0000] {logging_mixin.py:188} INFO - [2025-01-29T23:40:15.373+0000] {dag.py:3036} INFO - Sync 1 DAGs
[2025-01-29T23:40:15.500+0000] {logging_mixin.py:188} INFO - [2025-01-29T23:40:15.499+0000] {dag.py:3823} INFO - Setting next_dagrun for latest_only_with_trigger to 2025-01-29 16:00:00+00:00, run_after=2025-01-29 20:00:00+00:00
[2025-01-29T23:40:15.580+0000] {processor.py:183} INFO - Processing /home/airflow/.local/lib/python3.8/site-packages/airflow/example_dags/example_latest_only_with_trigger.py took 0.368 seconds
[2025-01-29T23:40:46.058+0000] {processor.py:161} INFO - Started process (PID=967) to work on /home/airflow/.local/lib/python3.8/site-packages/airflow/example_dags/example_latest_only_with_trigger.py
[2025-01-29T23:40:46.079+0000] {processor.py:830} INFO - Processing file /home/airflow/.local/lib/python3.8/site-packages/airflow/example_dags/example_latest_only_with_trigger.py for tasks to queue
[2025-01-29T23:40:46.095+0000] {logging_mixin.py:188} INFO - [2025-01-29T23:40:46.094+0000] {dagbag.py:538} INFO - Filling up the DagBag from /home/airflow/.local/lib/python3.8/site-packages/airflow/example_dags/example_latest_only_with_trigger.py
[2025-01-29T23:40:46.136+0000] {processor.py:840} INFO - DAG(s) 'latest_only_with_trigger' retrieved from /home/airflow/.local/lib/python3.8/site-packages/airflow/example_dags/example_latest_only_with_trigger.py
[2025-01-29T23:40:46.325+0000] {logging_mixin.py:188} INFO - [2025-01-29T23:40:46.324+0000] {dag.py:3036} INFO - Sync 1 DAGs
[2025-01-29T23:40:46.542+0000] {logging_mixin.py:188} INFO - [2025-01-29T23:40:46.541+0000] {dag.py:3823} INFO - Setting next_dagrun for latest_only_with_trigger to 2025-01-29 16:00:00+00:00, run_after=2025-01-29 20:00:00+00:00
[2025-01-29T23:40:46.680+0000] {processor.py:183} INFO - Processing /home/airflow/.local/lib/python3.8/site-packages/airflow/example_dags/example_latest_only_with_trigger.py took 0.631 seconds
[2025-01-29T23:41:17.049+0000] {processor.py:161} INFO - Started process (PID=1023) to work on /home/airflow/.local/lib/python3.8/site-packages/airflow/example_dags/example_latest_only_with_trigger.py
[2025-01-29T23:41:17.052+0000] {processor.py:830} INFO - Processing file /home/airflow/.local/lib/python3.8/site-packages/airflow/example_dags/example_latest_only_with_trigger.py for tasks to queue
[2025-01-29T23:41:17.075+0000] {logging_mixin.py:188} INFO - [2025-01-29T23:41:17.064+0000] {dagbag.py:538} INFO - Filling up the DagBag from /home/airflow/.local/lib/python3.8/site-packages/airflow/example_dags/example_latest_only_with_trigger.py
[2025-01-29T23:41:17.111+0000] {processor.py:840} INFO - DAG(s) 'latest_only_with_trigger' retrieved from /home/airflow/.local/lib/python3.8/site-packages/airflow/example_dags/example_latest_only_with_trigger.py
[2025-01-29T23:41:17.351+0000] {logging_mixin.py:188} INFO - [2025-01-29T23:41:17.350+0000] {dag.py:3036} INFO - Sync 1 DAGs
[2025-01-29T23:41:17.544+0000] {logging_mixin.py:188} INFO - [2025-01-29T23:41:17.543+0000] {dag.py:3823} INFO - Setting next_dagrun for latest_only_with_trigger to 2025-01-29 16:00:00+00:00, run_after=2025-01-29 20:00:00+00:00
[2025-01-29T23:41:17.652+0000] {processor.py:183} INFO - Processing /home/airflow/.local/lib/python3.8/site-packages/airflow/example_dags/example_latest_only_with_trigger.py took 0.617 seconds
[2025-01-29T23:41:47.849+0000] {processor.py:161} INFO - Started process (PID=1080) to work on /home/airflow/.local/lib/python3.8/site-packages/airflow/example_dags/example_latest_only_with_trigger.py
[2025-01-29T23:41:47.854+0000] {processor.py:830} INFO - Processing file /home/airflow/.local/lib/python3.8/site-packages/airflow/example_dags/example_latest_only_with_trigger.py for tasks to queue
[2025-01-29T23:41:47.862+0000] {logging_mixin.py:188} INFO - [2025-01-29T23:41:47.859+0000] {dagbag.py:538} INFO - Filling up the DagBag from /home/airflow/.local/lib/python3.8/site-packages/airflow/example_dags/example_latest_only_with_trigger.py
[2025-01-29T23:41:47.887+0000] {processor.py:840} INFO - DAG(s) 'latest_only_with_trigger' retrieved from /home/airflow/.local/lib/python3.8/site-packages/airflow/example_dags/example_latest_only_with_trigger.py
[2025-01-29T23:41:47.996+0000] {logging_mixin.py:188} INFO - [2025-01-29T23:41:47.995+0000] {dag.py:3036} INFO - Sync 1 DAGs
[2025-01-29T23:41:48.148+0000] {logging_mixin.py:188} INFO - [2025-01-29T23:41:48.147+0000] {dag.py:3823} INFO - Setting next_dagrun for latest_only_with_trigger to 2025-01-29 16:00:00+00:00, run_after=2025-01-29 20:00:00+00:00
[2025-01-29T23:41:48.283+0000] {processor.py:183} INFO - Processing /home/airflow/.local/lib/python3.8/site-packages/airflow/example_dags/example_latest_only_with_trigger.py took 0.453 seconds
[2025-01-29T23:42:19.456+0000] {processor.py:161} INFO - Started process (PID=1135) to work on /home/airflow/.local/lib/python3.8/site-packages/airflow/example_dags/example_latest_only_with_trigger.py
[2025-01-29T23:42:19.477+0000] {processor.py:830} INFO - Processing file /home/airflow/.local/lib/python3.8/site-packages/airflow/example_dags/example_latest_only_with_trigger.py for tasks to queue
[2025-01-29T23:42:19.506+0000] {logging_mixin.py:188} INFO - [2025-01-29T23:42:19.504+0000] {dagbag.py:538} INFO - Filling up the DagBag from /home/airflow/.local/lib/python3.8/site-packages/airflow/example_dags/example_latest_only_with_trigger.py
[2025-01-29T23:42:19.572+0000] {processor.py:840} INFO - DAG(s) 'latest_only_with_trigger' retrieved from /home/airflow/.local/lib/python3.8/site-packages/airflow/example_dags/example_latest_only_with_trigger.py
[2025-01-29T23:42:19.731+0000] {logging_mixin.py:188} INFO - [2025-01-29T23:42:19.730+0000] {dag.py:3036} INFO - Sync 1 DAGs
[2025-01-29T23:42:20.066+0000] {logging_mixin.py:188} INFO - [2025-01-29T23:42:20.065+0000] {dag.py:3823} INFO - Setting next_dagrun for latest_only_with_trigger to 2025-01-29 16:00:00+00:00, run_after=2025-01-29 20:00:00+00:00
[2025-01-29T23:42:20.364+0000] {processor.py:183} INFO - Processing /home/airflow/.local/lib/python3.8/site-packages/airflow/example_dags/example_latest_only_with_trigger.py took 0.936 seconds
[2025-01-29T23:42:51.766+0000] {processor.py:161} INFO - Started process (PID=1191) to work on /home/airflow/.local/lib/python3.8/site-packages/airflow/example_dags/example_latest_only_with_trigger.py
[2025-01-29T23:42:51.779+0000] {processor.py:830} INFO - Processing file /home/airflow/.local/lib/python3.8/site-packages/airflow/example_dags/example_latest_only_with_trigger.py for tasks to queue
[2025-01-29T23:42:51.799+0000] {logging_mixin.py:188} INFO - [2025-01-29T23:42:51.798+0000] {dagbag.py:538} INFO - Filling up the DagBag from /home/airflow/.local/lib/python3.8/site-packages/airflow/example_dags/example_latest_only_with_trigger.py
[2025-01-29T23:42:51.845+0000] {processor.py:840} INFO - DAG(s) 'latest_only_with_trigger' retrieved from /home/airflow/.local/lib/python3.8/site-packages/airflow/example_dags/example_latest_only_with_trigger.py
[2025-01-29T23:42:52.005+0000] {logging_mixin.py:188} INFO - [2025-01-29T23:42:52.004+0000] {dag.py:3036} INFO - Sync 1 DAGs
[2025-01-29T23:42:52.220+0000] {logging_mixin.py:188} INFO - [2025-01-29T23:42:52.220+0000] {dag.py:3823} INFO - Setting next_dagrun for latest_only_with_trigger to 2025-01-29 16:00:00+00:00, run_after=2025-01-29 20:00:00+00:00
[2025-01-29T23:42:52.371+0000] {processor.py:183} INFO - Processing /home/airflow/.local/lib/python3.8/site-packages/airflow/example_dags/example_latest_only_with_trigger.py took 0.625 seconds
[2025-01-29T23:43:25.336+0000] {processor.py:161} INFO - Started process (PID=1253) to work on /home/airflow/.local/lib/python3.8/site-packages/airflow/example_dags/example_latest_only_with_trigger.py
[2025-01-29T23:43:25.351+0000] {processor.py:830} INFO - Processing file /home/airflow/.local/lib/python3.8/site-packages/airflow/example_dags/example_latest_only_with_trigger.py for tasks to queue
[2025-01-29T23:43:25.356+0000] {logging_mixin.py:188} INFO - [2025-01-29T23:43:25.355+0000] {dagbag.py:538} INFO - Filling up the DagBag from /home/airflow/.local/lib/python3.8/site-packages/airflow/example_dags/example_latest_only_with_trigger.py
[2025-01-29T23:43:25.417+0000] {processor.py:840} INFO - DAG(s) 'latest_only_with_trigger' retrieved from /home/airflow/.local/lib/python3.8/site-packages/airflow/example_dags/example_latest_only_with_trigger.py
[2025-01-29T23:43:25.573+0000] {logging_mixin.py:188} INFO - [2025-01-29T23:43:25.573+0000] {dag.py:3036} INFO - Sync 1 DAGs
[2025-01-29T23:43:25.793+0000] {logging_mixin.py:188} INFO - [2025-01-29T23:43:25.792+0000] {dag.py:3823} INFO - Setting next_dagrun for latest_only_with_trigger to 2025-01-29 16:00:00+00:00, run_after=2025-01-29 20:00:00+00:00
[2025-01-29T23:43:26.037+0000] {processor.py:183} INFO - Processing /home/airflow/.local/lib/python3.8/site-packages/airflow/example_dags/example_latest_only_with_trigger.py took 0.717 seconds
[2025-01-29T23:43:56.605+0000] {processor.py:161} INFO - Started process (PID=1309) to work on /home/airflow/.local/lib/python3.8/site-packages/airflow/example_dags/example_latest_only_with_trigger.py
[2025-01-29T23:43:56.607+0000] {processor.py:830} INFO - Processing file /home/airflow/.local/lib/python3.8/site-packages/airflow/example_dags/example_latest_only_with_trigger.py for tasks to queue
[2025-01-29T23:43:56.614+0000] {logging_mixin.py:188} INFO - [2025-01-29T23:43:56.612+0000] {dagbag.py:538} INFO - Filling up the DagBag from /home/airflow/.local/lib/python3.8/site-packages/airflow/example_dags/example_latest_only_with_trigger.py
[2025-01-29T23:43:56.628+0000] {processor.py:840} INFO - DAG(s) 'latest_only_with_trigger' retrieved from /home/airflow/.local/lib/python3.8/site-packages/airflow/example_dags/example_latest_only_with_trigger.py
[2025-01-29T23:43:56.738+0000] {logging_mixin.py:188} INFO - [2025-01-29T23:43:56.737+0000] {dag.py:3036} INFO - Sync 1 DAGs
[2025-01-29T23:43:56.929+0000] {logging_mixin.py:188} INFO - [2025-01-29T23:43:56.918+0000] {dag.py:3823} INFO - Setting next_dagrun for latest_only_with_trigger to 2025-01-29 16:00:00+00:00, run_after=2025-01-29 20:00:00+00:00
[2025-01-29T23:43:57.048+0000] {processor.py:183} INFO - Processing /home/airflow/.local/lib/python3.8/site-packages/airflow/example_dags/example_latest_only_with_trigger.py took 0.456 seconds
[2025-01-29T23:44:29.457+0000] {processor.py:161} INFO - Started process (PID=1366) to work on /home/airflow/.local/lib/python3.8/site-packages/airflow/example_dags/example_latest_only_with_trigger.py
[2025-01-29T23:44:29.506+0000] {processor.py:830} INFO - Processing file /home/airflow/.local/lib/python3.8/site-packages/airflow/example_dags/example_latest_only_with_trigger.py for tasks to queue
[2025-01-29T23:44:29.524+0000] {logging_mixin.py:188} INFO - [2025-01-29T23:44:29.523+0000] {dagbag.py:538} INFO - Filling up the DagBag from /home/airflow/.local/lib/python3.8/site-packages/airflow/example_dags/example_latest_only_with_trigger.py
[2025-01-29T23:44:29.571+0000] {processor.py:840} INFO - DAG(s) 'latest_only_with_trigger' retrieved from /home/airflow/.local/lib/python3.8/site-packages/airflow/example_dags/example_latest_only_with_trigger.py
[2025-01-29T23:44:29.691+0000] {logging_mixin.py:188} INFO - [2025-01-29T23:44:29.689+0000] {dag.py:3036} INFO - Sync 1 DAGs
[2025-01-29T23:44:29.866+0000] {logging_mixin.py:188} INFO - [2025-01-29T23:44:29.865+0000] {dag.py:3823} INFO - Setting next_dagrun for latest_only_with_trigger to 2025-01-29 16:00:00+00:00, run_after=2025-01-29 20:00:00+00:00
[2025-01-29T23:44:29.995+0000] {processor.py:183} INFO - Processing /home/airflow/.local/lib/python3.8/site-packages/airflow/example_dags/example_latest_only_with_trigger.py took 0.556 seconds
[2025-01-29T23:45:02.513+0000] {processor.py:161} INFO - Started process (PID=1427) to work on /home/airflow/.local/lib/python3.8/site-packages/airflow/example_dags/example_latest_only_with_trigger.py
[2025-01-29T23:45:02.524+0000] {processor.py:830} INFO - Processing file /home/airflow/.local/lib/python3.8/site-packages/airflow/example_dags/example_latest_only_with_trigger.py for tasks to queue
[2025-01-29T23:45:02.542+0000] {logging_mixin.py:188} INFO - [2025-01-29T23:45:02.541+0000] {dagbag.py:538} INFO - Filling up the DagBag from /home/airflow/.local/lib/python3.8/site-packages/airflow/example_dags/example_latest_only_with_trigger.py
[2025-01-29T23:45:02.571+0000] {processor.py:840} INFO - DAG(s) 'latest_only_with_trigger' retrieved from /home/airflow/.local/lib/python3.8/site-packages/airflow/example_dags/example_latest_only_with_trigger.py
[2025-01-29T23:45:02.646+0000] {logging_mixin.py:188} INFO - [2025-01-29T23:45:02.646+0000] {dag.py:3036} INFO - Sync 1 DAGs
[2025-01-29T23:45:02.780+0000] {logging_mixin.py:188} INFO - [2025-01-29T23:45:02.779+0000] {dag.py:3823} INFO - Setting next_dagrun for latest_only_with_trigger to 2025-01-29 16:00:00+00:00, run_after=2025-01-29 20:00:00+00:00
[2025-01-29T23:45:02.881+0000] {processor.py:183} INFO - Processing /home/airflow/.local/lib/python3.8/site-packages/airflow/example_dags/example_latest_only_with_trigger.py took 0.381 seconds
[2025-01-29T23:45:36.089+0000] {processor.py:161} INFO - Started process (PID=1484) to work on /home/airflow/.local/lib/python3.8/site-packages/airflow/example_dags/example_latest_only_with_trigger.py
[2025-01-29T23:45:36.099+0000] {processor.py:830} INFO - Processing file /home/airflow/.local/lib/python3.8/site-packages/airflow/example_dags/example_latest_only_with_trigger.py for tasks to queue
[2025-01-29T23:45:36.104+0000] {logging_mixin.py:188} INFO - [2025-01-29T23:45:36.104+0000] {dagbag.py:538} INFO - Filling up the DagBag from /home/airflow/.local/lib/python3.8/site-packages/airflow/example_dags/example_latest_only_with_trigger.py
[2025-01-29T23:45:36.128+0000] {processor.py:840} INFO - DAG(s) 'latest_only_with_trigger' retrieved from /home/airflow/.local/lib/python3.8/site-packages/airflow/example_dags/example_latest_only_with_trigger.py
[2025-01-29T23:45:36.198+0000] {logging_mixin.py:188} INFO - [2025-01-29T23:45:36.197+0000] {dag.py:3036} INFO - Sync 1 DAGs
[2025-01-29T23:45:36.293+0000] {logging_mixin.py:188} INFO - [2025-01-29T23:45:36.292+0000] {dag.py:3823} INFO - Setting next_dagrun for latest_only_with_trigger to 2025-01-29 16:00:00+00:00, run_after=2025-01-29 20:00:00+00:00
[2025-01-29T23:45:36.405+0000] {processor.py:183} INFO - Processing /home/airflow/.local/lib/python3.8/site-packages/airflow/example_dags/example_latest_only_with_trigger.py took 0.328 seconds
[2025-01-29T23:46:06.556+0000] {processor.py:161} INFO - Started process (PID=1540) to work on /home/airflow/.local/lib/python3.8/site-packages/airflow/example_dags/example_latest_only_with_trigger.py
[2025-01-29T23:46:06.558+0000] {processor.py:830} INFO - Processing file /home/airflow/.local/lib/python3.8/site-packages/airflow/example_dags/example_latest_only_with_trigger.py for tasks to queue
[2025-01-29T23:46:06.570+0000] {logging_mixin.py:188} INFO - [2025-01-29T23:46:06.569+0000] {dagbag.py:538} INFO - Filling up the DagBag from /home/airflow/.local/lib/python3.8/site-packages/airflow/example_dags/example_latest_only_with_trigger.py
[2025-01-29T23:46:06.588+0000] {processor.py:840} INFO - DAG(s) 'latest_only_with_trigger' retrieved from /home/airflow/.local/lib/python3.8/site-packages/airflow/example_dags/example_latest_only_with_trigger.py
[2025-01-29T23:46:06.637+0000] {logging_mixin.py:188} INFO - [2025-01-29T23:46:06.636+0000] {dag.py:3036} INFO - Sync 1 DAGs
[2025-01-29T23:46:06.715+0000] {logging_mixin.py:188} INFO - [2025-01-29T23:46:06.714+0000] {dag.py:3823} INFO - Setting next_dagrun for latest_only_with_trigger to 2025-01-29 16:00:00+00:00, run_after=2025-01-29 20:00:00+00:00
[2025-01-29T23:46:06.766+0000] {processor.py:183} INFO - Processing /home/airflow/.local/lib/python3.8/site-packages/airflow/example_dags/example_latest_only_with_trigger.py took 0.218 seconds
[2025-01-29T23:46:41.056+0000] {processor.py:161} INFO - Started process (PID=1592) to work on /home/airflow/.local/lib/python3.8/site-packages/airflow/example_dags/example_latest_only_with_trigger.py
[2025-01-29T23:46:41.065+0000] {processor.py:830} INFO - Processing file /home/airflow/.local/lib/python3.8/site-packages/airflow/example_dags/example_latest_only_with_trigger.py for tasks to queue
[2025-01-29T23:46:41.078+0000] {logging_mixin.py:188} INFO - [2025-01-29T23:46:41.077+0000] {dagbag.py:538} INFO - Filling up the DagBag from /home/airflow/.local/lib/python3.8/site-packages/airflow/example_dags/example_latest_only_with_trigger.py
[2025-01-29T23:46:41.107+0000] {processor.py:840} INFO - DAG(s) 'latest_only_with_trigger' retrieved from /home/airflow/.local/lib/python3.8/site-packages/airflow/example_dags/example_latest_only_with_trigger.py
[2025-01-29T23:46:41.253+0000] {logging_mixin.py:188} INFO - [2025-01-29T23:46:41.252+0000] {dag.py:3036} INFO - Sync 1 DAGs
[2025-01-29T23:46:41.386+0000] {logging_mixin.py:188} INFO - [2025-01-29T23:46:41.385+0000] {dag.py:3823} INFO - Setting next_dagrun for latest_only_with_trigger to 2025-01-29 16:00:00+00:00, run_after=2025-01-29 20:00:00+00:00
[2025-01-29T23:46:41.490+0000] {processor.py:183} INFO - Processing /home/airflow/.local/lib/python3.8/site-packages/airflow/example_dags/example_latest_only_with_trigger.py took 0.457 seconds
[2025-01-29T23:47:13.134+0000] {processor.py:161} INFO - Started process (PID=1647) to work on /home/airflow/.local/lib/python3.8/site-packages/airflow/example_dags/example_latest_only_with_trigger.py
[2025-01-29T23:47:13.161+0000] {processor.py:830} INFO - Processing file /home/airflow/.local/lib/python3.8/site-packages/airflow/example_dags/example_latest_only_with_trigger.py for tasks to queue
[2025-01-29T23:47:13.167+0000] {logging_mixin.py:188} INFO - [2025-01-29T23:47:13.165+0000] {dagbag.py:538} INFO - Filling up the DagBag from /home/airflow/.local/lib/python3.8/site-packages/airflow/example_dags/example_latest_only_with_trigger.py
[2025-01-29T23:47:13.188+0000] {processor.py:840} INFO - DAG(s) 'latest_only_with_trigger' retrieved from /home/airflow/.local/lib/python3.8/site-packages/airflow/example_dags/example_latest_only_with_trigger.py
[2025-01-29T23:47:13.305+0000] {logging_mixin.py:188} INFO - [2025-01-29T23:47:13.305+0000] {dag.py:3036} INFO - Sync 1 DAGs
[2025-01-29T23:47:13.478+0000] {logging_mixin.py:188} INFO - [2025-01-29T23:47:13.478+0000] {dag.py:3823} INFO - Setting next_dagrun for latest_only_with_trigger to 2025-01-29 16:00:00+00:00, run_after=2025-01-29 20:00:00+00:00
[2025-01-29T23:47:13.648+0000] {processor.py:183} INFO - Processing /home/airflow/.local/lib/python3.8/site-packages/airflow/example_dags/example_latest_only_with_trigger.py took 0.522 seconds
[2025-01-29T23:47:44.158+0000] {processor.py:161} INFO - Started process (PID=1701) to work on /home/airflow/.local/lib/python3.8/site-packages/airflow/example_dags/example_latest_only_with_trigger.py
[2025-01-29T23:47:44.159+0000] {processor.py:830} INFO - Processing file /home/airflow/.local/lib/python3.8/site-packages/airflow/example_dags/example_latest_only_with_trigger.py for tasks to queue
[2025-01-29T23:47:44.168+0000] {logging_mixin.py:188} INFO - [2025-01-29T23:47:44.167+0000] {dagbag.py:538} INFO - Filling up the DagBag from /home/airflow/.local/lib/python3.8/site-packages/airflow/example_dags/example_latest_only_with_trigger.py
[2025-01-29T23:47:44.183+0000] {processor.py:840} INFO - DAG(s) 'latest_only_with_trigger' retrieved from /home/airflow/.local/lib/python3.8/site-packages/airflow/example_dags/example_latest_only_with_trigger.py
[2025-01-29T23:47:44.231+0000] {logging_mixin.py:188} INFO - [2025-01-29T23:47:44.231+0000] {dag.py:3036} INFO - Sync 1 DAGs
[2025-01-29T23:47:44.308+0000] {logging_mixin.py:188} INFO - [2025-01-29T23:47:44.308+0000] {dag.py:3823} INFO - Setting next_dagrun for latest_only_with_trigger to 2025-01-29 16:00:00+00:00, run_after=2025-01-29 20:00:00+00:00
[2025-01-29T23:47:44.385+0000] {processor.py:183} INFO - Processing /home/airflow/.local/lib/python3.8/site-packages/airflow/example_dags/example_latest_only_with_trigger.py took 0.234 seconds
[2025-01-29T23:48:14.746+0000] {processor.py:161} INFO - Started process (PID=1757) to work on /home/airflow/.local/lib/python3.8/site-packages/airflow/example_dags/example_latest_only_with_trigger.py
[2025-01-29T23:48:14.748+0000] {processor.py:830} INFO - Processing file /home/airflow/.local/lib/python3.8/site-packages/airflow/example_dags/example_latest_only_with_trigger.py for tasks to queue
[2025-01-29T23:48:14.751+0000] {logging_mixin.py:188} INFO - [2025-01-29T23:48:14.750+0000] {dagbag.py:538} INFO - Filling up the DagBag from /home/airflow/.local/lib/python3.8/site-packages/airflow/example_dags/example_latest_only_with_trigger.py
[2025-01-29T23:48:14.785+0000] {processor.py:840} INFO - DAG(s) 'latest_only_with_trigger' retrieved from /home/airflow/.local/lib/python3.8/site-packages/airflow/example_dags/example_latest_only_with_trigger.py
[2025-01-29T23:48:14.874+0000] {logging_mixin.py:188} INFO - [2025-01-29T23:48:14.874+0000] {dag.py:3036} INFO - Sync 1 DAGs
[2025-01-29T23:48:14.982+0000] {logging_mixin.py:188} INFO - [2025-01-29T23:48:14.981+0000] {dag.py:3823} INFO - Setting next_dagrun for latest_only_with_trigger to 2025-01-29 16:00:00+00:00, run_after=2025-01-29 20:00:00+00:00
[2025-01-29T23:48:15.124+0000] {processor.py:183} INFO - Processing /home/airflow/.local/lib/python3.8/site-packages/airflow/example_dags/example_latest_only_with_trigger.py took 0.396 seconds
[2025-01-29T23:48:45.463+0000] {processor.py:161} INFO - Started process (PID=1813) to work on /home/airflow/.local/lib/python3.8/site-packages/airflow/example_dags/example_latest_only_with_trigger.py
[2025-01-29T23:48:45.464+0000] {processor.py:830} INFO - Processing file /home/airflow/.local/lib/python3.8/site-packages/airflow/example_dags/example_latest_only_with_trigger.py for tasks to queue
[2025-01-29T23:48:45.467+0000] {logging_mixin.py:188} INFO - [2025-01-29T23:48:45.466+0000] {dagbag.py:538} INFO - Filling up the DagBag from /home/airflow/.local/lib/python3.8/site-packages/airflow/example_dags/example_latest_only_with_trigger.py
[2025-01-29T23:48:45.478+0000] {processor.py:840} INFO - DAG(s) 'latest_only_with_trigger' retrieved from /home/airflow/.local/lib/python3.8/site-packages/airflow/example_dags/example_latest_only_with_trigger.py
[2025-01-29T23:48:45.513+0000] {logging_mixin.py:188} INFO - [2025-01-29T23:48:45.513+0000] {dag.py:3036} INFO - Sync 1 DAGs
[2025-01-29T23:48:45.556+0000] {logging_mixin.py:188} INFO - [2025-01-29T23:48:45.556+0000] {dag.py:3823} INFO - Setting next_dagrun for latest_only_with_trigger to 2025-01-29 16:00:00+00:00, run_after=2025-01-29 20:00:00+00:00
[2025-01-29T23:48:45.592+0000] {processor.py:183} INFO - Processing /home/airflow/.local/lib/python3.8/site-packages/airflow/example_dags/example_latest_only_with_trigger.py took 0.135 seconds
[2025-01-29T23:49:15.813+0000] {processor.py:161} INFO - Started process (PID=1869) to work on /home/airflow/.local/lib/python3.8/site-packages/airflow/example_dags/example_latest_only_with_trigger.py
[2025-01-29T23:49:15.814+0000] {processor.py:830} INFO - Processing file /home/airflow/.local/lib/python3.8/site-packages/airflow/example_dags/example_latest_only_with_trigger.py for tasks to queue
[2025-01-29T23:49:15.816+0000] {logging_mixin.py:188} INFO - [2025-01-29T23:49:15.815+0000] {dagbag.py:538} INFO - Filling up the DagBag from /home/airflow/.local/lib/python3.8/site-packages/airflow/example_dags/example_latest_only_with_trigger.py
[2025-01-29T23:49:15.827+0000] {processor.py:840} INFO - DAG(s) 'latest_only_with_trigger' retrieved from /home/airflow/.local/lib/python3.8/site-packages/airflow/example_dags/example_latest_only_with_trigger.py
[2025-01-29T23:49:15.857+0000] {logging_mixin.py:188} INFO - [2025-01-29T23:49:15.856+0000] {dag.py:3036} INFO - Sync 1 DAGs
[2025-01-29T23:49:15.892+0000] {logging_mixin.py:188} INFO - [2025-01-29T23:49:15.892+0000] {dag.py:3823} INFO - Setting next_dagrun for latest_only_with_trigger to 2025-01-29 16:00:00+00:00, run_after=2025-01-29 20:00:00+00:00
[2025-01-29T23:49:15.919+0000] {processor.py:183} INFO - Processing /home/airflow/.local/lib/python3.8/site-packages/airflow/example_dags/example_latest_only_with_trigger.py took 0.110 seconds
[2025-01-29T23:49:46.172+0000] {processor.py:161} INFO - Started process (PID=1925) to work on /home/airflow/.local/lib/python3.8/site-packages/airflow/example_dags/example_latest_only_with_trigger.py
[2025-01-29T23:49:46.173+0000] {processor.py:830} INFO - Processing file /home/airflow/.local/lib/python3.8/site-packages/airflow/example_dags/example_latest_only_with_trigger.py for tasks to queue
[2025-01-29T23:49:46.174+0000] {logging_mixin.py:188} INFO - [2025-01-29T23:49:46.174+0000] {dagbag.py:538} INFO - Filling up the DagBag from /home/airflow/.local/lib/python3.8/site-packages/airflow/example_dags/example_latest_only_with_trigger.py
[2025-01-29T23:49:46.182+0000] {processor.py:840} INFO - DAG(s) 'latest_only_with_trigger' retrieved from /home/airflow/.local/lib/python3.8/site-packages/airflow/example_dags/example_latest_only_with_trigger.py
[2025-01-29T23:49:46.211+0000] {logging_mixin.py:188} INFO - [2025-01-29T23:49:46.211+0000] {dag.py:3036} INFO - Sync 1 DAGs
[2025-01-29T23:49:46.244+0000] {logging_mixin.py:188} INFO - [2025-01-29T23:49:46.244+0000] {dag.py:3823} INFO - Setting next_dagrun for latest_only_with_trigger to 2025-01-29 16:00:00+00:00, run_after=2025-01-29 20:00:00+00:00
[2025-01-29T23:49:46.268+0000] {processor.py:183} INFO - Processing /home/airflow/.local/lib/python3.8/site-packages/airflow/example_dags/example_latest_only_with_trigger.py took 0.100 seconds
[2025-01-29T23:50:18.118+0000] {processor.py:161} INFO - Started process (PID=1981) to work on /home/airflow/.local/lib/python3.8/site-packages/airflow/example_dags/example_latest_only_with_trigger.py
[2025-01-29T23:50:18.127+0000] {processor.py:830} INFO - Processing file /home/airflow/.local/lib/python3.8/site-packages/airflow/example_dags/example_latest_only_with_trigger.py for tasks to queue
[2025-01-29T23:50:18.136+0000] {logging_mixin.py:188} INFO - [2025-01-29T23:50:18.133+0000] {dagbag.py:538} INFO - Filling up the DagBag from /home/airflow/.local/lib/python3.8/site-packages/airflow/example_dags/example_latest_only_with_trigger.py
[2025-01-29T23:50:18.163+0000] {processor.py:840} INFO - DAG(s) 'latest_only_with_trigger' retrieved from /home/airflow/.local/lib/python3.8/site-packages/airflow/example_dags/example_latest_only_with_trigger.py
[2025-01-29T23:50:18.254+0000] {logging_mixin.py:188} INFO - [2025-01-29T23:50:18.254+0000] {dag.py:3036} INFO - Sync 1 DAGs
[2025-01-29T23:50:18.381+0000] {logging_mixin.py:188} INFO - [2025-01-29T23:50:18.380+0000] {dag.py:3823} INFO - Setting next_dagrun for latest_only_with_trigger to 2025-01-29 16:00:00+00:00, run_after=2025-01-29 20:00:00+00:00
[2025-01-29T23:50:18.517+0000] {processor.py:183} INFO - Processing /home/airflow/.local/lib/python3.8/site-packages/airflow/example_dags/example_latest_only_with_trigger.py took 0.418 seconds
[2025-01-29T23:50:48.701+0000] {processor.py:161} INFO - Started process (PID=2038) to work on /home/airflow/.local/lib/python3.8/site-packages/airflow/example_dags/example_latest_only_with_trigger.py
[2025-01-29T23:50:48.705+0000] {processor.py:830} INFO - Processing file /home/airflow/.local/lib/python3.8/site-packages/airflow/example_dags/example_latest_only_with_trigger.py for tasks to queue
[2025-01-29T23:50:48.710+0000] {logging_mixin.py:188} INFO - [2025-01-29T23:50:48.709+0000] {dagbag.py:538} INFO - Filling up the DagBag from /home/airflow/.local/lib/python3.8/site-packages/airflow/example_dags/example_latest_only_with_trigger.py
[2025-01-29T23:50:48.749+0000] {processor.py:840} INFO - DAG(s) 'latest_only_with_trigger' retrieved from /home/airflow/.local/lib/python3.8/site-packages/airflow/example_dags/example_latest_only_with_trigger.py
[2025-01-29T23:50:48.865+0000] {logging_mixin.py:188} INFO - [2025-01-29T23:50:48.863+0000] {dag.py:3036} INFO - Sync 1 DAGs
[2025-01-29T23:50:48.954+0000] {logging_mixin.py:188} INFO - [2025-01-29T23:50:48.953+0000] {dag.py:3823} INFO - Setting next_dagrun for latest_only_with_trigger to 2025-01-29 16:00:00+00:00, run_after=2025-01-29 20:00:00+00:00
[2025-01-29T23:50:49.031+0000] {processor.py:183} INFO - Processing /home/airflow/.local/lib/python3.8/site-packages/airflow/example_dags/example_latest_only_with_trigger.py took 0.341 seconds
[2025-01-29T23:51:19.921+0000] {processor.py:161} INFO - Started process (PID=2093) to work on /home/airflow/.local/lib/python3.8/site-packages/airflow/example_dags/example_latest_only_with_trigger.py
[2025-01-29T23:51:19.923+0000] {processor.py:830} INFO - Processing file /home/airflow/.local/lib/python3.8/site-packages/airflow/example_dags/example_latest_only_with_trigger.py for tasks to queue
[2025-01-29T23:51:19.924+0000] {logging_mixin.py:188} INFO - [2025-01-29T23:51:19.924+0000] {dagbag.py:538} INFO - Filling up the DagBag from /home/airflow/.local/lib/python3.8/site-packages/airflow/example_dags/example_latest_only_with_trigger.py
[2025-01-29T23:51:19.932+0000] {processor.py:840} INFO - DAG(s) 'latest_only_with_trigger' retrieved from /home/airflow/.local/lib/python3.8/site-packages/airflow/example_dags/example_latest_only_with_trigger.py
[2025-01-29T23:51:19.963+0000] {logging_mixin.py:188} INFO - [2025-01-29T23:51:19.962+0000] {dag.py:3036} INFO - Sync 1 DAGs
[2025-01-29T23:51:20.006+0000] {logging_mixin.py:188} INFO - [2025-01-29T23:51:20.006+0000] {dag.py:3823} INFO - Setting next_dagrun for latest_only_with_trigger to 2025-01-29 16:00:00+00:00, run_after=2025-01-29 20:00:00+00:00
[2025-01-29T23:51:20.051+0000] {processor.py:183} INFO - Processing /home/airflow/.local/lib/python3.8/site-packages/airflow/example_dags/example_latest_only_with_trigger.py took 0.135 seconds
[2025-01-29T23:51:50.269+0000] {processor.py:161} INFO - Started process (PID=2149) to work on /home/airflow/.local/lib/python3.8/site-packages/airflow/example_dags/example_latest_only_with_trigger.py
[2025-01-29T23:51:50.271+0000] {processor.py:830} INFO - Processing file /home/airflow/.local/lib/python3.8/site-packages/airflow/example_dags/example_latest_only_with_trigger.py for tasks to queue
[2025-01-29T23:51:50.274+0000] {logging_mixin.py:188} INFO - [2025-01-29T23:51:50.273+0000] {dagbag.py:538} INFO - Filling up the DagBag from /home/airflow/.local/lib/python3.8/site-packages/airflow/example_dags/example_latest_only_with_trigger.py
[2025-01-29T23:51:50.296+0000] {processor.py:840} INFO - DAG(s) 'latest_only_with_trigger' retrieved from /home/airflow/.local/lib/python3.8/site-packages/airflow/example_dags/example_latest_only_with_trigger.py
[2025-01-29T23:51:50.348+0000] {logging_mixin.py:188} INFO - [2025-01-29T23:51:50.348+0000] {dag.py:3036} INFO - Sync 1 DAGs
[2025-01-29T23:51:50.426+0000] {logging_mixin.py:188} INFO - [2025-01-29T23:51:50.426+0000] {dag.py:3823} INFO - Setting next_dagrun for latest_only_with_trigger to 2025-01-29 16:00:00+00:00, run_after=2025-01-29 20:00:00+00:00
[2025-01-29T23:51:50.477+0000] {processor.py:183} INFO - Processing /home/airflow/.local/lib/python3.8/site-packages/airflow/example_dags/example_latest_only_with_trigger.py took 0.217 seconds
[2025-01-29T23:52:21.117+0000] {processor.py:161} INFO - Started process (PID=2206) to work on /home/airflow/.local/lib/python3.8/site-packages/airflow/example_dags/example_latest_only_with_trigger.py
[2025-01-29T23:52:21.133+0000] {processor.py:830} INFO - Processing file /home/airflow/.local/lib/python3.8/site-packages/airflow/example_dags/example_latest_only_with_trigger.py for tasks to queue
[2025-01-29T23:52:21.136+0000] {logging_mixin.py:188} INFO - [2025-01-29T23:52:21.135+0000] {dagbag.py:538} INFO - Filling up the DagBag from /home/airflow/.local/lib/python3.8/site-packages/airflow/example_dags/example_latest_only_with_trigger.py
[2025-01-29T23:52:21.186+0000] {processor.py:840} INFO - DAG(s) 'latest_only_with_trigger' retrieved from /home/airflow/.local/lib/python3.8/site-packages/airflow/example_dags/example_latest_only_with_trigger.py
[2025-01-29T23:52:21.380+0000] {logging_mixin.py:188} INFO - [2025-01-29T23:52:21.379+0000] {dag.py:3036} INFO - Sync 1 DAGs
[2025-01-29T23:52:21.686+0000] {logging_mixin.py:188} INFO - [2025-01-29T23:52:21.681+0000] {dag.py:3823} INFO - Setting next_dagrun for latest_only_with_trigger to 2025-01-29 16:00:00+00:00, run_after=2025-01-29 20:00:00+00:00
[2025-01-29T23:52:21.903+0000] {processor.py:183} INFO - Processing /home/airflow/.local/lib/python3.8/site-packages/airflow/example_dags/example_latest_only_with_trigger.py took 0.805 seconds
[2025-01-29T23:52:52.141+0000] {processor.py:161} INFO - Started process (PID=2261) to work on /home/airflow/.local/lib/python3.8/site-packages/airflow/example_dags/example_latest_only_with_trigger.py
[2025-01-29T23:52:52.145+0000] {processor.py:830} INFO - Processing file /home/airflow/.local/lib/python3.8/site-packages/airflow/example_dags/example_latest_only_with_trigger.py for tasks to queue
[2025-01-29T23:52:52.149+0000] {logging_mixin.py:188} INFO - [2025-01-29T23:52:52.148+0000] {dagbag.py:538} INFO - Filling up the DagBag from /home/airflow/.local/lib/python3.8/site-packages/airflow/example_dags/example_latest_only_with_trigger.py
[2025-01-29T23:52:52.170+0000] {processor.py:840} INFO - DAG(s) 'latest_only_with_trigger' retrieved from /home/airflow/.local/lib/python3.8/site-packages/airflow/example_dags/example_latest_only_with_trigger.py
[2025-01-29T23:52:52.250+0000] {logging_mixin.py:188} INFO - [2025-01-29T23:52:52.248+0000] {dag.py:3036} INFO - Sync 1 DAGs
[2025-01-29T23:52:52.313+0000] {logging_mixin.py:188} INFO - [2025-01-29T23:52:52.312+0000] {dag.py:3823} INFO - Setting next_dagrun for latest_only_with_trigger to 2025-01-29 16:00:00+00:00, run_after=2025-01-29 20:00:00+00:00
[2025-01-29T23:52:52.393+0000] {processor.py:183} INFO - Processing /home/airflow/.local/lib/python3.8/site-packages/airflow/example_dags/example_latest_only_with_trigger.py took 0.263 seconds
[2025-01-29T23:53:22.906+0000] {processor.py:161} INFO - Started process (PID=2317) to work on /home/airflow/.local/lib/python3.8/site-packages/airflow/example_dags/example_latest_only_with_trigger.py
[2025-01-29T23:53:22.909+0000] {processor.py:830} INFO - Processing file /home/airflow/.local/lib/python3.8/site-packages/airflow/example_dags/example_latest_only_with_trigger.py for tasks to queue
[2025-01-29T23:53:22.912+0000] {logging_mixin.py:188} INFO - [2025-01-29T23:53:22.912+0000] {dagbag.py:538} INFO - Filling up the DagBag from /home/airflow/.local/lib/python3.8/site-packages/airflow/example_dags/example_latest_only_with_trigger.py
[2025-01-29T23:53:22.932+0000] {processor.py:840} INFO - DAG(s) 'latest_only_with_trigger' retrieved from /home/airflow/.local/lib/python3.8/site-packages/airflow/example_dags/example_latest_only_with_trigger.py
[2025-01-29T23:53:22.994+0000] {logging_mixin.py:188} INFO - [2025-01-29T23:53:22.994+0000] {dag.py:3036} INFO - Sync 1 DAGs
[2025-01-29T23:53:23.096+0000] {logging_mixin.py:188} INFO - [2025-01-29T23:53:23.095+0000] {dag.py:3823} INFO - Setting next_dagrun for latest_only_with_trigger to 2025-01-29 16:00:00+00:00, run_after=2025-01-29 20:00:00+00:00
[2025-01-29T23:53:23.168+0000] {processor.py:183} INFO - Processing /home/airflow/.local/lib/python3.8/site-packages/airflow/example_dags/example_latest_only_with_trigger.py took 0.272 seconds
[2025-01-29T23:53:53.681+0000] {processor.py:161} INFO - Started process (PID=2372) to work on /home/airflow/.local/lib/python3.8/site-packages/airflow/example_dags/example_latest_only_with_trigger.py
[2025-01-29T23:53:53.683+0000] {processor.py:830} INFO - Processing file /home/airflow/.local/lib/python3.8/site-packages/airflow/example_dags/example_latest_only_with_trigger.py for tasks to queue
[2025-01-29T23:53:53.686+0000] {logging_mixin.py:188} INFO - [2025-01-29T23:53:53.685+0000] {dagbag.py:538} INFO - Filling up the DagBag from /home/airflow/.local/lib/python3.8/site-packages/airflow/example_dags/example_latest_only_with_trigger.py
[2025-01-29T23:53:53.700+0000] {processor.py:840} INFO - DAG(s) 'latest_only_with_trigger' retrieved from /home/airflow/.local/lib/python3.8/site-packages/airflow/example_dags/example_latest_only_with_trigger.py
[2025-01-29T23:53:53.749+0000] {logging_mixin.py:188} INFO - [2025-01-29T23:53:53.749+0000] {dag.py:3036} INFO - Sync 1 DAGs
[2025-01-29T23:53:53.801+0000] {logging_mixin.py:188} INFO - [2025-01-29T23:53:53.801+0000] {dag.py:3823} INFO - Setting next_dagrun for latest_only_with_trigger to 2025-01-29 16:00:00+00:00, run_after=2025-01-29 20:00:00+00:00
[2025-01-29T23:53:53.849+0000] {processor.py:183} INFO - Processing /home/airflow/.local/lib/python3.8/site-packages/airflow/example_dags/example_latest_only_with_trigger.py took 0.174 seconds
[2025-01-29T23:54:24.679+0000] {processor.py:161} INFO - Started process (PID=2428) to work on /home/airflow/.local/lib/python3.8/site-packages/airflow/example_dags/example_latest_only_with_trigger.py
[2025-01-29T23:54:24.681+0000] {processor.py:830} INFO - Processing file /home/airflow/.local/lib/python3.8/site-packages/airflow/example_dags/example_latest_only_with_trigger.py for tasks to queue
[2025-01-29T23:54:24.684+0000] {logging_mixin.py:188} INFO - [2025-01-29T23:54:24.683+0000] {dagbag.py:538} INFO - Filling up the DagBag from /home/airflow/.local/lib/python3.8/site-packages/airflow/example_dags/example_latest_only_with_trigger.py
[2025-01-29T23:54:24.698+0000] {processor.py:840} INFO - DAG(s) 'latest_only_with_trigger' retrieved from /home/airflow/.local/lib/python3.8/site-packages/airflow/example_dags/example_latest_only_with_trigger.py
[2025-01-29T23:54:24.743+0000] {logging_mixin.py:188} INFO - [2025-01-29T23:54:24.741+0000] {dag.py:3036} INFO - Sync 1 DAGs
[2025-01-29T23:54:24.830+0000] {logging_mixin.py:188} INFO - [2025-01-29T23:54:24.829+0000] {dag.py:3823} INFO - Setting next_dagrun for latest_only_with_trigger to 2025-01-29 16:00:00+00:00, run_after=2025-01-29 20:00:00+00:00
[2025-01-29T23:54:24.903+0000] {processor.py:183} INFO - Processing /home/airflow/.local/lib/python3.8/site-packages/airflow/example_dags/example_latest_only_with_trigger.py took 0.230 seconds
[2025-01-29T23:54:55.709+0000] {processor.py:161} INFO - Started process (PID=2484) to work on /home/airflow/.local/lib/python3.8/site-packages/airflow/example_dags/example_latest_only_with_trigger.py
[2025-01-29T23:54:55.711+0000] {processor.py:830} INFO - Processing file /home/airflow/.local/lib/python3.8/site-packages/airflow/example_dags/example_latest_only_with_trigger.py for tasks to queue
[2025-01-29T23:54:55.716+0000] {logging_mixin.py:188} INFO - [2025-01-29T23:54:55.715+0000] {dagbag.py:538} INFO - Filling up the DagBag from /home/airflow/.local/lib/python3.8/site-packages/airflow/example_dags/example_latest_only_with_trigger.py
[2025-01-29T23:54:55.736+0000] {processor.py:840} INFO - DAG(s) 'latest_only_with_trigger' retrieved from /home/airflow/.local/lib/python3.8/site-packages/airflow/example_dags/example_latest_only_with_trigger.py
[2025-01-29T23:54:55.955+0000] {logging_mixin.py:188} INFO - [2025-01-29T23:54:55.947+0000] {dag.py:3036} INFO - Sync 1 DAGs
[2025-01-29T23:54:56.065+0000] {logging_mixin.py:188} INFO - [2025-01-29T23:54:56.064+0000] {dag.py:3823} INFO - Setting next_dagrun for latest_only_with_trigger to 2025-01-29 16:00:00+00:00, run_after=2025-01-29 20:00:00+00:00
[2025-01-29T23:54:56.345+0000] {processor.py:183} INFO - Processing /home/airflow/.local/lib/python3.8/site-packages/airflow/example_dags/example_latest_only_with_trigger.py took 0.642 seconds
[2025-01-29T23:55:27.570+0000] {processor.py:161} INFO - Started process (PID=2545) to work on /home/airflow/.local/lib/python3.8/site-packages/airflow/example_dags/example_latest_only_with_trigger.py
[2025-01-29T23:55:27.579+0000] {processor.py:830} INFO - Processing file /home/airflow/.local/lib/python3.8/site-packages/airflow/example_dags/example_latest_only_with_trigger.py for tasks to queue
[2025-01-29T23:55:27.582+0000] {logging_mixin.py:188} INFO - [2025-01-29T23:55:27.581+0000] {dagbag.py:538} INFO - Filling up the DagBag from /home/airflow/.local/lib/python3.8/site-packages/airflow/example_dags/example_latest_only_with_trigger.py
[2025-01-29T23:55:27.617+0000] {processor.py:840} INFO - DAG(s) 'latest_only_with_trigger' retrieved from /home/airflow/.local/lib/python3.8/site-packages/airflow/example_dags/example_latest_only_with_trigger.py
[2025-01-29T23:55:27.679+0000] {logging_mixin.py:188} INFO - [2025-01-29T23:55:27.679+0000] {dag.py:3036} INFO - Sync 1 DAGs
[2025-01-29T23:55:27.773+0000] {logging_mixin.py:188} INFO - [2025-01-29T23:55:27.770+0000] {dag.py:3823} INFO - Setting next_dagrun for latest_only_with_trigger to 2025-01-29 16:00:00+00:00, run_after=2025-01-29 20:00:00+00:00
[2025-01-29T23:55:27.867+0000] {processor.py:183} INFO - Processing /home/airflow/.local/lib/python3.8/site-packages/airflow/example_dags/example_latest_only_with_trigger.py took 0.304 seconds
[2025-01-29T23:55:58.846+0000] {processor.py:161} INFO - Started process (PID=2602) to work on /home/airflow/.local/lib/python3.8/site-packages/airflow/example_dags/example_latest_only_with_trigger.py
[2025-01-29T23:55:58.850+0000] {processor.py:830} INFO - Processing file /home/airflow/.local/lib/python3.8/site-packages/airflow/example_dags/example_latest_only_with_trigger.py for tasks to queue
[2025-01-29T23:55:58.853+0000] {logging_mixin.py:188} INFO - [2025-01-29T23:55:58.852+0000] {dagbag.py:538} INFO - Filling up the DagBag from /home/airflow/.local/lib/python3.8/site-packages/airflow/example_dags/example_latest_only_with_trigger.py
[2025-01-29T23:55:58.869+0000] {processor.py:840} INFO - DAG(s) 'latest_only_with_trigger' retrieved from /home/airflow/.local/lib/python3.8/site-packages/airflow/example_dags/example_latest_only_with_trigger.py
[2025-01-29T23:55:58.923+0000] {logging_mixin.py:188} INFO - [2025-01-29T23:55:58.923+0000] {dag.py:3036} INFO - Sync 1 DAGs
[2025-01-29T23:55:58.985+0000] {logging_mixin.py:188} INFO - [2025-01-29T23:55:58.985+0000] {dag.py:3823} INFO - Setting next_dagrun for latest_only_with_trigger to 2025-01-29 16:00:00+00:00, run_after=2025-01-29 20:00:00+00:00
[2025-01-29T23:55:59.043+0000] {processor.py:183} INFO - Processing /home/airflow/.local/lib/python3.8/site-packages/airflow/example_dags/example_latest_only_with_trigger.py took 0.204 seconds
[2025-01-29T23:56:29.293+0000] {processor.py:161} INFO - Started process (PID=2657) to work on /home/airflow/.local/lib/python3.8/site-packages/airflow/example_dags/example_latest_only_with_trigger.py
[2025-01-29T23:56:29.295+0000] {processor.py:830} INFO - Processing file /home/airflow/.local/lib/python3.8/site-packages/airflow/example_dags/example_latest_only_with_trigger.py for tasks to queue
[2025-01-29T23:56:29.298+0000] {logging_mixin.py:188} INFO - [2025-01-29T23:56:29.297+0000] {dagbag.py:538} INFO - Filling up the DagBag from /home/airflow/.local/lib/python3.8/site-packages/airflow/example_dags/example_latest_only_with_trigger.py
[2025-01-29T23:56:29.314+0000] {processor.py:840} INFO - DAG(s) 'latest_only_with_trigger' retrieved from /home/airflow/.local/lib/python3.8/site-packages/airflow/example_dags/example_latest_only_with_trigger.py
[2025-01-29T23:56:29.379+0000] {logging_mixin.py:188} INFO - [2025-01-29T23:56:29.378+0000] {dag.py:3036} INFO - Sync 1 DAGs
[2025-01-29T23:56:29.438+0000] {logging_mixin.py:188} INFO - [2025-01-29T23:56:29.437+0000] {dag.py:3823} INFO - Setting next_dagrun for latest_only_with_trigger to 2025-01-29 16:00:00+00:00, run_after=2025-01-29 20:00:00+00:00
[2025-01-29T23:56:29.528+0000] {processor.py:183} INFO - Processing /home/airflow/.local/lib/python3.8/site-packages/airflow/example_dags/example_latest_only_with_trigger.py took 0.242 seconds
[2025-01-29T23:56:59.969+0000] {processor.py:161} INFO - Started process (PID=2714) to work on /home/airflow/.local/lib/python3.8/site-packages/airflow/example_dags/example_latest_only_with_trigger.py
[2025-01-29T23:56:59.972+0000] {processor.py:830} INFO - Processing file /home/airflow/.local/lib/python3.8/site-packages/airflow/example_dags/example_latest_only_with_trigger.py for tasks to queue
[2025-01-29T23:56:59.976+0000] {logging_mixin.py:188} INFO - [2025-01-29T23:56:59.976+0000] {dagbag.py:538} INFO - Filling up the DagBag from /home/airflow/.local/lib/python3.8/site-packages/airflow/example_dags/example_latest_only_with_trigger.py
[2025-01-29T23:56:59.991+0000] {processor.py:840} INFO - DAG(s) 'latest_only_with_trigger' retrieved from /home/airflow/.local/lib/python3.8/site-packages/airflow/example_dags/example_latest_only_with_trigger.py
[2025-01-29T23:57:00.054+0000] {logging_mixin.py:188} INFO - [2025-01-29T23:57:00.053+0000] {dag.py:3036} INFO - Sync 1 DAGs
[2025-01-29T23:57:00.116+0000] {logging_mixin.py:188} INFO - [2025-01-29T23:57:00.116+0000] {dag.py:3823} INFO - Setting next_dagrun for latest_only_with_trigger to 2025-01-29 16:00:00+00:00, run_after=2025-01-29 20:00:00+00:00
[2025-01-29T23:57:00.176+0000] {processor.py:183} INFO - Processing /home/airflow/.local/lib/python3.8/site-packages/airflow/example_dags/example_latest_only_with_trigger.py took 0.217 seconds
[2025-01-29T23:57:31.470+0000] {processor.py:161} INFO - Started process (PID=2771) to work on /home/airflow/.local/lib/python3.8/site-packages/airflow/example_dags/example_latest_only_with_trigger.py
[2025-01-29T23:57:31.474+0000] {processor.py:830} INFO - Processing file /home/airflow/.local/lib/python3.8/site-packages/airflow/example_dags/example_latest_only_with_trigger.py for tasks to queue
[2025-01-29T23:57:31.478+0000] {logging_mixin.py:188} INFO - [2025-01-29T23:57:31.477+0000] {dagbag.py:538} INFO - Filling up the DagBag from /home/airflow/.local/lib/python3.8/site-packages/airflow/example_dags/example_latest_only_with_trigger.py
[2025-01-29T23:57:31.494+0000] {processor.py:840} INFO - DAG(s) 'latest_only_with_trigger' retrieved from /home/airflow/.local/lib/python3.8/site-packages/airflow/example_dags/example_latest_only_with_trigger.py
[2025-01-29T23:57:31.552+0000] {logging_mixin.py:188} INFO - [2025-01-29T23:57:31.552+0000] {dag.py:3036} INFO - Sync 1 DAGs
[2025-01-29T23:57:31.634+0000] {logging_mixin.py:188} INFO - [2025-01-29T23:57:31.633+0000] {dag.py:3823} INFO - Setting next_dagrun for latest_only_with_trigger to 2025-01-29 16:00:00+00:00, run_after=2025-01-29 20:00:00+00:00
[2025-01-29T23:57:31.713+0000] {processor.py:183} INFO - Processing /home/airflow/.local/lib/python3.8/site-packages/airflow/example_dags/example_latest_only_with_trigger.py took 0.251 seconds
[2025-01-29T23:58:03.798+0000] {processor.py:161} INFO - Started process (PID=2825) to work on /home/airflow/.local/lib/python3.8/site-packages/airflow/example_dags/example_latest_only_with_trigger.py
[2025-01-29T23:58:03.811+0000] {processor.py:830} INFO - Processing file /home/airflow/.local/lib/python3.8/site-packages/airflow/example_dags/example_latest_only_with_trigger.py for tasks to queue
[2025-01-29T23:58:03.817+0000] {logging_mixin.py:188} INFO - [2025-01-29T23:58:03.816+0000] {dagbag.py:538} INFO - Filling up the DagBag from /home/airflow/.local/lib/python3.8/site-packages/airflow/example_dags/example_latest_only_with_trigger.py
[2025-01-29T23:58:03.865+0000] {processor.py:840} INFO - DAG(s) 'latest_only_with_trigger' retrieved from /home/airflow/.local/lib/python3.8/site-packages/airflow/example_dags/example_latest_only_with_trigger.py
[2025-01-29T23:58:04.345+0000] {logging_mixin.py:188} INFO - [2025-01-29T23:58:04.345+0000] {dag.py:3036} INFO - Sync 1 DAGs
[2025-01-29T23:58:04.437+0000] {logging_mixin.py:188} INFO - [2025-01-29T23:58:04.436+0000] {dag.py:3823} INFO - Setting next_dagrun for latest_only_with_trigger to 2025-01-29 16:00:00+00:00, run_after=2025-01-29 20:00:00+00:00
[2025-01-29T23:58:04.546+0000] {processor.py:183} INFO - Processing /home/airflow/.local/lib/python3.8/site-packages/airflow/example_dags/example_latest_only_with_trigger.py took 0.778 seconds
[2025-01-29T23:58:35.047+0000] {processor.py:161} INFO - Started process (PID=2881) to work on /home/airflow/.local/lib/python3.8/site-packages/airflow/example_dags/example_latest_only_with_trigger.py
[2025-01-29T23:58:35.054+0000] {processor.py:830} INFO - Processing file /home/airflow/.local/lib/python3.8/site-packages/airflow/example_dags/example_latest_only_with_trigger.py for tasks to queue
[2025-01-29T23:58:35.060+0000] {logging_mixin.py:188} INFO - [2025-01-29T23:58:35.059+0000] {dagbag.py:538} INFO - Filling up the DagBag from /home/airflow/.local/lib/python3.8/site-packages/airflow/example_dags/example_latest_only_with_trigger.py
[2025-01-29T23:58:35.090+0000] {processor.py:840} INFO - DAG(s) 'latest_only_with_trigger' retrieved from /home/airflow/.local/lib/python3.8/site-packages/airflow/example_dags/example_latest_only_with_trigger.py
[2025-01-29T23:58:35.278+0000] {logging_mixin.py:188} INFO - [2025-01-29T23:58:35.277+0000] {dag.py:3036} INFO - Sync 1 DAGs
[2025-01-29T23:58:35.461+0000] {logging_mixin.py:188} INFO - [2025-01-29T23:58:35.460+0000] {dag.py:3823} INFO - Setting next_dagrun for latest_only_with_trigger to 2025-01-29 16:00:00+00:00, run_after=2025-01-29 20:00:00+00:00
[2025-01-29T23:58:35.621+0000] {processor.py:183} INFO - Processing /home/airflow/.local/lib/python3.8/site-packages/airflow/example_dags/example_latest_only_with_trigger.py took 0.586 seconds
[2025-01-29T23:59:09.908+0000] {processor.py:161} INFO - Started process (PID=2937) to work on /home/airflow/.local/lib/python3.8/site-packages/airflow/example_dags/example_latest_only_with_trigger.py
[2025-01-29T23:59:09.913+0000] {processor.py:830} INFO - Processing file /home/airflow/.local/lib/python3.8/site-packages/airflow/example_dags/example_latest_only_with_trigger.py for tasks to queue
[2025-01-29T23:59:09.944+0000] {logging_mixin.py:188} INFO - [2025-01-29T23:59:09.943+0000] {dagbag.py:538} INFO - Filling up the DagBag from /home/airflow/.local/lib/python3.8/site-packages/airflow/example_dags/example_latest_only_with_trigger.py
[2025-01-29T23:59:09.986+0000] {processor.py:840} INFO - DAG(s) 'latest_only_with_trigger' retrieved from /home/airflow/.local/lib/python3.8/site-packages/airflow/example_dags/example_latest_only_with_trigger.py
[2025-01-29T23:59:10.111+0000] {logging_mixin.py:188} INFO - [2025-01-29T23:59:10.111+0000] {dag.py:3036} INFO - Sync 1 DAGs
[2025-01-29T23:59:10.311+0000] {logging_mixin.py:188} INFO - [2025-01-29T23:59:10.311+0000] {dag.py:3823} INFO - Setting next_dagrun for latest_only_with_trigger to 2025-01-29 16:00:00+00:00, run_after=2025-01-29 20:00:00+00:00
[2025-01-29T23:59:10.526+0000] {processor.py:183} INFO - Processing /home/airflow/.local/lib/python3.8/site-packages/airflow/example_dags/example_latest_only_with_trigger.py took 0.617 seconds
[2025-01-29T23:59:41.358+0000] {processor.py:161} INFO - Started process (PID=2993) to work on /home/airflow/.local/lib/python3.8/site-packages/airflow/example_dags/example_latest_only_with_trigger.py
[2025-01-29T23:59:41.362+0000] {processor.py:830} INFO - Processing file /home/airflow/.local/lib/python3.8/site-packages/airflow/example_dags/example_latest_only_with_trigger.py for tasks to queue
[2025-01-29T23:59:41.364+0000] {logging_mixin.py:188} INFO - [2025-01-29T23:59:41.363+0000] {dagbag.py:538} INFO - Filling up the DagBag from /home/airflow/.local/lib/python3.8/site-packages/airflow/example_dags/example_latest_only_with_trigger.py
[2025-01-29T23:59:41.384+0000] {processor.py:840} INFO - DAG(s) 'latest_only_with_trigger' retrieved from /home/airflow/.local/lib/python3.8/site-packages/airflow/example_dags/example_latest_only_with_trigger.py
[2025-01-29T23:59:41.456+0000] {logging_mixin.py:188} INFO - [2025-01-29T23:59:41.455+0000] {dag.py:3036} INFO - Sync 1 DAGs
[2025-01-29T23:59:41.531+0000] {logging_mixin.py:188} INFO - [2025-01-29T23:59:41.530+0000] {dag.py:3823} INFO - Setting next_dagrun for latest_only_with_trigger to 2025-01-29 16:00:00+00:00, run_after=2025-01-29 20:00:00+00:00
[2025-01-29T23:59:41.598+0000] {processor.py:183} INFO - Processing /home/airflow/.local/lib/python3.8/site-packages/airflow/example_dags/example_latest_only_with_trigger.py took 0.252 seconds
