[2025-01-29T23:31:31.875+0000] {processor.py:161} INFO - Started process (PID=89) to work on /home/airflow/.local/lib/python3.8/site-packages/airflow/example_dags/example_dynamic_task_mapping_with_no_taskflow_operators.py
[2025-01-29T23:31:31.880+0000] {processor.py:830} INFO - Processing file /home/airflow/.local/lib/python3.8/site-packages/airflow/example_dags/example_dynamic_task_mapping_with_no_taskflow_operators.py for tasks to queue
[2025-01-29T23:31:31.887+0000] {logging_mixin.py:188} INFO - [2025-01-29T23:31:31.887+0000] {dagbag.py:538} INFO - Filling up the DagBag from /home/airflow/.local/lib/python3.8/site-packages/airflow/example_dags/example_dynamic_task_mapping_with_no_taskflow_operators.py
[2025-01-29T23:31:31.910+0000] {processor.py:840} INFO - DAG(s) 'example_dynamic_task_mapping_with_no_taskflow_operators' retrieved from /home/airflow/.local/lib/python3.8/site-packages/airflow/example_dags/example_dynamic_task_mapping_with_no_taskflow_operators.py
[2025-01-29T23:31:31.989+0000] {logging_mixin.py:188} INFO - [2025-01-29T23:31:31.989+0000] {dag.py:3036} INFO - Sync 1 DAGs
[2025-01-29T23:31:32.124+0000] {logging_mixin.py:188} INFO - [2025-01-29T23:31:32.123+0000] {dag.py:3823} INFO - Setting next_dagrun for example_dynamic_task_mapping_with_no_taskflow_operators to 2025-01-28 00:00:00+00:00, run_after=2025-01-29 00:00:00+00:00
[2025-01-29T23:31:32.222+0000] {processor.py:183} INFO - Processing /home/airflow/.local/lib/python3.8/site-packages/airflow/example_dags/example_dynamic_task_mapping_with_no_taskflow_operators.py took 0.352 seconds
[2025-01-29T23:32:02.581+0000] {processor.py:161} INFO - Started process (PID=146) to work on /home/airflow/.local/lib/python3.8/site-packages/airflow/example_dags/example_dynamic_task_mapping_with_no_taskflow_operators.py
[2025-01-29T23:32:02.583+0000] {processor.py:830} INFO - Processing file /home/airflow/.local/lib/python3.8/site-packages/airflow/example_dags/example_dynamic_task_mapping_with_no_taskflow_operators.py for tasks to queue
[2025-01-29T23:32:02.588+0000] {logging_mixin.py:188} INFO - [2025-01-29T23:32:02.587+0000] {dagbag.py:538} INFO - Filling up the DagBag from /home/airflow/.local/lib/python3.8/site-packages/airflow/example_dags/example_dynamic_task_mapping_with_no_taskflow_operators.py
[2025-01-29T23:32:02.614+0000] {processor.py:840} INFO - DAG(s) 'example_dynamic_task_mapping_with_no_taskflow_operators' retrieved from /home/airflow/.local/lib/python3.8/site-packages/airflow/example_dags/example_dynamic_task_mapping_with_no_taskflow_operators.py
[2025-01-29T23:32:02.670+0000] {logging_mixin.py:188} INFO - [2025-01-29T23:32:02.667+0000] {dag.py:3036} INFO - Sync 1 DAGs
[2025-01-29T23:32:02.775+0000] {logging_mixin.py:188} INFO - [2025-01-29T23:32:02.774+0000] {dag.py:3823} INFO - Setting next_dagrun for example_dynamic_task_mapping_with_no_taskflow_operators to 2025-01-28 00:00:00+00:00, run_after=2025-01-29 00:00:00+00:00
[2025-01-29T23:32:02.860+0000] {processor.py:183} INFO - Processing /home/airflow/.local/lib/python3.8/site-packages/airflow/example_dags/example_dynamic_task_mapping_with_no_taskflow_operators.py took 0.292 seconds
[2025-01-29T23:32:48.989+0000] {processor.py:161} INFO - Started process (PID=207) to work on /home/airflow/.local/lib/python3.8/site-packages/airflow/example_dags/example_dynamic_task_mapping_with_no_taskflow_operators.py
[2025-01-29T23:32:49.002+0000] {processor.py:830} INFO - Processing file /home/airflow/.local/lib/python3.8/site-packages/airflow/example_dags/example_dynamic_task_mapping_with_no_taskflow_operators.py for tasks to queue
[2025-01-29T23:32:49.019+0000] {logging_mixin.py:188} INFO - [2025-01-29T23:32:49.018+0000] {dagbag.py:538} INFO - Filling up the DagBag from /home/airflow/.local/lib/python3.8/site-packages/airflow/example_dags/example_dynamic_task_mapping_with_no_taskflow_operators.py
[2025-01-29T23:32:49.047+0000] {processor.py:840} INFO - DAG(s) 'example_dynamic_task_mapping_with_no_taskflow_operators' retrieved from /home/airflow/.local/lib/python3.8/site-packages/airflow/example_dags/example_dynamic_task_mapping_with_no_taskflow_operators.py
[2025-01-29T23:32:50.137+0000] {logging_mixin.py:188} INFO - [2025-01-29T23:32:50.136+0000] {dag.py:3036} INFO - Sync 1 DAGs
[2025-01-29T23:32:50.324+0000] {logging_mixin.py:188} INFO - [2025-01-29T23:32:50.323+0000] {dag.py:3823} INFO - Setting next_dagrun for example_dynamic_task_mapping_with_no_taskflow_operators to 2025-01-28 00:00:00+00:00, run_after=2025-01-29 00:00:00+00:00
[2025-01-29T23:32:50.456+0000] {processor.py:183} INFO - Processing /home/airflow/.local/lib/python3.8/site-packages/airflow/example_dags/example_dynamic_task_mapping_with_no_taskflow_operators.py took 1.485 seconds
[2025-01-29T23:33:42.205+0000] {processor.py:161} INFO - Started process (PID=262) to work on /home/airflow/.local/lib/python3.8/site-packages/airflow/example_dags/example_dynamic_task_mapping_with_no_taskflow_operators.py
[2025-01-29T23:33:42.241+0000] {processor.py:830} INFO - Processing file /home/airflow/.local/lib/python3.8/site-packages/airflow/example_dags/example_dynamic_task_mapping_with_no_taskflow_operators.py for tasks to queue
[2025-01-29T23:33:42.258+0000] {logging_mixin.py:188} INFO - [2025-01-29T23:33:42.257+0000] {dagbag.py:538} INFO - Filling up the DagBag from /home/airflow/.local/lib/python3.8/site-packages/airflow/example_dags/example_dynamic_task_mapping_with_no_taskflow_operators.py
[2025-01-29T23:33:42.307+0000] {processor.py:840} INFO - DAG(s) 'example_dynamic_task_mapping_with_no_taskflow_operators' retrieved from /home/airflow/.local/lib/python3.8/site-packages/airflow/example_dags/example_dynamic_task_mapping_with_no_taskflow_operators.py
[2025-01-29T23:33:42.456+0000] {logging_mixin.py:188} INFO - [2025-01-29T23:33:42.456+0000] {dag.py:3036} INFO - Sync 1 DAGs
[2025-01-29T23:33:42.619+0000] {logging_mixin.py:188} INFO - [2025-01-29T23:33:42.619+0000] {dag.py:3823} INFO - Setting next_dagrun for example_dynamic_task_mapping_with_no_taskflow_operators to 2025-01-28 00:00:00+00:00, run_after=2025-01-29 00:00:00+00:00
[2025-01-29T23:33:42.745+0000] {processor.py:183} INFO - Processing /home/airflow/.local/lib/python3.8/site-packages/airflow/example_dags/example_dynamic_task_mapping_with_no_taskflow_operators.py took 0.547 seconds
[2025-01-29T23:34:14.492+0000] {processor.py:161} INFO - Started process (PID=319) to work on /home/airflow/.local/lib/python3.8/site-packages/airflow/example_dags/example_dynamic_task_mapping_with_no_taskflow_operators.py
[2025-01-29T23:34:14.494+0000] {processor.py:830} INFO - Processing file /home/airflow/.local/lib/python3.8/site-packages/airflow/example_dags/example_dynamic_task_mapping_with_no_taskflow_operators.py for tasks to queue
[2025-01-29T23:34:14.509+0000] {logging_mixin.py:188} INFO - [2025-01-29T23:34:14.508+0000] {dagbag.py:538} INFO - Filling up the DagBag from /home/airflow/.local/lib/python3.8/site-packages/airflow/example_dags/example_dynamic_task_mapping_with_no_taskflow_operators.py
[2025-01-29T23:34:14.559+0000] {processor.py:840} INFO - DAG(s) 'example_dynamic_task_mapping_with_no_taskflow_operators' retrieved from /home/airflow/.local/lib/python3.8/site-packages/airflow/example_dags/example_dynamic_task_mapping_with_no_taskflow_operators.py
[2025-01-29T23:34:14.668+0000] {logging_mixin.py:188} INFO - [2025-01-29T23:34:14.667+0000] {dag.py:3036} INFO - Sync 1 DAGs
[2025-01-29T23:34:14.824+0000] {logging_mixin.py:188} INFO - [2025-01-29T23:34:14.823+0000] {dag.py:3823} INFO - Setting next_dagrun for example_dynamic_task_mapping_with_no_taskflow_operators to 2025-01-28 00:00:00+00:00, run_after=2025-01-29 00:00:00+00:00
[2025-01-29T23:34:15.007+0000] {processor.py:183} INFO - Processing /home/airflow/.local/lib/python3.8/site-packages/airflow/example_dags/example_dynamic_task_mapping_with_no_taskflow_operators.py took 0.533 seconds
[2025-01-29T23:34:47.398+0000] {processor.py:161} INFO - Started process (PID=376) to work on /home/airflow/.local/lib/python3.8/site-packages/airflow/example_dags/example_dynamic_task_mapping_with_no_taskflow_operators.py
[2025-01-29T23:34:47.411+0000] {processor.py:830} INFO - Processing file /home/airflow/.local/lib/python3.8/site-packages/airflow/example_dags/example_dynamic_task_mapping_with_no_taskflow_operators.py for tasks to queue
[2025-01-29T23:34:47.427+0000] {logging_mixin.py:188} INFO - [2025-01-29T23:34:47.426+0000] {dagbag.py:538} INFO - Filling up the DagBag from /home/airflow/.local/lib/python3.8/site-packages/airflow/example_dags/example_dynamic_task_mapping_with_no_taskflow_operators.py
[2025-01-29T23:34:47.462+0000] {processor.py:840} INFO - DAG(s) 'example_dynamic_task_mapping_with_no_taskflow_operators' retrieved from /home/airflow/.local/lib/python3.8/site-packages/airflow/example_dags/example_dynamic_task_mapping_with_no_taskflow_operators.py
[2025-01-29T23:34:47.577+0000] {logging_mixin.py:188} INFO - [2025-01-29T23:34:47.565+0000] {dag.py:3036} INFO - Sync 1 DAGs
[2025-01-29T23:34:47.728+0000] {logging_mixin.py:188} INFO - [2025-01-29T23:34:47.727+0000] {dag.py:3823} INFO - Setting next_dagrun for example_dynamic_task_mapping_with_no_taskflow_operators to 2025-01-28 00:00:00+00:00, run_after=2025-01-29 00:00:00+00:00
[2025-01-29T23:34:47.877+0000] {processor.py:183} INFO - Processing /home/airflow/.local/lib/python3.8/site-packages/airflow/example_dags/example_dynamic_task_mapping_with_no_taskflow_operators.py took 0.497 seconds
[2025-01-29T23:35:22.448+0000] {processor.py:161} INFO - Started process (PID=438) to work on /home/airflow/.local/lib/python3.8/site-packages/airflow/example_dags/example_dynamic_task_mapping_with_no_taskflow_operators.py
[2025-01-29T23:35:22.508+0000] {processor.py:830} INFO - Processing file /home/airflow/.local/lib/python3.8/site-packages/airflow/example_dags/example_dynamic_task_mapping_with_no_taskflow_operators.py for tasks to queue
[2025-01-29T23:35:22.622+0000] {logging_mixin.py:188} INFO - [2025-01-29T23:35:22.621+0000] {dagbag.py:538} INFO - Filling up the DagBag from /home/airflow/.local/lib/python3.8/site-packages/airflow/example_dags/example_dynamic_task_mapping_with_no_taskflow_operators.py
[2025-01-29T23:35:22.914+0000] {processor.py:840} INFO - DAG(s) 'example_dynamic_task_mapping_with_no_taskflow_operators' retrieved from /home/airflow/.local/lib/python3.8/site-packages/airflow/example_dags/example_dynamic_task_mapping_with_no_taskflow_operators.py
[2025-01-29T23:35:23.258+0000] {logging_mixin.py:188} INFO - [2025-01-29T23:35:23.257+0000] {dag.py:3036} INFO - Sync 1 DAGs
[2025-01-29T23:35:23.645+0000] {logging_mixin.py:188} INFO - [2025-01-29T23:35:23.632+0000] {dag.py:3823} INFO - Setting next_dagrun for example_dynamic_task_mapping_with_no_taskflow_operators to 2025-01-28 00:00:00+00:00, run_after=2025-01-29 00:00:00+00:00
[2025-01-29T23:35:23.901+0000] {processor.py:183} INFO - Processing /home/airflow/.local/lib/python3.8/site-packages/airflow/example_dags/example_dynamic_task_mapping_with_no_taskflow_operators.py took 1.510 seconds
[2025-01-29T23:35:56.788+0000] {processor.py:161} INFO - Started process (PID=492) to work on /home/airflow/.local/lib/python3.8/site-packages/airflow/example_dags/example_dynamic_task_mapping_with_no_taskflow_operators.py
[2025-01-29T23:35:56.793+0000] {processor.py:830} INFO - Processing file /home/airflow/.local/lib/python3.8/site-packages/airflow/example_dags/example_dynamic_task_mapping_with_no_taskflow_operators.py for tasks to queue
[2025-01-29T23:35:56.803+0000] {logging_mixin.py:188} INFO - [2025-01-29T23:35:56.802+0000] {dagbag.py:538} INFO - Filling up the DagBag from /home/airflow/.local/lib/python3.8/site-packages/airflow/example_dags/example_dynamic_task_mapping_with_no_taskflow_operators.py
[2025-01-29T23:35:56.860+0000] {processor.py:840} INFO - DAG(s) 'example_dynamic_task_mapping_with_no_taskflow_operators' retrieved from /home/airflow/.local/lib/python3.8/site-packages/airflow/example_dags/example_dynamic_task_mapping_with_no_taskflow_operators.py
[2025-01-29T23:35:56.993+0000] {logging_mixin.py:188} INFO - [2025-01-29T23:35:56.992+0000] {dag.py:3036} INFO - Sync 1 DAGs
[2025-01-29T23:35:57.248+0000] {logging_mixin.py:188} INFO - [2025-01-29T23:35:57.236+0000] {dag.py:3823} INFO - Setting next_dagrun for example_dynamic_task_mapping_with_no_taskflow_operators to 2025-01-28 00:00:00+00:00, run_after=2025-01-29 00:00:00+00:00
[2025-01-29T23:35:57.413+0000] {processor.py:183} INFO - Processing /home/airflow/.local/lib/python3.8/site-packages/airflow/example_dags/example_dynamic_task_mapping_with_no_taskflow_operators.py took 0.650 seconds
[2025-01-29T23:36:42.254+0000] {processor.py:161} INFO - Started process (PID=539) to work on /home/airflow/.local/lib/python3.8/site-packages/airflow/example_dags/example_dynamic_task_mapping_with_no_taskflow_operators.py
[2025-01-29T23:36:42.257+0000] {processor.py:830} INFO - Processing file /home/airflow/.local/lib/python3.8/site-packages/airflow/example_dags/example_dynamic_task_mapping_with_no_taskflow_operators.py for tasks to queue
[2025-01-29T23:36:42.272+0000] {logging_mixin.py:188} INFO - [2025-01-29T23:36:42.271+0000] {dagbag.py:538} INFO - Filling up the DagBag from /home/airflow/.local/lib/python3.8/site-packages/airflow/example_dags/example_dynamic_task_mapping_with_no_taskflow_operators.py
[2025-01-29T23:36:42.334+0000] {processor.py:840} INFO - DAG(s) 'example_dynamic_task_mapping_with_no_taskflow_operators' retrieved from /home/airflow/.local/lib/python3.8/site-packages/airflow/example_dags/example_dynamic_task_mapping_with_no_taskflow_operators.py
[2025-01-29T23:36:42.464+0000] {logging_mixin.py:188} INFO - [2025-01-29T23:36:42.463+0000] {dag.py:3036} INFO - Sync 1 DAGs
[2025-01-29T23:36:42.670+0000] {logging_mixin.py:188} INFO - [2025-01-29T23:36:42.669+0000] {dag.py:3823} INFO - Setting next_dagrun for example_dynamic_task_mapping_with_no_taskflow_operators to 2025-01-28 00:00:00+00:00, run_after=2025-01-29 00:00:00+00:00
[2025-01-29T23:36:42.816+0000] {processor.py:183} INFO - Processing /home/airflow/.local/lib/python3.8/site-packages/airflow/example_dags/example_dynamic_task_mapping_with_no_taskflow_operators.py took 0.605 seconds
[2025-01-29T23:37:14.392+0000] {processor.py:161} INFO - Started process (PID=595) to work on /home/airflow/.local/lib/python3.8/site-packages/airflow/example_dags/example_dynamic_task_mapping_with_no_taskflow_operators.py
[2025-01-29T23:37:14.406+0000] {processor.py:830} INFO - Processing file /home/airflow/.local/lib/python3.8/site-packages/airflow/example_dags/example_dynamic_task_mapping_with_no_taskflow_operators.py for tasks to queue
[2025-01-29T23:37:14.409+0000] {logging_mixin.py:188} INFO - [2025-01-29T23:37:14.409+0000] {dagbag.py:538} INFO - Filling up the DagBag from /home/airflow/.local/lib/python3.8/site-packages/airflow/example_dags/example_dynamic_task_mapping_with_no_taskflow_operators.py
[2025-01-29T23:37:14.469+0000] {processor.py:840} INFO - DAG(s) 'example_dynamic_task_mapping_with_no_taskflow_operators' retrieved from /home/airflow/.local/lib/python3.8/site-packages/airflow/example_dags/example_dynamic_task_mapping_with_no_taskflow_operators.py
[2025-01-29T23:37:14.536+0000] {logging_mixin.py:188} INFO - [2025-01-29T23:37:14.535+0000] {dag.py:3036} INFO - Sync 1 DAGs
[2025-01-29T23:37:14.753+0000] {logging_mixin.py:188} INFO - [2025-01-29T23:37:14.753+0000] {dag.py:3823} INFO - Setting next_dagrun for example_dynamic_task_mapping_with_no_taskflow_operators to 2025-01-28 00:00:00+00:00, run_after=2025-01-29 00:00:00+00:00
[2025-01-29T23:37:14.891+0000] {processor.py:183} INFO - Processing /home/airflow/.local/lib/python3.8/site-packages/airflow/example_dags/example_dynamic_task_mapping_with_no_taskflow_operators.py took 0.517 seconds
[2025-01-29T23:37:49.957+0000] {processor.py:161} INFO - Started process (PID=651) to work on /home/airflow/.local/lib/python3.8/site-packages/airflow/example_dags/example_dynamic_task_mapping_with_no_taskflow_operators.py
[2025-01-29T23:37:49.966+0000] {processor.py:830} INFO - Processing file /home/airflow/.local/lib/python3.8/site-packages/airflow/example_dags/example_dynamic_task_mapping_with_no_taskflow_operators.py for tasks to queue
[2025-01-29T23:37:49.986+0000] {logging_mixin.py:188} INFO - [2025-01-29T23:37:49.983+0000] {dagbag.py:538} INFO - Filling up the DagBag from /home/airflow/.local/lib/python3.8/site-packages/airflow/example_dags/example_dynamic_task_mapping_with_no_taskflow_operators.py
[2025-01-29T23:37:50.022+0000] {processor.py:840} INFO - DAG(s) 'example_dynamic_task_mapping_with_no_taskflow_operators' retrieved from /home/airflow/.local/lib/python3.8/site-packages/airflow/example_dags/example_dynamic_task_mapping_with_no_taskflow_operators.py
[2025-01-29T23:37:51.439+0000] {logging_mixin.py:188} INFO - [2025-01-29T23:37:51.439+0000] {dag.py:3036} INFO - Sync 1 DAGs
[2025-01-29T23:37:51.604+0000] {logging_mixin.py:188} INFO - [2025-01-29T23:37:51.604+0000] {dag.py:3823} INFO - Setting next_dagrun for example_dynamic_task_mapping_with_no_taskflow_operators to 2025-01-28 00:00:00+00:00, run_after=2025-01-29 00:00:00+00:00
[2025-01-29T23:37:51.770+0000] {processor.py:183} INFO - Processing /home/airflow/.local/lib/python3.8/site-packages/airflow/example_dags/example_dynamic_task_mapping_with_no_taskflow_operators.py took 1.824 seconds
[2025-01-29T23:38:27.092+0000] {processor.py:161} INFO - Started process (PID=714) to work on /home/airflow/.local/lib/python3.8/site-packages/airflow/example_dags/example_dynamic_task_mapping_with_no_taskflow_operators.py
[2025-01-29T23:38:27.130+0000] {processor.py:830} INFO - Processing file /home/airflow/.local/lib/python3.8/site-packages/airflow/example_dags/example_dynamic_task_mapping_with_no_taskflow_operators.py for tasks to queue
[2025-01-29T23:38:27.157+0000] {logging_mixin.py:188} INFO - [2025-01-29T23:38:27.156+0000] {dagbag.py:538} INFO - Filling up the DagBag from /home/airflow/.local/lib/python3.8/site-packages/airflow/example_dags/example_dynamic_task_mapping_with_no_taskflow_operators.py
[2025-01-29T23:38:27.228+0000] {processor.py:840} INFO - DAG(s) 'example_dynamic_task_mapping_with_no_taskflow_operators' retrieved from /home/airflow/.local/lib/python3.8/site-packages/airflow/example_dags/example_dynamic_task_mapping_with_no_taskflow_operators.py
[2025-01-29T23:38:27.361+0000] {logging_mixin.py:188} INFO - [2025-01-29T23:38:27.361+0000] {dag.py:3036} INFO - Sync 1 DAGs
[2025-01-29T23:38:27.549+0000] {logging_mixin.py:188} INFO - [2025-01-29T23:38:27.544+0000] {dag.py:3823} INFO - Setting next_dagrun for example_dynamic_task_mapping_with_no_taskflow_operators to 2025-01-28 00:00:00+00:00, run_after=2025-01-29 00:00:00+00:00
[2025-01-29T23:38:27.658+0000] {processor.py:183} INFO - Processing /home/airflow/.local/lib/python3.8/site-packages/airflow/example_dags/example_dynamic_task_mapping_with_no_taskflow_operators.py took 0.608 seconds
[2025-01-29T23:38:58.099+0000] {processor.py:161} INFO - Started process (PID=769) to work on /home/airflow/.local/lib/python3.8/site-packages/airflow/example_dags/example_dynamic_task_mapping_with_no_taskflow_operators.py
[2025-01-29T23:38:58.102+0000] {processor.py:830} INFO - Processing file /home/airflow/.local/lib/python3.8/site-packages/airflow/example_dags/example_dynamic_task_mapping_with_no_taskflow_operators.py for tasks to queue
[2025-01-29T23:38:58.118+0000] {logging_mixin.py:188} INFO - [2025-01-29T23:38:58.117+0000] {dagbag.py:538} INFO - Filling up the DagBag from /home/airflow/.local/lib/python3.8/site-packages/airflow/example_dags/example_dynamic_task_mapping_with_no_taskflow_operators.py
[2025-01-29T23:38:58.146+0000] {processor.py:840} INFO - DAG(s) 'example_dynamic_task_mapping_with_no_taskflow_operators' retrieved from /home/airflow/.local/lib/python3.8/site-packages/airflow/example_dags/example_dynamic_task_mapping_with_no_taskflow_operators.py
[2025-01-29T23:38:58.256+0000] {logging_mixin.py:188} INFO - [2025-01-29T23:38:58.255+0000] {dag.py:3036} INFO - Sync 1 DAGs
[2025-01-29T23:38:58.401+0000] {logging_mixin.py:188} INFO - [2025-01-29T23:38:58.401+0000] {dag.py:3823} INFO - Setting next_dagrun for example_dynamic_task_mapping_with_no_taskflow_operators to 2025-01-28 00:00:00+00:00, run_after=2025-01-29 00:00:00+00:00
[2025-01-29T23:38:58.506+0000] {processor.py:183} INFO - Processing /home/airflow/.local/lib/python3.8/site-packages/airflow/example_dags/example_dynamic_task_mapping_with_no_taskflow_operators.py took 0.426 seconds
[2025-01-29T23:39:28.877+0000] {processor.py:161} INFO - Started process (PID=829) to work on /home/airflow/.local/lib/python3.8/site-packages/airflow/example_dags/example_dynamic_task_mapping_with_no_taskflow_operators.py
[2025-01-29T23:39:28.879+0000] {processor.py:830} INFO - Processing file /home/airflow/.local/lib/python3.8/site-packages/airflow/example_dags/example_dynamic_task_mapping_with_no_taskflow_operators.py for tasks to queue
[2025-01-29T23:39:28.884+0000] {logging_mixin.py:188} INFO - [2025-01-29T23:39:28.883+0000] {dagbag.py:538} INFO - Filling up the DagBag from /home/airflow/.local/lib/python3.8/site-packages/airflow/example_dags/example_dynamic_task_mapping_with_no_taskflow_operators.py
[2025-01-29T23:39:28.913+0000] {processor.py:840} INFO - DAG(s) 'example_dynamic_task_mapping_with_no_taskflow_operators' retrieved from /home/airflow/.local/lib/python3.8/site-packages/airflow/example_dags/example_dynamic_task_mapping_with_no_taskflow_operators.py
[2025-01-29T23:39:29.000+0000] {logging_mixin.py:188} INFO - [2025-01-29T23:39:28.999+0000] {dag.py:3036} INFO - Sync 1 DAGs
[2025-01-29T23:39:29.111+0000] {logging_mixin.py:188} INFO - [2025-01-29T23:39:29.110+0000] {dag.py:3823} INFO - Setting next_dagrun for example_dynamic_task_mapping_with_no_taskflow_operators to 2025-01-28 00:00:00+00:00, run_after=2025-01-29 00:00:00+00:00
[2025-01-29T23:39:29.178+0000] {processor.py:183} INFO - Processing /home/airflow/.local/lib/python3.8/site-packages/airflow/example_dags/example_dynamic_task_mapping_with_no_taskflow_operators.py took 0.315 seconds
[2025-01-29T23:39:59.969+0000] {processor.py:161} INFO - Started process (PID=889) to work on /home/airflow/.local/lib/python3.8/site-packages/airflow/example_dags/example_dynamic_task_mapping_with_no_taskflow_operators.py
[2025-01-29T23:39:59.972+0000] {processor.py:830} INFO - Processing file /home/airflow/.local/lib/python3.8/site-packages/airflow/example_dags/example_dynamic_task_mapping_with_no_taskflow_operators.py for tasks to queue
[2025-01-29T23:39:59.984+0000] {logging_mixin.py:188} INFO - [2025-01-29T23:39:59.983+0000] {dagbag.py:538} INFO - Filling up the DagBag from /home/airflow/.local/lib/python3.8/site-packages/airflow/example_dags/example_dynamic_task_mapping_with_no_taskflow_operators.py
[2025-01-29T23:40:00.008+0000] {processor.py:840} INFO - DAG(s) 'example_dynamic_task_mapping_with_no_taskflow_operators' retrieved from /home/airflow/.local/lib/python3.8/site-packages/airflow/example_dags/example_dynamic_task_mapping_with_no_taskflow_operators.py
[2025-01-29T23:40:00.110+0000] {logging_mixin.py:188} INFO - [2025-01-29T23:40:00.109+0000] {dag.py:3036} INFO - Sync 1 DAGs
[2025-01-29T23:40:00.283+0000] {logging_mixin.py:188} INFO - [2025-01-29T23:40:00.282+0000] {dag.py:3823} INFO - Setting next_dagrun for example_dynamic_task_mapping_with_no_taskflow_operators to 2025-01-28 00:00:00+00:00, run_after=2025-01-29 00:00:00+00:00
[2025-01-29T23:40:00.387+0000] {processor.py:183} INFO - Processing /home/airflow/.local/lib/python3.8/site-packages/airflow/example_dags/example_dynamic_task_mapping_with_no_taskflow_operators.py took 0.436 seconds
[2025-01-29T23:40:32.283+0000] {processor.py:161} INFO - Started process (PID=945) to work on /home/airflow/.local/lib/python3.8/site-packages/airflow/example_dags/example_dynamic_task_mapping_with_no_taskflow_operators.py
[2025-01-29T23:40:32.297+0000] {processor.py:830} INFO - Processing file /home/airflow/.local/lib/python3.8/site-packages/airflow/example_dags/example_dynamic_task_mapping_with_no_taskflow_operators.py for tasks to queue
[2025-01-29T23:40:32.314+0000] {logging_mixin.py:188} INFO - [2025-01-29T23:40:32.313+0000] {dagbag.py:538} INFO - Filling up the DagBag from /home/airflow/.local/lib/python3.8/site-packages/airflow/example_dags/example_dynamic_task_mapping_with_no_taskflow_operators.py
[2025-01-29T23:40:32.353+0000] {processor.py:840} INFO - DAG(s) 'example_dynamic_task_mapping_with_no_taskflow_operators' retrieved from /home/airflow/.local/lib/python3.8/site-packages/airflow/example_dags/example_dynamic_task_mapping_with_no_taskflow_operators.py
[2025-01-29T23:40:32.441+0000] {logging_mixin.py:188} INFO - [2025-01-29T23:40:32.440+0000] {dag.py:3036} INFO - Sync 1 DAGs
[2025-01-29T23:40:32.566+0000] {logging_mixin.py:188} INFO - [2025-01-29T23:40:32.566+0000] {dag.py:3823} INFO - Setting next_dagrun for example_dynamic_task_mapping_with_no_taskflow_operators to 2025-01-28 00:00:00+00:00, run_after=2025-01-29 00:00:00+00:00
[2025-01-29T23:40:32.664+0000] {processor.py:183} INFO - Processing /home/airflow/.local/lib/python3.8/site-packages/airflow/example_dags/example_dynamic_task_mapping_with_no_taskflow_operators.py took 0.437 seconds
[2025-01-29T23:41:02.940+0000] {processor.py:161} INFO - Started process (PID=1001) to work on /home/airflow/.local/lib/python3.8/site-packages/airflow/example_dags/example_dynamic_task_mapping_with_no_taskflow_operators.py
[2025-01-29T23:41:02.943+0000] {processor.py:830} INFO - Processing file /home/airflow/.local/lib/python3.8/site-packages/airflow/example_dags/example_dynamic_task_mapping_with_no_taskflow_operators.py for tasks to queue
[2025-01-29T23:41:02.950+0000] {logging_mixin.py:188} INFO - [2025-01-29T23:41:02.949+0000] {dagbag.py:538} INFO - Filling up the DagBag from /home/airflow/.local/lib/python3.8/site-packages/airflow/example_dags/example_dynamic_task_mapping_with_no_taskflow_operators.py
[2025-01-29T23:41:02.971+0000] {processor.py:840} INFO - DAG(s) 'example_dynamic_task_mapping_with_no_taskflow_operators' retrieved from /home/airflow/.local/lib/python3.8/site-packages/airflow/example_dags/example_dynamic_task_mapping_with_no_taskflow_operators.py
[2025-01-29T23:41:03.062+0000] {logging_mixin.py:188} INFO - [2025-01-29T23:41:03.061+0000] {dag.py:3036} INFO - Sync 1 DAGs
[2025-01-29T23:41:03.233+0000] {logging_mixin.py:188} INFO - [2025-01-29T23:41:03.232+0000] {dag.py:3823} INFO - Setting next_dagrun for example_dynamic_task_mapping_with_no_taskflow_operators to 2025-01-28 00:00:00+00:00, run_after=2025-01-29 00:00:00+00:00
[2025-01-29T23:41:03.350+0000] {processor.py:183} INFO - Processing /home/airflow/.local/lib/python3.8/site-packages/airflow/example_dags/example_dynamic_task_mapping_with_no_taskflow_operators.py took 0.422 seconds
[2025-01-29T23:41:33.604+0000] {processor.py:161} INFO - Started process (PID=1058) to work on /home/airflow/.local/lib/python3.8/site-packages/airflow/example_dags/example_dynamic_task_mapping_with_no_taskflow_operators.py
[2025-01-29T23:41:33.609+0000] {processor.py:830} INFO - Processing file /home/airflow/.local/lib/python3.8/site-packages/airflow/example_dags/example_dynamic_task_mapping_with_no_taskflow_operators.py for tasks to queue
[2025-01-29T23:41:33.615+0000] {logging_mixin.py:188} INFO - [2025-01-29T23:41:33.614+0000] {dagbag.py:538} INFO - Filling up the DagBag from /home/airflow/.local/lib/python3.8/site-packages/airflow/example_dags/example_dynamic_task_mapping_with_no_taskflow_operators.py
[2025-01-29T23:41:33.643+0000] {processor.py:840} INFO - DAG(s) 'example_dynamic_task_mapping_with_no_taskflow_operators' retrieved from /home/airflow/.local/lib/python3.8/site-packages/airflow/example_dags/example_dynamic_task_mapping_with_no_taskflow_operators.py
[2025-01-29T23:41:33.728+0000] {logging_mixin.py:188} INFO - [2025-01-29T23:41:33.727+0000] {dag.py:3036} INFO - Sync 1 DAGs
[2025-01-29T23:41:33.837+0000] {logging_mixin.py:188} INFO - [2025-01-29T23:41:33.837+0000] {dag.py:3823} INFO - Setting next_dagrun for example_dynamic_task_mapping_with_no_taskflow_operators to 2025-01-28 00:00:00+00:00, run_after=2025-01-29 00:00:00+00:00
[2025-01-29T23:41:33.906+0000] {processor.py:183} INFO - Processing /home/airflow/.local/lib/python3.8/site-packages/airflow/example_dags/example_dynamic_task_mapping_with_no_taskflow_operators.py took 0.321 seconds
[2025-01-29T23:42:06.019+0000] {processor.py:161} INFO - Started process (PID=1113) to work on /home/airflow/.local/lib/python3.8/site-packages/airflow/example_dags/example_dynamic_task_mapping_with_no_taskflow_operators.py
[2025-01-29T23:42:06.024+0000] {processor.py:830} INFO - Processing file /home/airflow/.local/lib/python3.8/site-packages/airflow/example_dags/example_dynamic_task_mapping_with_no_taskflow_operators.py for tasks to queue
[2025-01-29T23:42:06.042+0000] {logging_mixin.py:188} INFO - [2025-01-29T23:42:06.041+0000] {dagbag.py:538} INFO - Filling up the DagBag from /home/airflow/.local/lib/python3.8/site-packages/airflow/example_dags/example_dynamic_task_mapping_with_no_taskflow_operators.py
[2025-01-29T23:42:06.088+0000] {processor.py:840} INFO - DAG(s) 'example_dynamic_task_mapping_with_no_taskflow_operators' retrieved from /home/airflow/.local/lib/python3.8/site-packages/airflow/example_dags/example_dynamic_task_mapping_with_no_taskflow_operators.py
[2025-01-29T23:42:06.193+0000] {logging_mixin.py:188} INFO - [2025-01-29T23:42:06.192+0000] {dag.py:3036} INFO - Sync 1 DAGs
[2025-01-29T23:42:06.347+0000] {logging_mixin.py:188} INFO - [2025-01-29T23:42:06.346+0000] {dag.py:3823} INFO - Setting next_dagrun for example_dynamic_task_mapping_with_no_taskflow_operators to 2025-01-28 00:00:00+00:00, run_after=2025-01-29 00:00:00+00:00
[2025-01-29T23:42:06.478+0000] {processor.py:183} INFO - Processing /home/airflow/.local/lib/python3.8/site-packages/airflow/example_dags/example_dynamic_task_mapping_with_no_taskflow_operators.py took 0.484 seconds
[2025-01-29T23:42:39.388+0000] {processor.py:161} INFO - Started process (PID=1170) to work on /home/airflow/.local/lib/python3.8/site-packages/airflow/example_dags/example_dynamic_task_mapping_with_no_taskflow_operators.py
[2025-01-29T23:42:39.408+0000] {processor.py:830} INFO - Processing file /home/airflow/.local/lib/python3.8/site-packages/airflow/example_dags/example_dynamic_task_mapping_with_no_taskflow_operators.py for tasks to queue
[2025-01-29T23:42:39.475+0000] {logging_mixin.py:188} INFO - [2025-01-29T23:42:39.474+0000] {dagbag.py:538} INFO - Filling up the DagBag from /home/airflow/.local/lib/python3.8/site-packages/airflow/example_dags/example_dynamic_task_mapping_with_no_taskflow_operators.py
[2025-01-29T23:42:39.536+0000] {processor.py:840} INFO - DAG(s) 'example_dynamic_task_mapping_with_no_taskflow_operators' retrieved from /home/airflow/.local/lib/python3.8/site-packages/airflow/example_dags/example_dynamic_task_mapping_with_no_taskflow_operators.py
[2025-01-29T23:42:39.726+0000] {logging_mixin.py:188} INFO - [2025-01-29T23:42:39.725+0000] {dag.py:3036} INFO - Sync 1 DAGs
[2025-01-29T23:42:39.944+0000] {logging_mixin.py:188} INFO - [2025-01-29T23:42:39.944+0000] {dag.py:3823} INFO - Setting next_dagrun for example_dynamic_task_mapping_with_no_taskflow_operators to 2025-01-28 00:00:00+00:00, run_after=2025-01-29 00:00:00+00:00
[2025-01-29T23:42:40.209+0000] {processor.py:183} INFO - Processing /home/airflow/.local/lib/python3.8/site-packages/airflow/example_dags/example_dynamic_task_mapping_with_no_taskflow_operators.py took 0.823 seconds
[2025-01-29T23:43:13.471+0000] {processor.py:161} INFO - Started process (PID=1227) to work on /home/airflow/.local/lib/python3.8/site-packages/airflow/example_dags/example_dynamic_task_mapping_with_no_taskflow_operators.py
[2025-01-29T23:43:13.479+0000] {processor.py:830} INFO - Processing file /home/airflow/.local/lib/python3.8/site-packages/airflow/example_dags/example_dynamic_task_mapping_with_no_taskflow_operators.py for tasks to queue
[2025-01-29T23:43:13.500+0000] {logging_mixin.py:188} INFO - [2025-01-29T23:43:13.499+0000] {dagbag.py:538} INFO - Filling up the DagBag from /home/airflow/.local/lib/python3.8/site-packages/airflow/example_dags/example_dynamic_task_mapping_with_no_taskflow_operators.py
[2025-01-29T23:43:13.544+0000] {processor.py:840} INFO - DAG(s) 'example_dynamic_task_mapping_with_no_taskflow_operators' retrieved from /home/airflow/.local/lib/python3.8/site-packages/airflow/example_dags/example_dynamic_task_mapping_with_no_taskflow_operators.py
[2025-01-29T23:43:13.706+0000] {logging_mixin.py:188} INFO - [2025-01-29T23:43:13.705+0000] {dag.py:3036} INFO - Sync 1 DAGs
[2025-01-29T23:43:13.920+0000] {logging_mixin.py:188} INFO - [2025-01-29T23:43:13.919+0000] {dag.py:3823} INFO - Setting next_dagrun for example_dynamic_task_mapping_with_no_taskflow_operators to 2025-01-28 00:00:00+00:00, run_after=2025-01-29 00:00:00+00:00
[2025-01-29T23:43:14.071+0000] {processor.py:183} INFO - Processing /home/airflow/.local/lib/python3.8/site-packages/airflow/example_dags/example_dynamic_task_mapping_with_no_taskflow_operators.py took 0.619 seconds
[2025-01-29T23:43:45.663+0000] {processor.py:161} INFO - Started process (PID=1282) to work on /home/airflow/.local/lib/python3.8/site-packages/airflow/example_dags/example_dynamic_task_mapping_with_no_taskflow_operators.py
[2025-01-29T23:43:45.672+0000] {processor.py:830} INFO - Processing file /home/airflow/.local/lib/python3.8/site-packages/airflow/example_dags/example_dynamic_task_mapping_with_no_taskflow_operators.py for tasks to queue
[2025-01-29T23:43:45.676+0000] {logging_mixin.py:188} INFO - [2025-01-29T23:43:45.675+0000] {dagbag.py:538} INFO - Filling up the DagBag from /home/airflow/.local/lib/python3.8/site-packages/airflow/example_dags/example_dynamic_task_mapping_with_no_taskflow_operators.py
[2025-01-29T23:43:45.700+0000] {processor.py:840} INFO - DAG(s) 'example_dynamic_task_mapping_with_no_taskflow_operators' retrieved from /home/airflow/.local/lib/python3.8/site-packages/airflow/example_dags/example_dynamic_task_mapping_with_no_taskflow_operators.py
[2025-01-29T23:43:45.868+0000] {logging_mixin.py:188} INFO - [2025-01-29T23:43:45.867+0000] {dag.py:3036} INFO - Sync 1 DAGs
[2025-01-29T23:43:46.147+0000] {logging_mixin.py:188} INFO - [2025-01-29T23:43:46.146+0000] {dag.py:3823} INFO - Setting next_dagrun for example_dynamic_task_mapping_with_no_taskflow_operators to 2025-01-28 00:00:00+00:00, run_after=2025-01-29 00:00:00+00:00
[2025-01-29T23:43:46.375+0000] {processor.py:183} INFO - Processing /home/airflow/.local/lib/python3.8/site-packages/airflow/example_dags/example_dynamic_task_mapping_with_no_taskflow_operators.py took 0.720 seconds
[2025-01-29T23:44:16.800+0000] {processor.py:161} INFO - Started process (PID=1336) to work on /home/airflow/.local/lib/python3.8/site-packages/airflow/example_dags/example_dynamic_task_mapping_with_no_taskflow_operators.py
[2025-01-29T23:44:16.804+0000] {processor.py:830} INFO - Processing file /home/airflow/.local/lib/python3.8/site-packages/airflow/example_dags/example_dynamic_task_mapping_with_no_taskflow_operators.py for tasks to queue
[2025-01-29T23:44:16.832+0000] {logging_mixin.py:188} INFO - [2025-01-29T23:44:16.831+0000] {dagbag.py:538} INFO - Filling up the DagBag from /home/airflow/.local/lib/python3.8/site-packages/airflow/example_dags/example_dynamic_task_mapping_with_no_taskflow_operators.py
[2025-01-29T23:44:16.883+0000] {processor.py:840} INFO - DAG(s) 'example_dynamic_task_mapping_with_no_taskflow_operators' retrieved from /home/airflow/.local/lib/python3.8/site-packages/airflow/example_dags/example_dynamic_task_mapping_with_no_taskflow_operators.py
[2025-01-29T23:44:16.974+0000] {logging_mixin.py:188} INFO - [2025-01-29T23:44:16.973+0000] {dag.py:3036} INFO - Sync 1 DAGs
[2025-01-29T23:44:17.151+0000] {logging_mixin.py:188} INFO - [2025-01-29T23:44:17.150+0000] {dag.py:3823} INFO - Setting next_dagrun for example_dynamic_task_mapping_with_no_taskflow_operators to 2025-01-28 00:00:00+00:00, run_after=2025-01-29 00:00:00+00:00
[2025-01-29T23:44:17.295+0000] {processor.py:183} INFO - Processing /home/airflow/.local/lib/python3.8/site-packages/airflow/example_dags/example_dynamic_task_mapping_with_no_taskflow_operators.py took 0.514 seconds
[2025-01-29T23:44:48.445+0000] {processor.py:161} INFO - Started process (PID=1393) to work on /home/airflow/.local/lib/python3.8/site-packages/airflow/example_dags/example_dynamic_task_mapping_with_no_taskflow_operators.py
[2025-01-29T23:44:48.457+0000] {processor.py:830} INFO - Processing file /home/airflow/.local/lib/python3.8/site-packages/airflow/example_dags/example_dynamic_task_mapping_with_no_taskflow_operators.py for tasks to queue
[2025-01-29T23:44:48.465+0000] {logging_mixin.py:188} INFO - [2025-01-29T23:44:48.464+0000] {dagbag.py:538} INFO - Filling up the DagBag from /home/airflow/.local/lib/python3.8/site-packages/airflow/example_dags/example_dynamic_task_mapping_with_no_taskflow_operators.py
[2025-01-29T23:44:48.497+0000] {processor.py:840} INFO - DAG(s) 'example_dynamic_task_mapping_with_no_taskflow_operators' retrieved from /home/airflow/.local/lib/python3.8/site-packages/airflow/example_dags/example_dynamic_task_mapping_with_no_taskflow_operators.py
[2025-01-29T23:44:48.597+0000] {logging_mixin.py:188} INFO - [2025-01-29T23:44:48.596+0000] {dag.py:3036} INFO - Sync 1 DAGs
[2025-01-29T23:44:48.743+0000] {logging_mixin.py:188} INFO - [2025-01-29T23:44:48.742+0000] {dag.py:3823} INFO - Setting next_dagrun for example_dynamic_task_mapping_with_no_taskflow_operators to 2025-01-28 00:00:00+00:00, run_after=2025-01-29 00:00:00+00:00
[2025-01-29T23:44:48.857+0000] {processor.py:183} INFO - Processing /home/airflow/.local/lib/python3.8/site-packages/airflow/example_dags/example_dynamic_task_mapping_with_no_taskflow_operators.py took 0.434 seconds
[2025-01-29T23:45:19.308+0000] {processor.py:161} INFO - Started process (PID=1452) to work on /home/airflow/.local/lib/python3.8/site-packages/airflow/example_dags/example_dynamic_task_mapping_with_no_taskflow_operators.py
[2025-01-29T23:45:19.323+0000] {processor.py:830} INFO - Processing file /home/airflow/.local/lib/python3.8/site-packages/airflow/example_dags/example_dynamic_task_mapping_with_no_taskflow_operators.py for tasks to queue
[2025-01-29T23:45:19.330+0000] {logging_mixin.py:188} INFO - [2025-01-29T23:45:19.329+0000] {dagbag.py:538} INFO - Filling up the DagBag from /home/airflow/.local/lib/python3.8/site-packages/airflow/example_dags/example_dynamic_task_mapping_with_no_taskflow_operators.py
[2025-01-29T23:45:19.375+0000] {processor.py:840} INFO - DAG(s) 'example_dynamic_task_mapping_with_no_taskflow_operators' retrieved from /home/airflow/.local/lib/python3.8/site-packages/airflow/example_dags/example_dynamic_task_mapping_with_no_taskflow_operators.py
[2025-01-29T23:45:19.528+0000] {logging_mixin.py:188} INFO - [2025-01-29T23:45:19.528+0000] {dag.py:3036} INFO - Sync 1 DAGs
[2025-01-29T23:45:19.765+0000] {logging_mixin.py:188} INFO - [2025-01-29T23:45:19.765+0000] {dag.py:3823} INFO - Setting next_dagrun for example_dynamic_task_mapping_with_no_taskflow_operators to 2025-01-28 00:00:00+00:00, run_after=2025-01-29 00:00:00+00:00
[2025-01-29T23:45:19.963+0000] {processor.py:183} INFO - Processing /home/airflow/.local/lib/python3.8/site-packages/airflow/example_dags/example_dynamic_task_mapping_with_no_taskflow_operators.py took 0.797 seconds
[2025-01-29T23:45:50.173+0000] {processor.py:161} INFO - Started process (PID=1508) to work on /home/airflow/.local/lib/python3.8/site-packages/airflow/example_dags/example_dynamic_task_mapping_with_no_taskflow_operators.py
[2025-01-29T23:45:50.190+0000] {processor.py:830} INFO - Processing file /home/airflow/.local/lib/python3.8/site-packages/airflow/example_dags/example_dynamic_task_mapping_with_no_taskflow_operators.py for tasks to queue
[2025-01-29T23:45:50.202+0000] {logging_mixin.py:188} INFO - [2025-01-29T23:45:50.201+0000] {dagbag.py:538} INFO - Filling up the DagBag from /home/airflow/.local/lib/python3.8/site-packages/airflow/example_dags/example_dynamic_task_mapping_with_no_taskflow_operators.py
[2025-01-29T23:45:50.226+0000] {processor.py:840} INFO - DAG(s) 'example_dynamic_task_mapping_with_no_taskflow_operators' retrieved from /home/airflow/.local/lib/python3.8/site-packages/airflow/example_dags/example_dynamic_task_mapping_with_no_taskflow_operators.py
[2025-01-29T23:45:50.370+0000] {logging_mixin.py:188} INFO - [2025-01-29T23:45:50.369+0000] {dag.py:3036} INFO - Sync 1 DAGs
[2025-01-29T23:45:50.552+0000] {logging_mixin.py:188} INFO - [2025-01-29T23:45:50.551+0000] {dag.py:3823} INFO - Setting next_dagrun for example_dynamic_task_mapping_with_no_taskflow_operators to 2025-01-28 00:00:00+00:00, run_after=2025-01-29 00:00:00+00:00
[2025-01-29T23:45:50.686+0000] {processor.py:183} INFO - Processing /home/airflow/.local/lib/python3.8/site-packages/airflow/example_dags/example_dynamic_task_mapping_with_no_taskflow_operators.py took 0.554 seconds
[2025-01-29T23:46:21.030+0000] {processor.py:161} INFO - Started process (PID=1564) to work on /home/airflow/.local/lib/python3.8/site-packages/airflow/example_dags/example_dynamic_task_mapping_with_no_taskflow_operators.py
[2025-01-29T23:46:21.038+0000] {processor.py:830} INFO - Processing file /home/airflow/.local/lib/python3.8/site-packages/airflow/example_dags/example_dynamic_task_mapping_with_no_taskflow_operators.py for tasks to queue
[2025-01-29T23:46:21.049+0000] {logging_mixin.py:188} INFO - [2025-01-29T23:46:21.047+0000] {dagbag.py:538} INFO - Filling up the DagBag from /home/airflow/.local/lib/python3.8/site-packages/airflow/example_dags/example_dynamic_task_mapping_with_no_taskflow_operators.py
[2025-01-29T23:46:21.082+0000] {processor.py:840} INFO - DAG(s) 'example_dynamic_task_mapping_with_no_taskflow_operators' retrieved from /home/airflow/.local/lib/python3.8/site-packages/airflow/example_dags/example_dynamic_task_mapping_with_no_taskflow_operators.py
[2025-01-29T23:46:21.168+0000] {logging_mixin.py:188} INFO - [2025-01-29T23:46:21.167+0000] {dag.py:3036} INFO - Sync 1 DAGs
[2025-01-29T23:46:21.267+0000] {logging_mixin.py:188} INFO - [2025-01-29T23:46:21.267+0000] {dag.py:3823} INFO - Setting next_dagrun for example_dynamic_task_mapping_with_no_taskflow_operators to 2025-01-28 00:00:00+00:00, run_after=2025-01-29 00:00:00+00:00
[2025-01-29T23:46:21.322+0000] {processor.py:183} INFO - Processing /home/airflow/.local/lib/python3.8/site-packages/airflow/example_dags/example_dynamic_task_mapping_with_no_taskflow_operators.py took 0.302 seconds
[2025-01-29T23:46:51.783+0000] {processor.py:161} INFO - Started process (PID=1620) to work on /home/airflow/.local/lib/python3.8/site-packages/airflow/example_dags/example_dynamic_task_mapping_with_no_taskflow_operators.py
[2025-01-29T23:46:51.808+0000] {processor.py:830} INFO - Processing file /home/airflow/.local/lib/python3.8/site-packages/airflow/example_dags/example_dynamic_task_mapping_with_no_taskflow_operators.py for tasks to queue
[2025-01-29T23:46:51.825+0000] {logging_mixin.py:188} INFO - [2025-01-29T23:46:51.824+0000] {dagbag.py:538} INFO - Filling up the DagBag from /home/airflow/.local/lib/python3.8/site-packages/airflow/example_dags/example_dynamic_task_mapping_with_no_taskflow_operators.py
[2025-01-29T23:46:51.869+0000] {processor.py:840} INFO - DAG(s) 'example_dynamic_task_mapping_with_no_taskflow_operators' retrieved from /home/airflow/.local/lib/python3.8/site-packages/airflow/example_dags/example_dynamic_task_mapping_with_no_taskflow_operators.py
[2025-01-29T23:46:51.993+0000] {logging_mixin.py:188} INFO - [2025-01-29T23:46:51.992+0000] {dag.py:3036} INFO - Sync 1 DAGs
[2025-01-29T23:46:52.120+0000] {logging_mixin.py:188} INFO - [2025-01-29T23:46:52.120+0000] {dag.py:3823} INFO - Setting next_dagrun for example_dynamic_task_mapping_with_no_taskflow_operators to 2025-01-28 00:00:00+00:00, run_after=2025-01-29 00:00:00+00:00
[2025-01-29T23:46:52.202+0000] {processor.py:183} INFO - Processing /home/airflow/.local/lib/python3.8/site-packages/airflow/example_dags/example_dynamic_task_mapping_with_no_taskflow_operators.py took 0.439 seconds
[2025-01-29T23:47:24.877+0000] {processor.py:161} INFO - Started process (PID=1676) to work on /home/airflow/.local/lib/python3.8/site-packages/airflow/example_dags/example_dynamic_task_mapping_with_no_taskflow_operators.py
[2025-01-29T23:47:24.880+0000] {processor.py:830} INFO - Processing file /home/airflow/.local/lib/python3.8/site-packages/airflow/example_dags/example_dynamic_task_mapping_with_no_taskflow_operators.py for tasks to queue
[2025-01-29T23:47:24.886+0000] {logging_mixin.py:188} INFO - [2025-01-29T23:47:24.885+0000] {dagbag.py:538} INFO - Filling up the DagBag from /home/airflow/.local/lib/python3.8/site-packages/airflow/example_dags/example_dynamic_task_mapping_with_no_taskflow_operators.py
[2025-01-29T23:47:24.922+0000] {processor.py:840} INFO - DAG(s) 'example_dynamic_task_mapping_with_no_taskflow_operators' retrieved from /home/airflow/.local/lib/python3.8/site-packages/airflow/example_dags/example_dynamic_task_mapping_with_no_taskflow_operators.py
[2025-01-29T23:47:24.993+0000] {logging_mixin.py:188} INFO - [2025-01-29T23:47:24.992+0000] {dag.py:3036} INFO - Sync 1 DAGs
[2025-01-29T23:47:25.108+0000] {logging_mixin.py:188} INFO - [2025-01-29T23:47:25.108+0000] {dag.py:3823} INFO - Setting next_dagrun for example_dynamic_task_mapping_with_no_taskflow_operators to 2025-01-28 00:00:00+00:00, run_after=2025-01-29 00:00:00+00:00
[2025-01-29T23:47:25.178+0000] {processor.py:183} INFO - Processing /home/airflow/.local/lib/python3.8/site-packages/airflow/example_dags/example_dynamic_task_mapping_with_no_taskflow_operators.py took 0.328 seconds
[2025-01-29T23:47:55.908+0000] {processor.py:161} INFO - Started process (PID=1738) to work on /home/airflow/.local/lib/python3.8/site-packages/airflow/example_dags/example_dynamic_task_mapping_with_no_taskflow_operators.py
[2025-01-29T23:47:55.911+0000] {processor.py:830} INFO - Processing file /home/airflow/.local/lib/python3.8/site-packages/airflow/example_dags/example_dynamic_task_mapping_with_no_taskflow_operators.py for tasks to queue
[2025-01-29T23:47:55.913+0000] {logging_mixin.py:188} INFO - [2025-01-29T23:47:55.912+0000] {dagbag.py:538} INFO - Filling up the DagBag from /home/airflow/.local/lib/python3.8/site-packages/airflow/example_dags/example_dynamic_task_mapping_with_no_taskflow_operators.py
[2025-01-29T23:47:55.932+0000] {processor.py:840} INFO - DAG(s) 'example_dynamic_task_mapping_with_no_taskflow_operators' retrieved from /home/airflow/.local/lib/python3.8/site-packages/airflow/example_dags/example_dynamic_task_mapping_with_no_taskflow_operators.py
[2025-01-29T23:47:56.000+0000] {logging_mixin.py:188} INFO - [2025-01-29T23:47:55.999+0000] {dag.py:3036} INFO - Sync 1 DAGs
[2025-01-29T23:47:56.098+0000] {logging_mixin.py:188} INFO - [2025-01-29T23:47:56.097+0000] {dag.py:3823} INFO - Setting next_dagrun for example_dynamic_task_mapping_with_no_taskflow_operators to 2025-01-28 00:00:00+00:00, run_after=2025-01-29 00:00:00+00:00
[2025-01-29T23:47:56.156+0000] {processor.py:183} INFO - Processing /home/airflow/.local/lib/python3.8/site-packages/airflow/example_dags/example_dynamic_task_mapping_with_no_taskflow_operators.py took 0.256 seconds
[2025-01-29T23:48:27.529+0000] {processor.py:161} INFO - Started process (PID=1794) to work on /home/airflow/.local/lib/python3.8/site-packages/airflow/example_dags/example_dynamic_task_mapping_with_no_taskflow_operators.py
[2025-01-29T23:48:27.532+0000] {processor.py:830} INFO - Processing file /home/airflow/.local/lib/python3.8/site-packages/airflow/example_dags/example_dynamic_task_mapping_with_no_taskflow_operators.py for tasks to queue
[2025-01-29T23:48:27.544+0000] {logging_mixin.py:188} INFO - [2025-01-29T23:48:27.543+0000] {dagbag.py:538} INFO - Filling up the DagBag from /home/airflow/.local/lib/python3.8/site-packages/airflow/example_dags/example_dynamic_task_mapping_with_no_taskflow_operators.py
[2025-01-29T23:48:27.593+0000] {processor.py:840} INFO - DAG(s) 'example_dynamic_task_mapping_with_no_taskflow_operators' retrieved from /home/airflow/.local/lib/python3.8/site-packages/airflow/example_dags/example_dynamic_task_mapping_with_no_taskflow_operators.py
[2025-01-29T23:48:27.705+0000] {logging_mixin.py:188} INFO - [2025-01-29T23:48:27.704+0000] {dag.py:3036} INFO - Sync 1 DAGs
[2025-01-29T23:48:27.895+0000] {logging_mixin.py:188} INFO - [2025-01-29T23:48:27.894+0000] {dag.py:3823} INFO - Setting next_dagrun for example_dynamic_task_mapping_with_no_taskflow_operators to 2025-01-28 00:00:00+00:00, run_after=2025-01-29 00:00:00+00:00
[2025-01-29T23:48:28.013+0000] {processor.py:183} INFO - Processing /home/airflow/.local/lib/python3.8/site-packages/airflow/example_dags/example_dynamic_task_mapping_with_no_taskflow_operators.py took 0.503 seconds
[2025-01-29T23:48:58.321+0000] {processor.py:161} INFO - Started process (PID=1850) to work on /home/airflow/.local/lib/python3.8/site-packages/airflow/example_dags/example_dynamic_task_mapping_with_no_taskflow_operators.py
[2025-01-29T23:48:58.324+0000] {processor.py:830} INFO - Processing file /home/airflow/.local/lib/python3.8/site-packages/airflow/example_dags/example_dynamic_task_mapping_with_no_taskflow_operators.py for tasks to queue
[2025-01-29T23:48:58.329+0000] {logging_mixin.py:188} INFO - [2025-01-29T23:48:58.328+0000] {dagbag.py:538} INFO - Filling up the DagBag from /home/airflow/.local/lib/python3.8/site-packages/airflow/example_dags/example_dynamic_task_mapping_with_no_taskflow_operators.py
[2025-01-29T23:48:58.367+0000] {processor.py:840} INFO - DAG(s) 'example_dynamic_task_mapping_with_no_taskflow_operators' retrieved from /home/airflow/.local/lib/python3.8/site-packages/airflow/example_dags/example_dynamic_task_mapping_with_no_taskflow_operators.py
[2025-01-29T23:48:58.452+0000] {logging_mixin.py:188} INFO - [2025-01-29T23:48:58.451+0000] {dag.py:3036} INFO - Sync 1 DAGs
[2025-01-29T23:48:58.569+0000] {logging_mixin.py:188} INFO - [2025-01-29T23:48:58.569+0000] {dag.py:3823} INFO - Setting next_dagrun for example_dynamic_task_mapping_with_no_taskflow_operators to 2025-01-28 00:00:00+00:00, run_after=2025-01-29 00:00:00+00:00
[2025-01-29T23:48:58.663+0000] {processor.py:183} INFO - Processing /home/airflow/.local/lib/python3.8/site-packages/airflow/example_dags/example_dynamic_task_mapping_with_no_taskflow_operators.py took 0.361 seconds
[2025-01-29T23:49:29.552+0000] {processor.py:161} INFO - Started process (PID=1906) to work on /home/airflow/.local/lib/python3.8/site-packages/airflow/example_dags/example_dynamic_task_mapping_with_no_taskflow_operators.py
[2025-01-29T23:49:29.553+0000] {processor.py:830} INFO - Processing file /home/airflow/.local/lib/python3.8/site-packages/airflow/example_dags/example_dynamic_task_mapping_with_no_taskflow_operators.py for tasks to queue
[2025-01-29T23:49:29.555+0000] {logging_mixin.py:188} INFO - [2025-01-29T23:49:29.554+0000] {dagbag.py:538} INFO - Filling up the DagBag from /home/airflow/.local/lib/python3.8/site-packages/airflow/example_dags/example_dynamic_task_mapping_with_no_taskflow_operators.py
[2025-01-29T23:49:29.565+0000] {processor.py:840} INFO - DAG(s) 'example_dynamic_task_mapping_with_no_taskflow_operators' retrieved from /home/airflow/.local/lib/python3.8/site-packages/airflow/example_dags/example_dynamic_task_mapping_with_no_taskflow_operators.py
[2025-01-29T23:49:29.595+0000] {logging_mixin.py:188} INFO - [2025-01-29T23:49:29.594+0000] {dag.py:3036} INFO - Sync 1 DAGs
[2025-01-29T23:49:29.658+0000] {logging_mixin.py:188} INFO - [2025-01-29T23:49:29.657+0000] {dag.py:3823} INFO - Setting next_dagrun for example_dynamic_task_mapping_with_no_taskflow_operators to 2025-01-28 00:00:00+00:00, run_after=2025-01-29 00:00:00+00:00
[2025-01-29T23:49:29.708+0000] {processor.py:183} INFO - Processing /home/airflow/.local/lib/python3.8/site-packages/airflow/example_dags/example_dynamic_task_mapping_with_no_taskflow_operators.py took 0.160 seconds
[2025-01-29T23:50:00.360+0000] {processor.py:161} INFO - Started process (PID=1962) to work on /home/airflow/.local/lib/python3.8/site-packages/airflow/example_dags/example_dynamic_task_mapping_with_no_taskflow_operators.py
[2025-01-29T23:50:00.364+0000] {processor.py:830} INFO - Processing file /home/airflow/.local/lib/python3.8/site-packages/airflow/example_dags/example_dynamic_task_mapping_with_no_taskflow_operators.py for tasks to queue
[2025-01-29T23:50:00.367+0000] {logging_mixin.py:188} INFO - [2025-01-29T23:50:00.366+0000] {dagbag.py:538} INFO - Filling up the DagBag from /home/airflow/.local/lib/python3.8/site-packages/airflow/example_dags/example_dynamic_task_mapping_with_no_taskflow_operators.py
[2025-01-29T23:50:00.414+0000] {processor.py:840} INFO - DAG(s) 'example_dynamic_task_mapping_with_no_taskflow_operators' retrieved from /home/airflow/.local/lib/python3.8/site-packages/airflow/example_dags/example_dynamic_task_mapping_with_no_taskflow_operators.py
[2025-01-29T23:50:00.519+0000] {logging_mixin.py:188} INFO - [2025-01-29T23:50:00.519+0000] {dag.py:3036} INFO - Sync 1 DAGs
[2025-01-29T23:50:00.661+0000] {logging_mixin.py:188} INFO - [2025-01-29T23:50:00.661+0000] {dag.py:3823} INFO - Setting next_dagrun for example_dynamic_task_mapping_with_no_taskflow_operators to 2025-01-28 00:00:00+00:00, run_after=2025-01-29 00:00:00+00:00
[2025-01-29T23:50:00.772+0000] {processor.py:183} INFO - Processing /home/airflow/.local/lib/python3.8/site-packages/airflow/example_dags/example_dynamic_task_mapping_with_no_taskflow_operators.py took 0.426 seconds
[2025-01-29T23:50:32.605+0000] {processor.py:161} INFO - Started process (PID=2019) to work on /home/airflow/.local/lib/python3.8/site-packages/airflow/example_dags/example_dynamic_task_mapping_with_no_taskflow_operators.py
[2025-01-29T23:50:32.616+0000] {processor.py:830} INFO - Processing file /home/airflow/.local/lib/python3.8/site-packages/airflow/example_dags/example_dynamic_task_mapping_with_no_taskflow_operators.py for tasks to queue
[2025-01-29T23:50:32.619+0000] {logging_mixin.py:188} INFO - [2025-01-29T23:50:32.618+0000] {dagbag.py:538} INFO - Filling up the DagBag from /home/airflow/.local/lib/python3.8/site-packages/airflow/example_dags/example_dynamic_task_mapping_with_no_taskflow_operators.py
[2025-01-29T23:50:32.654+0000] {processor.py:840} INFO - DAG(s) 'example_dynamic_task_mapping_with_no_taskflow_operators' retrieved from /home/airflow/.local/lib/python3.8/site-packages/airflow/example_dags/example_dynamic_task_mapping_with_no_taskflow_operators.py
[2025-01-29T23:50:32.765+0000] {logging_mixin.py:188} INFO - [2025-01-29T23:50:32.765+0000] {dag.py:3036} INFO - Sync 1 DAGs
[2025-01-29T23:50:32.908+0000] {logging_mixin.py:188} INFO - [2025-01-29T23:50:32.907+0000] {dag.py:3823} INFO - Setting next_dagrun for example_dynamic_task_mapping_with_no_taskflow_operators to 2025-01-28 00:00:00+00:00, run_after=2025-01-29 00:00:00+00:00
[2025-01-29T23:50:33.081+0000] {processor.py:183} INFO - Processing /home/airflow/.local/lib/python3.8/site-packages/airflow/example_dags/example_dynamic_task_mapping_with_no_taskflow_operators.py took 0.484 seconds
[2025-01-29T23:51:03.753+0000] {processor.py:161} INFO - Started process (PID=2074) to work on /home/airflow/.local/lib/python3.8/site-packages/airflow/example_dags/example_dynamic_task_mapping_with_no_taskflow_operators.py
[2025-01-29T23:51:03.754+0000] {processor.py:830} INFO - Processing file /home/airflow/.local/lib/python3.8/site-packages/airflow/example_dags/example_dynamic_task_mapping_with_no_taskflow_operators.py for tasks to queue
[2025-01-29T23:51:03.755+0000] {logging_mixin.py:188} INFO - [2025-01-29T23:51:03.755+0000] {dagbag.py:538} INFO - Filling up the DagBag from /home/airflow/.local/lib/python3.8/site-packages/airflow/example_dags/example_dynamic_task_mapping_with_no_taskflow_operators.py
[2025-01-29T23:51:03.765+0000] {processor.py:840} INFO - DAG(s) 'example_dynamic_task_mapping_with_no_taskflow_operators' retrieved from /home/airflow/.local/lib/python3.8/site-packages/airflow/example_dags/example_dynamic_task_mapping_with_no_taskflow_operators.py
[2025-01-29T23:51:03.793+0000] {logging_mixin.py:188} INFO - [2025-01-29T23:51:03.793+0000] {dag.py:3036} INFO - Sync 1 DAGs
[2025-01-29T23:51:03.823+0000] {logging_mixin.py:188} INFO - [2025-01-29T23:51:03.823+0000] {dag.py:3823} INFO - Setting next_dagrun for example_dynamic_task_mapping_with_no_taskflow_operators to 2025-01-28 00:00:00+00:00, run_after=2025-01-29 00:00:00+00:00
[2025-01-29T23:51:03.854+0000] {processor.py:183} INFO - Processing /home/airflow/.local/lib/python3.8/site-packages/airflow/example_dags/example_dynamic_task_mapping_with_no_taskflow_operators.py took 0.104 seconds
[2025-01-29T23:51:36.315+0000] {processor.py:161} INFO - Started process (PID=2130) to work on /home/airflow/.local/lib/python3.8/site-packages/airflow/example_dags/example_dynamic_task_mapping_with_no_taskflow_operators.py
[2025-01-29T23:51:36.330+0000] {processor.py:830} INFO - Processing file /home/airflow/.local/lib/python3.8/site-packages/airflow/example_dags/example_dynamic_task_mapping_with_no_taskflow_operators.py for tasks to queue
[2025-01-29T23:51:36.379+0000] {logging_mixin.py:188} INFO - [2025-01-29T23:51:36.377+0000] {dagbag.py:538} INFO - Filling up the DagBag from /home/airflow/.local/lib/python3.8/site-packages/airflow/example_dags/example_dynamic_task_mapping_with_no_taskflow_operators.py
[2025-01-29T23:51:36.439+0000] {processor.py:840} INFO - DAG(s) 'example_dynamic_task_mapping_with_no_taskflow_operators' retrieved from /home/airflow/.local/lib/python3.8/site-packages/airflow/example_dags/example_dynamic_task_mapping_with_no_taskflow_operators.py
[2025-01-29T23:51:36.626+0000] {logging_mixin.py:188} INFO - [2025-01-29T23:51:36.625+0000] {dag.py:3036} INFO - Sync 1 DAGs
[2025-01-29T23:51:36.754+0000] {logging_mixin.py:188} INFO - [2025-01-29T23:51:36.753+0000] {dag.py:3823} INFO - Setting next_dagrun for example_dynamic_task_mapping_with_no_taskflow_operators to 2025-01-28 00:00:00+00:00, run_after=2025-01-29 00:00:00+00:00
[2025-01-29T23:51:36.872+0000] {processor.py:183} INFO - Processing /home/airflow/.local/lib/python3.8/site-packages/airflow/example_dags/example_dynamic_task_mapping_with_no_taskflow_operators.py took 0.631 seconds
[2025-01-29T23:52:08.182+0000] {processor.py:161} INFO - Started process (PID=2187) to work on /home/airflow/.local/lib/python3.8/site-packages/airflow/example_dags/example_dynamic_task_mapping_with_no_taskflow_operators.py
[2025-01-29T23:52:08.186+0000] {processor.py:830} INFO - Processing file /home/airflow/.local/lib/python3.8/site-packages/airflow/example_dags/example_dynamic_task_mapping_with_no_taskflow_operators.py for tasks to queue
[2025-01-29T23:52:08.217+0000] {logging_mixin.py:188} INFO - [2025-01-29T23:52:08.216+0000] {dagbag.py:538} INFO - Filling up the DagBag from /home/airflow/.local/lib/python3.8/site-packages/airflow/example_dags/example_dynamic_task_mapping_with_no_taskflow_operators.py
[2025-01-29T23:52:08.287+0000] {processor.py:840} INFO - DAG(s) 'example_dynamic_task_mapping_with_no_taskflow_operators' retrieved from /home/airflow/.local/lib/python3.8/site-packages/airflow/example_dags/example_dynamic_task_mapping_with_no_taskflow_operators.py
[2025-01-29T23:52:08.382+0000] {logging_mixin.py:188} INFO - [2025-01-29T23:52:08.381+0000] {dag.py:3036} INFO - Sync 1 DAGs
[2025-01-29T23:52:08.539+0000] {logging_mixin.py:188} INFO - [2025-01-29T23:52:08.532+0000] {dag.py:3823} INFO - Setting next_dagrun for example_dynamic_task_mapping_with_no_taskflow_operators to 2025-01-28 00:00:00+00:00, run_after=2025-01-29 00:00:00+00:00
[2025-01-29T23:52:08.691+0000] {processor.py:183} INFO - Processing /home/airflow/.local/lib/python3.8/site-packages/airflow/example_dags/example_dynamic_task_mapping_with_no_taskflow_operators.py took 0.577 seconds
[2025-01-29T23:52:39.155+0000] {processor.py:161} INFO - Started process (PID=2241) to work on /home/airflow/.local/lib/python3.8/site-packages/airflow/example_dags/example_dynamic_task_mapping_with_no_taskflow_operators.py
[2025-01-29T23:52:39.158+0000] {processor.py:830} INFO - Processing file /home/airflow/.local/lib/python3.8/site-packages/airflow/example_dags/example_dynamic_task_mapping_with_no_taskflow_operators.py for tasks to queue
[2025-01-29T23:52:39.162+0000] {logging_mixin.py:188} INFO - [2025-01-29T23:52:39.161+0000] {dagbag.py:538} INFO - Filling up the DagBag from /home/airflow/.local/lib/python3.8/site-packages/airflow/example_dags/example_dynamic_task_mapping_with_no_taskflow_operators.py
[2025-01-29T23:52:39.175+0000] {processor.py:840} INFO - DAG(s) 'example_dynamic_task_mapping_with_no_taskflow_operators' retrieved from /home/airflow/.local/lib/python3.8/site-packages/airflow/example_dags/example_dynamic_task_mapping_with_no_taskflow_operators.py
[2025-01-29T23:52:39.214+0000] {logging_mixin.py:188} INFO - [2025-01-29T23:52:39.214+0000] {dag.py:3036} INFO - Sync 1 DAGs
[2025-01-29T23:52:39.259+0000] {logging_mixin.py:188} INFO - [2025-01-29T23:52:39.258+0000] {dag.py:3823} INFO - Setting next_dagrun for example_dynamic_task_mapping_with_no_taskflow_operators to 2025-01-28 00:00:00+00:00, run_after=2025-01-29 00:00:00+00:00
[2025-01-29T23:52:39.297+0000] {processor.py:183} INFO - Processing /home/airflow/.local/lib/python3.8/site-packages/airflow/example_dags/example_dynamic_task_mapping_with_no_taskflow_operators.py took 0.149 seconds
[2025-01-29T23:53:09.549+0000] {processor.py:161} INFO - Started process (PID=2297) to work on /home/airflow/.local/lib/python3.8/site-packages/airflow/example_dags/example_dynamic_task_mapping_with_no_taskflow_operators.py
[2025-01-29T23:53:09.550+0000] {processor.py:830} INFO - Processing file /home/airflow/.local/lib/python3.8/site-packages/airflow/example_dags/example_dynamic_task_mapping_with_no_taskflow_operators.py for tasks to queue
[2025-01-29T23:53:09.552+0000] {logging_mixin.py:188} INFO - [2025-01-29T23:53:09.551+0000] {dagbag.py:538} INFO - Filling up the DagBag from /home/airflow/.local/lib/python3.8/site-packages/airflow/example_dags/example_dynamic_task_mapping_with_no_taskflow_operators.py
[2025-01-29T23:53:09.563+0000] {processor.py:840} INFO - DAG(s) 'example_dynamic_task_mapping_with_no_taskflow_operators' retrieved from /home/airflow/.local/lib/python3.8/site-packages/airflow/example_dags/example_dynamic_task_mapping_with_no_taskflow_operators.py
[2025-01-29T23:53:09.601+0000] {logging_mixin.py:188} INFO - [2025-01-29T23:53:09.600+0000] {dag.py:3036} INFO - Sync 1 DAGs
[2025-01-29T23:53:09.651+0000] {logging_mixin.py:188} INFO - [2025-01-29T23:53:09.651+0000] {dag.py:3823} INFO - Setting next_dagrun for example_dynamic_task_mapping_with_no_taskflow_operators to 2025-01-28 00:00:00+00:00, run_after=2025-01-29 00:00:00+00:00
[2025-01-29T23:53:09.684+0000] {processor.py:183} INFO - Processing /home/airflow/.local/lib/python3.8/site-packages/airflow/example_dags/example_dynamic_task_mapping_with_no_taskflow_operators.py took 0.140 seconds
[2025-01-29T23:53:39.966+0000] {processor.py:161} INFO - Started process (PID=2352) to work on /home/airflow/.local/lib/python3.8/site-packages/airflow/example_dags/example_dynamic_task_mapping_with_no_taskflow_operators.py
[2025-01-29T23:53:39.969+0000] {processor.py:830} INFO - Processing file /home/airflow/.local/lib/python3.8/site-packages/airflow/example_dags/example_dynamic_task_mapping_with_no_taskflow_operators.py for tasks to queue
[2025-01-29T23:53:39.971+0000] {logging_mixin.py:188} INFO - [2025-01-29T23:53:39.970+0000] {dagbag.py:538} INFO - Filling up the DagBag from /home/airflow/.local/lib/python3.8/site-packages/airflow/example_dags/example_dynamic_task_mapping_with_no_taskflow_operators.py
[2025-01-29T23:53:39.986+0000] {processor.py:840} INFO - DAG(s) 'example_dynamic_task_mapping_with_no_taskflow_operators' retrieved from /home/airflow/.local/lib/python3.8/site-packages/airflow/example_dags/example_dynamic_task_mapping_with_no_taskflow_operators.py
[2025-01-29T23:53:40.026+0000] {logging_mixin.py:188} INFO - [2025-01-29T23:53:40.026+0000] {dag.py:3036} INFO - Sync 1 DAGs
[2025-01-29T23:53:40.082+0000] {logging_mixin.py:188} INFO - [2025-01-29T23:53:40.082+0000] {dag.py:3823} INFO - Setting next_dagrun for example_dynamic_task_mapping_with_no_taskflow_operators to 2025-01-28 00:00:00+00:00, run_after=2025-01-29 00:00:00+00:00
[2025-01-29T23:53:40.127+0000] {processor.py:183} INFO - Processing /home/airflow/.local/lib/python3.8/site-packages/airflow/example_dags/example_dynamic_task_mapping_with_no_taskflow_operators.py took 0.167 seconds
[2025-01-29T23:54:10.364+0000] {processor.py:161} INFO - Started process (PID=2408) to work on /home/airflow/.local/lib/python3.8/site-packages/airflow/example_dags/example_dynamic_task_mapping_with_no_taskflow_operators.py
[2025-01-29T23:54:10.366+0000] {processor.py:830} INFO - Processing file /home/airflow/.local/lib/python3.8/site-packages/airflow/example_dags/example_dynamic_task_mapping_with_no_taskflow_operators.py for tasks to queue
[2025-01-29T23:54:10.368+0000] {logging_mixin.py:188} INFO - [2025-01-29T23:54:10.367+0000] {dagbag.py:538} INFO - Filling up the DagBag from /home/airflow/.local/lib/python3.8/site-packages/airflow/example_dags/example_dynamic_task_mapping_with_no_taskflow_operators.py
[2025-01-29T23:54:10.385+0000] {processor.py:840} INFO - DAG(s) 'example_dynamic_task_mapping_with_no_taskflow_operators' retrieved from /home/airflow/.local/lib/python3.8/site-packages/airflow/example_dags/example_dynamic_task_mapping_with_no_taskflow_operators.py
[2025-01-29T23:54:10.433+0000] {logging_mixin.py:188} INFO - [2025-01-29T23:54:10.433+0000] {dag.py:3036} INFO - Sync 1 DAGs
[2025-01-29T23:54:10.502+0000] {logging_mixin.py:188} INFO - [2025-01-29T23:54:10.502+0000] {dag.py:3823} INFO - Setting next_dagrun for example_dynamic_task_mapping_with_no_taskflow_operators to 2025-01-28 00:00:00+00:00, run_after=2025-01-29 00:00:00+00:00
[2025-01-29T23:54:10.577+0000] {processor.py:183} INFO - Processing /home/airflow/.local/lib/python3.8/site-packages/airflow/example_dags/example_dynamic_task_mapping_with_no_taskflow_operators.py took 0.222 seconds
[2025-01-29T23:54:41.111+0000] {processor.py:161} INFO - Started process (PID=2464) to work on /home/airflow/.local/lib/python3.8/site-packages/airflow/example_dags/example_dynamic_task_mapping_with_no_taskflow_operators.py
[2025-01-29T23:54:41.112+0000] {processor.py:830} INFO - Processing file /home/airflow/.local/lib/python3.8/site-packages/airflow/example_dags/example_dynamic_task_mapping_with_no_taskflow_operators.py for tasks to queue
[2025-01-29T23:54:41.114+0000] {logging_mixin.py:188} INFO - [2025-01-29T23:54:41.114+0000] {dagbag.py:538} INFO - Filling up the DagBag from /home/airflow/.local/lib/python3.8/site-packages/airflow/example_dags/example_dynamic_task_mapping_with_no_taskflow_operators.py
[2025-01-29T23:54:41.127+0000] {processor.py:840} INFO - DAG(s) 'example_dynamic_task_mapping_with_no_taskflow_operators' retrieved from /home/airflow/.local/lib/python3.8/site-packages/airflow/example_dags/example_dynamic_task_mapping_with_no_taskflow_operators.py
[2025-01-29T23:54:41.159+0000] {logging_mixin.py:188} INFO - [2025-01-29T23:54:41.159+0000] {dag.py:3036} INFO - Sync 1 DAGs
[2025-01-29T23:54:41.208+0000] {logging_mixin.py:188} INFO - [2025-01-29T23:54:41.208+0000] {dag.py:3823} INFO - Setting next_dagrun for example_dynamic_task_mapping_with_no_taskflow_operators to 2025-01-28 00:00:00+00:00, run_after=2025-01-29 00:00:00+00:00
[2025-01-29T23:54:41.250+0000] {processor.py:183} INFO - Processing /home/airflow/.local/lib/python3.8/site-packages/airflow/example_dags/example_dynamic_task_mapping_with_no_taskflow_operators.py took 0.145 seconds
[2025-01-29T23:55:11.431+0000] {processor.py:161} INFO - Started process (PID=2520) to work on /home/airflow/.local/lib/python3.8/site-packages/airflow/example_dags/example_dynamic_task_mapping_with_no_taskflow_operators.py
[2025-01-29T23:55:11.433+0000] {processor.py:830} INFO - Processing file /home/airflow/.local/lib/python3.8/site-packages/airflow/example_dags/example_dynamic_task_mapping_with_no_taskflow_operators.py for tasks to queue
[2025-01-29T23:55:11.435+0000] {logging_mixin.py:188} INFO - [2025-01-29T23:55:11.434+0000] {dagbag.py:538} INFO - Filling up the DagBag from /home/airflow/.local/lib/python3.8/site-packages/airflow/example_dags/example_dynamic_task_mapping_with_no_taskflow_operators.py
[2025-01-29T23:55:11.448+0000] {processor.py:840} INFO - DAG(s) 'example_dynamic_task_mapping_with_no_taskflow_operators' retrieved from /home/airflow/.local/lib/python3.8/site-packages/airflow/example_dags/example_dynamic_task_mapping_with_no_taskflow_operators.py
[2025-01-29T23:55:11.482+0000] {logging_mixin.py:188} INFO - [2025-01-29T23:55:11.481+0000] {dag.py:3036} INFO - Sync 1 DAGs
[2025-01-29T23:55:11.520+0000] {logging_mixin.py:188} INFO - [2025-01-29T23:55:11.519+0000] {dag.py:3823} INFO - Setting next_dagrun for example_dynamic_task_mapping_with_no_taskflow_operators to 2025-01-28 00:00:00+00:00, run_after=2025-01-29 00:00:00+00:00
[2025-01-29T23:55:11.560+0000] {processor.py:183} INFO - Processing /home/airflow/.local/lib/python3.8/site-packages/airflow/example_dags/example_dynamic_task_mapping_with_no_taskflow_operators.py took 0.133 seconds
[2025-01-29T23:55:41.782+0000] {processor.py:161} INFO - Started process (PID=2573) to work on /home/airflow/.local/lib/python3.8/site-packages/airflow/example_dags/example_dynamic_task_mapping_with_no_taskflow_operators.py
[2025-01-29T23:55:41.783+0000] {processor.py:830} INFO - Processing file /home/airflow/.local/lib/python3.8/site-packages/airflow/example_dags/example_dynamic_task_mapping_with_no_taskflow_operators.py for tasks to queue
[2025-01-29T23:55:41.785+0000] {logging_mixin.py:188} INFO - [2025-01-29T23:55:41.784+0000] {dagbag.py:538} INFO - Filling up the DagBag from /home/airflow/.local/lib/python3.8/site-packages/airflow/example_dags/example_dynamic_task_mapping_with_no_taskflow_operators.py
[2025-01-29T23:55:41.794+0000] {processor.py:840} INFO - DAG(s) 'example_dynamic_task_mapping_with_no_taskflow_operators' retrieved from /home/airflow/.local/lib/python3.8/site-packages/airflow/example_dags/example_dynamic_task_mapping_with_no_taskflow_operators.py
[2025-01-29T23:55:41.823+0000] {logging_mixin.py:188} INFO - [2025-01-29T23:55:41.823+0000] {dag.py:3036} INFO - Sync 1 DAGs
[2025-01-29T23:55:41.858+0000] {logging_mixin.py:188} INFO - [2025-01-29T23:55:41.857+0000] {dag.py:3823} INFO - Setting next_dagrun for example_dynamic_task_mapping_with_no_taskflow_operators to 2025-01-28 00:00:00+00:00, run_after=2025-01-29 00:00:00+00:00
[2025-01-29T23:55:41.894+0000] {processor.py:183} INFO - Processing /home/airflow/.local/lib/python3.8/site-packages/airflow/example_dags/example_dynamic_task_mapping_with_no_taskflow_operators.py took 0.116 seconds
[2025-01-29T23:56:12.632+0000] {processor.py:161} INFO - Started process (PID=2629) to work on /home/airflow/.local/lib/python3.8/site-packages/airflow/example_dags/example_dynamic_task_mapping_with_no_taskflow_operators.py
[2025-01-29T23:56:12.637+0000] {processor.py:830} INFO - Processing file /home/airflow/.local/lib/python3.8/site-packages/airflow/example_dags/example_dynamic_task_mapping_with_no_taskflow_operators.py for tasks to queue
[2025-01-29T23:56:12.639+0000] {logging_mixin.py:188} INFO - [2025-01-29T23:56:12.639+0000] {dagbag.py:538} INFO - Filling up the DagBag from /home/airflow/.local/lib/python3.8/site-packages/airflow/example_dags/example_dynamic_task_mapping_with_no_taskflow_operators.py
[2025-01-29T23:56:12.661+0000] {processor.py:840} INFO - DAG(s) 'example_dynamic_task_mapping_with_no_taskflow_operators' retrieved from /home/airflow/.local/lib/python3.8/site-packages/airflow/example_dags/example_dynamic_task_mapping_with_no_taskflow_operators.py
[2025-01-29T23:56:12.728+0000] {logging_mixin.py:188} INFO - [2025-01-29T23:56:12.727+0000] {dag.py:3036} INFO - Sync 1 DAGs
[2025-01-29T23:56:13.229+0000] {logging_mixin.py:188} INFO - [2025-01-29T23:56:13.228+0000] {dag.py:3823} INFO - Setting next_dagrun for example_dynamic_task_mapping_with_no_taskflow_operators to 2025-01-28 00:00:00+00:00, run_after=2025-01-29 00:00:00+00:00
[2025-01-29T23:56:13.354+0000] {processor.py:183} INFO - Processing /home/airflow/.local/lib/python3.8/site-packages/airflow/example_dags/example_dynamic_task_mapping_with_no_taskflow_operators.py took 0.738 seconds
[2025-01-29T23:56:44.092+0000] {processor.py:161} INFO - Started process (PID=2685) to work on /home/airflow/.local/lib/python3.8/site-packages/airflow/example_dags/example_dynamic_task_mapping_with_no_taskflow_operators.py
[2025-01-29T23:56:44.104+0000] {processor.py:830} INFO - Processing file /home/airflow/.local/lib/python3.8/site-packages/airflow/example_dags/example_dynamic_task_mapping_with_no_taskflow_operators.py for tasks to queue
[2025-01-29T23:56:44.107+0000] {logging_mixin.py:188} INFO - [2025-01-29T23:56:44.106+0000] {dagbag.py:538} INFO - Filling up the DagBag from /home/airflow/.local/lib/python3.8/site-packages/airflow/example_dags/example_dynamic_task_mapping_with_no_taskflow_operators.py
[2025-01-29T23:56:44.133+0000] {processor.py:840} INFO - DAG(s) 'example_dynamic_task_mapping_with_no_taskflow_operators' retrieved from /home/airflow/.local/lib/python3.8/site-packages/airflow/example_dags/example_dynamic_task_mapping_with_no_taskflow_operators.py
[2025-01-29T23:56:44.251+0000] {logging_mixin.py:188} INFO - [2025-01-29T23:56:44.250+0000] {dag.py:3036} INFO - Sync 1 DAGs
[2025-01-29T23:56:44.368+0000] {logging_mixin.py:188} INFO - [2025-01-29T23:56:44.367+0000] {dag.py:3823} INFO - Setting next_dagrun for example_dynamic_task_mapping_with_no_taskflow_operators to 2025-01-28 00:00:00+00:00, run_after=2025-01-29 00:00:00+00:00
[2025-01-29T23:56:44.844+0000] {processor.py:183} INFO - Processing /home/airflow/.local/lib/python3.8/site-packages/airflow/example_dags/example_dynamic_task_mapping_with_no_taskflow_operators.py took 0.763 seconds
[2025-01-29T23:57:15.457+0000] {processor.py:161} INFO - Started process (PID=2741) to work on /home/airflow/.local/lib/python3.8/site-packages/airflow/example_dags/example_dynamic_task_mapping_with_no_taskflow_operators.py
[2025-01-29T23:57:15.462+0000] {processor.py:830} INFO - Processing file /home/airflow/.local/lib/python3.8/site-packages/airflow/example_dags/example_dynamic_task_mapping_with_no_taskflow_operators.py for tasks to queue
[2025-01-29T23:57:15.467+0000] {logging_mixin.py:188} INFO - [2025-01-29T23:57:15.467+0000] {dagbag.py:538} INFO - Filling up the DagBag from /home/airflow/.local/lib/python3.8/site-packages/airflow/example_dags/example_dynamic_task_mapping_with_no_taskflow_operators.py
[2025-01-29T23:57:15.509+0000] {processor.py:840} INFO - DAG(s) 'example_dynamic_task_mapping_with_no_taskflow_operators' retrieved from /home/airflow/.local/lib/python3.8/site-packages/airflow/example_dags/example_dynamic_task_mapping_with_no_taskflow_operators.py
[2025-01-29T23:57:15.612+0000] {logging_mixin.py:188} INFO - [2025-01-29T23:57:15.612+0000] {dag.py:3036} INFO - Sync 1 DAGs
[2025-01-29T23:57:15.720+0000] {logging_mixin.py:188} INFO - [2025-01-29T23:57:15.718+0000] {dag.py:3823} INFO - Setting next_dagrun for example_dynamic_task_mapping_with_no_taskflow_operators to 2025-01-28 00:00:00+00:00, run_after=2025-01-29 00:00:00+00:00
[2025-01-29T23:57:16.141+0000] {processor.py:183} INFO - Processing /home/airflow/.local/lib/python3.8/site-packages/airflow/example_dags/example_dynamic_task_mapping_with_no_taskflow_operators.py took 0.692 seconds
[2025-01-29T23:57:46.363+0000] {processor.py:161} INFO - Started process (PID=2797) to work on /home/airflow/.local/lib/python3.8/site-packages/airflow/example_dags/example_dynamic_task_mapping_with_no_taskflow_operators.py
[2025-01-29T23:57:46.370+0000] {processor.py:830} INFO - Processing file /home/airflow/.local/lib/python3.8/site-packages/airflow/example_dags/example_dynamic_task_mapping_with_no_taskflow_operators.py for tasks to queue
[2025-01-29T23:57:46.377+0000] {logging_mixin.py:188} INFO - [2025-01-29T23:57:46.377+0000] {dagbag.py:538} INFO - Filling up the DagBag from /home/airflow/.local/lib/python3.8/site-packages/airflow/example_dags/example_dynamic_task_mapping_with_no_taskflow_operators.py
[2025-01-29T23:57:46.402+0000] {processor.py:840} INFO - DAG(s) 'example_dynamic_task_mapping_with_no_taskflow_operators' retrieved from /home/airflow/.local/lib/python3.8/site-packages/airflow/example_dags/example_dynamic_task_mapping_with_no_taskflow_operators.py
[2025-01-29T23:57:46.459+0000] {logging_mixin.py:188} INFO - [2025-01-29T23:57:46.458+0000] {dag.py:3036} INFO - Sync 1 DAGs
[2025-01-29T23:57:46.509+0000] {logging_mixin.py:188} INFO - [2025-01-29T23:57:46.508+0000] {dag.py:3823} INFO - Setting next_dagrun for example_dynamic_task_mapping_with_no_taskflow_operators to 2025-01-28 00:00:00+00:00, run_after=2025-01-29 00:00:00+00:00
[2025-01-29T23:57:46.551+0000] {processor.py:183} INFO - Processing /home/airflow/.local/lib/python3.8/site-packages/airflow/example_dags/example_dynamic_task_mapping_with_no_taskflow_operators.py took 0.204 seconds
[2025-01-29T23:58:19.096+0000] {processor.py:161} INFO - Started process (PID=2847) to work on /home/airflow/.local/lib/python3.8/site-packages/airflow/example_dags/example_dynamic_task_mapping_with_no_taskflow_operators.py
[2025-01-29T23:58:19.124+0000] {processor.py:830} INFO - Processing file /home/airflow/.local/lib/python3.8/site-packages/airflow/example_dags/example_dynamic_task_mapping_with_no_taskflow_operators.py for tasks to queue
[2025-01-29T23:58:19.199+0000] {logging_mixin.py:188} INFO - [2025-01-29T23:58:19.198+0000] {dagbag.py:538} INFO - Filling up the DagBag from /home/airflow/.local/lib/python3.8/site-packages/airflow/example_dags/example_dynamic_task_mapping_with_no_taskflow_operators.py
[2025-01-29T23:58:19.328+0000] {processor.py:840} INFO - DAG(s) 'example_dynamic_task_mapping_with_no_taskflow_operators' retrieved from /home/airflow/.local/lib/python3.8/site-packages/airflow/example_dags/example_dynamic_task_mapping_with_no_taskflow_operators.py
[2025-01-29T23:58:19.487+0000] {logging_mixin.py:188} INFO - [2025-01-29T23:58:19.486+0000] {dag.py:3036} INFO - Sync 1 DAGs
[2025-01-29T23:58:19.774+0000] {logging_mixin.py:188} INFO - [2025-01-29T23:58:19.764+0000] {dag.py:3823} INFO - Setting next_dagrun for example_dynamic_task_mapping_with_no_taskflow_operators to 2025-01-28 00:00:00+00:00, run_after=2025-01-29 00:00:00+00:00
[2025-01-29T23:58:19.988+0000] {processor.py:183} INFO - Processing /home/airflow/.local/lib/python3.8/site-packages/airflow/example_dags/example_dynamic_task_mapping_with_no_taskflow_operators.py took 0.918 seconds
[2025-01-29T23:58:52.036+0000] {processor.py:161} INFO - Started process (PID=2902) to work on /home/airflow/.local/lib/python3.8/site-packages/airflow/example_dags/example_dynamic_task_mapping_with_no_taskflow_operators.py
[2025-01-29T23:58:52.046+0000] {processor.py:830} INFO - Processing file /home/airflow/.local/lib/python3.8/site-packages/airflow/example_dags/example_dynamic_task_mapping_with_no_taskflow_operators.py for tasks to queue
[2025-01-29T23:58:52.049+0000] {logging_mixin.py:188} INFO - [2025-01-29T23:58:52.048+0000] {dagbag.py:538} INFO - Filling up the DagBag from /home/airflow/.local/lib/python3.8/site-packages/airflow/example_dags/example_dynamic_task_mapping_with_no_taskflow_operators.py
[2025-01-29T23:58:52.091+0000] {processor.py:840} INFO - DAG(s) 'example_dynamic_task_mapping_with_no_taskflow_operators' retrieved from /home/airflow/.local/lib/python3.8/site-packages/airflow/example_dags/example_dynamic_task_mapping_with_no_taskflow_operators.py
[2025-01-29T23:58:52.342+0000] {logging_mixin.py:188} INFO - [2025-01-29T23:58:52.341+0000] {dag.py:3036} INFO - Sync 1 DAGs
[2025-01-29T23:58:52.578+0000] {logging_mixin.py:188} INFO - [2025-01-29T23:58:52.573+0000] {dag.py:3823} INFO - Setting next_dagrun for example_dynamic_task_mapping_with_no_taskflow_operators to 2025-01-28 00:00:00+00:00, run_after=2025-01-29 00:00:00+00:00
[2025-01-29T23:58:52.754+0000] {processor.py:183} INFO - Processing /home/airflow/.local/lib/python3.8/site-packages/airflow/example_dags/example_dynamic_task_mapping_with_no_taskflow_operators.py took 0.731 seconds
[2025-01-29T23:59:23.331+0000] {processor.py:161} INFO - Started process (PID=2957) to work on /home/airflow/.local/lib/python3.8/site-packages/airflow/example_dags/example_dynamic_task_mapping_with_no_taskflow_operators.py
[2025-01-29T23:59:23.334+0000] {processor.py:830} INFO - Processing file /home/airflow/.local/lib/python3.8/site-packages/airflow/example_dags/example_dynamic_task_mapping_with_no_taskflow_operators.py for tasks to queue
[2025-01-29T23:59:23.335+0000] {logging_mixin.py:188} INFO - [2025-01-29T23:59:23.335+0000] {dagbag.py:538} INFO - Filling up the DagBag from /home/airflow/.local/lib/python3.8/site-packages/airflow/example_dags/example_dynamic_task_mapping_with_no_taskflow_operators.py
[2025-01-29T23:59:23.354+0000] {processor.py:840} INFO - DAG(s) 'example_dynamic_task_mapping_with_no_taskflow_operators' retrieved from /home/airflow/.local/lib/python3.8/site-packages/airflow/example_dags/example_dynamic_task_mapping_with_no_taskflow_operators.py
[2025-01-29T23:59:23.419+0000] {logging_mixin.py:188} INFO - [2025-01-29T23:59:23.417+0000] {dag.py:3036} INFO - Sync 1 DAGs
[2025-01-29T23:59:23.494+0000] {logging_mixin.py:188} INFO - [2025-01-29T23:59:23.493+0000] {dag.py:3823} INFO - Setting next_dagrun for example_dynamic_task_mapping_with_no_taskflow_operators to 2025-01-28 00:00:00+00:00, run_after=2025-01-29 00:00:00+00:00
[2025-01-29T23:59:23.547+0000] {processor.py:183} INFO - Processing /home/airflow/.local/lib/python3.8/site-packages/airflow/example_dags/example_dynamic_task_mapping_with_no_taskflow_operators.py took 0.222 seconds
[2025-01-29T23:59:54.065+0000] {processor.py:161} INFO - Started process (PID=3013) to work on /home/airflow/.local/lib/python3.8/site-packages/airflow/example_dags/example_dynamic_task_mapping_with_no_taskflow_operators.py
[2025-01-29T23:59:54.066+0000] {processor.py:830} INFO - Processing file /home/airflow/.local/lib/python3.8/site-packages/airflow/example_dags/example_dynamic_task_mapping_with_no_taskflow_operators.py for tasks to queue
[2025-01-29T23:59:54.067+0000] {logging_mixin.py:188} INFO - [2025-01-29T23:59:54.067+0000] {dagbag.py:538} INFO - Filling up the DagBag from /home/airflow/.local/lib/python3.8/site-packages/airflow/example_dags/example_dynamic_task_mapping_with_no_taskflow_operators.py
[2025-01-29T23:59:54.074+0000] {processor.py:840} INFO - DAG(s) 'example_dynamic_task_mapping_with_no_taskflow_operators' retrieved from /home/airflow/.local/lib/python3.8/site-packages/airflow/example_dags/example_dynamic_task_mapping_with_no_taskflow_operators.py
[2025-01-29T23:59:54.099+0000] {logging_mixin.py:188} INFO - [2025-01-29T23:59:54.099+0000] {dag.py:3036} INFO - Sync 1 DAGs
[2025-01-29T23:59:54.130+0000] {logging_mixin.py:188} INFO - [2025-01-29T23:59:54.129+0000] {dag.py:3823} INFO - Setting next_dagrun for example_dynamic_task_mapping_with_no_taskflow_operators to 2025-01-28 00:00:00+00:00, run_after=2025-01-29 00:00:00+00:00
[2025-01-29T23:59:54.159+0000] {processor.py:183} INFO - Processing /home/airflow/.local/lib/python3.8/site-packages/airflow/example_dags/example_dynamic_task_mapping_with_no_taskflow_operators.py took 0.098 seconds
