[2025-01-29T23:31:25.117+0000] {processor.py:161} INFO - Started process (PID=71) to work on /home/airflow/.local/lib/python3.8/site-packages/airflow/example_dags/example_sla_dag.py
[2025-01-29T23:31:25.119+0000] {processor.py:830} INFO - Processing file /home/airflow/.local/lib/python3.8/site-packages/airflow/example_dags/example_sla_dag.py for tasks to queue
[2025-01-29T23:31:25.137+0000] {logging_mixin.py:188} INFO - [2025-01-29T23:31:25.136+0000] {dagbag.py:538} INFO - Filling up the DagBag from /home/airflow/.local/lib/python3.8/site-packages/airflow/example_dags/example_sla_dag.py
[2025-01-29T23:31:25.194+0000] {processor.py:840} INFO - DAG(s) 'example_sla_dag' retrieved from /home/airflow/.local/lib/python3.8/site-packages/airflow/example_dags/example_sla_dag.py
[2025-01-29T23:31:25.346+0000] {logging_mixin.py:188} INFO - [2025-01-29T23:31:25.344+0000] {dag.py:3036} INFO - Sync 1 DAGs
[2025-01-29T23:31:25.484+0000] {logging_mixin.py:188} INFO - [2025-01-29T23:31:25.484+0000] {dag.py:3823} INFO - Setting next_dagrun for example_sla_dag to 2025-01-29 23:28:00+00:00, run_after=2025-01-29 23:30:00+00:00
[2025-01-29T23:31:25.569+0000] {processor.py:183} INFO - Processing /home/airflow/.local/lib/python3.8/site-packages/airflow/example_dags/example_sla_dag.py took 0.471 seconds
[2025-01-29T23:31:56.454+0000] {processor.py:161} INFO - Started process (PID=128) to work on /home/airflow/.local/lib/python3.8/site-packages/airflow/example_dags/example_sla_dag.py
[2025-01-29T23:31:56.465+0000] {processor.py:830} INFO - Processing file /home/airflow/.local/lib/python3.8/site-packages/airflow/example_dags/example_sla_dag.py for tasks to queue
[2025-01-29T23:31:56.470+0000] {logging_mixin.py:188} INFO - [2025-01-29T23:31:56.469+0000] {dagbag.py:538} INFO - Filling up the DagBag from /home/airflow/.local/lib/python3.8/site-packages/airflow/example_dags/example_sla_dag.py
[2025-01-29T23:31:56.522+0000] {processor.py:840} INFO - DAG(s) 'example_sla_dag' retrieved from /home/airflow/.local/lib/python3.8/site-packages/airflow/example_dags/example_sla_dag.py
[2025-01-29T23:31:56.586+0000] {logging_mixin.py:188} INFO - [2025-01-29T23:31:56.586+0000] {dag.py:3036} INFO - Sync 1 DAGs
[2025-01-29T23:31:56.691+0000] {logging_mixin.py:188} INFO - [2025-01-29T23:31:56.690+0000] {dag.py:3823} INFO - Setting next_dagrun for example_sla_dag to 2025-01-29 23:28:00+00:00, run_after=2025-01-29 23:30:00+00:00
[2025-01-29T23:31:56.810+0000] {processor.py:183} INFO - Processing /home/airflow/.local/lib/python3.8/site-packages/airflow/example_dags/example_sla_dag.py took 0.362 seconds
[2025-01-29T23:32:27.417+0000] {processor.py:161} INFO - Started process (PID=184) to work on /home/airflow/.local/lib/python3.8/site-packages/airflow/example_dags/example_sla_dag.py
[2025-01-29T23:32:27.430+0000] {processor.py:830} INFO - Processing file /home/airflow/.local/lib/python3.8/site-packages/airflow/example_dags/example_sla_dag.py for tasks to queue
[2025-01-29T23:32:27.435+0000] {logging_mixin.py:188} INFO - [2025-01-29T23:32:27.434+0000] {dagbag.py:538} INFO - Filling up the DagBag from /home/airflow/.local/lib/python3.8/site-packages/airflow/example_dags/example_sla_dag.py
[2025-01-29T23:32:27.512+0000] {processor.py:840} INFO - DAG(s) 'example_sla_dag' retrieved from /home/airflow/.local/lib/python3.8/site-packages/airflow/example_dags/example_sla_dag.py
[2025-01-29T23:32:27.580+0000] {logging_mixin.py:188} INFO - [2025-01-29T23:32:27.580+0000] {dag.py:3036} INFO - Sync 1 DAGs
[2025-01-29T23:32:27.760+0000] {logging_mixin.py:188} INFO - [2025-01-29T23:32:27.760+0000] {dag.py:3823} INFO - Setting next_dagrun for example_sla_dag to 2025-01-29 23:30:00+00:00, run_after=2025-01-29 23:32:00+00:00
[2025-01-29T23:32:27.910+0000] {processor.py:183} INFO - Processing /home/airflow/.local/lib/python3.8/site-packages/airflow/example_dags/example_sla_dag.py took 0.523 seconds
[2025-01-29T23:33:13.002+0000] {processor.py:161} INFO - Started process (PID=228) to work on /home/airflow/.local/lib/python3.8/site-packages/airflow/example_dags/example_sla_dag.py
[2025-01-29T23:33:13.016+0000] {processor.py:830} INFO - Processing file /home/airflow/.local/lib/python3.8/site-packages/airflow/example_dags/example_sla_dag.py for tasks to queue
[2025-01-29T23:33:13.029+0000] {logging_mixin.py:188} INFO - [2025-01-29T23:33:13.028+0000] {dagbag.py:538} INFO - Filling up the DagBag from /home/airflow/.local/lib/python3.8/site-packages/airflow/example_dags/example_sla_dag.py
[2025-01-29T23:33:13.130+0000] {processor.py:840} INFO - DAG(s) 'example_sla_dag' retrieved from /home/airflow/.local/lib/python3.8/site-packages/airflow/example_dags/example_sla_dag.py
[2025-01-29T23:33:14.228+0000] {logging_mixin.py:188} INFO - [2025-01-29T23:33:14.227+0000] {dag.py:3036} INFO - Sync 1 DAGs
[2025-01-29T23:33:14.509+0000] {logging_mixin.py:188} INFO - [2025-01-29T23:33:14.508+0000] {dag.py:3823} INFO - Setting next_dagrun for example_sla_dag to 2025-01-29 23:30:00+00:00, run_after=2025-01-29 23:32:00+00:00
[2025-01-29T23:33:14.736+0000] {processor.py:183} INFO - Processing /home/airflow/.local/lib/python3.8/site-packages/airflow/example_dags/example_sla_dag.py took 1.751 seconds
[2025-01-29T23:33:47.864+0000] {processor.py:161} INFO - Started process (PID=283) to work on /home/airflow/.local/lib/python3.8/site-packages/airflow/example_dags/example_sla_dag.py
[2025-01-29T23:33:47.915+0000] {processor.py:830} INFO - Processing file /home/airflow/.local/lib/python3.8/site-packages/airflow/example_dags/example_sla_dag.py for tasks to queue
[2025-01-29T23:33:47.921+0000] {logging_mixin.py:188} INFO - [2025-01-29T23:33:47.920+0000] {dagbag.py:538} INFO - Filling up the DagBag from /home/airflow/.local/lib/python3.8/site-packages/airflow/example_dags/example_sla_dag.py
[2025-01-29T23:33:47.988+0000] {processor.py:840} INFO - DAG(s) 'example_sla_dag' retrieved from /home/airflow/.local/lib/python3.8/site-packages/airflow/example_dags/example_sla_dag.py
[2025-01-29T23:33:48.206+0000] {logging_mixin.py:188} INFO - [2025-01-29T23:33:48.205+0000] {dag.py:3036} INFO - Sync 1 DAGs
[2025-01-29T23:33:48.417+0000] {logging_mixin.py:188} INFO - [2025-01-29T23:33:48.416+0000] {dag.py:3823} INFO - Setting next_dagrun for example_sla_dag to 2025-01-29 23:30:00+00:00, run_after=2025-01-29 23:32:00+00:00
[2025-01-29T23:33:48.579+0000] {processor.py:183} INFO - Processing /home/airflow/.local/lib/python3.8/site-packages/airflow/example_dags/example_sla_dag.py took 0.745 seconds
[2025-01-29T23:34:21.116+0000] {processor.py:161} INFO - Started process (PID=340) to work on /home/airflow/.local/lib/python3.8/site-packages/airflow/example_dags/example_sla_dag.py
[2025-01-29T23:34:21.121+0000] {processor.py:830} INFO - Processing file /home/airflow/.local/lib/python3.8/site-packages/airflow/example_dags/example_sla_dag.py for tasks to queue
[2025-01-29T23:34:21.141+0000] {logging_mixin.py:188} INFO - [2025-01-29T23:34:21.140+0000] {dagbag.py:538} INFO - Filling up the DagBag from /home/airflow/.local/lib/python3.8/site-packages/airflow/example_dags/example_sla_dag.py
[2025-01-29T23:34:21.198+0000] {processor.py:840} INFO - DAG(s) 'example_sla_dag' retrieved from /home/airflow/.local/lib/python3.8/site-packages/airflow/example_dags/example_sla_dag.py
[2025-01-29T23:34:21.300+0000] {logging_mixin.py:188} INFO - [2025-01-29T23:34:21.300+0000] {dag.py:3036} INFO - Sync 1 DAGs
[2025-01-29T23:34:21.517+0000] {logging_mixin.py:188} INFO - [2025-01-29T23:34:21.516+0000] {dag.py:3823} INFO - Setting next_dagrun for example_sla_dag to 2025-01-29 23:32:00+00:00, run_after=2025-01-29 23:34:00+00:00
[2025-01-29T23:34:21.670+0000] {processor.py:183} INFO - Processing /home/airflow/.local/lib/python3.8/site-packages/airflow/example_dags/example_sla_dag.py took 0.573 seconds
[2025-01-29T23:34:52.237+0000] {processor.py:161} INFO - Started process (PID=396) to work on /home/airflow/.local/lib/python3.8/site-packages/airflow/example_dags/example_sla_dag.py
[2025-01-29T23:34:52.240+0000] {processor.py:830} INFO - Processing file /home/airflow/.local/lib/python3.8/site-packages/airflow/example_dags/example_sla_dag.py for tasks to queue
[2025-01-29T23:34:52.248+0000] {logging_mixin.py:188} INFO - [2025-01-29T23:34:52.247+0000] {dagbag.py:538} INFO - Filling up the DagBag from /home/airflow/.local/lib/python3.8/site-packages/airflow/example_dags/example_sla_dag.py
[2025-01-29T23:34:52.286+0000] {processor.py:840} INFO - DAG(s) 'example_sla_dag' retrieved from /home/airflow/.local/lib/python3.8/site-packages/airflow/example_dags/example_sla_dag.py
[2025-01-29T23:34:52.389+0000] {logging_mixin.py:188} INFO - [2025-01-29T23:34:52.389+0000] {dag.py:3036} INFO - Sync 1 DAGs
[2025-01-29T23:34:52.571+0000] {logging_mixin.py:188} INFO - [2025-01-29T23:34:52.571+0000] {dag.py:3823} INFO - Setting next_dagrun for example_sla_dag to 2025-01-29 23:32:00+00:00, run_after=2025-01-29 23:34:00+00:00
[2025-01-29T23:34:52.684+0000] {processor.py:183} INFO - Processing /home/airflow/.local/lib/python3.8/site-packages/airflow/example_dags/example_sla_dag.py took 0.453 seconds
[2025-01-29T23:35:29.046+0000] {processor.py:161} INFO - Started process (PID=445) to work on /home/airflow/.local/lib/python3.8/site-packages/airflow/example_dags/example_sla_dag.py
[2025-01-29T23:35:29.052+0000] {processor.py:830} INFO - Processing file /home/airflow/.local/lib/python3.8/site-packages/airflow/example_dags/example_sla_dag.py for tasks to queue
[2025-01-29T23:35:29.064+0000] {logging_mixin.py:188} INFO - [2025-01-29T23:35:29.064+0000] {dagbag.py:538} INFO - Filling up the DagBag from /home/airflow/.local/lib/python3.8/site-packages/airflow/example_dags/example_sla_dag.py
[2025-01-29T23:35:29.109+0000] {processor.py:840} INFO - DAG(s) 'example_sla_dag' retrieved from /home/airflow/.local/lib/python3.8/site-packages/airflow/example_dags/example_sla_dag.py
[2025-01-29T23:35:29.216+0000] {logging_mixin.py:188} INFO - [2025-01-29T23:35:29.215+0000] {dag.py:3036} INFO - Sync 1 DAGs
[2025-01-29T23:35:29.435+0000] {logging_mixin.py:188} INFO - [2025-01-29T23:35:29.435+0000] {dag.py:3823} INFO - Setting next_dagrun for example_sla_dag to 2025-01-29 23:32:00+00:00, run_after=2025-01-29 23:34:00+00:00
[2025-01-29T23:35:29.576+0000] {processor.py:183} INFO - Processing /home/airflow/.local/lib/python3.8/site-packages/airflow/example_dags/example_sla_dag.py took 0.542 seconds
[2025-01-29T23:36:06.134+0000] {processor.py:161} INFO - Started process (PID=501) to work on /home/airflow/.local/lib/python3.8/site-packages/airflow/example_dags/example_sla_dag.py
[2025-01-29T23:36:06.153+0000] {processor.py:830} INFO - Processing file /home/airflow/.local/lib/python3.8/site-packages/airflow/example_dags/example_sla_dag.py for tasks to queue
[2025-01-29T23:36:06.197+0000] {logging_mixin.py:188} INFO - [2025-01-29T23:36:06.196+0000] {dagbag.py:538} INFO - Filling up the DagBag from /home/airflow/.local/lib/python3.8/site-packages/airflow/example_dags/example_sla_dag.py
[2025-01-29T23:36:06.328+0000] {processor.py:840} INFO - DAG(s) 'example_sla_dag' retrieved from /home/airflow/.local/lib/python3.8/site-packages/airflow/example_dags/example_sla_dag.py
[2025-01-29T23:36:06.854+0000] {logging_mixin.py:188} INFO - [2025-01-29T23:36:06.853+0000] {dag.py:3036} INFO - Sync 1 DAGs
[2025-01-29T23:36:07.138+0000] {logging_mixin.py:188} INFO - [2025-01-29T23:36:07.137+0000] {dag.py:3823} INFO - Setting next_dagrun for example_sla_dag to 2025-01-29 23:34:00+00:00, run_after=2025-01-29 23:36:00+00:00
[2025-01-29T23:36:07.574+0000] {processor.py:183} INFO - Processing /home/airflow/.local/lib/python3.8/site-packages/airflow/example_dags/example_sla_dag.py took 1.461 seconds
[2025-01-29T23:36:52.064+0000] {processor.py:161} INFO - Started process (PID=563) to work on /home/airflow/.local/lib/python3.8/site-packages/airflow/example_dags/example_sla_dag.py
[2025-01-29T23:36:52.067+0000] {processor.py:830} INFO - Processing file /home/airflow/.local/lib/python3.8/site-packages/airflow/example_dags/example_sla_dag.py for tasks to queue
[2025-01-29T23:36:52.082+0000] {logging_mixin.py:188} INFO - [2025-01-29T23:36:52.081+0000] {dagbag.py:538} INFO - Filling up the DagBag from /home/airflow/.local/lib/python3.8/site-packages/airflow/example_dags/example_sla_dag.py
[2025-01-29T23:36:52.179+0000] {processor.py:840} INFO - DAG(s) 'example_sla_dag' retrieved from /home/airflow/.local/lib/python3.8/site-packages/airflow/example_dags/example_sla_dag.py
[2025-01-29T23:36:52.380+0000] {logging_mixin.py:188} INFO - [2025-01-29T23:36:52.379+0000] {dag.py:3036} INFO - Sync 1 DAGs
[2025-01-29T23:36:52.615+0000] {logging_mixin.py:188} INFO - [2025-01-29T23:36:52.614+0000] {dag.py:3823} INFO - Setting next_dagrun for example_sla_dag to 2025-01-29 23:34:00+00:00, run_after=2025-01-29 23:36:00+00:00
[2025-01-29T23:36:52.800+0000] {processor.py:183} INFO - Processing /home/airflow/.local/lib/python3.8/site-packages/airflow/example_dags/example_sla_dag.py took 0.757 seconds
[2025-01-29T23:37:23.807+0000] {processor.py:161} INFO - Started process (PID=618) to work on /home/airflow/.local/lib/python3.8/site-packages/airflow/example_dags/example_sla_dag.py
[2025-01-29T23:37:23.821+0000] {processor.py:830} INFO - Processing file /home/airflow/.local/lib/python3.8/site-packages/airflow/example_dags/example_sla_dag.py for tasks to queue
[2025-01-29T23:37:23.837+0000] {logging_mixin.py:188} INFO - [2025-01-29T23:37:23.836+0000] {dagbag.py:538} INFO - Filling up the DagBag from /home/airflow/.local/lib/python3.8/site-packages/airflow/example_dags/example_sla_dag.py
[2025-01-29T23:37:23.903+0000] {processor.py:840} INFO - DAG(s) 'example_sla_dag' retrieved from /home/airflow/.local/lib/python3.8/site-packages/airflow/example_dags/example_sla_dag.py
[2025-01-29T23:37:24.233+0000] {logging_mixin.py:188} INFO - [2025-01-29T23:37:24.233+0000] {dag.py:3036} INFO - Sync 1 DAGs
[2025-01-29T23:37:24.611+0000] {logging_mixin.py:188} INFO - [2025-01-29T23:37:24.611+0000] {dag.py:3823} INFO - Setting next_dagrun for example_sla_dag to 2025-01-29 23:34:00+00:00, run_after=2025-01-29 23:36:00+00:00
[2025-01-29T23:37:25.054+0000] {processor.py:183} INFO - Processing /home/airflow/.local/lib/python3.8/site-packages/airflow/example_dags/example_sla_dag.py took 1.263 seconds
[2025-01-29T23:37:58.841+0000] {processor.py:161} INFO - Started process (PID=667) to work on /home/airflow/.local/lib/python3.8/site-packages/airflow/example_dags/example_sla_dag.py
[2025-01-29T23:37:58.858+0000] {processor.py:830} INFO - Processing file /home/airflow/.local/lib/python3.8/site-packages/airflow/example_dags/example_sla_dag.py for tasks to queue
[2025-01-29T23:37:58.876+0000] {logging_mixin.py:188} INFO - [2025-01-29T23:37:58.875+0000] {dagbag.py:538} INFO - Filling up the DagBag from /home/airflow/.local/lib/python3.8/site-packages/airflow/example_dags/example_sla_dag.py
[2025-01-29T23:37:58.941+0000] {processor.py:840} INFO - DAG(s) 'example_sla_dag' retrieved from /home/airflow/.local/lib/python3.8/site-packages/airflow/example_dags/example_sla_dag.py
[2025-01-29T23:37:59.963+0000] {logging_mixin.py:188} INFO - [2025-01-29T23:37:59.962+0000] {dag.py:3036} INFO - Sync 1 DAGs
[2025-01-29T23:38:00.150+0000] {logging_mixin.py:188} INFO - [2025-01-29T23:38:00.149+0000] {dag.py:3823} INFO - Setting next_dagrun for example_sla_dag to 2025-01-29 23:36:00+00:00, run_after=2025-01-29 23:38:00+00:00
[2025-01-29T23:38:00.283+0000] {processor.py:183} INFO - Processing /home/airflow/.local/lib/python3.8/site-packages/airflow/example_dags/example_sla_dag.py took 1.457 seconds
[2025-01-29T23:38:33.348+0000] {processor.py:161} INFO - Started process (PID=724) to work on /home/airflow/.local/lib/python3.8/site-packages/airflow/example_dags/example_sla_dag.py
[2025-01-29T23:38:33.393+0000] {processor.py:830} INFO - Processing file /home/airflow/.local/lib/python3.8/site-packages/airflow/example_dags/example_sla_dag.py for tasks to queue
[2025-01-29T23:38:33.411+0000] {logging_mixin.py:188} INFO - [2025-01-29T23:38:33.410+0000] {dagbag.py:538} INFO - Filling up the DagBag from /home/airflow/.local/lib/python3.8/site-packages/airflow/example_dags/example_sla_dag.py
[2025-01-29T23:38:33.508+0000] {processor.py:840} INFO - DAG(s) 'example_sla_dag' retrieved from /home/airflow/.local/lib/python3.8/site-packages/airflow/example_dags/example_sla_dag.py
[2025-01-29T23:38:33.743+0000] {logging_mixin.py:188} INFO - [2025-01-29T23:38:33.742+0000] {dag.py:3036} INFO - Sync 1 DAGs
[2025-01-29T23:38:34.142+0000] {logging_mixin.py:188} INFO - [2025-01-29T23:38:34.141+0000] {dag.py:3823} INFO - Setting next_dagrun for example_sla_dag to 2025-01-29 23:36:00+00:00, run_after=2025-01-29 23:38:00+00:00
[2025-01-29T23:38:34.312+0000] {processor.py:183} INFO - Processing /home/airflow/.local/lib/python3.8/site-packages/airflow/example_dags/example_sla_dag.py took 0.987 seconds
[2025-01-29T23:39:05.955+0000] {processor.py:161} INFO - Started process (PID=778) to work on /home/airflow/.local/lib/python3.8/site-packages/airflow/example_dags/example_sla_dag.py
[2025-01-29T23:39:05.960+0000] {processor.py:830} INFO - Processing file /home/airflow/.local/lib/python3.8/site-packages/airflow/example_dags/example_sla_dag.py for tasks to queue
[2025-01-29T23:39:05.996+0000] {logging_mixin.py:188} INFO - [2025-01-29T23:39:05.995+0000] {dagbag.py:538} INFO - Filling up the DagBag from /home/airflow/.local/lib/python3.8/site-packages/airflow/example_dags/example_sla_dag.py
[2025-01-29T23:39:06.167+0000] {processor.py:840} INFO - DAG(s) 'example_sla_dag' retrieved from /home/airflow/.local/lib/python3.8/site-packages/airflow/example_dags/example_sla_dag.py
[2025-01-29T23:39:06.330+0000] {logging_mixin.py:188} INFO - [2025-01-29T23:39:06.329+0000] {dag.py:3036} INFO - Sync 1 DAGs
[2025-01-29T23:39:06.538+0000] {logging_mixin.py:188} INFO - [2025-01-29T23:39:06.537+0000] {dag.py:3823} INFO - Setting next_dagrun for example_sla_dag to 2025-01-29 23:36:00+00:00, run_after=2025-01-29 23:38:00+00:00
[2025-01-29T23:39:06.651+0000] {processor.py:183} INFO - Processing /home/airflow/.local/lib/python3.8/site-packages/airflow/example_dags/example_sla_dag.py took 0.724 seconds
[2025-01-29T23:39:36.849+0000] {processor.py:161} INFO - Started process (PID=841) to work on /home/airflow/.local/lib/python3.8/site-packages/airflow/example_dags/example_sla_dag.py
[2025-01-29T23:39:36.852+0000] {processor.py:830} INFO - Processing file /home/airflow/.local/lib/python3.8/site-packages/airflow/example_dags/example_sla_dag.py for tasks to queue
[2025-01-29T23:39:36.867+0000] {logging_mixin.py:188} INFO - [2025-01-29T23:39:36.856+0000] {dagbag.py:538} INFO - Filling up the DagBag from /home/airflow/.local/lib/python3.8/site-packages/airflow/example_dags/example_sla_dag.py
[2025-01-29T23:39:36.906+0000] {processor.py:840} INFO - DAG(s) 'example_sla_dag' retrieved from /home/airflow/.local/lib/python3.8/site-packages/airflow/example_dags/example_sla_dag.py
[2025-01-29T23:39:37.027+0000] {logging_mixin.py:188} INFO - [2025-01-29T23:39:37.027+0000] {dag.py:3036} INFO - Sync 1 DAGs
[2025-01-29T23:39:37.253+0000] {logging_mixin.py:188} INFO - [2025-01-29T23:39:37.251+0000] {dag.py:3823} INFO - Setting next_dagrun for example_sla_dag to 2025-01-29 23:36:00+00:00, run_after=2025-01-29 23:38:00+00:00
[2025-01-29T23:39:37.368+0000] {processor.py:183} INFO - Processing /home/airflow/.local/lib/python3.8/site-packages/airflow/example_dags/example_sla_dag.py took 0.537 seconds
[2025-01-29T23:40:07.709+0000] {processor.py:161} INFO - Started process (PID=897) to work on /home/airflow/.local/lib/python3.8/site-packages/airflow/example_dags/example_sla_dag.py
[2025-01-29T23:40:07.718+0000] {processor.py:830} INFO - Processing file /home/airflow/.local/lib/python3.8/site-packages/airflow/example_dags/example_sla_dag.py for tasks to queue
[2025-01-29T23:40:07.723+0000] {logging_mixin.py:188} INFO - [2025-01-29T23:40:07.722+0000] {dagbag.py:538} INFO - Filling up the DagBag from /home/airflow/.local/lib/python3.8/site-packages/airflow/example_dags/example_sla_dag.py
[2025-01-29T23:40:07.758+0000] {processor.py:840} INFO - DAG(s) 'example_sla_dag' retrieved from /home/airflow/.local/lib/python3.8/site-packages/airflow/example_dags/example_sla_dag.py
[2025-01-29T23:40:07.830+0000] {logging_mixin.py:188} INFO - [2025-01-29T23:40:07.829+0000] {dag.py:3036} INFO - Sync 1 DAGs
[2025-01-29T23:40:07.963+0000] {logging_mixin.py:188} INFO - [2025-01-29T23:40:07.962+0000] {dag.py:3823} INFO - Setting next_dagrun for example_sla_dag to 2025-01-29 23:38:00+00:00, run_after=2025-01-29 23:40:00+00:00
[2025-01-29T23:40:08.037+0000] {processor.py:183} INFO - Processing /home/airflow/.local/lib/python3.8/site-packages/airflow/example_dags/example_sla_dag.py took 0.337 seconds
[2025-01-29T23:40:38.301+0000] {processor.py:161} INFO - Started process (PID=953) to work on /home/airflow/.local/lib/python3.8/site-packages/airflow/example_dags/example_sla_dag.py
[2025-01-29T23:40:38.304+0000] {processor.py:830} INFO - Processing file /home/airflow/.local/lib/python3.8/site-packages/airflow/example_dags/example_sla_dag.py for tasks to queue
[2025-01-29T23:40:38.310+0000] {logging_mixin.py:188} INFO - [2025-01-29T23:40:38.308+0000] {dagbag.py:538} INFO - Filling up the DagBag from /home/airflow/.local/lib/python3.8/site-packages/airflow/example_dags/example_sla_dag.py
[2025-01-29T23:40:38.348+0000] {processor.py:840} INFO - DAG(s) 'example_sla_dag' retrieved from /home/airflow/.local/lib/python3.8/site-packages/airflow/example_dags/example_sla_dag.py
[2025-01-29T23:40:38.417+0000] {logging_mixin.py:188} INFO - [2025-01-29T23:40:38.417+0000] {dag.py:3036} INFO - Sync 1 DAGs
[2025-01-29T23:40:38.570+0000] {logging_mixin.py:188} INFO - [2025-01-29T23:40:38.568+0000] {dag.py:3823} INFO - Setting next_dagrun for example_sla_dag to 2025-01-29 23:38:00+00:00, run_after=2025-01-29 23:40:00+00:00
[2025-01-29T23:40:38.665+0000] {processor.py:183} INFO - Processing /home/airflow/.local/lib/python3.8/site-packages/airflow/example_dags/example_sla_dag.py took 0.383 seconds
[2025-01-29T23:41:08.797+0000] {processor.py:161} INFO - Started process (PID=1007) to work on /home/airflow/.local/lib/python3.8/site-packages/airflow/example_dags/example_sla_dag.py
[2025-01-29T23:41:08.800+0000] {processor.py:830} INFO - Processing file /home/airflow/.local/lib/python3.8/site-packages/airflow/example_dags/example_sla_dag.py for tasks to queue
[2025-01-29T23:41:08.822+0000] {logging_mixin.py:188} INFO - [2025-01-29T23:41:08.821+0000] {dagbag.py:538} INFO - Filling up the DagBag from /home/airflow/.local/lib/python3.8/site-packages/airflow/example_dags/example_sla_dag.py
[2025-01-29T23:41:08.855+0000] {processor.py:840} INFO - DAG(s) 'example_sla_dag' retrieved from /home/airflow/.local/lib/python3.8/site-packages/airflow/example_dags/example_sla_dag.py
[2025-01-29T23:41:08.962+0000] {logging_mixin.py:188} INFO - [2025-01-29T23:41:08.961+0000] {dag.py:3036} INFO - Sync 1 DAGs
[2025-01-29T23:41:09.102+0000] {logging_mixin.py:188} INFO - [2025-01-29T23:41:09.101+0000] {dag.py:3823} INFO - Setting next_dagrun for example_sla_dag to 2025-01-29 23:38:00+00:00, run_after=2025-01-29 23:40:00+00:00
[2025-01-29T23:41:09.196+0000] {processor.py:183} INFO - Processing /home/airflow/.local/lib/python3.8/site-packages/airflow/example_dags/example_sla_dag.py took 0.412 seconds
[2025-01-29T23:41:39.596+0000] {processor.py:161} INFO - Started process (PID=1064) to work on /home/airflow/.local/lib/python3.8/site-packages/airflow/example_dags/example_sla_dag.py
[2025-01-29T23:41:39.600+0000] {processor.py:830} INFO - Processing file /home/airflow/.local/lib/python3.8/site-packages/airflow/example_dags/example_sla_dag.py for tasks to queue
[2025-01-29T23:41:39.606+0000] {logging_mixin.py:188} INFO - [2025-01-29T23:41:39.605+0000] {dagbag.py:538} INFO - Filling up the DagBag from /home/airflow/.local/lib/python3.8/site-packages/airflow/example_dags/example_sla_dag.py
[2025-01-29T23:41:39.646+0000] {processor.py:840} INFO - DAG(s) 'example_sla_dag' retrieved from /home/airflow/.local/lib/python3.8/site-packages/airflow/example_dags/example_sla_dag.py
[2025-01-29T23:41:39.716+0000] {logging_mixin.py:188} INFO - [2025-01-29T23:41:39.715+0000] {dag.py:3036} INFO - Sync 1 DAGs
[2025-01-29T23:41:39.849+0000] {logging_mixin.py:188} INFO - [2025-01-29T23:41:39.845+0000] {dag.py:3823} INFO - Setting next_dagrun for example_sla_dag to 2025-01-29 23:38:00+00:00, run_after=2025-01-29 23:40:00+00:00
[2025-01-29T23:41:39.935+0000] {processor.py:183} INFO - Processing /home/airflow/.local/lib/python3.8/site-packages/airflow/example_dags/example_sla_dag.py took 0.349 seconds
[2025-01-29T23:42:10.192+0000] {processor.py:161} INFO - Started process (PID=1119) to work on /home/airflow/.local/lib/python3.8/site-packages/airflow/example_dags/example_sla_dag.py
[2025-01-29T23:42:10.196+0000] {processor.py:830} INFO - Processing file /home/airflow/.local/lib/python3.8/site-packages/airflow/example_dags/example_sla_dag.py for tasks to queue
[2025-01-29T23:42:10.205+0000] {logging_mixin.py:188} INFO - [2025-01-29T23:42:10.204+0000] {dagbag.py:538} INFO - Filling up the DagBag from /home/airflow/.local/lib/python3.8/site-packages/airflow/example_dags/example_sla_dag.py
[2025-01-29T23:42:10.237+0000] {processor.py:840} INFO - DAG(s) 'example_sla_dag' retrieved from /home/airflow/.local/lib/python3.8/site-packages/airflow/example_dags/example_sla_dag.py
[2025-01-29T23:42:10.329+0000] {logging_mixin.py:188} INFO - [2025-01-29T23:42:10.322+0000] {dag.py:3036} INFO - Sync 1 DAGs
[2025-01-29T23:42:10.560+0000] {logging_mixin.py:188} INFO - [2025-01-29T23:42:10.559+0000] {dag.py:3823} INFO - Setting next_dagrun for example_sla_dag to 2025-01-29 23:40:00+00:00, run_after=2025-01-29 23:42:00+00:00
[2025-01-29T23:42:10.741+0000] {processor.py:183} INFO - Processing /home/airflow/.local/lib/python3.8/site-packages/airflow/example_dags/example_sla_dag.py took 0.558 seconds
[2025-01-29T23:42:42.118+0000] {processor.py:161} INFO - Started process (PID=1174) to work on /home/airflow/.local/lib/python3.8/site-packages/airflow/example_dags/example_sla_dag.py
[2025-01-29T23:42:42.141+0000] {processor.py:830} INFO - Processing file /home/airflow/.local/lib/python3.8/site-packages/airflow/example_dags/example_sla_dag.py for tasks to queue
[2025-01-29T23:42:42.151+0000] {logging_mixin.py:188} INFO - [2025-01-29T23:42:42.146+0000] {dagbag.py:538} INFO - Filling up the DagBag from /home/airflow/.local/lib/python3.8/site-packages/airflow/example_dags/example_sla_dag.py
[2025-01-29T23:42:42.211+0000] {processor.py:840} INFO - DAG(s) 'example_sla_dag' retrieved from /home/airflow/.local/lib/python3.8/site-packages/airflow/example_dags/example_sla_dag.py
[2025-01-29T23:42:42.346+0000] {logging_mixin.py:188} INFO - [2025-01-29T23:42:42.345+0000] {dag.py:3036} INFO - Sync 1 DAGs
[2025-01-29T23:42:42.538+0000] {logging_mixin.py:188} INFO - [2025-01-29T23:42:42.537+0000] {dag.py:3823} INFO - Setting next_dagrun for example_sla_dag to 2025-01-29 23:40:00+00:00, run_after=2025-01-29 23:42:00+00:00
[2025-01-29T23:42:42.632+0000] {processor.py:183} INFO - Processing /home/airflow/.local/lib/python3.8/site-packages/airflow/example_dags/example_sla_dag.py took 0.534 seconds
[2025-01-29T23:43:16.496+0000] {processor.py:161} INFO - Started process (PID=1231) to work on /home/airflow/.local/lib/python3.8/site-packages/airflow/example_dags/example_sla_dag.py
[2025-01-29T23:43:16.512+0000] {processor.py:830} INFO - Processing file /home/airflow/.local/lib/python3.8/site-packages/airflow/example_dags/example_sla_dag.py for tasks to queue
[2025-01-29T23:43:16.529+0000] {logging_mixin.py:188} INFO - [2025-01-29T23:43:16.529+0000] {dagbag.py:538} INFO - Filling up the DagBag from /home/airflow/.local/lib/python3.8/site-packages/airflow/example_dags/example_sla_dag.py
[2025-01-29T23:43:16.620+0000] {processor.py:840} INFO - DAG(s) 'example_sla_dag' retrieved from /home/airflow/.local/lib/python3.8/site-packages/airflow/example_dags/example_sla_dag.py
[2025-01-29T23:43:16.731+0000] {logging_mixin.py:188} INFO - [2025-01-29T23:43:16.730+0000] {dag.py:3036} INFO - Sync 1 DAGs
[2025-01-29T23:43:16.883+0000] {logging_mixin.py:188} INFO - [2025-01-29T23:43:16.882+0000] {dag.py:3823} INFO - Setting next_dagrun for example_sla_dag to 2025-01-29 23:40:00+00:00, run_after=2025-01-29 23:42:00+00:00
[2025-01-29T23:43:17.077+0000] {processor.py:183} INFO - Processing /home/airflow/.local/lib/python3.8/site-packages/airflow/example_dags/example_sla_dag.py took 0.640 seconds
[2025-01-29T23:43:47.700+0000] {processor.py:161} INFO - Started process (PID=1285) to work on /home/airflow/.local/lib/python3.8/site-packages/airflow/example_dags/example_sla_dag.py
[2025-01-29T23:43:47.764+0000] {processor.py:830} INFO - Processing file /home/airflow/.local/lib/python3.8/site-packages/airflow/example_dags/example_sla_dag.py for tasks to queue
[2025-01-29T23:43:47.777+0000] {logging_mixin.py:188} INFO - [2025-01-29T23:43:47.776+0000] {dagbag.py:538} INFO - Filling up the DagBag from /home/airflow/.local/lib/python3.8/site-packages/airflow/example_dags/example_sla_dag.py
[2025-01-29T23:43:47.816+0000] {processor.py:840} INFO - DAG(s) 'example_sla_dag' retrieved from /home/airflow/.local/lib/python3.8/site-packages/airflow/example_dags/example_sla_dag.py
[2025-01-29T23:43:47.959+0000] {logging_mixin.py:188} INFO - [2025-01-29T23:43:47.959+0000] {dag.py:3036} INFO - Sync 1 DAGs
[2025-01-29T23:43:48.196+0000] {logging_mixin.py:188} INFO - [2025-01-29T23:43:48.195+0000] {dag.py:3823} INFO - Setting next_dagrun for example_sla_dag to 2025-01-29 23:40:00+00:00, run_after=2025-01-29 23:42:00+00:00
[2025-01-29T23:43:48.325+0000] {processor.py:183} INFO - Processing /home/airflow/.local/lib/python3.8/site-packages/airflow/example_dags/example_sla_dag.py took 0.631 seconds
[2025-01-29T23:44:18.439+0000] {processor.py:161} INFO - Started process (PID=1340) to work on /home/airflow/.local/lib/python3.8/site-packages/airflow/example_dags/example_sla_dag.py
[2025-01-29T23:44:18.442+0000] {processor.py:830} INFO - Processing file /home/airflow/.local/lib/python3.8/site-packages/airflow/example_dags/example_sla_dag.py for tasks to queue
[2025-01-29T23:44:18.449+0000] {logging_mixin.py:188} INFO - [2025-01-29T23:44:18.447+0000] {dagbag.py:538} INFO - Filling up the DagBag from /home/airflow/.local/lib/python3.8/site-packages/airflow/example_dags/example_sla_dag.py
[2025-01-29T23:44:18.475+0000] {processor.py:840} INFO - DAG(s) 'example_sla_dag' retrieved from /home/airflow/.local/lib/python3.8/site-packages/airflow/example_dags/example_sla_dag.py
[2025-01-29T23:44:18.537+0000] {logging_mixin.py:188} INFO - [2025-01-29T23:44:18.536+0000] {dag.py:3036} INFO - Sync 1 DAGs
[2025-01-29T23:44:18.649+0000] {logging_mixin.py:188} INFO - [2025-01-29T23:44:18.648+0000] {dag.py:3823} INFO - Setting next_dagrun for example_sla_dag to 2025-01-29 23:42:00+00:00, run_after=2025-01-29 23:44:00+00:00
[2025-01-29T23:44:18.725+0000] {processor.py:183} INFO - Processing /home/airflow/.local/lib/python3.8/site-packages/airflow/example_dags/example_sla_dag.py took 0.294 seconds
[2025-01-29T23:44:49.546+0000] {processor.py:161} INFO - Started process (PID=1395) to work on /home/airflow/.local/lib/python3.8/site-packages/airflow/example_dags/example_sla_dag.py
[2025-01-29T23:44:49.553+0000] {processor.py:830} INFO - Processing file /home/airflow/.local/lib/python3.8/site-packages/airflow/example_dags/example_sla_dag.py for tasks to queue
[2025-01-29T23:44:49.561+0000] {logging_mixin.py:188} INFO - [2025-01-29T23:44:49.558+0000] {dagbag.py:538} INFO - Filling up the DagBag from /home/airflow/.local/lib/python3.8/site-packages/airflow/example_dags/example_sla_dag.py
[2025-01-29T23:44:49.599+0000] {processor.py:840} INFO - DAG(s) 'example_sla_dag' retrieved from /home/airflow/.local/lib/python3.8/site-packages/airflow/example_dags/example_sla_dag.py
[2025-01-29T23:44:49.701+0000] {logging_mixin.py:188} INFO - [2025-01-29T23:44:49.700+0000] {dag.py:3036} INFO - Sync 1 DAGs
[2025-01-29T23:44:49.851+0000] {logging_mixin.py:188} INFO - [2025-01-29T23:44:49.850+0000] {dag.py:3823} INFO - Setting next_dagrun for example_sla_dag to 2025-01-29 23:42:00+00:00, run_after=2025-01-29 23:44:00+00:00
[2025-01-29T23:44:49.948+0000] {processor.py:183} INFO - Processing /home/airflow/.local/lib/python3.8/site-packages/airflow/example_dags/example_sla_dag.py took 0.418 seconds
[2025-01-29T23:45:20.094+0000] {processor.py:161} INFO - Started process (PID=1454) to work on /home/airflow/.local/lib/python3.8/site-packages/airflow/example_dags/example_sla_dag.py
[2025-01-29T23:45:20.107+0000] {processor.py:830} INFO - Processing file /home/airflow/.local/lib/python3.8/site-packages/airflow/example_dags/example_sla_dag.py for tasks to queue
[2025-01-29T23:45:20.124+0000] {logging_mixin.py:188} INFO - [2025-01-29T23:45:20.123+0000] {dagbag.py:538} INFO - Filling up the DagBag from /home/airflow/.local/lib/python3.8/site-packages/airflow/example_dags/example_sla_dag.py
[2025-01-29T23:45:20.191+0000] {processor.py:840} INFO - DAG(s) 'example_sla_dag' retrieved from /home/airflow/.local/lib/python3.8/site-packages/airflow/example_dags/example_sla_dag.py
[2025-01-29T23:45:20.317+0000] {logging_mixin.py:188} INFO - [2025-01-29T23:45:20.316+0000] {dag.py:3036} INFO - Sync 1 DAGs
[2025-01-29T23:45:20.594+0000] {logging_mixin.py:188} INFO - [2025-01-29T23:45:20.593+0000] {dag.py:3823} INFO - Setting next_dagrun for example_sla_dag to 2025-01-29 23:42:00+00:00, run_after=2025-01-29 23:44:00+00:00
[2025-01-29T23:45:20.750+0000] {processor.py:183} INFO - Processing /home/airflow/.local/lib/python3.8/site-packages/airflow/example_dags/example_sla_dag.py took 0.671 seconds
[2025-01-29T23:45:51.390+0000] {processor.py:161} INFO - Started process (PID=1510) to work on /home/airflow/.local/lib/python3.8/site-packages/airflow/example_dags/example_sla_dag.py
[2025-01-29T23:45:51.419+0000] {processor.py:830} INFO - Processing file /home/airflow/.local/lib/python3.8/site-packages/airflow/example_dags/example_sla_dag.py for tasks to queue
[2025-01-29T23:45:51.436+0000] {logging_mixin.py:188} INFO - [2025-01-29T23:45:51.436+0000] {dagbag.py:538} INFO - Filling up the DagBag from /home/airflow/.local/lib/python3.8/site-packages/airflow/example_dags/example_sla_dag.py
[2025-01-29T23:45:51.504+0000] {processor.py:840} INFO - DAG(s) 'example_sla_dag' retrieved from /home/airflow/.local/lib/python3.8/site-packages/airflow/example_dags/example_sla_dag.py
[2025-01-29T23:45:51.769+0000] {logging_mixin.py:188} INFO - [2025-01-29T23:45:51.768+0000] {dag.py:3036} INFO - Sync 1 DAGs
[2025-01-29T23:45:51.882+0000] {logging_mixin.py:188} INFO - [2025-01-29T23:45:51.882+0000] {dag.py:3823} INFO - Setting next_dagrun for example_sla_dag to 2025-01-29 23:42:00+00:00, run_after=2025-01-29 23:44:00+00:00
[2025-01-29T23:45:51.979+0000] {processor.py:183} INFO - Processing /home/airflow/.local/lib/python3.8/site-packages/airflow/example_dags/example_sla_dag.py took 0.607 seconds
[2025-01-29T23:46:22.461+0000] {processor.py:161} INFO - Started process (PID=1565) to work on /home/airflow/.local/lib/python3.8/site-packages/airflow/example_dags/example_sla_dag.py
[2025-01-29T23:46:22.477+0000] {processor.py:830} INFO - Processing file /home/airflow/.local/lib/python3.8/site-packages/airflow/example_dags/example_sla_dag.py for tasks to queue
[2025-01-29T23:46:22.489+0000] {logging_mixin.py:188} INFO - [2025-01-29T23:46:22.488+0000] {dagbag.py:538} INFO - Filling up the DagBag from /home/airflow/.local/lib/python3.8/site-packages/airflow/example_dags/example_sla_dag.py
[2025-01-29T23:46:22.536+0000] {processor.py:840} INFO - DAG(s) 'example_sla_dag' retrieved from /home/airflow/.local/lib/python3.8/site-packages/airflow/example_dags/example_sla_dag.py
[2025-01-29T23:46:22.611+0000] {logging_mixin.py:188} INFO - [2025-01-29T23:46:22.610+0000] {dag.py:3036} INFO - Sync 1 DAGs
[2025-01-29T23:46:22.732+0000] {logging_mixin.py:188} INFO - [2025-01-29T23:46:22.731+0000] {dag.py:3823} INFO - Setting next_dagrun for example_sla_dag to 2025-01-29 23:44:00+00:00, run_after=2025-01-29 23:46:00+00:00
[2025-01-29T23:46:22.822+0000] {processor.py:183} INFO - Processing /home/airflow/.local/lib/python3.8/site-packages/airflow/example_dags/example_sla_dag.py took 0.369 seconds
[2025-01-29T23:46:52.970+0000] {processor.py:161} INFO - Started process (PID=1621) to work on /home/airflow/.local/lib/python3.8/site-packages/airflow/example_dags/example_sla_dag.py
[2025-01-29T23:46:52.972+0000] {processor.py:830} INFO - Processing file /home/airflow/.local/lib/python3.8/site-packages/airflow/example_dags/example_sla_dag.py for tasks to queue
[2025-01-29T23:46:52.985+0000] {logging_mixin.py:188} INFO - [2025-01-29T23:46:52.984+0000] {dagbag.py:538} INFO - Filling up the DagBag from /home/airflow/.local/lib/python3.8/site-packages/airflow/example_dags/example_sla_dag.py
[2025-01-29T23:46:53.051+0000] {processor.py:840} INFO - DAG(s) 'example_sla_dag' retrieved from /home/airflow/.local/lib/python3.8/site-packages/airflow/example_dags/example_sla_dag.py
[2025-01-29T23:46:53.169+0000] {logging_mixin.py:188} INFO - [2025-01-29T23:46:53.168+0000] {dag.py:3036} INFO - Sync 1 DAGs
[2025-01-29T23:46:53.372+0000] {logging_mixin.py:188} INFO - [2025-01-29T23:46:53.371+0000] {dag.py:3823} INFO - Setting next_dagrun for example_sla_dag to 2025-01-29 23:44:00+00:00, run_after=2025-01-29 23:46:00+00:00
[2025-01-29T23:46:53.534+0000] {processor.py:183} INFO - Processing /home/airflow/.local/lib/python3.8/site-packages/airflow/example_dags/example_sla_dag.py took 0.564 seconds
[2025-01-29T23:47:23.912+0000] {processor.py:161} INFO - Started process (PID=1673) to work on /home/airflow/.local/lib/python3.8/site-packages/airflow/example_dags/example_sla_dag.py
[2025-01-29T23:47:23.925+0000] {processor.py:830} INFO - Processing file /home/airflow/.local/lib/python3.8/site-packages/airflow/example_dags/example_sla_dag.py for tasks to queue
[2025-01-29T23:47:23.932+0000] {logging_mixin.py:188} INFO - [2025-01-29T23:47:23.931+0000] {dagbag.py:538} INFO - Filling up the DagBag from /home/airflow/.local/lib/python3.8/site-packages/airflow/example_dags/example_sla_dag.py
[2025-01-29T23:47:23.990+0000] {processor.py:840} INFO - DAG(s) 'example_sla_dag' retrieved from /home/airflow/.local/lib/python3.8/site-packages/airflow/example_dags/example_sla_dag.py
[2025-01-29T23:47:24.131+0000] {logging_mixin.py:188} INFO - [2025-01-29T23:47:24.130+0000] {dag.py:3036} INFO - Sync 1 DAGs
[2025-01-29T23:47:24.312+0000] {logging_mixin.py:188} INFO - [2025-01-29T23:47:24.305+0000] {dag.py:3823} INFO - Setting next_dagrun for example_sla_dag to 2025-01-29 23:44:00+00:00, run_after=2025-01-29 23:46:00+00:00
[2025-01-29T23:47:24.414+0000] {processor.py:183} INFO - Processing /home/airflow/.local/lib/python3.8/site-packages/airflow/example_dags/example_sla_dag.py took 0.518 seconds
[2025-01-29T23:47:54.993+0000] {processor.py:161} INFO - Started process (PID=1729) to work on /home/airflow/.local/lib/python3.8/site-packages/airflow/example_dags/example_sla_dag.py
[2025-01-29T23:47:54.996+0000] {processor.py:830} INFO - Processing file /home/airflow/.local/lib/python3.8/site-packages/airflow/example_dags/example_sla_dag.py for tasks to queue
[2025-01-29T23:47:54.999+0000] {logging_mixin.py:188} INFO - [2025-01-29T23:47:54.998+0000] {dagbag.py:538} INFO - Filling up the DagBag from /home/airflow/.local/lib/python3.8/site-packages/airflow/example_dags/example_sla_dag.py
[2025-01-29T23:47:55.032+0000] {processor.py:840} INFO - DAG(s) 'example_sla_dag' retrieved from /home/airflow/.local/lib/python3.8/site-packages/airflow/example_dags/example_sla_dag.py
[2025-01-29T23:47:55.087+0000] {logging_mixin.py:188} INFO - [2025-01-29T23:47:55.087+0000] {dag.py:3036} INFO - Sync 1 DAGs
[2025-01-29T23:47:55.170+0000] {logging_mixin.py:188} INFO - [2025-01-29T23:47:55.169+0000] {dag.py:3823} INFO - Setting next_dagrun for example_sla_dag to 2025-01-29 23:44:00+00:00, run_after=2025-01-29 23:46:00+00:00
[2025-01-29T23:47:55.226+0000] {processor.py:183} INFO - Processing /home/airflow/.local/lib/python3.8/site-packages/airflow/example_dags/example_sla_dag.py took 0.245 seconds
[2025-01-29T23:48:26.525+0000] {processor.py:161} INFO - Started process (PID=1791) to work on /home/airflow/.local/lib/python3.8/site-packages/airflow/example_dags/example_sla_dag.py
[2025-01-29T23:48:26.533+0000] {processor.py:830} INFO - Processing file /home/airflow/.local/lib/python3.8/site-packages/airflow/example_dags/example_sla_dag.py for tasks to queue
[2025-01-29T23:48:26.538+0000] {logging_mixin.py:188} INFO - [2025-01-29T23:48:26.537+0000] {dagbag.py:538} INFO - Filling up the DagBag from /home/airflow/.local/lib/python3.8/site-packages/airflow/example_dags/example_sla_dag.py
[2025-01-29T23:48:26.574+0000] {processor.py:840} INFO - DAG(s) 'example_sla_dag' retrieved from /home/airflow/.local/lib/python3.8/site-packages/airflow/example_dags/example_sla_dag.py
[2025-01-29T23:48:26.663+0000] {logging_mixin.py:188} INFO - [2025-01-29T23:48:26.662+0000] {dag.py:3036} INFO - Sync 1 DAGs
[2025-01-29T23:48:26.841+0000] {logging_mixin.py:188} INFO - [2025-01-29T23:48:26.841+0000] {dag.py:3823} INFO - Setting next_dagrun for example_sla_dag to 2025-01-29 23:46:00+00:00, run_after=2025-01-29 23:48:00+00:00
[2025-01-29T23:48:26.935+0000] {processor.py:183} INFO - Processing /home/airflow/.local/lib/python3.8/site-packages/airflow/example_dags/example_sla_dag.py took 0.418 seconds
[2025-01-29T23:48:57.227+0000] {processor.py:161} INFO - Started process (PID=1847) to work on /home/airflow/.local/lib/python3.8/site-packages/airflow/example_dags/example_sla_dag.py
[2025-01-29T23:48:57.230+0000] {processor.py:830} INFO - Processing file /home/airflow/.local/lib/python3.8/site-packages/airflow/example_dags/example_sla_dag.py for tasks to queue
[2025-01-29T23:48:57.241+0000] {logging_mixin.py:188} INFO - [2025-01-29T23:48:57.236+0000] {dagbag.py:538} INFO - Filling up the DagBag from /home/airflow/.local/lib/python3.8/site-packages/airflow/example_dags/example_sla_dag.py
[2025-01-29T23:48:57.296+0000] {processor.py:840} INFO - DAG(s) 'example_sla_dag' retrieved from /home/airflow/.local/lib/python3.8/site-packages/airflow/example_dags/example_sla_dag.py
[2025-01-29T23:48:57.340+0000] {logging_mixin.py:188} INFO - [2025-01-29T23:48:57.339+0000] {dag.py:3036} INFO - Sync 1 DAGs
[2025-01-29T23:48:57.411+0000] {logging_mixin.py:188} INFO - [2025-01-29T23:48:57.410+0000] {dag.py:3823} INFO - Setting next_dagrun for example_sla_dag to 2025-01-29 23:46:00+00:00, run_after=2025-01-29 23:48:00+00:00
[2025-01-29T23:48:57.464+0000] {processor.py:183} INFO - Processing /home/airflow/.local/lib/python3.8/site-packages/airflow/example_dags/example_sla_dag.py took 0.249 seconds
[2025-01-29T23:49:28.195+0000] {processor.py:161} INFO - Started process (PID=1903) to work on /home/airflow/.local/lib/python3.8/site-packages/airflow/example_dags/example_sla_dag.py
[2025-01-29T23:49:28.197+0000] {processor.py:830} INFO - Processing file /home/airflow/.local/lib/python3.8/site-packages/airflow/example_dags/example_sla_dag.py for tasks to queue
[2025-01-29T23:49:28.200+0000] {logging_mixin.py:188} INFO - [2025-01-29T23:49:28.199+0000] {dagbag.py:538} INFO - Filling up the DagBag from /home/airflow/.local/lib/python3.8/site-packages/airflow/example_dags/example_sla_dag.py
[2025-01-29T23:49:28.217+0000] {processor.py:840} INFO - DAG(s) 'example_sla_dag' retrieved from /home/airflow/.local/lib/python3.8/site-packages/airflow/example_dags/example_sla_dag.py
[2025-01-29T23:49:28.255+0000] {logging_mixin.py:188} INFO - [2025-01-29T23:49:28.255+0000] {dag.py:3036} INFO - Sync 1 DAGs
[2025-01-29T23:49:28.300+0000] {logging_mixin.py:188} INFO - [2025-01-29T23:49:28.300+0000] {dag.py:3823} INFO - Setting next_dagrun for example_sla_dag to 2025-01-29 23:46:00+00:00, run_after=2025-01-29 23:48:00+00:00
[2025-01-29T23:49:28.331+0000] {processor.py:183} INFO - Processing /home/airflow/.local/lib/python3.8/site-packages/airflow/example_dags/example_sla_dag.py took 0.143 seconds
[2025-01-29T23:49:58.644+0000] {processor.py:161} INFO - Started process (PID=1959) to work on /home/airflow/.local/lib/python3.8/site-packages/airflow/example_dags/example_sla_dag.py
[2025-01-29T23:49:58.647+0000] {processor.py:830} INFO - Processing file /home/airflow/.local/lib/python3.8/site-packages/airflow/example_dags/example_sla_dag.py for tasks to queue
[2025-01-29T23:49:58.658+0000] {logging_mixin.py:188} INFO - [2025-01-29T23:49:58.658+0000] {dagbag.py:538} INFO - Filling up the DagBag from /home/airflow/.local/lib/python3.8/site-packages/airflow/example_dags/example_sla_dag.py
[2025-01-29T23:49:58.712+0000] {processor.py:840} INFO - DAG(s) 'example_sla_dag' retrieved from /home/airflow/.local/lib/python3.8/site-packages/airflow/example_dags/example_sla_dag.py
[2025-01-29T23:49:58.814+0000] {logging_mixin.py:188} INFO - [2025-01-29T23:49:58.805+0000] {dag.py:3036} INFO - Sync 1 DAGs
[2025-01-29T23:49:59.020+0000] {logging_mixin.py:188} INFO - [2025-01-29T23:49:59.019+0000] {dag.py:3823} INFO - Setting next_dagrun for example_sla_dag to 2025-01-29 23:46:00+00:00, run_after=2025-01-29 23:48:00+00:00
[2025-01-29T23:49:59.138+0000] {processor.py:183} INFO - Processing /home/airflow/.local/lib/python3.8/site-packages/airflow/example_dags/example_sla_dag.py took 0.513 seconds
[2025-01-29T23:50:29.626+0000] {processor.py:161} INFO - Started process (PID=2011) to work on /home/airflow/.local/lib/python3.8/site-packages/airflow/example_dags/example_sla_dag.py
[2025-01-29T23:50:29.630+0000] {processor.py:830} INFO - Processing file /home/airflow/.local/lib/python3.8/site-packages/airflow/example_dags/example_sla_dag.py for tasks to queue
[2025-01-29T23:50:29.633+0000] {logging_mixin.py:188} INFO - [2025-01-29T23:50:29.632+0000] {dagbag.py:538} INFO - Filling up the DagBag from /home/airflow/.local/lib/python3.8/site-packages/airflow/example_dags/example_sla_dag.py
[2025-01-29T23:50:29.669+0000] {processor.py:840} INFO - DAG(s) 'example_sla_dag' retrieved from /home/airflow/.local/lib/python3.8/site-packages/airflow/example_dags/example_sla_dag.py
[2025-01-29T23:50:29.744+0000] {logging_mixin.py:188} INFO - [2025-01-29T23:50:29.743+0000] {dag.py:3036} INFO - Sync 1 DAGs
[2025-01-29T23:50:29.857+0000] {logging_mixin.py:188} INFO - [2025-01-29T23:50:29.857+0000] {dag.py:3823} INFO - Setting next_dagrun for example_sla_dag to 2025-01-29 23:48:00+00:00, run_after=2025-01-29 23:50:00+00:00
[2025-01-29T23:50:29.960+0000] {processor.py:183} INFO - Processing /home/airflow/.local/lib/python3.8/site-packages/airflow/example_dags/example_sla_dag.py took 0.351 seconds
[2025-01-29T23:51:00.391+0000] {processor.py:161} INFO - Started process (PID=2066) to work on /home/airflow/.local/lib/python3.8/site-packages/airflow/example_dags/example_sla_dag.py
[2025-01-29T23:51:00.393+0000] {processor.py:830} INFO - Processing file /home/airflow/.local/lib/python3.8/site-packages/airflow/example_dags/example_sla_dag.py for tasks to queue
[2025-01-29T23:51:00.395+0000] {logging_mixin.py:188} INFO - [2025-01-29T23:51:00.394+0000] {dagbag.py:538} INFO - Filling up the DagBag from /home/airflow/.local/lib/python3.8/site-packages/airflow/example_dags/example_sla_dag.py
[2025-01-29T23:51:00.417+0000] {processor.py:840} INFO - DAG(s) 'example_sla_dag' retrieved from /home/airflow/.local/lib/python3.8/site-packages/airflow/example_dags/example_sla_dag.py
[2025-01-29T23:51:00.467+0000] {logging_mixin.py:188} INFO - [2025-01-29T23:51:00.467+0000] {dag.py:3036} INFO - Sync 1 DAGs
[2025-01-29T23:51:00.536+0000] {logging_mixin.py:188} INFO - [2025-01-29T23:51:00.535+0000] {dag.py:3823} INFO - Setting next_dagrun for example_sla_dag to 2025-01-29 23:48:00+00:00, run_after=2025-01-29 23:50:00+00:00
[2025-01-29T23:51:00.594+0000] {processor.py:183} INFO - Processing /home/airflow/.local/lib/python3.8/site-packages/airflow/example_dags/example_sla_dag.py took 0.214 seconds
[2025-01-29T23:51:31.450+0000] {processor.py:161} INFO - Started process (PID=2120) to work on /home/airflow/.local/lib/python3.8/site-packages/airflow/example_dags/example_sla_dag.py
[2025-01-29T23:51:31.454+0000] {processor.py:830} INFO - Processing file /home/airflow/.local/lib/python3.8/site-packages/airflow/example_dags/example_sla_dag.py for tasks to queue
[2025-01-29T23:51:31.472+0000] {logging_mixin.py:188} INFO - [2025-01-29T23:51:31.471+0000] {dagbag.py:538} INFO - Filling up the DagBag from /home/airflow/.local/lib/python3.8/site-packages/airflow/example_dags/example_sla_dag.py
[2025-01-29T23:51:31.511+0000] {processor.py:840} INFO - DAG(s) 'example_sla_dag' retrieved from /home/airflow/.local/lib/python3.8/site-packages/airflow/example_dags/example_sla_dag.py
[2025-01-29T23:51:31.582+0000] {logging_mixin.py:188} INFO - [2025-01-29T23:51:31.581+0000] {dag.py:3036} INFO - Sync 1 DAGs
[2025-01-29T23:51:31.743+0000] {logging_mixin.py:188} INFO - [2025-01-29T23:51:31.743+0000] {dag.py:3823} INFO - Setting next_dagrun for example_sla_dag to 2025-01-29 23:48:00+00:00, run_after=2025-01-29 23:50:00+00:00
[2025-01-29T23:51:31.861+0000] {processor.py:183} INFO - Processing /home/airflow/.local/lib/python3.8/site-packages/airflow/example_dags/example_sla_dag.py took 0.423 seconds
[2025-01-29T23:52:02.339+0000] {processor.py:161} INFO - Started process (PID=2176) to work on /home/airflow/.local/lib/python3.8/site-packages/airflow/example_dags/example_sla_dag.py
[2025-01-29T23:52:02.341+0000] {processor.py:830} INFO - Processing file /home/airflow/.local/lib/python3.8/site-packages/airflow/example_dags/example_sla_dag.py for tasks to queue
[2025-01-29T23:52:02.342+0000] {logging_mixin.py:188} INFO - [2025-01-29T23:52:02.342+0000] {dagbag.py:538} INFO - Filling up the DagBag from /home/airflow/.local/lib/python3.8/site-packages/airflow/example_dags/example_sla_dag.py
[2025-01-29T23:52:02.354+0000] {processor.py:840} INFO - DAG(s) 'example_sla_dag' retrieved from /home/airflow/.local/lib/python3.8/site-packages/airflow/example_dags/example_sla_dag.py
[2025-01-29T23:52:02.390+0000] {logging_mixin.py:188} INFO - [2025-01-29T23:52:02.389+0000] {dag.py:3036} INFO - Sync 1 DAGs
[2025-01-29T23:52:02.453+0000] {logging_mixin.py:188} INFO - [2025-01-29T23:52:02.452+0000] {dag.py:3823} INFO - Setting next_dagrun for example_sla_dag to 2025-01-29 23:50:00+00:00, run_after=2025-01-29 23:52:00+00:00
[2025-01-29T23:52:02.553+0000] {processor.py:183} INFO - Processing /home/airflow/.local/lib/python3.8/site-packages/airflow/example_dags/example_sla_dag.py took 0.220 seconds
[2025-01-29T23:52:32.919+0000] {processor.py:161} INFO - Started process (PID=2232) to work on /home/airflow/.local/lib/python3.8/site-packages/airflow/example_dags/example_sla_dag.py
[2025-01-29T23:52:32.921+0000] {processor.py:830} INFO - Processing file /home/airflow/.local/lib/python3.8/site-packages/airflow/example_dags/example_sla_dag.py for tasks to queue
[2025-01-29T23:52:32.922+0000] {logging_mixin.py:188} INFO - [2025-01-29T23:52:32.922+0000] {dagbag.py:538} INFO - Filling up the DagBag from /home/airflow/.local/lib/python3.8/site-packages/airflow/example_dags/example_sla_dag.py
[2025-01-29T23:52:32.937+0000] {processor.py:840} INFO - DAG(s) 'example_sla_dag' retrieved from /home/airflow/.local/lib/python3.8/site-packages/airflow/example_dags/example_sla_dag.py
[2025-01-29T23:52:32.968+0000] {logging_mixin.py:188} INFO - [2025-01-29T23:52:32.968+0000] {dag.py:3036} INFO - Sync 1 DAGs
[2025-01-29T23:52:33.016+0000] {logging_mixin.py:188} INFO - [2025-01-29T23:52:33.016+0000] {dag.py:3823} INFO - Setting next_dagrun for example_sla_dag to 2025-01-29 23:50:00+00:00, run_after=2025-01-29 23:52:00+00:00
[2025-01-29T23:52:33.050+0000] {processor.py:183} INFO - Processing /home/airflow/.local/lib/python3.8/site-packages/airflow/example_dags/example_sla_dag.py took 0.135 seconds
[2025-01-29T23:53:03.235+0000] {processor.py:161} INFO - Started process (PID=2288) to work on /home/airflow/.local/lib/python3.8/site-packages/airflow/example_dags/example_sla_dag.py
[2025-01-29T23:53:03.238+0000] {processor.py:830} INFO - Processing file /home/airflow/.local/lib/python3.8/site-packages/airflow/example_dags/example_sla_dag.py for tasks to queue
[2025-01-29T23:53:03.242+0000] {logging_mixin.py:188} INFO - [2025-01-29T23:53:03.241+0000] {dagbag.py:538} INFO - Filling up the DagBag from /home/airflow/.local/lib/python3.8/site-packages/airflow/example_dags/example_sla_dag.py
[2025-01-29T23:53:03.262+0000] {processor.py:840} INFO - DAG(s) 'example_sla_dag' retrieved from /home/airflow/.local/lib/python3.8/site-packages/airflow/example_dags/example_sla_dag.py
[2025-01-29T23:53:03.315+0000] {logging_mixin.py:188} INFO - [2025-01-29T23:53:03.314+0000] {dag.py:3036} INFO - Sync 1 DAGs
[2025-01-29T23:53:03.400+0000] {logging_mixin.py:188} INFO - [2025-01-29T23:53:03.399+0000] {dag.py:3823} INFO - Setting next_dagrun for example_sla_dag to 2025-01-29 23:50:00+00:00, run_after=2025-01-29 23:52:00+00:00
[2025-01-29T23:53:03.463+0000] {processor.py:183} INFO - Processing /home/airflow/.local/lib/python3.8/site-packages/airflow/example_dags/example_sla_dag.py took 0.233 seconds
[2025-01-29T23:53:33.711+0000] {processor.py:161} INFO - Started process (PID=2343) to work on /home/airflow/.local/lib/python3.8/site-packages/airflow/example_dags/example_sla_dag.py
[2025-01-29T23:53:33.719+0000] {processor.py:830} INFO - Processing file /home/airflow/.local/lib/python3.8/site-packages/airflow/example_dags/example_sla_dag.py for tasks to queue
[2025-01-29T23:53:33.722+0000] {logging_mixin.py:188} INFO - [2025-01-29T23:53:33.720+0000] {dagbag.py:538} INFO - Filling up the DagBag from /home/airflow/.local/lib/python3.8/site-packages/airflow/example_dags/example_sla_dag.py
[2025-01-29T23:53:33.759+0000] {processor.py:840} INFO - DAG(s) 'example_sla_dag' retrieved from /home/airflow/.local/lib/python3.8/site-packages/airflow/example_dags/example_sla_dag.py
[2025-01-29T23:53:33.930+0000] {logging_mixin.py:188} INFO - [2025-01-29T23:53:33.929+0000] {dag.py:3036} INFO - Sync 1 DAGs
[2025-01-29T23:53:34.300+0000] {logging_mixin.py:188} INFO - [2025-01-29T23:53:34.298+0000] {dag.py:3823} INFO - Setting next_dagrun for example_sla_dag to 2025-01-29 23:50:00+00:00, run_after=2025-01-29 23:52:00+00:00
[2025-01-29T23:53:34.459+0000] {processor.py:183} INFO - Processing /home/airflow/.local/lib/python3.8/site-packages/airflow/example_dags/example_sla_dag.py took 0.758 seconds
[2025-01-29T23:54:04.918+0000] {processor.py:161} INFO - Started process (PID=2399) to work on /home/airflow/.local/lib/python3.8/site-packages/airflow/example_dags/example_sla_dag.py
[2025-01-29T23:54:04.944+0000] {processor.py:830} INFO - Processing file /home/airflow/.local/lib/python3.8/site-packages/airflow/example_dags/example_sla_dag.py for tasks to queue
[2025-01-29T23:54:04.948+0000] {logging_mixin.py:188} INFO - [2025-01-29T23:54:04.947+0000] {dagbag.py:538} INFO - Filling up the DagBag from /home/airflow/.local/lib/python3.8/site-packages/airflow/example_dags/example_sla_dag.py
[2025-01-29T23:54:05.004+0000] {processor.py:840} INFO - DAG(s) 'example_sla_dag' retrieved from /home/airflow/.local/lib/python3.8/site-packages/airflow/example_dags/example_sla_dag.py
[2025-01-29T23:54:05.156+0000] {logging_mixin.py:188} INFO - [2025-01-29T23:54:05.155+0000] {dag.py:3036} INFO - Sync 1 DAGs
[2025-01-29T23:54:05.301+0000] {logging_mixin.py:188} INFO - [2025-01-29T23:54:05.300+0000] {dag.py:3823} INFO - Setting next_dagrun for example_sla_dag to 2025-01-29 23:52:00+00:00, run_after=2025-01-29 23:54:00+00:00
[2025-01-29T23:54:05.399+0000] {processor.py:183} INFO - Processing /home/airflow/.local/lib/python3.8/site-packages/airflow/example_dags/example_sla_dag.py took 0.492 seconds
[2025-01-29T23:54:35.481+0000] {processor.py:161} INFO - Started process (PID=2454) to work on /home/airflow/.local/lib/python3.8/site-packages/airflow/example_dags/example_sla_dag.py
[2025-01-29T23:54:35.483+0000] {processor.py:830} INFO - Processing file /home/airflow/.local/lib/python3.8/site-packages/airflow/example_dags/example_sla_dag.py for tasks to queue
[2025-01-29T23:54:35.485+0000] {logging_mixin.py:188} INFO - [2025-01-29T23:54:35.484+0000] {dagbag.py:538} INFO - Filling up the DagBag from /home/airflow/.local/lib/python3.8/site-packages/airflow/example_dags/example_sla_dag.py
[2025-01-29T23:54:35.501+0000] {processor.py:840} INFO - DAG(s) 'example_sla_dag' retrieved from /home/airflow/.local/lib/python3.8/site-packages/airflow/example_dags/example_sla_dag.py
[2025-01-29T23:54:35.532+0000] {logging_mixin.py:188} INFO - [2025-01-29T23:54:35.532+0000] {dag.py:3036} INFO - Sync 1 DAGs
[2025-01-29T23:54:35.586+0000] {logging_mixin.py:188} INFO - [2025-01-29T23:54:35.585+0000] {dag.py:3823} INFO - Setting next_dagrun for example_sla_dag to 2025-01-29 23:52:00+00:00, run_after=2025-01-29 23:54:00+00:00
[2025-01-29T23:54:35.623+0000] {processor.py:183} INFO - Processing /home/airflow/.local/lib/python3.8/site-packages/airflow/example_dags/example_sla_dag.py took 0.147 seconds
[2025-01-29T23:55:06.284+0000] {processor.py:161} INFO - Started process (PID=2511) to work on /home/airflow/.local/lib/python3.8/site-packages/airflow/example_dags/example_sla_dag.py
[2025-01-29T23:55:06.286+0000] {processor.py:830} INFO - Processing file /home/airflow/.local/lib/python3.8/site-packages/airflow/example_dags/example_sla_dag.py for tasks to queue
[2025-01-29T23:55:06.288+0000] {logging_mixin.py:188} INFO - [2025-01-29T23:55:06.287+0000] {dagbag.py:538} INFO - Filling up the DagBag from /home/airflow/.local/lib/python3.8/site-packages/airflow/example_dags/example_sla_dag.py
[2025-01-29T23:55:06.316+0000] {processor.py:840} INFO - DAG(s) 'example_sla_dag' retrieved from /home/airflow/.local/lib/python3.8/site-packages/airflow/example_dags/example_sla_dag.py
[2025-01-29T23:55:06.349+0000] {logging_mixin.py:188} INFO - [2025-01-29T23:55:06.348+0000] {dag.py:3036} INFO - Sync 1 DAGs
[2025-01-29T23:55:06.399+0000] {logging_mixin.py:188} INFO - [2025-01-29T23:55:06.399+0000] {dag.py:3823} INFO - Setting next_dagrun for example_sla_dag to 2025-01-29 23:52:00+00:00, run_after=2025-01-29 23:54:00+00:00
[2025-01-29T23:55:06.430+0000] {processor.py:183} INFO - Processing /home/airflow/.local/lib/python3.8/site-packages/airflow/example_dags/example_sla_dag.py took 0.150 seconds
[2025-01-29T23:55:37.192+0000] {processor.py:161} INFO - Started process (PID=2566) to work on /home/airflow/.local/lib/python3.8/site-packages/airflow/example_dags/example_sla_dag.py
[2025-01-29T23:55:37.196+0000] {processor.py:830} INFO - Processing file /home/airflow/.local/lib/python3.8/site-packages/airflow/example_dags/example_sla_dag.py for tasks to queue
[2025-01-29T23:55:37.209+0000] {logging_mixin.py:188} INFO - [2025-01-29T23:55:37.200+0000] {dagbag.py:538} INFO - Filling up the DagBag from /home/airflow/.local/lib/python3.8/site-packages/airflow/example_dags/example_sla_dag.py
[2025-01-29T23:55:37.252+0000] {processor.py:840} INFO - DAG(s) 'example_sla_dag' retrieved from /home/airflow/.local/lib/python3.8/site-packages/airflow/example_dags/example_sla_dag.py
[2025-01-29T23:55:37.387+0000] {logging_mixin.py:188} INFO - [2025-01-29T23:55:37.386+0000] {dag.py:3036} INFO - Sync 1 DAGs
[2025-01-29T23:55:37.905+0000] {logging_mixin.py:188} INFO - [2025-01-29T23:55:37.902+0000] {dag.py:3823} INFO - Setting next_dagrun for example_sla_dag to 2025-01-29 23:52:00+00:00, run_after=2025-01-29 23:54:00+00:00
[2025-01-29T23:55:38.056+0000] {processor.py:183} INFO - Processing /home/airflow/.local/lib/python3.8/site-packages/airflow/example_dags/example_sla_dag.py took 0.884 seconds
[2025-01-29T23:56:09.790+0000] {processor.py:161} INFO - Started process (PID=2622) to work on /home/airflow/.local/lib/python3.8/site-packages/airflow/example_dags/example_sla_dag.py
[2025-01-29T23:56:09.792+0000] {processor.py:830} INFO - Processing file /home/airflow/.local/lib/python3.8/site-packages/airflow/example_dags/example_sla_dag.py for tasks to queue
[2025-01-29T23:56:09.797+0000] {logging_mixin.py:188} INFO - [2025-01-29T23:56:09.796+0000] {dagbag.py:538} INFO - Filling up the DagBag from /home/airflow/.local/lib/python3.8/site-packages/airflow/example_dags/example_sla_dag.py
[2025-01-29T23:56:09.821+0000] {processor.py:840} INFO - DAG(s) 'example_sla_dag' retrieved from /home/airflow/.local/lib/python3.8/site-packages/airflow/example_dags/example_sla_dag.py
[2025-01-29T23:56:09.883+0000] {logging_mixin.py:188} INFO - [2025-01-29T23:56:09.880+0000] {dag.py:3036} INFO - Sync 1 DAGs
[2025-01-29T23:56:09.973+0000] {logging_mixin.py:188} INFO - [2025-01-29T23:56:09.972+0000] {dag.py:3823} INFO - Setting next_dagrun for example_sla_dag to 2025-01-29 23:54:00+00:00, run_after=2025-01-29 23:56:00+00:00
[2025-01-29T23:56:10.314+0000] {processor.py:183} INFO - Processing /home/airflow/.local/lib/python3.8/site-packages/airflow/example_dags/example_sla_dag.py took 0.532 seconds
[2025-01-29T23:56:40.488+0000] {processor.py:161} INFO - Started process (PID=2678) to work on /home/airflow/.local/lib/python3.8/site-packages/airflow/example_dags/example_sla_dag.py
[2025-01-29T23:56:40.491+0000] {processor.py:830} INFO - Processing file /home/airflow/.local/lib/python3.8/site-packages/airflow/example_dags/example_sla_dag.py for tasks to queue
[2025-01-29T23:56:40.493+0000] {logging_mixin.py:188} INFO - [2025-01-29T23:56:40.493+0000] {dagbag.py:538} INFO - Filling up the DagBag from /home/airflow/.local/lib/python3.8/site-packages/airflow/example_dags/example_sla_dag.py
[2025-01-29T23:56:40.526+0000] {processor.py:840} INFO - DAG(s) 'example_sla_dag' retrieved from /home/airflow/.local/lib/python3.8/site-packages/airflow/example_dags/example_sla_dag.py
[2025-01-29T23:56:40.589+0000] {logging_mixin.py:188} INFO - [2025-01-29T23:56:40.588+0000] {dag.py:3036} INFO - Sync 1 DAGs
[2025-01-29T23:56:40.719+0000] {logging_mixin.py:188} INFO - [2025-01-29T23:56:40.718+0000] {dag.py:3823} INFO - Setting next_dagrun for example_sla_dag to 2025-01-29 23:54:00+00:00, run_after=2025-01-29 23:56:00+00:00
[2025-01-29T23:56:40.826+0000] {processor.py:183} INFO - Processing /home/airflow/.local/lib/python3.8/site-packages/airflow/example_dags/example_sla_dag.py took 0.346 seconds
[2025-01-29T23:57:13.823+0000] {processor.py:161} INFO - Started process (PID=2735) to work on /home/airflow/.local/lib/python3.8/site-packages/airflow/example_dags/example_sla_dag.py
[2025-01-29T23:57:13.833+0000] {processor.py:830} INFO - Processing file /home/airflow/.local/lib/python3.8/site-packages/airflow/example_dags/example_sla_dag.py for tasks to queue
[2025-01-29T23:57:13.837+0000] {logging_mixin.py:188} INFO - [2025-01-29T23:57:13.836+0000] {dagbag.py:538} INFO - Filling up the DagBag from /home/airflow/.local/lib/python3.8/site-packages/airflow/example_dags/example_sla_dag.py
[2025-01-29T23:57:13.876+0000] {processor.py:840} INFO - DAG(s) 'example_sla_dag' retrieved from /home/airflow/.local/lib/python3.8/site-packages/airflow/example_dags/example_sla_dag.py
[2025-01-29T23:57:13.962+0000] {logging_mixin.py:188} INFO - [2025-01-29T23:57:13.961+0000] {dag.py:3036} INFO - Sync 1 DAGs
[2025-01-29T23:57:14.089+0000] {logging_mixin.py:188} INFO - [2025-01-29T23:57:14.089+0000] {dag.py:3823} INFO - Setting next_dagrun for example_sla_dag to 2025-01-29 23:54:00+00:00, run_after=2025-01-29 23:56:00+00:00
[2025-01-29T23:57:14.187+0000] {processor.py:183} INFO - Processing /home/airflow/.local/lib/python3.8/site-packages/airflow/example_dags/example_sla_dag.py took 0.383 seconds
[2025-01-29T23:57:44.350+0000] {processor.py:161} INFO - Started process (PID=2788) to work on /home/airflow/.local/lib/python3.8/site-packages/airflow/example_dags/example_sla_dag.py
[2025-01-29T23:57:44.363+0000] {processor.py:830} INFO - Processing file /home/airflow/.local/lib/python3.8/site-packages/airflow/example_dags/example_sla_dag.py for tasks to queue
[2025-01-29T23:57:44.366+0000] {logging_mixin.py:188} INFO - [2025-01-29T23:57:44.365+0000] {dagbag.py:538} INFO - Filling up the DagBag from /home/airflow/.local/lib/python3.8/site-packages/airflow/example_dags/example_sla_dag.py
[2025-01-29T23:57:44.405+0000] {processor.py:840} INFO - DAG(s) 'example_sla_dag' retrieved from /home/airflow/.local/lib/python3.8/site-packages/airflow/example_dags/example_sla_dag.py
[2025-01-29T23:57:44.480+0000] {logging_mixin.py:188} INFO - [2025-01-29T23:57:44.479+0000] {dag.py:3036} INFO - Sync 1 DAGs
[2025-01-29T23:57:44.598+0000] {logging_mixin.py:188} INFO - [2025-01-29T23:57:44.598+0000] {dag.py:3823} INFO - Setting next_dagrun for example_sla_dag to 2025-01-29 23:54:00+00:00, run_after=2025-01-29 23:56:00+00:00
[2025-01-29T23:57:44.715+0000] {processor.py:183} INFO - Processing /home/airflow/.local/lib/python3.8/site-packages/airflow/example_dags/example_sla_dag.py took 0.371 seconds
[2025-01-29T23:58:17.130+0000] {processor.py:161} INFO - Started process (PID=2844) to work on /home/airflow/.local/lib/python3.8/site-packages/airflow/example_dags/example_sla_dag.py
[2025-01-29T23:58:17.146+0000] {processor.py:830} INFO - Processing file /home/airflow/.local/lib/python3.8/site-packages/airflow/example_dags/example_sla_dag.py for tasks to queue
[2025-01-29T23:58:17.212+0000] {logging_mixin.py:188} INFO - [2025-01-29T23:58:17.210+0000] {dagbag.py:538} INFO - Filling up the DagBag from /home/airflow/.local/lib/python3.8/site-packages/airflow/example_dags/example_sla_dag.py
[2025-01-29T23:58:17.393+0000] {processor.py:840} INFO - DAG(s) 'example_sla_dag' retrieved from /home/airflow/.local/lib/python3.8/site-packages/airflow/example_dags/example_sla_dag.py
[2025-01-29T23:58:17.837+0000] {logging_mixin.py:188} INFO - [2025-01-29T23:58:17.798+0000] {dag.py:3036} INFO - Sync 1 DAGs
[2025-01-29T23:58:18.172+0000] {logging_mixin.py:188} INFO - [2025-01-29T23:58:18.160+0000] {dag.py:3823} INFO - Setting next_dagrun for example_sla_dag to 2025-01-29 23:56:00+00:00, run_after=2025-01-29 23:58:00+00:00
[2025-01-29T23:58:18.360+0000] {processor.py:183} INFO - Processing /home/airflow/.local/lib/python3.8/site-packages/airflow/example_dags/example_sla_dag.py took 1.246 seconds
[2025-01-29T23:58:50.594+0000] {processor.py:161} INFO - Started process (PID=2899) to work on /home/airflow/.local/lib/python3.8/site-packages/airflow/example_dags/example_sla_dag.py
[2025-01-29T23:58:50.608+0000] {processor.py:830} INFO - Processing file /home/airflow/.local/lib/python3.8/site-packages/airflow/example_dags/example_sla_dag.py for tasks to queue
[2025-01-29T23:58:50.624+0000] {logging_mixin.py:188} INFO - [2025-01-29T23:58:50.623+0000] {dagbag.py:538} INFO - Filling up the DagBag from /home/airflow/.local/lib/python3.8/site-packages/airflow/example_dags/example_sla_dag.py
[2025-01-29T23:58:50.702+0000] {processor.py:840} INFO - DAG(s) 'example_sla_dag' retrieved from /home/airflow/.local/lib/python3.8/site-packages/airflow/example_dags/example_sla_dag.py
[2025-01-29T23:58:50.864+0000] {logging_mixin.py:188} INFO - [2025-01-29T23:58:50.863+0000] {dag.py:3036} INFO - Sync 1 DAGs
[2025-01-29T23:58:51.132+0000] {logging_mixin.py:188} INFO - [2025-01-29T23:58:51.122+0000] {dag.py:3823} INFO - Setting next_dagrun for example_sla_dag to 2025-01-29 23:56:00+00:00, run_after=2025-01-29 23:58:00+00:00
[2025-01-29T23:58:51.325+0000] {processor.py:183} INFO - Processing /home/airflow/.local/lib/python3.8/site-packages/airflow/example_dags/example_sla_dag.py took 0.754 seconds
[2025-01-29T23:59:21.806+0000] {processor.py:161} INFO - Started process (PID=2954) to work on /home/airflow/.local/lib/python3.8/site-packages/airflow/example_dags/example_sla_dag.py
[2025-01-29T23:59:21.816+0000] {processor.py:830} INFO - Processing file /home/airflow/.local/lib/python3.8/site-packages/airflow/example_dags/example_sla_dag.py for tasks to queue
[2025-01-29T23:59:21.818+0000] {logging_mixin.py:188} INFO - [2025-01-29T23:59:21.818+0000] {dagbag.py:538} INFO - Filling up the DagBag from /home/airflow/.local/lib/python3.8/site-packages/airflow/example_dags/example_sla_dag.py
[2025-01-29T23:59:21.857+0000] {processor.py:840} INFO - DAG(s) 'example_sla_dag' retrieved from /home/airflow/.local/lib/python3.8/site-packages/airflow/example_dags/example_sla_dag.py
[2025-01-29T23:59:21.968+0000] {logging_mixin.py:188} INFO - [2025-01-29T23:59:21.967+0000] {dag.py:3036} INFO - Sync 1 DAGs
[2025-01-29T23:59:22.097+0000] {logging_mixin.py:188} INFO - [2025-01-29T23:59:22.096+0000] {dag.py:3823} INFO - Setting next_dagrun for example_sla_dag to 2025-01-29 23:56:00+00:00, run_after=2025-01-29 23:58:00+00:00
[2025-01-29T23:59:22.209+0000] {processor.py:183} INFO - Processing /home/airflow/.local/lib/python3.8/site-packages/airflow/example_dags/example_sla_dag.py took 0.440 seconds
[2025-01-29T23:59:52.870+0000] {processor.py:161} INFO - Started process (PID=3009) to work on /home/airflow/.local/lib/python3.8/site-packages/airflow/example_dags/example_sla_dag.py
[2025-01-29T23:59:52.871+0000] {processor.py:830} INFO - Processing file /home/airflow/.local/lib/python3.8/site-packages/airflow/example_dags/example_sla_dag.py for tasks to queue
[2025-01-29T23:59:52.873+0000] {logging_mixin.py:188} INFO - [2025-01-29T23:59:52.873+0000] {dagbag.py:538} INFO - Filling up the DagBag from /home/airflow/.local/lib/python3.8/site-packages/airflow/example_dags/example_sla_dag.py
[2025-01-29T23:59:52.895+0000] {processor.py:840} INFO - DAG(s) 'example_sla_dag' retrieved from /home/airflow/.local/lib/python3.8/site-packages/airflow/example_dags/example_sla_dag.py
[2025-01-29T23:59:52.928+0000] {logging_mixin.py:188} INFO - [2025-01-29T23:59:52.928+0000] {dag.py:3036} INFO - Sync 1 DAGs
[2025-01-29T23:59:52.976+0000] {logging_mixin.py:188} INFO - [2025-01-29T23:59:52.975+0000] {dag.py:3823} INFO - Setting next_dagrun for example_sla_dag to 2025-01-29 23:56:00+00:00, run_after=2025-01-29 23:58:00+00:00
[2025-01-29T23:59:53.010+0000] {processor.py:183} INFO - Processing /home/airflow/.local/lib/python3.8/site-packages/airflow/example_dags/example_sla_dag.py took 0.144 seconds
