[2025-01-29T23:31:26.555+0000] {processor.py:161} INFO - Started process (PID=74) to work on /home/airflow/.local/lib/python3.8/site-packages/airflow/example_dags/example_sensor_decorator.py
[2025-01-29T23:31:26.558+0000] {processor.py:830} INFO - Processing file /home/airflow/.local/lib/python3.8/site-packages/airflow/example_dags/example_sensor_decorator.py for tasks to queue
[2025-01-29T23:31:26.568+0000] {logging_mixin.py:188} INFO - [2025-01-29T23:31:26.567+0000] {dagbag.py:538} INFO - Filling up the DagBag from /home/airflow/.local/lib/python3.8/site-packages/airflow/example_dags/example_sensor_decorator.py
[2025-01-29T23:31:26.621+0000] {processor.py:840} INFO - DAG(s) 'example_sensor_decorator' retrieved from /home/airflow/.local/lib/python3.8/site-packages/airflow/example_dags/example_sensor_decorator.py
[2025-01-29T23:31:26.718+0000] {logging_mixin.py:188} INFO - [2025-01-29T23:31:26.718+0000] {dag.py:3036} INFO - Sync 1 DAGs
[2025-01-29T23:31:26.772+0000] {logging_mixin.py:188} INFO - [2025-01-29T23:31:26.770+0000] {dag.py:3823} INFO - Setting next_dagrun for example_sensor_decorator to None, run_after=None
[2025-01-29T23:31:26.862+0000] {processor.py:183} INFO - Processing /home/airflow/.local/lib/python3.8/site-packages/airflow/example_dags/example_sensor_decorator.py took 0.327 seconds
[2025-01-29T23:31:57.453+0000] {processor.py:161} INFO - Started process (PID=131) to work on /home/airflow/.local/lib/python3.8/site-packages/airflow/example_dags/example_sensor_decorator.py
[2025-01-29T23:31:57.465+0000] {processor.py:830} INFO - Processing file /home/airflow/.local/lib/python3.8/site-packages/airflow/example_dags/example_sensor_decorator.py for tasks to queue
[2025-01-29T23:31:57.472+0000] {logging_mixin.py:188} INFO - [2025-01-29T23:31:57.471+0000] {dagbag.py:538} INFO - Filling up the DagBag from /home/airflow/.local/lib/python3.8/site-packages/airflow/example_dags/example_sensor_decorator.py
[2025-01-29T23:31:57.499+0000] {processor.py:840} INFO - DAG(s) 'example_sensor_decorator' retrieved from /home/airflow/.local/lib/python3.8/site-packages/airflow/example_dags/example_sensor_decorator.py
[2025-01-29T23:31:57.583+0000] {logging_mixin.py:188} INFO - [2025-01-29T23:31:57.582+0000] {dag.py:3036} INFO - Sync 1 DAGs
[2025-01-29T23:31:57.667+0000] {logging_mixin.py:188} INFO - [2025-01-29T23:31:57.666+0000] {dag.py:3823} INFO - Setting next_dagrun for example_sensor_decorator to None, run_after=None
[2025-01-29T23:31:57.744+0000] {processor.py:183} INFO - Processing /home/airflow/.local/lib/python3.8/site-packages/airflow/example_dags/example_sensor_decorator.py took 0.297 seconds
[2025-01-29T23:32:30.857+0000] {processor.py:161} INFO - Started process (PID=186) to work on /home/airflow/.local/lib/python3.8/site-packages/airflow/example_dags/example_sensor_decorator.py
[2025-01-29T23:32:31.047+0000] {processor.py:830} INFO - Processing file /home/airflow/.local/lib/python3.8/site-packages/airflow/example_dags/example_sensor_decorator.py for tasks to queue
[2025-01-29T23:32:31.181+0000] {logging_mixin.py:188} INFO - [2025-01-29T23:32:31.180+0000] {dagbag.py:538} INFO - Filling up the DagBag from /home/airflow/.local/lib/python3.8/site-packages/airflow/example_dags/example_sensor_decorator.py
[2025-01-29T23:32:33.347+0000] {processor.py:840} INFO - DAG(s) 'example_sensor_decorator' retrieved from /home/airflow/.local/lib/python3.8/site-packages/airflow/example_dags/example_sensor_decorator.py
[2025-01-29T23:32:33.533+0000] {logging_mixin.py:188} INFO - [2025-01-29T23:32:33.533+0000] {dag.py:3036} INFO - Sync 1 DAGs
[2025-01-29T23:32:33.669+0000] {logging_mixin.py:188} INFO - [2025-01-29T23:32:33.656+0000] {dag.py:3823} INFO - Setting next_dagrun for example_sensor_decorator to None, run_after=None
[2025-01-29T23:32:34.016+0000] {processor.py:183} INFO - Processing /home/airflow/.local/lib/python3.8/site-packages/airflow/example_dags/example_sensor_decorator.py took 3.831 seconds
[2025-01-29T23:33:15.562+0000] {processor.py:161} INFO - Started process (PID=231) to work on /home/airflow/.local/lib/python3.8/site-packages/airflow/example_dags/example_sensor_decorator.py
[2025-01-29T23:33:15.665+0000] {processor.py:830} INFO - Processing file /home/airflow/.local/lib/python3.8/site-packages/airflow/example_dags/example_sensor_decorator.py for tasks to queue
[2025-01-29T23:33:15.783+0000] {logging_mixin.py:188} INFO - [2025-01-29T23:33:15.757+0000] {dagbag.py:538} INFO - Filling up the DagBag from /home/airflow/.local/lib/python3.8/site-packages/airflow/example_dags/example_sensor_decorator.py
[2025-01-29T23:33:16.071+0000] {processor.py:840} INFO - DAG(s) 'example_sensor_decorator' retrieved from /home/airflow/.local/lib/python3.8/site-packages/airflow/example_dags/example_sensor_decorator.py
[2025-01-29T23:33:17.139+0000] {logging_mixin.py:188} INFO - [2025-01-29T23:33:17.138+0000] {dag.py:3036} INFO - Sync 1 DAGs
[2025-01-29T23:33:17.242+0000] {logging_mixin.py:188} INFO - [2025-01-29T23:33:17.241+0000] {dag.py:3823} INFO - Setting next_dagrun for example_sensor_decorator to None, run_after=None
[2025-01-29T23:33:17.425+0000] {processor.py:183} INFO - Processing /home/airflow/.local/lib/python3.8/site-packages/airflow/example_dags/example_sensor_decorator.py took 1.970 seconds
[2025-01-29T23:33:52.957+0000] {processor.py:161} INFO - Started process (PID=293) to work on /home/airflow/.local/lib/python3.8/site-packages/airflow/example_dags/example_sensor_decorator.py
[2025-01-29T23:33:52.964+0000] {processor.py:830} INFO - Processing file /home/airflow/.local/lib/python3.8/site-packages/airflow/example_dags/example_sensor_decorator.py for tasks to queue
[2025-01-29T23:33:52.970+0000] {logging_mixin.py:188} INFO - [2025-01-29T23:33:52.969+0000] {dagbag.py:538} INFO - Filling up the DagBag from /home/airflow/.local/lib/python3.8/site-packages/airflow/example_dags/example_sensor_decorator.py
[2025-01-29T23:33:52.996+0000] {processor.py:840} INFO - DAG(s) 'example_sensor_decorator' retrieved from /home/airflow/.local/lib/python3.8/site-packages/airflow/example_dags/example_sensor_decorator.py
[2025-01-29T23:33:53.088+0000] {logging_mixin.py:188} INFO - [2025-01-29T23:33:53.087+0000] {dag.py:3036} INFO - Sync 1 DAGs
[2025-01-29T23:33:53.167+0000] {logging_mixin.py:188} INFO - [2025-01-29T23:33:53.166+0000] {dag.py:3823} INFO - Setting next_dagrun for example_sensor_decorator to None, run_after=None
[2025-01-29T23:33:53.286+0000] {processor.py:183} INFO - Processing /home/airflow/.local/lib/python3.8/site-packages/airflow/example_dags/example_sensor_decorator.py took 0.337 seconds
[2025-01-29T23:34:25.072+0000] {processor.py:161} INFO - Started process (PID=350) to work on /home/airflow/.local/lib/python3.8/site-packages/airflow/example_dags/example_sensor_decorator.py
[2025-01-29T23:34:25.084+0000] {processor.py:830} INFO - Processing file /home/airflow/.local/lib/python3.8/site-packages/airflow/example_dags/example_sensor_decorator.py for tasks to queue
[2025-01-29T23:34:25.101+0000] {logging_mixin.py:188} INFO - [2025-01-29T23:34:25.096+0000] {dagbag.py:538} INFO - Filling up the DagBag from /home/airflow/.local/lib/python3.8/site-packages/airflow/example_dags/example_sensor_decorator.py
[2025-01-29T23:34:25.133+0000] {processor.py:840} INFO - DAG(s) 'example_sensor_decorator' retrieved from /home/airflow/.local/lib/python3.8/site-packages/airflow/example_dags/example_sensor_decorator.py
[2025-01-29T23:34:25.243+0000] {logging_mixin.py:188} INFO - [2025-01-29T23:34:25.243+0000] {dag.py:3036} INFO - Sync 1 DAGs
[2025-01-29T23:34:25.340+0000] {logging_mixin.py:188} INFO - [2025-01-29T23:34:25.340+0000] {dag.py:3823} INFO - Setting next_dagrun for example_sensor_decorator to None, run_after=None
[2025-01-29T23:34:25.484+0000] {processor.py:183} INFO - Processing /home/airflow/.local/lib/python3.8/site-packages/airflow/example_dags/example_sensor_decorator.py took 0.424 seconds
[2025-01-29T23:34:55.584+0000] {processor.py:161} INFO - Started process (PID=405) to work on /home/airflow/.local/lib/python3.8/site-packages/airflow/example_dags/example_sensor_decorator.py
[2025-01-29T23:34:55.590+0000] {processor.py:830} INFO - Processing file /home/airflow/.local/lib/python3.8/site-packages/airflow/example_dags/example_sensor_decorator.py for tasks to queue
[2025-01-29T23:34:55.594+0000] {logging_mixin.py:188} INFO - [2025-01-29T23:34:55.593+0000] {dagbag.py:538} INFO - Filling up the DagBag from /home/airflow/.local/lib/python3.8/site-packages/airflow/example_dags/example_sensor_decorator.py
[2025-01-29T23:34:55.618+0000] {processor.py:840} INFO - DAG(s) 'example_sensor_decorator' retrieved from /home/airflow/.local/lib/python3.8/site-packages/airflow/example_dags/example_sensor_decorator.py
[2025-01-29T23:34:55.691+0000] {logging_mixin.py:188} INFO - [2025-01-29T23:34:55.690+0000] {dag.py:3036} INFO - Sync 1 DAGs
[2025-01-29T23:34:55.742+0000] {logging_mixin.py:188} INFO - [2025-01-29T23:34:55.742+0000] {dag.py:3823} INFO - Setting next_dagrun for example_sensor_decorator to None, run_after=None
[2025-01-29T23:34:55.818+0000] {processor.py:183} INFO - Processing /home/airflow/.local/lib/python3.8/site-packages/airflow/example_dags/example_sensor_decorator.py took 0.250 seconds
[2025-01-29T23:35:29.921+0000] {processor.py:161} INFO - Started process (PID=447) to work on /home/airflow/.local/lib/python3.8/site-packages/airflow/example_dags/example_sensor_decorator.py
[2025-01-29T23:35:29.932+0000] {processor.py:830} INFO - Processing file /home/airflow/.local/lib/python3.8/site-packages/airflow/example_dags/example_sensor_decorator.py for tasks to queue
[2025-01-29T23:35:29.936+0000] {logging_mixin.py:188} INFO - [2025-01-29T23:35:29.935+0000] {dagbag.py:538} INFO - Filling up the DagBag from /home/airflow/.local/lib/python3.8/site-packages/airflow/example_dags/example_sensor_decorator.py
[2025-01-29T23:35:29.984+0000] {processor.py:840} INFO - DAG(s) 'example_sensor_decorator' retrieved from /home/airflow/.local/lib/python3.8/site-packages/airflow/example_dags/example_sensor_decorator.py
[2025-01-29T23:35:30.076+0000] {logging_mixin.py:188} INFO - [2025-01-29T23:35:30.075+0000] {dag.py:3036} INFO - Sync 1 DAGs
[2025-01-29T23:35:30.152+0000] {logging_mixin.py:188} INFO - [2025-01-29T23:35:30.151+0000] {dag.py:3823} INFO - Setting next_dagrun for example_sensor_decorator to None, run_after=None
[2025-01-29T23:35:30.329+0000] {processor.py:183} INFO - Processing /home/airflow/.local/lib/python3.8/site-packages/airflow/example_dags/example_sensor_decorator.py took 0.416 seconds
[2025-01-29T23:36:10.879+0000] {processor.py:161} INFO - Started process (PID=503) to work on /home/airflow/.local/lib/python3.8/site-packages/airflow/example_dags/example_sensor_decorator.py
[2025-01-29T23:36:10.900+0000] {processor.py:830} INFO - Processing file /home/airflow/.local/lib/python3.8/site-packages/airflow/example_dags/example_sensor_decorator.py for tasks to queue
[2025-01-29T23:36:10.905+0000] {logging_mixin.py:188} INFO - [2025-01-29T23:36:10.904+0000] {dagbag.py:538} INFO - Filling up the DagBag from /home/airflow/.local/lib/python3.8/site-packages/airflow/example_dags/example_sensor_decorator.py
[2025-01-29T23:36:10.954+0000] {processor.py:840} INFO - DAG(s) 'example_sensor_decorator' retrieved from /home/airflow/.local/lib/python3.8/site-packages/airflow/example_dags/example_sensor_decorator.py
[2025-01-29T23:36:11.171+0000] {logging_mixin.py:188} INFO - [2025-01-29T23:36:11.170+0000] {dag.py:3036} INFO - Sync 1 DAGs
[2025-01-29T23:36:11.344+0000] {logging_mixin.py:188} INFO - [2025-01-29T23:36:11.344+0000] {dag.py:3823} INFO - Setting next_dagrun for example_sensor_decorator to None, run_after=None
[2025-01-29T23:36:11.561+0000] {processor.py:183} INFO - Processing /home/airflow/.local/lib/python3.8/site-packages/airflow/example_dags/example_sensor_decorator.py took 0.691 seconds
[2025-01-29T23:36:54.790+0000] {processor.py:161} INFO - Started process (PID=566) to work on /home/airflow/.local/lib/python3.8/site-packages/airflow/example_dags/example_sensor_decorator.py
[2025-01-29T23:36:54.808+0000] {processor.py:830} INFO - Processing file /home/airflow/.local/lib/python3.8/site-packages/airflow/example_dags/example_sensor_decorator.py for tasks to queue
[2025-01-29T23:36:54.824+0000] {logging_mixin.py:188} INFO - [2025-01-29T23:36:54.823+0000] {dagbag.py:538} INFO - Filling up the DagBag from /home/airflow/.local/lib/python3.8/site-packages/airflow/example_dags/example_sensor_decorator.py
[2025-01-29T23:36:54.894+0000] {processor.py:840} INFO - DAG(s) 'example_sensor_decorator' retrieved from /home/airflow/.local/lib/python3.8/site-packages/airflow/example_dags/example_sensor_decorator.py
[2025-01-29T23:36:55.057+0000] {logging_mixin.py:188} INFO - [2025-01-29T23:36:55.057+0000] {dag.py:3036} INFO - Sync 1 DAGs
[2025-01-29T23:36:55.222+0000] {logging_mixin.py:188} INFO - [2025-01-29T23:36:55.221+0000] {dag.py:3823} INFO - Setting next_dagrun for example_sensor_decorator to None, run_after=None
[2025-01-29T23:36:55.388+0000] {processor.py:183} INFO - Processing /home/airflow/.local/lib/python3.8/site-packages/airflow/example_dags/example_sensor_decorator.py took 0.611 seconds
[2025-01-29T23:37:28.489+0000] {processor.py:161} INFO - Started process (PID=622) to work on /home/airflow/.local/lib/python3.8/site-packages/airflow/example_dags/example_sensor_decorator.py
[2025-01-29T23:37:28.506+0000] {processor.py:830} INFO - Processing file /home/airflow/.local/lib/python3.8/site-packages/airflow/example_dags/example_sensor_decorator.py for tasks to queue
[2025-01-29T23:37:28.538+0000] {logging_mixin.py:188} INFO - [2025-01-29T23:37:28.537+0000] {dagbag.py:538} INFO - Filling up the DagBag from /home/airflow/.local/lib/python3.8/site-packages/airflow/example_dags/example_sensor_decorator.py
[2025-01-29T23:37:28.572+0000] {processor.py:840} INFO - DAG(s) 'example_sensor_decorator' retrieved from /home/airflow/.local/lib/python3.8/site-packages/airflow/example_dags/example_sensor_decorator.py
[2025-01-29T23:37:28.616+0000] {logging_mixin.py:188} INFO - [2025-01-29T23:37:28.615+0000] {dag.py:3036} INFO - Sync 1 DAGs
[2025-01-29T23:37:28.802+0000] {logging_mixin.py:188} INFO - [2025-01-29T23:37:28.799+0000] {dag.py:3823} INFO - Setting next_dagrun for example_sensor_decorator to None, run_after=None
[2025-01-29T23:37:28.936+0000] {processor.py:183} INFO - Processing /home/airflow/.local/lib/python3.8/site-packages/airflow/example_dags/example_sensor_decorator.py took 0.521 seconds
[2025-01-29T23:38:04.013+0000] {processor.py:161} INFO - Started process (PID=676) to work on /home/airflow/.local/lib/python3.8/site-packages/airflow/example_dags/example_sensor_decorator.py
[2025-01-29T23:38:04.016+0000] {processor.py:830} INFO - Processing file /home/airflow/.local/lib/python3.8/site-packages/airflow/example_dags/example_sensor_decorator.py for tasks to queue
[2025-01-29T23:38:04.028+0000] {logging_mixin.py:188} INFO - [2025-01-29T23:38:04.027+0000] {dagbag.py:538} INFO - Filling up the DagBag from /home/airflow/.local/lib/python3.8/site-packages/airflow/example_dags/example_sensor_decorator.py
[2025-01-29T23:38:04.068+0000] {processor.py:840} INFO - DAG(s) 'example_sensor_decorator' retrieved from /home/airflow/.local/lib/python3.8/site-packages/airflow/example_dags/example_sensor_decorator.py
[2025-01-29T23:38:05.061+0000] {logging_mixin.py:188} INFO - [2025-01-29T23:38:05.061+0000] {dag.py:3036} INFO - Sync 1 DAGs
[2025-01-29T23:38:05.138+0000] {logging_mixin.py:188} INFO - [2025-01-29T23:38:05.137+0000] {dag.py:3823} INFO - Setting next_dagrun for example_sensor_decorator to None, run_after=None
[2025-01-29T23:38:05.261+0000] {processor.py:183} INFO - Processing /home/airflow/.local/lib/python3.8/site-packages/airflow/example_dags/example_sensor_decorator.py took 1.267 seconds
[2025-01-29T23:38:38.419+0000] {processor.py:161} INFO - Started process (PID=733) to work on /home/airflow/.local/lib/python3.8/site-packages/airflow/example_dags/example_sensor_decorator.py
[2025-01-29T23:38:38.431+0000] {processor.py:830} INFO - Processing file /home/airflow/.local/lib/python3.8/site-packages/airflow/example_dags/example_sensor_decorator.py for tasks to queue
[2025-01-29T23:38:38.448+0000] {logging_mixin.py:188} INFO - [2025-01-29T23:38:38.447+0000] {dagbag.py:538} INFO - Filling up the DagBag from /home/airflow/.local/lib/python3.8/site-packages/airflow/example_dags/example_sensor_decorator.py
[2025-01-29T23:38:38.499+0000] {processor.py:840} INFO - DAG(s) 'example_sensor_decorator' retrieved from /home/airflow/.local/lib/python3.8/site-packages/airflow/example_dags/example_sensor_decorator.py
[2025-01-29T23:38:38.643+0000] {logging_mixin.py:188} INFO - [2025-01-29T23:38:38.643+0000] {dag.py:3036} INFO - Sync 1 DAGs
[2025-01-29T23:38:38.774+0000] {logging_mixin.py:188} INFO - [2025-01-29T23:38:38.773+0000] {dag.py:3823} INFO - Setting next_dagrun for example_sensor_decorator to None, run_after=None
[2025-01-29T23:38:38.919+0000] {processor.py:183} INFO - Processing /home/airflow/.local/lib/python3.8/site-packages/airflow/example_dags/example_sensor_decorator.py took 0.524 seconds
[2025-01-29T23:39:10.065+0000] {processor.py:161} INFO - Started process (PID=788) to work on /home/airflow/.local/lib/python3.8/site-packages/airflow/example_dags/example_sensor_decorator.py
[2025-01-29T23:39:10.069+0000] {processor.py:830} INFO - Processing file /home/airflow/.local/lib/python3.8/site-packages/airflow/example_dags/example_sensor_decorator.py for tasks to queue
[2025-01-29T23:39:10.081+0000] {logging_mixin.py:188} INFO - [2025-01-29T23:39:10.081+0000] {dagbag.py:538} INFO - Filling up the DagBag from /home/airflow/.local/lib/python3.8/site-packages/airflow/example_dags/example_sensor_decorator.py
[2025-01-29T23:39:10.109+0000] {processor.py:840} INFO - DAG(s) 'example_sensor_decorator' retrieved from /home/airflow/.local/lib/python3.8/site-packages/airflow/example_dags/example_sensor_decorator.py
[2025-01-29T23:39:10.211+0000] {logging_mixin.py:188} INFO - [2025-01-29T23:39:10.211+0000] {dag.py:3036} INFO - Sync 1 DAGs
[2025-01-29T23:39:10.325+0000] {logging_mixin.py:188} INFO - [2025-01-29T23:39:10.324+0000] {dag.py:3823} INFO - Setting next_dagrun for example_sensor_decorator to None, run_after=None
[2025-01-29T23:39:10.594+0000] {processor.py:183} INFO - Processing /home/airflow/.local/lib/python3.8/site-packages/airflow/example_dags/example_sensor_decorator.py took 0.546 seconds
[2025-01-29T23:39:42.106+0000] {processor.py:161} INFO - Started process (PID=852) to work on /home/airflow/.local/lib/python3.8/site-packages/airflow/example_dags/example_sensor_decorator.py
[2025-01-29T23:39:42.126+0000] {processor.py:830} INFO - Processing file /home/airflow/.local/lib/python3.8/site-packages/airflow/example_dags/example_sensor_decorator.py for tasks to queue
[2025-01-29T23:39:42.175+0000] {logging_mixin.py:188} INFO - [2025-01-29T23:39:42.175+0000] {dagbag.py:538} INFO - Filling up the DagBag from /home/airflow/.local/lib/python3.8/site-packages/airflow/example_dags/example_sensor_decorator.py
[2025-01-29T23:39:42.239+0000] {processor.py:840} INFO - DAG(s) 'example_sensor_decorator' retrieved from /home/airflow/.local/lib/python3.8/site-packages/airflow/example_dags/example_sensor_decorator.py
[2025-01-29T23:39:42.339+0000] {logging_mixin.py:188} INFO - [2025-01-29T23:39:42.339+0000] {dag.py:3036} INFO - Sync 1 DAGs
[2025-01-29T23:39:42.386+0000] {logging_mixin.py:188} INFO - [2025-01-29T23:39:42.385+0000] {dag.py:3823} INFO - Setting next_dagrun for example_sensor_decorator to None, run_after=None
[2025-01-29T23:39:42.508+0000] {processor.py:183} INFO - Processing /home/airflow/.local/lib/python3.8/site-packages/airflow/example_dags/example_sensor_decorator.py took 0.434 seconds
[2025-01-29T23:40:13.169+0000] {processor.py:161} INFO - Started process (PID=907) to work on /home/airflow/.local/lib/python3.8/site-packages/airflow/example_dags/example_sensor_decorator.py
[2025-01-29T23:40:13.173+0000] {processor.py:830} INFO - Processing file /home/airflow/.local/lib/python3.8/site-packages/airflow/example_dags/example_sensor_decorator.py for tasks to queue
[2025-01-29T23:40:13.179+0000] {logging_mixin.py:188} INFO - [2025-01-29T23:40:13.178+0000] {dagbag.py:538} INFO - Filling up the DagBag from /home/airflow/.local/lib/python3.8/site-packages/airflow/example_dags/example_sensor_decorator.py
[2025-01-29T23:40:13.205+0000] {processor.py:840} INFO - DAG(s) 'example_sensor_decorator' retrieved from /home/airflow/.local/lib/python3.8/site-packages/airflow/example_dags/example_sensor_decorator.py
[2025-01-29T23:40:13.285+0000] {logging_mixin.py:188} INFO - [2025-01-29T23:40:13.285+0000] {dag.py:3036} INFO - Sync 1 DAGs
[2025-01-29T23:40:13.347+0000] {logging_mixin.py:188} INFO - [2025-01-29T23:40:13.346+0000] {dag.py:3823} INFO - Setting next_dagrun for example_sensor_decorator to None, run_after=None
[2025-01-29T23:40:13.427+0000] {processor.py:183} INFO - Processing /home/airflow/.local/lib/python3.8/site-packages/airflow/example_dags/example_sensor_decorator.py took 0.277 seconds
[2025-01-29T23:40:43.901+0000] {processor.py:161} INFO - Started process (PID=963) to work on /home/airflow/.local/lib/python3.8/site-packages/airflow/example_dags/example_sensor_decorator.py
[2025-01-29T23:40:43.904+0000] {processor.py:830} INFO - Processing file /home/airflow/.local/lib/python3.8/site-packages/airflow/example_dags/example_sensor_decorator.py for tasks to queue
[2025-01-29T23:40:43.921+0000] {logging_mixin.py:188} INFO - [2025-01-29T23:40:43.920+0000] {dagbag.py:538} INFO - Filling up the DagBag from /home/airflow/.local/lib/python3.8/site-packages/airflow/example_dags/example_sensor_decorator.py
[2025-01-29T23:40:43.959+0000] {processor.py:840} INFO - DAG(s) 'example_sensor_decorator' retrieved from /home/airflow/.local/lib/python3.8/site-packages/airflow/example_dags/example_sensor_decorator.py
[2025-01-29T23:40:44.028+0000] {logging_mixin.py:188} INFO - [2025-01-29T23:40:44.027+0000] {dag.py:3036} INFO - Sync 1 DAGs
[2025-01-29T23:40:44.095+0000] {logging_mixin.py:188} INFO - [2025-01-29T23:40:44.094+0000] {dag.py:3823} INFO - Setting next_dagrun for example_sensor_decorator to None, run_after=None
[2025-01-29T23:40:44.176+0000] {processor.py:183} INFO - Processing /home/airflow/.local/lib/python3.8/site-packages/airflow/example_dags/example_sensor_decorator.py took 0.294 seconds
[2025-01-29T23:41:15.319+0000] {processor.py:161} INFO - Started process (PID=1020) to work on /home/airflow/.local/lib/python3.8/site-packages/airflow/example_dags/example_sensor_decorator.py
[2025-01-29T23:41:15.332+0000] {processor.py:830} INFO - Processing file /home/airflow/.local/lib/python3.8/site-packages/airflow/example_dags/example_sensor_decorator.py for tasks to queue
[2025-01-29T23:41:15.364+0000] {logging_mixin.py:188} INFO - [2025-01-29T23:41:15.363+0000] {dagbag.py:538} INFO - Filling up the DagBag from /home/airflow/.local/lib/python3.8/site-packages/airflow/example_dags/example_sensor_decorator.py
[2025-01-29T23:41:15.482+0000] {processor.py:840} INFO - DAG(s) 'example_sensor_decorator' retrieved from /home/airflow/.local/lib/python3.8/site-packages/airflow/example_dags/example_sensor_decorator.py
[2025-01-29T23:41:15.724+0000] {logging_mixin.py:188} INFO - [2025-01-29T23:41:15.723+0000] {dag.py:3036} INFO - Sync 1 DAGs
[2025-01-29T23:41:15.788+0000] {logging_mixin.py:188} INFO - [2025-01-29T23:41:15.785+0000] {dag.py:3823} INFO - Setting next_dagrun for example_sensor_decorator to None, run_after=None
[2025-01-29T23:41:15.901+0000] {processor.py:183} INFO - Processing /home/airflow/.local/lib/python3.8/site-packages/airflow/example_dags/example_sensor_decorator.py took 0.631 seconds
[2025-01-29T23:41:46.276+0000] {processor.py:161} INFO - Started process (PID=1076) to work on /home/airflow/.local/lib/python3.8/site-packages/airflow/example_dags/example_sensor_decorator.py
[2025-01-29T23:41:46.288+0000] {processor.py:830} INFO - Processing file /home/airflow/.local/lib/python3.8/site-packages/airflow/example_dags/example_sensor_decorator.py for tasks to queue
[2025-01-29T23:41:46.295+0000] {logging_mixin.py:188} INFO - [2025-01-29T23:41:46.294+0000] {dagbag.py:538} INFO - Filling up the DagBag from /home/airflow/.local/lib/python3.8/site-packages/airflow/example_dags/example_sensor_decorator.py
[2025-01-29T23:41:46.333+0000] {processor.py:840} INFO - DAG(s) 'example_sensor_decorator' retrieved from /home/airflow/.local/lib/python3.8/site-packages/airflow/example_dags/example_sensor_decorator.py
[2025-01-29T23:41:46.420+0000] {logging_mixin.py:188} INFO - [2025-01-29T23:41:46.420+0000] {dag.py:3036} INFO - Sync 1 DAGs
[2025-01-29T23:41:46.474+0000] {logging_mixin.py:188} INFO - [2025-01-29T23:41:46.473+0000] {dag.py:3823} INFO - Setting next_dagrun for example_sensor_decorator to None, run_after=None
[2025-01-29T23:41:46.546+0000] {processor.py:183} INFO - Processing /home/airflow/.local/lib/python3.8/site-packages/airflow/example_dags/example_sensor_decorator.py took 0.278 seconds
[2025-01-29T23:42:16.846+0000] {processor.py:161} INFO - Started process (PID=1131) to work on /home/airflow/.local/lib/python3.8/site-packages/airflow/example_dags/example_sensor_decorator.py
[2025-01-29T23:42:16.860+0000] {processor.py:830} INFO - Processing file /home/airflow/.local/lib/python3.8/site-packages/airflow/example_dags/example_sensor_decorator.py for tasks to queue
[2025-01-29T23:42:16.876+0000] {logging_mixin.py:188} INFO - [2025-01-29T23:42:16.876+0000] {dagbag.py:538} INFO - Filling up the DagBag from /home/airflow/.local/lib/python3.8/site-packages/airflow/example_dags/example_sensor_decorator.py
[2025-01-29T23:42:16.958+0000] {processor.py:840} INFO - DAG(s) 'example_sensor_decorator' retrieved from /home/airflow/.local/lib/python3.8/site-packages/airflow/example_dags/example_sensor_decorator.py
[2025-01-29T23:42:17.257+0000] {logging_mixin.py:188} INFO - [2025-01-29T23:42:17.256+0000] {dag.py:3036} INFO - Sync 1 DAGs
[2025-01-29T23:42:17.470+0000] {logging_mixin.py:188} INFO - [2025-01-29T23:42:17.469+0000] {dag.py:3823} INFO - Setting next_dagrun for example_sensor_decorator to None, run_after=None
[2025-01-29T23:42:17.623+0000] {processor.py:183} INFO - Processing /home/airflow/.local/lib/python3.8/site-packages/airflow/example_dags/example_sensor_decorator.py took 0.856 seconds
[2025-01-29T23:42:48.397+0000] {processor.py:161} INFO - Started process (PID=1187) to work on /home/airflow/.local/lib/python3.8/site-packages/airflow/example_dags/example_sensor_decorator.py
[2025-01-29T23:42:48.411+0000] {processor.py:830} INFO - Processing file /home/airflow/.local/lib/python3.8/site-packages/airflow/example_dags/example_sensor_decorator.py for tasks to queue
[2025-01-29T23:42:48.417+0000] {logging_mixin.py:188} INFO - [2025-01-29T23:42:48.416+0000] {dagbag.py:538} INFO - Filling up the DagBag from /home/airflow/.local/lib/python3.8/site-packages/airflow/example_dags/example_sensor_decorator.py
[2025-01-29T23:42:48.462+0000] {processor.py:840} INFO - DAG(s) 'example_sensor_decorator' retrieved from /home/airflow/.local/lib/python3.8/site-packages/airflow/example_dags/example_sensor_decorator.py
[2025-01-29T23:42:48.589+0000] {logging_mixin.py:188} INFO - [2025-01-29T23:42:48.588+0000] {dag.py:3036} INFO - Sync 1 DAGs
[2025-01-29T23:42:48.718+0000] {logging_mixin.py:188} INFO - [2025-01-29T23:42:48.718+0000] {dag.py:3823} INFO - Setting next_dagrun for example_sensor_decorator to None, run_after=None
[2025-01-29T23:42:48.874+0000] {processor.py:183} INFO - Processing /home/airflow/.local/lib/python3.8/site-packages/airflow/example_dags/example_sensor_decorator.py took 0.483 seconds
[2025-01-29T23:43:21.186+0000] {processor.py:161} INFO - Started process (PID=1241) to work on /home/airflow/.local/lib/python3.8/site-packages/airflow/example_dags/example_sensor_decorator.py
[2025-01-29T23:43:21.189+0000] {processor.py:830} INFO - Processing file /home/airflow/.local/lib/python3.8/site-packages/airflow/example_dags/example_sensor_decorator.py for tasks to queue
[2025-01-29T23:43:21.203+0000] {logging_mixin.py:188} INFO - [2025-01-29T23:43:21.202+0000] {dagbag.py:538} INFO - Filling up the DagBag from /home/airflow/.local/lib/python3.8/site-packages/airflow/example_dags/example_sensor_decorator.py
[2025-01-29T23:43:21.250+0000] {processor.py:840} INFO - DAG(s) 'example_sensor_decorator' retrieved from /home/airflow/.local/lib/python3.8/site-packages/airflow/example_dags/example_sensor_decorator.py
[2025-01-29T23:43:21.394+0000] {logging_mixin.py:188} INFO - [2025-01-29T23:43:21.393+0000] {dag.py:3036} INFO - Sync 1 DAGs
[2025-01-29T23:43:21.558+0000] {logging_mixin.py:188} INFO - [2025-01-29T23:43:21.557+0000] {dag.py:3823} INFO - Setting next_dagrun for example_sensor_decorator to None, run_after=None
[2025-01-29T23:43:21.821+0000] {processor.py:183} INFO - Processing /home/airflow/.local/lib/python3.8/site-packages/airflow/example_dags/example_sensor_decorator.py took 0.654 seconds
[2025-01-29T23:43:52.235+0000] {processor.py:161} INFO - Started process (PID=1295) to work on /home/airflow/.local/lib/python3.8/site-packages/airflow/example_dags/example_sensor_decorator.py
[2025-01-29T23:43:52.247+0000] {processor.py:830} INFO - Processing file /home/airflow/.local/lib/python3.8/site-packages/airflow/example_dags/example_sensor_decorator.py for tasks to queue
[2025-01-29T23:43:52.262+0000] {logging_mixin.py:188} INFO - [2025-01-29T23:43:52.262+0000] {dagbag.py:538} INFO - Filling up the DagBag from /home/airflow/.local/lib/python3.8/site-packages/airflow/example_dags/example_sensor_decorator.py
[2025-01-29T23:43:52.293+0000] {processor.py:840} INFO - DAG(s) 'example_sensor_decorator' retrieved from /home/airflow/.local/lib/python3.8/site-packages/airflow/example_dags/example_sensor_decorator.py
[2025-01-29T23:43:52.465+0000] {logging_mixin.py:188} INFO - [2025-01-29T23:43:52.464+0000] {dag.py:3036} INFO - Sync 1 DAGs
[2025-01-29T23:43:52.554+0000] {logging_mixin.py:188} INFO - [2025-01-29T23:43:52.554+0000] {dag.py:3823} INFO - Setting next_dagrun for example_sensor_decorator to None, run_after=None
[2025-01-29T23:43:52.686+0000] {processor.py:183} INFO - Processing /home/airflow/.local/lib/python3.8/site-packages/airflow/example_dags/example_sensor_decorator.py took 0.463 seconds
[2025-01-29T23:44:23.300+0000] {processor.py:161} INFO - Started process (PID=1351) to work on /home/airflow/.local/lib/python3.8/site-packages/airflow/example_dags/example_sensor_decorator.py
[2025-01-29T23:44:23.304+0000] {processor.py:830} INFO - Processing file /home/airflow/.local/lib/python3.8/site-packages/airflow/example_dags/example_sensor_decorator.py for tasks to queue
[2025-01-29T23:44:23.309+0000] {logging_mixin.py:188} INFO - [2025-01-29T23:44:23.308+0000] {dagbag.py:538} INFO - Filling up the DagBag from /home/airflow/.local/lib/python3.8/site-packages/airflow/example_dags/example_sensor_decorator.py
[2025-01-29T23:44:23.335+0000] {processor.py:840} INFO - DAG(s) 'example_sensor_decorator' retrieved from /home/airflow/.local/lib/python3.8/site-packages/airflow/example_dags/example_sensor_decorator.py
[2025-01-29T23:44:23.413+0000] {logging_mixin.py:188} INFO - [2025-01-29T23:44:23.412+0000] {dag.py:3036} INFO - Sync 1 DAGs
[2025-01-29T23:44:23.475+0000] {logging_mixin.py:188} INFO - [2025-01-29T23:44:23.474+0000] {dag.py:3823} INFO - Setting next_dagrun for example_sensor_decorator to None, run_after=None
[2025-01-29T23:44:23.555+0000] {processor.py:183} INFO - Processing /home/airflow/.local/lib/python3.8/site-packages/airflow/example_dags/example_sensor_decorator.py took 0.265 seconds
[2025-01-29T23:44:59.938+0000] {processor.py:161} INFO - Started process (PID=1414) to work on /home/airflow/.local/lib/python3.8/site-packages/airflow/example_dags/example_sensor_decorator.py
[2025-01-29T23:44:59.949+0000] {processor.py:830} INFO - Processing file /home/airflow/.local/lib/python3.8/site-packages/airflow/example_dags/example_sensor_decorator.py for tasks to queue
[2025-01-29T23:44:59.957+0000] {logging_mixin.py:188} INFO - [2025-01-29T23:44:59.956+0000] {dagbag.py:538} INFO - Filling up the DagBag from /home/airflow/.local/lib/python3.8/site-packages/airflow/example_dags/example_sensor_decorator.py
[2025-01-29T23:44:59.986+0000] {processor.py:840} INFO - DAG(s) 'example_sensor_decorator' retrieved from /home/airflow/.local/lib/python3.8/site-packages/airflow/example_dags/example_sensor_decorator.py
[2025-01-29T23:45:00.103+0000] {logging_mixin.py:188} INFO - [2025-01-29T23:45:00.095+0000] {dag.py:3036} INFO - Sync 1 DAGs
[2025-01-29T23:45:00.194+0000] {logging_mixin.py:188} INFO - [2025-01-29T23:45:00.193+0000] {dag.py:3823} INFO - Setting next_dagrun for example_sensor_decorator to None, run_after=None
[2025-01-29T23:45:00.320+0000] {processor.py:183} INFO - Processing /home/airflow/.local/lib/python3.8/site-packages/airflow/example_dags/example_sensor_decorator.py took 0.397 seconds
[2025-01-29T23:45:32.619+0000] {processor.py:161} INFO - Started process (PID=1474) to work on /home/airflow/.local/lib/python3.8/site-packages/airflow/example_dags/example_sensor_decorator.py
[2025-01-29T23:45:32.640+0000] {processor.py:830} INFO - Processing file /home/airflow/.local/lib/python3.8/site-packages/airflow/example_dags/example_sensor_decorator.py for tasks to queue
[2025-01-29T23:45:32.646+0000] {logging_mixin.py:188} INFO - [2025-01-29T23:45:32.645+0000] {dagbag.py:538} INFO - Filling up the DagBag from /home/airflow/.local/lib/python3.8/site-packages/airflow/example_dags/example_sensor_decorator.py
[2025-01-29T23:45:32.667+0000] {processor.py:840} INFO - DAG(s) 'example_sensor_decorator' retrieved from /home/airflow/.local/lib/python3.8/site-packages/airflow/example_dags/example_sensor_decorator.py
[2025-01-29T23:45:32.759+0000] {logging_mixin.py:188} INFO - [2025-01-29T23:45:32.759+0000] {dag.py:3036} INFO - Sync 1 DAGs
[2025-01-29T23:45:32.833+0000] {logging_mixin.py:188} INFO - [2025-01-29T23:45:32.832+0000] {dag.py:3823} INFO - Setting next_dagrun for example_sensor_decorator to None, run_after=None
[2025-01-29T23:45:32.960+0000] {processor.py:183} INFO - Processing /home/airflow/.local/lib/python3.8/site-packages/airflow/example_dags/example_sensor_decorator.py took 0.355 seconds
[2025-01-29T23:46:04.083+0000] {processor.py:161} INFO - Started process (PID=1530) to work on /home/airflow/.local/lib/python3.8/site-packages/airflow/example_dags/example_sensor_decorator.py
[2025-01-29T23:46:04.087+0000] {processor.py:830} INFO - Processing file /home/airflow/.local/lib/python3.8/site-packages/airflow/example_dags/example_sensor_decorator.py for tasks to queue
[2025-01-29T23:46:04.092+0000] {logging_mixin.py:188} INFO - [2025-01-29T23:46:04.091+0000] {dagbag.py:538} INFO - Filling up the DagBag from /home/airflow/.local/lib/python3.8/site-packages/airflow/example_dags/example_sensor_decorator.py
[2025-01-29T23:46:04.114+0000] {processor.py:840} INFO - DAG(s) 'example_sensor_decorator' retrieved from /home/airflow/.local/lib/python3.8/site-packages/airflow/example_dags/example_sensor_decorator.py
[2025-01-29T23:46:04.195+0000] {logging_mixin.py:188} INFO - [2025-01-29T23:46:04.190+0000] {dag.py:3036} INFO - Sync 1 DAGs
[2025-01-29T23:46:04.255+0000] {logging_mixin.py:188} INFO - [2025-01-29T23:46:04.254+0000] {dag.py:3823} INFO - Setting next_dagrun for example_sensor_decorator to None, run_after=None
[2025-01-29T23:46:04.334+0000] {processor.py:183} INFO - Processing /home/airflow/.local/lib/python3.8/site-packages/airflow/example_dags/example_sensor_decorator.py took 0.269 seconds
[2025-01-29T23:46:35.598+0000] {processor.py:161} INFO - Started process (PID=1584) to work on /home/airflow/.local/lib/python3.8/site-packages/airflow/example_dags/example_sensor_decorator.py
[2025-01-29T23:46:35.621+0000] {processor.py:830} INFO - Processing file /home/airflow/.local/lib/python3.8/site-packages/airflow/example_dags/example_sensor_decorator.py for tasks to queue
[2025-01-29T23:46:35.629+0000] {logging_mixin.py:188} INFO - [2025-01-29T23:46:35.628+0000] {dagbag.py:538} INFO - Filling up the DagBag from /home/airflow/.local/lib/python3.8/site-packages/airflow/example_dags/example_sensor_decorator.py
[2025-01-29T23:46:35.695+0000] {processor.py:840} INFO - DAG(s) 'example_sensor_decorator' retrieved from /home/airflow/.local/lib/python3.8/site-packages/airflow/example_dags/example_sensor_decorator.py
[2025-01-29T23:46:35.877+0000] {logging_mixin.py:188} INFO - [2025-01-29T23:46:35.876+0000] {dag.py:3036} INFO - Sync 1 DAGs
[2025-01-29T23:46:35.987+0000] {logging_mixin.py:188} INFO - [2025-01-29T23:46:35.981+0000] {dag.py:3823} INFO - Setting next_dagrun for example_sensor_decorator to None, run_after=None
[2025-01-29T23:46:36.163+0000] {processor.py:183} INFO - Processing /home/airflow/.local/lib/python3.8/site-packages/airflow/example_dags/example_sensor_decorator.py took 0.590 seconds
[2025-01-29T23:47:06.551+0000] {processor.py:161} INFO - Started process (PID=1638) to work on /home/airflow/.local/lib/python3.8/site-packages/airflow/example_dags/example_sensor_decorator.py
[2025-01-29T23:47:06.554+0000] {processor.py:830} INFO - Processing file /home/airflow/.local/lib/python3.8/site-packages/airflow/example_dags/example_sensor_decorator.py for tasks to queue
[2025-01-29T23:47:06.566+0000] {logging_mixin.py:188} INFO - [2025-01-29T23:47:06.566+0000] {dagbag.py:538} INFO - Filling up the DagBag from /home/airflow/.local/lib/python3.8/site-packages/airflow/example_dags/example_sensor_decorator.py
[2025-01-29T23:47:06.631+0000] {processor.py:840} INFO - DAG(s) 'example_sensor_decorator' retrieved from /home/airflow/.local/lib/python3.8/site-packages/airflow/example_dags/example_sensor_decorator.py
[2025-01-29T23:47:06.805+0000] {logging_mixin.py:188} INFO - [2025-01-29T23:47:06.805+0000] {dag.py:3036} INFO - Sync 1 DAGs
[2025-01-29T23:47:06.887+0000] {logging_mixin.py:188} INFO - [2025-01-29T23:47:06.886+0000] {dag.py:3823} INFO - Setting next_dagrun for example_sensor_decorator to None, run_after=None
[2025-01-29T23:47:06.982+0000] {processor.py:183} INFO - Processing /home/airflow/.local/lib/python3.8/site-packages/airflow/example_dags/example_sensor_decorator.py took 0.457 seconds
[2025-01-29T23:47:37.175+0000] {processor.py:161} INFO - Started process (PID=1694) to work on /home/airflow/.local/lib/python3.8/site-packages/airflow/example_dags/example_sensor_decorator.py
[2025-01-29T23:47:37.178+0000] {processor.py:830} INFO - Processing file /home/airflow/.local/lib/python3.8/site-packages/airflow/example_dags/example_sensor_decorator.py for tasks to queue
[2025-01-29T23:47:37.181+0000] {logging_mixin.py:188} INFO - [2025-01-29T23:47:37.180+0000] {dagbag.py:538} INFO - Filling up the DagBag from /home/airflow/.local/lib/python3.8/site-packages/airflow/example_dags/example_sensor_decorator.py
[2025-01-29T23:47:37.217+0000] {processor.py:840} INFO - DAG(s) 'example_sensor_decorator' retrieved from /home/airflow/.local/lib/python3.8/site-packages/airflow/example_dags/example_sensor_decorator.py
[2025-01-29T23:47:37.292+0000] {logging_mixin.py:188} INFO - [2025-01-29T23:47:37.292+0000] {dag.py:3036} INFO - Sync 1 DAGs
[2025-01-29T23:47:37.337+0000] {logging_mixin.py:188} INFO - [2025-01-29T23:47:37.336+0000] {dag.py:3823} INFO - Setting next_dagrun for example_sensor_decorator to None, run_after=None
[2025-01-29T23:47:37.427+0000] {processor.py:183} INFO - Processing /home/airflow/.local/lib/python3.8/site-packages/airflow/example_dags/example_sensor_decorator.py took 0.270 seconds
[2025-01-29T23:48:08.190+0000] {processor.py:161} INFO - Started process (PID=1750) to work on /home/airflow/.local/lib/python3.8/site-packages/airflow/example_dags/example_sensor_decorator.py
[2025-01-29T23:48:08.193+0000] {processor.py:830} INFO - Processing file /home/airflow/.local/lib/python3.8/site-packages/airflow/example_dags/example_sensor_decorator.py for tasks to queue
[2025-01-29T23:48:08.198+0000] {logging_mixin.py:188} INFO - [2025-01-29T23:48:08.198+0000] {dagbag.py:538} INFO - Filling up the DagBag from /home/airflow/.local/lib/python3.8/site-packages/airflow/example_dags/example_sensor_decorator.py
[2025-01-29T23:48:08.234+0000] {processor.py:840} INFO - DAG(s) 'example_sensor_decorator' retrieved from /home/airflow/.local/lib/python3.8/site-packages/airflow/example_dags/example_sensor_decorator.py
[2025-01-29T23:48:08.298+0000] {logging_mixin.py:188} INFO - [2025-01-29T23:48:08.297+0000] {dag.py:3036} INFO - Sync 1 DAGs
[2025-01-29T23:48:08.355+0000] {logging_mixin.py:188} INFO - [2025-01-29T23:48:08.353+0000] {dag.py:3823} INFO - Setting next_dagrun for example_sensor_decorator to None, run_after=None
[2025-01-29T23:48:08.466+0000] {processor.py:183} INFO - Processing /home/airflow/.local/lib/python3.8/site-packages/airflow/example_dags/example_sensor_decorator.py took 0.285 seconds
[2025-01-29T23:48:38.687+0000] {processor.py:161} INFO - Started process (PID=1805) to work on /home/airflow/.local/lib/python3.8/site-packages/airflow/example_dags/example_sensor_decorator.py
[2025-01-29T23:48:38.690+0000] {processor.py:830} INFO - Processing file /home/airflow/.local/lib/python3.8/site-packages/airflow/example_dags/example_sensor_decorator.py for tasks to queue
[2025-01-29T23:48:38.693+0000] {logging_mixin.py:188} INFO - [2025-01-29T23:48:38.692+0000] {dagbag.py:538} INFO - Filling up the DagBag from /home/airflow/.local/lib/python3.8/site-packages/airflow/example_dags/example_sensor_decorator.py
[2025-01-29T23:48:38.703+0000] {processor.py:840} INFO - DAG(s) 'example_sensor_decorator' retrieved from /home/airflow/.local/lib/python3.8/site-packages/airflow/example_dags/example_sensor_decorator.py
[2025-01-29T23:48:38.742+0000] {logging_mixin.py:188} INFO - [2025-01-29T23:48:38.741+0000] {dag.py:3036} INFO - Sync 1 DAGs
[2025-01-29T23:48:38.765+0000] {logging_mixin.py:188} INFO - [2025-01-29T23:48:38.765+0000] {dag.py:3823} INFO - Setting next_dagrun for example_sensor_decorator to None, run_after=None
[2025-01-29T23:48:38.809+0000] {processor.py:183} INFO - Processing /home/airflow/.local/lib/python3.8/site-packages/airflow/example_dags/example_sensor_decorator.py took 0.127 seconds
[2025-01-29T23:49:09.146+0000] {processor.py:161} INFO - Started process (PID=1862) to work on /home/airflow/.local/lib/python3.8/site-packages/airflow/example_dags/example_sensor_decorator.py
[2025-01-29T23:49:09.150+0000] {processor.py:830} INFO - Processing file /home/airflow/.local/lib/python3.8/site-packages/airflow/example_dags/example_sensor_decorator.py for tasks to queue
[2025-01-29T23:49:09.154+0000] {logging_mixin.py:188} INFO - [2025-01-29T23:49:09.153+0000] {dagbag.py:538} INFO - Filling up the DagBag from /home/airflow/.local/lib/python3.8/site-packages/airflow/example_dags/example_sensor_decorator.py
[2025-01-29T23:49:09.172+0000] {processor.py:840} INFO - DAG(s) 'example_sensor_decorator' retrieved from /home/airflow/.local/lib/python3.8/site-packages/airflow/example_dags/example_sensor_decorator.py
[2025-01-29T23:49:09.221+0000] {logging_mixin.py:188} INFO - [2025-01-29T23:49:09.221+0000] {dag.py:3036} INFO - Sync 1 DAGs
[2025-01-29T23:49:09.253+0000] {logging_mixin.py:188} INFO - [2025-01-29T23:49:09.253+0000] {dag.py:3823} INFO - Setting next_dagrun for example_sensor_decorator to None, run_after=None
[2025-01-29T23:49:09.304+0000] {processor.py:183} INFO - Processing /home/airflow/.local/lib/python3.8/site-packages/airflow/example_dags/example_sensor_decorator.py took 0.164 seconds
[2025-01-29T23:49:39.856+0000] {processor.py:161} INFO - Started process (PID=1918) to work on /home/airflow/.local/lib/python3.8/site-packages/airflow/example_dags/example_sensor_decorator.py
[2025-01-29T23:49:39.859+0000] {processor.py:830} INFO - Processing file /home/airflow/.local/lib/python3.8/site-packages/airflow/example_dags/example_sensor_decorator.py for tasks to queue
[2025-01-29T23:49:39.861+0000] {logging_mixin.py:188} INFO - [2025-01-29T23:49:39.860+0000] {dagbag.py:538} INFO - Filling up the DagBag from /home/airflow/.local/lib/python3.8/site-packages/airflow/example_dags/example_sensor_decorator.py
[2025-01-29T23:49:39.894+0000] {processor.py:840} INFO - DAG(s) 'example_sensor_decorator' retrieved from /home/airflow/.local/lib/python3.8/site-packages/airflow/example_dags/example_sensor_decorator.py
[2025-01-29T23:49:39.992+0000] {logging_mixin.py:188} INFO - [2025-01-29T23:49:39.991+0000] {dag.py:3036} INFO - Sync 1 DAGs
[2025-01-29T23:49:40.041+0000] {logging_mixin.py:188} INFO - [2025-01-29T23:49:40.041+0000] {dag.py:3823} INFO - Setting next_dagrun for example_sensor_decorator to None, run_after=None
[2025-01-29T23:49:40.199+0000] {processor.py:183} INFO - Processing /home/airflow/.local/lib/python3.8/site-packages/airflow/example_dags/example_sensor_decorator.py took 0.359 seconds
[2025-01-29T23:50:11.245+0000] {processor.py:161} INFO - Started process (PID=1974) to work on /home/airflow/.local/lib/python3.8/site-packages/airflow/example_dags/example_sensor_decorator.py
[2025-01-29T23:50:11.248+0000] {processor.py:830} INFO - Processing file /home/airflow/.local/lib/python3.8/site-packages/airflow/example_dags/example_sensor_decorator.py for tasks to queue
[2025-01-29T23:50:11.252+0000] {logging_mixin.py:188} INFO - [2025-01-29T23:50:11.251+0000] {dagbag.py:538} INFO - Filling up the DagBag from /home/airflow/.local/lib/python3.8/site-packages/airflow/example_dags/example_sensor_decorator.py
[2025-01-29T23:50:11.279+0000] {processor.py:840} INFO - DAG(s) 'example_sensor_decorator' retrieved from /home/airflow/.local/lib/python3.8/site-packages/airflow/example_dags/example_sensor_decorator.py
[2025-01-29T23:50:11.362+0000] {logging_mixin.py:188} INFO - [2025-01-29T23:50:11.360+0000] {dag.py:3036} INFO - Sync 1 DAGs
[2025-01-29T23:50:11.417+0000] {logging_mixin.py:188} INFO - [2025-01-29T23:50:11.414+0000] {dag.py:3823} INFO - Setting next_dagrun for example_sensor_decorator to None, run_after=None
[2025-01-29T23:50:11.480+0000] {processor.py:183} INFO - Processing /home/airflow/.local/lib/python3.8/site-packages/airflow/example_dags/example_sensor_decorator.py took 0.244 seconds
[2025-01-29T23:50:41.763+0000] {processor.py:161} INFO - Started process (PID=2030) to work on /home/airflow/.local/lib/python3.8/site-packages/airflow/example_dags/example_sensor_decorator.py
[2025-01-29T23:50:41.766+0000] {processor.py:830} INFO - Processing file /home/airflow/.local/lib/python3.8/site-packages/airflow/example_dags/example_sensor_decorator.py for tasks to queue
[2025-01-29T23:50:41.769+0000] {logging_mixin.py:188} INFO - [2025-01-29T23:50:41.768+0000] {dagbag.py:538} INFO - Filling up the DagBag from /home/airflow/.local/lib/python3.8/site-packages/airflow/example_dags/example_sensor_decorator.py
[2025-01-29T23:50:41.782+0000] {processor.py:840} INFO - DAG(s) 'example_sensor_decorator' retrieved from /home/airflow/.local/lib/python3.8/site-packages/airflow/example_dags/example_sensor_decorator.py
[2025-01-29T23:50:41.832+0000] {logging_mixin.py:188} INFO - [2025-01-29T23:50:41.831+0000] {dag.py:3036} INFO - Sync 1 DAGs
[2025-01-29T23:50:41.862+0000] {logging_mixin.py:188} INFO - [2025-01-29T23:50:41.862+0000] {dag.py:3823} INFO - Setting next_dagrun for example_sensor_decorator to None, run_after=None
[2025-01-29T23:50:41.904+0000] {processor.py:183} INFO - Processing /home/airflow/.local/lib/python3.8/site-packages/airflow/example_dags/example_sensor_decorator.py took 0.150 seconds
[2025-01-29T23:51:12.375+0000] {processor.py:161} INFO - Started process (PID=2085) to work on /home/airflow/.local/lib/python3.8/site-packages/airflow/example_dags/example_sensor_decorator.py
[2025-01-29T23:51:12.376+0000] {processor.py:830} INFO - Processing file /home/airflow/.local/lib/python3.8/site-packages/airflow/example_dags/example_sensor_decorator.py for tasks to queue
[2025-01-29T23:51:12.378+0000] {logging_mixin.py:188} INFO - [2025-01-29T23:51:12.377+0000] {dagbag.py:538} INFO - Filling up the DagBag from /home/airflow/.local/lib/python3.8/site-packages/airflow/example_dags/example_sensor_decorator.py
[2025-01-29T23:51:12.387+0000] {processor.py:840} INFO - DAG(s) 'example_sensor_decorator' retrieved from /home/airflow/.local/lib/python3.8/site-packages/airflow/example_dags/example_sensor_decorator.py
[2025-01-29T23:51:12.421+0000] {logging_mixin.py:188} INFO - [2025-01-29T23:51:12.421+0000] {dag.py:3036} INFO - Sync 1 DAGs
[2025-01-29T23:51:12.448+0000] {logging_mixin.py:188} INFO - [2025-01-29T23:51:12.448+0000] {dag.py:3823} INFO - Setting next_dagrun for example_sensor_decorator to None, run_after=None
[2025-01-29T23:51:12.486+0000] {processor.py:183} INFO - Processing /home/airflow/.local/lib/python3.8/site-packages/airflow/example_dags/example_sensor_decorator.py took 0.117 seconds
[2025-01-29T23:51:42.660+0000] {processor.py:161} INFO - Started process (PID=2140) to work on /home/airflow/.local/lib/python3.8/site-packages/airflow/example_dags/example_sensor_decorator.py
[2025-01-29T23:51:42.678+0000] {processor.py:830} INFO - Processing file /home/airflow/.local/lib/python3.8/site-packages/airflow/example_dags/example_sensor_decorator.py for tasks to queue
[2025-01-29T23:51:42.686+0000] {logging_mixin.py:188} INFO - [2025-01-29T23:51:42.686+0000] {dagbag.py:538} INFO - Filling up the DagBag from /home/airflow/.local/lib/python3.8/site-packages/airflow/example_dags/example_sensor_decorator.py
[2025-01-29T23:51:42.748+0000] {processor.py:840} INFO - DAG(s) 'example_sensor_decorator' retrieved from /home/airflow/.local/lib/python3.8/site-packages/airflow/example_dags/example_sensor_decorator.py
[2025-01-29T23:51:42.862+0000] {logging_mixin.py:188} INFO - [2025-01-29T23:51:42.862+0000] {dag.py:3036} INFO - Sync 1 DAGs
[2025-01-29T23:51:42.936+0000] {logging_mixin.py:188} INFO - [2025-01-29T23:51:42.935+0000] {dag.py:3823} INFO - Setting next_dagrun for example_sensor_decorator to None, run_after=None
[2025-01-29T23:51:43.025+0000] {processor.py:183} INFO - Processing /home/airflow/.local/lib/python3.8/site-packages/airflow/example_dags/example_sensor_decorator.py took 0.396 seconds
[2025-01-29T23:52:13.816+0000] {processor.py:161} INFO - Started process (PID=2197) to work on /home/airflow/.local/lib/python3.8/site-packages/airflow/example_dags/example_sensor_decorator.py
[2025-01-29T23:52:13.835+0000] {processor.py:830} INFO - Processing file /home/airflow/.local/lib/python3.8/site-packages/airflow/example_dags/example_sensor_decorator.py for tasks to queue
[2025-01-29T23:52:13.865+0000] {logging_mixin.py:188} INFO - [2025-01-29T23:52:13.848+0000] {dagbag.py:538} INFO - Filling up the DagBag from /home/airflow/.local/lib/python3.8/site-packages/airflow/example_dags/example_sensor_decorator.py
[2025-01-29T23:52:13.901+0000] {processor.py:840} INFO - DAG(s) 'example_sensor_decorator' retrieved from /home/airflow/.local/lib/python3.8/site-packages/airflow/example_dags/example_sensor_decorator.py
[2025-01-29T23:52:13.985+0000] {logging_mixin.py:188} INFO - [2025-01-29T23:52:13.984+0000] {dag.py:3036} INFO - Sync 1 DAGs
[2025-01-29T23:52:14.044+0000] {logging_mixin.py:188} INFO - [2025-01-29T23:52:14.043+0000] {dag.py:3823} INFO - Setting next_dagrun for example_sensor_decorator to None, run_after=None
[2025-01-29T23:52:14.118+0000] {processor.py:183} INFO - Processing /home/airflow/.local/lib/python3.8/site-packages/airflow/example_dags/example_sensor_decorator.py took 0.322 seconds
[2025-01-29T23:52:44.687+0000] {processor.py:161} INFO - Started process (PID=2253) to work on /home/airflow/.local/lib/python3.8/site-packages/airflow/example_dags/example_sensor_decorator.py
[2025-01-29T23:52:44.690+0000] {processor.py:830} INFO - Processing file /home/airflow/.local/lib/python3.8/site-packages/airflow/example_dags/example_sensor_decorator.py for tasks to queue
[2025-01-29T23:52:44.692+0000] {logging_mixin.py:188} INFO - [2025-01-29T23:52:44.691+0000] {dagbag.py:538} INFO - Filling up the DagBag from /home/airflow/.local/lib/python3.8/site-packages/airflow/example_dags/example_sensor_decorator.py
[2025-01-29T23:52:44.701+0000] {processor.py:840} INFO - DAG(s) 'example_sensor_decorator' retrieved from /home/airflow/.local/lib/python3.8/site-packages/airflow/example_dags/example_sensor_decorator.py
[2025-01-29T23:52:44.737+0000] {logging_mixin.py:188} INFO - [2025-01-29T23:52:44.737+0000] {dag.py:3036} INFO - Sync 1 DAGs
[2025-01-29T23:52:44.765+0000] {logging_mixin.py:188} INFO - [2025-01-29T23:52:44.765+0000] {dag.py:3823} INFO - Setting next_dagrun for example_sensor_decorator to None, run_after=None
[2025-01-29T23:52:44.800+0000] {processor.py:183} INFO - Processing /home/airflow/.local/lib/python3.8/site-packages/airflow/example_dags/example_sensor_decorator.py took 0.119 seconds
[2025-01-29T23:53:15.040+0000] {processor.py:161} INFO - Started process (PID=2309) to work on /home/airflow/.local/lib/python3.8/site-packages/airflow/example_dags/example_sensor_decorator.py
[2025-01-29T23:53:15.041+0000] {processor.py:830} INFO - Processing file /home/airflow/.local/lib/python3.8/site-packages/airflow/example_dags/example_sensor_decorator.py for tasks to queue
[2025-01-29T23:53:15.043+0000] {logging_mixin.py:188} INFO - [2025-01-29T23:53:15.042+0000] {dagbag.py:538} INFO - Filling up the DagBag from /home/airflow/.local/lib/python3.8/site-packages/airflow/example_dags/example_sensor_decorator.py
[2025-01-29T23:53:15.050+0000] {processor.py:840} INFO - DAG(s) 'example_sensor_decorator' retrieved from /home/airflow/.local/lib/python3.8/site-packages/airflow/example_dags/example_sensor_decorator.py
[2025-01-29T23:53:15.076+0000] {logging_mixin.py:188} INFO - [2025-01-29T23:53:15.076+0000] {dag.py:3036} INFO - Sync 1 DAGs
[2025-01-29T23:53:15.095+0000] {logging_mixin.py:188} INFO - [2025-01-29T23:53:15.094+0000] {dag.py:3823} INFO - Setting next_dagrun for example_sensor_decorator to None, run_after=None
[2025-01-29T23:53:15.124+0000] {processor.py:183} INFO - Processing /home/airflow/.local/lib/python3.8/site-packages/airflow/example_dags/example_sensor_decorator.py took 0.087 seconds
[2025-01-29T23:53:45.811+0000] {processor.py:161} INFO - Started process (PID=2364) to work on /home/airflow/.local/lib/python3.8/site-packages/airflow/example_dags/example_sensor_decorator.py
[2025-01-29T23:53:45.813+0000] {processor.py:830} INFO - Processing file /home/airflow/.local/lib/python3.8/site-packages/airflow/example_dags/example_sensor_decorator.py for tasks to queue
[2025-01-29T23:53:45.814+0000] {logging_mixin.py:188} INFO - [2025-01-29T23:53:45.814+0000] {dagbag.py:538} INFO - Filling up the DagBag from /home/airflow/.local/lib/python3.8/site-packages/airflow/example_dags/example_sensor_decorator.py
[2025-01-29T23:53:45.821+0000] {processor.py:840} INFO - DAG(s) 'example_sensor_decorator' retrieved from /home/airflow/.local/lib/python3.8/site-packages/airflow/example_dags/example_sensor_decorator.py
[2025-01-29T23:53:45.848+0000] {logging_mixin.py:188} INFO - [2025-01-29T23:53:45.848+0000] {dag.py:3036} INFO - Sync 1 DAGs
[2025-01-29T23:53:45.865+0000] {logging_mixin.py:188} INFO - [2025-01-29T23:53:45.865+0000] {dag.py:3823} INFO - Setting next_dagrun for example_sensor_decorator to None, run_after=None
[2025-01-29T23:53:45.912+0000] {processor.py:183} INFO - Processing /home/airflow/.local/lib/python3.8/site-packages/airflow/example_dags/example_sensor_decorator.py took 0.105 seconds
[2025-01-29T23:54:17.088+0000] {processor.py:161} INFO - Started process (PID=2420) to work on /home/airflow/.local/lib/python3.8/site-packages/airflow/example_dags/example_sensor_decorator.py
[2025-01-29T23:54:17.092+0000] {processor.py:830} INFO - Processing file /home/airflow/.local/lib/python3.8/site-packages/airflow/example_dags/example_sensor_decorator.py for tasks to queue
[2025-01-29T23:54:17.105+0000] {logging_mixin.py:188} INFO - [2025-01-29T23:54:17.104+0000] {dagbag.py:538} INFO - Filling up the DagBag from /home/airflow/.local/lib/python3.8/site-packages/airflow/example_dags/example_sensor_decorator.py
[2025-01-29T23:54:17.140+0000] {processor.py:840} INFO - DAG(s) 'example_sensor_decorator' retrieved from /home/airflow/.local/lib/python3.8/site-packages/airflow/example_dags/example_sensor_decorator.py
[2025-01-29T23:54:17.297+0000] {logging_mixin.py:188} INFO - [2025-01-29T23:54:17.296+0000] {dag.py:3036} INFO - Sync 1 DAGs
[2025-01-29T23:54:17.469+0000] {logging_mixin.py:188} INFO - [2025-01-29T23:54:17.468+0000] {dag.py:3823} INFO - Setting next_dagrun for example_sensor_decorator to None, run_after=None
[2025-01-29T23:54:17.710+0000] {processor.py:183} INFO - Processing /home/airflow/.local/lib/python3.8/site-packages/airflow/example_dags/example_sensor_decorator.py took 0.634 seconds
[2025-01-29T23:54:49.094+0000] {processor.py:161} INFO - Started process (PID=2476) to work on /home/airflow/.local/lib/python3.8/site-packages/airflow/example_dags/example_sensor_decorator.py
[2025-01-29T23:54:49.098+0000] {processor.py:830} INFO - Processing file /home/airflow/.local/lib/python3.8/site-packages/airflow/example_dags/example_sensor_decorator.py for tasks to queue
[2025-01-29T23:54:49.102+0000] {logging_mixin.py:188} INFO - [2025-01-29T23:54:49.101+0000] {dagbag.py:538} INFO - Filling up the DagBag from /home/airflow/.local/lib/python3.8/site-packages/airflow/example_dags/example_sensor_decorator.py
[2025-01-29T23:54:49.122+0000] {processor.py:840} INFO - DAG(s) 'example_sensor_decorator' retrieved from /home/airflow/.local/lib/python3.8/site-packages/airflow/example_dags/example_sensor_decorator.py
[2025-01-29T23:54:49.238+0000] {logging_mixin.py:188} INFO - [2025-01-29T23:54:49.237+0000] {dag.py:3036} INFO - Sync 1 DAGs
[2025-01-29T23:54:49.335+0000] {logging_mixin.py:188} INFO - [2025-01-29T23:54:49.334+0000] {dag.py:3823} INFO - Setting next_dagrun for example_sensor_decorator to None, run_after=None
[2025-01-29T23:54:49.439+0000] {processor.py:183} INFO - Processing /home/airflow/.local/lib/python3.8/site-packages/airflow/example_dags/example_sensor_decorator.py took 0.360 seconds
[2025-01-29T23:55:20.000+0000] {processor.py:161} INFO - Started process (PID=2531) to work on /home/airflow/.local/lib/python3.8/site-packages/airflow/example_dags/example_sensor_decorator.py
[2025-01-29T23:55:20.003+0000] {processor.py:830} INFO - Processing file /home/airflow/.local/lib/python3.8/site-packages/airflow/example_dags/example_sensor_decorator.py for tasks to queue
[2025-01-29T23:55:20.006+0000] {logging_mixin.py:188} INFO - [2025-01-29T23:55:20.005+0000] {dagbag.py:538} INFO - Filling up the DagBag from /home/airflow/.local/lib/python3.8/site-packages/airflow/example_dags/example_sensor_decorator.py
[2025-01-29T23:55:20.024+0000] {processor.py:840} INFO - DAG(s) 'example_sensor_decorator' retrieved from /home/airflow/.local/lib/python3.8/site-packages/airflow/example_dags/example_sensor_decorator.py
[2025-01-29T23:55:20.142+0000] {logging_mixin.py:188} INFO - [2025-01-29T23:55:20.142+0000] {dag.py:3036} INFO - Sync 1 DAGs
[2025-01-29T23:55:20.329+0000] {logging_mixin.py:188} INFO - [2025-01-29T23:55:20.328+0000] {dag.py:3823} INFO - Setting next_dagrun for example_sensor_decorator to None, run_after=None
[2025-01-29T23:55:20.591+0000] {processor.py:183} INFO - Processing /home/airflow/.local/lib/python3.8/site-packages/airflow/example_dags/example_sensor_decorator.py took 0.599 seconds
[2025-01-29T23:55:50.965+0000] {processor.py:161} INFO - Started process (PID=2585) to work on /home/airflow/.local/lib/python3.8/site-packages/airflow/example_dags/example_sensor_decorator.py
[2025-01-29T23:55:50.995+0000] {processor.py:830} INFO - Processing file /home/airflow/.local/lib/python3.8/site-packages/airflow/example_dags/example_sensor_decorator.py for tasks to queue
[2025-01-29T23:55:51.026+0000] {logging_mixin.py:188} INFO - [2025-01-29T23:55:51.025+0000] {dagbag.py:538} INFO - Filling up the DagBag from /home/airflow/.local/lib/python3.8/site-packages/airflow/example_dags/example_sensor_decorator.py
[2025-01-29T23:55:51.064+0000] {processor.py:840} INFO - DAG(s) 'example_sensor_decorator' retrieved from /home/airflow/.local/lib/python3.8/site-packages/airflow/example_dags/example_sensor_decorator.py
[2025-01-29T23:55:51.182+0000] {logging_mixin.py:188} INFO - [2025-01-29T23:55:51.181+0000] {dag.py:3036} INFO - Sync 1 DAGs
[2025-01-29T23:55:51.240+0000] {logging_mixin.py:188} INFO - [2025-01-29T23:55:51.239+0000] {dag.py:3823} INFO - Setting next_dagrun for example_sensor_decorator to None, run_after=None
[2025-01-29T23:55:51.306+0000] {processor.py:183} INFO - Processing /home/airflow/.local/lib/python3.8/site-packages/airflow/example_dags/example_sensor_decorator.py took 0.365 seconds
[2025-01-29T23:56:21.700+0000] {processor.py:161} INFO - Started process (PID=2641) to work on /home/airflow/.local/lib/python3.8/site-packages/airflow/example_dags/example_sensor_decorator.py
[2025-01-29T23:56:21.726+0000] {processor.py:830} INFO - Processing file /home/airflow/.local/lib/python3.8/site-packages/airflow/example_dags/example_sensor_decorator.py for tasks to queue
[2025-01-29T23:56:21.749+0000] {logging_mixin.py:188} INFO - [2025-01-29T23:56:21.748+0000] {dagbag.py:538} INFO - Filling up the DagBag from /home/airflow/.local/lib/python3.8/site-packages/airflow/example_dags/example_sensor_decorator.py
[2025-01-29T23:56:21.820+0000] {processor.py:840} INFO - DAG(s) 'example_sensor_decorator' retrieved from /home/airflow/.local/lib/python3.8/site-packages/airflow/example_dags/example_sensor_decorator.py
[2025-01-29T23:56:22.039+0000] {logging_mixin.py:188} INFO - [2025-01-29T23:56:22.038+0000] {dag.py:3036} INFO - Sync 1 DAGs
[2025-01-29T23:56:22.257+0000] {logging_mixin.py:188} INFO - [2025-01-29T23:56:22.257+0000] {dag.py:3823} INFO - Setting next_dagrun for example_sensor_decorator to None, run_after=None
[2025-01-29T23:56:22.520+0000] {processor.py:183} INFO - Processing /home/airflow/.local/lib/python3.8/site-packages/airflow/example_dags/example_sensor_decorator.py took 0.849 seconds
[2025-01-29T23:56:52.911+0000] {processor.py:161} INFO - Started process (PID=2697) to work on /home/airflow/.local/lib/python3.8/site-packages/airflow/example_dags/example_sensor_decorator.py
[2025-01-29T23:56:52.913+0000] {processor.py:830} INFO - Processing file /home/airflow/.local/lib/python3.8/site-packages/airflow/example_dags/example_sensor_decorator.py for tasks to queue
[2025-01-29T23:56:52.916+0000] {logging_mixin.py:188} INFO - [2025-01-29T23:56:52.915+0000] {dagbag.py:538} INFO - Filling up the DagBag from /home/airflow/.local/lib/python3.8/site-packages/airflow/example_dags/example_sensor_decorator.py
[2025-01-29T23:56:52.932+0000] {processor.py:840} INFO - DAG(s) 'example_sensor_decorator' retrieved from /home/airflow/.local/lib/python3.8/site-packages/airflow/example_dags/example_sensor_decorator.py
[2025-01-29T23:56:53.206+0000] {logging_mixin.py:188} INFO - [2025-01-29T23:56:53.205+0000] {dag.py:3036} INFO - Sync 1 DAGs
[2025-01-29T23:56:53.234+0000] {logging_mixin.py:188} INFO - [2025-01-29T23:56:53.234+0000] {dag.py:3823} INFO - Setting next_dagrun for example_sensor_decorator to None, run_after=None
[2025-01-29T23:56:53.284+0000] {processor.py:183} INFO - Processing /home/airflow/.local/lib/python3.8/site-packages/airflow/example_dags/example_sensor_decorator.py took 0.379 seconds
[2025-01-29T23:57:23.964+0000] {processor.py:161} INFO - Started process (PID=2754) to work on /home/airflow/.local/lib/python3.8/site-packages/airflow/example_dags/example_sensor_decorator.py
[2025-01-29T23:57:23.970+0000] {processor.py:830} INFO - Processing file /home/airflow/.local/lib/python3.8/site-packages/airflow/example_dags/example_sensor_decorator.py for tasks to queue
[2025-01-29T23:57:23.974+0000] {logging_mixin.py:188} INFO - [2025-01-29T23:57:23.973+0000] {dagbag.py:538} INFO - Filling up the DagBag from /home/airflow/.local/lib/python3.8/site-packages/airflow/example_dags/example_sensor_decorator.py
[2025-01-29T23:57:24.007+0000] {processor.py:840} INFO - DAG(s) 'example_sensor_decorator' retrieved from /home/airflow/.local/lib/python3.8/site-packages/airflow/example_dags/example_sensor_decorator.py
[2025-01-29T23:57:24.149+0000] {logging_mixin.py:188} INFO - [2025-01-29T23:57:24.149+0000] {dag.py:3036} INFO - Sync 1 DAGs
[2025-01-29T23:57:24.665+0000] {logging_mixin.py:188} INFO - [2025-01-29T23:57:24.664+0000] {dag.py:3823} INFO - Setting next_dagrun for example_sensor_decorator to None, run_after=None
[2025-01-29T23:57:24.743+0000] {processor.py:183} INFO - Processing /home/airflow/.local/lib/python3.8/site-packages/airflow/example_dags/example_sensor_decorator.py took 0.797 seconds
[2025-01-29T23:57:54.895+0000] {processor.py:161} INFO - Started process (PID=2809) to work on /home/airflow/.local/lib/python3.8/site-packages/airflow/example_dags/example_sensor_decorator.py
[2025-01-29T23:57:54.899+0000] {processor.py:830} INFO - Processing file /home/airflow/.local/lib/python3.8/site-packages/airflow/example_dags/example_sensor_decorator.py for tasks to queue
[2025-01-29T23:57:54.902+0000] {logging_mixin.py:188} INFO - [2025-01-29T23:57:54.901+0000] {dagbag.py:538} INFO - Filling up the DagBag from /home/airflow/.local/lib/python3.8/site-packages/airflow/example_dags/example_sensor_decorator.py
[2025-01-29T23:57:54.923+0000] {processor.py:840} INFO - DAG(s) 'example_sensor_decorator' retrieved from /home/airflow/.local/lib/python3.8/site-packages/airflow/example_dags/example_sensor_decorator.py
[2025-01-29T23:57:54.979+0000] {logging_mixin.py:188} INFO - [2025-01-29T23:57:54.978+0000] {dag.py:3036} INFO - Sync 1 DAGs
[2025-01-29T23:57:55.019+0000] {logging_mixin.py:188} INFO - [2025-01-29T23:57:55.019+0000] {dag.py:3823} INFO - Setting next_dagrun for example_sensor_decorator to None, run_after=None
[2025-01-29T23:57:55.374+0000] {processor.py:183} INFO - Processing /home/airflow/.local/lib/python3.8/site-packages/airflow/example_dags/example_sensor_decorator.py took 0.486 seconds
[2025-01-29T23:58:25.632+0000] {processor.py:161} INFO - Started process (PID=2865) to work on /home/airflow/.local/lib/python3.8/site-packages/airflow/example_dags/example_sensor_decorator.py
[2025-01-29T23:58:25.639+0000] {processor.py:830} INFO - Processing file /home/airflow/.local/lib/python3.8/site-packages/airflow/example_dags/example_sensor_decorator.py for tasks to queue
[2025-01-29T23:58:25.642+0000] {logging_mixin.py:188} INFO - [2025-01-29T23:58:25.641+0000] {dagbag.py:538} INFO - Filling up the DagBag from /home/airflow/.local/lib/python3.8/site-packages/airflow/example_dags/example_sensor_decorator.py
[2025-01-29T23:58:25.665+0000] {processor.py:840} INFO - DAG(s) 'example_sensor_decorator' retrieved from /home/airflow/.local/lib/python3.8/site-packages/airflow/example_dags/example_sensor_decorator.py
[2025-01-29T23:58:25.735+0000] {logging_mixin.py:188} INFO - [2025-01-29T23:58:25.734+0000] {dag.py:3036} INFO - Sync 1 DAGs
[2025-01-29T23:58:25.782+0000] {logging_mixin.py:188} INFO - [2025-01-29T23:58:25.781+0000] {dag.py:3823} INFO - Setting next_dagrun for example_sensor_decorator to None, run_after=None
[2025-01-29T23:58:25.854+0000] {processor.py:183} INFO - Processing /home/airflow/.local/lib/python3.8/site-packages/airflow/example_dags/example_sensor_decorator.py took 0.234 seconds
[2025-01-29T23:59:02.605+0000] {processor.py:161} INFO - Started process (PID=2927) to work on /home/airflow/.local/lib/python3.8/site-packages/airflow/example_dags/example_sensor_decorator.py
[2025-01-29T23:59:02.610+0000] {processor.py:830} INFO - Processing file /home/airflow/.local/lib/python3.8/site-packages/airflow/example_dags/example_sensor_decorator.py for tasks to queue
[2025-01-29T23:59:02.619+0000] {logging_mixin.py:188} INFO - [2025-01-29T23:59:02.618+0000] {dagbag.py:538} INFO - Filling up the DagBag from /home/airflow/.local/lib/python3.8/site-packages/airflow/example_dags/example_sensor_decorator.py
[2025-01-29T23:59:02.656+0000] {processor.py:840} INFO - DAG(s) 'example_sensor_decorator' retrieved from /home/airflow/.local/lib/python3.8/site-packages/airflow/example_dags/example_sensor_decorator.py
[2025-01-29T23:59:02.757+0000] {logging_mixin.py:188} INFO - [2025-01-29T23:59:02.757+0000] {dag.py:3036} INFO - Sync 1 DAGs
[2025-01-29T23:59:02.810+0000] {logging_mixin.py:188} INFO - [2025-01-29T23:59:02.809+0000] {dag.py:3823} INFO - Setting next_dagrun for example_sensor_decorator to None, run_after=None
[2025-01-29T23:59:02.948+0000] {processor.py:183} INFO - Processing /home/airflow/.local/lib/python3.8/site-packages/airflow/example_dags/example_sensor_decorator.py took 0.392 seconds
[2025-01-29T23:59:33.926+0000] {processor.py:161} INFO - Started process (PID=2983) to work on /home/airflow/.local/lib/python3.8/site-packages/airflow/example_dags/example_sensor_decorator.py
[2025-01-29T23:59:33.929+0000] {processor.py:830} INFO - Processing file /home/airflow/.local/lib/python3.8/site-packages/airflow/example_dags/example_sensor_decorator.py for tasks to queue
[2025-01-29T23:59:33.932+0000] {logging_mixin.py:188} INFO - [2025-01-29T23:59:33.931+0000] {dagbag.py:538} INFO - Filling up the DagBag from /home/airflow/.local/lib/python3.8/site-packages/airflow/example_dags/example_sensor_decorator.py
[2025-01-29T23:59:33.947+0000] {processor.py:840} INFO - DAG(s) 'example_sensor_decorator' retrieved from /home/airflow/.local/lib/python3.8/site-packages/airflow/example_dags/example_sensor_decorator.py
[2025-01-29T23:59:34.003+0000] {logging_mixin.py:188} INFO - [2025-01-29T23:59:34.003+0000] {dag.py:3036} INFO - Sync 1 DAGs
[2025-01-29T23:59:34.042+0000] {logging_mixin.py:188} INFO - [2025-01-29T23:59:34.041+0000] {dag.py:3823} INFO - Setting next_dagrun for example_sensor_decorator to None, run_after=None
[2025-01-29T23:59:34.094+0000] {processor.py:183} INFO - Processing /home/airflow/.local/lib/python3.8/site-packages/airflow/example_dags/example_sensor_decorator.py took 0.177 seconds
