[2025-01-29T23:31:38.534+0000] {processor.py:161} INFO - Started process (PID=109) to work on /home/airflow/.local/lib/python3.8/site-packages/airflow/example_dags/example_python_decorator.py
[2025-01-29T23:31:38.547+0000] {processor.py:830} INFO - Processing file /home/airflow/.local/lib/python3.8/site-packages/airflow/example_dags/example_python_decorator.py for tasks to queue
[2025-01-29T23:31:38.563+0000] {logging_mixin.py:188} INFO - [2025-01-29T23:31:38.562+0000] {dagbag.py:538} INFO - Filling up the DagBag from /home/airflow/.local/lib/python3.8/site-packages/airflow/example_dags/example_python_decorator.py
[2025-01-29T23:31:38.687+0000] {processor.py:840} INFO - DAG(s) 'example_python_decorator' retrieved from /home/airflow/.local/lib/python3.8/site-packages/airflow/example_dags/example_python_decorator.py
[2025-01-29T23:31:39.491+0000] {logging_mixin.py:188} INFO - [2025-01-29T23:31:39.490+0000] {dag.py:3036} INFO - Sync 1 DAGs
[2025-01-29T23:31:39.596+0000] {logging_mixin.py:188} INFO - [2025-01-29T23:31:39.596+0000] {dag.py:3823} INFO - Setting next_dagrun for example_python_decorator to None, run_after=None
[2025-01-29T23:31:39.679+0000] {processor.py:183} INFO - Processing /home/airflow/.local/lib/python3.8/site-packages/airflow/example_dags/example_python_decorator.py took 1.173 seconds
[2025-01-29T23:32:09.876+0000] {processor.py:161} INFO - Started process (PID=166) to work on /home/airflow/.local/lib/python3.8/site-packages/airflow/example_dags/example_python_decorator.py
[2025-01-29T23:32:09.878+0000] {processor.py:830} INFO - Processing file /home/airflow/.local/lib/python3.8/site-packages/airflow/example_dags/example_python_decorator.py for tasks to queue
[2025-01-29T23:32:09.883+0000] {logging_mixin.py:188} INFO - [2025-01-29T23:32:09.882+0000] {dagbag.py:538} INFO - Filling up the DagBag from /home/airflow/.local/lib/python3.8/site-packages/airflow/example_dags/example_python_decorator.py
[2025-01-29T23:32:09.944+0000] {processor.py:840} INFO - DAG(s) 'example_python_decorator' retrieved from /home/airflow/.local/lib/python3.8/site-packages/airflow/example_dags/example_python_decorator.py
[2025-01-29T23:32:10.080+0000] {logging_mixin.py:188} INFO - [2025-01-29T23:32:10.080+0000] {dag.py:3036} INFO - Sync 1 DAGs
[2025-01-29T23:32:10.183+0000] {logging_mixin.py:188} INFO - [2025-01-29T23:32:10.182+0000] {dag.py:3823} INFO - Setting next_dagrun for example_python_decorator to None, run_after=None
[2025-01-29T23:32:10.327+0000] {processor.py:183} INFO - Processing /home/airflow/.local/lib/python3.8/site-packages/airflow/example_dags/example_python_decorator.py took 0.460 seconds
[2025-01-29T23:33:24.123+0000] {processor.py:161} INFO - Started process (PID=241) to work on /home/airflow/.local/lib/python3.8/site-packages/airflow/example_dags/example_python_decorator.py
[2025-01-29T23:33:24.136+0000] {processor.py:830} INFO - Processing file /home/airflow/.local/lib/python3.8/site-packages/airflow/example_dags/example_python_decorator.py for tasks to queue
[2025-01-29T23:33:24.154+0000] {logging_mixin.py:188} INFO - [2025-01-29T23:33:24.153+0000] {dagbag.py:538} INFO - Filling up the DagBag from /home/airflow/.local/lib/python3.8/site-packages/airflow/example_dags/example_python_decorator.py
[2025-01-29T23:33:24.422+0000] {processor.py:840} INFO - DAG(s) 'example_python_decorator' retrieved from /home/airflow/.local/lib/python3.8/site-packages/airflow/example_dags/example_python_decorator.py
[2025-01-29T23:33:25.836+0000] {logging_mixin.py:188} INFO - [2025-01-29T23:33:25.835+0000] {dag.py:3036} INFO - Sync 1 DAGs
[2025-01-29T23:33:25.983+0000] {logging_mixin.py:188} INFO - [2025-01-29T23:33:25.980+0000] {dag.py:3823} INFO - Setting next_dagrun for example_python_decorator to None, run_after=None
[2025-01-29T23:33:26.163+0000] {processor.py:183} INFO - Processing /home/airflow/.local/lib/python3.8/site-packages/airflow/example_dags/example_python_decorator.py took 2.057 seconds
[2025-01-29T23:33:56.599+0000] {processor.py:161} INFO - Started process (PID=298) to work on /home/airflow/.local/lib/python3.8/site-packages/airflow/example_dags/example_python_decorator.py
[2025-01-29T23:33:56.601+0000] {processor.py:830} INFO - Processing file /home/airflow/.local/lib/python3.8/site-packages/airflow/example_dags/example_python_decorator.py for tasks to queue
[2025-01-29T23:33:56.616+0000] {logging_mixin.py:188} INFO - [2025-01-29T23:33:56.615+0000] {dagbag.py:538} INFO - Filling up the DagBag from /home/airflow/.local/lib/python3.8/site-packages/airflow/example_dags/example_python_decorator.py
[2025-01-29T23:33:57.116+0000] {processor.py:840} INFO - DAG(s) 'example_python_decorator' retrieved from /home/airflow/.local/lib/python3.8/site-packages/airflow/example_dags/example_python_decorator.py
[2025-01-29T23:33:57.362+0000] {logging_mixin.py:188} INFO - [2025-01-29T23:33:57.352+0000] {dag.py:3036} INFO - Sync 1 DAGs
[2025-01-29T23:33:57.522+0000] {logging_mixin.py:188} INFO - [2025-01-29T23:33:57.521+0000] {dag.py:3823} INFO - Setting next_dagrun for example_python_decorator to None, run_after=None
[2025-01-29T23:33:57.692+0000] {processor.py:183} INFO - Processing /home/airflow/.local/lib/python3.8/site-packages/airflow/example_dags/example_python_decorator.py took 1.115 seconds
[2025-01-29T23:34:28.514+0000] {processor.py:161} INFO - Started process (PID=355) to work on /home/airflow/.local/lib/python3.8/site-packages/airflow/example_dags/example_python_decorator.py
[2025-01-29T23:34:28.527+0000] {processor.py:830} INFO - Processing file /home/airflow/.local/lib/python3.8/site-packages/airflow/example_dags/example_python_decorator.py for tasks to queue
[2025-01-29T23:34:28.535+0000] {logging_mixin.py:188} INFO - [2025-01-29T23:34:28.534+0000] {dagbag.py:538} INFO - Filling up the DagBag from /home/airflow/.local/lib/python3.8/site-packages/airflow/example_dags/example_python_decorator.py
[2025-01-29T23:34:28.656+0000] {processor.py:840} INFO - DAG(s) 'example_python_decorator' retrieved from /home/airflow/.local/lib/python3.8/site-packages/airflow/example_dags/example_python_decorator.py
[2025-01-29T23:34:28.854+0000] {logging_mixin.py:188} INFO - [2025-01-29T23:34:28.853+0000] {dag.py:3036} INFO - Sync 1 DAGs
[2025-01-29T23:34:28.951+0000] {logging_mixin.py:188} INFO - [2025-01-29T23:34:28.950+0000] {dag.py:3823} INFO - Setting next_dagrun for example_python_decorator to None, run_after=None
[2025-01-29T23:34:29.175+0000] {processor.py:183} INFO - Processing /home/airflow/.local/lib/python3.8/site-packages/airflow/example_dags/example_python_decorator.py took 0.694 seconds
[2025-01-29T23:34:59.416+0000] {processor.py:161} INFO - Started process (PID=411) to work on /home/airflow/.local/lib/python3.8/site-packages/airflow/example_dags/example_python_decorator.py
[2025-01-29T23:34:59.419+0000] {processor.py:830} INFO - Processing file /home/airflow/.local/lib/python3.8/site-packages/airflow/example_dags/example_python_decorator.py for tasks to queue
[2025-01-29T23:34:59.423+0000] {logging_mixin.py:188} INFO - [2025-01-29T23:34:59.423+0000] {dagbag.py:538} INFO - Filling up the DagBag from /home/airflow/.local/lib/python3.8/site-packages/airflow/example_dags/example_python_decorator.py
[2025-01-29T23:34:59.482+0000] {processor.py:840} INFO - DAG(s) 'example_python_decorator' retrieved from /home/airflow/.local/lib/python3.8/site-packages/airflow/example_dags/example_python_decorator.py
[2025-01-29T23:34:59.567+0000] {logging_mixin.py:188} INFO - [2025-01-29T23:34:59.567+0000] {dag.py:3036} INFO - Sync 1 DAGs
[2025-01-29T23:34:59.638+0000] {logging_mixin.py:188} INFO - [2025-01-29T23:34:59.638+0000] {dag.py:3823} INFO - Setting next_dagrun for example_python_decorator to None, run_after=None
[2025-01-29T23:34:59.755+0000] {processor.py:183} INFO - Processing /home/airflow/.local/lib/python3.8/site-packages/airflow/example_dags/example_python_decorator.py took 0.351 seconds
[2025-01-29T23:35:41.479+0000] {processor.py:161} INFO - Started process (PID=468) to work on /home/airflow/.local/lib/python3.8/site-packages/airflow/example_dags/example_python_decorator.py
[2025-01-29T23:35:41.503+0000] {processor.py:830} INFO - Processing file /home/airflow/.local/lib/python3.8/site-packages/airflow/example_dags/example_python_decorator.py for tasks to queue
[2025-01-29T23:35:41.521+0000] {logging_mixin.py:188} INFO - [2025-01-29T23:35:41.520+0000] {dagbag.py:538} INFO - Filling up the DagBag from /home/airflow/.local/lib/python3.8/site-packages/airflow/example_dags/example_python_decorator.py
[2025-01-29T23:35:41.671+0000] {processor.py:840} INFO - DAG(s) 'example_python_decorator' retrieved from /home/airflow/.local/lib/python3.8/site-packages/airflow/example_dags/example_python_decorator.py
[2025-01-29T23:35:41.875+0000] {logging_mixin.py:188} INFO - [2025-01-29T23:35:41.874+0000] {dag.py:3036} INFO - Sync 1 DAGs
[2025-01-29T23:35:42.096+0000] {logging_mixin.py:188} INFO - [2025-01-29T23:35:42.096+0000] {dag.py:3823} INFO - Setting next_dagrun for example_python_decorator to None, run_after=None
[2025-01-29T23:35:42.352+0000] {processor.py:183} INFO - Processing /home/airflow/.local/lib/python3.8/site-packages/airflow/example_dags/example_python_decorator.py took 0.908 seconds
[2025-01-29T23:36:44.425+0000] {processor.py:161} INFO - Started process (PID=545) to work on /home/airflow/.local/lib/python3.8/site-packages/airflow/example_dags/example_python_decorator.py
[2025-01-29T23:36:44.433+0000] {processor.py:830} INFO - Processing file /home/airflow/.local/lib/python3.8/site-packages/airflow/example_dags/example_python_decorator.py for tasks to queue
[2025-01-29T23:36:44.451+0000] {logging_mixin.py:188} INFO - [2025-01-29T23:36:44.450+0000] {dagbag.py:538} INFO - Filling up the DagBag from /home/airflow/.local/lib/python3.8/site-packages/airflow/example_dags/example_python_decorator.py
[2025-01-29T23:36:44.533+0000] {processor.py:840} INFO - DAG(s) 'example_python_decorator' retrieved from /home/airflow/.local/lib/python3.8/site-packages/airflow/example_dags/example_python_decorator.py
[2025-01-29T23:36:44.745+0000] {logging_mixin.py:188} INFO - [2025-01-29T23:36:44.744+0000] {dag.py:3036} INFO - Sync 1 DAGs
[2025-01-29T23:36:44.868+0000] {logging_mixin.py:188} INFO - [2025-01-29T23:36:44.861+0000] {dag.py:3823} INFO - Setting next_dagrun for example_python_decorator to None, run_after=None
[2025-01-29T23:36:45.079+0000] {processor.py:183} INFO - Processing /home/airflow/.local/lib/python3.8/site-packages/airflow/example_dags/example_python_decorator.py took 0.673 seconds
[2025-01-29T23:37:17.015+0000] {processor.py:161} INFO - Started process (PID=601) to work on /home/airflow/.local/lib/python3.8/site-packages/airflow/example_dags/example_python_decorator.py
[2025-01-29T23:37:17.021+0000] {processor.py:830} INFO - Processing file /home/airflow/.local/lib/python3.8/site-packages/airflow/example_dags/example_python_decorator.py for tasks to queue
[2025-01-29T23:37:17.038+0000] {logging_mixin.py:188} INFO - [2025-01-29T23:37:17.038+0000] {dagbag.py:538} INFO - Filling up the DagBag from /home/airflow/.local/lib/python3.8/site-packages/airflow/example_dags/example_python_decorator.py
[2025-01-29T23:37:17.165+0000] {processor.py:840} INFO - DAG(s) 'example_python_decorator' retrieved from /home/airflow/.local/lib/python3.8/site-packages/airflow/example_dags/example_python_decorator.py
[2025-01-29T23:37:17.239+0000] {logging_mixin.py:188} INFO - [2025-01-29T23:37:17.238+0000] {dag.py:3036} INFO - Sync 1 DAGs
[2025-01-29T23:37:17.338+0000] {logging_mixin.py:188} INFO - [2025-01-29T23:37:17.337+0000] {dag.py:3823} INFO - Setting next_dagrun for example_python_decorator to None, run_after=None
[2025-01-29T23:37:17.466+0000] {processor.py:183} INFO - Processing /home/airflow/.local/lib/python3.8/site-packages/airflow/example_dags/example_python_decorator.py took 0.479 seconds
[2025-01-29T23:37:55.690+0000] {processor.py:161} INFO - Started process (PID=663) to work on /home/airflow/.local/lib/python3.8/site-packages/airflow/example_dags/example_python_decorator.py
[2025-01-29T23:37:55.706+0000] {processor.py:830} INFO - Processing file /home/airflow/.local/lib/python3.8/site-packages/airflow/example_dags/example_python_decorator.py for tasks to queue
[2025-01-29T23:37:55.726+0000] {logging_mixin.py:188} INFO - [2025-01-29T23:37:55.725+0000] {dagbag.py:538} INFO - Filling up the DagBag from /home/airflow/.local/lib/python3.8/site-packages/airflow/example_dags/example_python_decorator.py
[2025-01-29T23:37:55.871+0000] {processor.py:840} INFO - DAG(s) 'example_python_decorator' retrieved from /home/airflow/.local/lib/python3.8/site-packages/airflow/example_dags/example_python_decorator.py
[2025-01-29T23:37:57.052+0000] {logging_mixin.py:188} INFO - [2025-01-29T23:37:57.051+0000] {dag.py:3036} INFO - Sync 1 DAGs
[2025-01-29T23:37:57.142+0000] {logging_mixin.py:188} INFO - [2025-01-29T23:37:57.141+0000] {dag.py:3823} INFO - Setting next_dagrun for example_python_decorator to None, run_after=None
[2025-01-29T23:37:57.317+0000] {processor.py:183} INFO - Processing /home/airflow/.local/lib/python3.8/site-packages/airflow/example_dags/example_python_decorator.py took 1.727 seconds
[2025-01-29T23:38:32.165+0000] {processor.py:161} INFO - Started process (PID=722) to work on /home/airflow/.local/lib/python3.8/site-packages/airflow/example_dags/example_python_decorator.py
[2025-01-29T23:38:32.176+0000] {processor.py:830} INFO - Processing file /home/airflow/.local/lib/python3.8/site-packages/airflow/example_dags/example_python_decorator.py for tasks to queue
[2025-01-29T23:38:32.192+0000] {logging_mixin.py:188} INFO - [2025-01-29T23:38:32.191+0000] {dagbag.py:538} INFO - Filling up the DagBag from /home/airflow/.local/lib/python3.8/site-packages/airflow/example_dags/example_python_decorator.py
[2025-01-29T23:38:32.348+0000] {processor.py:840} INFO - DAG(s) 'example_python_decorator' retrieved from /home/airflow/.local/lib/python3.8/site-packages/airflow/example_dags/example_python_decorator.py
[2025-01-29T23:38:32.502+0000] {logging_mixin.py:188} INFO - [2025-01-29T23:38:32.498+0000] {dag.py:3036} INFO - Sync 1 DAGs
[2025-01-29T23:38:32.611+0000] {logging_mixin.py:188} INFO - [2025-01-29T23:38:32.611+0000] {dag.py:3823} INFO - Setting next_dagrun for example_python_decorator to None, run_after=None
[2025-01-29T23:38:32.870+0000] {processor.py:183} INFO - Processing /home/airflow/.local/lib/python3.8/site-packages/airflow/example_dags/example_python_decorator.py took 0.723 seconds
[2025-01-29T23:39:05.769+0000] {processor.py:161} INFO - Started process (PID=777) to work on /home/airflow/.local/lib/python3.8/site-packages/airflow/example_dags/example_python_decorator.py
[2025-01-29T23:39:05.779+0000] {processor.py:830} INFO - Processing file /home/airflow/.local/lib/python3.8/site-packages/airflow/example_dags/example_python_decorator.py for tasks to queue
[2025-01-29T23:39:05.797+0000] {logging_mixin.py:188} INFO - [2025-01-29T23:39:05.796+0000] {dagbag.py:538} INFO - Filling up the DagBag from /home/airflow/.local/lib/python3.8/site-packages/airflow/example_dags/example_python_decorator.py
[2025-01-29T23:39:05.921+0000] {processor.py:840} INFO - DAG(s) 'example_python_decorator' retrieved from /home/airflow/.local/lib/python3.8/site-packages/airflow/example_dags/example_python_decorator.py
[2025-01-29T23:39:06.121+0000] {logging_mixin.py:188} INFO - [2025-01-29T23:39:06.120+0000] {dag.py:3036} INFO - Sync 1 DAGs
[2025-01-29T23:39:06.181+0000] {logging_mixin.py:188} INFO - [2025-01-29T23:39:06.180+0000] {dag.py:3823} INFO - Setting next_dagrun for example_python_decorator to None, run_after=None
[2025-01-29T23:39:06.333+0000] {processor.py:183} INFO - Processing /home/airflow/.local/lib/python3.8/site-packages/airflow/example_dags/example_python_decorator.py took 0.594 seconds
[2025-01-29T23:39:37.167+0000] {processor.py:161} INFO - Started process (PID=842) to work on /home/airflow/.local/lib/python3.8/site-packages/airflow/example_dags/example_python_decorator.py
[2025-01-29T23:39:37.170+0000] {processor.py:830} INFO - Processing file /home/airflow/.local/lib/python3.8/site-packages/airflow/example_dags/example_python_decorator.py for tasks to queue
[2025-01-29T23:39:37.185+0000] {logging_mixin.py:188} INFO - [2025-01-29T23:39:37.184+0000] {dagbag.py:538} INFO - Filling up the DagBag from /home/airflow/.local/lib/python3.8/site-packages/airflow/example_dags/example_python_decorator.py
[2025-01-29T23:39:37.259+0000] {processor.py:840} INFO - DAG(s) 'example_python_decorator' retrieved from /home/airflow/.local/lib/python3.8/site-packages/airflow/example_dags/example_python_decorator.py
[2025-01-29T23:39:37.402+0000] {logging_mixin.py:188} INFO - [2025-01-29T23:39:37.401+0000] {dag.py:3036} INFO - Sync 1 DAGs
[2025-01-29T23:39:37.483+0000] {logging_mixin.py:188} INFO - [2025-01-29T23:39:37.482+0000] {dag.py:3823} INFO - Setting next_dagrun for example_python_decorator to None, run_after=None
[2025-01-29T23:39:37.578+0000] {processor.py:183} INFO - Processing /home/airflow/.local/lib/python3.8/site-packages/airflow/example_dags/example_python_decorator.py took 0.428 seconds
[2025-01-29T23:40:07.984+0000] {processor.py:161} INFO - Started process (PID=898) to work on /home/airflow/.local/lib/python3.8/site-packages/airflow/example_dags/example_python_decorator.py
[2025-01-29T23:40:07.990+0000] {processor.py:830} INFO - Processing file /home/airflow/.local/lib/python3.8/site-packages/airflow/example_dags/example_python_decorator.py for tasks to queue
[2025-01-29T23:40:07.995+0000] {logging_mixin.py:188} INFO - [2025-01-29T23:40:07.994+0000] {dagbag.py:538} INFO - Filling up the DagBag from /home/airflow/.local/lib/python3.8/site-packages/airflow/example_dags/example_python_decorator.py
[2025-01-29T23:40:08.049+0000] {processor.py:840} INFO - DAG(s) 'example_python_decorator' retrieved from /home/airflow/.local/lib/python3.8/site-packages/airflow/example_dags/example_python_decorator.py
[2025-01-29T23:40:08.141+0000] {logging_mixin.py:188} INFO - [2025-01-29T23:40:08.140+0000] {dag.py:3036} INFO - Sync 1 DAGs
[2025-01-29T23:40:08.190+0000] {logging_mixin.py:188} INFO - [2025-01-29T23:40:08.189+0000] {dag.py:3823} INFO - Setting next_dagrun for example_python_decorator to None, run_after=None
[2025-01-29T23:40:08.286+0000] {processor.py:183} INFO - Processing /home/airflow/.local/lib/python3.8/site-packages/airflow/example_dags/example_python_decorator.py took 0.311 seconds
[2025-01-29T23:40:38.785+0000] {processor.py:161} INFO - Started process (PID=954) to work on /home/airflow/.local/lib/python3.8/site-packages/airflow/example_dags/example_python_decorator.py
[2025-01-29T23:40:38.788+0000] {processor.py:830} INFO - Processing file /home/airflow/.local/lib/python3.8/site-packages/airflow/example_dags/example_python_decorator.py for tasks to queue
[2025-01-29T23:40:38.801+0000] {logging_mixin.py:188} INFO - [2025-01-29T23:40:38.795+0000] {dagbag.py:538} INFO - Filling up the DagBag from /home/airflow/.local/lib/python3.8/site-packages/airflow/example_dags/example_python_decorator.py
[2025-01-29T23:40:38.865+0000] {processor.py:840} INFO - DAG(s) 'example_python_decorator' retrieved from /home/airflow/.local/lib/python3.8/site-packages/airflow/example_dags/example_python_decorator.py
[2025-01-29T23:40:38.994+0000] {logging_mixin.py:188} INFO - [2025-01-29T23:40:38.993+0000] {dag.py:3036} INFO - Sync 1 DAGs
[2025-01-29T23:40:39.066+0000] {logging_mixin.py:188} INFO - [2025-01-29T23:40:39.065+0000] {dag.py:3823} INFO - Setting next_dagrun for example_python_decorator to None, run_after=None
[2025-01-29T23:40:39.157+0000] {processor.py:183} INFO - Processing /home/airflow/.local/lib/python3.8/site-packages/airflow/example_dags/example_python_decorator.py took 0.384 seconds
[2025-01-29T23:41:09.508+0000] {processor.py:161} INFO - Started process (PID=1010) to work on /home/airflow/.local/lib/python3.8/site-packages/airflow/example_dags/example_python_decorator.py
[2025-01-29T23:41:09.516+0000] {processor.py:830} INFO - Processing file /home/airflow/.local/lib/python3.8/site-packages/airflow/example_dags/example_python_decorator.py for tasks to queue
[2025-01-29T23:41:09.524+0000] {logging_mixin.py:188} INFO - [2025-01-29T23:41:09.523+0000] {dagbag.py:538} INFO - Filling up the DagBag from /home/airflow/.local/lib/python3.8/site-packages/airflow/example_dags/example_python_decorator.py
[2025-01-29T23:41:09.580+0000] {processor.py:840} INFO - DAG(s) 'example_python_decorator' retrieved from /home/airflow/.local/lib/python3.8/site-packages/airflow/example_dags/example_python_decorator.py
[2025-01-29T23:41:09.694+0000] {logging_mixin.py:188} INFO - [2025-01-29T23:41:09.693+0000] {dag.py:3036} INFO - Sync 1 DAGs
[2025-01-29T23:41:09.763+0000] {logging_mixin.py:188} INFO - [2025-01-29T23:41:09.762+0000] {dag.py:3823} INFO - Setting next_dagrun for example_python_decorator to None, run_after=None
[2025-01-29T23:41:09.866+0000] {processor.py:183} INFO - Processing /home/airflow/.local/lib/python3.8/site-packages/airflow/example_dags/example_python_decorator.py took 0.364 seconds
[2025-01-29T23:41:40.029+0000] {processor.py:161} INFO - Started process (PID=1066) to work on /home/airflow/.local/lib/python3.8/site-packages/airflow/example_dags/example_python_decorator.py
[2025-01-29T23:41:40.038+0000] {processor.py:830} INFO - Processing file /home/airflow/.local/lib/python3.8/site-packages/airflow/example_dags/example_python_decorator.py for tasks to queue
[2025-01-29T23:41:40.048+0000] {logging_mixin.py:188} INFO - [2025-01-29T23:41:40.047+0000] {dagbag.py:538} INFO - Filling up the DagBag from /home/airflow/.local/lib/python3.8/site-packages/airflow/example_dags/example_python_decorator.py
[2025-01-29T23:41:40.120+0000] {processor.py:840} INFO - DAG(s) 'example_python_decorator' retrieved from /home/airflow/.local/lib/python3.8/site-packages/airflow/example_dags/example_python_decorator.py
[2025-01-29T23:41:40.238+0000] {logging_mixin.py:188} INFO - [2025-01-29T23:41:40.238+0000] {dag.py:3036} INFO - Sync 1 DAGs
[2025-01-29T23:41:40.324+0000] {logging_mixin.py:188} INFO - [2025-01-29T23:41:40.323+0000] {dag.py:3823} INFO - Setting next_dagrun for example_python_decorator to None, run_after=None
[2025-01-29T23:41:40.508+0000] {processor.py:183} INFO - Processing /home/airflow/.local/lib/python3.8/site-packages/airflow/example_dags/example_python_decorator.py took 0.501 seconds
[2025-01-29T23:42:10.929+0000] {processor.py:161} INFO - Started process (PID=1121) to work on /home/airflow/.local/lib/python3.8/site-packages/airflow/example_dags/example_python_decorator.py
[2025-01-29T23:42:10.939+0000] {processor.py:830} INFO - Processing file /home/airflow/.local/lib/python3.8/site-packages/airflow/example_dags/example_python_decorator.py for tasks to queue
[2025-01-29T23:42:10.943+0000] {logging_mixin.py:188} INFO - [2025-01-29T23:42:10.943+0000] {dagbag.py:538} INFO - Filling up the DagBag from /home/airflow/.local/lib/python3.8/site-packages/airflow/example_dags/example_python_decorator.py
[2025-01-29T23:42:11.026+0000] {processor.py:840} INFO - DAG(s) 'example_python_decorator' retrieved from /home/airflow/.local/lib/python3.8/site-packages/airflow/example_dags/example_python_decorator.py
[2025-01-29T23:42:11.168+0000] {logging_mixin.py:188} INFO - [2025-01-29T23:42:11.167+0000] {dag.py:3036} INFO - Sync 1 DAGs
[2025-01-29T23:42:11.263+0000] {logging_mixin.py:188} INFO - [2025-01-29T23:42:11.263+0000] {dag.py:3823} INFO - Setting next_dagrun for example_python_decorator to None, run_after=None
[2025-01-29T23:42:11.397+0000] {processor.py:183} INFO - Processing /home/airflow/.local/lib/python3.8/site-packages/airflow/example_dags/example_python_decorator.py took 0.476 seconds
[2025-01-29T23:42:43.200+0000] {processor.py:161} INFO - Started process (PID=1177) to work on /home/airflow/.local/lib/python3.8/site-packages/airflow/example_dags/example_python_decorator.py
[2025-01-29T23:42:43.205+0000] {processor.py:830} INFO - Processing file /home/airflow/.local/lib/python3.8/site-packages/airflow/example_dags/example_python_decorator.py for tasks to queue
[2025-01-29T23:42:43.226+0000] {logging_mixin.py:188} INFO - [2025-01-29T23:42:43.225+0000] {dagbag.py:538} INFO - Filling up the DagBag from /home/airflow/.local/lib/python3.8/site-packages/airflow/example_dags/example_python_decorator.py
[2025-01-29T23:42:43.332+0000] {processor.py:840} INFO - DAG(s) 'example_python_decorator' retrieved from /home/airflow/.local/lib/python3.8/site-packages/airflow/example_dags/example_python_decorator.py
[2025-01-29T23:42:43.510+0000] {logging_mixin.py:188} INFO - [2025-01-29T23:42:43.509+0000] {dag.py:3036} INFO - Sync 1 DAGs
[2025-01-29T23:42:43.621+0000] {logging_mixin.py:188} INFO - [2025-01-29T23:42:43.621+0000] {dag.py:3823} INFO - Setting next_dagrun for example_python_decorator to None, run_after=None
[2025-01-29T23:42:43.785+0000] {processor.py:183} INFO - Processing /home/airflow/.local/lib/python3.8/site-packages/airflow/example_dags/example_python_decorator.py took 0.605 seconds
[2025-01-29T23:43:17.615+0000] {processor.py:161} INFO - Started process (PID=1234) to work on /home/airflow/.local/lib/python3.8/site-packages/airflow/example_dags/example_python_decorator.py
[2025-01-29T23:43:17.625+0000] {processor.py:830} INFO - Processing file /home/airflow/.local/lib/python3.8/site-packages/airflow/example_dags/example_python_decorator.py for tasks to queue
[2025-01-29T23:43:17.640+0000] {logging_mixin.py:188} INFO - [2025-01-29T23:43:17.639+0000] {dagbag.py:538} INFO - Filling up the DagBag from /home/airflow/.local/lib/python3.8/site-packages/airflow/example_dags/example_python_decorator.py
[2025-01-29T23:43:17.701+0000] {processor.py:840} INFO - DAG(s) 'example_python_decorator' retrieved from /home/airflow/.local/lib/python3.8/site-packages/airflow/example_dags/example_python_decorator.py
[2025-01-29T23:43:17.808+0000] {logging_mixin.py:188} INFO - [2025-01-29T23:43:17.807+0000] {dag.py:3036} INFO - Sync 1 DAGs
[2025-01-29T23:43:17.877+0000] {logging_mixin.py:188} INFO - [2025-01-29T23:43:17.876+0000] {dag.py:3823} INFO - Setting next_dagrun for example_python_decorator to None, run_after=None
[2025-01-29T23:43:17.989+0000] {processor.py:183} INFO - Processing /home/airflow/.local/lib/python3.8/site-packages/airflow/example_dags/example_python_decorator.py took 0.383 seconds
[2025-01-29T23:43:49.207+0000] {processor.py:161} INFO - Started process (PID=1289) to work on /home/airflow/.local/lib/python3.8/site-packages/airflow/example_dags/example_python_decorator.py
[2025-01-29T23:43:49.217+0000] {processor.py:830} INFO - Processing file /home/airflow/.local/lib/python3.8/site-packages/airflow/example_dags/example_python_decorator.py for tasks to queue
[2025-01-29T23:43:49.230+0000] {logging_mixin.py:188} INFO - [2025-01-29T23:43:49.229+0000] {dagbag.py:538} INFO - Filling up the DagBag from /home/airflow/.local/lib/python3.8/site-packages/airflow/example_dags/example_python_decorator.py
[2025-01-29T23:43:49.274+0000] {processor.py:840} INFO - DAG(s) 'example_python_decorator' retrieved from /home/airflow/.local/lib/python3.8/site-packages/airflow/example_dags/example_python_decorator.py
[2025-01-29T23:43:49.369+0000] {logging_mixin.py:188} INFO - [2025-01-29T23:43:49.369+0000] {dag.py:3036} INFO - Sync 1 DAGs
[2025-01-29T23:43:49.420+0000] {logging_mixin.py:188} INFO - [2025-01-29T23:43:49.419+0000] {dag.py:3823} INFO - Setting next_dagrun for example_python_decorator to None, run_after=None
[2025-01-29T23:43:49.530+0000] {processor.py:183} INFO - Processing /home/airflow/.local/lib/python3.8/site-packages/airflow/example_dags/example_python_decorator.py took 0.332 seconds
[2025-01-29T23:44:19.837+0000] {processor.py:161} INFO - Started process (PID=1345) to work on /home/airflow/.local/lib/python3.8/site-packages/airflow/example_dags/example_python_decorator.py
[2025-01-29T23:44:19.840+0000] {processor.py:830} INFO - Processing file /home/airflow/.local/lib/python3.8/site-packages/airflow/example_dags/example_python_decorator.py for tasks to queue
[2025-01-29T23:44:19.847+0000] {logging_mixin.py:188} INFO - [2025-01-29T23:44:19.846+0000] {dagbag.py:538} INFO - Filling up the DagBag from /home/airflow/.local/lib/python3.8/site-packages/airflow/example_dags/example_python_decorator.py
[2025-01-29T23:44:19.919+0000] {processor.py:840} INFO - DAG(s) 'example_python_decorator' retrieved from /home/airflow/.local/lib/python3.8/site-packages/airflow/example_dags/example_python_decorator.py
[2025-01-29T23:44:20.034+0000] {logging_mixin.py:188} INFO - [2025-01-29T23:44:20.033+0000] {dag.py:3036} INFO - Sync 1 DAGs
[2025-01-29T23:44:20.103+0000] {logging_mixin.py:188} INFO - [2025-01-29T23:44:20.103+0000] {dag.py:3823} INFO - Setting next_dagrun for example_python_decorator to None, run_after=None
[2025-01-29T23:44:20.201+0000] {processor.py:183} INFO - Processing /home/airflow/.local/lib/python3.8/site-packages/airflow/example_dags/example_python_decorator.py took 0.381 seconds
[2025-01-29T23:44:56.480+0000] {processor.py:161} INFO - Started process (PID=1408) to work on /home/airflow/.local/lib/python3.8/site-packages/airflow/example_dags/example_python_decorator.py
[2025-01-29T23:44:56.484+0000] {processor.py:830} INFO - Processing file /home/airflow/.local/lib/python3.8/site-packages/airflow/example_dags/example_python_decorator.py for tasks to queue
[2025-01-29T23:44:56.490+0000] {logging_mixin.py:188} INFO - [2025-01-29T23:44:56.489+0000] {dagbag.py:538} INFO - Filling up the DagBag from /home/airflow/.local/lib/python3.8/site-packages/airflow/example_dags/example_python_decorator.py
[2025-01-29T23:44:56.582+0000] {processor.py:840} INFO - DAG(s) 'example_python_decorator' retrieved from /home/airflow/.local/lib/python3.8/site-packages/airflow/example_dags/example_python_decorator.py
[2025-01-29T23:44:56.704+0000] {logging_mixin.py:188} INFO - [2025-01-29T23:44:56.701+0000] {dag.py:3036} INFO - Sync 1 DAGs
[2025-01-29T23:44:56.806+0000] {logging_mixin.py:188} INFO - [2025-01-29T23:44:56.806+0000] {dag.py:3823} INFO - Setting next_dagrun for example_python_decorator to None, run_after=None
[2025-01-29T23:44:56.917+0000] {processor.py:183} INFO - Processing /home/airflow/.local/lib/python3.8/site-packages/airflow/example_dags/example_python_decorator.py took 0.469 seconds
[2025-01-29T23:45:27.411+0000] {processor.py:161} INFO - Started process (PID=1466) to work on /home/airflow/.local/lib/python3.8/site-packages/airflow/example_dags/example_python_decorator.py
[2025-01-29T23:45:27.413+0000] {processor.py:830} INFO - Processing file /home/airflow/.local/lib/python3.8/site-packages/airflow/example_dags/example_python_decorator.py for tasks to queue
[2025-01-29T23:45:27.429+0000] {logging_mixin.py:188} INFO - [2025-01-29T23:45:27.428+0000] {dagbag.py:538} INFO - Filling up the DagBag from /home/airflow/.local/lib/python3.8/site-packages/airflow/example_dags/example_python_decorator.py
[2025-01-29T23:45:27.564+0000] {processor.py:840} INFO - DAG(s) 'example_python_decorator' retrieved from /home/airflow/.local/lib/python3.8/site-packages/airflow/example_dags/example_python_decorator.py
[2025-01-29T23:45:27.769+0000] {logging_mixin.py:188} INFO - [2025-01-29T23:45:27.768+0000] {dag.py:3036} INFO - Sync 1 DAGs
[2025-01-29T23:45:28.048+0000] {logging_mixin.py:188} INFO - [2025-01-29T23:45:28.048+0000] {dag.py:3823} INFO - Setting next_dagrun for example_python_decorator to None, run_after=None
[2025-01-29T23:45:28.257+0000] {processor.py:183} INFO - Processing /home/airflow/.local/lib/python3.8/site-packages/airflow/example_dags/example_python_decorator.py took 0.862 seconds
[2025-01-29T23:45:59.079+0000] {processor.py:161} INFO - Started process (PID=1522) to work on /home/airflow/.local/lib/python3.8/site-packages/airflow/example_dags/example_python_decorator.py
[2025-01-29T23:45:59.094+0000] {processor.py:830} INFO - Processing file /home/airflow/.local/lib/python3.8/site-packages/airflow/example_dags/example_python_decorator.py for tasks to queue
[2025-01-29T23:45:59.119+0000] {logging_mixin.py:188} INFO - [2025-01-29T23:45:59.118+0000] {dagbag.py:538} INFO - Filling up the DagBag from /home/airflow/.local/lib/python3.8/site-packages/airflow/example_dags/example_python_decorator.py
[2025-01-29T23:45:59.191+0000] {processor.py:840} INFO - DAG(s) 'example_python_decorator' retrieved from /home/airflow/.local/lib/python3.8/site-packages/airflow/example_dags/example_python_decorator.py
[2025-01-29T23:45:59.375+0000] {logging_mixin.py:188} INFO - [2025-01-29T23:45:59.375+0000] {dag.py:3036} INFO - Sync 1 DAGs
[2025-01-29T23:45:59.510+0000] {logging_mixin.py:188} INFO - [2025-01-29T23:45:59.498+0000] {dag.py:3823} INFO - Setting next_dagrun for example_python_decorator to None, run_after=None
[2025-01-29T23:45:59.635+0000] {processor.py:183} INFO - Processing /home/airflow/.local/lib/python3.8/site-packages/airflow/example_dags/example_python_decorator.py took 0.605 seconds
[2025-01-29T23:46:30.819+0000] {processor.py:161} INFO - Started process (PID=1578) to work on /home/airflow/.local/lib/python3.8/site-packages/airflow/example_dags/example_python_decorator.py
[2025-01-29T23:46:30.943+0000] {processor.py:830} INFO - Processing file /home/airflow/.local/lib/python3.8/site-packages/airflow/example_dags/example_python_decorator.py for tasks to queue
[2025-01-29T23:46:30.961+0000] {logging_mixin.py:188} INFO - [2025-01-29T23:46:30.960+0000] {dagbag.py:538} INFO - Filling up the DagBag from /home/airflow/.local/lib/python3.8/site-packages/airflow/example_dags/example_python_decorator.py
[2025-01-29T23:46:31.105+0000] {processor.py:840} INFO - DAG(s) 'example_python_decorator' retrieved from /home/airflow/.local/lib/python3.8/site-packages/airflow/example_dags/example_python_decorator.py
[2025-01-29T23:46:31.221+0000] {logging_mixin.py:188} INFO - [2025-01-29T23:46:31.220+0000] {dag.py:3036} INFO - Sync 1 DAGs
[2025-01-29T23:46:31.404+0000] {logging_mixin.py:188} INFO - [2025-01-29T23:46:31.391+0000] {dag.py:3823} INFO - Setting next_dagrun for example_python_decorator to None, run_after=None
[2025-01-29T23:46:31.779+0000] {processor.py:183} INFO - Processing /home/airflow/.local/lib/python3.8/site-packages/airflow/example_dags/example_python_decorator.py took 0.982 seconds
[2025-01-29T23:47:02.468+0000] {processor.py:161} INFO - Started process (PID=1632) to work on /home/airflow/.local/lib/python3.8/site-packages/airflow/example_dags/example_python_decorator.py
[2025-01-29T23:47:02.481+0000] {processor.py:830} INFO - Processing file /home/airflow/.local/lib/python3.8/site-packages/airflow/example_dags/example_python_decorator.py for tasks to queue
[2025-01-29T23:47:02.483+0000] {logging_mixin.py:188} INFO - [2025-01-29T23:47:02.483+0000] {dagbag.py:538} INFO - Filling up the DagBag from /home/airflow/.local/lib/python3.8/site-packages/airflow/example_dags/example_python_decorator.py
[2025-01-29T23:47:02.571+0000] {processor.py:840} INFO - DAG(s) 'example_python_decorator' retrieved from /home/airflow/.local/lib/python3.8/site-packages/airflow/example_dags/example_python_decorator.py
[2025-01-29T23:47:02.710+0000] {logging_mixin.py:188} INFO - [2025-01-29T23:47:02.699+0000] {dag.py:3036} INFO - Sync 1 DAGs
[2025-01-29T23:47:02.810+0000] {logging_mixin.py:188} INFO - [2025-01-29T23:47:02.810+0000] {dag.py:3823} INFO - Setting next_dagrun for example_python_decorator to None, run_after=None
[2025-01-29T23:47:02.938+0000] {processor.py:183} INFO - Processing /home/airflow/.local/lib/python3.8/site-packages/airflow/example_dags/example_python_decorator.py took 0.479 seconds
[2025-01-29T23:47:33.383+0000] {processor.py:161} INFO - Started process (PID=1688) to work on /home/airflow/.local/lib/python3.8/site-packages/airflow/example_dags/example_python_decorator.py
[2025-01-29T23:47:33.387+0000] {processor.py:830} INFO - Processing file /home/airflow/.local/lib/python3.8/site-packages/airflow/example_dags/example_python_decorator.py for tasks to queue
[2025-01-29T23:47:33.390+0000] {logging_mixin.py:188} INFO - [2025-01-29T23:47:33.389+0000] {dagbag.py:538} INFO - Filling up the DagBag from /home/airflow/.local/lib/python3.8/site-packages/airflow/example_dags/example_python_decorator.py
[2025-01-29T23:47:33.467+0000] {processor.py:840} INFO - DAG(s) 'example_python_decorator' retrieved from /home/airflow/.local/lib/python3.8/site-packages/airflow/example_dags/example_python_decorator.py
[2025-01-29T23:47:33.607+0000] {logging_mixin.py:188} INFO - [2025-01-29T23:47:33.606+0000] {dag.py:3036} INFO - Sync 1 DAGs
[2025-01-29T23:47:33.674+0000] {logging_mixin.py:188} INFO - [2025-01-29T23:47:33.673+0000] {dag.py:3823} INFO - Setting next_dagrun for example_python_decorator to None, run_after=None
[2025-01-29T23:47:33.780+0000] {processor.py:183} INFO - Processing /home/airflow/.local/lib/python3.8/site-packages/airflow/example_dags/example_python_decorator.py took 0.423 seconds
[2025-01-29T23:48:04.553+0000] {processor.py:161} INFO - Started process (PID=1744) to work on /home/airflow/.local/lib/python3.8/site-packages/airflow/example_dags/example_python_decorator.py
[2025-01-29T23:48:04.556+0000] {processor.py:830} INFO - Processing file /home/airflow/.local/lib/python3.8/site-packages/airflow/example_dags/example_python_decorator.py for tasks to queue
[2025-01-29T23:48:04.570+0000] {logging_mixin.py:188} INFO - [2025-01-29T23:48:04.569+0000] {dagbag.py:538} INFO - Filling up the DagBag from /home/airflow/.local/lib/python3.8/site-packages/airflow/example_dags/example_python_decorator.py
[2025-01-29T23:48:04.644+0000] {processor.py:840} INFO - DAG(s) 'example_python_decorator' retrieved from /home/airflow/.local/lib/python3.8/site-packages/airflow/example_dags/example_python_decorator.py
[2025-01-29T23:48:04.738+0000] {logging_mixin.py:188} INFO - [2025-01-29T23:48:04.738+0000] {dag.py:3036} INFO - Sync 1 DAGs
[2025-01-29T23:48:04.795+0000] {logging_mixin.py:188} INFO - [2025-01-29T23:48:04.794+0000] {dag.py:3823} INFO - Setting next_dagrun for example_python_decorator to None, run_after=None
[2025-01-29T23:48:04.898+0000] {processor.py:183} INFO - Processing /home/airflow/.local/lib/python3.8/site-packages/airflow/example_dags/example_python_decorator.py took 0.366 seconds
[2025-01-29T23:48:35.174+0000] {processor.py:161} INFO - Started process (PID=1800) to work on /home/airflow/.local/lib/python3.8/site-packages/airflow/example_dags/example_python_decorator.py
[2025-01-29T23:48:35.185+0000] {processor.py:830} INFO - Processing file /home/airflow/.local/lib/python3.8/site-packages/airflow/example_dags/example_python_decorator.py for tasks to queue
[2025-01-29T23:48:35.193+0000] {logging_mixin.py:188} INFO - [2025-01-29T23:48:35.192+0000] {dagbag.py:538} INFO - Filling up the DagBag from /home/airflow/.local/lib/python3.8/site-packages/airflow/example_dags/example_python_decorator.py
[2025-01-29T23:48:35.306+0000] {processor.py:840} INFO - DAG(s) 'example_python_decorator' retrieved from /home/airflow/.local/lib/python3.8/site-packages/airflow/example_dags/example_python_decorator.py
[2025-01-29T23:48:35.431+0000] {logging_mixin.py:188} INFO - [2025-01-29T23:48:35.430+0000] {dag.py:3036} INFO - Sync 1 DAGs
[2025-01-29T23:48:35.480+0000] {logging_mixin.py:188} INFO - [2025-01-29T23:48:35.480+0000] {dag.py:3823} INFO - Setting next_dagrun for example_python_decorator to None, run_after=None
[2025-01-29T23:48:35.548+0000] {processor.py:183} INFO - Processing /home/airflow/.local/lib/python3.8/site-packages/airflow/example_dags/example_python_decorator.py took 0.385 seconds
[2025-01-29T23:49:06.108+0000] {processor.py:161} INFO - Started process (PID=1856) to work on /home/airflow/.local/lib/python3.8/site-packages/airflow/example_dags/example_python_decorator.py
[2025-01-29T23:49:06.110+0000] {processor.py:830} INFO - Processing file /home/airflow/.local/lib/python3.8/site-packages/airflow/example_dags/example_python_decorator.py for tasks to queue
[2025-01-29T23:49:06.112+0000] {logging_mixin.py:188} INFO - [2025-01-29T23:49:06.111+0000] {dagbag.py:538} INFO - Filling up the DagBag from /home/airflow/.local/lib/python3.8/site-packages/airflow/example_dags/example_python_decorator.py
[2025-01-29T23:49:06.134+0000] {processor.py:840} INFO - DAG(s) 'example_python_decorator' retrieved from /home/airflow/.local/lib/python3.8/site-packages/airflow/example_dags/example_python_decorator.py
[2025-01-29T23:49:06.204+0000] {logging_mixin.py:188} INFO - [2025-01-29T23:49:06.204+0000] {dag.py:3036} INFO - Sync 1 DAGs
[2025-01-29T23:49:06.229+0000] {logging_mixin.py:188} INFO - [2025-01-29T23:49:06.228+0000] {dag.py:3823} INFO - Setting next_dagrun for example_python_decorator to None, run_after=None
[2025-01-29T23:49:06.266+0000] {processor.py:183} INFO - Processing /home/airflow/.local/lib/python3.8/site-packages/airflow/example_dags/example_python_decorator.py took 0.162 seconds
[2025-01-29T23:49:36.799+0000] {processor.py:161} INFO - Started process (PID=1911) to work on /home/airflow/.local/lib/python3.8/site-packages/airflow/example_dags/example_python_decorator.py
[2025-01-29T23:49:36.801+0000] {processor.py:830} INFO - Processing file /home/airflow/.local/lib/python3.8/site-packages/airflow/example_dags/example_python_decorator.py for tasks to queue
[2025-01-29T23:49:36.804+0000] {logging_mixin.py:188} INFO - [2025-01-29T23:49:36.804+0000] {dagbag.py:538} INFO - Filling up the DagBag from /home/airflow/.local/lib/python3.8/site-packages/airflow/example_dags/example_python_decorator.py
[2025-01-29T23:49:36.822+0000] {processor.py:840} INFO - DAG(s) 'example_python_decorator' retrieved from /home/airflow/.local/lib/python3.8/site-packages/airflow/example_dags/example_python_decorator.py
[2025-01-29T23:49:36.859+0000] {logging_mixin.py:188} INFO - [2025-01-29T23:49:36.859+0000] {dag.py:3036} INFO - Sync 1 DAGs
[2025-01-29T23:49:36.876+0000] {logging_mixin.py:188} INFO - [2025-01-29T23:49:36.876+0000] {dag.py:3823} INFO - Setting next_dagrun for example_python_decorator to None, run_after=None
[2025-01-29T23:49:36.908+0000] {processor.py:183} INFO - Processing /home/airflow/.local/lib/python3.8/site-packages/airflow/example_dags/example_python_decorator.py took 0.112 seconds
[2025-01-29T23:50:07.519+0000] {processor.py:161} INFO - Started process (PID=1967) to work on /home/airflow/.local/lib/python3.8/site-packages/airflow/example_dags/example_python_decorator.py
[2025-01-29T23:50:07.533+0000] {processor.py:830} INFO - Processing file /home/airflow/.local/lib/python3.8/site-packages/airflow/example_dags/example_python_decorator.py for tasks to queue
[2025-01-29T23:50:07.537+0000] {logging_mixin.py:188} INFO - [2025-01-29T23:50:07.535+0000] {dagbag.py:538} INFO - Filling up the DagBag from /home/airflow/.local/lib/python3.8/site-packages/airflow/example_dags/example_python_decorator.py
[2025-01-29T23:50:07.620+0000] {processor.py:840} INFO - DAG(s) 'example_python_decorator' retrieved from /home/airflow/.local/lib/python3.8/site-packages/airflow/example_dags/example_python_decorator.py
[2025-01-29T23:50:07.834+0000] {logging_mixin.py:188} INFO - [2025-01-29T23:50:07.833+0000] {dag.py:3036} INFO - Sync 1 DAGs
[2025-01-29T23:50:07.983+0000] {logging_mixin.py:188} INFO - [2025-01-29T23:50:07.982+0000] {dag.py:3823} INFO - Setting next_dagrun for example_python_decorator to None, run_after=None
[2025-01-29T23:50:08.178+0000] {processor.py:183} INFO - Processing /home/airflow/.local/lib/python3.8/site-packages/airflow/example_dags/example_python_decorator.py took 0.677 seconds
[2025-01-29T23:50:38.261+0000] {processor.py:161} INFO - Started process (PID=2024) to work on /home/airflow/.local/lib/python3.8/site-packages/airflow/example_dags/example_python_decorator.py
[2025-01-29T23:50:38.264+0000] {processor.py:830} INFO - Processing file /home/airflow/.local/lib/python3.8/site-packages/airflow/example_dags/example_python_decorator.py for tasks to queue
[2025-01-29T23:50:38.266+0000] {logging_mixin.py:188} INFO - [2025-01-29T23:50:38.266+0000] {dagbag.py:538} INFO - Filling up the DagBag from /home/airflow/.local/lib/python3.8/site-packages/airflow/example_dags/example_python_decorator.py
[2025-01-29T23:50:38.303+0000] {processor.py:840} INFO - DAG(s) 'example_python_decorator' retrieved from /home/airflow/.local/lib/python3.8/site-packages/airflow/example_dags/example_python_decorator.py
[2025-01-29T23:50:38.369+0000] {logging_mixin.py:188} INFO - [2025-01-29T23:50:38.369+0000] {dag.py:3036} INFO - Sync 1 DAGs
[2025-01-29T23:50:38.426+0000] {logging_mixin.py:188} INFO - [2025-01-29T23:50:38.425+0000] {dag.py:3823} INFO - Setting next_dagrun for example_python_decorator to None, run_after=None
[2025-01-29T23:50:38.554+0000] {processor.py:183} INFO - Processing /home/airflow/.local/lib/python3.8/site-packages/airflow/example_dags/example_python_decorator.py took 0.303 seconds
[2025-01-29T23:51:09.117+0000] {processor.py:161} INFO - Started process (PID=2079) to work on /home/airflow/.local/lib/python3.8/site-packages/airflow/example_dags/example_python_decorator.py
[2025-01-29T23:51:09.118+0000] {processor.py:830} INFO - Processing file /home/airflow/.local/lib/python3.8/site-packages/airflow/example_dags/example_python_decorator.py for tasks to queue
[2025-01-29T23:51:09.119+0000] {logging_mixin.py:188} INFO - [2025-01-29T23:51:09.119+0000] {dagbag.py:538} INFO - Filling up the DagBag from /home/airflow/.local/lib/python3.8/site-packages/airflow/example_dags/example_python_decorator.py
[2025-01-29T23:51:09.136+0000] {processor.py:840} INFO - DAG(s) 'example_python_decorator' retrieved from /home/airflow/.local/lib/python3.8/site-packages/airflow/example_dags/example_python_decorator.py
[2025-01-29T23:51:09.166+0000] {logging_mixin.py:188} INFO - [2025-01-29T23:51:09.166+0000] {dag.py:3036} INFO - Sync 1 DAGs
[2025-01-29T23:51:09.184+0000] {logging_mixin.py:188} INFO - [2025-01-29T23:51:09.184+0000] {dag.py:3823} INFO - Setting next_dagrun for example_python_decorator to None, run_after=None
[2025-01-29T23:51:09.225+0000] {processor.py:183} INFO - Processing /home/airflow/.local/lib/python3.8/site-packages/airflow/example_dags/example_python_decorator.py took 0.112 seconds
[2025-01-29T23:51:39.735+0000] {processor.py:161} INFO - Started process (PID=2135) to work on /home/airflow/.local/lib/python3.8/site-packages/airflow/example_dags/example_python_decorator.py
[2025-01-29T23:51:39.749+0000] {processor.py:830} INFO - Processing file /home/airflow/.local/lib/python3.8/site-packages/airflow/example_dags/example_python_decorator.py for tasks to queue
[2025-01-29T23:51:39.770+0000] {logging_mixin.py:188} INFO - [2025-01-29T23:51:39.769+0000] {dagbag.py:538} INFO - Filling up the DagBag from /home/airflow/.local/lib/python3.8/site-packages/airflow/example_dags/example_python_decorator.py
[2025-01-29T23:51:39.908+0000] {processor.py:840} INFO - DAG(s) 'example_python_decorator' retrieved from /home/airflow/.local/lib/python3.8/site-packages/airflow/example_dags/example_python_decorator.py
[2025-01-29T23:51:40.137+0000] {logging_mixin.py:188} INFO - [2025-01-29T23:51:40.126+0000] {dag.py:3036} INFO - Sync 1 DAGs
[2025-01-29T23:51:40.265+0000] {logging_mixin.py:188} INFO - [2025-01-29T23:51:40.264+0000] {dag.py:3823} INFO - Setting next_dagrun for example_python_decorator to None, run_after=None
[2025-01-29T23:51:40.754+0000] {processor.py:183} INFO - Processing /home/airflow/.local/lib/python3.8/site-packages/airflow/example_dags/example_python_decorator.py took 1.033 seconds
[2025-01-29T23:52:11.026+0000] {processor.py:161} INFO - Started process (PID=2192) to work on /home/airflow/.local/lib/python3.8/site-packages/airflow/example_dags/example_python_decorator.py
[2025-01-29T23:52:11.029+0000] {processor.py:830} INFO - Processing file /home/airflow/.local/lib/python3.8/site-packages/airflow/example_dags/example_python_decorator.py for tasks to queue
[2025-01-29T23:52:11.031+0000] {logging_mixin.py:188} INFO - [2025-01-29T23:52:11.031+0000] {dagbag.py:538} INFO - Filling up the DagBag from /home/airflow/.local/lib/python3.8/site-packages/airflow/example_dags/example_python_decorator.py
[2025-01-29T23:52:11.091+0000] {processor.py:840} INFO - DAG(s) 'example_python_decorator' retrieved from /home/airflow/.local/lib/python3.8/site-packages/airflow/example_dags/example_python_decorator.py
[2025-01-29T23:52:11.178+0000] {logging_mixin.py:188} INFO - [2025-01-29T23:52:11.177+0000] {dag.py:3036} INFO - Sync 1 DAGs
[2025-01-29T23:52:11.229+0000] {logging_mixin.py:188} INFO - [2025-01-29T23:52:11.226+0000] {dag.py:3823} INFO - Setting next_dagrun for example_python_decorator to None, run_after=None
[2025-01-29T23:52:11.317+0000] {processor.py:183} INFO - Processing /home/airflow/.local/lib/python3.8/site-packages/airflow/example_dags/example_python_decorator.py took 0.299 seconds
[2025-01-29T23:52:41.472+0000] {processor.py:161} INFO - Started process (PID=2248) to work on /home/airflow/.local/lib/python3.8/site-packages/airflow/example_dags/example_python_decorator.py
[2025-01-29T23:52:41.473+0000] {processor.py:830} INFO - Processing file /home/airflow/.local/lib/python3.8/site-packages/airflow/example_dags/example_python_decorator.py for tasks to queue
[2025-01-29T23:52:41.475+0000] {logging_mixin.py:188} INFO - [2025-01-29T23:52:41.475+0000] {dagbag.py:538} INFO - Filling up the DagBag from /home/airflow/.local/lib/python3.8/site-packages/airflow/example_dags/example_python_decorator.py
[2025-01-29T23:52:41.494+0000] {processor.py:840} INFO - DAG(s) 'example_python_decorator' retrieved from /home/airflow/.local/lib/python3.8/site-packages/airflow/example_dags/example_python_decorator.py
[2025-01-29T23:52:41.525+0000] {logging_mixin.py:188} INFO - [2025-01-29T23:52:41.524+0000] {dag.py:3036} INFO - Sync 1 DAGs
[2025-01-29T23:52:41.543+0000] {logging_mixin.py:188} INFO - [2025-01-29T23:52:41.543+0000] {dag.py:3823} INFO - Setting next_dagrun for example_python_decorator to None, run_after=None
[2025-01-29T23:52:41.576+0000] {processor.py:183} INFO - Processing /home/airflow/.local/lib/python3.8/site-packages/airflow/example_dags/example_python_decorator.py took 0.110 seconds
[2025-01-29T23:53:11.806+0000] {processor.py:161} INFO - Started process (PID=2304) to work on /home/airflow/.local/lib/python3.8/site-packages/airflow/example_dags/example_python_decorator.py
[2025-01-29T23:53:11.807+0000] {processor.py:830} INFO - Processing file /home/airflow/.local/lib/python3.8/site-packages/airflow/example_dags/example_python_decorator.py for tasks to queue
[2025-01-29T23:53:11.810+0000] {logging_mixin.py:188} INFO - [2025-01-29T23:53:11.809+0000] {dagbag.py:538} INFO - Filling up the DagBag from /home/airflow/.local/lib/python3.8/site-packages/airflow/example_dags/example_python_decorator.py
[2025-01-29T23:53:11.836+0000] {processor.py:840} INFO - DAG(s) 'example_python_decorator' retrieved from /home/airflow/.local/lib/python3.8/site-packages/airflow/example_dags/example_python_decorator.py
[2025-01-29T23:53:11.876+0000] {logging_mixin.py:188} INFO - [2025-01-29T23:53:11.876+0000] {dag.py:3036} INFO - Sync 1 DAGs
[2025-01-29T23:53:11.905+0000] {logging_mixin.py:188} INFO - [2025-01-29T23:53:11.904+0000] {dag.py:3823} INFO - Setting next_dagrun for example_python_decorator to None, run_after=None
[2025-01-29T23:53:11.945+0000] {processor.py:183} INFO - Processing /home/airflow/.local/lib/python3.8/site-packages/airflow/example_dags/example_python_decorator.py took 0.145 seconds
[2025-01-29T23:53:42.657+0000] {processor.py:161} INFO - Started process (PID=2357) to work on /home/airflow/.local/lib/python3.8/site-packages/airflow/example_dags/example_python_decorator.py
[2025-01-29T23:53:42.659+0000] {processor.py:830} INFO - Processing file /home/airflow/.local/lib/python3.8/site-packages/airflow/example_dags/example_python_decorator.py for tasks to queue
[2025-01-29T23:53:42.662+0000] {logging_mixin.py:188} INFO - [2025-01-29T23:53:42.661+0000] {dagbag.py:538} INFO - Filling up the DagBag from /home/airflow/.local/lib/python3.8/site-packages/airflow/example_dags/example_python_decorator.py
[2025-01-29T23:53:42.716+0000] {processor.py:840} INFO - DAG(s) 'example_python_decorator' retrieved from /home/airflow/.local/lib/python3.8/site-packages/airflow/example_dags/example_python_decorator.py
[2025-01-29T23:53:42.793+0000] {logging_mixin.py:188} INFO - [2025-01-29T23:53:42.792+0000] {dag.py:3036} INFO - Sync 1 DAGs
[2025-01-29T23:53:42.829+0000] {logging_mixin.py:188} INFO - [2025-01-29T23:53:42.829+0000] {dag.py:3823} INFO - Setting next_dagrun for example_python_decorator to None, run_after=None
[2025-01-29T23:53:42.898+0000] {processor.py:183} INFO - Processing /home/airflow/.local/lib/python3.8/site-packages/airflow/example_dags/example_python_decorator.py took 0.251 seconds
[2025-01-29T23:54:13.448+0000] {processor.py:161} INFO - Started process (PID=2413) to work on /home/airflow/.local/lib/python3.8/site-packages/airflow/example_dags/example_python_decorator.py
[2025-01-29T23:54:13.500+0000] {processor.py:830} INFO - Processing file /home/airflow/.local/lib/python3.8/site-packages/airflow/example_dags/example_python_decorator.py for tasks to queue
[2025-01-29T23:54:13.519+0000] {logging_mixin.py:188} INFO - [2025-01-29T23:54:13.507+0000] {dagbag.py:538} INFO - Filling up the DagBag from /home/airflow/.local/lib/python3.8/site-packages/airflow/example_dags/example_python_decorator.py
[2025-01-29T23:54:13.590+0000] {processor.py:840} INFO - DAG(s) 'example_python_decorator' retrieved from /home/airflow/.local/lib/python3.8/site-packages/airflow/example_dags/example_python_decorator.py
[2025-01-29T23:54:13.697+0000] {logging_mixin.py:188} INFO - [2025-01-29T23:54:13.696+0000] {dag.py:3036} INFO - Sync 1 DAGs
[2025-01-29T23:54:13.783+0000] {logging_mixin.py:188} INFO - [2025-01-29T23:54:13.783+0000] {dag.py:3823} INFO - Setting next_dagrun for example_python_decorator to None, run_after=None
[2025-01-29T23:54:13.881+0000] {processor.py:183} INFO - Processing /home/airflow/.local/lib/python3.8/site-packages/airflow/example_dags/example_python_decorator.py took 0.479 seconds
[2025-01-29T23:54:44.562+0000] {processor.py:161} INFO - Started process (PID=2469) to work on /home/airflow/.local/lib/python3.8/site-packages/airflow/example_dags/example_python_decorator.py
[2025-01-29T23:54:44.566+0000] {processor.py:830} INFO - Processing file /home/airflow/.local/lib/python3.8/site-packages/airflow/example_dags/example_python_decorator.py for tasks to queue
[2025-01-29T23:54:44.568+0000] {logging_mixin.py:188} INFO - [2025-01-29T23:54:44.568+0000] {dagbag.py:538} INFO - Filling up the DagBag from /home/airflow/.local/lib/python3.8/site-packages/airflow/example_dags/example_python_decorator.py
[2025-01-29T23:54:44.611+0000] {processor.py:840} INFO - DAG(s) 'example_python_decorator' retrieved from /home/airflow/.local/lib/python3.8/site-packages/airflow/example_dags/example_python_decorator.py
[2025-01-29T23:54:44.710+0000] {logging_mixin.py:188} INFO - [2025-01-29T23:54:44.709+0000] {dag.py:3036} INFO - Sync 1 DAGs
[2025-01-29T23:54:44.760+0000] {logging_mixin.py:188} INFO - [2025-01-29T23:54:44.755+0000] {dag.py:3823} INFO - Setting next_dagrun for example_python_decorator to None, run_after=None
[2025-01-29T23:54:44.850+0000] {processor.py:183} INFO - Processing /home/airflow/.local/lib/python3.8/site-packages/airflow/example_dags/example_python_decorator.py took 0.300 seconds
[2025-01-29T23:55:15.013+0000] {processor.py:161} INFO - Started process (PID=2525) to work on /home/airflow/.local/lib/python3.8/site-packages/airflow/example_dags/example_python_decorator.py
[2025-01-29T23:55:15.015+0000] {processor.py:830} INFO - Processing file /home/airflow/.local/lib/python3.8/site-packages/airflow/example_dags/example_python_decorator.py for tasks to queue
[2025-01-29T23:55:15.016+0000] {logging_mixin.py:188} INFO - [2025-01-29T23:55:15.016+0000] {dagbag.py:538} INFO - Filling up the DagBag from /home/airflow/.local/lib/python3.8/site-packages/airflow/example_dags/example_python_decorator.py
[2025-01-29T23:55:15.040+0000] {processor.py:840} INFO - DAG(s) 'example_python_decorator' retrieved from /home/airflow/.local/lib/python3.8/site-packages/airflow/example_dags/example_python_decorator.py
[2025-01-29T23:55:15.087+0000] {logging_mixin.py:188} INFO - [2025-01-29T23:55:15.087+0000] {dag.py:3036} INFO - Sync 1 DAGs
[2025-01-29T23:55:15.115+0000] {logging_mixin.py:188} INFO - [2025-01-29T23:55:15.115+0000] {dag.py:3823} INFO - Setting next_dagrun for example_python_decorator to None, run_after=None
[2025-01-29T23:55:15.152+0000] {processor.py:183} INFO - Processing /home/airflow/.local/lib/python3.8/site-packages/airflow/example_dags/example_python_decorator.py took 0.145 seconds
[2025-01-29T23:55:45.459+0000] {processor.py:161} INFO - Started process (PID=2580) to work on /home/airflow/.local/lib/python3.8/site-packages/airflow/example_dags/example_python_decorator.py
[2025-01-29T23:55:45.460+0000] {processor.py:830} INFO - Processing file /home/airflow/.local/lib/python3.8/site-packages/airflow/example_dags/example_python_decorator.py for tasks to queue
[2025-01-29T23:55:45.462+0000] {logging_mixin.py:188} INFO - [2025-01-29T23:55:45.462+0000] {dagbag.py:538} INFO - Filling up the DagBag from /home/airflow/.local/lib/python3.8/site-packages/airflow/example_dags/example_python_decorator.py
[2025-01-29T23:55:45.490+0000] {processor.py:840} INFO - DAG(s) 'example_python_decorator' retrieved from /home/airflow/.local/lib/python3.8/site-packages/airflow/example_dags/example_python_decorator.py
[2025-01-29T23:55:45.533+0000] {logging_mixin.py:188} INFO - [2025-01-29T23:55:45.532+0000] {dag.py:3036} INFO - Sync 1 DAGs
[2025-01-29T23:55:45.553+0000] {logging_mixin.py:188} INFO - [2025-01-29T23:55:45.553+0000] {dag.py:3823} INFO - Setting next_dagrun for example_python_decorator to None, run_after=None
[2025-01-29T23:55:45.602+0000] {processor.py:183} INFO - Processing /home/airflow/.local/lib/python3.8/site-packages/airflow/example_dags/example_python_decorator.py took 0.151 seconds
[2025-01-29T23:56:15.790+0000] {processor.py:161} INFO - Started process (PID=2636) to work on /home/airflow/.local/lib/python3.8/site-packages/airflow/example_dags/example_python_decorator.py
[2025-01-29T23:56:15.793+0000] {processor.py:830} INFO - Processing file /home/airflow/.local/lib/python3.8/site-packages/airflow/example_dags/example_python_decorator.py for tasks to queue
[2025-01-29T23:56:15.796+0000] {logging_mixin.py:188} INFO - [2025-01-29T23:56:15.795+0000] {dagbag.py:538} INFO - Filling up the DagBag from /home/airflow/.local/lib/python3.8/site-packages/airflow/example_dags/example_python_decorator.py
[2025-01-29T23:56:15.833+0000] {processor.py:840} INFO - DAG(s) 'example_python_decorator' retrieved from /home/airflow/.local/lib/python3.8/site-packages/airflow/example_dags/example_python_decorator.py
[2025-01-29T23:56:15.903+0000] {logging_mixin.py:188} INFO - [2025-01-29T23:56:15.902+0000] {dag.py:3036} INFO - Sync 1 DAGs
[2025-01-29T23:56:15.939+0000] {logging_mixin.py:188} INFO - [2025-01-29T23:56:15.938+0000] {dag.py:3823} INFO - Setting next_dagrun for example_python_decorator to None, run_after=None
[2025-01-29T23:56:15.997+0000] {processor.py:183} INFO - Processing /home/airflow/.local/lib/python3.8/site-packages/airflow/example_dags/example_python_decorator.py took 0.214 seconds
[2025-01-29T23:56:46.600+0000] {processor.py:161} INFO - Started process (PID=2692) to work on /home/airflow/.local/lib/python3.8/site-packages/airflow/example_dags/example_python_decorator.py
[2025-01-29T23:56:46.602+0000] {processor.py:830} INFO - Processing file /home/airflow/.local/lib/python3.8/site-packages/airflow/example_dags/example_python_decorator.py for tasks to queue
[2025-01-29T23:56:46.607+0000] {logging_mixin.py:188} INFO - [2025-01-29T23:56:46.606+0000] {dagbag.py:538} INFO - Filling up the DagBag from /home/airflow/.local/lib/python3.8/site-packages/airflow/example_dags/example_python_decorator.py
[2025-01-29T23:56:46.644+0000] {processor.py:840} INFO - DAG(s) 'example_python_decorator' retrieved from /home/airflow/.local/lib/python3.8/site-packages/airflow/example_dags/example_python_decorator.py
[2025-01-29T23:56:46.697+0000] {logging_mixin.py:188} INFO - [2025-01-29T23:56:46.696+0000] {dag.py:3036} INFO - Sync 1 DAGs
[2025-01-29T23:56:46.950+0000] {logging_mixin.py:188} INFO - [2025-01-29T23:56:46.950+0000] {dag.py:3823} INFO - Setting next_dagrun for example_python_decorator to None, run_after=None
[2025-01-29T23:56:47.026+0000] {processor.py:183} INFO - Processing /home/airflow/.local/lib/python3.8/site-packages/airflow/example_dags/example_python_decorator.py took 0.431 seconds
[2025-01-29T23:57:17.969+0000] {processor.py:161} INFO - Started process (PID=2749) to work on /home/airflow/.local/lib/python3.8/site-packages/airflow/example_dags/example_python_decorator.py
[2025-01-29T23:57:17.972+0000] {processor.py:830} INFO - Processing file /home/airflow/.local/lib/python3.8/site-packages/airflow/example_dags/example_python_decorator.py for tasks to queue
[2025-01-29T23:57:17.975+0000] {logging_mixin.py:188} INFO - [2025-01-29T23:57:17.974+0000] {dagbag.py:538} INFO - Filling up the DagBag from /home/airflow/.local/lib/python3.8/site-packages/airflow/example_dags/example_python_decorator.py
[2025-01-29T23:57:18.032+0000] {processor.py:840} INFO - DAG(s) 'example_python_decorator' retrieved from /home/airflow/.local/lib/python3.8/site-packages/airflow/example_dags/example_python_decorator.py
[2025-01-29T23:57:18.154+0000] {logging_mixin.py:188} INFO - [2025-01-29T23:57:18.153+0000] {dag.py:3036} INFO - Sync 1 DAGs
[2025-01-29T23:57:18.684+0000] {logging_mixin.py:188} INFO - [2025-01-29T23:57:18.683+0000] {dag.py:3823} INFO - Setting next_dagrun for example_python_decorator to None, run_after=None
[2025-01-29T23:57:18.835+0000] {processor.py:183} INFO - Processing /home/airflow/.local/lib/python3.8/site-packages/airflow/example_dags/example_python_decorator.py took 0.877 seconds
[2025-01-29T23:57:49.706+0000] {processor.py:161} INFO - Started process (PID=2805) to work on /home/airflow/.local/lib/python3.8/site-packages/airflow/example_dags/example_python_decorator.py
[2025-01-29T23:57:49.766+0000] {processor.py:830} INFO - Processing file /home/airflow/.local/lib/python3.8/site-packages/airflow/example_dags/example_python_decorator.py for tasks to queue
[2025-01-29T23:57:49.788+0000] {logging_mixin.py:188} INFO - [2025-01-29T23:57:49.787+0000] {dagbag.py:538} INFO - Filling up the DagBag from /home/airflow/.local/lib/python3.8/site-packages/airflow/example_dags/example_python_decorator.py
[2025-01-29T23:57:49.865+0000] {processor.py:840} INFO - DAG(s) 'example_python_decorator' retrieved from /home/airflow/.local/lib/python3.8/site-packages/airflow/example_dags/example_python_decorator.py
[2025-01-29T23:57:49.962+0000] {logging_mixin.py:188} INFO - [2025-01-29T23:57:49.961+0000] {dag.py:3036} INFO - Sync 1 DAGs
[2025-01-29T23:57:50.765+0000] {logging_mixin.py:188} INFO - [2025-01-29T23:57:50.764+0000] {dag.py:3823} INFO - Setting next_dagrun for example_python_decorator to None, run_after=None
[2025-01-29T23:57:50.909+0000] {processor.py:183} INFO - Processing /home/airflow/.local/lib/python3.8/site-packages/airflow/example_dags/example_python_decorator.py took 1.218 seconds
[2025-01-29T23:58:24.508+0000] {processor.py:161} INFO - Started process (PID=2861) to work on /home/airflow/.local/lib/python3.8/site-packages/airflow/example_dags/example_python_decorator.py
[2025-01-29T23:58:24.510+0000] {processor.py:830} INFO - Processing file /home/airflow/.local/lib/python3.8/site-packages/airflow/example_dags/example_python_decorator.py for tasks to queue
[2025-01-29T23:58:24.522+0000] {logging_mixin.py:188} INFO - [2025-01-29T23:58:24.515+0000] {dagbag.py:538} INFO - Filling up the DagBag from /home/airflow/.local/lib/python3.8/site-packages/airflow/example_dags/example_python_decorator.py
[2025-01-29T23:58:24.581+0000] {processor.py:840} INFO - DAG(s) 'example_python_decorator' retrieved from /home/airflow/.local/lib/python3.8/site-packages/airflow/example_dags/example_python_decorator.py
[2025-01-29T23:58:24.678+0000] {logging_mixin.py:188} INFO - [2025-01-29T23:58:24.678+0000] {dag.py:3036} INFO - Sync 1 DAGs
[2025-01-29T23:58:24.761+0000] {logging_mixin.py:188} INFO - [2025-01-29T23:58:24.761+0000] {dag.py:3823} INFO - Setting next_dagrun for example_python_decorator to None, run_after=None
[2025-01-29T23:58:24.870+0000] {processor.py:183} INFO - Processing /home/airflow/.local/lib/python3.8/site-packages/airflow/example_dags/example_python_decorator.py took 0.376 seconds
[2025-01-29T23:58:59.427+0000] {processor.py:161} INFO - Started process (PID=2920) to work on /home/airflow/.local/lib/python3.8/site-packages/airflow/example_dags/example_python_decorator.py
[2025-01-29T23:58:59.449+0000] {processor.py:830} INFO - Processing file /home/airflow/.local/lib/python3.8/site-packages/airflow/example_dags/example_python_decorator.py for tasks to queue
[2025-01-29T23:58:59.456+0000] {logging_mixin.py:188} INFO - [2025-01-29T23:58:59.455+0000] {dagbag.py:538} INFO - Filling up the DagBag from /home/airflow/.local/lib/python3.8/site-packages/airflow/example_dags/example_python_decorator.py
[2025-01-29T23:58:59.602+0000] {processor.py:840} INFO - DAG(s) 'example_python_decorator' retrieved from /home/airflow/.local/lib/python3.8/site-packages/airflow/example_dags/example_python_decorator.py
[2025-01-29T23:58:59.759+0000] {logging_mixin.py:188} INFO - [2025-01-29T23:58:59.758+0000] {dag.py:3036} INFO - Sync 1 DAGs
[2025-01-29T23:58:59.821+0000] {logging_mixin.py:188} INFO - [2025-01-29T23:58:59.820+0000] {dag.py:3823} INFO - Setting next_dagrun for example_python_decorator to None, run_after=None
[2025-01-29T23:59:00.003+0000] {processor.py:183} INFO - Processing /home/airflow/.local/lib/python3.8/site-packages/airflow/example_dags/example_python_decorator.py took 0.595 seconds
[2025-01-29T23:59:31.051+0000] {processor.py:161} INFO - Started process (PID=2976) to work on /home/airflow/.local/lib/python3.8/site-packages/airflow/example_dags/example_python_decorator.py
[2025-01-29T23:59:31.055+0000] {processor.py:830} INFO - Processing file /home/airflow/.local/lib/python3.8/site-packages/airflow/example_dags/example_python_decorator.py for tasks to queue
[2025-01-29T23:59:31.060+0000] {logging_mixin.py:188} INFO - [2025-01-29T23:59:31.059+0000] {dagbag.py:538} INFO - Filling up the DagBag from /home/airflow/.local/lib/python3.8/site-packages/airflow/example_dags/example_python_decorator.py
[2025-01-29T23:59:31.097+0000] {processor.py:840} INFO - DAG(s) 'example_python_decorator' retrieved from /home/airflow/.local/lib/python3.8/site-packages/airflow/example_dags/example_python_decorator.py
[2025-01-29T23:59:31.148+0000] {logging_mixin.py:188} INFO - [2025-01-29T23:59:31.148+0000] {dag.py:3036} INFO - Sync 1 DAGs
[2025-01-29T23:59:31.179+0000] {logging_mixin.py:188} INFO - [2025-01-29T23:59:31.178+0000] {dag.py:3823} INFO - Setting next_dagrun for example_python_decorator to None, run_after=None
[2025-01-29T23:59:31.226+0000] {processor.py:183} INFO - Processing /home/airflow/.local/lib/python3.8/site-packages/airflow/example_dags/example_python_decorator.py took 0.181 seconds
