[2025-01-29T23:31:36.259+0000] {processor.py:161} INFO - Started process (PID=105) to work on /home/airflow/.local/lib/python3.8/site-packages/airflow/example_dags/example_short_circuit_decorator.py
[2025-01-29T23:31:36.261+0000] {processor.py:830} INFO - Processing file /home/airflow/.local/lib/python3.8/site-packages/airflow/example_dags/example_short_circuit_decorator.py for tasks to queue
[2025-01-29T23:31:36.273+0000] {logging_mixin.py:188} INFO - [2025-01-29T23:31:36.272+0000] {dagbag.py:538} INFO - Filling up the DagBag from /home/airflow/.local/lib/python3.8/site-packages/airflow/example_dags/example_short_circuit_decorator.py
[2025-01-29T23:31:36.326+0000] {processor.py:840} INFO - DAG(s) 'example_short_circuit_decorator' retrieved from /home/airflow/.local/lib/python3.8/site-packages/airflow/example_dags/example_short_circuit_decorator.py
[2025-01-29T23:31:36.463+0000] {logging_mixin.py:188} INFO - [2025-01-29T23:31:36.462+0000] {dag.py:3036} INFO - Sync 1 DAGs
[2025-01-29T23:31:36.592+0000] {logging_mixin.py:188} INFO - [2025-01-29T23:31:36.591+0000] {dag.py:3823} INFO - Setting next_dagrun for example_short_circuit_decorator to 2025-01-28 00:00:00+00:00, run_after=2025-01-29 00:00:00+00:00
[2025-01-29T23:31:36.693+0000] {processor.py:183} INFO - Processing /home/airflow/.local/lib/python3.8/site-packages/airflow/example_dags/example_short_circuit_decorator.py took 0.449 seconds
[2025-01-29T23:32:08.725+0000] {processor.py:161} INFO - Started process (PID=162) to work on /home/airflow/.local/lib/python3.8/site-packages/airflow/example_dags/example_short_circuit_decorator.py
[2025-01-29T23:32:08.736+0000] {processor.py:830} INFO - Processing file /home/airflow/.local/lib/python3.8/site-packages/airflow/example_dags/example_short_circuit_decorator.py for tasks to queue
[2025-01-29T23:32:08.741+0000] {logging_mixin.py:188} INFO - [2025-01-29T23:32:08.740+0000] {dagbag.py:538} INFO - Filling up the DagBag from /home/airflow/.local/lib/python3.8/site-packages/airflow/example_dags/example_short_circuit_decorator.py
[2025-01-29T23:32:08.793+0000] {processor.py:840} INFO - DAG(s) 'example_short_circuit_decorator' retrieved from /home/airflow/.local/lib/python3.8/site-packages/airflow/example_dags/example_short_circuit_decorator.py
[2025-01-29T23:32:08.906+0000] {logging_mixin.py:188} INFO - [2025-01-29T23:32:08.906+0000] {dag.py:3036} INFO - Sync 1 DAGs
[2025-01-29T23:32:09.013+0000] {logging_mixin.py:188} INFO - [2025-01-29T23:32:09.013+0000] {dag.py:3823} INFO - Setting next_dagrun for example_short_circuit_decorator to 2025-01-28 00:00:00+00:00, run_after=2025-01-29 00:00:00+00:00
[2025-01-29T23:32:09.116+0000] {processor.py:183} INFO - Processing /home/airflow/.local/lib/python3.8/site-packages/airflow/example_dags/example_short_circuit_decorator.py took 0.397 seconds
[2025-01-29T23:33:06.847+0000] {processor.py:161} INFO - Started process (PID=223) to work on /home/airflow/.local/lib/python3.8/site-packages/airflow/example_dags/example_short_circuit_decorator.py
[2025-01-29T23:33:06.850+0000] {processor.py:830} INFO - Processing file /home/airflow/.local/lib/python3.8/site-packages/airflow/example_dags/example_short_circuit_decorator.py for tasks to queue
[2025-01-29T23:33:06.867+0000] {logging_mixin.py:188} INFO - [2025-01-29T23:33:06.866+0000] {dagbag.py:538} INFO - Filling up the DagBag from /home/airflow/.local/lib/python3.8/site-packages/airflow/example_dags/example_short_circuit_decorator.py
[2025-01-29T23:33:06.994+0000] {processor.py:840} INFO - DAG(s) 'example_short_circuit_decorator' retrieved from /home/airflow/.local/lib/python3.8/site-packages/airflow/example_dags/example_short_circuit_decorator.py
[2025-01-29T23:33:08.046+0000] {logging_mixin.py:188} INFO - [2025-01-29T23:33:08.046+0000] {dag.py:3036} INFO - Sync 1 DAGs
[2025-01-29T23:33:08.479+0000] {logging_mixin.py:188} INFO - [2025-01-29T23:33:08.478+0000] {dag.py:3823} INFO - Setting next_dagrun for example_short_circuit_decorator to 2025-01-28 00:00:00+00:00, run_after=2025-01-29 00:00:00+00:00
[2025-01-29T23:33:08.712+0000] {processor.py:183} INFO - Processing /home/airflow/.local/lib/python3.8/site-packages/airflow/example_dags/example_short_circuit_decorator.py took 1.886 seconds
[2025-01-29T23:33:51.806+0000] {processor.py:161} INFO - Started process (PID=289) to work on /home/airflow/.local/lib/python3.8/site-packages/airflow/example_dags/example_short_circuit_decorator.py
[2025-01-29T23:33:51.813+0000] {processor.py:830} INFO - Processing file /home/airflow/.local/lib/python3.8/site-packages/airflow/example_dags/example_short_circuit_decorator.py for tasks to queue
[2025-01-29T23:33:51.817+0000] {logging_mixin.py:188} INFO - [2025-01-29T23:33:51.817+0000] {dagbag.py:538} INFO - Filling up the DagBag from /home/airflow/.local/lib/python3.8/site-packages/airflow/example_dags/example_short_circuit_decorator.py
[2025-01-29T23:33:51.847+0000] {processor.py:840} INFO - DAG(s) 'example_short_circuit_decorator' retrieved from /home/airflow/.local/lib/python3.8/site-packages/airflow/example_dags/example_short_circuit_decorator.py
[2025-01-29T23:33:51.952+0000] {logging_mixin.py:188} INFO - [2025-01-29T23:33:51.951+0000] {dag.py:3036} INFO - Sync 1 DAGs
[2025-01-29T23:33:52.035+0000] {logging_mixin.py:188} INFO - [2025-01-29T23:33:52.034+0000] {dag.py:3823} INFO - Setting next_dagrun for example_short_circuit_decorator to 2025-01-28 00:00:00+00:00, run_after=2025-01-29 00:00:00+00:00
[2025-01-29T23:33:52.136+0000] {processor.py:183} INFO - Processing /home/airflow/.local/lib/python3.8/site-packages/airflow/example_dags/example_short_circuit_decorator.py took 0.338 seconds
[2025-01-29T23:34:23.819+0000] {processor.py:161} INFO - Started process (PID=346) to work on /home/airflow/.local/lib/python3.8/site-packages/airflow/example_dags/example_short_circuit_decorator.py
[2025-01-29T23:34:23.836+0000] {processor.py:830} INFO - Processing file /home/airflow/.local/lib/python3.8/site-packages/airflow/example_dags/example_short_circuit_decorator.py for tasks to queue
[2025-01-29T23:34:23.840+0000] {logging_mixin.py:188} INFO - [2025-01-29T23:34:23.840+0000] {dagbag.py:538} INFO - Filling up the DagBag from /home/airflow/.local/lib/python3.8/site-packages/airflow/example_dags/example_short_circuit_decorator.py
[2025-01-29T23:34:23.933+0000] {processor.py:840} INFO - DAG(s) 'example_short_circuit_decorator' retrieved from /home/airflow/.local/lib/python3.8/site-packages/airflow/example_dags/example_short_circuit_decorator.py
[2025-01-29T23:34:24.068+0000] {logging_mixin.py:188} INFO - [2025-01-29T23:34:24.067+0000] {dag.py:3036} INFO - Sync 1 DAGs
[2025-01-29T23:34:24.226+0000] {logging_mixin.py:188} INFO - [2025-01-29T23:34:24.225+0000] {dag.py:3823} INFO - Setting next_dagrun for example_short_circuit_decorator to 2025-01-28 00:00:00+00:00, run_after=2025-01-29 00:00:00+00:00
[2025-01-29T23:34:24.365+0000] {processor.py:183} INFO - Processing /home/airflow/.local/lib/python3.8/site-packages/airflow/example_dags/example_short_circuit_decorator.py took 0.600 seconds
[2025-01-29T23:34:54.940+0000] {processor.py:161} INFO - Started process (PID=402) to work on /home/airflow/.local/lib/python3.8/site-packages/airflow/example_dags/example_short_circuit_decorator.py
[2025-01-29T23:34:54.956+0000] {processor.py:830} INFO - Processing file /home/airflow/.local/lib/python3.8/site-packages/airflow/example_dags/example_short_circuit_decorator.py for tasks to queue
[2025-01-29T23:34:54.961+0000] {logging_mixin.py:188} INFO - [2025-01-29T23:34:54.961+0000] {dagbag.py:538} INFO - Filling up the DagBag from /home/airflow/.local/lib/python3.8/site-packages/airflow/example_dags/example_short_circuit_decorator.py
[2025-01-29T23:34:55.001+0000] {processor.py:840} INFO - DAG(s) 'example_short_circuit_decorator' retrieved from /home/airflow/.local/lib/python3.8/site-packages/airflow/example_dags/example_short_circuit_decorator.py
[2025-01-29T23:34:55.118+0000] {logging_mixin.py:188} INFO - [2025-01-29T23:34:55.116+0000] {dag.py:3036} INFO - Sync 1 DAGs
[2025-01-29T23:34:55.242+0000] {logging_mixin.py:188} INFO - [2025-01-29T23:34:55.242+0000] {dag.py:3823} INFO - Setting next_dagrun for example_short_circuit_decorator to 2025-01-28 00:00:00+00:00, run_after=2025-01-29 00:00:00+00:00
[2025-01-29T23:34:55.381+0000] {processor.py:183} INFO - Processing /home/airflow/.local/lib/python3.8/site-packages/airflow/example_dags/example_short_circuit_decorator.py took 0.453 seconds
[2025-01-29T23:35:34.872+0000] {processor.py:161} INFO - Started process (PID=459) to work on /home/airflow/.local/lib/python3.8/site-packages/airflow/example_dags/example_short_circuit_decorator.py
[2025-01-29T23:35:34.890+0000] {processor.py:830} INFO - Processing file /home/airflow/.local/lib/python3.8/site-packages/airflow/example_dags/example_short_circuit_decorator.py for tasks to queue
[2025-01-29T23:35:34.908+0000] {logging_mixin.py:188} INFO - [2025-01-29T23:35:34.907+0000] {dagbag.py:538} INFO - Filling up the DagBag from /home/airflow/.local/lib/python3.8/site-packages/airflow/example_dags/example_short_circuit_decorator.py
[2025-01-29T23:35:34.974+0000] {processor.py:840} INFO - DAG(s) 'example_short_circuit_decorator' retrieved from /home/airflow/.local/lib/python3.8/site-packages/airflow/example_dags/example_short_circuit_decorator.py
[2025-01-29T23:35:35.138+0000] {logging_mixin.py:188} INFO - [2025-01-29T23:35:35.137+0000] {dag.py:3036} INFO - Sync 1 DAGs
[2025-01-29T23:35:35.323+0000] {logging_mixin.py:188} INFO - [2025-01-29T23:35:35.321+0000] {dag.py:3823} INFO - Setting next_dagrun for example_short_circuit_decorator to 2025-01-28 00:00:00+00:00, run_after=2025-01-29 00:00:00+00:00
[2025-01-29T23:35:35.589+0000] {processor.py:183} INFO - Processing /home/airflow/.local/lib/python3.8/site-packages/airflow/example_dags/example_short_circuit_decorator.py took 0.733 seconds
[2025-01-29T23:36:32.664+0000] {processor.py:161} INFO - Started process (PID=524) to work on /home/airflow/.local/lib/python3.8/site-packages/airflow/example_dags/example_short_circuit_decorator.py
[2025-01-29T23:36:32.836+0000] {processor.py:830} INFO - Processing file /home/airflow/.local/lib/python3.8/site-packages/airflow/example_dags/example_short_circuit_decorator.py for tasks to queue
[2025-01-29T23:36:32.950+0000] {logging_mixin.py:188} INFO - [2025-01-29T23:36:32.949+0000] {dagbag.py:538} INFO - Filling up the DagBag from /home/airflow/.local/lib/python3.8/site-packages/airflow/example_dags/example_short_circuit_decorator.py
[2025-01-29T23:36:33.108+0000] {processor.py:840} INFO - DAG(s) 'example_short_circuit_decorator' retrieved from /home/airflow/.local/lib/python3.8/site-packages/airflow/example_dags/example_short_circuit_decorator.py
[2025-01-29T23:36:33.339+0000] {logging_mixin.py:188} INFO - [2025-01-29T23:36:33.339+0000] {dag.py:3036} INFO - Sync 1 DAGs
[2025-01-29T23:36:33.928+0000] {logging_mixin.py:188} INFO - [2025-01-29T23:36:33.927+0000] {dag.py:3823} INFO - Setting next_dagrun for example_short_circuit_decorator to 2025-01-28 00:00:00+00:00, run_after=2025-01-29 00:00:00+00:00
[2025-01-29T23:36:34.179+0000] {processor.py:183} INFO - Processing /home/airflow/.local/lib/python3.8/site-packages/airflow/example_dags/example_short_circuit_decorator.py took 1.550 seconds
[2025-01-29T23:37:05.931+0000] {processor.py:161} INFO - Started process (PID=580) to work on /home/airflow/.local/lib/python3.8/site-packages/airflow/example_dags/example_short_circuit_decorator.py
[2025-01-29T23:37:05.942+0000] {processor.py:830} INFO - Processing file /home/airflow/.local/lib/python3.8/site-packages/airflow/example_dags/example_short_circuit_decorator.py for tasks to queue
[2025-01-29T23:37:05.946+0000] {logging_mixin.py:188} INFO - [2025-01-29T23:37:05.945+0000] {dagbag.py:538} INFO - Filling up the DagBag from /home/airflow/.local/lib/python3.8/site-packages/airflow/example_dags/example_short_circuit_decorator.py
[2025-01-29T23:37:06.035+0000] {processor.py:840} INFO - DAG(s) 'example_short_circuit_decorator' retrieved from /home/airflow/.local/lib/python3.8/site-packages/airflow/example_dags/example_short_circuit_decorator.py
[2025-01-29T23:37:06.354+0000] {logging_mixin.py:188} INFO - [2025-01-29T23:37:06.353+0000] {dag.py:3036} INFO - Sync 1 DAGs
[2025-01-29T23:37:06.515+0000] {logging_mixin.py:188} INFO - [2025-01-29T23:37:06.515+0000] {dag.py:3823} INFO - Setting next_dagrun for example_short_circuit_decorator to 2025-01-28 00:00:00+00:00, run_after=2025-01-29 00:00:00+00:00
[2025-01-29T23:37:06.832+0000] {processor.py:183} INFO - Processing /home/airflow/.local/lib/python3.8/site-packages/airflow/example_dags/example_short_circuit_decorator.py took 0.922 seconds
[2025-01-29T23:37:37.222+0000] {processor.py:161} INFO - Started process (PID=636) to work on /home/airflow/.local/lib/python3.8/site-packages/airflow/example_dags/example_short_circuit_decorator.py
[2025-01-29T23:37:37.224+0000] {processor.py:830} INFO - Processing file /home/airflow/.local/lib/python3.8/site-packages/airflow/example_dags/example_short_circuit_decorator.py for tasks to queue
[2025-01-29T23:37:37.237+0000] {logging_mixin.py:188} INFO - [2025-01-29T23:37:37.237+0000] {dagbag.py:538} INFO - Filling up the DagBag from /home/airflow/.local/lib/python3.8/site-packages/airflow/example_dags/example_short_circuit_decorator.py
[2025-01-29T23:37:37.277+0000] {processor.py:840} INFO - DAG(s) 'example_short_circuit_decorator' retrieved from /home/airflow/.local/lib/python3.8/site-packages/airflow/example_dags/example_short_circuit_decorator.py
[2025-01-29T23:37:37.334+0000] {logging_mixin.py:188} INFO - [2025-01-29T23:37:37.334+0000] {dag.py:3036} INFO - Sync 1 DAGs
[2025-01-29T23:37:37.465+0000] {logging_mixin.py:188} INFO - [2025-01-29T23:37:37.461+0000] {dag.py:3823} INFO - Setting next_dagrun for example_short_circuit_decorator to 2025-01-28 00:00:00+00:00, run_after=2025-01-29 00:00:00+00:00
[2025-01-29T23:37:37.570+0000] {processor.py:183} INFO - Processing /home/airflow/.local/lib/python3.8/site-packages/airflow/example_dags/example_short_circuit_decorator.py took 0.379 seconds
[2025-01-29T23:38:16.575+0000] {processor.py:161} INFO - Started process (PID=693) to work on /home/airflow/.local/lib/python3.8/site-packages/airflow/example_dags/example_short_circuit_decorator.py
[2025-01-29T23:38:16.588+0000] {processor.py:830} INFO - Processing file /home/airflow/.local/lib/python3.8/site-packages/airflow/example_dags/example_short_circuit_decorator.py for tasks to queue
[2025-01-29T23:38:16.594+0000] {logging_mixin.py:188} INFO - [2025-01-29T23:38:16.593+0000] {dagbag.py:538} INFO - Filling up the DagBag from /home/airflow/.local/lib/python3.8/site-packages/airflow/example_dags/example_short_circuit_decorator.py
[2025-01-29T23:38:16.672+0000] {processor.py:840} INFO - DAG(s) 'example_short_circuit_decorator' retrieved from /home/airflow/.local/lib/python3.8/site-packages/airflow/example_dags/example_short_circuit_decorator.py
[2025-01-29T23:38:17.657+0000] {logging_mixin.py:188} INFO - [2025-01-29T23:38:17.648+0000] {dag.py:3036} INFO - Sync 1 DAGs
[2025-01-29T23:38:17.765+0000] {logging_mixin.py:188} INFO - [2025-01-29T23:38:17.764+0000] {dag.py:3823} INFO - Setting next_dagrun for example_short_circuit_decorator to 2025-01-28 00:00:00+00:00, run_after=2025-01-29 00:00:00+00:00
[2025-01-29T23:38:17.914+0000] {processor.py:183} INFO - Processing /home/airflow/.local/lib/python3.8/site-packages/airflow/example_dags/example_short_circuit_decorator.py took 1.357 seconds
[2025-01-29T23:38:48.140+0000] {processor.py:161} INFO - Started process (PID=750) to work on /home/airflow/.local/lib/python3.8/site-packages/airflow/example_dags/example_short_circuit_decorator.py
[2025-01-29T23:38:48.143+0000] {processor.py:830} INFO - Processing file /home/airflow/.local/lib/python3.8/site-packages/airflow/example_dags/example_short_circuit_decorator.py for tasks to queue
[2025-01-29T23:38:48.149+0000] {logging_mixin.py:188} INFO - [2025-01-29T23:38:48.148+0000] {dagbag.py:538} INFO - Filling up the DagBag from /home/airflow/.local/lib/python3.8/site-packages/airflow/example_dags/example_short_circuit_decorator.py
[2025-01-29T23:38:48.216+0000] {processor.py:840} INFO - DAG(s) 'example_short_circuit_decorator' retrieved from /home/airflow/.local/lib/python3.8/site-packages/airflow/example_dags/example_short_circuit_decorator.py
[2025-01-29T23:38:48.366+0000] {logging_mixin.py:188} INFO - [2025-01-29T23:38:48.365+0000] {dag.py:3036} INFO - Sync 1 DAGs
[2025-01-29T23:38:48.488+0000] {logging_mixin.py:188} INFO - [2025-01-29T23:38:48.487+0000] {dag.py:3823} INFO - Setting next_dagrun for example_short_circuit_decorator to 2025-01-28 00:00:00+00:00, run_after=2025-01-29 00:00:00+00:00
[2025-01-29T23:38:48.599+0000] {processor.py:183} INFO - Processing /home/airflow/.local/lib/python3.8/site-packages/airflow/example_dags/example_short_circuit_decorator.py took 0.473 seconds
[2025-01-29T23:39:19.944+0000] {processor.py:161} INFO - Started process (PID=805) to work on /home/airflow/.local/lib/python3.8/site-packages/airflow/example_dags/example_short_circuit_decorator.py
[2025-01-29T23:39:19.958+0000] {processor.py:830} INFO - Processing file /home/airflow/.local/lib/python3.8/site-packages/airflow/example_dags/example_short_circuit_decorator.py for tasks to queue
[2025-01-29T23:39:19.971+0000] {logging_mixin.py:188} INFO - [2025-01-29T23:39:19.970+0000] {dagbag.py:538} INFO - Filling up the DagBag from /home/airflow/.local/lib/python3.8/site-packages/airflow/example_dags/example_short_circuit_decorator.py
[2025-01-29T23:39:20.041+0000] {processor.py:840} INFO - DAG(s) 'example_short_circuit_decorator' retrieved from /home/airflow/.local/lib/python3.8/site-packages/airflow/example_dags/example_short_circuit_decorator.py
[2025-01-29T23:39:20.216+0000] {logging_mixin.py:188} INFO - [2025-01-29T23:39:20.216+0000] {dag.py:3036} INFO - Sync 1 DAGs
[2025-01-29T23:39:20.373+0000] {logging_mixin.py:188} INFO - [2025-01-29T23:39:20.372+0000] {dag.py:3823} INFO - Setting next_dagrun for example_short_circuit_decorator to 2025-01-28 00:00:00+00:00, run_after=2025-01-29 00:00:00+00:00
[2025-01-29T23:39:20.509+0000] {processor.py:183} INFO - Processing /home/airflow/.local/lib/python3.8/site-packages/airflow/example_dags/example_short_circuit_decorator.py took 0.582 seconds
[2025-01-29T23:39:52.543+0000] {processor.py:161} INFO - Started process (PID=875) to work on /home/airflow/.local/lib/python3.8/site-packages/airflow/example_dags/example_short_circuit_decorator.py
[2025-01-29T23:39:52.635+0000] {processor.py:830} INFO - Processing file /home/airflow/.local/lib/python3.8/site-packages/airflow/example_dags/example_short_circuit_decorator.py for tasks to queue
[2025-01-29T23:39:52.652+0000] {logging_mixin.py:188} INFO - [2025-01-29T23:39:52.651+0000] {dagbag.py:538} INFO - Filling up the DagBag from /home/airflow/.local/lib/python3.8/site-packages/airflow/example_dags/example_short_circuit_decorator.py
[2025-01-29T23:39:52.713+0000] {processor.py:840} INFO - DAG(s) 'example_short_circuit_decorator' retrieved from /home/airflow/.local/lib/python3.8/site-packages/airflow/example_dags/example_short_circuit_decorator.py
[2025-01-29T23:39:53.013+0000] {logging_mixin.py:188} INFO - [2025-01-29T23:39:53.012+0000] {dag.py:3036} INFO - Sync 1 DAGs
[2025-01-29T23:39:53.297+0000] {logging_mixin.py:188} INFO - [2025-01-29T23:39:53.296+0000] {dag.py:3823} INFO - Setting next_dagrun for example_short_circuit_decorator to 2025-01-28 00:00:00+00:00, run_after=2025-01-29 00:00:00+00:00
[2025-01-29T23:39:53.445+0000] {processor.py:183} INFO - Processing /home/airflow/.local/lib/python3.8/site-packages/airflow/example_dags/example_short_circuit_decorator.py took 0.935 seconds
[2025-01-29T23:40:24.012+0000] {processor.py:161} INFO - Started process (PID=929) to work on /home/airflow/.local/lib/python3.8/site-packages/airflow/example_dags/example_short_circuit_decorator.py
[2025-01-29T23:40:24.015+0000] {processor.py:830} INFO - Processing file /home/airflow/.local/lib/python3.8/site-packages/airflow/example_dags/example_short_circuit_decorator.py for tasks to queue
[2025-01-29T23:40:24.019+0000] {logging_mixin.py:188} INFO - [2025-01-29T23:40:24.018+0000] {dagbag.py:538} INFO - Filling up the DagBag from /home/airflow/.local/lib/python3.8/site-packages/airflow/example_dags/example_short_circuit_decorator.py
[2025-01-29T23:40:24.095+0000] {processor.py:840} INFO - DAG(s) 'example_short_circuit_decorator' retrieved from /home/airflow/.local/lib/python3.8/site-packages/airflow/example_dags/example_short_circuit_decorator.py
[2025-01-29T23:40:24.205+0000] {logging_mixin.py:188} INFO - [2025-01-29T23:40:24.204+0000] {dag.py:3036} INFO - Sync 1 DAGs
[2025-01-29T23:40:24.332+0000] {logging_mixin.py:188} INFO - [2025-01-29T23:40:24.324+0000] {dag.py:3823} INFO - Setting next_dagrun for example_short_circuit_decorator to 2025-01-28 00:00:00+00:00, run_after=2025-01-29 00:00:00+00:00
[2025-01-29T23:40:24.410+0000] {processor.py:183} INFO - Processing /home/airflow/.local/lib/python3.8/site-packages/airflow/example_dags/example_short_circuit_decorator.py took 0.423 seconds
[2025-01-29T23:40:55.305+0000] {processor.py:161} INFO - Started process (PID=985) to work on /home/airflow/.local/lib/python3.8/site-packages/airflow/example_dags/example_short_circuit_decorator.py
[2025-01-29T23:40:55.314+0000] {processor.py:830} INFO - Processing file /home/airflow/.local/lib/python3.8/site-packages/airflow/example_dags/example_short_circuit_decorator.py for tasks to queue
[2025-01-29T23:40:55.325+0000] {logging_mixin.py:188} INFO - [2025-01-29T23:40:55.324+0000] {dagbag.py:538} INFO - Filling up the DagBag from /home/airflow/.local/lib/python3.8/site-packages/airflow/example_dags/example_short_circuit_decorator.py
[2025-01-29T23:40:55.411+0000] {processor.py:840} INFO - DAG(s) 'example_short_circuit_decorator' retrieved from /home/airflow/.local/lib/python3.8/site-packages/airflow/example_dags/example_short_circuit_decorator.py
[2025-01-29T23:40:55.589+0000] {logging_mixin.py:188} INFO - [2025-01-29T23:40:55.588+0000] {dag.py:3036} INFO - Sync 1 DAGs
[2025-01-29T23:40:55.738+0000] {logging_mixin.py:188} INFO - [2025-01-29T23:40:55.737+0000] {dag.py:3823} INFO - Setting next_dagrun for example_short_circuit_decorator to 2025-01-28 00:00:00+00:00, run_after=2025-01-29 00:00:00+00:00
[2025-01-29T23:40:55.864+0000] {processor.py:183} INFO - Processing /home/airflow/.local/lib/python3.8/site-packages/airflow/example_dags/example_short_circuit_decorator.py took 0.576 seconds
[2025-01-29T23:41:26.008+0000] {processor.py:161} INFO - Started process (PID=1042) to work on /home/airflow/.local/lib/python3.8/site-packages/airflow/example_dags/example_short_circuit_decorator.py
[2025-01-29T23:41:26.019+0000] {processor.py:830} INFO - Processing file /home/airflow/.local/lib/python3.8/site-packages/airflow/example_dags/example_short_circuit_decorator.py for tasks to queue
[2025-01-29T23:41:26.024+0000] {logging_mixin.py:188} INFO - [2025-01-29T23:41:26.023+0000] {dagbag.py:538} INFO - Filling up the DagBag from /home/airflow/.local/lib/python3.8/site-packages/airflow/example_dags/example_short_circuit_decorator.py
[2025-01-29T23:41:26.067+0000] {processor.py:840} INFO - DAG(s) 'example_short_circuit_decorator' retrieved from /home/airflow/.local/lib/python3.8/site-packages/airflow/example_dags/example_short_circuit_decorator.py
[2025-01-29T23:41:26.168+0000] {logging_mixin.py:188} INFO - [2025-01-29T23:41:26.167+0000] {dag.py:3036} INFO - Sync 1 DAGs
[2025-01-29T23:41:26.253+0000] {logging_mixin.py:188} INFO - [2025-01-29T23:41:26.253+0000] {dag.py:3823} INFO - Setting next_dagrun for example_short_circuit_decorator to 2025-01-28 00:00:00+00:00, run_after=2025-01-29 00:00:00+00:00
[2025-01-29T23:41:26.343+0000] {processor.py:183} INFO - Processing /home/airflow/.local/lib/python3.8/site-packages/airflow/example_dags/example_short_circuit_decorator.py took 0.342 seconds
[2025-01-29T23:41:56.937+0000] {processor.py:161} INFO - Started process (PID=1097) to work on /home/airflow/.local/lib/python3.8/site-packages/airflow/example_dags/example_short_circuit_decorator.py
[2025-01-29T23:41:56.941+0000] {processor.py:830} INFO - Processing file /home/airflow/.local/lib/python3.8/site-packages/airflow/example_dags/example_short_circuit_decorator.py for tasks to queue
[2025-01-29T23:41:56.996+0000] {logging_mixin.py:188} INFO - [2025-01-29T23:41:56.995+0000] {dagbag.py:538} INFO - Filling up the DagBag from /home/airflow/.local/lib/python3.8/site-packages/airflow/example_dags/example_short_circuit_decorator.py
[2025-01-29T23:41:57.076+0000] {processor.py:840} INFO - DAG(s) 'example_short_circuit_decorator' retrieved from /home/airflow/.local/lib/python3.8/site-packages/airflow/example_dags/example_short_circuit_decorator.py
[2025-01-29T23:41:57.263+0000] {logging_mixin.py:188} INFO - [2025-01-29T23:41:57.262+0000] {dag.py:3036} INFO - Sync 1 DAGs
[2025-01-29T23:41:57.455+0000] {logging_mixin.py:188} INFO - [2025-01-29T23:41:57.454+0000] {dag.py:3823} INFO - Setting next_dagrun for example_short_circuit_decorator to 2025-01-28 00:00:00+00:00, run_after=2025-01-29 00:00:00+00:00
[2025-01-29T23:41:57.596+0000] {processor.py:183} INFO - Processing /home/airflow/.local/lib/python3.8/site-packages/airflow/example_dags/example_short_circuit_decorator.py took 0.692 seconds
[2025-01-29T23:42:28.231+0000] {processor.py:161} INFO - Started process (PID=1154) to work on /home/airflow/.local/lib/python3.8/site-packages/airflow/example_dags/example_short_circuit_decorator.py
[2025-01-29T23:42:28.248+0000] {processor.py:830} INFO - Processing file /home/airflow/.local/lib/python3.8/site-packages/airflow/example_dags/example_short_circuit_decorator.py for tasks to queue
[2025-01-29T23:42:28.296+0000] {logging_mixin.py:188} INFO - [2025-01-29T23:42:28.296+0000] {dagbag.py:538} INFO - Filling up the DagBag from /home/airflow/.local/lib/python3.8/site-packages/airflow/example_dags/example_short_circuit_decorator.py
[2025-01-29T23:42:28.413+0000] {processor.py:840} INFO - DAG(s) 'example_short_circuit_decorator' retrieved from /home/airflow/.local/lib/python3.8/site-packages/airflow/example_dags/example_short_circuit_decorator.py
[2025-01-29T23:42:28.685+0000] {logging_mixin.py:188} INFO - [2025-01-29T23:42:28.685+0000] {dag.py:3036} INFO - Sync 1 DAGs
[2025-01-29T23:42:29.384+0000] {logging_mixin.py:188} INFO - [2025-01-29T23:42:29.383+0000] {dag.py:3823} INFO - Setting next_dagrun for example_short_circuit_decorator to 2025-01-28 00:00:00+00:00, run_after=2025-01-29 00:00:00+00:00
[2025-01-29T23:42:29.825+0000] {processor.py:183} INFO - Processing /home/airflow/.local/lib/python3.8/site-packages/airflow/example_dags/example_short_circuit_decorator.py took 1.617 seconds
[2025-01-29T23:43:00.170+0000] {processor.py:161} INFO - Started process (PID=1211) to work on /home/airflow/.local/lib/python3.8/site-packages/airflow/example_dags/example_short_circuit_decorator.py
[2025-01-29T23:43:00.181+0000] {processor.py:830} INFO - Processing file /home/airflow/.local/lib/python3.8/site-packages/airflow/example_dags/example_short_circuit_decorator.py for tasks to queue
[2025-01-29T23:43:00.186+0000] {logging_mixin.py:188} INFO - [2025-01-29T23:43:00.185+0000] {dagbag.py:538} INFO - Filling up the DagBag from /home/airflow/.local/lib/python3.8/site-packages/airflow/example_dags/example_short_circuit_decorator.py
[2025-01-29T23:43:00.253+0000] {processor.py:840} INFO - DAG(s) 'example_short_circuit_decorator' retrieved from /home/airflow/.local/lib/python3.8/site-packages/airflow/example_dags/example_short_circuit_decorator.py
[2025-01-29T23:43:00.396+0000] {logging_mixin.py:188} INFO - [2025-01-29T23:43:00.395+0000] {dag.py:3036} INFO - Sync 1 DAGs
[2025-01-29T23:43:00.562+0000] {logging_mixin.py:188} INFO - [2025-01-29T23:43:00.561+0000] {dag.py:3823} INFO - Setting next_dagrun for example_short_circuit_decorator to 2025-01-28 00:00:00+00:00, run_after=2025-01-29 00:00:00+00:00
[2025-01-29T23:43:00.696+0000] {processor.py:183} INFO - Processing /home/airflow/.local/lib/python3.8/site-packages/airflow/example_dags/example_short_circuit_decorator.py took 0.541 seconds
[2025-01-29T23:43:31.473+0000] {processor.py:161} INFO - Started process (PID=1266) to work on /home/airflow/.local/lib/python3.8/site-packages/airflow/example_dags/example_short_circuit_decorator.py
[2025-01-29T23:43:31.477+0000] {processor.py:830} INFO - Processing file /home/airflow/.local/lib/python3.8/site-packages/airflow/example_dags/example_short_circuit_decorator.py for tasks to queue
[2025-01-29T23:43:31.487+0000] {logging_mixin.py:188} INFO - [2025-01-29T23:43:31.486+0000] {dagbag.py:538} INFO - Filling up the DagBag from /home/airflow/.local/lib/python3.8/site-packages/airflow/example_dags/example_short_circuit_decorator.py
[2025-01-29T23:43:31.529+0000] {processor.py:840} INFO - DAG(s) 'example_short_circuit_decorator' retrieved from /home/airflow/.local/lib/python3.8/site-packages/airflow/example_dags/example_short_circuit_decorator.py
[2025-01-29T23:43:31.635+0000] {logging_mixin.py:188} INFO - [2025-01-29T23:43:31.634+0000] {dag.py:3036} INFO - Sync 1 DAGs
[2025-01-29T23:43:31.751+0000] {logging_mixin.py:188} INFO - [2025-01-29T23:43:31.750+0000] {dag.py:3823} INFO - Setting next_dagrun for example_short_circuit_decorator to 2025-01-28 00:00:00+00:00, run_after=2025-01-29 00:00:00+00:00
[2025-01-29T23:43:31.846+0000] {processor.py:183} INFO - Processing /home/airflow/.local/lib/python3.8/site-packages/airflow/example_dags/example_short_circuit_decorator.py took 0.381 seconds
[2025-01-29T23:44:02.616+0000] {processor.py:161} INFO - Started process (PID=1322) to work on /home/airflow/.local/lib/python3.8/site-packages/airflow/example_dags/example_short_circuit_decorator.py
[2025-01-29T23:44:02.620+0000] {processor.py:830} INFO - Processing file /home/airflow/.local/lib/python3.8/site-packages/airflow/example_dags/example_short_circuit_decorator.py for tasks to queue
[2025-01-29T23:44:02.625+0000] {logging_mixin.py:188} INFO - [2025-01-29T23:44:02.624+0000] {dagbag.py:538} INFO - Filling up the DagBag from /home/airflow/.local/lib/python3.8/site-packages/airflow/example_dags/example_short_circuit_decorator.py
[2025-01-29T23:44:02.678+0000] {processor.py:840} INFO - DAG(s) 'example_short_circuit_decorator' retrieved from /home/airflow/.local/lib/python3.8/site-packages/airflow/example_dags/example_short_circuit_decorator.py
[2025-01-29T23:44:02.881+0000] {logging_mixin.py:188} INFO - [2025-01-29T23:44:02.880+0000] {dag.py:3036} INFO - Sync 1 DAGs
[2025-01-29T23:44:03.125+0000] {logging_mixin.py:188} INFO - [2025-01-29T23:44:03.124+0000] {dag.py:3823} INFO - Setting next_dagrun for example_short_circuit_decorator to 2025-01-28 00:00:00+00:00, run_after=2025-01-29 00:00:00+00:00
[2025-01-29T23:44:03.304+0000] {processor.py:183} INFO - Processing /home/airflow/.local/lib/python3.8/site-packages/airflow/example_dags/example_short_circuit_decorator.py took 0.717 seconds
[2025-01-29T23:44:34.225+0000] {processor.py:161} INFO - Started process (PID=1380) to work on /home/airflow/.local/lib/python3.8/site-packages/airflow/example_dags/example_short_circuit_decorator.py
[2025-01-29T23:44:34.229+0000] {processor.py:830} INFO - Processing file /home/airflow/.local/lib/python3.8/site-packages/airflow/example_dags/example_short_circuit_decorator.py for tasks to queue
[2025-01-29T23:44:34.234+0000] {logging_mixin.py:188} INFO - [2025-01-29T23:44:34.233+0000] {dagbag.py:538} INFO - Filling up the DagBag from /home/airflow/.local/lib/python3.8/site-packages/airflow/example_dags/example_short_circuit_decorator.py
[2025-01-29T23:44:34.271+0000] {processor.py:840} INFO - DAG(s) 'example_short_circuit_decorator' retrieved from /home/airflow/.local/lib/python3.8/site-packages/airflow/example_dags/example_short_circuit_decorator.py
[2025-01-29T23:44:34.418+0000] {logging_mixin.py:188} INFO - [2025-01-29T23:44:34.417+0000] {dag.py:3036} INFO - Sync 1 DAGs
[2025-01-29T23:44:34.581+0000] {logging_mixin.py:188} INFO - [2025-01-29T23:44:34.580+0000] {dag.py:3823} INFO - Setting next_dagrun for example_short_circuit_decorator to 2025-01-28 00:00:00+00:00, run_after=2025-01-29 00:00:00+00:00
[2025-01-29T23:44:34.728+0000] {processor.py:183} INFO - Processing /home/airflow/.local/lib/python3.8/site-packages/airflow/example_dags/example_short_circuit_decorator.py took 0.516 seconds
[2025-01-29T23:45:10.075+0000] {processor.py:161} INFO - Started process (PID=1442) to work on /home/airflow/.local/lib/python3.8/site-packages/airflow/example_dags/example_short_circuit_decorator.py
[2025-01-29T23:45:10.111+0000] {processor.py:830} INFO - Processing file /home/airflow/.local/lib/python3.8/site-packages/airflow/example_dags/example_short_circuit_decorator.py for tasks to queue
[2025-01-29T23:45:10.139+0000] {logging_mixin.py:188} INFO - [2025-01-29T23:45:10.138+0000] {dagbag.py:538} INFO - Filling up the DagBag from /home/airflow/.local/lib/python3.8/site-packages/airflow/example_dags/example_short_circuit_decorator.py
[2025-01-29T23:45:10.424+0000] {processor.py:840} INFO - DAG(s) 'example_short_circuit_decorator' retrieved from /home/airflow/.local/lib/python3.8/site-packages/airflow/example_dags/example_short_circuit_decorator.py
[2025-01-29T23:45:10.667+0000] {logging_mixin.py:188} INFO - [2025-01-29T23:45:10.666+0000] {dag.py:3036} INFO - Sync 1 DAGs
[2025-01-29T23:45:10.873+0000] {logging_mixin.py:188} INFO - [2025-01-29T23:45:10.873+0000] {dag.py:3823} INFO - Setting next_dagrun for example_short_circuit_decorator to 2025-01-28 00:00:00+00:00, run_after=2025-01-29 00:00:00+00:00
[2025-01-29T23:45:11.033+0000] {processor.py:183} INFO - Processing /home/airflow/.local/lib/python3.8/site-packages/airflow/example_dags/example_short_circuit_decorator.py took 0.976 seconds
[2025-01-29T23:45:41.521+0000] {processor.py:161} INFO - Started process (PID=1498) to work on /home/airflow/.local/lib/python3.8/site-packages/airflow/example_dags/example_short_circuit_decorator.py
[2025-01-29T23:45:41.524+0000] {processor.py:830} INFO - Processing file /home/airflow/.local/lib/python3.8/site-packages/airflow/example_dags/example_short_circuit_decorator.py for tasks to queue
[2025-01-29T23:45:41.542+0000] {logging_mixin.py:188} INFO - [2025-01-29T23:45:41.541+0000] {dagbag.py:538} INFO - Filling up the DagBag from /home/airflow/.local/lib/python3.8/site-packages/airflow/example_dags/example_short_circuit_decorator.py
[2025-01-29T23:45:41.594+0000] {processor.py:840} INFO - DAG(s) 'example_short_circuit_decorator' retrieved from /home/airflow/.local/lib/python3.8/site-packages/airflow/example_dags/example_short_circuit_decorator.py
[2025-01-29T23:45:41.716+0000] {logging_mixin.py:188} INFO - [2025-01-29T23:45:41.715+0000] {dag.py:3036} INFO - Sync 1 DAGs
[2025-01-29T23:45:41.834+0000] {logging_mixin.py:188} INFO - [2025-01-29T23:45:41.834+0000] {dag.py:3823} INFO - Setting next_dagrun for example_short_circuit_decorator to 2025-01-28 00:00:00+00:00, run_after=2025-01-29 00:00:00+00:00
[2025-01-29T23:45:41.896+0000] {processor.py:183} INFO - Processing /home/airflow/.local/lib/python3.8/site-packages/airflow/example_dags/example_short_circuit_decorator.py took 0.392 seconds
[2025-01-29T23:46:12.845+0000] {processor.py:161} INFO - Started process (PID=1554) to work on /home/airflow/.local/lib/python3.8/site-packages/airflow/example_dags/example_short_circuit_decorator.py
[2025-01-29T23:46:12.847+0000] {processor.py:830} INFO - Processing file /home/airflow/.local/lib/python3.8/site-packages/airflow/example_dags/example_short_circuit_decorator.py for tasks to queue
[2025-01-29T23:46:12.850+0000] {logging_mixin.py:188} INFO - [2025-01-29T23:46:12.849+0000] {dagbag.py:538} INFO - Filling up the DagBag from /home/airflow/.local/lib/python3.8/site-packages/airflow/example_dags/example_short_circuit_decorator.py
[2025-01-29T23:46:12.875+0000] {processor.py:840} INFO - DAG(s) 'example_short_circuit_decorator' retrieved from /home/airflow/.local/lib/python3.8/site-packages/airflow/example_dags/example_short_circuit_decorator.py
[2025-01-29T23:46:12.925+0000] {logging_mixin.py:188} INFO - [2025-01-29T23:46:12.925+0000] {dag.py:3036} INFO - Sync 1 DAGs
[2025-01-29T23:46:12.986+0000] {logging_mixin.py:188} INFO - [2025-01-29T23:46:12.985+0000] {dag.py:3823} INFO - Setting next_dagrun for example_short_circuit_decorator to 2025-01-28 00:00:00+00:00, run_after=2025-01-29 00:00:00+00:00
[2025-01-29T23:46:13.038+0000] {processor.py:183} INFO - Processing /home/airflow/.local/lib/python3.8/site-packages/airflow/example_dags/example_short_circuit_decorator.py took 0.201 seconds
[2025-01-29T23:46:44.727+0000] {processor.py:161} INFO - Started process (PID=1610) to work on /home/airflow/.local/lib/python3.8/site-packages/airflow/example_dags/example_short_circuit_decorator.py
[2025-01-29T23:46:44.729+0000] {processor.py:830} INFO - Processing file /home/airflow/.local/lib/python3.8/site-packages/airflow/example_dags/example_short_circuit_decorator.py for tasks to queue
[2025-01-29T23:46:44.731+0000] {logging_mixin.py:188} INFO - [2025-01-29T23:46:44.730+0000] {dagbag.py:538} INFO - Filling up the DagBag from /home/airflow/.local/lib/python3.8/site-packages/airflow/example_dags/example_short_circuit_decorator.py
[2025-01-29T23:46:44.755+0000] {processor.py:840} INFO - DAG(s) 'example_short_circuit_decorator' retrieved from /home/airflow/.local/lib/python3.8/site-packages/airflow/example_dags/example_short_circuit_decorator.py
[2025-01-29T23:46:44.808+0000] {logging_mixin.py:188} INFO - [2025-01-29T23:46:44.807+0000] {dag.py:3036} INFO - Sync 1 DAGs
[2025-01-29T23:46:44.860+0000] {logging_mixin.py:188} INFO - [2025-01-29T23:46:44.859+0000] {dag.py:3823} INFO - Setting next_dagrun for example_short_circuit_decorator to 2025-01-28 00:00:00+00:00, run_after=2025-01-29 00:00:00+00:00
[2025-01-29T23:46:44.917+0000] {processor.py:183} INFO - Processing /home/airflow/.local/lib/python3.8/site-packages/airflow/example_dags/example_short_circuit_decorator.py took 0.196 seconds
[2025-01-29T23:47:22.582+0000] {processor.py:161} INFO - Started process (PID=1669) to work on /home/airflow/.local/lib/python3.8/site-packages/airflow/example_dags/example_short_circuit_decorator.py
[2025-01-29T23:47:22.585+0000] {processor.py:830} INFO - Processing file /home/airflow/.local/lib/python3.8/site-packages/airflow/example_dags/example_short_circuit_decorator.py for tasks to queue
[2025-01-29T23:47:22.599+0000] {logging_mixin.py:188} INFO - [2025-01-29T23:47:22.599+0000] {dagbag.py:538} INFO - Filling up the DagBag from /home/airflow/.local/lib/python3.8/site-packages/airflow/example_dags/example_short_circuit_decorator.py
[2025-01-29T23:47:22.686+0000] {processor.py:840} INFO - DAG(s) 'example_short_circuit_decorator' retrieved from /home/airflow/.local/lib/python3.8/site-packages/airflow/example_dags/example_short_circuit_decorator.py
[2025-01-29T23:47:22.859+0000] {logging_mixin.py:188} INFO - [2025-01-29T23:47:22.857+0000] {dag.py:3036} INFO - Sync 1 DAGs
[2025-01-29T23:47:22.982+0000] {logging_mixin.py:188} INFO - [2025-01-29T23:47:22.982+0000] {dag.py:3823} INFO - Setting next_dagrun for example_short_circuit_decorator to 2025-01-28 00:00:00+00:00, run_after=2025-01-29 00:00:00+00:00
[2025-01-29T23:47:23.136+0000] {processor.py:183} INFO - Processing /home/airflow/.local/lib/python3.8/site-packages/airflow/example_dags/example_short_circuit_decorator.py took 0.574 seconds
[2025-01-29T23:47:53.498+0000] {processor.py:161} INFO - Started process (PID=1725) to work on /home/airflow/.local/lib/python3.8/site-packages/airflow/example_dags/example_short_circuit_decorator.py
[2025-01-29T23:47:53.501+0000] {processor.py:830} INFO - Processing file /home/airflow/.local/lib/python3.8/site-packages/airflow/example_dags/example_short_circuit_decorator.py for tasks to queue
[2025-01-29T23:47:53.505+0000] {logging_mixin.py:188} INFO - [2025-01-29T23:47:53.503+0000] {dagbag.py:538} INFO - Filling up the DagBag from /home/airflow/.local/lib/python3.8/site-packages/airflow/example_dags/example_short_circuit_decorator.py
[2025-01-29T23:47:53.537+0000] {processor.py:840} INFO - DAG(s) 'example_short_circuit_decorator' retrieved from /home/airflow/.local/lib/python3.8/site-packages/airflow/example_dags/example_short_circuit_decorator.py
[2025-01-29T23:47:53.610+0000] {logging_mixin.py:188} INFO - [2025-01-29T23:47:53.608+0000] {dag.py:3036} INFO - Sync 1 DAGs
[2025-01-29T23:47:53.684+0000] {logging_mixin.py:188} INFO - [2025-01-29T23:47:53.684+0000] {dag.py:3823} INFO - Setting next_dagrun for example_short_circuit_decorator to 2025-01-28 00:00:00+00:00, run_after=2025-01-29 00:00:00+00:00
[2025-01-29T23:47:53.744+0000] {processor.py:183} INFO - Processing /home/airflow/.local/lib/python3.8/site-packages/airflow/example_dags/example_short_circuit_decorator.py took 0.253 seconds
[2025-01-29T23:48:24.266+0000] {processor.py:161} INFO - Started process (PID=1781) to work on /home/airflow/.local/lib/python3.8/site-packages/airflow/example_dags/example_short_circuit_decorator.py
[2025-01-29T23:48:24.268+0000] {processor.py:830} INFO - Processing file /home/airflow/.local/lib/python3.8/site-packages/airflow/example_dags/example_short_circuit_decorator.py for tasks to queue
[2025-01-29T23:48:24.281+0000] {logging_mixin.py:188} INFO - [2025-01-29T23:48:24.280+0000] {dagbag.py:538} INFO - Filling up the DagBag from /home/airflow/.local/lib/python3.8/site-packages/airflow/example_dags/example_short_circuit_decorator.py
[2025-01-29T23:48:24.339+0000] {processor.py:840} INFO - DAG(s) 'example_short_circuit_decorator' retrieved from /home/airflow/.local/lib/python3.8/site-packages/airflow/example_dags/example_short_circuit_decorator.py
[2025-01-29T23:48:24.456+0000] {logging_mixin.py:188} INFO - [2025-01-29T23:48:24.456+0000] {dag.py:3036} INFO - Sync 1 DAGs
[2025-01-29T23:48:24.618+0000] {logging_mixin.py:188} INFO - [2025-01-29T23:48:24.617+0000] {dag.py:3823} INFO - Setting next_dagrun for example_short_circuit_decorator to 2025-01-28 00:00:00+00:00, run_after=2025-01-29 00:00:00+00:00
[2025-01-29T23:48:24.882+0000] {processor.py:183} INFO - Processing /home/airflow/.local/lib/python3.8/site-packages/airflow/example_dags/example_short_circuit_decorator.py took 0.635 seconds
[2025-01-29T23:48:55.458+0000] {processor.py:161} INFO - Started process (PID=1837) to work on /home/airflow/.local/lib/python3.8/site-packages/airflow/example_dags/example_short_circuit_decorator.py
[2025-01-29T23:48:55.460+0000] {processor.py:830} INFO - Processing file /home/airflow/.local/lib/python3.8/site-packages/airflow/example_dags/example_short_circuit_decorator.py for tasks to queue
[2025-01-29T23:48:55.461+0000] {logging_mixin.py:188} INFO - [2025-01-29T23:48:55.461+0000] {dagbag.py:538} INFO - Filling up the DagBag from /home/airflow/.local/lib/python3.8/site-packages/airflow/example_dags/example_short_circuit_decorator.py
[2025-01-29T23:48:55.479+0000] {processor.py:840} INFO - DAG(s) 'example_short_circuit_decorator' retrieved from /home/airflow/.local/lib/python3.8/site-packages/airflow/example_dags/example_short_circuit_decorator.py
[2025-01-29T23:48:55.521+0000] {logging_mixin.py:188} INFO - [2025-01-29T23:48:55.521+0000] {dag.py:3036} INFO - Sync 1 DAGs
[2025-01-29T23:48:55.567+0000] {logging_mixin.py:188} INFO - [2025-01-29T23:48:55.567+0000] {dag.py:3823} INFO - Setting next_dagrun for example_short_circuit_decorator to 2025-01-28 00:00:00+00:00, run_after=2025-01-29 00:00:00+00:00
[2025-01-29T23:48:55.607+0000] {processor.py:183} INFO - Processing /home/airflow/.local/lib/python3.8/site-packages/airflow/example_dags/example_short_circuit_decorator.py took 0.156 seconds
[2025-01-29T23:49:26.013+0000] {processor.py:161} INFO - Started process (PID=1899) to work on /home/airflow/.local/lib/python3.8/site-packages/airflow/example_dags/example_short_circuit_decorator.py
[2025-01-29T23:49:26.014+0000] {processor.py:830} INFO - Processing file /home/airflow/.local/lib/python3.8/site-packages/airflow/example_dags/example_short_circuit_decorator.py for tasks to queue
[2025-01-29T23:49:26.016+0000] {logging_mixin.py:188} INFO - [2025-01-29T23:49:26.015+0000] {dagbag.py:538} INFO - Filling up the DagBag from /home/airflow/.local/lib/python3.8/site-packages/airflow/example_dags/example_short_circuit_decorator.py
[2025-01-29T23:49:26.031+0000] {processor.py:840} INFO - DAG(s) 'example_short_circuit_decorator' retrieved from /home/airflow/.local/lib/python3.8/site-packages/airflow/example_dags/example_short_circuit_decorator.py
[2025-01-29T23:49:26.068+0000] {logging_mixin.py:188} INFO - [2025-01-29T23:49:26.068+0000] {dag.py:3036} INFO - Sync 1 DAGs
[2025-01-29T23:49:26.100+0000] {logging_mixin.py:188} INFO - [2025-01-29T23:49:26.099+0000] {dag.py:3823} INFO - Setting next_dagrun for example_short_circuit_decorator to 2025-01-28 00:00:00+00:00, run_after=2025-01-29 00:00:00+00:00
[2025-01-29T23:49:26.128+0000] {processor.py:183} INFO - Processing /home/airflow/.local/lib/python3.8/site-packages/airflow/example_dags/example_short_circuit_decorator.py took 0.121 seconds
[2025-01-29T23:49:56.288+0000] {processor.py:161} INFO - Started process (PID=1955) to work on /home/airflow/.local/lib/python3.8/site-packages/airflow/example_dags/example_short_circuit_decorator.py
[2025-01-29T23:49:56.291+0000] {processor.py:830} INFO - Processing file /home/airflow/.local/lib/python3.8/site-packages/airflow/example_dags/example_short_circuit_decorator.py for tasks to queue
[2025-01-29T23:49:56.297+0000] {logging_mixin.py:188} INFO - [2025-01-29T23:49:56.292+0000] {dagbag.py:538} INFO - Filling up the DagBag from /home/airflow/.local/lib/python3.8/site-packages/airflow/example_dags/example_short_circuit_decorator.py
[2025-01-29T23:49:56.332+0000] {processor.py:840} INFO - DAG(s) 'example_short_circuit_decorator' retrieved from /home/airflow/.local/lib/python3.8/site-packages/airflow/example_dags/example_short_circuit_decorator.py
[2025-01-29T23:49:56.406+0000] {logging_mixin.py:188} INFO - [2025-01-29T23:49:56.405+0000] {dag.py:3036} INFO - Sync 1 DAGs
[2025-01-29T23:49:56.463+0000] {logging_mixin.py:188} INFO - [2025-01-29T23:49:56.462+0000] {dag.py:3823} INFO - Setting next_dagrun for example_short_circuit_decorator to 2025-01-28 00:00:00+00:00, run_after=2025-01-29 00:00:00+00:00
[2025-01-29T23:49:56.510+0000] {processor.py:183} INFO - Processing /home/airflow/.local/lib/python3.8/site-packages/airflow/example_dags/example_short_circuit_decorator.py took 0.232 seconds
[2025-01-29T23:50:30.553+0000] {processor.py:161} INFO - Started process (PID=2014) to work on /home/airflow/.local/lib/python3.8/site-packages/airflow/example_dags/example_short_circuit_decorator.py
[2025-01-29T23:50:30.556+0000] {processor.py:830} INFO - Processing file /home/airflow/.local/lib/python3.8/site-packages/airflow/example_dags/example_short_circuit_decorator.py for tasks to queue
[2025-01-29T23:50:30.566+0000] {logging_mixin.py:188} INFO - [2025-01-29T23:50:30.565+0000] {dagbag.py:538} INFO - Filling up the DagBag from /home/airflow/.local/lib/python3.8/site-packages/airflow/example_dags/example_short_circuit_decorator.py
[2025-01-29T23:50:30.613+0000] {processor.py:840} INFO - DAG(s) 'example_short_circuit_decorator' retrieved from /home/airflow/.local/lib/python3.8/site-packages/airflow/example_dags/example_short_circuit_decorator.py
[2025-01-29T23:50:30.730+0000] {logging_mixin.py:188} INFO - [2025-01-29T23:50:30.729+0000] {dag.py:3036} INFO - Sync 1 DAGs
[2025-01-29T23:50:30.834+0000] {logging_mixin.py:188} INFO - [2025-01-29T23:50:30.833+0000] {dag.py:3823} INFO - Setting next_dagrun for example_short_circuit_decorator to 2025-01-28 00:00:00+00:00, run_after=2025-01-29 00:00:00+00:00
[2025-01-29T23:50:30.901+0000] {processor.py:183} INFO - Processing /home/airflow/.local/lib/python3.8/site-packages/airflow/example_dags/example_short_circuit_decorator.py took 0.357 seconds
[2025-01-29T23:51:01.173+0000] {processor.py:161} INFO - Started process (PID=2069) to work on /home/airflow/.local/lib/python3.8/site-packages/airflow/example_dags/example_short_circuit_decorator.py
[2025-01-29T23:51:01.179+0000] {processor.py:830} INFO - Processing file /home/airflow/.local/lib/python3.8/site-packages/airflow/example_dags/example_short_circuit_decorator.py for tasks to queue
[2025-01-29T23:51:01.182+0000] {logging_mixin.py:188} INFO - [2025-01-29T23:51:01.181+0000] {dagbag.py:538} INFO - Filling up the DagBag from /home/airflow/.local/lib/python3.8/site-packages/airflow/example_dags/example_short_circuit_decorator.py
[2025-01-29T23:51:01.213+0000] {processor.py:840} INFO - DAG(s) 'example_short_circuit_decorator' retrieved from /home/airflow/.local/lib/python3.8/site-packages/airflow/example_dags/example_short_circuit_decorator.py
[2025-01-29T23:51:01.293+0000] {logging_mixin.py:188} INFO - [2025-01-29T23:51:01.293+0000] {dag.py:3036} INFO - Sync 1 DAGs
[2025-01-29T23:51:01.367+0000] {logging_mixin.py:188} INFO - [2025-01-29T23:51:01.366+0000] {dag.py:3823} INFO - Setting next_dagrun for example_short_circuit_decorator to 2025-01-28 00:00:00+00:00, run_after=2025-01-29 00:00:00+00:00
[2025-01-29T23:51:01.474+0000] {processor.py:183} INFO - Processing /home/airflow/.local/lib/python3.8/site-packages/airflow/example_dags/example_short_circuit_decorator.py took 0.311 seconds
[2025-01-29T23:51:32.544+0000] {processor.py:161} INFO - Started process (PID=2123) to work on /home/airflow/.local/lib/python3.8/site-packages/airflow/example_dags/example_short_circuit_decorator.py
[2025-01-29T23:51:32.569+0000] {processor.py:830} INFO - Processing file /home/airflow/.local/lib/python3.8/site-packages/airflow/example_dags/example_short_circuit_decorator.py for tasks to queue
[2025-01-29T23:51:32.573+0000] {logging_mixin.py:188} INFO - [2025-01-29T23:51:32.572+0000] {dagbag.py:538} INFO - Filling up the DagBag from /home/airflow/.local/lib/python3.8/site-packages/airflow/example_dags/example_short_circuit_decorator.py
[2025-01-29T23:51:32.631+0000] {processor.py:840} INFO - DAG(s) 'example_short_circuit_decorator' retrieved from /home/airflow/.local/lib/python3.8/site-packages/airflow/example_dags/example_short_circuit_decorator.py
[2025-01-29T23:51:32.780+0000] {logging_mixin.py:188} INFO - [2025-01-29T23:51:32.779+0000] {dag.py:3036} INFO - Sync 1 DAGs
[2025-01-29T23:51:32.899+0000] {logging_mixin.py:188} INFO - [2025-01-29T23:51:32.894+0000] {dag.py:3823} INFO - Setting next_dagrun for example_short_circuit_decorator to 2025-01-28 00:00:00+00:00, run_after=2025-01-29 00:00:00+00:00
[2025-01-29T23:51:33.006+0000] {processor.py:183} INFO - Processing /home/airflow/.local/lib/python3.8/site-packages/airflow/example_dags/example_short_circuit_decorator.py took 0.476 seconds
[2025-01-29T23:52:03.114+0000] {processor.py:161} INFO - Started process (PID=2180) to work on /home/airflow/.local/lib/python3.8/site-packages/airflow/example_dags/example_short_circuit_decorator.py
[2025-01-29T23:52:03.116+0000] {processor.py:830} INFO - Processing file /home/airflow/.local/lib/python3.8/site-packages/airflow/example_dags/example_short_circuit_decorator.py for tasks to queue
[2025-01-29T23:52:03.118+0000] {logging_mixin.py:188} INFO - [2025-01-29T23:52:03.117+0000] {dagbag.py:538} INFO - Filling up the DagBag from /home/airflow/.local/lib/python3.8/site-packages/airflow/example_dags/example_short_circuit_decorator.py
[2025-01-29T23:52:03.156+0000] {processor.py:840} INFO - DAG(s) 'example_short_circuit_decorator' retrieved from /home/airflow/.local/lib/python3.8/site-packages/airflow/example_dags/example_short_circuit_decorator.py
[2025-01-29T23:52:03.238+0000] {logging_mixin.py:188} INFO - [2025-01-29T23:52:03.238+0000] {dag.py:3036} INFO - Sync 1 DAGs
[2025-01-29T23:52:03.341+0000] {logging_mixin.py:188} INFO - [2025-01-29T23:52:03.340+0000] {dag.py:3823} INFO - Setting next_dagrun for example_short_circuit_decorator to 2025-01-28 00:00:00+00:00, run_after=2025-01-29 00:00:00+00:00
[2025-01-29T23:52:03.413+0000] {processor.py:183} INFO - Processing /home/airflow/.local/lib/python3.8/site-packages/airflow/example_dags/example_short_circuit_decorator.py took 0.305 seconds
[2025-01-29T23:52:33.488+0000] {processor.py:161} INFO - Started process (PID=2236) to work on /home/airflow/.local/lib/python3.8/site-packages/airflow/example_dags/example_short_circuit_decorator.py
[2025-01-29T23:52:33.489+0000] {processor.py:830} INFO - Processing file /home/airflow/.local/lib/python3.8/site-packages/airflow/example_dags/example_short_circuit_decorator.py for tasks to queue
[2025-01-29T23:52:33.491+0000] {logging_mixin.py:188} INFO - [2025-01-29T23:52:33.490+0000] {dagbag.py:538} INFO - Filling up the DagBag from /home/airflow/.local/lib/python3.8/site-packages/airflow/example_dags/example_short_circuit_decorator.py
[2025-01-29T23:52:33.507+0000] {processor.py:840} INFO - DAG(s) 'example_short_circuit_decorator' retrieved from /home/airflow/.local/lib/python3.8/site-packages/airflow/example_dags/example_short_circuit_decorator.py
[2025-01-29T23:52:33.565+0000] {logging_mixin.py:188} INFO - [2025-01-29T23:52:33.564+0000] {dag.py:3036} INFO - Sync 1 DAGs
[2025-01-29T23:52:33.614+0000] {logging_mixin.py:188} INFO - [2025-01-29T23:52:33.614+0000] {dag.py:3823} INFO - Setting next_dagrun for example_short_circuit_decorator to 2025-01-28 00:00:00+00:00, run_after=2025-01-29 00:00:00+00:00
[2025-01-29T23:52:33.655+0000] {processor.py:183} INFO - Processing /home/airflow/.local/lib/python3.8/site-packages/airflow/example_dags/example_short_circuit_decorator.py took 0.175 seconds
[2025-01-29T23:53:04.231+0000] {processor.py:161} INFO - Started process (PID=2292) to work on /home/airflow/.local/lib/python3.8/site-packages/airflow/example_dags/example_short_circuit_decorator.py
[2025-01-29T23:53:04.234+0000] {processor.py:830} INFO - Processing file /home/airflow/.local/lib/python3.8/site-packages/airflow/example_dags/example_short_circuit_decorator.py for tasks to queue
[2025-01-29T23:53:04.236+0000] {logging_mixin.py:188} INFO - [2025-01-29T23:53:04.235+0000] {dagbag.py:538} INFO - Filling up the DagBag from /home/airflow/.local/lib/python3.8/site-packages/airflow/example_dags/example_short_circuit_decorator.py
[2025-01-29T23:53:04.256+0000] {processor.py:840} INFO - DAG(s) 'example_short_circuit_decorator' retrieved from /home/airflow/.local/lib/python3.8/site-packages/airflow/example_dags/example_short_circuit_decorator.py
[2025-01-29T23:53:04.302+0000] {logging_mixin.py:188} INFO - [2025-01-29T23:53:04.302+0000] {dag.py:3036} INFO - Sync 1 DAGs
[2025-01-29T23:53:04.347+0000] {logging_mixin.py:188} INFO - [2025-01-29T23:53:04.346+0000] {dag.py:3823} INFO - Setting next_dagrun for example_short_circuit_decorator to 2025-01-28 00:00:00+00:00, run_after=2025-01-29 00:00:00+00:00
[2025-01-29T23:53:04.598+0000] {processor.py:183} INFO - Processing /home/airflow/.local/lib/python3.8/site-packages/airflow/example_dags/example_short_circuit_decorator.py took 0.374 seconds
[2025-01-29T23:53:35.476+0000] {processor.py:161} INFO - Started process (PID=2347) to work on /home/airflow/.local/lib/python3.8/site-packages/airflow/example_dags/example_short_circuit_decorator.py
[2025-01-29T23:53:35.479+0000] {processor.py:830} INFO - Processing file /home/airflow/.local/lib/python3.8/site-packages/airflow/example_dags/example_short_circuit_decorator.py for tasks to queue
[2025-01-29T23:53:35.486+0000] {logging_mixin.py:188} INFO - [2025-01-29T23:53:35.482+0000] {dagbag.py:538} INFO - Filling up the DagBag from /home/airflow/.local/lib/python3.8/site-packages/airflow/example_dags/example_short_circuit_decorator.py
[2025-01-29T23:53:35.548+0000] {processor.py:840} INFO - DAG(s) 'example_short_circuit_decorator' retrieved from /home/airflow/.local/lib/python3.8/site-packages/airflow/example_dags/example_short_circuit_decorator.py
[2025-01-29T23:53:35.669+0000] {logging_mixin.py:188} INFO - [2025-01-29T23:53:35.668+0000] {dag.py:3036} INFO - Sync 1 DAGs
[2025-01-29T23:53:35.811+0000] {logging_mixin.py:188} INFO - [2025-01-29T23:53:35.811+0000] {dag.py:3823} INFO - Setting next_dagrun for example_short_circuit_decorator to 2025-01-28 00:00:00+00:00, run_after=2025-01-29 00:00:00+00:00
[2025-01-29T23:53:35.918+0000] {processor.py:183} INFO - Processing /home/airflow/.local/lib/python3.8/site-packages/airflow/example_dags/example_short_circuit_decorator.py took 0.454 seconds
[2025-01-29T23:54:06.087+0000] {processor.py:161} INFO - Started process (PID=2403) to work on /home/airflow/.local/lib/python3.8/site-packages/airflow/example_dags/example_short_circuit_decorator.py
[2025-01-29T23:54:06.091+0000] {processor.py:830} INFO - Processing file /home/airflow/.local/lib/python3.8/site-packages/airflow/example_dags/example_short_circuit_decorator.py for tasks to queue
[2025-01-29T23:54:06.094+0000] {logging_mixin.py:188} INFO - [2025-01-29T23:54:06.093+0000] {dagbag.py:538} INFO - Filling up the DagBag from /home/airflow/.local/lib/python3.8/site-packages/airflow/example_dags/example_short_circuit_decorator.py
[2025-01-29T23:54:06.137+0000] {processor.py:840} INFO - DAG(s) 'example_short_circuit_decorator' retrieved from /home/airflow/.local/lib/python3.8/site-packages/airflow/example_dags/example_short_circuit_decorator.py
[2025-01-29T23:54:06.236+0000] {logging_mixin.py:188} INFO - [2025-01-29T23:54:06.235+0000] {dag.py:3036} INFO - Sync 1 DAGs
[2025-01-29T23:54:06.313+0000] {logging_mixin.py:188} INFO - [2025-01-29T23:54:06.312+0000] {dag.py:3823} INFO - Setting next_dagrun for example_short_circuit_decorator to 2025-01-28 00:00:00+00:00, run_after=2025-01-29 00:00:00+00:00
[2025-01-29T23:54:06.383+0000] {processor.py:183} INFO - Processing /home/airflow/.local/lib/python3.8/site-packages/airflow/example_dags/example_short_circuit_decorator.py took 0.305 seconds
[2025-01-29T23:54:36.472+0000] {processor.py:161} INFO - Started process (PID=2459) to work on /home/airflow/.local/lib/python3.8/site-packages/airflow/example_dags/example_short_circuit_decorator.py
[2025-01-29T23:54:36.474+0000] {processor.py:830} INFO - Processing file /home/airflow/.local/lib/python3.8/site-packages/airflow/example_dags/example_short_circuit_decorator.py for tasks to queue
[2025-01-29T23:54:36.476+0000] {logging_mixin.py:188} INFO - [2025-01-29T23:54:36.475+0000] {dagbag.py:538} INFO - Filling up the DagBag from /home/airflow/.local/lib/python3.8/site-packages/airflow/example_dags/example_short_circuit_decorator.py
[2025-01-29T23:54:36.494+0000] {processor.py:840} INFO - DAG(s) 'example_short_circuit_decorator' retrieved from /home/airflow/.local/lib/python3.8/site-packages/airflow/example_dags/example_short_circuit_decorator.py
[2025-01-29T23:54:36.537+0000] {logging_mixin.py:188} INFO - [2025-01-29T23:54:36.536+0000] {dag.py:3036} INFO - Sync 1 DAGs
[2025-01-29T23:54:36.577+0000] {logging_mixin.py:188} INFO - [2025-01-29T23:54:36.577+0000] {dag.py:3823} INFO - Setting next_dagrun for example_short_circuit_decorator to 2025-01-28 00:00:00+00:00, run_after=2025-01-29 00:00:00+00:00
[2025-01-29T23:54:36.610+0000] {processor.py:183} INFO - Processing /home/airflow/.local/lib/python3.8/site-packages/airflow/example_dags/example_short_circuit_decorator.py took 0.142 seconds
[2025-01-29T23:55:06.779+0000] {processor.py:161} INFO - Started process (PID=2515) to work on /home/airflow/.local/lib/python3.8/site-packages/airflow/example_dags/example_short_circuit_decorator.py
[2025-01-29T23:55:06.781+0000] {processor.py:830} INFO - Processing file /home/airflow/.local/lib/python3.8/site-packages/airflow/example_dags/example_short_circuit_decorator.py for tasks to queue
[2025-01-29T23:55:06.783+0000] {logging_mixin.py:188} INFO - [2025-01-29T23:55:06.783+0000] {dagbag.py:538} INFO - Filling up the DagBag from /home/airflow/.local/lib/python3.8/site-packages/airflow/example_dags/example_short_circuit_decorator.py
[2025-01-29T23:55:06.803+0000] {processor.py:840} INFO - DAG(s) 'example_short_circuit_decorator' retrieved from /home/airflow/.local/lib/python3.8/site-packages/airflow/example_dags/example_short_circuit_decorator.py
[2025-01-29T23:55:06.845+0000] {logging_mixin.py:188} INFO - [2025-01-29T23:55:06.845+0000] {dag.py:3036} INFO - Sync 1 DAGs
[2025-01-29T23:55:06.880+0000] {logging_mixin.py:188} INFO - [2025-01-29T23:55:06.879+0000] {dag.py:3823} INFO - Setting next_dagrun for example_short_circuit_decorator to 2025-01-28 00:00:00+00:00, run_after=2025-01-29 00:00:00+00:00
[2025-01-29T23:55:06.912+0000] {processor.py:183} INFO - Processing /home/airflow/.local/lib/python3.8/site-packages/airflow/example_dags/example_short_circuit_decorator.py took 0.139 seconds
[2025-01-29T23:55:38.502+0000] {processor.py:161} INFO - Started process (PID=2570) to work on /home/airflow/.local/lib/python3.8/site-packages/airflow/example_dags/example_short_circuit_decorator.py
[2025-01-29T23:55:38.504+0000] {processor.py:830} INFO - Processing file /home/airflow/.local/lib/python3.8/site-packages/airflow/example_dags/example_short_circuit_decorator.py for tasks to queue
[2025-01-29T23:55:38.506+0000] {logging_mixin.py:188} INFO - [2025-01-29T23:55:38.506+0000] {dagbag.py:538} INFO - Filling up the DagBag from /home/airflow/.local/lib/python3.8/site-packages/airflow/example_dags/example_short_circuit_decorator.py
[2025-01-29T23:55:38.532+0000] {processor.py:840} INFO - DAG(s) 'example_short_circuit_decorator' retrieved from /home/airflow/.local/lib/python3.8/site-packages/airflow/example_dags/example_short_circuit_decorator.py
[2025-01-29T23:55:38.592+0000] {logging_mixin.py:188} INFO - [2025-01-29T23:55:38.592+0000] {dag.py:3036} INFO - Sync 1 DAGs
[2025-01-29T23:55:38.646+0000] {logging_mixin.py:188} INFO - [2025-01-29T23:55:38.645+0000] {dag.py:3823} INFO - Setting next_dagrun for example_short_circuit_decorator to 2025-01-28 00:00:00+00:00, run_after=2025-01-29 00:00:00+00:00
[2025-01-29T23:55:38.692+0000] {processor.py:183} INFO - Processing /home/airflow/.local/lib/python3.8/site-packages/airflow/example_dags/example_short_circuit_decorator.py took 0.197 seconds
[2025-01-29T23:56:11.700+0000] {processor.py:161} INFO - Started process (PID=2627) to work on /home/airflow/.local/lib/python3.8/site-packages/airflow/example_dags/example_short_circuit_decorator.py
[2025-01-29T23:56:11.702+0000] {processor.py:830} INFO - Processing file /home/airflow/.local/lib/python3.8/site-packages/airflow/example_dags/example_short_circuit_decorator.py for tasks to queue
[2025-01-29T23:56:11.706+0000] {logging_mixin.py:188} INFO - [2025-01-29T23:56:11.705+0000] {dagbag.py:538} INFO - Filling up the DagBag from /home/airflow/.local/lib/python3.8/site-packages/airflow/example_dags/example_short_circuit_decorator.py
[2025-01-29T23:56:11.741+0000] {processor.py:840} INFO - DAG(s) 'example_short_circuit_decorator' retrieved from /home/airflow/.local/lib/python3.8/site-packages/airflow/example_dags/example_short_circuit_decorator.py
[2025-01-29T23:56:11.866+0000] {logging_mixin.py:188} INFO - [2025-01-29T23:56:11.855+0000] {dag.py:3036} INFO - Sync 1 DAGs
[2025-01-29T23:56:12.463+0000] {logging_mixin.py:188} INFO - [2025-01-29T23:56:12.462+0000] {dag.py:3823} INFO - Setting next_dagrun for example_short_circuit_decorator to 2025-01-28 00:00:00+00:00, run_after=2025-01-29 00:00:00+00:00
[2025-01-29T23:56:12.529+0000] {processor.py:183} INFO - Processing /home/airflow/.local/lib/python3.8/site-packages/airflow/example_dags/example_short_circuit_decorator.py took 0.839 seconds
[2025-01-29T23:56:43.099+0000] {processor.py:161} INFO - Started process (PID=2683) to work on /home/airflow/.local/lib/python3.8/site-packages/airflow/example_dags/example_short_circuit_decorator.py
[2025-01-29T23:56:43.107+0000] {processor.py:830} INFO - Processing file /home/airflow/.local/lib/python3.8/site-packages/airflow/example_dags/example_short_circuit_decorator.py for tasks to queue
[2025-01-29T23:56:43.110+0000] {logging_mixin.py:188} INFO - [2025-01-29T23:56:43.109+0000] {dagbag.py:538} INFO - Filling up the DagBag from /home/airflow/.local/lib/python3.8/site-packages/airflow/example_dags/example_short_circuit_decorator.py
[2025-01-29T23:56:43.140+0000] {processor.py:840} INFO - DAG(s) 'example_short_circuit_decorator' retrieved from /home/airflow/.local/lib/python3.8/site-packages/airflow/example_dags/example_short_circuit_decorator.py
[2025-01-29T23:56:43.211+0000] {logging_mixin.py:188} INFO - [2025-01-29T23:56:43.211+0000] {dag.py:3036} INFO - Sync 1 DAGs
[2025-01-29T23:56:43.342+0000] {logging_mixin.py:188} INFO - [2025-01-29T23:56:43.341+0000] {dag.py:3823} INFO - Setting next_dagrun for example_short_circuit_decorator to 2025-01-28 00:00:00+00:00, run_after=2025-01-29 00:00:00+00:00
[2025-01-29T23:56:43.965+0000] {processor.py:183} INFO - Processing /home/airflow/.local/lib/python3.8/site-packages/airflow/example_dags/example_short_circuit_decorator.py took 0.873 seconds
[2025-01-29T23:57:15.510+0000] {processor.py:161} INFO - Started process (PID=2742) to work on /home/airflow/.local/lib/python3.8/site-packages/airflow/example_dags/example_short_circuit_decorator.py
[2025-01-29T23:57:15.515+0000] {processor.py:830} INFO - Processing file /home/airflow/.local/lib/python3.8/site-packages/airflow/example_dags/example_short_circuit_decorator.py for tasks to queue
[2025-01-29T23:57:15.518+0000] {logging_mixin.py:188} INFO - [2025-01-29T23:57:15.517+0000] {dagbag.py:538} INFO - Filling up the DagBag from /home/airflow/.local/lib/python3.8/site-packages/airflow/example_dags/example_short_circuit_decorator.py
[2025-01-29T23:57:15.560+0000] {processor.py:840} INFO - DAG(s) 'example_short_circuit_decorator' retrieved from /home/airflow/.local/lib/python3.8/site-packages/airflow/example_dags/example_short_circuit_decorator.py
[2025-01-29T23:57:15.722+0000] {logging_mixin.py:188} INFO - [2025-01-29T23:57:15.721+0000] {dag.py:3036} INFO - Sync 1 DAGs
[2025-01-29T23:57:15.844+0000] {logging_mixin.py:188} INFO - [2025-01-29T23:57:15.843+0000] {dag.py:3823} INFO - Setting next_dagrun for example_short_circuit_decorator to 2025-01-28 00:00:00+00:00, run_after=2025-01-29 00:00:00+00:00
[2025-01-29T23:57:16.271+0000] {processor.py:183} INFO - Processing /home/airflow/.local/lib/python3.8/site-packages/airflow/example_dags/example_short_circuit_decorator.py took 0.773 seconds
[2025-01-29T23:57:46.456+0000] {processor.py:161} INFO - Started process (PID=2798) to work on /home/airflow/.local/lib/python3.8/site-packages/airflow/example_dags/example_short_circuit_decorator.py
[2025-01-29T23:57:46.458+0000] {processor.py:830} INFO - Processing file /home/airflow/.local/lib/python3.8/site-packages/airflow/example_dags/example_short_circuit_decorator.py for tasks to queue
[2025-01-29T23:57:46.460+0000] {logging_mixin.py:188} INFO - [2025-01-29T23:57:46.460+0000] {dagbag.py:538} INFO - Filling up the DagBag from /home/airflow/.local/lib/python3.8/site-packages/airflow/example_dags/example_short_circuit_decorator.py
[2025-01-29T23:57:46.479+0000] {processor.py:840} INFO - DAG(s) 'example_short_circuit_decorator' retrieved from /home/airflow/.local/lib/python3.8/site-packages/airflow/example_dags/example_short_circuit_decorator.py
[2025-01-29T23:57:46.532+0000] {logging_mixin.py:188} INFO - [2025-01-29T23:57:46.531+0000] {dag.py:3036} INFO - Sync 1 DAGs
[2025-01-29T23:57:46.596+0000] {logging_mixin.py:188} INFO - [2025-01-29T23:57:46.595+0000] {dag.py:3823} INFO - Setting next_dagrun for example_short_circuit_decorator to 2025-01-28 00:00:00+00:00, run_after=2025-01-29 00:00:00+00:00
[2025-01-29T23:57:46.650+0000] {processor.py:183} INFO - Processing /home/airflow/.local/lib/python3.8/site-packages/airflow/example_dags/example_short_circuit_decorator.py took 0.202 seconds
[2025-01-29T23:58:21.654+0000] {processor.py:161} INFO - Started process (PID=2852) to work on /home/airflow/.local/lib/python3.8/site-packages/airflow/example_dags/example_short_circuit_decorator.py
[2025-01-29T23:58:21.700+0000] {processor.py:830} INFO - Processing file /home/airflow/.local/lib/python3.8/site-packages/airflow/example_dags/example_short_circuit_decorator.py for tasks to queue
[2025-01-29T23:58:21.717+0000] {logging_mixin.py:188} INFO - [2025-01-29T23:58:21.717+0000] {dagbag.py:538} INFO - Filling up the DagBag from /home/airflow/.local/lib/python3.8/site-packages/airflow/example_dags/example_short_circuit_decorator.py
[2025-01-29T23:58:21.883+0000] {processor.py:840} INFO - DAG(s) 'example_short_circuit_decorator' retrieved from /home/airflow/.local/lib/python3.8/site-packages/airflow/example_dags/example_short_circuit_decorator.py
[2025-01-29T23:58:22.066+0000] {logging_mixin.py:188} INFO - [2025-01-29T23:58:22.062+0000] {dag.py:3036} INFO - Sync 1 DAGs
[2025-01-29T23:58:22.287+0000] {logging_mixin.py:188} INFO - [2025-01-29T23:58:22.286+0000] {dag.py:3823} INFO - Setting next_dagrun for example_short_circuit_decorator to 2025-01-28 00:00:00+00:00, run_after=2025-01-29 00:00:00+00:00
[2025-01-29T23:58:22.388+0000] {processor.py:183} INFO - Processing /home/airflow/.local/lib/python3.8/site-packages/airflow/example_dags/example_short_circuit_decorator.py took 0.780 seconds
[2025-01-29T23:58:55.425+0000] {processor.py:161} INFO - Started process (PID=2908) to work on /home/airflow/.local/lib/python3.8/site-packages/airflow/example_dags/example_short_circuit_decorator.py
[2025-01-29T23:58:55.445+0000] {processor.py:830} INFO - Processing file /home/airflow/.local/lib/python3.8/site-packages/airflow/example_dags/example_short_circuit_decorator.py for tasks to queue
[2025-01-29T23:58:55.471+0000] {logging_mixin.py:188} INFO - [2025-01-29T23:58:55.470+0000] {dagbag.py:538} INFO - Filling up the DagBag from /home/airflow/.local/lib/python3.8/site-packages/airflow/example_dags/example_short_circuit_decorator.py
[2025-01-29T23:58:55.554+0000] {processor.py:840} INFO - DAG(s) 'example_short_circuit_decorator' retrieved from /home/airflow/.local/lib/python3.8/site-packages/airflow/example_dags/example_short_circuit_decorator.py
[2025-01-29T23:58:55.757+0000] {logging_mixin.py:188} INFO - [2025-01-29T23:58:55.756+0000] {dag.py:3036} INFO - Sync 1 DAGs
[2025-01-29T23:58:55.989+0000] {logging_mixin.py:188} INFO - [2025-01-29T23:58:55.988+0000] {dag.py:3823} INFO - Setting next_dagrun for example_short_circuit_decorator to 2025-01-28 00:00:00+00:00, run_after=2025-01-29 00:00:00+00:00
[2025-01-29T23:58:56.194+0000] {processor.py:183} INFO - Processing /home/airflow/.local/lib/python3.8/site-packages/airflow/example_dags/example_short_circuit_decorator.py took 0.789 seconds
[2025-01-29T23:59:26.934+0000] {processor.py:161} INFO - Started process (PID=2965) to work on /home/airflow/.local/lib/python3.8/site-packages/airflow/example_dags/example_short_circuit_decorator.py
[2025-01-29T23:59:26.936+0000] {processor.py:830} INFO - Processing file /home/airflow/.local/lib/python3.8/site-packages/airflow/example_dags/example_short_circuit_decorator.py for tasks to queue
[2025-01-29T23:59:26.940+0000] {logging_mixin.py:188} INFO - [2025-01-29T23:59:26.939+0000] {dagbag.py:538} INFO - Filling up the DagBag from /home/airflow/.local/lib/python3.8/site-packages/airflow/example_dags/example_short_circuit_decorator.py
[2025-01-29T23:59:26.970+0000] {processor.py:840} INFO - DAG(s) 'example_short_circuit_decorator' retrieved from /home/airflow/.local/lib/python3.8/site-packages/airflow/example_dags/example_short_circuit_decorator.py
[2025-01-29T23:59:27.030+0000] {logging_mixin.py:188} INFO - [2025-01-29T23:59:27.030+0000] {dag.py:3036} INFO - Sync 1 DAGs
[2025-01-29T23:59:27.100+0000] {logging_mixin.py:188} INFO - [2025-01-29T23:59:27.099+0000] {dag.py:3823} INFO - Setting next_dagrun for example_short_circuit_decorator to 2025-01-28 00:00:00+00:00, run_after=2025-01-29 00:00:00+00:00
[2025-01-29T23:59:27.165+0000] {processor.py:183} INFO - Processing /home/airflow/.local/lib/python3.8/site-packages/airflow/example_dags/example_short_circuit_decorator.py took 0.241 seconds
[2025-01-29T23:59:57.432+0000] {processor.py:161} INFO - Started process (PID=3021) to work on /home/airflow/.local/lib/python3.8/site-packages/airflow/example_dags/example_short_circuit_decorator.py
[2025-01-29T23:59:57.434+0000] {processor.py:830} INFO - Processing file /home/airflow/.local/lib/python3.8/site-packages/airflow/example_dags/example_short_circuit_decorator.py for tasks to queue
[2025-01-29T23:59:57.436+0000] {logging_mixin.py:188} INFO - [2025-01-29T23:59:57.436+0000] {dagbag.py:538} INFO - Filling up the DagBag from /home/airflow/.local/lib/python3.8/site-packages/airflow/example_dags/example_short_circuit_decorator.py
[2025-01-29T23:59:57.452+0000] {processor.py:840} INFO - DAG(s) 'example_short_circuit_decorator' retrieved from /home/airflow/.local/lib/python3.8/site-packages/airflow/example_dags/example_short_circuit_decorator.py
[2025-01-29T23:59:57.490+0000] {logging_mixin.py:188} INFO - [2025-01-29T23:59:57.489+0000] {dag.py:3036} INFO - Sync 1 DAGs
[2025-01-29T23:59:57.556+0000] {logging_mixin.py:188} INFO - [2025-01-29T23:59:57.554+0000] {dag.py:3823} INFO - Setting next_dagrun for example_short_circuit_decorator to 2025-01-28 00:00:00+00:00, run_after=2025-01-29 00:00:00+00:00
[2025-01-29T23:59:57.604+0000] {processor.py:183} INFO - Processing /home/airflow/.local/lib/python3.8/site-packages/airflow/example_dags/example_short_circuit_decorator.py took 0.178 seconds
