[2025-01-29T23:31:37.182+0000] {processor.py:161} INFO - Started process (PID=106) to work on /home/airflow/.local/lib/python3.8/site-packages/airflow/example_dags/tutorial_objectstorage.py
[2025-01-29T23:31:37.184+0000] {processor.py:830} INFO - Processing file /home/airflow/.local/lib/python3.8/site-packages/airflow/example_dags/tutorial_objectstorage.py for tasks to queue
[2025-01-29T23:31:37.216+0000] {logging_mixin.py:188} INFO - [2025-01-29T23:31:37.215+0000] {dagbag.py:538} INFO - Filling up the DagBag from /home/airflow/.local/lib/python3.8/site-packages/airflow/example_dags/tutorial_objectstorage.py
[2025-01-29T23:31:37.249+0000] {processor.py:840} INFO - DAG(s) 'tutorial_objectstorage' retrieved from /home/airflow/.local/lib/python3.8/site-packages/airflow/example_dags/tutorial_objectstorage.py
[2025-01-29T23:31:37.381+0000] {logging_mixin.py:188} INFO - [2025-01-29T23:31:37.380+0000] {dag.py:3036} INFO - Sync 1 DAGs
[2025-01-29T23:31:37.506+0000] {logging_mixin.py:188} INFO - [2025-01-29T23:31:37.505+0000] {dag.py:3823} INFO - Setting next_dagrun for tutorial_objectstorage to None, run_after=None
[2025-01-29T23:31:37.737+0000] {processor.py:183} INFO - Processing /home/airflow/.local/lib/python3.8/site-packages/airflow/example_dags/tutorial_objectstorage.py took 0.573 seconds
[2025-01-29T23:32:08.755+0000] {processor.py:161} INFO - Started process (PID=163) to work on /home/airflow/.local/lib/python3.8/site-packages/airflow/example_dags/tutorial_objectstorage.py
[2025-01-29T23:32:08.766+0000] {processor.py:830} INFO - Processing file /home/airflow/.local/lib/python3.8/site-packages/airflow/example_dags/tutorial_objectstorage.py for tasks to queue
[2025-01-29T23:32:08.772+0000] {logging_mixin.py:188} INFO - [2025-01-29T23:32:08.771+0000] {dagbag.py:538} INFO - Filling up the DagBag from /home/airflow/.local/lib/python3.8/site-packages/airflow/example_dags/tutorial_objectstorage.py
[2025-01-29T23:32:08.819+0000] {processor.py:840} INFO - DAG(s) 'tutorial_objectstorage' retrieved from /home/airflow/.local/lib/python3.8/site-packages/airflow/example_dags/tutorial_objectstorage.py
[2025-01-29T23:32:08.963+0000] {logging_mixin.py:188} INFO - [2025-01-29T23:32:08.962+0000] {dag.py:3036} INFO - Sync 1 DAGs
[2025-01-29T23:32:09.063+0000] {logging_mixin.py:188} INFO - [2025-01-29T23:32:09.062+0000] {dag.py:3823} INFO - Setting next_dagrun for tutorial_objectstorage to None, run_after=None
[2025-01-29T23:32:09.197+0000] {processor.py:183} INFO - Processing /home/airflow/.local/lib/python3.8/site-packages/airflow/example_dags/tutorial_objectstorage.py took 0.459 seconds
[2025-01-29T23:33:07.496+0000] {processor.py:161} INFO - Started process (PID=224) to work on /home/airflow/.local/lib/python3.8/site-packages/airflow/example_dags/tutorial_objectstorage.py
[2025-01-29T23:33:07.509+0000] {processor.py:830} INFO - Processing file /home/airflow/.local/lib/python3.8/site-packages/airflow/example_dags/tutorial_objectstorage.py for tasks to queue
[2025-01-29T23:33:07.526+0000] {logging_mixin.py:188} INFO - [2025-01-29T23:33:07.525+0000] {dagbag.py:538} INFO - Filling up the DagBag from /home/airflow/.local/lib/python3.8/site-packages/airflow/example_dags/tutorial_objectstorage.py
[2025-01-29T23:33:07.604+0000] {processor.py:840} INFO - DAG(s) 'tutorial_objectstorage' retrieved from /home/airflow/.local/lib/python3.8/site-packages/airflow/example_dags/tutorial_objectstorage.py
[2025-01-29T23:33:08.641+0000] {logging_mixin.py:188} INFO - [2025-01-29T23:33:08.641+0000] {dag.py:3036} INFO - Sync 1 DAGs
[2025-01-29T23:33:08.744+0000] {logging_mixin.py:188} INFO - [2025-01-29T23:33:08.733+0000] {dag.py:3823} INFO - Setting next_dagrun for tutorial_objectstorage to None, run_after=None
[2025-01-29T23:33:09.027+0000] {processor.py:183} INFO - Processing /home/airflow/.local/lib/python3.8/site-packages/airflow/example_dags/tutorial_objectstorage.py took 1.549 seconds
[2025-01-29T23:33:51.987+0000] {processor.py:161} INFO - Started process (PID=290) to work on /home/airflow/.local/lib/python3.8/site-packages/airflow/example_dags/tutorial_objectstorage.py
[2025-01-29T23:33:51.992+0000] {processor.py:830} INFO - Processing file /home/airflow/.local/lib/python3.8/site-packages/airflow/example_dags/tutorial_objectstorage.py for tasks to queue
[2025-01-29T23:33:52.003+0000] {logging_mixin.py:188} INFO - [2025-01-29T23:33:51.995+0000] {dagbag.py:538} INFO - Filling up the DagBag from /home/airflow/.local/lib/python3.8/site-packages/airflow/example_dags/tutorial_objectstorage.py
[2025-01-29T23:33:52.050+0000] {processor.py:840} INFO - DAG(s) 'tutorial_objectstorage' retrieved from /home/airflow/.local/lib/python3.8/site-packages/airflow/example_dags/tutorial_objectstorage.py
[2025-01-29T23:33:52.130+0000] {logging_mixin.py:188} INFO - [2025-01-29T23:33:52.130+0000] {dag.py:3036} INFO - Sync 1 DAGs
[2025-01-29T23:33:52.179+0000] {logging_mixin.py:188} INFO - [2025-01-29T23:33:52.179+0000] {dag.py:3823} INFO - Setting next_dagrun for tutorial_objectstorage to None, run_after=None
[2025-01-29T23:33:52.247+0000] {processor.py:183} INFO - Processing /home/airflow/.local/lib/python3.8/site-packages/airflow/example_dags/tutorial_objectstorage.py took 0.279 seconds
[2025-01-29T23:34:23.967+0000] {processor.py:161} INFO - Started process (PID=347) to work on /home/airflow/.local/lib/python3.8/site-packages/airflow/example_dags/tutorial_objectstorage.py
[2025-01-29T23:34:23.970+0000] {processor.py:830} INFO - Processing file /home/airflow/.local/lib/python3.8/site-packages/airflow/example_dags/tutorial_objectstorage.py for tasks to queue
[2025-01-29T23:34:23.984+0000] {logging_mixin.py:188} INFO - [2025-01-29T23:34:23.984+0000] {dagbag.py:538} INFO - Filling up the DagBag from /home/airflow/.local/lib/python3.8/site-packages/airflow/example_dags/tutorial_objectstorage.py
[2025-01-29T23:34:24.031+0000] {processor.py:840} INFO - DAG(s) 'tutorial_objectstorage' retrieved from /home/airflow/.local/lib/python3.8/site-packages/airflow/example_dags/tutorial_objectstorage.py
[2025-01-29T23:34:24.134+0000] {logging_mixin.py:188} INFO - [2025-01-29T23:34:24.134+0000] {dag.py:3036} INFO - Sync 1 DAGs
[2025-01-29T23:34:24.242+0000] {logging_mixin.py:188} INFO - [2025-01-29T23:34:24.241+0000] {dag.py:3823} INFO - Setting next_dagrun for tutorial_objectstorage to None, run_after=None
[2025-01-29T23:34:24.378+0000] {processor.py:183} INFO - Processing /home/airflow/.local/lib/python3.8/site-packages/airflow/example_dags/tutorial_objectstorage.py took 0.424 seconds
[2025-01-29T23:34:55.083+0000] {processor.py:161} INFO - Started process (PID=403) to work on /home/airflow/.local/lib/python3.8/site-packages/airflow/example_dags/tutorial_objectstorage.py
[2025-01-29T23:34:55.096+0000] {processor.py:830} INFO - Processing file /home/airflow/.local/lib/python3.8/site-packages/airflow/example_dags/tutorial_objectstorage.py for tasks to queue
[2025-01-29T23:34:55.100+0000] {logging_mixin.py:188} INFO - [2025-01-29T23:34:55.099+0000] {dagbag.py:538} INFO - Filling up the DagBag from /home/airflow/.local/lib/python3.8/site-packages/airflow/example_dags/tutorial_objectstorage.py
[2025-01-29T23:34:55.149+0000] {processor.py:840} INFO - DAG(s) 'tutorial_objectstorage' retrieved from /home/airflow/.local/lib/python3.8/site-packages/airflow/example_dags/tutorial_objectstorage.py
[2025-01-29T23:34:55.288+0000] {logging_mixin.py:188} INFO - [2025-01-29T23:34:55.277+0000] {dag.py:3036} INFO - Sync 1 DAGs
[2025-01-29T23:34:55.370+0000] {logging_mixin.py:188} INFO - [2025-01-29T23:34:55.369+0000] {dag.py:3823} INFO - Setting next_dagrun for tutorial_objectstorage to None, run_after=None
[2025-01-29T23:34:55.479+0000] {processor.py:183} INFO - Processing /home/airflow/.local/lib/python3.8/site-packages/airflow/example_dags/tutorial_objectstorage.py took 0.415 seconds
[2025-01-29T23:35:35.807+0000] {processor.py:161} INFO - Started process (PID=460) to work on /home/airflow/.local/lib/python3.8/site-packages/airflow/example_dags/tutorial_objectstorage.py
[2025-01-29T23:35:35.830+0000] {processor.py:830} INFO - Processing file /home/airflow/.local/lib/python3.8/site-packages/airflow/example_dags/tutorial_objectstorage.py for tasks to queue
[2025-01-29T23:35:35.854+0000] {logging_mixin.py:188} INFO - [2025-01-29T23:35:35.853+0000] {dagbag.py:538} INFO - Filling up the DagBag from /home/airflow/.local/lib/python3.8/site-packages/airflow/example_dags/tutorial_objectstorage.py
[2025-01-29T23:35:35.911+0000] {processor.py:840} INFO - DAG(s) 'tutorial_objectstorage' retrieved from /home/airflow/.local/lib/python3.8/site-packages/airflow/example_dags/tutorial_objectstorage.py
[2025-01-29T23:35:36.105+0000] {logging_mixin.py:188} INFO - [2025-01-29T23:35:36.103+0000] {dag.py:3036} INFO - Sync 1 DAGs
[2025-01-29T23:35:36.217+0000] {logging_mixin.py:188} INFO - [2025-01-29T23:35:36.216+0000] {dag.py:3823} INFO - Setting next_dagrun for tutorial_objectstorage to None, run_after=None
[2025-01-29T23:35:36.375+0000] {processor.py:183} INFO - Processing /home/airflow/.local/lib/python3.8/site-packages/airflow/example_dags/tutorial_objectstorage.py took 0.586 seconds
[2025-01-29T23:36:33.980+0000] {processor.py:161} INFO - Started process (PID=525) to work on /home/airflow/.local/lib/python3.8/site-packages/airflow/example_dags/tutorial_objectstorage.py
[2025-01-29T23:36:34.011+0000] {processor.py:830} INFO - Processing file /home/airflow/.local/lib/python3.8/site-packages/airflow/example_dags/tutorial_objectstorage.py for tasks to queue
[2025-01-29T23:36:34.125+0000] {logging_mixin.py:188} INFO - [2025-01-29T23:36:34.042+0000] {dagbag.py:538} INFO - Filling up the DagBag from /home/airflow/.local/lib/python3.8/site-packages/airflow/example_dags/tutorial_objectstorage.py
[2025-01-29T23:36:34.238+0000] {processor.py:840} INFO - DAG(s) 'tutorial_objectstorage' retrieved from /home/airflow/.local/lib/python3.8/site-packages/airflow/example_dags/tutorial_objectstorage.py
[2025-01-29T23:36:34.519+0000] {logging_mixin.py:188} INFO - [2025-01-29T23:36:34.518+0000] {dag.py:3036} INFO - Sync 1 DAGs
[2025-01-29T23:36:34.697+0000] {logging_mixin.py:188} INFO - [2025-01-29T23:36:34.696+0000] {dag.py:3823} INFO - Setting next_dagrun for tutorial_objectstorage to None, run_after=None
[2025-01-29T23:36:34.922+0000] {processor.py:183} INFO - Processing /home/airflow/.local/lib/python3.8/site-packages/airflow/example_dags/tutorial_objectstorage.py took 1.069 seconds
[2025-01-29T23:37:05.918+0000] {processor.py:161} INFO - Started process (PID=581) to work on /home/airflow/.local/lib/python3.8/site-packages/airflow/example_dags/tutorial_objectstorage.py
[2025-01-29T23:37:05.926+0000] {processor.py:830} INFO - Processing file /home/airflow/.local/lib/python3.8/site-packages/airflow/example_dags/tutorial_objectstorage.py for tasks to queue
[2025-01-29T23:37:05.943+0000] {logging_mixin.py:188} INFO - [2025-01-29T23:37:05.942+0000] {dagbag.py:538} INFO - Filling up the DagBag from /home/airflow/.local/lib/python3.8/site-packages/airflow/example_dags/tutorial_objectstorage.py
[2025-01-29T23:37:05.979+0000] {processor.py:840} INFO - DAG(s) 'tutorial_objectstorage' retrieved from /home/airflow/.local/lib/python3.8/site-packages/airflow/example_dags/tutorial_objectstorage.py
[2025-01-29T23:37:06.087+0000] {logging_mixin.py:188} INFO - [2025-01-29T23:37:06.086+0000] {dag.py:3036} INFO - Sync 1 DAGs
[2025-01-29T23:37:06.139+0000] {logging_mixin.py:188} INFO - [2025-01-29T23:37:06.139+0000] {dag.py:3823} INFO - Setting next_dagrun for tutorial_objectstorage to None, run_after=None
[2025-01-29T23:37:06.282+0000] {processor.py:183} INFO - Processing /home/airflow/.local/lib/python3.8/site-packages/airflow/example_dags/tutorial_objectstorage.py took 0.371 seconds
[2025-01-29T23:37:37.207+0000] {processor.py:161} INFO - Started process (PID=637) to work on /home/airflow/.local/lib/python3.8/site-packages/airflow/example_dags/tutorial_objectstorage.py
[2025-01-29T23:37:37.224+0000] {processor.py:830} INFO - Processing file /home/airflow/.local/lib/python3.8/site-packages/airflow/example_dags/tutorial_objectstorage.py for tasks to queue
[2025-01-29T23:37:37.227+0000] {logging_mixin.py:188} INFO - [2025-01-29T23:37:37.227+0000] {dagbag.py:538} INFO - Filling up the DagBag from /home/airflow/.local/lib/python3.8/site-packages/airflow/example_dags/tutorial_objectstorage.py
[2025-01-29T23:37:37.246+0000] {processor.py:840} INFO - DAG(s) 'tutorial_objectstorage' retrieved from /home/airflow/.local/lib/python3.8/site-packages/airflow/example_dags/tutorial_objectstorage.py
[2025-01-29T23:37:37.286+0000] {logging_mixin.py:188} INFO - [2025-01-29T23:37:37.286+0000] {dag.py:3036} INFO - Sync 1 DAGs
[2025-01-29T23:37:37.330+0000] {logging_mixin.py:188} INFO - [2025-01-29T23:37:37.328+0000] {dag.py:3823} INFO - Setting next_dagrun for tutorial_objectstorage to None, run_after=None
[2025-01-29T23:37:37.440+0000] {processor.py:183} INFO - Processing /home/airflow/.local/lib/python3.8/site-packages/airflow/example_dags/tutorial_objectstorage.py took 0.239 seconds
[2025-01-29T23:38:17.422+0000] {processor.py:161} INFO - Started process (PID=694) to work on /home/airflow/.local/lib/python3.8/site-packages/airflow/example_dags/tutorial_objectstorage.py
[2025-01-29T23:38:17.427+0000] {processor.py:830} INFO - Processing file /home/airflow/.local/lib/python3.8/site-packages/airflow/example_dags/tutorial_objectstorage.py for tasks to queue
[2025-01-29T23:38:17.436+0000] {logging_mixin.py:188} INFO - [2025-01-29T23:38:17.435+0000] {dagbag.py:538} INFO - Filling up the DagBag from /home/airflow/.local/lib/python3.8/site-packages/airflow/example_dags/tutorial_objectstorage.py
[2025-01-29T23:38:17.473+0000] {processor.py:840} INFO - DAG(s) 'tutorial_objectstorage' retrieved from /home/airflow/.local/lib/python3.8/site-packages/airflow/example_dags/tutorial_objectstorage.py
[2025-01-29T23:38:18.344+0000] {logging_mixin.py:188} INFO - [2025-01-29T23:38:18.343+0000] {dag.py:3036} INFO - Sync 1 DAGs
[2025-01-29T23:38:18.417+0000] {logging_mixin.py:188} INFO - [2025-01-29T23:38:18.416+0000] {dag.py:3823} INFO - Setting next_dagrun for tutorial_objectstorage to None, run_after=None
[2025-01-29T23:38:18.546+0000] {processor.py:183} INFO - Processing /home/airflow/.local/lib/python3.8/site-packages/airflow/example_dags/tutorial_objectstorage.py took 1.137 seconds
[2025-01-29T23:38:48.732+0000] {processor.py:161} INFO - Started process (PID=751) to work on /home/airflow/.local/lib/python3.8/site-packages/airflow/example_dags/tutorial_objectstorage.py
[2025-01-29T23:38:48.744+0000] {processor.py:830} INFO - Processing file /home/airflow/.local/lib/python3.8/site-packages/airflow/example_dags/tutorial_objectstorage.py for tasks to queue
[2025-01-29T23:38:48.749+0000] {logging_mixin.py:188} INFO - [2025-01-29T23:38:48.748+0000] {dagbag.py:538} INFO - Filling up the DagBag from /home/airflow/.local/lib/python3.8/site-packages/airflow/example_dags/tutorial_objectstorage.py
[2025-01-29T23:38:48.797+0000] {processor.py:840} INFO - DAG(s) 'tutorial_objectstorage' retrieved from /home/airflow/.local/lib/python3.8/site-packages/airflow/example_dags/tutorial_objectstorage.py
[2025-01-29T23:38:48.902+0000] {logging_mixin.py:188} INFO - [2025-01-29T23:38:48.901+0000] {dag.py:3036} INFO - Sync 1 DAGs
[2025-01-29T23:38:49.010+0000] {logging_mixin.py:188} INFO - [2025-01-29T23:38:49.009+0000] {dag.py:3823} INFO - Setting next_dagrun for tutorial_objectstorage to None, run_after=None
[2025-01-29T23:38:49.141+0000] {processor.py:183} INFO - Processing /home/airflow/.local/lib/python3.8/site-packages/airflow/example_dags/tutorial_objectstorage.py took 0.426 seconds
[2025-01-29T23:39:19.960+0000] {processor.py:161} INFO - Started process (PID=806) to work on /home/airflow/.local/lib/python3.8/site-packages/airflow/example_dags/tutorial_objectstorage.py
[2025-01-29T23:39:19.965+0000] {processor.py:830} INFO - Processing file /home/airflow/.local/lib/python3.8/site-packages/airflow/example_dags/tutorial_objectstorage.py for tasks to queue
[2025-01-29T23:39:19.972+0000] {logging_mixin.py:188} INFO - [2025-01-29T23:39:19.971+0000] {dagbag.py:538} INFO - Filling up the DagBag from /home/airflow/.local/lib/python3.8/site-packages/airflow/example_dags/tutorial_objectstorage.py
[2025-01-29T23:39:19.996+0000] {processor.py:840} INFO - DAG(s) 'tutorial_objectstorage' retrieved from /home/airflow/.local/lib/python3.8/site-packages/airflow/example_dags/tutorial_objectstorage.py
[2025-01-29T23:39:20.155+0000] {logging_mixin.py:188} INFO - [2025-01-29T23:39:20.154+0000] {dag.py:3036} INFO - Sync 1 DAGs
[2025-01-29T23:39:20.244+0000] {logging_mixin.py:188} INFO - [2025-01-29T23:39:20.244+0000] {dag.py:3823} INFO - Setting next_dagrun for tutorial_objectstorage to None, run_after=None
[2025-01-29T23:39:20.377+0000] {processor.py:183} INFO - Processing /home/airflow/.local/lib/python3.8/site-packages/airflow/example_dags/tutorial_objectstorage.py took 0.449 seconds
[2025-01-29T23:39:53.980+0000] {processor.py:161} INFO - Started process (PID=876) to work on /home/airflow/.local/lib/python3.8/site-packages/airflow/example_dags/tutorial_objectstorage.py
[2025-01-29T23:39:53.990+0000] {processor.py:830} INFO - Processing file /home/airflow/.local/lib/python3.8/site-packages/airflow/example_dags/tutorial_objectstorage.py for tasks to queue
[2025-01-29T23:39:54.006+0000] {logging_mixin.py:188} INFO - [2025-01-29T23:39:53.996+0000] {dagbag.py:538} INFO - Filling up the DagBag from /home/airflow/.local/lib/python3.8/site-packages/airflow/example_dags/tutorial_objectstorage.py
[2025-01-29T23:39:54.052+0000] {processor.py:840} INFO - DAG(s) 'tutorial_objectstorage' retrieved from /home/airflow/.local/lib/python3.8/site-packages/airflow/example_dags/tutorial_objectstorage.py
[2025-01-29T23:39:54.154+0000] {logging_mixin.py:188} INFO - [2025-01-29T23:39:54.153+0000] {dag.py:3036} INFO - Sync 1 DAGs
[2025-01-29T23:39:54.219+0000] {logging_mixin.py:188} INFO - [2025-01-29T23:39:54.218+0000] {dag.py:3823} INFO - Setting next_dagrun for tutorial_objectstorage to None, run_after=None
[2025-01-29T23:39:54.347+0000] {processor.py:183} INFO - Processing /home/airflow/.local/lib/python3.8/site-packages/airflow/example_dags/tutorial_objectstorage.py took 0.380 seconds
[2025-01-29T23:40:24.535+0000] {processor.py:161} INFO - Started process (PID=931) to work on /home/airflow/.local/lib/python3.8/site-packages/airflow/example_dags/tutorial_objectstorage.py
[2025-01-29T23:40:24.566+0000] {processor.py:830} INFO - Processing file /home/airflow/.local/lib/python3.8/site-packages/airflow/example_dags/tutorial_objectstorage.py for tasks to queue
[2025-01-29T23:40:24.570+0000] {logging_mixin.py:188} INFO - [2025-01-29T23:40:24.569+0000] {dagbag.py:538} INFO - Filling up the DagBag from /home/airflow/.local/lib/python3.8/site-packages/airflow/example_dags/tutorial_objectstorage.py
[2025-01-29T23:40:24.628+0000] {processor.py:840} INFO - DAG(s) 'tutorial_objectstorage' retrieved from /home/airflow/.local/lib/python3.8/site-packages/airflow/example_dags/tutorial_objectstorage.py
[2025-01-29T23:40:24.759+0000] {logging_mixin.py:188} INFO - [2025-01-29T23:40:24.758+0000] {dag.py:3036} INFO - Sync 1 DAGs
[2025-01-29T23:40:24.859+0000] {logging_mixin.py:188} INFO - [2025-01-29T23:40:24.858+0000] {dag.py:3823} INFO - Setting next_dagrun for tutorial_objectstorage to None, run_after=None
[2025-01-29T23:40:24.945+0000] {processor.py:183} INFO - Processing /home/airflow/.local/lib/python3.8/site-packages/airflow/example_dags/tutorial_objectstorage.py took 0.417 seconds
[2025-01-29T23:40:55.307+0000] {processor.py:161} INFO - Started process (PID=986) to work on /home/airflow/.local/lib/python3.8/site-packages/airflow/example_dags/tutorial_objectstorage.py
[2025-01-29T23:40:55.323+0000] {processor.py:830} INFO - Processing file /home/airflow/.local/lib/python3.8/site-packages/airflow/example_dags/tutorial_objectstorage.py for tasks to queue
[2025-01-29T23:40:55.330+0000] {logging_mixin.py:188} INFO - [2025-01-29T23:40:55.329+0000] {dagbag.py:538} INFO - Filling up the DagBag from /home/airflow/.local/lib/python3.8/site-packages/airflow/example_dags/tutorial_objectstorage.py
[2025-01-29T23:40:55.359+0000] {processor.py:840} INFO - DAG(s) 'tutorial_objectstorage' retrieved from /home/airflow/.local/lib/python3.8/site-packages/airflow/example_dags/tutorial_objectstorage.py
[2025-01-29T23:40:55.495+0000] {logging_mixin.py:188} INFO - [2025-01-29T23:40:55.495+0000] {dag.py:3036} INFO - Sync 1 DAGs
[2025-01-29T23:40:55.602+0000] {logging_mixin.py:188} INFO - [2025-01-29T23:40:55.601+0000] {dag.py:3823} INFO - Setting next_dagrun for tutorial_objectstorage to None, run_after=None
[2025-01-29T23:40:55.759+0000] {processor.py:183} INFO - Processing /home/airflow/.local/lib/python3.8/site-packages/airflow/example_dags/tutorial_objectstorage.py took 0.470 seconds
[2025-01-29T23:41:26.032+0000] {processor.py:161} INFO - Started process (PID=1043) to work on /home/airflow/.local/lib/python3.8/site-packages/airflow/example_dags/tutorial_objectstorage.py
[2025-01-29T23:41:26.045+0000] {processor.py:830} INFO - Processing file /home/airflow/.local/lib/python3.8/site-packages/airflow/example_dags/tutorial_objectstorage.py for tasks to queue
[2025-01-29T23:41:26.058+0000] {logging_mixin.py:188} INFO - [2025-01-29T23:41:26.052+0000] {dagbag.py:538} INFO - Filling up the DagBag from /home/airflow/.local/lib/python3.8/site-packages/airflow/example_dags/tutorial_objectstorage.py
[2025-01-29T23:41:26.087+0000] {processor.py:840} INFO - DAG(s) 'tutorial_objectstorage' retrieved from /home/airflow/.local/lib/python3.8/site-packages/airflow/example_dags/tutorial_objectstorage.py
[2025-01-29T23:41:26.191+0000] {logging_mixin.py:188} INFO - [2025-01-29T23:41:26.190+0000] {dag.py:3036} INFO - Sync 1 DAGs
[2025-01-29T23:41:26.238+0000] {logging_mixin.py:188} INFO - [2025-01-29T23:41:26.237+0000] {dag.py:3823} INFO - Setting next_dagrun for tutorial_objectstorage to None, run_after=None
[2025-01-29T23:41:26.319+0000] {processor.py:183} INFO - Processing /home/airflow/.local/lib/python3.8/site-packages/airflow/example_dags/tutorial_objectstorage.py took 0.295 seconds
[2025-01-29T23:41:56.921+0000] {processor.py:161} INFO - Started process (PID=1098) to work on /home/airflow/.local/lib/python3.8/site-packages/airflow/example_dags/tutorial_objectstorage.py
[2025-01-29T23:41:56.924+0000] {processor.py:830} INFO - Processing file /home/airflow/.local/lib/python3.8/site-packages/airflow/example_dags/tutorial_objectstorage.py for tasks to queue
[2025-01-29T23:41:56.935+0000] {logging_mixin.py:188} INFO - [2025-01-29T23:41:56.928+0000] {dagbag.py:538} INFO - Filling up the DagBag from /home/airflow/.local/lib/python3.8/site-packages/airflow/example_dags/tutorial_objectstorage.py
[2025-01-29T23:41:56.970+0000] {processor.py:840} INFO - DAG(s) 'tutorial_objectstorage' retrieved from /home/airflow/.local/lib/python3.8/site-packages/airflow/example_dags/tutorial_objectstorage.py
[2025-01-29T23:41:57.102+0000] {logging_mixin.py:188} INFO - [2025-01-29T23:41:57.101+0000] {dag.py:3036} INFO - Sync 1 DAGs
[2025-01-29T23:41:57.190+0000] {logging_mixin.py:188} INFO - [2025-01-29T23:41:57.189+0000] {dag.py:3823} INFO - Setting next_dagrun for tutorial_objectstorage to None, run_after=None
[2025-01-29T23:41:57.304+0000] {processor.py:183} INFO - Processing /home/airflow/.local/lib/python3.8/site-packages/airflow/example_dags/tutorial_objectstorage.py took 0.415 seconds
[2025-01-29T23:42:29.934+0000] {processor.py:161} INFO - Started process (PID=1155) to work on /home/airflow/.local/lib/python3.8/site-packages/airflow/example_dags/tutorial_objectstorage.py
[2025-01-29T23:42:29.960+0000] {processor.py:830} INFO - Processing file /home/airflow/.local/lib/python3.8/site-packages/airflow/example_dags/tutorial_objectstorage.py for tasks to queue
[2025-01-29T23:42:29.976+0000] {logging_mixin.py:188} INFO - [2025-01-29T23:42:29.975+0000] {dagbag.py:538} INFO - Filling up the DagBag from /home/airflow/.local/lib/python3.8/site-packages/airflow/example_dags/tutorial_objectstorage.py
[2025-01-29T23:42:30.039+0000] {processor.py:840} INFO - DAG(s) 'tutorial_objectstorage' retrieved from /home/airflow/.local/lib/python3.8/site-packages/airflow/example_dags/tutorial_objectstorage.py
[2025-01-29T23:42:30.249+0000] {logging_mixin.py:188} INFO - [2025-01-29T23:42:30.248+0000] {dag.py:3036} INFO - Sync 1 DAGs
[2025-01-29T23:42:30.380+0000] {logging_mixin.py:188} INFO - [2025-01-29T23:42:30.379+0000] {dag.py:3823} INFO - Setting next_dagrun for tutorial_objectstorage to None, run_after=None
[2025-01-29T23:42:30.552+0000] {processor.py:183} INFO - Processing /home/airflow/.local/lib/python3.8/site-packages/airflow/example_dags/tutorial_objectstorage.py took 0.636 seconds
[2025-01-29T23:43:00.822+0000] {processor.py:161} INFO - Started process (PID=1212) to work on /home/airflow/.local/lib/python3.8/site-packages/airflow/example_dags/tutorial_objectstorage.py
[2025-01-29T23:43:00.836+0000] {processor.py:830} INFO - Processing file /home/airflow/.local/lib/python3.8/site-packages/airflow/example_dags/tutorial_objectstorage.py for tasks to queue
[2025-01-29T23:43:00.853+0000] {logging_mixin.py:188} INFO - [2025-01-29T23:43:00.852+0000] {dagbag.py:538} INFO - Filling up the DagBag from /home/airflow/.local/lib/python3.8/site-packages/airflow/example_dags/tutorial_objectstorage.py
[2025-01-29T23:43:00.900+0000] {processor.py:840} INFO - DAG(s) 'tutorial_objectstorage' retrieved from /home/airflow/.local/lib/python3.8/site-packages/airflow/example_dags/tutorial_objectstorage.py
[2025-01-29T23:43:01.008+0000] {logging_mixin.py:188} INFO - [2025-01-29T23:43:01.007+0000] {dag.py:3036} INFO - Sync 1 DAGs
[2025-01-29T23:43:01.101+0000] {logging_mixin.py:188} INFO - [2025-01-29T23:43:01.100+0000] {dag.py:3823} INFO - Setting next_dagrun for tutorial_objectstorage to None, run_after=None
[2025-01-29T23:43:01.414+0000] {processor.py:183} INFO - Processing /home/airflow/.local/lib/python3.8/site-packages/airflow/example_dags/tutorial_objectstorage.py took 0.600 seconds
[2025-01-29T23:43:31.861+0000] {processor.py:161} INFO - Started process (PID=1267) to work on /home/airflow/.local/lib/python3.8/site-packages/airflow/example_dags/tutorial_objectstorage.py
[2025-01-29T23:43:31.865+0000] {processor.py:830} INFO - Processing file /home/airflow/.local/lib/python3.8/site-packages/airflow/example_dags/tutorial_objectstorage.py for tasks to queue
[2025-01-29T23:43:31.870+0000] {logging_mixin.py:188} INFO - [2025-01-29T23:43:31.869+0000] {dagbag.py:538} INFO - Filling up the DagBag from /home/airflow/.local/lib/python3.8/site-packages/airflow/example_dags/tutorial_objectstorage.py
[2025-01-29T23:43:31.901+0000] {processor.py:840} INFO - DAG(s) 'tutorial_objectstorage' retrieved from /home/airflow/.local/lib/python3.8/site-packages/airflow/example_dags/tutorial_objectstorage.py
[2025-01-29T23:43:31.978+0000] {logging_mixin.py:188} INFO - [2025-01-29T23:43:31.976+0000] {dag.py:3036} INFO - Sync 1 DAGs
[2025-01-29T23:43:32.046+0000] {logging_mixin.py:188} INFO - [2025-01-29T23:43:32.045+0000] {dag.py:3823} INFO - Setting next_dagrun for tutorial_objectstorage to None, run_after=None
[2025-01-29T23:43:32.162+0000] {processor.py:183} INFO - Processing /home/airflow/.local/lib/python3.8/site-packages/airflow/example_dags/tutorial_objectstorage.py took 0.314 seconds
[2025-01-29T23:44:03.470+0000] {processor.py:161} INFO - Started process (PID=1324) to work on /home/airflow/.local/lib/python3.8/site-packages/airflow/example_dags/tutorial_objectstorage.py
[2025-01-29T23:44:03.483+0000] {processor.py:830} INFO - Processing file /home/airflow/.local/lib/python3.8/site-packages/airflow/example_dags/tutorial_objectstorage.py for tasks to queue
[2025-01-29T23:44:03.488+0000] {logging_mixin.py:188} INFO - [2025-01-29T23:44:03.487+0000] {dagbag.py:538} INFO - Filling up the DagBag from /home/airflow/.local/lib/python3.8/site-packages/airflow/example_dags/tutorial_objectstorage.py
[2025-01-29T23:44:03.510+0000] {processor.py:840} INFO - DAG(s) 'tutorial_objectstorage' retrieved from /home/airflow/.local/lib/python3.8/site-packages/airflow/example_dags/tutorial_objectstorage.py
[2025-01-29T23:44:03.587+0000] {logging_mixin.py:188} INFO - [2025-01-29T23:44:03.586+0000] {dag.py:3036} INFO - Sync 1 DAGs
[2025-01-29T23:44:03.647+0000] {logging_mixin.py:188} INFO - [2025-01-29T23:44:03.646+0000] {dag.py:3823} INFO - Setting next_dagrun for tutorial_objectstorage to None, run_after=None
[2025-01-29T23:44:03.761+0000] {processor.py:183} INFO - Processing /home/airflow/.local/lib/python3.8/site-packages/airflow/example_dags/tutorial_objectstorage.py took 0.299 seconds
[2025-01-29T23:44:34.883+0000] {processor.py:161} INFO - Started process (PID=1382) to work on /home/airflow/.local/lib/python3.8/site-packages/airflow/example_dags/tutorial_objectstorage.py
[2025-01-29T23:44:34.896+0000] {processor.py:830} INFO - Processing file /home/airflow/.local/lib/python3.8/site-packages/airflow/example_dags/tutorial_objectstorage.py for tasks to queue
[2025-01-29T23:44:34.901+0000] {logging_mixin.py:188} INFO - [2025-01-29T23:44:34.900+0000] {dagbag.py:538} INFO - Filling up the DagBag from /home/airflow/.local/lib/python3.8/site-packages/airflow/example_dags/tutorial_objectstorage.py
[2025-01-29T23:44:34.965+0000] {processor.py:840} INFO - DAG(s) 'tutorial_objectstorage' retrieved from /home/airflow/.local/lib/python3.8/site-packages/airflow/example_dags/tutorial_objectstorage.py
[2025-01-29T23:44:35.124+0000] {logging_mixin.py:188} INFO - [2025-01-29T23:44:35.123+0000] {dag.py:3036} INFO - Sync 1 DAGs
[2025-01-29T23:44:35.385+0000] {logging_mixin.py:188} INFO - [2025-01-29T23:44:35.385+0000] {dag.py:3823} INFO - Setting next_dagrun for tutorial_objectstorage to None, run_after=None
[2025-01-29T23:44:35.606+0000] {processor.py:183} INFO - Processing /home/airflow/.local/lib/python3.8/site-packages/airflow/example_dags/tutorial_objectstorage.py took 0.743 seconds
[2025-01-29T23:45:10.563+0000] {processor.py:161} INFO - Started process (PID=1443) to work on /home/airflow/.local/lib/python3.8/site-packages/airflow/example_dags/tutorial_objectstorage.py
[2025-01-29T23:45:10.577+0000] {processor.py:830} INFO - Processing file /home/airflow/.local/lib/python3.8/site-packages/airflow/example_dags/tutorial_objectstorage.py for tasks to queue
[2025-01-29T23:45:10.620+0000] {logging_mixin.py:188} INFO - [2025-01-29T23:45:10.610+0000] {dagbag.py:538} INFO - Filling up the DagBag from /home/airflow/.local/lib/python3.8/site-packages/airflow/example_dags/tutorial_objectstorage.py
[2025-01-29T23:45:10.975+0000] {processor.py:840} INFO - DAG(s) 'tutorial_objectstorage' retrieved from /home/airflow/.local/lib/python3.8/site-packages/airflow/example_dags/tutorial_objectstorage.py
[2025-01-29T23:45:11.150+0000] {logging_mixin.py:188} INFO - [2025-01-29T23:45:11.149+0000] {dag.py:3036} INFO - Sync 1 DAGs
[2025-01-29T23:45:11.288+0000] {logging_mixin.py:188} INFO - [2025-01-29T23:45:11.287+0000] {dag.py:3823} INFO - Setting next_dagrun for tutorial_objectstorage to None, run_after=None
[2025-01-29T23:45:11.565+0000] {processor.py:183} INFO - Processing /home/airflow/.local/lib/python3.8/site-packages/airflow/example_dags/tutorial_objectstorage.py took 1.021 seconds
[2025-01-29T23:45:41.984+0000] {processor.py:161} INFO - Started process (PID=1499) to work on /home/airflow/.local/lib/python3.8/site-packages/airflow/example_dags/tutorial_objectstorage.py
[2025-01-29T23:45:41.986+0000] {processor.py:830} INFO - Processing file /home/airflow/.local/lib/python3.8/site-packages/airflow/example_dags/tutorial_objectstorage.py for tasks to queue
[2025-01-29T23:45:41.991+0000] {logging_mixin.py:188} INFO - [2025-01-29T23:45:41.990+0000] {dagbag.py:538} INFO - Filling up the DagBag from /home/airflow/.local/lib/python3.8/site-packages/airflow/example_dags/tutorial_objectstorage.py
[2025-01-29T23:45:42.008+0000] {processor.py:840} INFO - DAG(s) 'tutorial_objectstorage' retrieved from /home/airflow/.local/lib/python3.8/site-packages/airflow/example_dags/tutorial_objectstorage.py
[2025-01-29T23:45:42.093+0000] {logging_mixin.py:188} INFO - [2025-01-29T23:45:42.092+0000] {dag.py:3036} INFO - Sync 1 DAGs
[2025-01-29T23:45:42.163+0000] {logging_mixin.py:188} INFO - [2025-01-29T23:45:42.162+0000] {dag.py:3823} INFO - Setting next_dagrun for tutorial_objectstorage to None, run_after=None
[2025-01-29T23:45:42.254+0000] {processor.py:183} INFO - Processing /home/airflow/.local/lib/python3.8/site-packages/airflow/example_dags/tutorial_objectstorage.py took 0.280 seconds
[2025-01-29T23:46:12.846+0000] {processor.py:161} INFO - Started process (PID=1555) to work on /home/airflow/.local/lib/python3.8/site-packages/airflow/example_dags/tutorial_objectstorage.py
[2025-01-29T23:46:12.848+0000] {processor.py:830} INFO - Processing file /home/airflow/.local/lib/python3.8/site-packages/airflow/example_dags/tutorial_objectstorage.py for tasks to queue
[2025-01-29T23:46:12.854+0000] {logging_mixin.py:188} INFO - [2025-01-29T23:46:12.853+0000] {dagbag.py:538} INFO - Filling up the DagBag from /home/airflow/.local/lib/python3.8/site-packages/airflow/example_dags/tutorial_objectstorage.py
[2025-01-29T23:46:12.872+0000] {processor.py:840} INFO - DAG(s) 'tutorial_objectstorage' retrieved from /home/airflow/.local/lib/python3.8/site-packages/airflow/example_dags/tutorial_objectstorage.py
[2025-01-29T23:46:12.915+0000] {logging_mixin.py:188} INFO - [2025-01-29T23:46:12.915+0000] {dag.py:3036} INFO - Sync 1 DAGs
[2025-01-29T23:46:12.947+0000] {logging_mixin.py:188} INFO - [2025-01-29T23:46:12.947+0000] {dag.py:3823} INFO - Setting next_dagrun for tutorial_objectstorage to None, run_after=None
[2025-01-29T23:46:13.007+0000] {processor.py:183} INFO - Processing /home/airflow/.local/lib/python3.8/site-packages/airflow/example_dags/tutorial_objectstorage.py took 0.169 seconds
[2025-01-29T23:46:45.012+0000] {processor.py:161} INFO - Started process (PID=1611) to work on /home/airflow/.local/lib/python3.8/site-packages/airflow/example_dags/tutorial_objectstorage.py
[2025-01-29T23:46:45.014+0000] {processor.py:830} INFO - Processing file /home/airflow/.local/lib/python3.8/site-packages/airflow/example_dags/tutorial_objectstorage.py for tasks to queue
[2025-01-29T23:46:45.020+0000] {logging_mixin.py:188} INFO - [2025-01-29T23:46:45.018+0000] {dagbag.py:538} INFO - Filling up the DagBag from /home/airflow/.local/lib/python3.8/site-packages/airflow/example_dags/tutorial_objectstorage.py
[2025-01-29T23:46:45.044+0000] {processor.py:840} INFO - DAG(s) 'tutorial_objectstorage' retrieved from /home/airflow/.local/lib/python3.8/site-packages/airflow/example_dags/tutorial_objectstorage.py
[2025-01-29T23:46:45.106+0000] {logging_mixin.py:188} INFO - [2025-01-29T23:46:45.105+0000] {dag.py:3036} INFO - Sync 1 DAGs
[2025-01-29T23:46:45.157+0000] {logging_mixin.py:188} INFO - [2025-01-29T23:46:45.155+0000] {dag.py:3823} INFO - Setting next_dagrun for tutorial_objectstorage to None, run_after=None
[2025-01-29T23:46:45.224+0000] {processor.py:183} INFO - Processing /home/airflow/.local/lib/python3.8/site-packages/airflow/example_dags/tutorial_objectstorage.py took 0.221 seconds
[2025-01-29T23:47:22.713+0000] {processor.py:161} INFO - Started process (PID=1670) to work on /home/airflow/.local/lib/python3.8/site-packages/airflow/example_dags/tutorial_objectstorage.py
[2025-01-29T23:47:22.726+0000] {processor.py:830} INFO - Processing file /home/airflow/.local/lib/python3.8/site-packages/airflow/example_dags/tutorial_objectstorage.py for tasks to queue
[2025-01-29T23:47:22.729+0000] {logging_mixin.py:188} INFO - [2025-01-29T23:47:22.728+0000] {dagbag.py:538} INFO - Filling up the DagBag from /home/airflow/.local/lib/python3.8/site-packages/airflow/example_dags/tutorial_objectstorage.py
[2025-01-29T23:47:22.768+0000] {processor.py:840} INFO - DAG(s) 'tutorial_objectstorage' retrieved from /home/airflow/.local/lib/python3.8/site-packages/airflow/example_dags/tutorial_objectstorage.py
[2025-01-29T23:47:22.899+0000] {logging_mixin.py:188} INFO - [2025-01-29T23:47:22.898+0000] {dag.py:3036} INFO - Sync 1 DAGs
[2025-01-29T23:47:22.981+0000] {logging_mixin.py:188} INFO - [2025-01-29T23:47:22.980+0000] {dag.py:3823} INFO - Setting next_dagrun for tutorial_objectstorage to None, run_after=None
[2025-01-29T23:47:23.131+0000] {processor.py:183} INFO - Processing /home/airflow/.local/lib/python3.8/site-packages/airflow/example_dags/tutorial_objectstorage.py took 0.437 seconds
[2025-01-29T23:47:53.648+0000] {processor.py:161} INFO - Started process (PID=1726) to work on /home/airflow/.local/lib/python3.8/site-packages/airflow/example_dags/tutorial_objectstorage.py
[2025-01-29T23:47:53.651+0000] {processor.py:830} INFO - Processing file /home/airflow/.local/lib/python3.8/site-packages/airflow/example_dags/tutorial_objectstorage.py for tasks to queue
[2025-01-29T23:47:53.666+0000] {logging_mixin.py:188} INFO - [2025-01-29T23:47:53.665+0000] {dagbag.py:538} INFO - Filling up the DagBag from /home/airflow/.local/lib/python3.8/site-packages/airflow/example_dags/tutorial_objectstorage.py
[2025-01-29T23:47:53.688+0000] {processor.py:840} INFO - DAG(s) 'tutorial_objectstorage' retrieved from /home/airflow/.local/lib/python3.8/site-packages/airflow/example_dags/tutorial_objectstorage.py
[2025-01-29T23:47:53.753+0000] {logging_mixin.py:188} INFO - [2025-01-29T23:47:53.752+0000] {dag.py:3036} INFO - Sync 1 DAGs
[2025-01-29T23:47:53.801+0000] {logging_mixin.py:188} INFO - [2025-01-29T23:47:53.800+0000] {dag.py:3823} INFO - Setting next_dagrun for tutorial_objectstorage to None, run_after=None
[2025-01-29T23:47:53.876+0000] {processor.py:183} INFO - Processing /home/airflow/.local/lib/python3.8/site-packages/airflow/example_dags/tutorial_objectstorage.py took 0.241 seconds
[2025-01-29T23:48:24.421+0000] {processor.py:161} INFO - Started process (PID=1782) to work on /home/airflow/.local/lib/python3.8/site-packages/airflow/example_dags/tutorial_objectstorage.py
[2025-01-29T23:48:24.430+0000] {processor.py:830} INFO - Processing file /home/airflow/.local/lib/python3.8/site-packages/airflow/example_dags/tutorial_objectstorage.py for tasks to queue
[2025-01-29T23:48:24.433+0000] {logging_mixin.py:188} INFO - [2025-01-29T23:48:24.432+0000] {dagbag.py:538} INFO - Filling up the DagBag from /home/airflow/.local/lib/python3.8/site-packages/airflow/example_dags/tutorial_objectstorage.py
[2025-01-29T23:48:24.472+0000] {processor.py:840} INFO - DAG(s) 'tutorial_objectstorage' retrieved from /home/airflow/.local/lib/python3.8/site-packages/airflow/example_dags/tutorial_objectstorage.py
[2025-01-29T23:48:24.566+0000] {logging_mixin.py:188} INFO - [2025-01-29T23:48:24.565+0000] {dag.py:3036} INFO - Sync 1 DAGs
[2025-01-29T23:48:24.648+0000] {logging_mixin.py:188} INFO - [2025-01-29T23:48:24.648+0000] {dag.py:3823} INFO - Setting next_dagrun for tutorial_objectstorage to None, run_after=None
[2025-01-29T23:48:24.790+0000] {processor.py:183} INFO - Processing /home/airflow/.local/lib/python3.8/site-packages/airflow/example_dags/tutorial_objectstorage.py took 0.382 seconds
[2025-01-29T23:48:55.458+0000] {processor.py:161} INFO - Started process (PID=1838) to work on /home/airflow/.local/lib/python3.8/site-packages/airflow/example_dags/tutorial_objectstorage.py
[2025-01-29T23:48:55.460+0000] {processor.py:830} INFO - Processing file /home/airflow/.local/lib/python3.8/site-packages/airflow/example_dags/tutorial_objectstorage.py for tasks to queue
[2025-01-29T23:48:55.461+0000] {logging_mixin.py:188} INFO - [2025-01-29T23:48:55.461+0000] {dagbag.py:538} INFO - Filling up the DagBag from /home/airflow/.local/lib/python3.8/site-packages/airflow/example_dags/tutorial_objectstorage.py
[2025-01-29T23:48:55.475+0000] {processor.py:840} INFO - DAG(s) 'tutorial_objectstorage' retrieved from /home/airflow/.local/lib/python3.8/site-packages/airflow/example_dags/tutorial_objectstorage.py
[2025-01-29T23:48:55.510+0000] {logging_mixin.py:188} INFO - [2025-01-29T23:48:55.509+0000] {dag.py:3036} INFO - Sync 1 DAGs
[2025-01-29T23:48:55.537+0000] {logging_mixin.py:188} INFO - [2025-01-29T23:48:55.536+0000] {dag.py:3823} INFO - Setting next_dagrun for tutorial_objectstorage to None, run_after=None
[2025-01-29T23:48:55.576+0000] {processor.py:183} INFO - Processing /home/airflow/.local/lib/python3.8/site-packages/airflow/example_dags/tutorial_objectstorage.py took 0.125 seconds
[2025-01-29T23:49:26.015+0000] {processor.py:161} INFO - Started process (PID=1900) to work on /home/airflow/.local/lib/python3.8/site-packages/airflow/example_dags/tutorial_objectstorage.py
[2025-01-29T23:49:26.016+0000] {processor.py:830} INFO - Processing file /home/airflow/.local/lib/python3.8/site-packages/airflow/example_dags/tutorial_objectstorage.py for tasks to queue
[2025-01-29T23:49:26.018+0000] {logging_mixin.py:188} INFO - [2025-01-29T23:49:26.017+0000] {dagbag.py:538} INFO - Filling up the DagBag from /home/airflow/.local/lib/python3.8/site-packages/airflow/example_dags/tutorial_objectstorage.py
[2025-01-29T23:49:26.027+0000] {processor.py:840} INFO - DAG(s) 'tutorial_objectstorage' retrieved from /home/airflow/.local/lib/python3.8/site-packages/airflow/example_dags/tutorial_objectstorage.py
[2025-01-29T23:49:26.055+0000] {logging_mixin.py:188} INFO - [2025-01-29T23:49:26.055+0000] {dag.py:3036} INFO - Sync 1 DAGs
[2025-01-29T23:49:26.078+0000] {logging_mixin.py:188} INFO - [2025-01-29T23:49:26.077+0000] {dag.py:3823} INFO - Setting next_dagrun for tutorial_objectstorage to None, run_after=None
[2025-01-29T23:49:26.103+0000] {processor.py:183} INFO - Processing /home/airflow/.local/lib/python3.8/site-packages/airflow/example_dags/tutorial_objectstorage.py took 0.093 seconds
[2025-01-29T23:49:56.294+0000] {processor.py:161} INFO - Started process (PID=1956) to work on /home/airflow/.local/lib/python3.8/site-packages/airflow/example_dags/tutorial_objectstorage.py
[2025-01-29T23:49:56.296+0000] {processor.py:830} INFO - Processing file /home/airflow/.local/lib/python3.8/site-packages/airflow/example_dags/tutorial_objectstorage.py for tasks to queue
[2025-01-29T23:49:56.299+0000] {logging_mixin.py:188} INFO - [2025-01-29T23:49:56.298+0000] {dagbag.py:538} INFO - Filling up the DagBag from /home/airflow/.local/lib/python3.8/site-packages/airflow/example_dags/tutorial_objectstorage.py
[2025-01-29T23:49:56.333+0000] {processor.py:840} INFO - DAG(s) 'tutorial_objectstorage' retrieved from /home/airflow/.local/lib/python3.8/site-packages/airflow/example_dags/tutorial_objectstorage.py
[2025-01-29T23:49:56.393+0000] {logging_mixin.py:188} INFO - [2025-01-29T23:49:56.392+0000] {dag.py:3036} INFO - Sync 1 DAGs
[2025-01-29T23:49:56.427+0000] {logging_mixin.py:188} INFO - [2025-01-29T23:49:56.427+0000] {dag.py:3823} INFO - Setting next_dagrun for tutorial_objectstorage to None, run_after=None
[2025-01-29T23:49:56.476+0000] {processor.py:183} INFO - Processing /home/airflow/.local/lib/python3.8/site-packages/airflow/example_dags/tutorial_objectstorage.py took 0.192 seconds
[2025-01-29T23:50:31.036+0000] {processor.py:161} INFO - Started process (PID=2015) to work on /home/airflow/.local/lib/python3.8/site-packages/airflow/example_dags/tutorial_objectstorage.py
[2025-01-29T23:50:31.039+0000] {processor.py:830} INFO - Processing file /home/airflow/.local/lib/python3.8/site-packages/airflow/example_dags/tutorial_objectstorage.py for tasks to queue
[2025-01-29T23:50:31.042+0000] {logging_mixin.py:188} INFO - [2025-01-29T23:50:31.041+0000] {dagbag.py:538} INFO - Filling up the DagBag from /home/airflow/.local/lib/python3.8/site-packages/airflow/example_dags/tutorial_objectstorage.py
[2025-01-29T23:50:31.074+0000] {processor.py:840} INFO - DAG(s) 'tutorial_objectstorage' retrieved from /home/airflow/.local/lib/python3.8/site-packages/airflow/example_dags/tutorial_objectstorage.py
[2025-01-29T23:50:31.180+0000] {logging_mixin.py:188} INFO - [2025-01-29T23:50:31.179+0000] {dag.py:3036} INFO - Sync 1 DAGs
[2025-01-29T23:50:31.546+0000] {logging_mixin.py:188} INFO - [2025-01-29T23:50:31.545+0000] {dag.py:3823} INFO - Setting next_dagrun for tutorial_objectstorage to None, run_after=None
[2025-01-29T23:50:31.728+0000] {processor.py:183} INFO - Processing /home/airflow/.local/lib/python3.8/site-packages/airflow/example_dags/tutorial_objectstorage.py took 0.705 seconds
[2025-01-29T23:51:02.477+0000] {processor.py:161} INFO - Started process (PID=2070) to work on /home/airflow/.local/lib/python3.8/site-packages/airflow/example_dags/tutorial_objectstorage.py
[2025-01-29T23:51:02.479+0000] {processor.py:830} INFO - Processing file /home/airflow/.local/lib/python3.8/site-packages/airflow/example_dags/tutorial_objectstorage.py for tasks to queue
[2025-01-29T23:51:02.482+0000] {logging_mixin.py:188} INFO - [2025-01-29T23:51:02.481+0000] {dagbag.py:538} INFO - Filling up the DagBag from /home/airflow/.local/lib/python3.8/site-packages/airflow/example_dags/tutorial_objectstorage.py
[2025-01-29T23:51:02.499+0000] {processor.py:840} INFO - DAG(s) 'tutorial_objectstorage' retrieved from /home/airflow/.local/lib/python3.8/site-packages/airflow/example_dags/tutorial_objectstorage.py
[2025-01-29T23:51:02.541+0000] {logging_mixin.py:188} INFO - [2025-01-29T23:51:02.541+0000] {dag.py:3036} INFO - Sync 1 DAGs
[2025-01-29T23:51:02.572+0000] {logging_mixin.py:188} INFO - [2025-01-29T23:51:02.572+0000] {dag.py:3823} INFO - Setting next_dagrun for tutorial_objectstorage to None, run_after=None
[2025-01-29T23:51:02.619+0000] {processor.py:183} INFO - Processing /home/airflow/.local/lib/python3.8/site-packages/airflow/example_dags/tutorial_objectstorage.py took 0.149 seconds
[2025-01-29T23:51:34.201+0000] {processor.py:161} INFO - Started process (PID=2127) to work on /home/airflow/.local/lib/python3.8/site-packages/airflow/example_dags/tutorial_objectstorage.py
[2025-01-29T23:51:34.219+0000] {processor.py:830} INFO - Processing file /home/airflow/.local/lib/python3.8/site-packages/airflow/example_dags/tutorial_objectstorage.py for tasks to queue
[2025-01-29T23:51:34.233+0000] {logging_mixin.py:188} INFO - [2025-01-29T23:51:34.232+0000] {dagbag.py:538} INFO - Filling up the DagBag from /home/airflow/.local/lib/python3.8/site-packages/airflow/example_dags/tutorial_objectstorage.py
[2025-01-29T23:51:34.440+0000] {processor.py:840} INFO - DAG(s) 'tutorial_objectstorage' retrieved from /home/airflow/.local/lib/python3.8/site-packages/airflow/example_dags/tutorial_objectstorage.py
[2025-01-29T23:51:34.629+0000] {logging_mixin.py:188} INFO - [2025-01-29T23:51:34.627+0000] {dag.py:3036} INFO - Sync 1 DAGs
[2025-01-29T23:51:34.768+0000] {logging_mixin.py:188} INFO - [2025-01-29T23:51:34.767+0000] {dag.py:3823} INFO - Setting next_dagrun for tutorial_objectstorage to None, run_after=None
[2025-01-29T23:51:35.027+0000] {processor.py:183} INFO - Processing /home/airflow/.local/lib/python3.8/site-packages/airflow/example_dags/tutorial_objectstorage.py took 0.858 seconds
[2025-01-29T23:52:05.698+0000] {processor.py:161} INFO - Started process (PID=2182) to work on /home/airflow/.local/lib/python3.8/site-packages/airflow/example_dags/tutorial_objectstorage.py
[2025-01-29T23:52:05.712+0000] {processor.py:830} INFO - Processing file /home/airflow/.local/lib/python3.8/site-packages/airflow/example_dags/tutorial_objectstorage.py for tasks to queue
[2025-01-29T23:52:05.721+0000] {logging_mixin.py:188} INFO - [2025-01-29T23:52:05.720+0000] {dagbag.py:538} INFO - Filling up the DagBag from /home/airflow/.local/lib/python3.8/site-packages/airflow/example_dags/tutorial_objectstorage.py
[2025-01-29T23:52:05.791+0000] {processor.py:840} INFO - DAG(s) 'tutorial_objectstorage' retrieved from /home/airflow/.local/lib/python3.8/site-packages/airflow/example_dags/tutorial_objectstorage.py
[2025-01-29T23:52:05.928+0000] {logging_mixin.py:188} INFO - [2025-01-29T23:52:05.927+0000] {dag.py:3036} INFO - Sync 1 DAGs
[2025-01-29T23:52:06.050+0000] {logging_mixin.py:188} INFO - [2025-01-29T23:52:06.050+0000] {dag.py:3823} INFO - Setting next_dagrun for tutorial_objectstorage to None, run_after=None
[2025-01-29T23:52:06.163+0000] {processor.py:183} INFO - Processing /home/airflow/.local/lib/python3.8/site-packages/airflow/example_dags/tutorial_objectstorage.py took 0.517 seconds
[2025-01-29T23:52:36.778+0000] {processor.py:161} INFO - Started process (PID=2238) to work on /home/airflow/.local/lib/python3.8/site-packages/airflow/example_dags/tutorial_objectstorage.py
[2025-01-29T23:52:36.780+0000] {processor.py:830} INFO - Processing file /home/airflow/.local/lib/python3.8/site-packages/airflow/example_dags/tutorial_objectstorage.py for tasks to queue
[2025-01-29T23:52:36.782+0000] {logging_mixin.py:188} INFO - [2025-01-29T23:52:36.781+0000] {dagbag.py:538} INFO - Filling up the DagBag from /home/airflow/.local/lib/python3.8/site-packages/airflow/example_dags/tutorial_objectstorage.py
[2025-01-29T23:52:36.800+0000] {processor.py:840} INFO - DAG(s) 'tutorial_objectstorage' retrieved from /home/airflow/.local/lib/python3.8/site-packages/airflow/example_dags/tutorial_objectstorage.py
[2025-01-29T23:52:36.857+0000] {logging_mixin.py:188} INFO - [2025-01-29T23:52:36.857+0000] {dag.py:3036} INFO - Sync 1 DAGs
[2025-01-29T23:52:36.892+0000] {logging_mixin.py:188} INFO - [2025-01-29T23:52:36.892+0000] {dag.py:3823} INFO - Setting next_dagrun for tutorial_objectstorage to None, run_after=None
[2025-01-29T23:52:36.935+0000] {processor.py:183} INFO - Processing /home/airflow/.local/lib/python3.8/site-packages/airflow/example_dags/tutorial_objectstorage.py took 0.162 seconds
[2025-01-29T23:53:07.311+0000] {processor.py:161} INFO - Started process (PID=2294) to work on /home/airflow/.local/lib/python3.8/site-packages/airflow/example_dags/tutorial_objectstorage.py
[2025-01-29T23:53:07.312+0000] {processor.py:830} INFO - Processing file /home/airflow/.local/lib/python3.8/site-packages/airflow/example_dags/tutorial_objectstorage.py for tasks to queue
[2025-01-29T23:53:07.314+0000] {logging_mixin.py:188} INFO - [2025-01-29T23:53:07.313+0000] {dagbag.py:538} INFO - Filling up the DagBag from /home/airflow/.local/lib/python3.8/site-packages/airflow/example_dags/tutorial_objectstorage.py
[2025-01-29T23:53:07.325+0000] {processor.py:840} INFO - DAG(s) 'tutorial_objectstorage' retrieved from /home/airflow/.local/lib/python3.8/site-packages/airflow/example_dags/tutorial_objectstorage.py
[2025-01-29T23:53:07.362+0000] {logging_mixin.py:188} INFO - [2025-01-29T23:53:07.361+0000] {dag.py:3036} INFO - Sync 1 DAGs
[2025-01-29T23:53:07.383+0000] {logging_mixin.py:188} INFO - [2025-01-29T23:53:07.383+0000] {dag.py:3823} INFO - Setting next_dagrun for tutorial_objectstorage to None, run_after=None
[2025-01-29T23:53:07.430+0000] {processor.py:183} INFO - Processing /home/airflow/.local/lib/python3.8/site-packages/airflow/example_dags/tutorial_objectstorage.py took 0.125 seconds
[2025-01-29T23:53:37.608+0000] {processor.py:161} INFO - Started process (PID=2349) to work on /home/airflow/.local/lib/python3.8/site-packages/airflow/example_dags/tutorial_objectstorage.py
[2025-01-29T23:53:37.611+0000] {processor.py:830} INFO - Processing file /home/airflow/.local/lib/python3.8/site-packages/airflow/example_dags/tutorial_objectstorage.py for tasks to queue
[2025-01-29T23:53:37.616+0000] {logging_mixin.py:188} INFO - [2025-01-29T23:53:37.616+0000] {dagbag.py:538} INFO - Filling up the DagBag from /home/airflow/.local/lib/python3.8/site-packages/airflow/example_dags/tutorial_objectstorage.py
[2025-01-29T23:53:37.629+0000] {processor.py:840} INFO - DAG(s) 'tutorial_objectstorage' retrieved from /home/airflow/.local/lib/python3.8/site-packages/airflow/example_dags/tutorial_objectstorage.py
[2025-01-29T23:53:37.676+0000] {logging_mixin.py:188} INFO - [2025-01-29T23:53:37.676+0000] {dag.py:3036} INFO - Sync 1 DAGs
[2025-01-29T23:53:37.704+0000] {logging_mixin.py:188} INFO - [2025-01-29T23:53:37.704+0000] {dag.py:3823} INFO - Setting next_dagrun for tutorial_objectstorage to None, run_after=None
[2025-01-29T23:53:37.761+0000] {processor.py:183} INFO - Processing /home/airflow/.local/lib/python3.8/site-packages/airflow/example_dags/tutorial_objectstorage.py took 0.165 seconds
[2025-01-29T23:54:08.649+0000] {processor.py:161} INFO - Started process (PID=2405) to work on /home/airflow/.local/lib/python3.8/site-packages/airflow/example_dags/tutorial_objectstorage.py
[2025-01-29T23:54:08.655+0000] {processor.py:830} INFO - Processing file /home/airflow/.local/lib/python3.8/site-packages/airflow/example_dags/tutorial_objectstorage.py for tasks to queue
[2025-01-29T23:54:08.666+0000] {logging_mixin.py:188} INFO - [2025-01-29T23:54:08.665+0000] {dagbag.py:538} INFO - Filling up the DagBag from /home/airflow/.local/lib/python3.8/site-packages/airflow/example_dags/tutorial_objectstorage.py
[2025-01-29T23:54:08.720+0000] {processor.py:840} INFO - DAG(s) 'tutorial_objectstorage' retrieved from /home/airflow/.local/lib/python3.8/site-packages/airflow/example_dags/tutorial_objectstorage.py
[2025-01-29T23:54:08.814+0000] {logging_mixin.py:188} INFO - [2025-01-29T23:54:08.813+0000] {dag.py:3036} INFO - Sync 1 DAGs
[2025-01-29T23:54:08.862+0000] {logging_mixin.py:188} INFO - [2025-01-29T23:54:08.860+0000] {dag.py:3823} INFO - Setting next_dagrun for tutorial_objectstorage to None, run_after=None
[2025-01-29T23:54:08.935+0000] {processor.py:183} INFO - Processing /home/airflow/.local/lib/python3.8/site-packages/airflow/example_dags/tutorial_objectstorage.py took 0.304 seconds
[2025-01-29T23:54:39.809+0000] {processor.py:161} INFO - Started process (PID=2462) to work on /home/airflow/.local/lib/python3.8/site-packages/airflow/example_dags/tutorial_objectstorage.py
[2025-01-29T23:54:39.811+0000] {processor.py:830} INFO - Processing file /home/airflow/.local/lib/python3.8/site-packages/airflow/example_dags/tutorial_objectstorage.py for tasks to queue
[2025-01-29T23:54:39.815+0000] {logging_mixin.py:188} INFO - [2025-01-29T23:54:39.814+0000] {dagbag.py:538} INFO - Filling up the DagBag from /home/airflow/.local/lib/python3.8/site-packages/airflow/example_dags/tutorial_objectstorage.py
[2025-01-29T23:54:39.860+0000] {processor.py:840} INFO - DAG(s) 'tutorial_objectstorage' retrieved from /home/airflow/.local/lib/python3.8/site-packages/airflow/example_dags/tutorial_objectstorage.py
[2025-01-29T23:54:39.936+0000] {logging_mixin.py:188} INFO - [2025-01-29T23:54:39.935+0000] {dag.py:3036} INFO - Sync 1 DAGs
[2025-01-29T23:54:39.993+0000] {logging_mixin.py:188} INFO - [2025-01-29T23:54:39.993+0000] {dag.py:3823} INFO - Setting next_dagrun for tutorial_objectstorage to None, run_after=None
[2025-01-29T23:54:40.049+0000] {processor.py:183} INFO - Processing /home/airflow/.local/lib/python3.8/site-packages/airflow/example_dags/tutorial_objectstorage.py took 0.267 seconds
[2025-01-29T23:55:11.008+0000] {processor.py:161} INFO - Started process (PID=2518) to work on /home/airflow/.local/lib/python3.8/site-packages/airflow/example_dags/tutorial_objectstorage.py
[2025-01-29T23:55:11.012+0000] {processor.py:830} INFO - Processing file /home/airflow/.local/lib/python3.8/site-packages/airflow/example_dags/tutorial_objectstorage.py for tasks to queue
[2025-01-29T23:55:11.014+0000] {logging_mixin.py:188} INFO - [2025-01-29T23:55:11.013+0000] {dagbag.py:538} INFO - Filling up the DagBag from /home/airflow/.local/lib/python3.8/site-packages/airflow/example_dags/tutorial_objectstorage.py
[2025-01-29T23:55:11.028+0000] {processor.py:840} INFO - DAG(s) 'tutorial_objectstorage' retrieved from /home/airflow/.local/lib/python3.8/site-packages/airflow/example_dags/tutorial_objectstorage.py
[2025-01-29T23:55:11.077+0000] {logging_mixin.py:188} INFO - [2025-01-29T23:55:11.076+0000] {dag.py:3036} INFO - Sync 1 DAGs
[2025-01-29T23:55:11.114+0000] {logging_mixin.py:188} INFO - [2025-01-29T23:55:11.114+0000] {dag.py:3823} INFO - Setting next_dagrun for tutorial_objectstorage to None, run_after=None
[2025-01-29T23:55:11.171+0000] {processor.py:183} INFO - Processing /home/airflow/.local/lib/python3.8/site-packages/airflow/example_dags/tutorial_objectstorage.py took 0.168 seconds
[2025-01-29T23:55:41.941+0000] {processor.py:161} INFO - Started process (PID=2575) to work on /home/airflow/.local/lib/python3.8/site-packages/airflow/example_dags/tutorial_objectstorage.py
[2025-01-29T23:55:41.943+0000] {processor.py:830} INFO - Processing file /home/airflow/.local/lib/python3.8/site-packages/airflow/example_dags/tutorial_objectstorage.py for tasks to queue
[2025-01-29T23:55:41.945+0000] {logging_mixin.py:188} INFO - [2025-01-29T23:55:41.944+0000] {dagbag.py:538} INFO - Filling up the DagBag from /home/airflow/.local/lib/python3.8/site-packages/airflow/example_dags/tutorial_objectstorage.py
[2025-01-29T23:55:41.957+0000] {processor.py:840} INFO - DAG(s) 'tutorial_objectstorage' retrieved from /home/airflow/.local/lib/python3.8/site-packages/airflow/example_dags/tutorial_objectstorage.py
[2025-01-29T23:55:41.993+0000] {logging_mixin.py:188} INFO - [2025-01-29T23:55:41.993+0000] {dag.py:3036} INFO - Sync 1 DAGs
[2025-01-29T23:55:42.019+0000] {logging_mixin.py:188} INFO - [2025-01-29T23:55:42.018+0000] {dag.py:3823} INFO - Setting next_dagrun for tutorial_objectstorage to None, run_after=None
[2025-01-29T23:55:42.078+0000] {processor.py:183} INFO - Processing /home/airflow/.local/lib/python3.8/site-packages/airflow/example_dags/tutorial_objectstorage.py took 0.143 seconds
[2025-01-29T23:56:13.523+0000] {processor.py:161} INFO - Started process (PID=2631) to work on /home/airflow/.local/lib/python3.8/site-packages/airflow/example_dags/tutorial_objectstorage.py
[2025-01-29T23:56:13.532+0000] {processor.py:830} INFO - Processing file /home/airflow/.local/lib/python3.8/site-packages/airflow/example_dags/tutorial_objectstorage.py for tasks to queue
[2025-01-29T23:56:13.538+0000] {logging_mixin.py:188} INFO - [2025-01-29T23:56:13.536+0000] {dagbag.py:538} INFO - Filling up the DagBag from /home/airflow/.local/lib/python3.8/site-packages/airflow/example_dags/tutorial_objectstorage.py
[2025-01-29T23:56:13.563+0000] {processor.py:840} INFO - DAG(s) 'tutorial_objectstorage' retrieved from /home/airflow/.local/lib/python3.8/site-packages/airflow/example_dags/tutorial_objectstorage.py
[2025-01-29T23:56:13.653+0000] {logging_mixin.py:188} INFO - [2025-01-29T23:56:13.652+0000] {dag.py:3036} INFO - Sync 1 DAGs
[2025-01-29T23:56:13.699+0000] {logging_mixin.py:188} INFO - [2025-01-29T23:56:13.698+0000] {dag.py:3823} INFO - Setting next_dagrun for tutorial_objectstorage to None, run_after=None
[2025-01-29T23:56:14.100+0000] {processor.py:183} INFO - Processing /home/airflow/.local/lib/python3.8/site-packages/airflow/example_dags/tutorial_objectstorage.py took 0.585 seconds
[2025-01-29T23:56:44.925+0000] {processor.py:161} INFO - Started process (PID=2687) to work on /home/airflow/.local/lib/python3.8/site-packages/airflow/example_dags/tutorial_objectstorage.py
[2025-01-29T23:56:44.928+0000] {processor.py:830} INFO - Processing file /home/airflow/.local/lib/python3.8/site-packages/airflow/example_dags/tutorial_objectstorage.py for tasks to queue
[2025-01-29T23:56:44.931+0000] {logging_mixin.py:188} INFO - [2025-01-29T23:56:44.930+0000] {dagbag.py:538} INFO - Filling up the DagBag from /home/airflow/.local/lib/python3.8/site-packages/airflow/example_dags/tutorial_objectstorage.py
[2025-01-29T23:56:44.954+0000] {processor.py:840} INFO - DAG(s) 'tutorial_objectstorage' retrieved from /home/airflow/.local/lib/python3.8/site-packages/airflow/example_dags/tutorial_objectstorage.py
[2025-01-29T23:56:45.001+0000] {logging_mixin.py:188} INFO - [2025-01-29T23:56:45.001+0000] {dag.py:3036} INFO - Sync 1 DAGs
[2025-01-29T23:56:45.038+0000] {logging_mixin.py:188} INFO - [2025-01-29T23:56:45.037+0000] {dag.py:3823} INFO - Setting next_dagrun for tutorial_objectstorage to None, run_after=None
[2025-01-29T23:56:45.081+0000] {processor.py:183} INFO - Processing /home/airflow/.local/lib/python3.8/site-packages/airflow/example_dags/tutorial_objectstorage.py took 0.165 seconds
[2025-01-29T23:57:16.596+0000] {processor.py:161} INFO - Started process (PID=2745) to work on /home/airflow/.local/lib/python3.8/site-packages/airflow/example_dags/tutorial_objectstorage.py
[2025-01-29T23:57:16.600+0000] {processor.py:830} INFO - Processing file /home/airflow/.local/lib/python3.8/site-packages/airflow/example_dags/tutorial_objectstorage.py for tasks to queue
[2025-01-29T23:57:16.603+0000] {logging_mixin.py:188} INFO - [2025-01-29T23:57:16.602+0000] {dagbag.py:538} INFO - Filling up the DagBag from /home/airflow/.local/lib/python3.8/site-packages/airflow/example_dags/tutorial_objectstorage.py
[2025-01-29T23:57:16.627+0000] {processor.py:840} INFO - DAG(s) 'tutorial_objectstorage' retrieved from /home/airflow/.local/lib/python3.8/site-packages/airflow/example_dags/tutorial_objectstorage.py
[2025-01-29T23:57:16.698+0000] {logging_mixin.py:188} INFO - [2025-01-29T23:57:16.697+0000] {dag.py:3036} INFO - Sync 1 DAGs
[2025-01-29T23:57:16.741+0000] {logging_mixin.py:188} INFO - [2025-01-29T23:57:16.740+0000] {dag.py:3823} INFO - Setting next_dagrun for tutorial_objectstorage to None, run_after=None
[2025-01-29T23:57:16.806+0000] {processor.py:183} INFO - Processing /home/airflow/.local/lib/python3.8/site-packages/airflow/example_dags/tutorial_objectstorage.py took 0.220 seconds
[2025-01-29T23:57:47.723+0000] {processor.py:161} INFO - Started process (PID=2801) to work on /home/airflow/.local/lib/python3.8/site-packages/airflow/example_dags/tutorial_objectstorage.py
[2025-01-29T23:57:47.726+0000] {processor.py:830} INFO - Processing file /home/airflow/.local/lib/python3.8/site-packages/airflow/example_dags/tutorial_objectstorage.py for tasks to queue
[2025-01-29T23:57:47.728+0000] {logging_mixin.py:188} INFO - [2025-01-29T23:57:47.727+0000] {dagbag.py:538} INFO - Filling up the DagBag from /home/airflow/.local/lib/python3.8/site-packages/airflow/example_dags/tutorial_objectstorage.py
[2025-01-29T23:57:47.743+0000] {processor.py:840} INFO - DAG(s) 'tutorial_objectstorage' retrieved from /home/airflow/.local/lib/python3.8/site-packages/airflow/example_dags/tutorial_objectstorage.py
[2025-01-29T23:57:47.783+0000] {logging_mixin.py:188} INFO - [2025-01-29T23:57:47.783+0000] {dag.py:3036} INFO - Sync 1 DAGs
[2025-01-29T23:57:47.809+0000] {logging_mixin.py:188} INFO - [2025-01-29T23:57:47.808+0000] {dag.py:3823} INFO - Setting next_dagrun for tutorial_objectstorage to None, run_after=None
[2025-01-29T23:57:47.847+0000] {processor.py:183} INFO - Processing /home/airflow/.local/lib/python3.8/site-packages/airflow/example_dags/tutorial_objectstorage.py took 0.131 seconds
[2025-01-29T23:58:24.031+0000] {processor.py:161} INFO - Started process (PID=2859) to work on /home/airflow/.local/lib/python3.8/site-packages/airflow/example_dags/tutorial_objectstorage.py
[2025-01-29T23:58:24.052+0000] {processor.py:830} INFO - Processing file /home/airflow/.local/lib/python3.8/site-packages/airflow/example_dags/tutorial_objectstorage.py for tasks to queue
[2025-01-29T23:58:24.058+0000] {logging_mixin.py:188} INFO - [2025-01-29T23:58:24.058+0000] {dagbag.py:538} INFO - Filling up the DagBag from /home/airflow/.local/lib/python3.8/site-packages/airflow/example_dags/tutorial_objectstorage.py
[2025-01-29T23:58:24.134+0000] {processor.py:840} INFO - DAG(s) 'tutorial_objectstorage' retrieved from /home/airflow/.local/lib/python3.8/site-packages/airflow/example_dags/tutorial_objectstorage.py
[2025-01-29T23:58:24.242+0000] {logging_mixin.py:188} INFO - [2025-01-29T23:58:24.242+0000] {dag.py:3036} INFO - Sync 1 DAGs
[2025-01-29T23:58:24.298+0000] {logging_mixin.py:188} INFO - [2025-01-29T23:58:24.297+0000] {dag.py:3823} INFO - Setting next_dagrun for tutorial_objectstorage to None, run_after=None
[2025-01-29T23:58:24.385+0000] {processor.py:183} INFO - Processing /home/airflow/.local/lib/python3.8/site-packages/airflow/example_dags/tutorial_objectstorage.py took 0.386 seconds
[2025-01-29T23:58:58.543+0000] {processor.py:161} INFO - Started process (PID=2913) to work on /home/airflow/.local/lib/python3.8/site-packages/airflow/example_dags/tutorial_objectstorage.py
[2025-01-29T23:58:58.548+0000] {processor.py:830} INFO - Processing file /home/airflow/.local/lib/python3.8/site-packages/airflow/example_dags/tutorial_objectstorage.py for tasks to queue
[2025-01-29T23:58:58.555+0000] {logging_mixin.py:188} INFO - [2025-01-29T23:58:58.554+0000] {dagbag.py:538} INFO - Filling up the DagBag from /home/airflow/.local/lib/python3.8/site-packages/airflow/example_dags/tutorial_objectstorage.py
[2025-01-29T23:58:58.597+0000] {processor.py:840} INFO - DAG(s) 'tutorial_objectstorage' retrieved from /home/airflow/.local/lib/python3.8/site-packages/airflow/example_dags/tutorial_objectstorage.py
[2025-01-29T23:58:58.691+0000] {logging_mixin.py:188} INFO - [2025-01-29T23:58:58.691+0000] {dag.py:3036} INFO - Sync 1 DAGs
[2025-01-29T23:58:58.773+0000] {logging_mixin.py:188} INFO - [2025-01-29T23:58:58.769+0000] {dag.py:3823} INFO - Setting next_dagrun for tutorial_objectstorage to None, run_after=None
[2025-01-29T23:58:59.260+0000] {processor.py:183} INFO - Processing /home/airflow/.local/lib/python3.8/site-packages/airflow/example_dags/tutorial_objectstorage.py took 0.738 seconds
[2025-01-29T23:59:29.833+0000] {processor.py:161} INFO - Started process (PID=2974) to work on /home/airflow/.local/lib/python3.8/site-packages/airflow/example_dags/tutorial_objectstorage.py
[2025-01-29T23:59:29.836+0000] {processor.py:830} INFO - Processing file /home/airflow/.local/lib/python3.8/site-packages/airflow/example_dags/tutorial_objectstorage.py for tasks to queue
[2025-01-29T23:59:29.839+0000] {logging_mixin.py:188} INFO - [2025-01-29T23:59:29.838+0000] {dagbag.py:538} INFO - Filling up the DagBag from /home/airflow/.local/lib/python3.8/site-packages/airflow/example_dags/tutorial_objectstorage.py
[2025-01-29T23:59:29.854+0000] {processor.py:840} INFO - DAG(s) 'tutorial_objectstorage' retrieved from /home/airflow/.local/lib/python3.8/site-packages/airflow/example_dags/tutorial_objectstorage.py
[2025-01-29T23:59:29.902+0000] {logging_mixin.py:188} INFO - [2025-01-29T23:59:29.901+0000] {dag.py:3036} INFO - Sync 1 DAGs
[2025-01-29T23:59:29.930+0000] {logging_mixin.py:188} INFO - [2025-01-29T23:59:29.929+0000] {dag.py:3823} INFO - Setting next_dagrun for tutorial_objectstorage to None, run_after=None
[2025-01-29T23:59:29.970+0000] {processor.py:183} INFO - Processing /home/airflow/.local/lib/python3.8/site-packages/airflow/example_dags/tutorial_objectstorage.py took 0.144 seconds
