[2025-01-12T01:00:17.839+0000] {taskinstance.py:1956} INFO - Dependencies all met for dep_context=non-requeueable deps ti=<TaskInstance: spotify_etl.load_task manual__2025-01-12T00:53:50.234258+00:00 [queued]>
[2025-01-12T01:00:17.860+0000] {taskinstance.py:1956} INFO - Dependencies all met for dep_context=requeueable deps ti=<TaskInstance: spotify_etl.load_task manual__2025-01-12T00:53:50.234258+00:00 [queued]>
[2025-01-12T01:00:17.861+0000] {taskinstance.py:2170} INFO - Starting attempt 1 of 2
[2025-01-12T01:00:17.883+0000] {taskinstance.py:2191} INFO - Executing <Task(PythonOperator): load_task> on 2025-01-12 00:53:50.234258+00:00
[2025-01-12T01:00:17.893+0000] {standard_task_runner.py:60} INFO - Started process 340 to run task
[2025-01-12T01:00:17.898+0000] {standard_task_runner.py:87} INFO - Running: ['***', 'tasks', 'run', 'spotify_etl', 'load_task', 'manual__2025-01-12T00:53:50.234258+00:00', '--job-id', '37', '--raw', '--subdir', 'DAGS_FOLDER/spotify_etl_dag.py', '--cfg-path', '/tmp/tmp3kjrtmas']
[2025-01-12T01:00:17.902+0000] {standard_task_runner.py:88} INFO - Job 37: Subtask load_task
[2025-01-12T01:00:17.981+0000] {task_command.py:423} INFO - Running <TaskInstance: spotify_etl.load_task manual__2025-01-12T00:53:50.234258+00:00 [running]> on host d9ce99263c32
[2025-01-12T01:00:18.099+0000] {taskinstance.py:2480} INFO - Exporting env vars: AIRFLOW_CTX_DAG_OWNER='***' AIRFLOW_CTX_DAG_ID='spotify_etl' AIRFLOW_CTX_TASK_ID='load_task' AIRFLOW_CTX_EXECUTION_DATE='2025-01-12T00:53:50.234258+00:00' AIRFLOW_CTX_TRY_NUMBER='1' AIRFLOW_CTX_DAG_RUN_ID='manual__2025-01-12T00:53:50.234258+00:00'
[2025-01-12T01:00:18.102+0000] {spotify_etl_dag.py:70} INFO - Starting load process...
[2025-01-12T01:00:18.104+0000] {warnings.py:109} WARNING - /home/***/.local/lib/python3.8/site-packages/***/utils/context.py:315: AirflowContextDeprecationWarning: Accessing 'execution_date' from the template is deprecated and will be removed in a future version. Please use 'data_interval_start' or 'logical_date' instead.
  warnings.warn(_create_deprecation_warning(k, replacements))

[2025-01-12T01:00:18.105+0000] {logging_mixin.py:188} INFO - Load task started at: 2025-01-12 00:53:50.234258+00:00
[2025-01-12T01:00:18.153+0000] {logging_mixin.py:188} INFO - Retrieved 7 songs from XCom
[2025-01-12T01:00:18.154+0000] {logging_mixin.py:188} INFO - Retrieved 7 albums from XCom
[2025-01-12T01:00:18.167+0000] {base.py:83} INFO - Using connection ID 'mysql_connection' for task execution.
[2025-01-12T01:00:18.543+0000] {base.py:83} INFO - Using connection ID 'mysql_connection' for task execution.
[2025-01-12T01:00:19.892+0000] {load.py:90} INFO - Data loaded to staging successfully
[2025-01-12T01:00:19.991+0000] {load.py:96} INFO - Data loaded to main successfully
[2025-01-12T01:00:19.993+0000] {spotify_etl_dag.py:84} INFO - Load process completed successfully
[2025-01-12T01:00:19.994+0000] {python.py:201} INFO - Done. Returned value was: Load completed successfully
[2025-01-12T01:00:20.036+0000] {taskinstance.py:1138} INFO - Marking task as SUCCESS. dag_id=spotify_etl, task_id=load_task, execution_date=20250112T005350, start_date=20250112T010017, end_date=20250112T010020
[2025-01-12T01:00:20.080+0000] {local_task_job_runner.py:234} INFO - Task exited with return code 0
[2025-01-12T01:00:20.110+0000] {taskinstance.py:3280} INFO - 0 downstream tasks scheduled from follow-on schedule check
