[2025-01-30T00:00:23.828+0000] {processor.py:161} INFO - Started process (PID=3066) to work on /home/airflow/.local/lib/python3.8/site-packages/airflow/example_dags/example_time_delta_sensor_async.py
[2025-01-30T00:00:23.830+0000] {processor.py:830} INFO - Processing file /home/airflow/.local/lib/python3.8/site-packages/airflow/example_dags/example_time_delta_sensor_async.py for tasks to queue
[2025-01-30T00:00:23.833+0000] {logging_mixin.py:188} INFO - [2025-01-30T00:00:23.832+0000] {dagbag.py:538} INFO - Filling up the DagBag from /home/airflow/.local/lib/python3.8/site-packages/airflow/example_dags/example_time_delta_sensor_async.py
[2025-01-30T00:00:23.845+0000] {processor.py:840} INFO - DAG(s) 'example_time_delta_sensor_async' retrieved from /home/airflow/.local/lib/python3.8/site-packages/airflow/example_dags/example_time_delta_sensor_async.py
[2025-01-30T00:00:23.903+0000] {logging_mixin.py:188} INFO - [2025-01-30T00:00:23.903+0000] {dag.py:3036} INFO - Sync 1 DAGs
[2025-01-30T00:00:23.943+0000] {logging_mixin.py:188} INFO - [2025-01-30T00:00:23.942+0000] {dag.py:3823} INFO - Setting next_dagrun for example_time_delta_sensor_async to None, run_after=None
[2025-01-30T00:00:24.000+0000] {processor.py:183} INFO - Processing /home/airflow/.local/lib/python3.8/site-packages/airflow/example_dags/example_time_delta_sensor_async.py took 0.179 seconds
[2025-01-30T00:00:54.251+0000] {processor.py:161} INFO - Started process (PID=3122) to work on /home/airflow/.local/lib/python3.8/site-packages/airflow/example_dags/example_time_delta_sensor_async.py
[2025-01-30T00:00:54.254+0000] {processor.py:830} INFO - Processing file /home/airflow/.local/lib/python3.8/site-packages/airflow/example_dags/example_time_delta_sensor_async.py for tasks to queue
[2025-01-30T00:00:54.258+0000] {logging_mixin.py:188} INFO - [2025-01-30T00:00:54.257+0000] {dagbag.py:538} INFO - Filling up the DagBag from /home/airflow/.local/lib/python3.8/site-packages/airflow/example_dags/example_time_delta_sensor_async.py
[2025-01-30T00:00:54.269+0000] {processor.py:840} INFO - DAG(s) 'example_time_delta_sensor_async' retrieved from /home/airflow/.local/lib/python3.8/site-packages/airflow/example_dags/example_time_delta_sensor_async.py
[2025-01-30T00:00:54.320+0000] {logging_mixin.py:188} INFO - [2025-01-30T00:00:54.319+0000] {dag.py:3036} INFO - Sync 1 DAGs
[2025-01-30T00:00:54.371+0000] {logging_mixin.py:188} INFO - [2025-01-30T00:00:54.371+0000] {dag.py:3823} INFO - Setting next_dagrun for example_time_delta_sensor_async to None, run_after=None
[2025-01-30T00:00:54.455+0000] {processor.py:183} INFO - Processing /home/airflow/.local/lib/python3.8/site-packages/airflow/example_dags/example_time_delta_sensor_async.py took 0.213 seconds
[2025-01-30T00:01:26.311+0000] {processor.py:161} INFO - Started process (PID=3179) to work on /home/airflow/.local/lib/python3.8/site-packages/airflow/example_dags/example_time_delta_sensor_async.py
[2025-01-30T00:01:26.314+0000] {processor.py:830} INFO - Processing file /home/airflow/.local/lib/python3.8/site-packages/airflow/example_dags/example_time_delta_sensor_async.py for tasks to queue
[2025-01-30T00:01:26.318+0000] {logging_mixin.py:188} INFO - [2025-01-30T00:01:26.318+0000] {dagbag.py:538} INFO - Filling up the DagBag from /home/airflow/.local/lib/python3.8/site-packages/airflow/example_dags/example_time_delta_sensor_async.py
[2025-01-30T00:01:26.336+0000] {processor.py:840} INFO - DAG(s) 'example_time_delta_sensor_async' retrieved from /home/airflow/.local/lib/python3.8/site-packages/airflow/example_dags/example_time_delta_sensor_async.py
[2025-01-30T00:01:26.422+0000] {logging_mixin.py:188} INFO - [2025-01-30T00:01:26.414+0000] {dag.py:3036} INFO - Sync 1 DAGs
[2025-01-30T00:01:26.481+0000] {logging_mixin.py:188} INFO - [2025-01-30T00:01:26.480+0000] {dag.py:3823} INFO - Setting next_dagrun for example_time_delta_sensor_async to None, run_after=None
[2025-01-30T00:01:26.554+0000] {processor.py:183} INFO - Processing /home/airflow/.local/lib/python3.8/site-packages/airflow/example_dags/example_time_delta_sensor_async.py took 0.256 seconds
[2025-01-30T00:01:56.746+0000] {processor.py:161} INFO - Started process (PID=3234) to work on /home/airflow/.local/lib/python3.8/site-packages/airflow/example_dags/example_time_delta_sensor_async.py
[2025-01-30T00:01:56.748+0000] {processor.py:830} INFO - Processing file /home/airflow/.local/lib/python3.8/site-packages/airflow/example_dags/example_time_delta_sensor_async.py for tasks to queue
[2025-01-30T00:01:56.751+0000] {logging_mixin.py:188} INFO - [2025-01-30T00:01:56.750+0000] {dagbag.py:538} INFO - Filling up the DagBag from /home/airflow/.local/lib/python3.8/site-packages/airflow/example_dags/example_time_delta_sensor_async.py
[2025-01-30T00:01:56.762+0000] {processor.py:840} INFO - DAG(s) 'example_time_delta_sensor_async' retrieved from /home/airflow/.local/lib/python3.8/site-packages/airflow/example_dags/example_time_delta_sensor_async.py
[2025-01-30T00:01:56.812+0000] {logging_mixin.py:188} INFO - [2025-01-30T00:01:56.811+0000] {dag.py:3036} INFO - Sync 1 DAGs
[2025-01-30T00:01:56.849+0000] {logging_mixin.py:188} INFO - [2025-01-30T00:01:56.848+0000] {dag.py:3823} INFO - Setting next_dagrun for example_time_delta_sensor_async to None, run_after=None
[2025-01-30T00:01:56.899+0000] {processor.py:183} INFO - Processing /home/airflow/.local/lib/python3.8/site-packages/airflow/example_dags/example_time_delta_sensor_async.py took 0.162 seconds
[2025-01-30T00:02:28.275+0000] {processor.py:161} INFO - Started process (PID=3290) to work on /home/airflow/.local/lib/python3.8/site-packages/airflow/example_dags/example_time_delta_sensor_async.py
[2025-01-30T00:02:28.279+0000] {processor.py:830} INFO - Processing file /home/airflow/.local/lib/python3.8/site-packages/airflow/example_dags/example_time_delta_sensor_async.py for tasks to queue
[2025-01-30T00:02:28.282+0000] {logging_mixin.py:188} INFO - [2025-01-30T00:02:28.281+0000] {dagbag.py:538} INFO - Filling up the DagBag from /home/airflow/.local/lib/python3.8/site-packages/airflow/example_dags/example_time_delta_sensor_async.py
[2025-01-30T00:02:28.309+0000] {processor.py:840} INFO - DAG(s) 'example_time_delta_sensor_async' retrieved from /home/airflow/.local/lib/python3.8/site-packages/airflow/example_dags/example_time_delta_sensor_async.py
[2025-01-30T00:02:28.410+0000] {logging_mixin.py:188} INFO - [2025-01-30T00:02:28.410+0000] {dag.py:3036} INFO - Sync 1 DAGs
[2025-01-30T00:02:28.490+0000] {logging_mixin.py:188} INFO - [2025-01-30T00:02:28.489+0000] {dag.py:3823} INFO - Setting next_dagrun for example_time_delta_sensor_async to None, run_after=None
[2025-01-30T00:02:28.568+0000] {processor.py:183} INFO - Processing /home/airflow/.local/lib/python3.8/site-packages/airflow/example_dags/example_time_delta_sensor_async.py took 0.306 seconds
[2025-01-30T00:02:58.752+0000] {processor.py:161} INFO - Started process (PID=3346) to work on /home/airflow/.local/lib/python3.8/site-packages/airflow/example_dags/example_time_delta_sensor_async.py
[2025-01-30T00:02:58.754+0000] {processor.py:830} INFO - Processing file /home/airflow/.local/lib/python3.8/site-packages/airflow/example_dags/example_time_delta_sensor_async.py for tasks to queue
[2025-01-30T00:02:58.761+0000] {logging_mixin.py:188} INFO - [2025-01-30T00:02:58.760+0000] {dagbag.py:538} INFO - Filling up the DagBag from /home/airflow/.local/lib/python3.8/site-packages/airflow/example_dags/example_time_delta_sensor_async.py
[2025-01-30T00:02:58.772+0000] {processor.py:840} INFO - DAG(s) 'example_time_delta_sensor_async' retrieved from /home/airflow/.local/lib/python3.8/site-packages/airflow/example_dags/example_time_delta_sensor_async.py
[2025-01-30T00:02:58.816+0000] {logging_mixin.py:188} INFO - [2025-01-30T00:02:58.815+0000] {dag.py:3036} INFO - Sync 1 DAGs
[2025-01-30T00:02:58.845+0000] {logging_mixin.py:188} INFO - [2025-01-30T00:02:58.844+0000] {dag.py:3823} INFO - Setting next_dagrun for example_time_delta_sensor_async to None, run_after=None
[2025-01-30T00:02:58.887+0000] {processor.py:183} INFO - Processing /home/airflow/.local/lib/python3.8/site-packages/airflow/example_dags/example_time_delta_sensor_async.py took 0.142 seconds
[2025-01-30T00:03:30.853+0000] {processor.py:161} INFO - Started process (PID=3402) to work on /home/airflow/.local/lib/python3.8/site-packages/airflow/example_dags/example_time_delta_sensor_async.py
[2025-01-30T00:03:30.856+0000] {processor.py:830} INFO - Processing file /home/airflow/.local/lib/python3.8/site-packages/airflow/example_dags/example_time_delta_sensor_async.py for tasks to queue
[2025-01-30T00:03:30.871+0000] {logging_mixin.py:188} INFO - [2025-01-30T00:03:30.870+0000] {dagbag.py:538} INFO - Filling up the DagBag from /home/airflow/.local/lib/python3.8/site-packages/airflow/example_dags/example_time_delta_sensor_async.py
[2025-01-30T00:03:30.895+0000] {processor.py:840} INFO - DAG(s) 'example_time_delta_sensor_async' retrieved from /home/airflow/.local/lib/python3.8/site-packages/airflow/example_dags/example_time_delta_sensor_async.py
[2025-01-30T00:03:30.991+0000] {logging_mixin.py:188} INFO - [2025-01-30T00:03:30.991+0000] {dag.py:3036} INFO - Sync 1 DAGs
[2025-01-30T00:03:31.041+0000] {logging_mixin.py:188} INFO - [2025-01-30T00:03:31.040+0000] {dag.py:3823} INFO - Setting next_dagrun for example_time_delta_sensor_async to None, run_after=None
[2025-01-30T00:03:31.115+0000] {processor.py:183} INFO - Processing /home/airflow/.local/lib/python3.8/site-packages/airflow/example_dags/example_time_delta_sensor_async.py took 0.284 seconds
[2025-01-30T00:04:01.215+0000] {processor.py:161} INFO - Started process (PID=3462) to work on /home/airflow/.local/lib/python3.8/site-packages/airflow/example_dags/example_time_delta_sensor_async.py
[2025-01-30T00:04:01.216+0000] {processor.py:830} INFO - Processing file /home/airflow/.local/lib/python3.8/site-packages/airflow/example_dags/example_time_delta_sensor_async.py for tasks to queue
[2025-01-30T00:04:01.218+0000] {logging_mixin.py:188} INFO - [2025-01-30T00:04:01.218+0000] {dagbag.py:538} INFO - Filling up the DagBag from /home/airflow/.local/lib/python3.8/site-packages/airflow/example_dags/example_time_delta_sensor_async.py
[2025-01-30T00:04:01.227+0000] {processor.py:840} INFO - DAG(s) 'example_time_delta_sensor_async' retrieved from /home/airflow/.local/lib/python3.8/site-packages/airflow/example_dags/example_time_delta_sensor_async.py
[2025-01-30T00:04:01.265+0000] {logging_mixin.py:188} INFO - [2025-01-30T00:04:01.264+0000] {dag.py:3036} INFO - Sync 1 DAGs
[2025-01-30T00:04:01.294+0000] {logging_mixin.py:188} INFO - [2025-01-30T00:04:01.293+0000] {dag.py:3823} INFO - Setting next_dagrun for example_time_delta_sensor_async to None, run_after=None
[2025-01-30T00:04:01.332+0000] {processor.py:183} INFO - Processing /home/airflow/.local/lib/python3.8/site-packages/airflow/example_dags/example_time_delta_sensor_async.py took 0.125 seconds
[2025-01-30T00:04:35.202+0000] {processor.py:161} INFO - Started process (PID=3518) to work on /home/airflow/.local/lib/python3.8/site-packages/airflow/example_dags/example_time_delta_sensor_async.py
[2025-01-30T00:04:35.215+0000] {processor.py:830} INFO - Processing file /home/airflow/.local/lib/python3.8/site-packages/airflow/example_dags/example_time_delta_sensor_async.py for tasks to queue
[2025-01-30T00:04:35.222+0000] {logging_mixin.py:188} INFO - [2025-01-30T00:04:35.221+0000] {dagbag.py:538} INFO - Filling up the DagBag from /home/airflow/.local/lib/python3.8/site-packages/airflow/example_dags/example_time_delta_sensor_async.py
[2025-01-30T00:04:35.244+0000] {processor.py:840} INFO - DAG(s) 'example_time_delta_sensor_async' retrieved from /home/airflow/.local/lib/python3.8/site-packages/airflow/example_dags/example_time_delta_sensor_async.py
[2025-01-30T00:04:35.361+0000] {logging_mixin.py:188} INFO - [2025-01-30T00:04:35.360+0000] {dag.py:3036} INFO - Sync 1 DAGs
[2025-01-30T00:04:35.420+0000] {logging_mixin.py:188} INFO - [2025-01-30T00:04:35.420+0000] {dag.py:3823} INFO - Setting next_dagrun for example_time_delta_sensor_async to None, run_after=None
[2025-01-30T00:04:35.515+0000] {processor.py:183} INFO - Processing /home/airflow/.local/lib/python3.8/site-packages/airflow/example_dags/example_time_delta_sensor_async.py took 0.324 seconds
[2025-01-30T00:05:08.661+0000] {processor.py:161} INFO - Started process (PID=3574) to work on /home/airflow/.local/lib/python3.8/site-packages/airflow/example_dags/example_time_delta_sensor_async.py
[2025-01-30T00:05:08.717+0000] {processor.py:830} INFO - Processing file /home/airflow/.local/lib/python3.8/site-packages/airflow/example_dags/example_time_delta_sensor_async.py for tasks to queue
[2025-01-30T00:05:08.721+0000] {logging_mixin.py:188} INFO - [2025-01-30T00:05:08.720+0000] {dagbag.py:538} INFO - Filling up the DagBag from /home/airflow/.local/lib/python3.8/site-packages/airflow/example_dags/example_time_delta_sensor_async.py
[2025-01-30T00:05:08.766+0000] {processor.py:840} INFO - DAG(s) 'example_time_delta_sensor_async' retrieved from /home/airflow/.local/lib/python3.8/site-packages/airflow/example_dags/example_time_delta_sensor_async.py
[2025-01-30T00:05:08.873+0000] {logging_mixin.py:188} INFO - [2025-01-30T00:05:08.872+0000] {dag.py:3036} INFO - Sync 1 DAGs
[2025-01-30T00:05:08.937+0000] {logging_mixin.py:188} INFO - [2025-01-30T00:05:08.936+0000] {dag.py:3823} INFO - Setting next_dagrun for example_time_delta_sensor_async to None, run_after=None
[2025-01-30T00:05:09.062+0000] {processor.py:183} INFO - Processing /home/airflow/.local/lib/python3.8/site-packages/airflow/example_dags/example_time_delta_sensor_async.py took 0.414 seconds
[2025-01-30T00:05:40.124+0000] {processor.py:161} INFO - Started process (PID=3631) to work on /home/airflow/.local/lib/python3.8/site-packages/airflow/example_dags/example_time_delta_sensor_async.py
[2025-01-30T00:05:40.128+0000] {processor.py:830} INFO - Processing file /home/airflow/.local/lib/python3.8/site-packages/airflow/example_dags/example_time_delta_sensor_async.py for tasks to queue
[2025-01-30T00:05:40.133+0000] {logging_mixin.py:188} INFO - [2025-01-30T00:05:40.132+0000] {dagbag.py:538} INFO - Filling up the DagBag from /home/airflow/.local/lib/python3.8/site-packages/airflow/example_dags/example_time_delta_sensor_async.py
[2025-01-30T00:05:40.151+0000] {processor.py:840} INFO - DAG(s) 'example_time_delta_sensor_async' retrieved from /home/airflow/.local/lib/python3.8/site-packages/airflow/example_dags/example_time_delta_sensor_async.py
[2025-01-30T00:05:40.202+0000] {logging_mixin.py:188} INFO - [2025-01-30T00:05:40.202+0000] {dag.py:3036} INFO - Sync 1 DAGs
[2025-01-30T00:05:40.246+0000] {logging_mixin.py:188} INFO - [2025-01-30T00:05:40.246+0000] {dag.py:3823} INFO - Setting next_dagrun for example_time_delta_sensor_async to None, run_after=None
[2025-01-30T00:05:40.300+0000] {processor.py:183} INFO - Processing /home/airflow/.local/lib/python3.8/site-packages/airflow/example_dags/example_time_delta_sensor_async.py took 0.193 seconds
[2025-01-30T00:06:10.601+0000] {processor.py:161} INFO - Started process (PID=3687) to work on /home/airflow/.local/lib/python3.8/site-packages/airflow/example_dags/example_time_delta_sensor_async.py
[2025-01-30T00:06:10.624+0000] {processor.py:830} INFO - Processing file /home/airflow/.local/lib/python3.8/site-packages/airflow/example_dags/example_time_delta_sensor_async.py for tasks to queue
[2025-01-30T00:06:10.630+0000] {logging_mixin.py:188} INFO - [2025-01-30T00:06:10.629+0000] {dagbag.py:538} INFO - Filling up the DagBag from /home/airflow/.local/lib/python3.8/site-packages/airflow/example_dags/example_time_delta_sensor_async.py
[2025-01-30T00:06:10.695+0000] {processor.py:840} INFO - DAG(s) 'example_time_delta_sensor_async' retrieved from /home/airflow/.local/lib/python3.8/site-packages/airflow/example_dags/example_time_delta_sensor_async.py
[2025-01-30T00:06:10.912+0000] {logging_mixin.py:188} INFO - [2025-01-30T00:06:10.911+0000] {dag.py:3036} INFO - Sync 1 DAGs
[2025-01-30T00:06:10.997+0000] {logging_mixin.py:188} INFO - [2025-01-30T00:06:10.995+0000] {dag.py:3823} INFO - Setting next_dagrun for example_time_delta_sensor_async to None, run_after=None
[2025-01-30T00:06:11.082+0000] {processor.py:183} INFO - Processing /home/airflow/.local/lib/python3.8/site-packages/airflow/example_dags/example_time_delta_sensor_async.py took 0.498 seconds
[2025-01-30T00:06:42.370+0000] {processor.py:161} INFO - Started process (PID=3743) to work on /home/airflow/.local/lib/python3.8/site-packages/airflow/example_dags/example_time_delta_sensor_async.py
[2025-01-30T00:06:42.373+0000] {processor.py:830} INFO - Processing file /home/airflow/.local/lib/python3.8/site-packages/airflow/example_dags/example_time_delta_sensor_async.py for tasks to queue
[2025-01-30T00:06:42.378+0000] {logging_mixin.py:188} INFO - [2025-01-30T00:06:42.377+0000] {dagbag.py:538} INFO - Filling up the DagBag from /home/airflow/.local/lib/python3.8/site-packages/airflow/example_dags/example_time_delta_sensor_async.py
[2025-01-30T00:06:42.397+0000] {processor.py:840} INFO - DAG(s) 'example_time_delta_sensor_async' retrieved from /home/airflow/.local/lib/python3.8/site-packages/airflow/example_dags/example_time_delta_sensor_async.py
[2025-01-30T00:06:42.496+0000] {logging_mixin.py:188} INFO - [2025-01-30T00:06:42.496+0000] {dag.py:3036} INFO - Sync 1 DAGs
[2025-01-30T00:06:42.542+0000] {logging_mixin.py:188} INFO - [2025-01-30T00:06:42.541+0000] {dag.py:3823} INFO - Setting next_dagrun for example_time_delta_sensor_async to None, run_after=None
[2025-01-30T00:06:42.614+0000] {processor.py:183} INFO - Processing /home/airflow/.local/lib/python3.8/site-packages/airflow/example_dags/example_time_delta_sensor_async.py took 0.264 seconds
[2025-01-30T00:07:13.504+0000] {processor.py:161} INFO - Started process (PID=3797) to work on /home/airflow/.local/lib/python3.8/site-packages/airflow/example_dags/example_time_delta_sensor_async.py
[2025-01-30T00:07:13.509+0000] {processor.py:830} INFO - Processing file /home/airflow/.local/lib/python3.8/site-packages/airflow/example_dags/example_time_delta_sensor_async.py for tasks to queue
[2025-01-30T00:07:13.515+0000] {logging_mixin.py:188} INFO - [2025-01-30T00:07:13.514+0000] {dagbag.py:538} INFO - Filling up the DagBag from /home/airflow/.local/lib/python3.8/site-packages/airflow/example_dags/example_time_delta_sensor_async.py
[2025-01-30T00:07:13.527+0000] {processor.py:840} INFO - DAG(s) 'example_time_delta_sensor_async' retrieved from /home/airflow/.local/lib/python3.8/site-packages/airflow/example_dags/example_time_delta_sensor_async.py
[2025-01-30T00:07:13.615+0000] {logging_mixin.py:188} INFO - [2025-01-30T00:07:13.611+0000] {dag.py:3036} INFO - Sync 1 DAGs
[2025-01-30T00:07:13.678+0000] {logging_mixin.py:188} INFO - [2025-01-30T00:07:13.678+0000] {dag.py:3823} INFO - Setting next_dagrun for example_time_delta_sensor_async to None, run_after=None
[2025-01-30T00:07:13.738+0000] {processor.py:183} INFO - Processing /home/airflow/.local/lib/python3.8/site-packages/airflow/example_dags/example_time_delta_sensor_async.py took 0.243 seconds
[2025-01-30T00:07:44.851+0000] {processor.py:161} INFO - Started process (PID=3853) to work on /home/airflow/.local/lib/python3.8/site-packages/airflow/example_dags/example_time_delta_sensor_async.py
[2025-01-30T00:07:44.854+0000] {processor.py:830} INFO - Processing file /home/airflow/.local/lib/python3.8/site-packages/airflow/example_dags/example_time_delta_sensor_async.py for tasks to queue
[2025-01-30T00:07:44.856+0000] {logging_mixin.py:188} INFO - [2025-01-30T00:07:44.856+0000] {dagbag.py:538} INFO - Filling up the DagBag from /home/airflow/.local/lib/python3.8/site-packages/airflow/example_dags/example_time_delta_sensor_async.py
[2025-01-30T00:07:44.872+0000] {processor.py:840} INFO - DAG(s) 'example_time_delta_sensor_async' retrieved from /home/airflow/.local/lib/python3.8/site-packages/airflow/example_dags/example_time_delta_sensor_async.py
[2025-01-30T00:07:44.923+0000] {logging_mixin.py:188} INFO - [2025-01-30T00:07:44.923+0000] {dag.py:3036} INFO - Sync 1 DAGs
[2025-01-30T00:07:44.968+0000] {logging_mixin.py:188} INFO - [2025-01-30T00:07:44.968+0000] {dag.py:3823} INFO - Setting next_dagrun for example_time_delta_sensor_async to None, run_after=None
[2025-01-30T00:07:45.021+0000] {processor.py:183} INFO - Processing /home/airflow/.local/lib/python3.8/site-packages/airflow/example_dags/example_time_delta_sensor_async.py took 0.180 seconds
[2025-01-30T00:08:16.608+0000] {processor.py:161} INFO - Started process (PID=3909) to work on /home/airflow/.local/lib/python3.8/site-packages/airflow/example_dags/example_time_delta_sensor_async.py
[2025-01-30T00:08:16.612+0000] {processor.py:830} INFO - Processing file /home/airflow/.local/lib/python3.8/site-packages/airflow/example_dags/example_time_delta_sensor_async.py for tasks to queue
[2025-01-30T00:08:16.615+0000] {logging_mixin.py:188} INFO - [2025-01-30T00:08:16.614+0000] {dagbag.py:538} INFO - Filling up the DagBag from /home/airflow/.local/lib/python3.8/site-packages/airflow/example_dags/example_time_delta_sensor_async.py
[2025-01-30T00:08:16.648+0000] {processor.py:840} INFO - DAG(s) 'example_time_delta_sensor_async' retrieved from /home/airflow/.local/lib/python3.8/site-packages/airflow/example_dags/example_time_delta_sensor_async.py
[2025-01-30T00:08:16.798+0000] {logging_mixin.py:188} INFO - [2025-01-30T00:08:16.796+0000] {dag.py:3036} INFO - Sync 1 DAGs
[2025-01-30T00:08:16.865+0000] {logging_mixin.py:188} INFO - [2025-01-30T00:08:16.865+0000] {dag.py:3823} INFO - Setting next_dagrun for example_time_delta_sensor_async to None, run_after=None
[2025-01-30T00:08:16.957+0000] {processor.py:183} INFO - Processing /home/airflow/.local/lib/python3.8/site-packages/airflow/example_dags/example_time_delta_sensor_async.py took 0.377 seconds
[2025-01-30T00:08:48.899+0000] {processor.py:161} INFO - Started process (PID=3965) to work on /home/airflow/.local/lib/python3.8/site-packages/airflow/example_dags/example_time_delta_sensor_async.py
[2025-01-30T00:08:48.928+0000] {processor.py:830} INFO - Processing file /home/airflow/.local/lib/python3.8/site-packages/airflow/example_dags/example_time_delta_sensor_async.py for tasks to queue
[2025-01-30T00:08:49.011+0000] {logging_mixin.py:188} INFO - [2025-01-30T00:08:49.010+0000] {dagbag.py:538} INFO - Filling up the DagBag from /home/airflow/.local/lib/python3.8/site-packages/airflow/example_dags/example_time_delta_sensor_async.py
[2025-01-30T00:08:49.066+0000] {processor.py:840} INFO - DAG(s) 'example_time_delta_sensor_async' retrieved from /home/airflow/.local/lib/python3.8/site-packages/airflow/example_dags/example_time_delta_sensor_async.py
[2025-01-30T00:08:49.189+0000] {logging_mixin.py:188} INFO - [2025-01-30T00:08:49.189+0000] {dag.py:3036} INFO - Sync 1 DAGs
[2025-01-30T00:08:49.323+0000] {logging_mixin.py:188} INFO - [2025-01-30T00:08:49.322+0000] {dag.py:3823} INFO - Setting next_dagrun for example_time_delta_sensor_async to None, run_after=None
[2025-01-30T00:08:49.616+0000] {processor.py:183} INFO - Processing /home/airflow/.local/lib/python3.8/site-packages/airflow/example_dags/example_time_delta_sensor_async.py took 0.737 seconds
[2025-01-30T00:09:22.653+0000] {processor.py:161} INFO - Started process (PID=4020) to work on /home/airflow/.local/lib/python3.8/site-packages/airflow/example_dags/example_time_delta_sensor_async.py
[2025-01-30T00:09:22.656+0000] {processor.py:830} INFO - Processing file /home/airflow/.local/lib/python3.8/site-packages/airflow/example_dags/example_time_delta_sensor_async.py for tasks to queue
[2025-01-30T00:09:22.658+0000] {logging_mixin.py:188} INFO - [2025-01-30T00:09:22.657+0000] {dagbag.py:538} INFO - Filling up the DagBag from /home/airflow/.local/lib/python3.8/site-packages/airflow/example_dags/example_time_delta_sensor_async.py
[2025-01-30T00:09:22.690+0000] {processor.py:840} INFO - DAG(s) 'example_time_delta_sensor_async' retrieved from /home/airflow/.local/lib/python3.8/site-packages/airflow/example_dags/example_time_delta_sensor_async.py
[2025-01-30T00:09:22.819+0000] {logging_mixin.py:188} INFO - [2025-01-30T00:09:22.818+0000] {dag.py:3036} INFO - Sync 1 DAGs
[2025-01-30T00:09:23.068+0000] {logging_mixin.py:188} INFO - [2025-01-30T00:09:23.067+0000] {dag.py:3823} INFO - Setting next_dagrun for example_time_delta_sensor_async to None, run_after=None
[2025-01-30T00:09:23.597+0000] {processor.py:183} INFO - Processing /home/airflow/.local/lib/python3.8/site-packages/airflow/example_dags/example_time_delta_sensor_async.py took 0.966 seconds
[2025-01-30T00:09:58.178+0000] {processor.py:161} INFO - Started process (PID=4077) to work on /home/airflow/.local/lib/python3.8/site-packages/airflow/example_dags/example_time_delta_sensor_async.py
[2025-01-30T00:09:58.200+0000] {processor.py:830} INFO - Processing file /home/airflow/.local/lib/python3.8/site-packages/airflow/example_dags/example_time_delta_sensor_async.py for tasks to queue
[2025-01-30T00:09:58.217+0000] {logging_mixin.py:188} INFO - [2025-01-30T00:09:58.216+0000] {dagbag.py:538} INFO - Filling up the DagBag from /home/airflow/.local/lib/python3.8/site-packages/airflow/example_dags/example_time_delta_sensor_async.py
[2025-01-30T00:09:58.306+0000] {processor.py:840} INFO - DAG(s) 'example_time_delta_sensor_async' retrieved from /home/airflow/.local/lib/python3.8/site-packages/airflow/example_dags/example_time_delta_sensor_async.py
[2025-01-30T00:09:58.540+0000] {logging_mixin.py:188} INFO - [2025-01-30T00:09:58.539+0000] {dag.py:3036} INFO - Sync 1 DAGs
[2025-01-30T00:09:58.627+0000] {logging_mixin.py:188} INFO - [2025-01-30T00:09:58.627+0000] {dag.py:3823} INFO - Setting next_dagrun for example_time_delta_sensor_async to None, run_after=None
[2025-01-30T00:09:58.744+0000] {processor.py:183} INFO - Processing /home/airflow/.local/lib/python3.8/site-packages/airflow/example_dags/example_time_delta_sensor_async.py took 0.586 seconds
[2025-01-30T00:10:29.340+0000] {processor.py:161} INFO - Started process (PID=4132) to work on /home/airflow/.local/lib/python3.8/site-packages/airflow/example_dags/example_time_delta_sensor_async.py
[2025-01-30T00:10:29.342+0000] {processor.py:830} INFO - Processing file /home/airflow/.local/lib/python3.8/site-packages/airflow/example_dags/example_time_delta_sensor_async.py for tasks to queue
[2025-01-30T00:10:29.344+0000] {logging_mixin.py:188} INFO - [2025-01-30T00:10:29.344+0000] {dagbag.py:538} INFO - Filling up the DagBag from /home/airflow/.local/lib/python3.8/site-packages/airflow/example_dags/example_time_delta_sensor_async.py
[2025-01-30T00:10:29.349+0000] {processor.py:840} INFO - DAG(s) 'example_time_delta_sensor_async' retrieved from /home/airflow/.local/lib/python3.8/site-packages/airflow/example_dags/example_time_delta_sensor_async.py
[2025-01-30T00:10:29.379+0000] {logging_mixin.py:188} INFO - [2025-01-30T00:10:29.379+0000] {dag.py:3036} INFO - Sync 1 DAGs
[2025-01-30T00:10:29.397+0000] {logging_mixin.py:188} INFO - [2025-01-30T00:10:29.396+0000] {dag.py:3823} INFO - Setting next_dagrun for example_time_delta_sensor_async to None, run_after=None
[2025-01-30T00:10:29.428+0000] {processor.py:183} INFO - Processing /home/airflow/.local/lib/python3.8/site-packages/airflow/example_dags/example_time_delta_sensor_async.py took 0.092 seconds
[2025-01-30T00:11:00.198+0000] {processor.py:161} INFO - Started process (PID=4189) to work on /home/airflow/.local/lib/python3.8/site-packages/airflow/example_dags/example_time_delta_sensor_async.py
[2025-01-30T00:11:00.200+0000] {processor.py:830} INFO - Processing file /home/airflow/.local/lib/python3.8/site-packages/airflow/example_dags/example_time_delta_sensor_async.py for tasks to queue
[2025-01-30T00:11:00.202+0000] {logging_mixin.py:188} INFO - [2025-01-30T00:11:00.202+0000] {dagbag.py:538} INFO - Filling up the DagBag from /home/airflow/.local/lib/python3.8/site-packages/airflow/example_dags/example_time_delta_sensor_async.py
[2025-01-30T00:11:00.216+0000] {processor.py:840} INFO - DAG(s) 'example_time_delta_sensor_async' retrieved from /home/airflow/.local/lib/python3.8/site-packages/airflow/example_dags/example_time_delta_sensor_async.py
[2025-01-30T00:11:00.259+0000] {logging_mixin.py:188} INFO - [2025-01-30T00:11:00.259+0000] {dag.py:3036} INFO - Sync 1 DAGs
[2025-01-30T00:11:00.296+0000] {logging_mixin.py:188} INFO - [2025-01-30T00:11:00.295+0000] {dag.py:3823} INFO - Setting next_dagrun for example_time_delta_sensor_async to None, run_after=None
[2025-01-30T00:11:00.352+0000] {processor.py:183} INFO - Processing /home/airflow/.local/lib/python3.8/site-packages/airflow/example_dags/example_time_delta_sensor_async.py took 0.161 seconds
[2025-01-30T00:11:30.777+0000] {processor.py:161} INFO - Started process (PID=4246) to work on /home/airflow/.local/lib/python3.8/site-packages/airflow/example_dags/example_time_delta_sensor_async.py
[2025-01-30T00:11:30.779+0000] {processor.py:830} INFO - Processing file /home/airflow/.local/lib/python3.8/site-packages/airflow/example_dags/example_time_delta_sensor_async.py for tasks to queue
[2025-01-30T00:11:30.781+0000] {logging_mixin.py:188} INFO - [2025-01-30T00:11:30.780+0000] {dagbag.py:538} INFO - Filling up the DagBag from /home/airflow/.local/lib/python3.8/site-packages/airflow/example_dags/example_time_delta_sensor_async.py
[2025-01-30T00:11:30.788+0000] {processor.py:840} INFO - DAG(s) 'example_time_delta_sensor_async' retrieved from /home/airflow/.local/lib/python3.8/site-packages/airflow/example_dags/example_time_delta_sensor_async.py
[2025-01-30T00:11:30.823+0000] {logging_mixin.py:188} INFO - [2025-01-30T00:11:30.823+0000] {dag.py:3036} INFO - Sync 1 DAGs
[2025-01-30T00:11:30.845+0000] {logging_mixin.py:188} INFO - [2025-01-30T00:11:30.844+0000] {dag.py:3823} INFO - Setting next_dagrun for example_time_delta_sensor_async to None, run_after=None
[2025-01-30T00:11:30.878+0000] {processor.py:183} INFO - Processing /home/airflow/.local/lib/python3.8/site-packages/airflow/example_dags/example_time_delta_sensor_async.py took 0.106 seconds
[2025-01-30T00:12:01.126+0000] {processor.py:161} INFO - Started process (PID=4303) to work on /home/airflow/.local/lib/python3.8/site-packages/airflow/example_dags/example_time_delta_sensor_async.py
[2025-01-30T00:12:01.141+0000] {processor.py:830} INFO - Processing file /home/airflow/.local/lib/python3.8/site-packages/airflow/example_dags/example_time_delta_sensor_async.py for tasks to queue
[2025-01-30T00:12:01.148+0000] {logging_mixin.py:188} INFO - [2025-01-30T00:12:01.147+0000] {dagbag.py:538} INFO - Filling up the DagBag from /home/airflow/.local/lib/python3.8/site-packages/airflow/example_dags/example_time_delta_sensor_async.py
[2025-01-30T00:12:01.172+0000] {processor.py:840} INFO - DAG(s) 'example_time_delta_sensor_async' retrieved from /home/airflow/.local/lib/python3.8/site-packages/airflow/example_dags/example_time_delta_sensor_async.py
[2025-01-30T00:12:01.316+0000] {logging_mixin.py:188} INFO - [2025-01-30T00:12:01.316+0000] {dag.py:3036} INFO - Sync 1 DAGs
[2025-01-30T00:12:01.512+0000] {logging_mixin.py:188} INFO - [2025-01-30T00:12:01.511+0000] {dag.py:3823} INFO - Setting next_dagrun for example_time_delta_sensor_async to None, run_after=None
[2025-01-30T00:12:02.060+0000] {processor.py:183} INFO - Processing /home/airflow/.local/lib/python3.8/site-packages/airflow/example_dags/example_time_delta_sensor_async.py took 0.942 seconds
[2025-01-30T00:12:33.252+0000] {processor.py:161} INFO - Started process (PID=4355) to work on /home/airflow/.local/lib/python3.8/site-packages/airflow/example_dags/example_time_delta_sensor_async.py
[2025-01-30T00:12:33.255+0000] {processor.py:830} INFO - Processing file /home/airflow/.local/lib/python3.8/site-packages/airflow/example_dags/example_time_delta_sensor_async.py for tasks to queue
[2025-01-30T00:12:33.259+0000] {logging_mixin.py:188} INFO - [2025-01-30T00:12:33.258+0000] {dagbag.py:538} INFO - Filling up the DagBag from /home/airflow/.local/lib/python3.8/site-packages/airflow/example_dags/example_time_delta_sensor_async.py
[2025-01-30T00:12:33.282+0000] {processor.py:840} INFO - DAG(s) 'example_time_delta_sensor_async' retrieved from /home/airflow/.local/lib/python3.8/site-packages/airflow/example_dags/example_time_delta_sensor_async.py
[2025-01-30T00:12:33.348+0000] {logging_mixin.py:188} INFO - [2025-01-30T00:12:33.348+0000] {dag.py:3036} INFO - Sync 1 DAGs
[2025-01-30T00:12:33.382+0000] {logging_mixin.py:188} INFO - [2025-01-30T00:12:33.381+0000] {dag.py:3823} INFO - Setting next_dagrun for example_time_delta_sensor_async to None, run_after=None
[2025-01-30T00:12:33.443+0000] {processor.py:183} INFO - Processing /home/airflow/.local/lib/python3.8/site-packages/airflow/example_dags/example_time_delta_sensor_async.py took 0.208 seconds
[2025-01-30T00:13:04.101+0000] {processor.py:161} INFO - Started process (PID=4411) to work on /home/airflow/.local/lib/python3.8/site-packages/airflow/example_dags/example_time_delta_sensor_async.py
[2025-01-30T00:13:04.103+0000] {processor.py:830} INFO - Processing file /home/airflow/.local/lib/python3.8/site-packages/airflow/example_dags/example_time_delta_sensor_async.py for tasks to queue
[2025-01-30T00:13:04.107+0000] {logging_mixin.py:188} INFO - [2025-01-30T00:13:04.107+0000] {dagbag.py:538} INFO - Filling up the DagBag from /home/airflow/.local/lib/python3.8/site-packages/airflow/example_dags/example_time_delta_sensor_async.py
[2025-01-30T00:13:04.116+0000] {processor.py:840} INFO - DAG(s) 'example_time_delta_sensor_async' retrieved from /home/airflow/.local/lib/python3.8/site-packages/airflow/example_dags/example_time_delta_sensor_async.py
[2025-01-30T00:13:04.169+0000] {logging_mixin.py:188} INFO - [2025-01-30T00:13:04.168+0000] {dag.py:3036} INFO - Sync 1 DAGs
[2025-01-30T00:13:04.208+0000] {logging_mixin.py:188} INFO - [2025-01-30T00:13:04.208+0000] {dag.py:3823} INFO - Setting next_dagrun for example_time_delta_sensor_async to None, run_after=None
[2025-01-30T00:13:04.257+0000] {processor.py:183} INFO - Processing /home/airflow/.local/lib/python3.8/site-packages/airflow/example_dags/example_time_delta_sensor_async.py took 0.164 seconds
[2025-01-30T00:13:36.022+0000] {processor.py:161} INFO - Started process (PID=4467) to work on /home/airflow/.local/lib/python3.8/site-packages/airflow/example_dags/example_time_delta_sensor_async.py
[2025-01-30T00:13:36.026+0000] {processor.py:830} INFO - Processing file /home/airflow/.local/lib/python3.8/site-packages/airflow/example_dags/example_time_delta_sensor_async.py for tasks to queue
[2025-01-30T00:13:36.034+0000] {logging_mixin.py:188} INFO - [2025-01-30T00:13:36.031+0000] {dagbag.py:538} INFO - Filling up the DagBag from /home/airflow/.local/lib/python3.8/site-packages/airflow/example_dags/example_time_delta_sensor_async.py
[2025-01-30T00:13:36.054+0000] {processor.py:840} INFO - DAG(s) 'example_time_delta_sensor_async' retrieved from /home/airflow/.local/lib/python3.8/site-packages/airflow/example_dags/example_time_delta_sensor_async.py
[2025-01-30T00:13:36.131+0000] {logging_mixin.py:188} INFO - [2025-01-30T00:13:36.130+0000] {dag.py:3036} INFO - Sync 1 DAGs
[2025-01-30T00:13:36.206+0000] {logging_mixin.py:188} INFO - [2025-01-30T00:13:36.206+0000] {dag.py:3823} INFO - Setting next_dagrun for example_time_delta_sensor_async to None, run_after=None
[2025-01-30T00:13:36.290+0000] {processor.py:183} INFO - Processing /home/airflow/.local/lib/python3.8/site-packages/airflow/example_dags/example_time_delta_sensor_async.py took 0.276 seconds
[2025-01-30T00:14:07.553+0000] {processor.py:161} INFO - Started process (PID=4529) to work on /home/airflow/.local/lib/python3.8/site-packages/airflow/example_dags/example_time_delta_sensor_async.py
[2025-01-30T00:14:07.556+0000] {processor.py:830} INFO - Processing file /home/airflow/.local/lib/python3.8/site-packages/airflow/example_dags/example_time_delta_sensor_async.py for tasks to queue
[2025-01-30T00:14:07.563+0000] {logging_mixin.py:188} INFO - [2025-01-30T00:14:07.557+0000] {dagbag.py:538} INFO - Filling up the DagBag from /home/airflow/.local/lib/python3.8/site-packages/airflow/example_dags/example_time_delta_sensor_async.py
[2025-01-30T00:14:07.577+0000] {processor.py:840} INFO - DAG(s) 'example_time_delta_sensor_async' retrieved from /home/airflow/.local/lib/python3.8/site-packages/airflow/example_dags/example_time_delta_sensor_async.py
[2025-01-30T00:14:07.645+0000] {logging_mixin.py:188} INFO - [2025-01-30T00:14:07.644+0000] {dag.py:3036} INFO - Sync 1 DAGs
[2025-01-30T00:14:07.687+0000] {logging_mixin.py:188} INFO - [2025-01-30T00:14:07.687+0000] {dag.py:3823} INFO - Setting next_dagrun for example_time_delta_sensor_async to None, run_after=None
[2025-01-30T00:14:07.786+0000] {processor.py:183} INFO - Processing /home/airflow/.local/lib/python3.8/site-packages/airflow/example_dags/example_time_delta_sensor_async.py took 0.252 seconds
[2025-01-30T00:14:37.873+0000] {processor.py:161} INFO - Started process (PID=4584) to work on /home/airflow/.local/lib/python3.8/site-packages/airflow/example_dags/example_time_delta_sensor_async.py
[2025-01-30T00:14:37.875+0000] {processor.py:830} INFO - Processing file /home/airflow/.local/lib/python3.8/site-packages/airflow/example_dags/example_time_delta_sensor_async.py for tasks to queue
[2025-01-30T00:14:37.878+0000] {logging_mixin.py:188} INFO - [2025-01-30T00:14:37.877+0000] {dagbag.py:538} INFO - Filling up the DagBag from /home/airflow/.local/lib/python3.8/site-packages/airflow/example_dags/example_time_delta_sensor_async.py
[2025-01-30T00:14:37.887+0000] {processor.py:840} INFO - DAG(s) 'example_time_delta_sensor_async' retrieved from /home/airflow/.local/lib/python3.8/site-packages/airflow/example_dags/example_time_delta_sensor_async.py
[2025-01-30T00:14:37.930+0000] {logging_mixin.py:188} INFO - [2025-01-30T00:14:37.930+0000] {dag.py:3036} INFO - Sync 1 DAGs
[2025-01-30T00:14:37.956+0000] {logging_mixin.py:188} INFO - [2025-01-30T00:14:37.956+0000] {dag.py:3823} INFO - Setting next_dagrun for example_time_delta_sensor_async to None, run_after=None
[2025-01-30T00:14:37.998+0000] {processor.py:183} INFO - Processing /home/airflow/.local/lib/python3.8/site-packages/airflow/example_dags/example_time_delta_sensor_async.py took 0.132 seconds
[2025-01-30T00:15:08.697+0000] {processor.py:161} INFO - Started process (PID=4640) to work on /home/airflow/.local/lib/python3.8/site-packages/airflow/example_dags/example_time_delta_sensor_async.py
[2025-01-30T00:15:08.700+0000] {processor.py:830} INFO - Processing file /home/airflow/.local/lib/python3.8/site-packages/airflow/example_dags/example_time_delta_sensor_async.py for tasks to queue
[2025-01-30T00:15:08.702+0000] {logging_mixin.py:188} INFO - [2025-01-30T00:15:08.702+0000] {dagbag.py:538} INFO - Filling up the DagBag from /home/airflow/.local/lib/python3.8/site-packages/airflow/example_dags/example_time_delta_sensor_async.py
[2025-01-30T00:15:08.717+0000] {processor.py:840} INFO - DAG(s) 'example_time_delta_sensor_async' retrieved from /home/airflow/.local/lib/python3.8/site-packages/airflow/example_dags/example_time_delta_sensor_async.py
[2025-01-30T00:15:08.754+0000] {logging_mixin.py:188} INFO - [2025-01-30T00:15:08.754+0000] {dag.py:3036} INFO - Sync 1 DAGs
[2025-01-30T00:15:08.783+0000] {logging_mixin.py:188} INFO - [2025-01-30T00:15:08.782+0000] {dag.py:3823} INFO - Setting next_dagrun for example_time_delta_sensor_async to None, run_after=None
[2025-01-30T00:15:08.827+0000] {processor.py:183} INFO - Processing /home/airflow/.local/lib/python3.8/site-packages/airflow/example_dags/example_time_delta_sensor_async.py took 0.141 seconds
[2025-01-30T00:15:40.743+0000] {processor.py:161} INFO - Started process (PID=4696) to work on /home/airflow/.local/lib/python3.8/site-packages/airflow/example_dags/example_time_delta_sensor_async.py
[2025-01-30T00:15:40.787+0000] {processor.py:830} INFO - Processing file /home/airflow/.local/lib/python3.8/site-packages/airflow/example_dags/example_time_delta_sensor_async.py for tasks to queue
[2025-01-30T00:15:40.802+0000] {logging_mixin.py:188} INFO - [2025-01-30T00:15:40.790+0000] {dagbag.py:538} INFO - Filling up the DagBag from /home/airflow/.local/lib/python3.8/site-packages/airflow/example_dags/example_time_delta_sensor_async.py
[2025-01-30T00:15:40.900+0000] {processor.py:840} INFO - DAG(s) 'example_time_delta_sensor_async' retrieved from /home/airflow/.local/lib/python3.8/site-packages/airflow/example_dags/example_time_delta_sensor_async.py
[2025-01-30T00:15:41.050+0000] {logging_mixin.py:188} INFO - [2025-01-30T00:15:41.049+0000] {dag.py:3036} INFO - Sync 1 DAGs
[2025-01-30T00:15:41.142+0000] {logging_mixin.py:188} INFO - [2025-01-30T00:15:41.141+0000] {dag.py:3823} INFO - Setting next_dagrun for example_time_delta_sensor_async to None, run_after=None
[2025-01-30T00:15:41.262+0000] {processor.py:183} INFO - Processing /home/airflow/.local/lib/python3.8/site-packages/airflow/example_dags/example_time_delta_sensor_async.py took 0.557 seconds
[2025-01-30T00:16:13.838+0000] {processor.py:161} INFO - Started process (PID=4752) to work on /home/airflow/.local/lib/python3.8/site-packages/airflow/example_dags/example_time_delta_sensor_async.py
[2025-01-30T00:16:13.875+0000] {processor.py:830} INFO - Processing file /home/airflow/.local/lib/python3.8/site-packages/airflow/example_dags/example_time_delta_sensor_async.py for tasks to queue
[2025-01-30T00:16:13.888+0000] {logging_mixin.py:188} INFO - [2025-01-30T00:16:13.887+0000] {dagbag.py:538} INFO - Filling up the DagBag from /home/airflow/.local/lib/python3.8/site-packages/airflow/example_dags/example_time_delta_sensor_async.py
[2025-01-30T00:16:13.927+0000] {processor.py:840} INFO - DAG(s) 'example_time_delta_sensor_async' retrieved from /home/airflow/.local/lib/python3.8/site-packages/airflow/example_dags/example_time_delta_sensor_async.py
[2025-01-30T00:16:14.075+0000] {logging_mixin.py:188} INFO - [2025-01-30T00:16:14.074+0000] {dag.py:3036} INFO - Sync 1 DAGs
[2025-01-30T00:16:14.178+0000] {logging_mixin.py:188} INFO - [2025-01-30T00:16:14.177+0000] {dag.py:3823} INFO - Setting next_dagrun for example_time_delta_sensor_async to None, run_after=None
[2025-01-30T00:16:14.307+0000] {processor.py:183} INFO - Processing /home/airflow/.local/lib/python3.8/site-packages/airflow/example_dags/example_time_delta_sensor_async.py took 0.487 seconds
[2025-01-30T00:16:45.315+0000] {processor.py:161} INFO - Started process (PID=4808) to work on /home/airflow/.local/lib/python3.8/site-packages/airflow/example_dags/example_time_delta_sensor_async.py
[2025-01-30T00:16:45.317+0000] {processor.py:830} INFO - Processing file /home/airflow/.local/lib/python3.8/site-packages/airflow/example_dags/example_time_delta_sensor_async.py for tasks to queue
[2025-01-30T00:16:45.318+0000] {logging_mixin.py:188} INFO - [2025-01-30T00:16:45.318+0000] {dagbag.py:538} INFO - Filling up the DagBag from /home/airflow/.local/lib/python3.8/site-packages/airflow/example_dags/example_time_delta_sensor_async.py
[2025-01-30T00:16:45.330+0000] {processor.py:840} INFO - DAG(s) 'example_time_delta_sensor_async' retrieved from /home/airflow/.local/lib/python3.8/site-packages/airflow/example_dags/example_time_delta_sensor_async.py
[2025-01-30T00:16:45.371+0000] {logging_mixin.py:188} INFO - [2025-01-30T00:16:45.370+0000] {dag.py:3036} INFO - Sync 1 DAGs
[2025-01-30T00:16:45.400+0000] {logging_mixin.py:188} INFO - [2025-01-30T00:16:45.399+0000] {dag.py:3823} INFO - Setting next_dagrun for example_time_delta_sensor_async to None, run_after=None
[2025-01-30T00:16:45.438+0000] {processor.py:183} INFO - Processing /home/airflow/.local/lib/python3.8/site-packages/airflow/example_dags/example_time_delta_sensor_async.py took 0.129 seconds
[2025-01-30T00:17:15.857+0000] {processor.py:161} INFO - Started process (PID=4863) to work on /home/airflow/.local/lib/python3.8/site-packages/airflow/example_dags/example_time_delta_sensor_async.py
[2025-01-30T00:17:15.867+0000] {processor.py:830} INFO - Processing file /home/airflow/.local/lib/python3.8/site-packages/airflow/example_dags/example_time_delta_sensor_async.py for tasks to queue
[2025-01-30T00:17:15.873+0000] {logging_mixin.py:188} INFO - [2025-01-30T00:17:15.871+0000] {dagbag.py:538} INFO - Filling up the DagBag from /home/airflow/.local/lib/python3.8/site-packages/airflow/example_dags/example_time_delta_sensor_async.py
[2025-01-30T00:17:15.898+0000] {processor.py:840} INFO - DAG(s) 'example_time_delta_sensor_async' retrieved from /home/airflow/.local/lib/python3.8/site-packages/airflow/example_dags/example_time_delta_sensor_async.py
[2025-01-30T00:17:15.948+0000] {logging_mixin.py:188} INFO - [2025-01-30T00:17:15.947+0000] {dag.py:3036} INFO - Sync 1 DAGs
[2025-01-30T00:17:15.980+0000] {logging_mixin.py:188} INFO - [2025-01-30T00:17:15.979+0000] {dag.py:3823} INFO - Setting next_dagrun for example_time_delta_sensor_async to None, run_after=None
[2025-01-30T00:17:16.027+0000] {processor.py:183} INFO - Processing /home/airflow/.local/lib/python3.8/site-packages/airflow/example_dags/example_time_delta_sensor_async.py took 0.185 seconds
[2025-01-30T00:17:46.283+0000] {processor.py:161} INFO - Started process (PID=4919) to work on /home/airflow/.local/lib/python3.8/site-packages/airflow/example_dags/example_time_delta_sensor_async.py
[2025-01-30T00:17:46.285+0000] {processor.py:830} INFO - Processing file /home/airflow/.local/lib/python3.8/site-packages/airflow/example_dags/example_time_delta_sensor_async.py for tasks to queue
[2025-01-30T00:17:46.290+0000] {logging_mixin.py:188} INFO - [2025-01-30T00:17:46.288+0000] {dagbag.py:538} INFO - Filling up the DagBag from /home/airflow/.local/lib/python3.8/site-packages/airflow/example_dags/example_time_delta_sensor_async.py
[2025-01-30T00:17:46.332+0000] {processor.py:840} INFO - DAG(s) 'example_time_delta_sensor_async' retrieved from /home/airflow/.local/lib/python3.8/site-packages/airflow/example_dags/example_time_delta_sensor_async.py
[2025-01-30T00:17:46.452+0000] {logging_mixin.py:188} INFO - [2025-01-30T00:17:46.451+0000] {dag.py:3036} INFO - Sync 1 DAGs
[2025-01-30T00:17:46.491+0000] {logging_mixin.py:188} INFO - [2025-01-30T00:17:46.490+0000] {dag.py:3823} INFO - Setting next_dagrun for example_time_delta_sensor_async to None, run_after=None
[2025-01-30T00:17:46.536+0000] {processor.py:183} INFO - Processing /home/airflow/.local/lib/python3.8/site-packages/airflow/example_dags/example_time_delta_sensor_async.py took 0.262 seconds
[2025-01-30T00:18:17.393+0000] {processor.py:161} INFO - Started process (PID=4974) to work on /home/airflow/.local/lib/python3.8/site-packages/airflow/example_dags/example_time_delta_sensor_async.py
[2025-01-30T00:18:17.394+0000] {processor.py:830} INFO - Processing file /home/airflow/.local/lib/python3.8/site-packages/airflow/example_dags/example_time_delta_sensor_async.py for tasks to queue
[2025-01-30T00:18:17.396+0000] {logging_mixin.py:188} INFO - [2025-01-30T00:18:17.395+0000] {dagbag.py:538} INFO - Filling up the DagBag from /home/airflow/.local/lib/python3.8/site-packages/airflow/example_dags/example_time_delta_sensor_async.py
[2025-01-30T00:18:17.406+0000] {processor.py:840} INFO - DAG(s) 'example_time_delta_sensor_async' retrieved from /home/airflow/.local/lib/python3.8/site-packages/airflow/example_dags/example_time_delta_sensor_async.py
[2025-01-30T00:18:17.442+0000] {logging_mixin.py:188} INFO - [2025-01-30T00:18:17.442+0000] {dag.py:3036} INFO - Sync 1 DAGs
[2025-01-30T00:18:17.467+0000] {logging_mixin.py:188} INFO - [2025-01-30T00:18:17.467+0000] {dag.py:3823} INFO - Setting next_dagrun for example_time_delta_sensor_async to None, run_after=None
[2025-01-30T00:18:17.504+0000] {processor.py:183} INFO - Processing /home/airflow/.local/lib/python3.8/site-packages/airflow/example_dags/example_time_delta_sensor_async.py took 0.116 seconds
[2025-01-30T00:18:47.876+0000] {processor.py:161} INFO - Started process (PID=5030) to work on /home/airflow/.local/lib/python3.8/site-packages/airflow/example_dags/example_time_delta_sensor_async.py
[2025-01-30T00:18:47.878+0000] {processor.py:830} INFO - Processing file /home/airflow/.local/lib/python3.8/site-packages/airflow/example_dags/example_time_delta_sensor_async.py for tasks to queue
[2025-01-30T00:18:47.880+0000] {logging_mixin.py:188} INFO - [2025-01-30T00:18:47.879+0000] {dagbag.py:538} INFO - Filling up the DagBag from /home/airflow/.local/lib/python3.8/site-packages/airflow/example_dags/example_time_delta_sensor_async.py
[2025-01-30T00:18:47.887+0000] {processor.py:840} INFO - DAG(s) 'example_time_delta_sensor_async' retrieved from /home/airflow/.local/lib/python3.8/site-packages/airflow/example_dags/example_time_delta_sensor_async.py
[2025-01-30T00:18:47.919+0000] {logging_mixin.py:188} INFO - [2025-01-30T00:18:47.919+0000] {dag.py:3036} INFO - Sync 1 DAGs
[2025-01-30T00:18:47.941+0000] {logging_mixin.py:188} INFO - [2025-01-30T00:18:47.941+0000] {dag.py:3823} INFO - Setting next_dagrun for example_time_delta_sensor_async to None, run_after=None
[2025-01-30T00:18:47.976+0000] {processor.py:183} INFO - Processing /home/airflow/.local/lib/python3.8/site-packages/airflow/example_dags/example_time_delta_sensor_async.py took 0.105 seconds
[2025-01-30T00:19:18.602+0000] {processor.py:161} INFO - Started process (PID=5086) to work on /home/airflow/.local/lib/python3.8/site-packages/airflow/example_dags/example_time_delta_sensor_async.py
[2025-01-30T00:19:18.604+0000] {processor.py:830} INFO - Processing file /home/airflow/.local/lib/python3.8/site-packages/airflow/example_dags/example_time_delta_sensor_async.py for tasks to queue
[2025-01-30T00:19:18.606+0000] {logging_mixin.py:188} INFO - [2025-01-30T00:19:18.606+0000] {dagbag.py:538} INFO - Filling up the DagBag from /home/airflow/.local/lib/python3.8/site-packages/airflow/example_dags/example_time_delta_sensor_async.py
[2025-01-30T00:19:18.616+0000] {processor.py:840} INFO - DAG(s) 'example_time_delta_sensor_async' retrieved from /home/airflow/.local/lib/python3.8/site-packages/airflow/example_dags/example_time_delta_sensor_async.py
[2025-01-30T00:19:18.652+0000] {logging_mixin.py:188} INFO - [2025-01-30T00:19:18.651+0000] {dag.py:3036} INFO - Sync 1 DAGs
[2025-01-30T00:19:18.674+0000] {logging_mixin.py:188} INFO - [2025-01-30T00:19:18.674+0000] {dag.py:3823} INFO - Setting next_dagrun for example_time_delta_sensor_async to None, run_after=None
[2025-01-30T00:19:18.723+0000] {processor.py:183} INFO - Processing /home/airflow/.local/lib/python3.8/site-packages/airflow/example_dags/example_time_delta_sensor_async.py took 0.130 seconds
[2025-01-30T00:19:49.770+0000] {processor.py:161} INFO - Started process (PID=5141) to work on /home/airflow/.local/lib/python3.8/site-packages/airflow/example_dags/example_time_delta_sensor_async.py
[2025-01-30T00:19:49.830+0000] {processor.py:830} INFO - Processing file /home/airflow/.local/lib/python3.8/site-packages/airflow/example_dags/example_time_delta_sensor_async.py for tasks to queue
[2025-01-30T00:19:49.849+0000] {logging_mixin.py:188} INFO - [2025-01-30T00:19:49.847+0000] {dagbag.py:538} INFO - Filling up the DagBag from /home/airflow/.local/lib/python3.8/site-packages/airflow/example_dags/example_time_delta_sensor_async.py
[2025-01-30T00:19:49.919+0000] {processor.py:840} INFO - DAG(s) 'example_time_delta_sensor_async' retrieved from /home/airflow/.local/lib/python3.8/site-packages/airflow/example_dags/example_time_delta_sensor_async.py
[2025-01-30T00:19:50.934+0000] {logging_mixin.py:188} INFO - [2025-01-30T00:19:50.933+0000] {dag.py:3036} INFO - Sync 1 DAGs
[2025-01-30T00:19:51.021+0000] {logging_mixin.py:188} INFO - [2025-01-30T00:19:51.020+0000] {dag.py:3823} INFO - Setting next_dagrun for example_time_delta_sensor_async to None, run_after=None
[2025-01-30T00:19:51.156+0000] {processor.py:183} INFO - Processing /home/airflow/.local/lib/python3.8/site-packages/airflow/example_dags/example_time_delta_sensor_async.py took 1.430 seconds
[2025-01-30T00:20:21.385+0000] {processor.py:161} INFO - Started process (PID=5197) to work on /home/airflow/.local/lib/python3.8/site-packages/airflow/example_dags/example_time_delta_sensor_async.py
[2025-01-30T00:20:21.387+0000] {processor.py:830} INFO - Processing file /home/airflow/.local/lib/python3.8/site-packages/airflow/example_dags/example_time_delta_sensor_async.py for tasks to queue
[2025-01-30T00:20:21.389+0000] {logging_mixin.py:188} INFO - [2025-01-30T00:20:21.388+0000] {dagbag.py:538} INFO - Filling up the DagBag from /home/airflow/.local/lib/python3.8/site-packages/airflow/example_dags/example_time_delta_sensor_async.py
[2025-01-30T00:20:21.400+0000] {processor.py:840} INFO - DAG(s) 'example_time_delta_sensor_async' retrieved from /home/airflow/.local/lib/python3.8/site-packages/airflow/example_dags/example_time_delta_sensor_async.py
[2025-01-30T00:20:21.442+0000] {logging_mixin.py:188} INFO - [2025-01-30T00:20:21.442+0000] {dag.py:3036} INFO - Sync 1 DAGs
[2025-01-30T00:20:21.472+0000] {logging_mixin.py:188} INFO - [2025-01-30T00:20:21.472+0000] {dag.py:3823} INFO - Setting next_dagrun for example_time_delta_sensor_async to None, run_after=None
[2025-01-30T00:20:21.512+0000] {processor.py:183} INFO - Processing /home/airflow/.local/lib/python3.8/site-packages/airflow/example_dags/example_time_delta_sensor_async.py took 0.133 seconds
[2025-01-30T00:20:52.301+0000] {processor.py:161} INFO - Started process (PID=5253) to work on /home/airflow/.local/lib/python3.8/site-packages/airflow/example_dags/example_time_delta_sensor_async.py
[2025-01-30T00:20:52.322+0000] {processor.py:830} INFO - Processing file /home/airflow/.local/lib/python3.8/site-packages/airflow/example_dags/example_time_delta_sensor_async.py for tasks to queue
[2025-01-30T00:20:52.325+0000] {logging_mixin.py:188} INFO - [2025-01-30T00:20:52.324+0000] {dagbag.py:538} INFO - Filling up the DagBag from /home/airflow/.local/lib/python3.8/site-packages/airflow/example_dags/example_time_delta_sensor_async.py
[2025-01-30T00:20:52.348+0000] {processor.py:840} INFO - DAG(s) 'example_time_delta_sensor_async' retrieved from /home/airflow/.local/lib/python3.8/site-packages/airflow/example_dags/example_time_delta_sensor_async.py
[2025-01-30T00:20:52.456+0000] {logging_mixin.py:188} INFO - [2025-01-30T00:20:52.456+0000] {dag.py:3036} INFO - Sync 1 DAGs
[2025-01-30T00:20:52.499+0000] {logging_mixin.py:188} INFO - [2025-01-30T00:20:52.498+0000] {dag.py:3823} INFO - Setting next_dagrun for example_time_delta_sensor_async to None, run_after=None
[2025-01-30T00:20:52.576+0000] {processor.py:183} INFO - Processing /home/airflow/.local/lib/python3.8/site-packages/airflow/example_dags/example_time_delta_sensor_async.py took 0.292 seconds
[2025-01-30T00:21:23.863+0000] {processor.py:161} INFO - Started process (PID=5309) to work on /home/airflow/.local/lib/python3.8/site-packages/airflow/example_dags/example_time_delta_sensor_async.py
[2025-01-30T00:21:23.876+0000] {processor.py:830} INFO - Processing file /home/airflow/.local/lib/python3.8/site-packages/airflow/example_dags/example_time_delta_sensor_async.py for tasks to queue
[2025-01-30T00:21:23.882+0000] {logging_mixin.py:188} INFO - [2025-01-30T00:21:23.881+0000] {dagbag.py:538} INFO - Filling up the DagBag from /home/airflow/.local/lib/python3.8/site-packages/airflow/example_dags/example_time_delta_sensor_async.py
[2025-01-30T00:21:23.930+0000] {processor.py:840} INFO - DAG(s) 'example_time_delta_sensor_async' retrieved from /home/airflow/.local/lib/python3.8/site-packages/airflow/example_dags/example_time_delta_sensor_async.py
[2025-01-30T00:21:24.126+0000] {logging_mixin.py:188} INFO - [2025-01-30T00:21:24.125+0000] {dag.py:3036} INFO - Sync 1 DAGs
[2025-01-30T00:21:24.232+0000] {logging_mixin.py:188} INFO - [2025-01-30T00:21:24.231+0000] {dag.py:3823} INFO - Setting next_dagrun for example_time_delta_sensor_async to None, run_after=None
[2025-01-30T00:21:24.359+0000] {processor.py:183} INFO - Processing /home/airflow/.local/lib/python3.8/site-packages/airflow/example_dags/example_time_delta_sensor_async.py took 0.529 seconds
[2025-01-30T00:22:00.878+0000] {processor.py:161} INFO - Started process (PID=5363) to work on /home/airflow/.local/lib/python3.8/site-packages/airflow/example_dags/example_time_delta_sensor_async.py
[2025-01-30T00:22:00.890+0000] {processor.py:830} INFO - Processing file /home/airflow/.local/lib/python3.8/site-packages/airflow/example_dags/example_time_delta_sensor_async.py for tasks to queue
[2025-01-30T00:22:00.893+0000] {logging_mixin.py:188} INFO - [2025-01-30T00:22:00.892+0000] {dagbag.py:538} INFO - Filling up the DagBag from /home/airflow/.local/lib/python3.8/site-packages/airflow/example_dags/example_time_delta_sensor_async.py
[2025-01-30T00:22:00.934+0000] {processor.py:840} INFO - DAG(s) 'example_time_delta_sensor_async' retrieved from /home/airflow/.local/lib/python3.8/site-packages/airflow/example_dags/example_time_delta_sensor_async.py
[2025-01-30T00:22:01.036+0000] {logging_mixin.py:188} INFO - [2025-01-30T00:22:01.029+0000] {dag.py:3036} INFO - Sync 1 DAGs
[2025-01-30T00:22:01.139+0000] {logging_mixin.py:188} INFO - [2025-01-30T00:22:01.138+0000] {dag.py:3823} INFO - Setting next_dagrun for example_time_delta_sensor_async to None, run_after=None
[2025-01-30T00:22:01.324+0000] {processor.py:183} INFO - Processing /home/airflow/.local/lib/python3.8/site-packages/airflow/example_dags/example_time_delta_sensor_async.py took 0.459 seconds
[2025-01-30T00:22:33.463+0000] {processor.py:161} INFO - Started process (PID=5419) to work on /home/airflow/.local/lib/python3.8/site-packages/airflow/example_dags/example_time_delta_sensor_async.py
[2025-01-30T00:22:33.466+0000] {processor.py:830} INFO - Processing file /home/airflow/.local/lib/python3.8/site-packages/airflow/example_dags/example_time_delta_sensor_async.py for tasks to queue
[2025-01-30T00:22:33.468+0000] {logging_mixin.py:188} INFO - [2025-01-30T00:22:33.467+0000] {dagbag.py:538} INFO - Filling up the DagBag from /home/airflow/.local/lib/python3.8/site-packages/airflow/example_dags/example_time_delta_sensor_async.py
[2025-01-30T00:22:33.489+0000] {processor.py:840} INFO - DAG(s) 'example_time_delta_sensor_async' retrieved from /home/airflow/.local/lib/python3.8/site-packages/airflow/example_dags/example_time_delta_sensor_async.py
[2025-01-30T00:22:33.597+0000] {logging_mixin.py:188} INFO - [2025-01-30T00:22:33.597+0000] {dag.py:3036} INFO - Sync 1 DAGs
[2025-01-30T00:22:33.666+0000] {logging_mixin.py:188} INFO - [2025-01-30T00:22:33.665+0000] {dag.py:3823} INFO - Setting next_dagrun for example_time_delta_sensor_async to None, run_after=None
[2025-01-30T00:22:33.750+0000] {processor.py:183} INFO - Processing /home/airflow/.local/lib/python3.8/site-packages/airflow/example_dags/example_time_delta_sensor_async.py took 0.300 seconds
[2025-01-30T00:23:05.643+0000] {processor.py:161} INFO - Started process (PID=5476) to work on /home/airflow/.local/lib/python3.8/site-packages/airflow/example_dags/example_time_delta_sensor_async.py
[2025-01-30T00:23:05.662+0000] {processor.py:830} INFO - Processing file /home/airflow/.local/lib/python3.8/site-packages/airflow/example_dags/example_time_delta_sensor_async.py for tasks to queue
[2025-01-30T00:23:05.664+0000] {logging_mixin.py:188} INFO - [2025-01-30T00:23:05.663+0000] {dagbag.py:538} INFO - Filling up the DagBag from /home/airflow/.local/lib/python3.8/site-packages/airflow/example_dags/example_time_delta_sensor_async.py
[2025-01-30T00:23:05.704+0000] {processor.py:840} INFO - DAG(s) 'example_time_delta_sensor_async' retrieved from /home/airflow/.local/lib/python3.8/site-packages/airflow/example_dags/example_time_delta_sensor_async.py
[2025-01-30T00:23:05.814+0000] {logging_mixin.py:188} INFO - [2025-01-30T00:23:05.813+0000] {dag.py:3036} INFO - Sync 1 DAGs
[2025-01-30T00:23:05.919+0000] {logging_mixin.py:188} INFO - [2025-01-30T00:23:05.918+0000] {dag.py:3823} INFO - Setting next_dagrun for example_time_delta_sensor_async to None, run_after=None
[2025-01-30T00:23:06.066+0000] {processor.py:183} INFO - Processing /home/airflow/.local/lib/python3.8/site-packages/airflow/example_dags/example_time_delta_sensor_async.py took 0.440 seconds
[2025-01-30T00:23:38.128+0000] {processor.py:161} INFO - Started process (PID=5531) to work on /home/airflow/.local/lib/python3.8/site-packages/airflow/example_dags/example_time_delta_sensor_async.py
[2025-01-30T00:23:38.139+0000] {processor.py:830} INFO - Processing file /home/airflow/.local/lib/python3.8/site-packages/airflow/example_dags/example_time_delta_sensor_async.py for tasks to queue
[2025-01-30T00:23:38.142+0000] {logging_mixin.py:188} INFO - [2025-01-30T00:23:38.141+0000] {dagbag.py:538} INFO - Filling up the DagBag from /home/airflow/.local/lib/python3.8/site-packages/airflow/example_dags/example_time_delta_sensor_async.py
[2025-01-30T00:23:38.183+0000] {processor.py:840} INFO - DAG(s) 'example_time_delta_sensor_async' retrieved from /home/airflow/.local/lib/python3.8/site-packages/airflow/example_dags/example_time_delta_sensor_async.py
[2025-01-30T00:23:38.287+0000] {logging_mixin.py:188} INFO - [2025-01-30T00:23:38.286+0000] {dag.py:3036} INFO - Sync 1 DAGs
[2025-01-30T00:23:38.369+0000] {logging_mixin.py:188} INFO - [2025-01-30T00:23:38.368+0000] {dag.py:3823} INFO - Setting next_dagrun for example_time_delta_sensor_async to None, run_after=None
[2025-01-30T00:23:38.476+0000] {processor.py:183} INFO - Processing /home/airflow/.local/lib/python3.8/site-packages/airflow/example_dags/example_time_delta_sensor_async.py took 0.354 seconds
[2025-01-30T00:24:09.464+0000] {processor.py:161} INFO - Started process (PID=5587) to work on /home/airflow/.local/lib/python3.8/site-packages/airflow/example_dags/example_time_delta_sensor_async.py
[2025-01-30T00:24:09.467+0000] {processor.py:830} INFO - Processing file /home/airflow/.local/lib/python3.8/site-packages/airflow/example_dags/example_time_delta_sensor_async.py for tasks to queue
[2025-01-30T00:24:09.470+0000] {logging_mixin.py:188} INFO - [2025-01-30T00:24:09.469+0000] {dagbag.py:538} INFO - Filling up the DagBag from /home/airflow/.local/lib/python3.8/site-packages/airflow/example_dags/example_time_delta_sensor_async.py
[2025-01-30T00:24:09.499+0000] {processor.py:840} INFO - DAG(s) 'example_time_delta_sensor_async' retrieved from /home/airflow/.local/lib/python3.8/site-packages/airflow/example_dags/example_time_delta_sensor_async.py
[2025-01-30T00:24:09.562+0000] {logging_mixin.py:188} INFO - [2025-01-30T00:24:09.561+0000] {dag.py:3036} INFO - Sync 1 DAGs
[2025-01-30T00:24:09.615+0000] {logging_mixin.py:188} INFO - [2025-01-30T00:24:09.614+0000] {dag.py:3823} INFO - Setting next_dagrun for example_time_delta_sensor_async to None, run_after=None
[2025-01-30T00:24:09.695+0000] {processor.py:183} INFO - Processing /home/airflow/.local/lib/python3.8/site-packages/airflow/example_dags/example_time_delta_sensor_async.py took 0.240 seconds
[2025-01-30T00:24:42.119+0000] {processor.py:161} INFO - Started process (PID=5643) to work on /home/airflow/.local/lib/python3.8/site-packages/airflow/example_dags/example_time_delta_sensor_async.py
[2025-01-30T00:24:42.127+0000] {processor.py:830} INFO - Processing file /home/airflow/.local/lib/python3.8/site-packages/airflow/example_dags/example_time_delta_sensor_async.py for tasks to queue
[2025-01-30T00:24:42.132+0000] {logging_mixin.py:188} INFO - [2025-01-30T00:24:42.131+0000] {dagbag.py:538} INFO - Filling up the DagBag from /home/airflow/.local/lib/python3.8/site-packages/airflow/example_dags/example_time_delta_sensor_async.py
[2025-01-30T00:24:42.151+0000] {processor.py:840} INFO - DAG(s) 'example_time_delta_sensor_async' retrieved from /home/airflow/.local/lib/python3.8/site-packages/airflow/example_dags/example_time_delta_sensor_async.py
[2025-01-30T00:24:42.360+0000] {logging_mixin.py:188} INFO - [2025-01-30T00:24:42.360+0000] {dag.py:3036} INFO - Sync 1 DAGs
[2025-01-30T00:24:42.589+0000] {logging_mixin.py:188} INFO - [2025-01-30T00:24:42.588+0000] {dag.py:3823} INFO - Setting next_dagrun for example_time_delta_sensor_async to None, run_after=None
[2025-01-30T00:24:42.701+0000] {processor.py:183} INFO - Processing /home/airflow/.local/lib/python3.8/site-packages/airflow/example_dags/example_time_delta_sensor_async.py took 0.605 seconds
[2025-01-30T00:25:12.948+0000] {processor.py:161} INFO - Started process (PID=5699) to work on /home/airflow/.local/lib/python3.8/site-packages/airflow/example_dags/example_time_delta_sensor_async.py
[2025-01-30T00:25:12.950+0000] {processor.py:830} INFO - Processing file /home/airflow/.local/lib/python3.8/site-packages/airflow/example_dags/example_time_delta_sensor_async.py for tasks to queue
[2025-01-30T00:25:12.951+0000] {logging_mixin.py:188} INFO - [2025-01-30T00:25:12.950+0000] {dagbag.py:538} INFO - Filling up the DagBag from /home/airflow/.local/lib/python3.8/site-packages/airflow/example_dags/example_time_delta_sensor_async.py
[2025-01-30T00:25:12.957+0000] {processor.py:840} INFO - DAG(s) 'example_time_delta_sensor_async' retrieved from /home/airflow/.local/lib/python3.8/site-packages/airflow/example_dags/example_time_delta_sensor_async.py
[2025-01-30T00:25:12.988+0000] {logging_mixin.py:188} INFO - [2025-01-30T00:25:12.988+0000] {dag.py:3036} INFO - Sync 1 DAGs
[2025-01-30T00:25:13.013+0000] {logging_mixin.py:188} INFO - [2025-01-30T00:25:13.013+0000] {dag.py:3823} INFO - Setting next_dagrun for example_time_delta_sensor_async to None, run_after=None
[2025-01-30T00:25:13.044+0000] {processor.py:183} INFO - Processing /home/airflow/.local/lib/python3.8/site-packages/airflow/example_dags/example_time_delta_sensor_async.py took 0.099 seconds
[2025-01-30T00:25:43.627+0000] {processor.py:161} INFO - Started process (PID=5755) to work on /home/airflow/.local/lib/python3.8/site-packages/airflow/example_dags/example_time_delta_sensor_async.py
[2025-01-30T00:25:43.628+0000] {processor.py:830} INFO - Processing file /home/airflow/.local/lib/python3.8/site-packages/airflow/example_dags/example_time_delta_sensor_async.py for tasks to queue
[2025-01-30T00:25:43.630+0000] {logging_mixin.py:188} INFO - [2025-01-30T00:25:43.629+0000] {dagbag.py:538} INFO - Filling up the DagBag from /home/airflow/.local/lib/python3.8/site-packages/airflow/example_dags/example_time_delta_sensor_async.py
[2025-01-30T00:25:43.635+0000] {processor.py:840} INFO - DAG(s) 'example_time_delta_sensor_async' retrieved from /home/airflow/.local/lib/python3.8/site-packages/airflow/example_dags/example_time_delta_sensor_async.py
[2025-01-30T00:25:43.662+0000] {logging_mixin.py:188} INFO - [2025-01-30T00:25:43.661+0000] {dag.py:3036} INFO - Sync 1 DAGs
[2025-01-30T00:25:43.680+0000] {logging_mixin.py:188} INFO - [2025-01-30T00:25:43.680+0000] {dag.py:3823} INFO - Setting next_dagrun for example_time_delta_sensor_async to None, run_after=None
[2025-01-30T00:25:43.721+0000] {processor.py:183} INFO - Processing /home/airflow/.local/lib/python3.8/site-packages/airflow/example_dags/example_time_delta_sensor_async.py took 0.098 seconds
[2025-01-30T00:26:15.645+0000] {processor.py:161} INFO - Started process (PID=5817) to work on /home/airflow/.local/lib/python3.8/site-packages/airflow/example_dags/example_time_delta_sensor_async.py
[2025-01-30T00:26:15.669+0000] {processor.py:830} INFO - Processing file /home/airflow/.local/lib/python3.8/site-packages/airflow/example_dags/example_time_delta_sensor_async.py for tasks to queue
[2025-01-30T00:26:15.693+0000] {logging_mixin.py:188} INFO - [2025-01-30T00:26:15.680+0000] {dagbag.py:538} INFO - Filling up the DagBag from /home/airflow/.local/lib/python3.8/site-packages/airflow/example_dags/example_time_delta_sensor_async.py
[2025-01-30T00:26:15.719+0000] {processor.py:840} INFO - DAG(s) 'example_time_delta_sensor_async' retrieved from /home/airflow/.local/lib/python3.8/site-packages/airflow/example_dags/example_time_delta_sensor_async.py
[2025-01-30T00:26:15.861+0000] {logging_mixin.py:188} INFO - [2025-01-30T00:26:15.860+0000] {dag.py:3036} INFO - Sync 1 DAGs
[2025-01-30T00:26:16.008+0000] {logging_mixin.py:188} INFO - [2025-01-30T00:26:16.007+0000] {dag.py:3823} INFO - Setting next_dagrun for example_time_delta_sensor_async to None, run_after=None
[2025-01-30T00:26:16.181+0000] {processor.py:183} INFO - Processing /home/airflow/.local/lib/python3.8/site-packages/airflow/example_dags/example_time_delta_sensor_async.py took 0.557 seconds
[2025-01-30T00:26:48.159+0000] {processor.py:161} INFO - Started process (PID=5872) to work on /home/airflow/.local/lib/python3.8/site-packages/airflow/example_dags/example_time_delta_sensor_async.py
[2025-01-30T00:26:48.182+0000] {processor.py:830} INFO - Processing file /home/airflow/.local/lib/python3.8/site-packages/airflow/example_dags/example_time_delta_sensor_async.py for tasks to queue
[2025-01-30T00:26:48.185+0000] {logging_mixin.py:188} INFO - [2025-01-30T00:26:48.184+0000] {dagbag.py:538} INFO - Filling up the DagBag from /home/airflow/.local/lib/python3.8/site-packages/airflow/example_dags/example_time_delta_sensor_async.py
[2025-01-30T00:26:48.204+0000] {processor.py:840} INFO - DAG(s) 'example_time_delta_sensor_async' retrieved from /home/airflow/.local/lib/python3.8/site-packages/airflow/example_dags/example_time_delta_sensor_async.py
[2025-01-30T00:26:48.324+0000] {logging_mixin.py:188} INFO - [2025-01-30T00:26:48.323+0000] {dag.py:3036} INFO - Sync 1 DAGs
[2025-01-30T00:26:48.399+0000] {logging_mixin.py:188} INFO - [2025-01-30T00:26:48.399+0000] {dag.py:3823} INFO - Setting next_dagrun for example_time_delta_sensor_async to None, run_after=None
[2025-01-30T00:26:48.483+0000] {processor.py:183} INFO - Processing /home/airflow/.local/lib/python3.8/site-packages/airflow/example_dags/example_time_delta_sensor_async.py took 0.344 seconds
[2025-01-30T00:27:18.584+0000] {processor.py:161} INFO - Started process (PID=5927) to work on /home/airflow/.local/lib/python3.8/site-packages/airflow/example_dags/example_time_delta_sensor_async.py
[2025-01-30T00:27:18.585+0000] {processor.py:830} INFO - Processing file /home/airflow/.local/lib/python3.8/site-packages/airflow/example_dags/example_time_delta_sensor_async.py for tasks to queue
[2025-01-30T00:27:18.587+0000] {logging_mixin.py:188} INFO - [2025-01-30T00:27:18.587+0000] {dagbag.py:538} INFO - Filling up the DagBag from /home/airflow/.local/lib/python3.8/site-packages/airflow/example_dags/example_time_delta_sensor_async.py
[2025-01-30T00:27:18.596+0000] {processor.py:840} INFO - DAG(s) 'example_time_delta_sensor_async' retrieved from /home/airflow/.local/lib/python3.8/site-packages/airflow/example_dags/example_time_delta_sensor_async.py
[2025-01-30T00:27:18.643+0000] {logging_mixin.py:188} INFO - [2025-01-30T00:27:18.642+0000] {dag.py:3036} INFO - Sync 1 DAGs
[2025-01-30T00:27:18.669+0000] {logging_mixin.py:188} INFO - [2025-01-30T00:27:18.669+0000] {dag.py:3823} INFO - Setting next_dagrun for example_time_delta_sensor_async to None, run_after=None
[2025-01-30T00:27:18.724+0000] {processor.py:183} INFO - Processing /home/airflow/.local/lib/python3.8/site-packages/airflow/example_dags/example_time_delta_sensor_async.py took 0.146 seconds
[2025-01-30T00:27:49.310+0000] {processor.py:161} INFO - Started process (PID=5983) to work on /home/airflow/.local/lib/python3.8/site-packages/airflow/example_dags/example_time_delta_sensor_async.py
[2025-01-30T00:27:49.312+0000] {processor.py:830} INFO - Processing file /home/airflow/.local/lib/python3.8/site-packages/airflow/example_dags/example_time_delta_sensor_async.py for tasks to queue
[2025-01-30T00:27:49.313+0000] {logging_mixin.py:188} INFO - [2025-01-30T00:27:49.313+0000] {dagbag.py:538} INFO - Filling up the DagBag from /home/airflow/.local/lib/python3.8/site-packages/airflow/example_dags/example_time_delta_sensor_async.py
[2025-01-30T00:27:49.320+0000] {processor.py:840} INFO - DAG(s) 'example_time_delta_sensor_async' retrieved from /home/airflow/.local/lib/python3.8/site-packages/airflow/example_dags/example_time_delta_sensor_async.py
[2025-01-30T00:27:49.351+0000] {logging_mixin.py:188} INFO - [2025-01-30T00:27:49.350+0000] {dag.py:3036} INFO - Sync 1 DAGs
[2025-01-30T00:27:49.371+0000] {logging_mixin.py:188} INFO - [2025-01-30T00:27:49.371+0000] {dag.py:3823} INFO - Setting next_dagrun for example_time_delta_sensor_async to None, run_after=None
[2025-01-30T00:27:49.404+0000] {processor.py:183} INFO - Processing /home/airflow/.local/lib/python3.8/site-packages/airflow/example_dags/example_time_delta_sensor_async.py took 0.097 seconds
[2025-01-30T00:28:19.512+0000] {processor.py:161} INFO - Started process (PID=6037) to work on /home/airflow/.local/lib/python3.8/site-packages/airflow/example_dags/example_time_delta_sensor_async.py
[2025-01-30T00:28:19.514+0000] {processor.py:830} INFO - Processing file /home/airflow/.local/lib/python3.8/site-packages/airflow/example_dags/example_time_delta_sensor_async.py for tasks to queue
[2025-01-30T00:28:19.515+0000] {logging_mixin.py:188} INFO - [2025-01-30T00:28:19.515+0000] {dagbag.py:538} INFO - Filling up the DagBag from /home/airflow/.local/lib/python3.8/site-packages/airflow/example_dags/example_time_delta_sensor_async.py
[2025-01-30T00:28:19.524+0000] {processor.py:840} INFO - DAG(s) 'example_time_delta_sensor_async' retrieved from /home/airflow/.local/lib/python3.8/site-packages/airflow/example_dags/example_time_delta_sensor_async.py
[2025-01-30T00:28:19.553+0000] {logging_mixin.py:188} INFO - [2025-01-30T00:28:19.552+0000] {dag.py:3036} INFO - Sync 1 DAGs
[2025-01-30T00:28:19.568+0000] {logging_mixin.py:188} INFO - [2025-01-30T00:28:19.567+0000] {dag.py:3823} INFO - Setting next_dagrun for example_time_delta_sensor_async to None, run_after=None
[2025-01-30T00:28:19.593+0000] {processor.py:183} INFO - Processing /home/airflow/.local/lib/python3.8/site-packages/airflow/example_dags/example_time_delta_sensor_async.py took 0.084 seconds
[2025-01-30T00:28:50.801+0000] {processor.py:161} INFO - Started process (PID=6093) to work on /home/airflow/.local/lib/python3.8/site-packages/airflow/example_dags/example_time_delta_sensor_async.py
[2025-01-30T00:28:50.815+0000] {processor.py:830} INFO - Processing file /home/airflow/.local/lib/python3.8/site-packages/airflow/example_dags/example_time_delta_sensor_async.py for tasks to queue
[2025-01-30T00:28:50.844+0000] {logging_mixin.py:188} INFO - [2025-01-30T00:28:50.844+0000] {dagbag.py:538} INFO - Filling up the DagBag from /home/airflow/.local/lib/python3.8/site-packages/airflow/example_dags/example_time_delta_sensor_async.py
[2025-01-30T00:28:50.911+0000] {processor.py:840} INFO - DAG(s) 'example_time_delta_sensor_async' retrieved from /home/airflow/.local/lib/python3.8/site-packages/airflow/example_dags/example_time_delta_sensor_async.py
[2025-01-30T00:28:51.065+0000] {logging_mixin.py:188} INFO - [2025-01-30T00:28:51.062+0000] {dag.py:3036} INFO - Sync 1 DAGs
[2025-01-30T00:28:51.217+0000] {logging_mixin.py:188} INFO - [2025-01-30T00:28:51.217+0000] {dag.py:3823} INFO - Setting next_dagrun for example_time_delta_sensor_async to None, run_after=None
[2025-01-30T00:28:51.435+0000] {processor.py:183} INFO - Processing /home/airflow/.local/lib/python3.8/site-packages/airflow/example_dags/example_time_delta_sensor_async.py took 0.655 seconds
[2025-01-30T00:29:23.982+0000] {processor.py:161} INFO - Started process (PID=6148) to work on /home/airflow/.local/lib/python3.8/site-packages/airflow/example_dags/example_time_delta_sensor_async.py
[2025-01-30T00:29:23.999+0000] {processor.py:830} INFO - Processing file /home/airflow/.local/lib/python3.8/site-packages/airflow/example_dags/example_time_delta_sensor_async.py for tasks to queue
[2025-01-30T00:29:24.016+0000] {logging_mixin.py:188} INFO - [2025-01-30T00:29:24.015+0000] {dagbag.py:538} INFO - Filling up the DagBag from /home/airflow/.local/lib/python3.8/site-packages/airflow/example_dags/example_time_delta_sensor_async.py
[2025-01-30T00:29:24.038+0000] {processor.py:840} INFO - DAG(s) 'example_time_delta_sensor_async' retrieved from /home/airflow/.local/lib/python3.8/site-packages/airflow/example_dags/example_time_delta_sensor_async.py
[2025-01-30T00:29:24.141+0000] {logging_mixin.py:188} INFO - [2025-01-30T00:29:24.140+0000] {dag.py:3036} INFO - Sync 1 DAGs
[2025-01-30T00:29:24.244+0000] {logging_mixin.py:188} INFO - [2025-01-30T00:29:24.244+0000] {dag.py:3823} INFO - Setting next_dagrun for example_time_delta_sensor_async to None, run_after=None
[2025-01-30T00:29:24.414+0000] {processor.py:183} INFO - Processing /home/airflow/.local/lib/python3.8/site-packages/airflow/example_dags/example_time_delta_sensor_async.py took 0.446 seconds
[2025-01-30T00:29:54.563+0000] {processor.py:161} INFO - Started process (PID=6203) to work on /home/airflow/.local/lib/python3.8/site-packages/airflow/example_dags/example_time_delta_sensor_async.py
[2025-01-30T00:29:54.567+0000] {processor.py:830} INFO - Processing file /home/airflow/.local/lib/python3.8/site-packages/airflow/example_dags/example_time_delta_sensor_async.py for tasks to queue
[2025-01-30T00:29:54.576+0000] {logging_mixin.py:188} INFO - [2025-01-30T00:29:54.574+0000] {dagbag.py:538} INFO - Filling up the DagBag from /home/airflow/.local/lib/python3.8/site-packages/airflow/example_dags/example_time_delta_sensor_async.py
[2025-01-30T00:29:54.591+0000] {processor.py:840} INFO - DAG(s) 'example_time_delta_sensor_async' retrieved from /home/airflow/.local/lib/python3.8/site-packages/airflow/example_dags/example_time_delta_sensor_async.py
[2025-01-30T00:29:54.656+0000] {logging_mixin.py:188} INFO - [2025-01-30T00:29:54.655+0000] {dag.py:3036} INFO - Sync 1 DAGs
[2025-01-30T00:29:54.695+0000] {logging_mixin.py:188} INFO - [2025-01-30T00:29:54.694+0000] {dag.py:3823} INFO - Setting next_dagrun for example_time_delta_sensor_async to None, run_after=None
[2025-01-30T00:29:54.749+0000] {processor.py:183} INFO - Processing /home/airflow/.local/lib/python3.8/site-packages/airflow/example_dags/example_time_delta_sensor_async.py took 0.198 seconds
[2025-01-30T00:30:26.428+0000] {processor.py:161} INFO - Started process (PID=6259) to work on /home/airflow/.local/lib/python3.8/site-packages/airflow/example_dags/example_time_delta_sensor_async.py
[2025-01-30T00:30:26.434+0000] {processor.py:830} INFO - Processing file /home/airflow/.local/lib/python3.8/site-packages/airflow/example_dags/example_time_delta_sensor_async.py for tasks to queue
[2025-01-30T00:30:26.437+0000] {logging_mixin.py:188} INFO - [2025-01-30T00:30:26.436+0000] {dagbag.py:538} INFO - Filling up the DagBag from /home/airflow/.local/lib/python3.8/site-packages/airflow/example_dags/example_time_delta_sensor_async.py
[2025-01-30T00:30:26.450+0000] {processor.py:840} INFO - DAG(s) 'example_time_delta_sensor_async' retrieved from /home/airflow/.local/lib/python3.8/site-packages/airflow/example_dags/example_time_delta_sensor_async.py
[2025-01-30T00:30:26.498+0000] {logging_mixin.py:188} INFO - [2025-01-30T00:30:26.498+0000] {dag.py:3036} INFO - Sync 1 DAGs
[2025-01-30T00:30:26.528+0000] {logging_mixin.py:188} INFO - [2025-01-30T00:30:26.528+0000] {dag.py:3823} INFO - Setting next_dagrun for example_time_delta_sensor_async to None, run_after=None
[2025-01-30T00:30:26.584+0000] {processor.py:183} INFO - Processing /home/airflow/.local/lib/python3.8/site-packages/airflow/example_dags/example_time_delta_sensor_async.py took 0.163 seconds
[2025-01-30T00:30:57.078+0000] {processor.py:161} INFO - Started process (PID=6315) to work on /home/airflow/.local/lib/python3.8/site-packages/airflow/example_dags/example_time_delta_sensor_async.py
[2025-01-30T00:30:57.080+0000] {processor.py:830} INFO - Processing file /home/airflow/.local/lib/python3.8/site-packages/airflow/example_dags/example_time_delta_sensor_async.py for tasks to queue
[2025-01-30T00:30:57.081+0000] {logging_mixin.py:188} INFO - [2025-01-30T00:30:57.081+0000] {dagbag.py:538} INFO - Filling up the DagBag from /home/airflow/.local/lib/python3.8/site-packages/airflow/example_dags/example_time_delta_sensor_async.py
[2025-01-30T00:30:57.093+0000] {processor.py:840} INFO - DAG(s) 'example_time_delta_sensor_async' retrieved from /home/airflow/.local/lib/python3.8/site-packages/airflow/example_dags/example_time_delta_sensor_async.py
[2025-01-30T00:30:57.140+0000] {logging_mixin.py:188} INFO - [2025-01-30T00:30:57.139+0000] {dag.py:3036} INFO - Sync 1 DAGs
[2025-01-30T00:30:57.173+0000] {logging_mixin.py:188} INFO - [2025-01-30T00:30:57.172+0000] {dag.py:3823} INFO - Setting next_dagrun for example_time_delta_sensor_async to None, run_after=None
[2025-01-30T00:30:57.217+0000] {processor.py:183} INFO - Processing /home/airflow/.local/lib/python3.8/site-packages/airflow/example_dags/example_time_delta_sensor_async.py took 0.147 seconds
[2025-01-30T00:31:31.143+0000] {processor.py:161} INFO - Started process (PID=6373) to work on /home/airflow/.local/lib/python3.8/site-packages/airflow/example_dags/example_time_delta_sensor_async.py
[2025-01-30T00:31:31.147+0000] {processor.py:830} INFO - Processing file /home/airflow/.local/lib/python3.8/site-packages/airflow/example_dags/example_time_delta_sensor_async.py for tasks to queue
[2025-01-30T00:31:31.167+0000] {logging_mixin.py:188} INFO - [2025-01-30T00:31:31.166+0000] {dagbag.py:538} INFO - Filling up the DagBag from /home/airflow/.local/lib/python3.8/site-packages/airflow/example_dags/example_time_delta_sensor_async.py
[2025-01-30T00:31:31.214+0000] {processor.py:840} INFO - DAG(s) 'example_time_delta_sensor_async' retrieved from /home/airflow/.local/lib/python3.8/site-packages/airflow/example_dags/example_time_delta_sensor_async.py
[2025-01-30T00:31:31.360+0000] {logging_mixin.py:188} INFO - [2025-01-30T00:31:31.360+0000] {dag.py:3036} INFO - Sync 1 DAGs
[2025-01-30T00:31:31.504+0000] {logging_mixin.py:188} INFO - [2025-01-30T00:31:31.502+0000] {dag.py:3823} INFO - Setting next_dagrun for example_time_delta_sensor_async to None, run_after=None
[2025-01-30T00:31:31.650+0000] {processor.py:183} INFO - Processing /home/airflow/.local/lib/python3.8/site-packages/airflow/example_dags/example_time_delta_sensor_async.py took 0.551 seconds
[2025-01-30T00:32:02.106+0000] {processor.py:161} INFO - Started process (PID=6427) to work on /home/airflow/.local/lib/python3.8/site-packages/airflow/example_dags/example_time_delta_sensor_async.py
[2025-01-30T00:32:02.114+0000] {processor.py:830} INFO - Processing file /home/airflow/.local/lib/python3.8/site-packages/airflow/example_dags/example_time_delta_sensor_async.py for tasks to queue
[2025-01-30T00:32:02.132+0000] {logging_mixin.py:188} INFO - [2025-01-30T00:32:02.131+0000] {dagbag.py:538} INFO - Filling up the DagBag from /home/airflow/.local/lib/python3.8/site-packages/airflow/example_dags/example_time_delta_sensor_async.py
[2025-01-30T00:32:02.187+0000] {processor.py:840} INFO - DAG(s) 'example_time_delta_sensor_async' retrieved from /home/airflow/.local/lib/python3.8/site-packages/airflow/example_dags/example_time_delta_sensor_async.py
[2025-01-30T00:32:02.304+0000] {logging_mixin.py:188} INFO - [2025-01-30T00:32:02.303+0000] {dag.py:3036} INFO - Sync 1 DAGs
[2025-01-30T00:32:02.346+0000] {logging_mixin.py:188} INFO - [2025-01-30T00:32:02.345+0000] {dag.py:3823} INFO - Setting next_dagrun for example_time_delta_sensor_async to None, run_after=None
[2025-01-30T00:32:02.403+0000] {processor.py:183} INFO - Processing /home/airflow/.local/lib/python3.8/site-packages/airflow/example_dags/example_time_delta_sensor_async.py took 0.337 seconds
[2025-01-30T00:32:33.052+0000] {processor.py:161} INFO - Started process (PID=6484) to work on /home/airflow/.local/lib/python3.8/site-packages/airflow/example_dags/example_time_delta_sensor_async.py
[2025-01-30T00:32:33.055+0000] {processor.py:830} INFO - Processing file /home/airflow/.local/lib/python3.8/site-packages/airflow/example_dags/example_time_delta_sensor_async.py for tasks to queue
[2025-01-30T00:32:33.057+0000] {logging_mixin.py:188} INFO - [2025-01-30T00:32:33.057+0000] {dagbag.py:538} INFO - Filling up the DagBag from /home/airflow/.local/lib/python3.8/site-packages/airflow/example_dags/example_time_delta_sensor_async.py
[2025-01-30T00:32:33.069+0000] {processor.py:840} INFO - DAG(s) 'example_time_delta_sensor_async' retrieved from /home/airflow/.local/lib/python3.8/site-packages/airflow/example_dags/example_time_delta_sensor_async.py
[2025-01-30T00:32:33.131+0000] {logging_mixin.py:188} INFO - [2025-01-30T00:32:33.126+0000] {dag.py:3036} INFO - Sync 1 DAGs
[2025-01-30T00:32:33.180+0000] {logging_mixin.py:188} INFO - [2025-01-30T00:32:33.179+0000] {dag.py:3823} INFO - Setting next_dagrun for example_time_delta_sensor_async to None, run_after=None
[2025-01-30T00:32:33.252+0000] {processor.py:183} INFO - Processing /home/airflow/.local/lib/python3.8/site-packages/airflow/example_dags/example_time_delta_sensor_async.py took 0.205 seconds
[2025-01-30T00:33:03.490+0000] {processor.py:161} INFO - Started process (PID=6539) to work on /home/airflow/.local/lib/python3.8/site-packages/airflow/example_dags/example_time_delta_sensor_async.py
[2025-01-30T00:33:03.493+0000] {processor.py:830} INFO - Processing file /home/airflow/.local/lib/python3.8/site-packages/airflow/example_dags/example_time_delta_sensor_async.py for tasks to queue
[2025-01-30T00:33:03.496+0000] {logging_mixin.py:188} INFO - [2025-01-30T00:33:03.495+0000] {dagbag.py:538} INFO - Filling up the DagBag from /home/airflow/.local/lib/python3.8/site-packages/airflow/example_dags/example_time_delta_sensor_async.py
[2025-01-30T00:33:03.514+0000] {processor.py:840} INFO - DAG(s) 'example_time_delta_sensor_async' retrieved from /home/airflow/.local/lib/python3.8/site-packages/airflow/example_dags/example_time_delta_sensor_async.py
[2025-01-30T00:33:03.581+0000] {logging_mixin.py:188} INFO - [2025-01-30T00:33:03.580+0000] {dag.py:3036} INFO - Sync 1 DAGs
[2025-01-30T00:33:03.618+0000] {logging_mixin.py:188} INFO - [2025-01-30T00:33:03.617+0000] {dag.py:3823} INFO - Setting next_dagrun for example_time_delta_sensor_async to None, run_after=None
[2025-01-30T00:33:03.688+0000] {processor.py:183} INFO - Processing /home/airflow/.local/lib/python3.8/site-packages/airflow/example_dags/example_time_delta_sensor_async.py took 0.212 seconds
[2025-01-30T00:33:35.247+0000] {processor.py:161} INFO - Started process (PID=6595) to work on /home/airflow/.local/lib/python3.8/site-packages/airflow/example_dags/example_time_delta_sensor_async.py
[2025-01-30T00:33:35.250+0000] {processor.py:830} INFO - Processing file /home/airflow/.local/lib/python3.8/site-packages/airflow/example_dags/example_time_delta_sensor_async.py for tasks to queue
[2025-01-30T00:33:35.256+0000] {logging_mixin.py:188} INFO - [2025-01-30T00:33:35.255+0000] {dagbag.py:538} INFO - Filling up the DagBag from /home/airflow/.local/lib/python3.8/site-packages/airflow/example_dags/example_time_delta_sensor_async.py
[2025-01-30T00:33:35.273+0000] {processor.py:840} INFO - DAG(s) 'example_time_delta_sensor_async' retrieved from /home/airflow/.local/lib/python3.8/site-packages/airflow/example_dags/example_time_delta_sensor_async.py
[2025-01-30T00:33:35.337+0000] {logging_mixin.py:188} INFO - [2025-01-30T00:33:35.334+0000] {dag.py:3036} INFO - Sync 1 DAGs
[2025-01-30T00:33:35.396+0000] {logging_mixin.py:188} INFO - [2025-01-30T00:33:35.395+0000] {dag.py:3823} INFO - Setting next_dagrun for example_time_delta_sensor_async to None, run_after=None
[2025-01-30T00:33:35.454+0000] {processor.py:183} INFO - Processing /home/airflow/.local/lib/python3.8/site-packages/airflow/example_dags/example_time_delta_sensor_async.py took 0.216 seconds
