[2025-01-30T00:00:10.738+0000] {processor.py:161} INFO - Started process (PID=3046) to work on /home/airflow/.local/lib/python3.8/site-packages/airflow/example_dags/example_branch_python_dop_operator_3.py
[2025-01-30T00:00:10.741+0000] {processor.py:830} INFO - Processing file /home/airflow/.local/lib/python3.8/site-packages/airflow/example_dags/example_branch_python_dop_operator_3.py for tasks to queue
[2025-01-30T00:00:10.744+0000] {logging_mixin.py:188} INFO - [2025-01-30T00:00:10.743+0000] {dagbag.py:538} INFO - Filling up the DagBag from /home/airflow/.local/lib/python3.8/site-packages/airflow/example_dags/example_branch_python_dop_operator_3.py
[2025-01-30T00:00:10.769+0000] {processor.py:840} INFO - DAG(s) 'example_branch_dop_operator_v3' retrieved from /home/airflow/.local/lib/python3.8/site-packages/airflow/example_dags/example_branch_python_dop_operator_3.py
[2025-01-30T00:00:10.824+0000] {logging_mixin.py:188} INFO - [2025-01-30T00:00:10.823+0000] {dag.py:3036} INFO - Sync 1 DAGs
[2025-01-30T00:00:10.907+0000] {logging_mixin.py:188} INFO - [2025-01-30T00:00:10.906+0000] {dag.py:3823} INFO - Setting next_dagrun for example_branch_dop_operator_v3 to 2025-01-29 23:59:00+00:00, run_after=2025-01-30 00:00:00+00:00
[2025-01-30T00:00:10.960+0000] {processor.py:183} INFO - Processing /home/airflow/.local/lib/python3.8/site-packages/airflow/example_dags/example_branch_python_dop_operator_3.py took 0.227 seconds
[2025-01-30T00:00:41.064+0000] {processor.py:161} INFO - Started process (PID=3102) to work on /home/airflow/.local/lib/python3.8/site-packages/airflow/example_dags/example_branch_python_dop_operator_3.py
[2025-01-30T00:00:41.067+0000] {processor.py:830} INFO - Processing file /home/airflow/.local/lib/python3.8/site-packages/airflow/example_dags/example_branch_python_dop_operator_3.py for tasks to queue
[2025-01-30T00:00:41.071+0000] {logging_mixin.py:188} INFO - [2025-01-30T00:00:41.070+0000] {dagbag.py:538} INFO - Filling up the DagBag from /home/airflow/.local/lib/python3.8/site-packages/airflow/example_dags/example_branch_python_dop_operator_3.py
[2025-01-30T00:00:41.097+0000] {processor.py:840} INFO - DAG(s) 'example_branch_dop_operator_v3' retrieved from /home/airflow/.local/lib/python3.8/site-packages/airflow/example_dags/example_branch_python_dop_operator_3.py
[2025-01-30T00:00:41.147+0000] {logging_mixin.py:188} INFO - [2025-01-30T00:00:41.145+0000] {dag.py:3036} INFO - Sync 1 DAGs
[2025-01-30T00:00:41.226+0000] {logging_mixin.py:188} INFO - [2025-01-30T00:00:41.225+0000] {dag.py:3823} INFO - Setting next_dagrun for example_branch_dop_operator_v3 to 2025-01-29 23:59:00+00:00, run_after=2025-01-30 00:00:00+00:00
[2025-01-30T00:00:41.277+0000] {processor.py:183} INFO - Processing /home/airflow/.local/lib/python3.8/site-packages/airflow/example_dags/example_branch_python_dop_operator_3.py took 0.220 seconds
[2025-01-30T00:01:15.054+0000] {processor.py:161} INFO - Started process (PID=3159) to work on /home/airflow/.local/lib/python3.8/site-packages/airflow/example_dags/example_branch_python_dop_operator_3.py
[2025-01-30T00:01:15.068+0000] {processor.py:830} INFO - Processing file /home/airflow/.local/lib/python3.8/site-packages/airflow/example_dags/example_branch_python_dop_operator_3.py for tasks to queue
[2025-01-30T00:01:15.071+0000] {logging_mixin.py:188} INFO - [2025-01-30T00:01:15.070+0000] {dagbag.py:538} INFO - Filling up the DagBag from /home/airflow/.local/lib/python3.8/site-packages/airflow/example_dags/example_branch_python_dop_operator_3.py
[2025-01-30T00:01:15.152+0000] {processor.py:840} INFO - DAG(s) 'example_branch_dop_operator_v3' retrieved from /home/airflow/.local/lib/python3.8/site-packages/airflow/example_dags/example_branch_python_dop_operator_3.py
[2025-01-30T00:01:15.299+0000] {logging_mixin.py:188} INFO - [2025-01-30T00:01:15.297+0000] {dag.py:3036} INFO - Sync 1 DAGs
[2025-01-30T00:01:15.432+0000] {logging_mixin.py:188} INFO - [2025-01-30T00:01:15.432+0000] {dag.py:3823} INFO - Setting next_dagrun for example_branch_dop_operator_v3 to 2025-01-30 00:00:00+00:00, run_after=2025-01-30 00:01:00+00:00
[2025-01-30T00:01:15.536+0000] {processor.py:183} INFO - Processing /home/airflow/.local/lib/python3.8/site-packages/airflow/example_dags/example_branch_python_dop_operator_3.py took 0.508 seconds
[2025-01-30T00:01:45.915+0000] {processor.py:161} INFO - Started process (PID=3214) to work on /home/airflow/.local/lib/python3.8/site-packages/airflow/example_dags/example_branch_python_dop_operator_3.py
[2025-01-30T00:01:45.917+0000] {processor.py:830} INFO - Processing file /home/airflow/.local/lib/python3.8/site-packages/airflow/example_dags/example_branch_python_dop_operator_3.py for tasks to queue
[2025-01-30T00:01:45.919+0000] {logging_mixin.py:188} INFO - [2025-01-30T00:01:45.918+0000] {dagbag.py:538} INFO - Filling up the DagBag from /home/airflow/.local/lib/python3.8/site-packages/airflow/example_dags/example_branch_python_dop_operator_3.py
[2025-01-30T00:01:45.937+0000] {processor.py:840} INFO - DAG(s) 'example_branch_dop_operator_v3' retrieved from /home/airflow/.local/lib/python3.8/site-packages/airflow/example_dags/example_branch_python_dop_operator_3.py
[2025-01-30T00:01:45.972+0000] {logging_mixin.py:188} INFO - [2025-01-30T00:01:45.971+0000] {dag.py:3036} INFO - Sync 1 DAGs
[2025-01-30T00:01:46.025+0000] {logging_mixin.py:188} INFO - [2025-01-30T00:01:46.025+0000] {dag.py:3823} INFO - Setting next_dagrun for example_branch_dop_operator_v3 to 2025-01-30 00:00:00+00:00, run_after=2025-01-30 00:01:00+00:00
[2025-01-30T00:01:46.059+0000] {processor.py:183} INFO - Processing /home/airflow/.local/lib/python3.8/site-packages/airflow/example_dags/example_branch_python_dop_operator_3.py took 0.148 seconds
[2025-01-30T00:02:16.253+0000] {processor.py:161} INFO - Started process (PID=3269) to work on /home/airflow/.local/lib/python3.8/site-packages/airflow/example_dags/example_branch_python_dop_operator_3.py
[2025-01-30T00:02:16.255+0000] {processor.py:830} INFO - Processing file /home/airflow/.local/lib/python3.8/site-packages/airflow/example_dags/example_branch_python_dop_operator_3.py for tasks to queue
[2025-01-30T00:02:16.258+0000] {logging_mixin.py:188} INFO - [2025-01-30T00:02:16.257+0000] {dagbag.py:538} INFO - Filling up the DagBag from /home/airflow/.local/lib/python3.8/site-packages/airflow/example_dags/example_branch_python_dop_operator_3.py
[2025-01-30T00:02:16.287+0000] {processor.py:840} INFO - DAG(s) 'example_branch_dop_operator_v3' retrieved from /home/airflow/.local/lib/python3.8/site-packages/airflow/example_dags/example_branch_python_dop_operator_3.py
[2025-01-30T00:02:16.353+0000] {logging_mixin.py:188} INFO - [2025-01-30T00:02:16.352+0000] {dag.py:3036} INFO - Sync 1 DAGs
[2025-01-30T00:02:16.475+0000] {logging_mixin.py:188} INFO - [2025-01-30T00:02:16.474+0000] {dag.py:3823} INFO - Setting next_dagrun for example_branch_dop_operator_v3 to 2025-01-30 00:01:00+00:00, run_after=2025-01-30 00:02:00+00:00
[2025-01-30T00:02:16.564+0000] {processor.py:183} INFO - Processing /home/airflow/.local/lib/python3.8/site-packages/airflow/example_dags/example_branch_python_dop_operator_3.py took 0.321 seconds
[2025-01-30T00:02:46.889+0000] {processor.py:161} INFO - Started process (PID=3325) to work on /home/airflow/.local/lib/python3.8/site-packages/airflow/example_dags/example_branch_python_dop_operator_3.py
[2025-01-30T00:02:46.890+0000] {processor.py:830} INFO - Processing file /home/airflow/.local/lib/python3.8/site-packages/airflow/example_dags/example_branch_python_dop_operator_3.py for tasks to queue
[2025-01-30T00:02:46.892+0000] {logging_mixin.py:188} INFO - [2025-01-30T00:02:46.891+0000] {dagbag.py:538} INFO - Filling up the DagBag from /home/airflow/.local/lib/python3.8/site-packages/airflow/example_dags/example_branch_python_dop_operator_3.py
[2025-01-30T00:02:46.909+0000] {processor.py:840} INFO - DAG(s) 'example_branch_dop_operator_v3' retrieved from /home/airflow/.local/lib/python3.8/site-packages/airflow/example_dags/example_branch_python_dop_operator_3.py
[2025-01-30T00:02:46.947+0000] {logging_mixin.py:188} INFO - [2025-01-30T00:02:46.947+0000] {dag.py:3036} INFO - Sync 1 DAGs
[2025-01-30T00:02:47.006+0000] {logging_mixin.py:188} INFO - [2025-01-30T00:02:47.006+0000] {dag.py:3823} INFO - Setting next_dagrun for example_branch_dop_operator_v3 to 2025-01-30 00:01:00+00:00, run_after=2025-01-30 00:02:00+00:00
[2025-01-30T00:02:47.051+0000] {processor.py:183} INFO - Processing /home/airflow/.local/lib/python3.8/site-packages/airflow/example_dags/example_branch_python_dop_operator_3.py took 0.168 seconds
[2025-01-30T00:03:18.758+0000] {processor.py:161} INFO - Started process (PID=3381) to work on /home/airflow/.local/lib/python3.8/site-packages/airflow/example_dags/example_branch_python_dop_operator_3.py
[2025-01-30T00:03:18.799+0000] {processor.py:830} INFO - Processing file /home/airflow/.local/lib/python3.8/site-packages/airflow/example_dags/example_branch_python_dop_operator_3.py for tasks to queue
[2025-01-30T00:03:18.817+0000] {logging_mixin.py:188} INFO - [2025-01-30T00:03:18.803+0000] {dagbag.py:538} INFO - Filling up the DagBag from /home/airflow/.local/lib/python3.8/site-packages/airflow/example_dags/example_branch_python_dop_operator_3.py
[2025-01-30T00:03:18.997+0000] {processor.py:840} INFO - DAG(s) 'example_branch_dop_operator_v3' retrieved from /home/airflow/.local/lib/python3.8/site-packages/airflow/example_dags/example_branch_python_dop_operator_3.py
[2025-01-30T00:03:19.248+0000] {logging_mixin.py:188} INFO - [2025-01-30T00:03:19.247+0000] {dag.py:3036} INFO - Sync 1 DAGs
[2025-01-30T00:03:19.860+0000] {logging_mixin.py:188} INFO - [2025-01-30T00:03:19.860+0000] {dag.py:3823} INFO - Setting next_dagrun for example_branch_dop_operator_v3 to 2025-01-30 00:02:00+00:00, run_after=2025-01-30 00:03:00+00:00
[2025-01-30T00:03:20.285+0000] {processor.py:183} INFO - Processing /home/airflow/.local/lib/python3.8/site-packages/airflow/example_dags/example_branch_python_dop_operator_3.py took 1.602 seconds
[2025-01-30T00:03:51.418+0000] {processor.py:161} INFO - Started process (PID=3436) to work on /home/airflow/.local/lib/python3.8/site-packages/airflow/example_dags/example_branch_python_dop_operator_3.py
[2025-01-30T00:03:51.420+0000] {processor.py:830} INFO - Processing file /home/airflow/.local/lib/python3.8/site-packages/airflow/example_dags/example_branch_python_dop_operator_3.py for tasks to queue
[2025-01-30T00:03:51.423+0000] {logging_mixin.py:188} INFO - [2025-01-30T00:03:51.422+0000] {dagbag.py:538} INFO - Filling up the DagBag from /home/airflow/.local/lib/python3.8/site-packages/airflow/example_dags/example_branch_python_dop_operator_3.py
[2025-01-30T00:03:51.445+0000] {processor.py:840} INFO - DAG(s) 'example_branch_dop_operator_v3' retrieved from /home/airflow/.local/lib/python3.8/site-packages/airflow/example_dags/example_branch_python_dop_operator_3.py
[2025-01-30T00:03:51.488+0000] {logging_mixin.py:188} INFO - [2025-01-30T00:03:51.488+0000] {dag.py:3036} INFO - Sync 1 DAGs
[2025-01-30T00:03:51.558+0000] {logging_mixin.py:188} INFO - [2025-01-30T00:03:51.558+0000] {dag.py:3823} INFO - Setting next_dagrun for example_branch_dop_operator_v3 to 2025-01-30 00:02:00+00:00, run_after=2025-01-30 00:03:00+00:00
[2025-01-30T00:03:51.614+0000] {processor.py:183} INFO - Processing /home/airflow/.local/lib/python3.8/site-packages/airflow/example_dags/example_branch_python_dop_operator_3.py took 0.202 seconds
[2025-01-30T00:04:22.082+0000] {processor.py:161} INFO - Started process (PID=3492) to work on /home/airflow/.local/lib/python3.8/site-packages/airflow/example_dags/example_branch_python_dop_operator_3.py
[2025-01-30T00:04:22.084+0000] {processor.py:830} INFO - Processing file /home/airflow/.local/lib/python3.8/site-packages/airflow/example_dags/example_branch_python_dop_operator_3.py for tasks to queue
[2025-01-30T00:04:22.086+0000] {logging_mixin.py:188} INFO - [2025-01-30T00:04:22.085+0000] {dagbag.py:538} INFO - Filling up the DagBag from /home/airflow/.local/lib/python3.8/site-packages/airflow/example_dags/example_branch_python_dop_operator_3.py
[2025-01-30T00:04:22.107+0000] {processor.py:840} INFO - DAG(s) 'example_branch_dop_operator_v3' retrieved from /home/airflow/.local/lib/python3.8/site-packages/airflow/example_dags/example_branch_python_dop_operator_3.py
[2025-01-30T00:04:22.148+0000] {logging_mixin.py:188} INFO - [2025-01-30T00:04:22.148+0000] {dag.py:3036} INFO - Sync 1 DAGs
[2025-01-30T00:04:22.198+0000] {logging_mixin.py:188} INFO - [2025-01-30T00:04:22.198+0000] {dag.py:3823} INFO - Setting next_dagrun for example_branch_dop_operator_v3 to 2025-01-30 00:03:00+00:00, run_after=2025-01-30 00:04:00+00:00
[2025-01-30T00:04:22.230+0000] {processor.py:183} INFO - Processing /home/airflow/.local/lib/python3.8/site-packages/airflow/example_dags/example_branch_python_dop_operator_3.py took 0.153 seconds
[2025-01-30T00:04:52.599+0000] {processor.py:161} INFO - Started process (PID=3547) to work on /home/airflow/.local/lib/python3.8/site-packages/airflow/example_dags/example_branch_python_dop_operator_3.py
[2025-01-30T00:04:52.600+0000] {processor.py:830} INFO - Processing file /home/airflow/.local/lib/python3.8/site-packages/airflow/example_dags/example_branch_python_dop_operator_3.py for tasks to queue
[2025-01-30T00:04:52.602+0000] {logging_mixin.py:188} INFO - [2025-01-30T00:04:52.601+0000] {dagbag.py:538} INFO - Filling up the DagBag from /home/airflow/.local/lib/python3.8/site-packages/airflow/example_dags/example_branch_python_dop_operator_3.py
[2025-01-30T00:04:52.624+0000] {processor.py:840} INFO - DAG(s) 'example_branch_dop_operator_v3' retrieved from /home/airflow/.local/lib/python3.8/site-packages/airflow/example_dags/example_branch_python_dop_operator_3.py
[2025-01-30T00:04:52.662+0000] {logging_mixin.py:188} INFO - [2025-01-30T00:04:52.662+0000] {dag.py:3036} INFO - Sync 1 DAGs
[2025-01-30T00:04:52.723+0000] {logging_mixin.py:188} INFO - [2025-01-30T00:04:52.722+0000] {dag.py:3823} INFO - Setting next_dagrun for example_branch_dop_operator_v3 to 2025-01-30 00:03:00+00:00, run_after=2025-01-30 00:04:00+00:00
[2025-01-30T00:04:52.765+0000] {processor.py:183} INFO - Processing /home/airflow/.local/lib/python3.8/site-packages/airflow/example_dags/example_branch_python_dop_operator_3.py took 0.171 seconds
[2025-01-30T00:05:23.697+0000] {processor.py:161} INFO - Started process (PID=3603) to work on /home/airflow/.local/lib/python3.8/site-packages/airflow/example_dags/example_branch_python_dop_operator_3.py
[2025-01-30T00:05:23.722+0000] {processor.py:830} INFO - Processing file /home/airflow/.local/lib/python3.8/site-packages/airflow/example_dags/example_branch_python_dop_operator_3.py for tasks to queue
[2025-01-30T00:05:23.746+0000] {logging_mixin.py:188} INFO - [2025-01-30T00:05:23.745+0000] {dagbag.py:538} INFO - Filling up the DagBag from /home/airflow/.local/lib/python3.8/site-packages/airflow/example_dags/example_branch_python_dop_operator_3.py
[2025-01-30T00:05:23.844+0000] {processor.py:840} INFO - DAG(s) 'example_branch_dop_operator_v3' retrieved from /home/airflow/.local/lib/python3.8/site-packages/airflow/example_dags/example_branch_python_dop_operator_3.py
[2025-01-30T00:05:23.995+0000] {logging_mixin.py:188} INFO - [2025-01-30T00:05:23.995+0000] {dag.py:3036} INFO - Sync 1 DAGs
[2025-01-30T00:05:24.279+0000] {logging_mixin.py:188} INFO - [2025-01-30T00:05:24.278+0000] {dag.py:3823} INFO - Setting next_dagrun for example_branch_dop_operator_v3 to 2025-01-30 00:04:00+00:00, run_after=2025-01-30 00:05:00+00:00
[2025-01-30T00:05:24.516+0000] {processor.py:183} INFO - Processing /home/airflow/.local/lib/python3.8/site-packages/airflow/example_dags/example_branch_python_dop_operator_3.py took 0.842 seconds
[2025-01-30T00:05:54.828+0000] {processor.py:161} INFO - Started process (PID=3660) to work on /home/airflow/.local/lib/python3.8/site-packages/airflow/example_dags/example_branch_python_dop_operator_3.py
[2025-01-30T00:05:54.838+0000] {processor.py:830} INFO - Processing file /home/airflow/.local/lib/python3.8/site-packages/airflow/example_dags/example_branch_python_dop_operator_3.py for tasks to queue
[2025-01-30T00:05:54.851+0000] {logging_mixin.py:188} INFO - [2025-01-30T00:05:54.850+0000] {dagbag.py:538} INFO - Filling up the DagBag from /home/airflow/.local/lib/python3.8/site-packages/airflow/example_dags/example_branch_python_dop_operator_3.py
[2025-01-30T00:05:54.896+0000] {processor.py:840} INFO - DAG(s) 'example_branch_dop_operator_v3' retrieved from /home/airflow/.local/lib/python3.8/site-packages/airflow/example_dags/example_branch_python_dop_operator_3.py
[2025-01-30T00:05:55.002+0000] {logging_mixin.py:188} INFO - [2025-01-30T00:05:55.001+0000] {dag.py:3036} INFO - Sync 1 DAGs
[2025-01-30T00:05:55.083+0000] {logging_mixin.py:188} INFO - [2025-01-30T00:05:55.083+0000] {dag.py:3823} INFO - Setting next_dagrun for example_branch_dop_operator_v3 to 2025-01-30 00:04:00+00:00, run_after=2025-01-30 00:05:00+00:00
[2025-01-30T00:05:55.129+0000] {processor.py:183} INFO - Processing /home/airflow/.local/lib/python3.8/site-packages/airflow/example_dags/example_branch_python_dop_operator_3.py took 0.309 seconds
[2025-01-30T00:06:26.091+0000] {processor.py:161} INFO - Started process (PID=3716) to work on /home/airflow/.local/lib/python3.8/site-packages/airflow/example_dags/example_branch_python_dop_operator_3.py
[2025-01-30T00:06:26.093+0000] {processor.py:830} INFO - Processing file /home/airflow/.local/lib/python3.8/site-packages/airflow/example_dags/example_branch_python_dop_operator_3.py for tasks to queue
[2025-01-30T00:06:26.097+0000] {logging_mixin.py:188} INFO - [2025-01-30T00:06:26.095+0000] {dagbag.py:538} INFO - Filling up the DagBag from /home/airflow/.local/lib/python3.8/site-packages/airflow/example_dags/example_branch_python_dop_operator_3.py
[2025-01-30T00:06:26.125+0000] {processor.py:840} INFO - DAG(s) 'example_branch_dop_operator_v3' retrieved from /home/airflow/.local/lib/python3.8/site-packages/airflow/example_dags/example_branch_python_dop_operator_3.py
[2025-01-30T00:06:26.188+0000] {logging_mixin.py:188} INFO - [2025-01-30T00:06:26.187+0000] {dag.py:3036} INFO - Sync 1 DAGs
[2025-01-30T00:06:26.266+0000] {logging_mixin.py:188} INFO - [2025-01-30T00:06:26.266+0000] {dag.py:3823} INFO - Setting next_dagrun for example_branch_dop_operator_v3 to 2025-01-30 00:05:00+00:00, run_after=2025-01-30 00:06:00+00:00
[2025-01-30T00:06:26.322+0000] {processor.py:183} INFO - Processing /home/airflow/.local/lib/python3.8/site-packages/airflow/example_dags/example_branch_python_dop_operator_3.py took 0.238 seconds
[2025-01-30T00:06:56.741+0000] {processor.py:161} INFO - Started process (PID=3772) to work on /home/airflow/.local/lib/python3.8/site-packages/airflow/example_dags/example_branch_python_dop_operator_3.py
[2025-01-30T00:06:56.743+0000] {processor.py:830} INFO - Processing file /home/airflow/.local/lib/python3.8/site-packages/airflow/example_dags/example_branch_python_dop_operator_3.py for tasks to queue
[2025-01-30T00:06:56.745+0000] {logging_mixin.py:188} INFO - [2025-01-30T00:06:56.744+0000] {dagbag.py:538} INFO - Filling up the DagBag from /home/airflow/.local/lib/python3.8/site-packages/airflow/example_dags/example_branch_python_dop_operator_3.py
[2025-01-30T00:06:56.765+0000] {processor.py:840} INFO - DAG(s) 'example_branch_dop_operator_v3' retrieved from /home/airflow/.local/lib/python3.8/site-packages/airflow/example_dags/example_branch_python_dop_operator_3.py
[2025-01-30T00:06:56.821+0000] {logging_mixin.py:188} INFO - [2025-01-30T00:06:56.820+0000] {dag.py:3036} INFO - Sync 1 DAGs
[2025-01-30T00:06:56.932+0000] {logging_mixin.py:188} INFO - [2025-01-30T00:06:56.931+0000] {dag.py:3823} INFO - Setting next_dagrun for example_branch_dop_operator_v3 to 2025-01-30 00:05:00+00:00, run_after=2025-01-30 00:06:00+00:00
[2025-01-30T00:06:56.990+0000] {processor.py:183} INFO - Processing /home/airflow/.local/lib/python3.8/site-packages/airflow/example_dags/example_branch_python_dop_operator_3.py took 0.256 seconds
[2025-01-30T00:07:27.596+0000] {processor.py:161} INFO - Started process (PID=3828) to work on /home/airflow/.local/lib/python3.8/site-packages/airflow/example_dags/example_branch_python_dop_operator_3.py
[2025-01-30T00:07:27.600+0000] {processor.py:830} INFO - Processing file /home/airflow/.local/lib/python3.8/site-packages/airflow/example_dags/example_branch_python_dop_operator_3.py for tasks to queue
[2025-01-30T00:07:27.614+0000] {logging_mixin.py:188} INFO - [2025-01-30T00:07:27.613+0000] {dagbag.py:538} INFO - Filling up the DagBag from /home/airflow/.local/lib/python3.8/site-packages/airflow/example_dags/example_branch_python_dop_operator_3.py
[2025-01-30T00:07:27.695+0000] {processor.py:840} INFO - DAG(s) 'example_branch_dop_operator_v3' retrieved from /home/airflow/.local/lib/python3.8/site-packages/airflow/example_dags/example_branch_python_dop_operator_3.py
[2025-01-30T00:07:27.940+0000] {logging_mixin.py:188} INFO - [2025-01-30T00:07:27.939+0000] {dag.py:3036} INFO - Sync 1 DAGs
[2025-01-30T00:07:28.152+0000] {logging_mixin.py:188} INFO - [2025-01-30T00:07:28.151+0000] {dag.py:3823} INFO - Setting next_dagrun for example_branch_dop_operator_v3 to 2025-01-30 00:06:00+00:00, run_after=2025-01-30 00:07:00+00:00
[2025-01-30T00:07:28.352+0000] {processor.py:183} INFO - Processing /home/airflow/.local/lib/python3.8/site-packages/airflow/example_dags/example_branch_python_dop_operator_3.py took 0.782 seconds
[2025-01-30T00:07:58.984+0000] {processor.py:161} INFO - Started process (PID=3884) to work on /home/airflow/.local/lib/python3.8/site-packages/airflow/example_dags/example_branch_python_dop_operator_3.py
[2025-01-30T00:07:58.987+0000] {processor.py:830} INFO - Processing file /home/airflow/.local/lib/python3.8/site-packages/airflow/example_dags/example_branch_python_dop_operator_3.py for tasks to queue
[2025-01-30T00:07:58.990+0000] {logging_mixin.py:188} INFO - [2025-01-30T00:07:58.989+0000] {dagbag.py:538} INFO - Filling up the DagBag from /home/airflow/.local/lib/python3.8/site-packages/airflow/example_dags/example_branch_python_dop_operator_3.py
[2025-01-30T00:07:59.011+0000] {processor.py:840} INFO - DAG(s) 'example_branch_dop_operator_v3' retrieved from /home/airflow/.local/lib/python3.8/site-packages/airflow/example_dags/example_branch_python_dop_operator_3.py
[2025-01-30T00:07:59.055+0000] {logging_mixin.py:188} INFO - [2025-01-30T00:07:59.054+0000] {dag.py:3036} INFO - Sync 1 DAGs
[2025-01-30T00:07:59.134+0000] {logging_mixin.py:188} INFO - [2025-01-30T00:07:59.133+0000] {dag.py:3823} INFO - Setting next_dagrun for example_branch_dop_operator_v3 to 2025-01-30 00:06:00+00:00, run_after=2025-01-30 00:07:00+00:00
[2025-01-30T00:07:59.182+0000] {processor.py:183} INFO - Processing /home/airflow/.local/lib/python3.8/site-packages/airflow/example_dags/example_branch_python_dop_operator_3.py took 0.204 seconds
[2025-01-30T00:08:29.432+0000] {processor.py:161} INFO - Started process (PID=3940) to work on /home/airflow/.local/lib/python3.8/site-packages/airflow/example_dags/example_branch_python_dop_operator_3.py
[2025-01-30T00:08:29.439+0000] {processor.py:830} INFO - Processing file /home/airflow/.local/lib/python3.8/site-packages/airflow/example_dags/example_branch_python_dop_operator_3.py for tasks to queue
[2025-01-30T00:08:29.444+0000] {logging_mixin.py:188} INFO - [2025-01-30T00:08:29.443+0000] {dagbag.py:538} INFO - Filling up the DagBag from /home/airflow/.local/lib/python3.8/site-packages/airflow/example_dags/example_branch_python_dop_operator_3.py
[2025-01-30T00:08:29.488+0000] {processor.py:840} INFO - DAG(s) 'example_branch_dop_operator_v3' retrieved from /home/airflow/.local/lib/python3.8/site-packages/airflow/example_dags/example_branch_python_dop_operator_3.py
[2025-01-30T00:08:29.612+0000] {logging_mixin.py:188} INFO - [2025-01-30T00:08:29.611+0000] {dag.py:3036} INFO - Sync 1 DAGs
[2025-01-30T00:08:29.753+0000] {logging_mixin.py:188} INFO - [2025-01-30T00:08:29.752+0000] {dag.py:3823} INFO - Setting next_dagrun for example_branch_dop_operator_v3 to 2025-01-30 00:07:00+00:00, run_after=2025-01-30 00:08:00+00:00
[2025-01-30T00:08:29.842+0000] {processor.py:183} INFO - Processing /home/airflow/.local/lib/python3.8/site-packages/airflow/example_dags/example_branch_python_dop_operator_3.py took 0.460 seconds
[2025-01-30T00:09:01.650+0000] {processor.py:161} INFO - Started process (PID=3996) to work on /home/airflow/.local/lib/python3.8/site-packages/airflow/example_dags/example_branch_python_dop_operator_3.py
[2025-01-30T00:09:01.669+0000] {processor.py:830} INFO - Processing file /home/airflow/.local/lib/python3.8/site-packages/airflow/example_dags/example_branch_python_dop_operator_3.py for tasks to queue
[2025-01-30T00:09:01.685+0000] {logging_mixin.py:188} INFO - [2025-01-30T00:09:01.683+0000] {dagbag.py:538} INFO - Filling up the DagBag from /home/airflow/.local/lib/python3.8/site-packages/airflow/example_dags/example_branch_python_dop_operator_3.py
[2025-01-30T00:09:01.794+0000] {processor.py:840} INFO - DAG(s) 'example_branch_dop_operator_v3' retrieved from /home/airflow/.local/lib/python3.8/site-packages/airflow/example_dags/example_branch_python_dop_operator_3.py
[2025-01-30T00:09:01.952+0000] {logging_mixin.py:188} INFO - [2025-01-30T00:09:01.942+0000] {dag.py:3036} INFO - Sync 1 DAGs
[2025-01-30T00:09:02.180+0000] {logging_mixin.py:188} INFO - [2025-01-30T00:09:02.179+0000] {dag.py:3823} INFO - Setting next_dagrun for example_branch_dop_operator_v3 to 2025-01-30 00:08:00+00:00, run_after=2025-01-30 00:09:00+00:00
[2025-01-30T00:09:02.309+0000] {processor.py:183} INFO - Processing /home/airflow/.local/lib/python3.8/site-packages/airflow/example_dags/example_branch_python_dop_operator_3.py took 0.691 seconds
[2025-01-30T00:09:44.370+0000] {processor.py:161} INFO - Started process (PID=4054) to work on /home/airflow/.local/lib/python3.8/site-packages/airflow/example_dags/example_branch_python_dop_operator_3.py
[2025-01-30T00:09:44.521+0000] {processor.py:830} INFO - Processing file /home/airflow/.local/lib/python3.8/site-packages/airflow/example_dags/example_branch_python_dop_operator_3.py for tasks to queue
[2025-01-30T00:09:44.528+0000] {logging_mixin.py:188} INFO - [2025-01-30T00:09:44.527+0000] {dagbag.py:538} INFO - Filling up the DagBag from /home/airflow/.local/lib/python3.8/site-packages/airflow/example_dags/example_branch_python_dop_operator_3.py
[2025-01-30T00:09:44.579+0000] {processor.py:840} INFO - DAG(s) 'example_branch_dop_operator_v3' retrieved from /home/airflow/.local/lib/python3.8/site-packages/airflow/example_dags/example_branch_python_dop_operator_3.py
[2025-01-30T00:09:44.729+0000] {logging_mixin.py:188} INFO - [2025-01-30T00:09:44.728+0000] {dag.py:3036} INFO - Sync 1 DAGs
[2025-01-30T00:09:45.104+0000] {logging_mixin.py:188} INFO - [2025-01-30T00:09:45.103+0000] {dag.py:3823} INFO - Setting next_dagrun for example_branch_dop_operator_v3 to 2025-01-30 00:08:00+00:00, run_after=2025-01-30 00:09:00+00:00
[2025-01-30T00:09:45.394+0000] {processor.py:183} INFO - Processing /home/airflow/.local/lib/python3.8/site-packages/airflow/example_dags/example_branch_python_dop_operator_3.py took 1.050 seconds
[2025-01-30T00:10:17.684+0000] {processor.py:161} INFO - Started process (PID=4110) to work on /home/airflow/.local/lib/python3.8/site-packages/airflow/example_dags/example_branch_python_dop_operator_3.py
[2025-01-30T00:10:17.715+0000] {processor.py:830} INFO - Processing file /home/airflow/.local/lib/python3.8/site-packages/airflow/example_dags/example_branch_python_dop_operator_3.py for tasks to queue
[2025-01-30T00:10:17.723+0000] {logging_mixin.py:188} INFO - [2025-01-30T00:10:17.722+0000] {dagbag.py:538} INFO - Filling up the DagBag from /home/airflow/.local/lib/python3.8/site-packages/airflow/example_dags/example_branch_python_dop_operator_3.py
[2025-01-30T00:10:17.766+0000] {processor.py:840} INFO - DAG(s) 'example_branch_dop_operator_v3' retrieved from /home/airflow/.local/lib/python3.8/site-packages/airflow/example_dags/example_branch_python_dop_operator_3.py
[2025-01-30T00:10:18.066+0000] {logging_mixin.py:188} INFO - [2025-01-30T00:10:18.064+0000] {dag.py:3036} INFO - Sync 1 DAGs
[2025-01-30T00:10:18.223+0000] {logging_mixin.py:188} INFO - [2025-01-30T00:10:18.223+0000] {dag.py:3823} INFO - Setting next_dagrun for example_branch_dop_operator_v3 to 2025-01-30 00:09:00+00:00, run_after=2025-01-30 00:10:00+00:00
[2025-01-30T00:10:18.330+0000] {processor.py:183} INFO - Processing /home/airflow/.local/lib/python3.8/site-packages/airflow/example_dags/example_branch_python_dop_operator_3.py took 0.678 seconds
[2025-01-30T00:10:48.786+0000] {processor.py:161} INFO - Started process (PID=4167) to work on /home/airflow/.local/lib/python3.8/site-packages/airflow/example_dags/example_branch_python_dop_operator_3.py
[2025-01-30T00:10:48.788+0000] {processor.py:830} INFO - Processing file /home/airflow/.local/lib/python3.8/site-packages/airflow/example_dags/example_branch_python_dop_operator_3.py for tasks to queue
[2025-01-30T00:10:48.789+0000] {logging_mixin.py:188} INFO - [2025-01-30T00:10:48.789+0000] {dagbag.py:538} INFO - Filling up the DagBag from /home/airflow/.local/lib/python3.8/site-packages/airflow/example_dags/example_branch_python_dop_operator_3.py
[2025-01-30T00:10:48.806+0000] {processor.py:840} INFO - DAG(s) 'example_branch_dop_operator_v3' retrieved from /home/airflow/.local/lib/python3.8/site-packages/airflow/example_dags/example_branch_python_dop_operator_3.py
[2025-01-30T00:10:48.837+0000] {logging_mixin.py:188} INFO - [2025-01-30T00:10:48.836+0000] {dag.py:3036} INFO - Sync 1 DAGs
[2025-01-30T00:10:48.882+0000] {logging_mixin.py:188} INFO - [2025-01-30T00:10:48.881+0000] {dag.py:3823} INFO - Setting next_dagrun for example_branch_dop_operator_v3 to 2025-01-30 00:09:00+00:00, run_after=2025-01-30 00:10:00+00:00
[2025-01-30T00:10:48.916+0000] {processor.py:183} INFO - Processing /home/airflow/.local/lib/python3.8/site-packages/airflow/example_dags/example_branch_python_dop_operator_3.py took 0.134 seconds
[2025-01-30T00:11:19.327+0000] {processor.py:161} INFO - Started process (PID=4224) to work on /home/airflow/.local/lib/python3.8/site-packages/airflow/example_dags/example_branch_python_dop_operator_3.py
[2025-01-30T00:11:19.329+0000] {processor.py:830} INFO - Processing file /home/airflow/.local/lib/python3.8/site-packages/airflow/example_dags/example_branch_python_dop_operator_3.py for tasks to queue
[2025-01-30T00:11:19.332+0000] {logging_mixin.py:188} INFO - [2025-01-30T00:11:19.331+0000] {dagbag.py:538} INFO - Filling up the DagBag from /home/airflow/.local/lib/python3.8/site-packages/airflow/example_dags/example_branch_python_dop_operator_3.py
[2025-01-30T00:11:19.351+0000] {processor.py:840} INFO - DAG(s) 'example_branch_dop_operator_v3' retrieved from /home/airflow/.local/lib/python3.8/site-packages/airflow/example_dags/example_branch_python_dop_operator_3.py
[2025-01-30T00:11:19.394+0000] {logging_mixin.py:188} INFO - [2025-01-30T00:11:19.393+0000] {dag.py:3036} INFO - Sync 1 DAGs
[2025-01-30T00:11:19.457+0000] {logging_mixin.py:188} INFO - [2025-01-30T00:11:19.457+0000] {dag.py:3823} INFO - Setting next_dagrun for example_branch_dop_operator_v3 to 2025-01-30 00:10:00+00:00, run_after=2025-01-30 00:11:00+00:00
[2025-01-30T00:11:19.532+0000] {processor.py:183} INFO - Processing /home/airflow/.local/lib/python3.8/site-packages/airflow/example_dags/example_branch_python_dop_operator_3.py took 0.212 seconds
[2025-01-30T00:11:50.093+0000] {processor.py:161} INFO - Started process (PID=4281) to work on /home/airflow/.local/lib/python3.8/site-packages/airflow/example_dags/example_branch_python_dop_operator_3.py
[2025-01-30T00:11:50.096+0000] {processor.py:830} INFO - Processing file /home/airflow/.local/lib/python3.8/site-packages/airflow/example_dags/example_branch_python_dop_operator_3.py for tasks to queue
[2025-01-30T00:11:50.099+0000] {logging_mixin.py:188} INFO - [2025-01-30T00:11:50.098+0000] {dagbag.py:538} INFO - Filling up the DagBag from /home/airflow/.local/lib/python3.8/site-packages/airflow/example_dags/example_branch_python_dop_operator_3.py
[2025-01-30T00:11:50.122+0000] {processor.py:840} INFO - DAG(s) 'example_branch_dop_operator_v3' retrieved from /home/airflow/.local/lib/python3.8/site-packages/airflow/example_dags/example_branch_python_dop_operator_3.py
[2025-01-30T00:11:50.182+0000] {logging_mixin.py:188} INFO - [2025-01-30T00:11:50.181+0000] {dag.py:3036} INFO - Sync 1 DAGs
[2025-01-30T00:11:50.284+0000] {logging_mixin.py:188} INFO - [2025-01-30T00:11:50.283+0000] {dag.py:3823} INFO - Setting next_dagrun for example_branch_dop_operator_v3 to 2025-01-30 00:10:00+00:00, run_after=2025-01-30 00:11:00+00:00
[2025-01-30T00:11:50.477+0000] {processor.py:183} INFO - Processing /home/airflow/.local/lib/python3.8/site-packages/airflow/example_dags/example_branch_python_dop_operator_3.py took 0.390 seconds
[2025-01-30T00:12:20.597+0000] {processor.py:161} INFO - Started process (PID=4335) to work on /home/airflow/.local/lib/python3.8/site-packages/airflow/example_dags/example_branch_python_dop_operator_3.py
[2025-01-30T00:12:20.609+0000] {processor.py:830} INFO - Processing file /home/airflow/.local/lib/python3.8/site-packages/airflow/example_dags/example_branch_python_dop_operator_3.py for tasks to queue
[2025-01-30T00:12:20.612+0000] {logging_mixin.py:188} INFO - [2025-01-30T00:12:20.611+0000] {dagbag.py:538} INFO - Filling up the DagBag from /home/airflow/.local/lib/python3.8/site-packages/airflow/example_dags/example_branch_python_dop_operator_3.py
[2025-01-30T00:12:20.656+0000] {processor.py:840} INFO - DAG(s) 'example_branch_dop_operator_v3' retrieved from /home/airflow/.local/lib/python3.8/site-packages/airflow/example_dags/example_branch_python_dop_operator_3.py
[2025-01-30T00:12:20.730+0000] {logging_mixin.py:188} INFO - [2025-01-30T00:12:20.729+0000] {dag.py:3036} INFO - Sync 1 DAGs
[2025-01-30T00:12:20.813+0000] {logging_mixin.py:188} INFO - [2025-01-30T00:12:20.812+0000] {dag.py:3823} INFO - Setting next_dagrun for example_branch_dop_operator_v3 to 2025-01-30 00:11:00+00:00, run_after=2025-01-30 00:12:00+00:00
[2025-01-30T00:12:20.921+0000] {processor.py:183} INFO - Processing /home/airflow/.local/lib/python3.8/site-packages/airflow/example_dags/example_branch_python_dop_operator_3.py took 0.335 seconds
[2025-01-30T00:12:51.159+0000] {processor.py:161} INFO - Started process (PID=4392) to work on /home/airflow/.local/lib/python3.8/site-packages/airflow/example_dags/example_branch_python_dop_operator_3.py
[2025-01-30T00:12:51.161+0000] {processor.py:830} INFO - Processing file /home/airflow/.local/lib/python3.8/site-packages/airflow/example_dags/example_branch_python_dop_operator_3.py for tasks to queue
[2025-01-30T00:12:51.164+0000] {logging_mixin.py:188} INFO - [2025-01-30T00:12:51.163+0000] {dagbag.py:538} INFO - Filling up the DagBag from /home/airflow/.local/lib/python3.8/site-packages/airflow/example_dags/example_branch_python_dop_operator_3.py
[2025-01-30T00:12:51.179+0000] {processor.py:840} INFO - DAG(s) 'example_branch_dop_operator_v3' retrieved from /home/airflow/.local/lib/python3.8/site-packages/airflow/example_dags/example_branch_python_dop_operator_3.py
[2025-01-30T00:12:51.210+0000] {logging_mixin.py:188} INFO - [2025-01-30T00:12:51.210+0000] {dag.py:3036} INFO - Sync 1 DAGs
[2025-01-30T00:12:51.257+0000] {logging_mixin.py:188} INFO - [2025-01-30T00:12:51.257+0000] {dag.py:3823} INFO - Setting next_dagrun for example_branch_dop_operator_v3 to 2025-01-30 00:11:00+00:00, run_after=2025-01-30 00:12:00+00:00
[2025-01-30T00:12:51.293+0000] {processor.py:183} INFO - Processing /home/airflow/.local/lib/python3.8/site-packages/airflow/example_dags/example_branch_python_dop_operator_3.py took 0.138 seconds
[2025-01-30T00:13:21.383+0000] {processor.py:161} INFO - Started process (PID=4448) to work on /home/airflow/.local/lib/python3.8/site-packages/airflow/example_dags/example_branch_python_dop_operator_3.py
[2025-01-30T00:13:21.385+0000] {processor.py:830} INFO - Processing file /home/airflow/.local/lib/python3.8/site-packages/airflow/example_dags/example_branch_python_dop_operator_3.py for tasks to queue
[2025-01-30T00:13:21.387+0000] {logging_mixin.py:188} INFO - [2025-01-30T00:13:21.386+0000] {dagbag.py:538} INFO - Filling up the DagBag from /home/airflow/.local/lib/python3.8/site-packages/airflow/example_dags/example_branch_python_dop_operator_3.py
[2025-01-30T00:13:21.405+0000] {processor.py:840} INFO - DAG(s) 'example_branch_dop_operator_v3' retrieved from /home/airflow/.local/lib/python3.8/site-packages/airflow/example_dags/example_branch_python_dop_operator_3.py
[2025-01-30T00:13:21.455+0000] {logging_mixin.py:188} INFO - [2025-01-30T00:13:21.454+0000] {dag.py:3036} INFO - Sync 1 DAGs
[2025-01-30T00:13:21.512+0000] {logging_mixin.py:188} INFO - [2025-01-30T00:13:21.512+0000] {dag.py:3823} INFO - Setting next_dagrun for example_branch_dop_operator_v3 to 2025-01-30 00:12:00+00:00, run_after=2025-01-30 00:13:00+00:00
[2025-01-30T00:13:21.550+0000] {processor.py:183} INFO - Processing /home/airflow/.local/lib/python3.8/site-packages/airflow/example_dags/example_branch_python_dop_operator_3.py took 0.174 seconds
[2025-01-30T00:13:52.391+0000] {processor.py:161} INFO - Started process (PID=4504) to work on /home/airflow/.local/lib/python3.8/site-packages/airflow/example_dags/example_branch_python_dop_operator_3.py
[2025-01-30T00:13:52.392+0000] {processor.py:830} INFO - Processing file /home/airflow/.local/lib/python3.8/site-packages/airflow/example_dags/example_branch_python_dop_operator_3.py for tasks to queue
[2025-01-30T00:13:52.394+0000] {logging_mixin.py:188} INFO - [2025-01-30T00:13:52.394+0000] {dagbag.py:538} INFO - Filling up the DagBag from /home/airflow/.local/lib/python3.8/site-packages/airflow/example_dags/example_branch_python_dop_operator_3.py
[2025-01-30T00:13:52.407+0000] {processor.py:840} INFO - DAG(s) 'example_branch_dop_operator_v3' retrieved from /home/airflow/.local/lib/python3.8/site-packages/airflow/example_dags/example_branch_python_dop_operator_3.py
[2025-01-30T00:13:52.437+0000] {logging_mixin.py:188} INFO - [2025-01-30T00:13:52.436+0000] {dag.py:3036} INFO - Sync 1 DAGs
[2025-01-30T00:13:52.473+0000] {logging_mixin.py:188} INFO - [2025-01-30T00:13:52.473+0000] {dag.py:3823} INFO - Setting next_dagrun for example_branch_dop_operator_v3 to 2025-01-30 00:12:00+00:00, run_after=2025-01-30 00:13:00+00:00
[2025-01-30T00:13:52.511+0000] {processor.py:183} INFO - Processing /home/airflow/.local/lib/python3.8/site-packages/airflow/example_dags/example_branch_python_dop_operator_3.py took 0.124 seconds
[2025-01-30T00:14:23.298+0000] {processor.py:161} INFO - Started process (PID=4560) to work on /home/airflow/.local/lib/python3.8/site-packages/airflow/example_dags/example_branch_python_dop_operator_3.py
[2025-01-30T00:14:23.312+0000] {processor.py:830} INFO - Processing file /home/airflow/.local/lib/python3.8/site-packages/airflow/example_dags/example_branch_python_dop_operator_3.py for tasks to queue
[2025-01-30T00:14:23.315+0000] {logging_mixin.py:188} INFO - [2025-01-30T00:14:23.314+0000] {dagbag.py:538} INFO - Filling up the DagBag from /home/airflow/.local/lib/python3.8/site-packages/airflow/example_dags/example_branch_python_dop_operator_3.py
[2025-01-30T00:14:23.346+0000] {processor.py:840} INFO - DAG(s) 'example_branch_dop_operator_v3' retrieved from /home/airflow/.local/lib/python3.8/site-packages/airflow/example_dags/example_branch_python_dop_operator_3.py
[2025-01-30T00:14:23.429+0000] {logging_mixin.py:188} INFO - [2025-01-30T00:14:23.428+0000] {dag.py:3036} INFO - Sync 1 DAGs
[2025-01-30T00:14:23.487+0000] {logging_mixin.py:188} INFO - [2025-01-30T00:14:23.487+0000] {dag.py:3823} INFO - Setting next_dagrun for example_branch_dop_operator_v3 to 2025-01-30 00:13:00+00:00, run_after=2025-01-30 00:14:00+00:00
[2025-01-30T00:14:23.545+0000] {processor.py:183} INFO - Processing /home/airflow/.local/lib/python3.8/site-packages/airflow/example_dags/example_branch_python_dop_operator_3.py took 0.264 seconds
[2025-01-30T00:14:53.743+0000] {processor.py:161} INFO - Started process (PID=4616) to work on /home/airflow/.local/lib/python3.8/site-packages/airflow/example_dags/example_branch_python_dop_operator_3.py
[2025-01-30T00:14:53.745+0000] {processor.py:830} INFO - Processing file /home/airflow/.local/lib/python3.8/site-packages/airflow/example_dags/example_branch_python_dop_operator_3.py for tasks to queue
[2025-01-30T00:14:53.748+0000] {logging_mixin.py:188} INFO - [2025-01-30T00:14:53.747+0000] {dagbag.py:538} INFO - Filling up the DagBag from /home/airflow/.local/lib/python3.8/site-packages/airflow/example_dags/example_branch_python_dop_operator_3.py
[2025-01-30T00:14:53.776+0000] {processor.py:840} INFO - DAG(s) 'example_branch_dop_operator_v3' retrieved from /home/airflow/.local/lib/python3.8/site-packages/airflow/example_dags/example_branch_python_dop_operator_3.py
[2025-01-30T00:14:53.852+0000] {logging_mixin.py:188} INFO - [2025-01-30T00:14:53.851+0000] {dag.py:3036} INFO - Sync 1 DAGs
[2025-01-30T00:14:53.949+0000] {logging_mixin.py:188} INFO - [2025-01-30T00:14:53.949+0000] {dag.py:3823} INFO - Setting next_dagrun for example_branch_dop_operator_v3 to 2025-01-30 00:13:00+00:00, run_after=2025-01-30 00:14:00+00:00
[2025-01-30T00:14:54.006+0000] {processor.py:183} INFO - Processing /home/airflow/.local/lib/python3.8/site-packages/airflow/example_dags/example_branch_python_dop_operator_3.py took 0.273 seconds
[2025-01-30T00:15:24.474+0000] {processor.py:161} INFO - Started process (PID=4671) to work on /home/airflow/.local/lib/python3.8/site-packages/airflow/example_dags/example_branch_python_dop_operator_3.py
[2025-01-30T00:15:24.490+0000] {processor.py:830} INFO - Processing file /home/airflow/.local/lib/python3.8/site-packages/airflow/example_dags/example_branch_python_dop_operator_3.py for tasks to queue
[2025-01-30T00:15:24.496+0000] {logging_mixin.py:188} INFO - [2025-01-30T00:15:24.495+0000] {dagbag.py:538} INFO - Filling up the DagBag from /home/airflow/.local/lib/python3.8/site-packages/airflow/example_dags/example_branch_python_dop_operator_3.py
[2025-01-30T00:15:24.544+0000] {processor.py:840} INFO - DAG(s) 'example_branch_dop_operator_v3' retrieved from /home/airflow/.local/lib/python3.8/site-packages/airflow/example_dags/example_branch_python_dop_operator_3.py
[2025-01-30T00:15:24.594+0000] {logging_mixin.py:188} INFO - [2025-01-30T00:15:24.593+0000] {dag.py:3036} INFO - Sync 1 DAGs
[2025-01-30T00:15:24.665+0000] {logging_mixin.py:188} INFO - [2025-01-30T00:15:24.665+0000] {dag.py:3823} INFO - Setting next_dagrun for example_branch_dop_operator_v3 to 2025-01-30 00:14:00+00:00, run_after=2025-01-30 00:15:00+00:00
[2025-01-30T00:15:24.717+0000] {processor.py:183} INFO - Processing /home/airflow/.local/lib/python3.8/site-packages/airflow/example_dags/example_branch_python_dop_operator_3.py took 0.263 seconds
[2025-01-30T00:15:55.810+0000] {processor.py:161} INFO - Started process (PID=4727) to work on /home/airflow/.local/lib/python3.8/site-packages/airflow/example_dags/example_branch_python_dop_operator_3.py
[2025-01-30T00:15:55.828+0000] {processor.py:830} INFO - Processing file /home/airflow/.local/lib/python3.8/site-packages/airflow/example_dags/example_branch_python_dop_operator_3.py for tasks to queue
[2025-01-30T00:15:55.846+0000] {logging_mixin.py:188} INFO - [2025-01-30T00:15:55.845+0000] {dagbag.py:538} INFO - Filling up the DagBag from /home/airflow/.local/lib/python3.8/site-packages/airflow/example_dags/example_branch_python_dop_operator_3.py
[2025-01-30T00:15:55.904+0000] {processor.py:840} INFO - DAG(s) 'example_branch_dop_operator_v3' retrieved from /home/airflow/.local/lib/python3.8/site-packages/airflow/example_dags/example_branch_python_dop_operator_3.py
[2025-01-30T00:15:56.046+0000] {logging_mixin.py:188} INFO - [2025-01-30T00:15:56.045+0000] {dag.py:3036} INFO - Sync 1 DAGs
[2025-01-30T00:15:56.307+0000] {logging_mixin.py:188} INFO - [2025-01-30T00:15:56.300+0000] {dag.py:3823} INFO - Setting next_dagrun for example_branch_dop_operator_v3 to 2025-01-30 00:14:00+00:00, run_after=2025-01-30 00:15:00+00:00
[2025-01-30T00:15:56.427+0000] {processor.py:183} INFO - Processing /home/airflow/.local/lib/python3.8/site-packages/airflow/example_dags/example_branch_python_dop_operator_3.py took 0.629 seconds
[2025-01-30T00:16:29.763+0000] {processor.py:161} INFO - Started process (PID=4773) to work on /home/airflow/.local/lib/python3.8/site-packages/airflow/example_dags/example_branch_python_dop_operator_3.py
[2025-01-30T00:16:29.767+0000] {processor.py:830} INFO - Processing file /home/airflow/.local/lib/python3.8/site-packages/airflow/example_dags/example_branch_python_dop_operator_3.py for tasks to queue
[2025-01-30T00:16:29.770+0000] {logging_mixin.py:188} INFO - [2025-01-30T00:16:29.770+0000] {dagbag.py:538} INFO - Filling up the DagBag from /home/airflow/.local/lib/python3.8/site-packages/airflow/example_dags/example_branch_python_dop_operator_3.py
[2025-01-30T00:16:29.806+0000] {processor.py:840} INFO - DAG(s) 'example_branch_dop_operator_v3' retrieved from /home/airflow/.local/lib/python3.8/site-packages/airflow/example_dags/example_branch_python_dop_operator_3.py
[2025-01-30T00:16:29.901+0000] {logging_mixin.py:188} INFO - [2025-01-30T00:16:29.900+0000] {dag.py:3036} INFO - Sync 1 DAGs
[2025-01-30T00:16:30.150+0000] {logging_mixin.py:188} INFO - [2025-01-30T00:16:30.149+0000] {dag.py:3823} INFO - Setting next_dagrun for example_branch_dop_operator_v3 to 2025-01-30 00:15:00+00:00, run_after=2025-01-30 00:16:00+00:00
[2025-01-30T00:16:30.310+0000] {processor.py:183} INFO - Processing /home/airflow/.local/lib/python3.8/site-packages/airflow/example_dags/example_branch_python_dop_operator_3.py took 0.557 seconds
[2025-01-30T00:17:01.229+0000] {processor.py:161} INFO - Started process (PID=4829) to work on /home/airflow/.local/lib/python3.8/site-packages/airflow/example_dags/example_branch_python_dop_operator_3.py
[2025-01-30T00:17:01.231+0000] {processor.py:830} INFO - Processing file /home/airflow/.local/lib/python3.8/site-packages/airflow/example_dags/example_branch_python_dop_operator_3.py for tasks to queue
[2025-01-30T00:17:01.232+0000] {logging_mixin.py:188} INFO - [2025-01-30T00:17:01.232+0000] {dagbag.py:538} INFO - Filling up the DagBag from /home/airflow/.local/lib/python3.8/site-packages/airflow/example_dags/example_branch_python_dop_operator_3.py
[2025-01-30T00:17:01.252+0000] {processor.py:840} INFO - DAG(s) 'example_branch_dop_operator_v3' retrieved from /home/airflow/.local/lib/python3.8/site-packages/airflow/example_dags/example_branch_python_dop_operator_3.py
[2025-01-30T00:17:01.294+0000] {logging_mixin.py:188} INFO - [2025-01-30T00:17:01.294+0000] {dag.py:3036} INFO - Sync 1 DAGs
[2025-01-30T00:17:01.358+0000] {logging_mixin.py:188} INFO - [2025-01-30T00:17:01.358+0000] {dag.py:3823} INFO - Setting next_dagrun for example_branch_dop_operator_v3 to 2025-01-30 00:16:00+00:00, run_after=2025-01-30 00:17:00+00:00
[2025-01-30T00:17:01.406+0000] {processor.py:183} INFO - Processing /home/airflow/.local/lib/python3.8/site-packages/airflow/example_dags/example_branch_python_dop_operator_3.py took 0.183 seconds
[2025-01-30T00:17:31.834+0000] {processor.py:161} INFO - Started process (PID=4884) to work on /home/airflow/.local/lib/python3.8/site-packages/airflow/example_dags/example_branch_python_dop_operator_3.py
[2025-01-30T00:17:31.836+0000] {processor.py:830} INFO - Processing file /home/airflow/.local/lib/python3.8/site-packages/airflow/example_dags/example_branch_python_dop_operator_3.py for tasks to queue
[2025-01-30T00:17:31.837+0000] {logging_mixin.py:188} INFO - [2025-01-30T00:17:31.837+0000] {dagbag.py:538} INFO - Filling up the DagBag from /home/airflow/.local/lib/python3.8/site-packages/airflow/example_dags/example_branch_python_dop_operator_3.py
[2025-01-30T00:17:31.858+0000] {processor.py:840} INFO - DAG(s) 'example_branch_dop_operator_v3' retrieved from /home/airflow/.local/lib/python3.8/site-packages/airflow/example_dags/example_branch_python_dop_operator_3.py
[2025-01-30T00:17:31.897+0000] {logging_mixin.py:188} INFO - [2025-01-30T00:17:31.896+0000] {dag.py:3036} INFO - Sync 1 DAGs
[2025-01-30T00:17:31.954+0000] {logging_mixin.py:188} INFO - [2025-01-30T00:17:31.953+0000] {dag.py:3823} INFO - Setting next_dagrun for example_branch_dop_operator_v3 to 2025-01-30 00:16:00+00:00, run_after=2025-01-30 00:17:00+00:00
[2025-01-30T00:17:31.993+0000] {processor.py:183} INFO - Processing /home/airflow/.local/lib/python3.8/site-packages/airflow/example_dags/example_branch_python_dop_operator_3.py took 0.167 seconds
[2025-01-30T00:18:03.984+0000] {processor.py:161} INFO - Started process (PID=4939) to work on /home/airflow/.local/lib/python3.8/site-packages/airflow/example_dags/example_branch_python_dop_operator_3.py
[2025-01-30T00:18:03.994+0000] {processor.py:830} INFO - Processing file /home/airflow/.local/lib/python3.8/site-packages/airflow/example_dags/example_branch_python_dop_operator_3.py for tasks to queue
[2025-01-30T00:18:04.003+0000] {logging_mixin.py:188} INFO - [2025-01-30T00:18:04.002+0000] {dagbag.py:538} INFO - Filling up the DagBag from /home/airflow/.local/lib/python3.8/site-packages/airflow/example_dags/example_branch_python_dop_operator_3.py
[2025-01-30T00:18:04.111+0000] {processor.py:840} INFO - DAG(s) 'example_branch_dop_operator_v3' retrieved from /home/airflow/.local/lib/python3.8/site-packages/airflow/example_dags/example_branch_python_dop_operator_3.py
[2025-01-30T00:18:04.243+0000] {logging_mixin.py:188} INFO - [2025-01-30T00:18:04.242+0000] {dag.py:3036} INFO - Sync 1 DAGs
[2025-01-30T00:18:04.552+0000] {logging_mixin.py:188} INFO - [2025-01-30T00:18:04.551+0000] {dag.py:3823} INFO - Setting next_dagrun for example_branch_dop_operator_v3 to 2025-01-30 00:17:00+00:00, run_after=2025-01-30 00:18:00+00:00
[2025-01-30T00:18:04.800+0000] {processor.py:183} INFO - Processing /home/airflow/.local/lib/python3.8/site-packages/airflow/example_dags/example_branch_python_dop_operator_3.py took 0.842 seconds
[2025-01-30T00:18:34.926+0000] {processor.py:161} INFO - Started process (PID=4994) to work on /home/airflow/.local/lib/python3.8/site-packages/airflow/example_dags/example_branch_python_dop_operator_3.py
[2025-01-30T00:18:34.928+0000] {processor.py:830} INFO - Processing file /home/airflow/.local/lib/python3.8/site-packages/airflow/example_dags/example_branch_python_dop_operator_3.py for tasks to queue
[2025-01-30T00:18:34.931+0000] {logging_mixin.py:188} INFO - [2025-01-30T00:18:34.930+0000] {dagbag.py:538} INFO - Filling up the DagBag from /home/airflow/.local/lib/python3.8/site-packages/airflow/example_dags/example_branch_python_dop_operator_3.py
[2025-01-30T00:18:34.957+0000] {processor.py:840} INFO - DAG(s) 'example_branch_dop_operator_v3' retrieved from /home/airflow/.local/lib/python3.8/site-packages/airflow/example_dags/example_branch_python_dop_operator_3.py
[2025-01-30T00:18:35.003+0000] {logging_mixin.py:188} INFO - [2025-01-30T00:18:35.003+0000] {dag.py:3036} INFO - Sync 1 DAGs
[2025-01-30T00:18:35.068+0000] {logging_mixin.py:188} INFO - [2025-01-30T00:18:35.067+0000] {dag.py:3823} INFO - Setting next_dagrun for example_branch_dop_operator_v3 to 2025-01-30 00:17:00+00:00, run_after=2025-01-30 00:18:00+00:00
[2025-01-30T00:18:35.124+0000] {processor.py:183} INFO - Processing /home/airflow/.local/lib/python3.8/site-packages/airflow/example_dags/example_branch_python_dop_operator_3.py took 0.206 seconds
[2025-01-30T00:19:05.316+0000] {processor.py:161} INFO - Started process (PID=5050) to work on /home/airflow/.local/lib/python3.8/site-packages/airflow/example_dags/example_branch_python_dop_operator_3.py
[2025-01-30T00:19:05.318+0000] {processor.py:830} INFO - Processing file /home/airflow/.local/lib/python3.8/site-packages/airflow/example_dags/example_branch_python_dop_operator_3.py for tasks to queue
[2025-01-30T00:19:05.324+0000] {logging_mixin.py:188} INFO - [2025-01-30T00:19:05.323+0000] {dagbag.py:538} INFO - Filling up the DagBag from /home/airflow/.local/lib/python3.8/site-packages/airflow/example_dags/example_branch_python_dop_operator_3.py
[2025-01-30T00:19:05.349+0000] {processor.py:840} INFO - DAG(s) 'example_branch_dop_operator_v3' retrieved from /home/airflow/.local/lib/python3.8/site-packages/airflow/example_dags/example_branch_python_dop_operator_3.py
[2025-01-30T00:19:05.393+0000] {logging_mixin.py:188} INFO - [2025-01-30T00:19:05.393+0000] {dag.py:3036} INFO - Sync 1 DAGs
[2025-01-30T00:19:05.466+0000] {logging_mixin.py:188} INFO - [2025-01-30T00:19:05.465+0000] {dag.py:3823} INFO - Setting next_dagrun for example_branch_dop_operator_v3 to 2025-01-30 00:18:00+00:00, run_after=2025-01-30 00:19:00+00:00
[2025-01-30T00:19:05.516+0000] {processor.py:183} INFO - Processing /home/airflow/.local/lib/python3.8/site-packages/airflow/example_dags/example_branch_python_dop_operator_3.py took 0.206 seconds
[2025-01-30T00:19:35.717+0000] {processor.py:161} INFO - Started process (PID=5104) to work on /home/airflow/.local/lib/python3.8/site-packages/airflow/example_dags/example_branch_python_dop_operator_3.py
[2025-01-30T00:19:35.719+0000] {processor.py:830} INFO - Processing file /home/airflow/.local/lib/python3.8/site-packages/airflow/example_dags/example_branch_python_dop_operator_3.py for tasks to queue
[2025-01-30T00:19:35.721+0000] {logging_mixin.py:188} INFO - [2025-01-30T00:19:35.720+0000] {dagbag.py:538} INFO - Filling up the DagBag from /home/airflow/.local/lib/python3.8/site-packages/airflow/example_dags/example_branch_python_dop_operator_3.py
[2025-01-30T00:19:35.742+0000] {processor.py:840} INFO - DAG(s) 'example_branch_dop_operator_v3' retrieved from /home/airflow/.local/lib/python3.8/site-packages/airflow/example_dags/example_branch_python_dop_operator_3.py
[2025-01-30T00:19:35.783+0000] {logging_mixin.py:188} INFO - [2025-01-30T00:19:35.782+0000] {dag.py:3036} INFO - Sync 1 DAGs
[2025-01-30T00:19:35.837+0000] {logging_mixin.py:188} INFO - [2025-01-30T00:19:35.837+0000] {dag.py:3823} INFO - Setting next_dagrun for example_branch_dop_operator_v3 to 2025-01-30 00:18:00+00:00, run_after=2025-01-30 00:19:00+00:00
[2025-01-30T00:19:35.880+0000] {processor.py:183} INFO - Processing /home/airflow/.local/lib/python3.8/site-packages/airflow/example_dags/example_branch_python_dop_operator_3.py took 0.170 seconds
[2025-01-30T00:20:06.666+0000] {processor.py:161} INFO - Started process (PID=5160) to work on /home/airflow/.local/lib/python3.8/site-packages/airflow/example_dags/example_branch_python_dop_operator_3.py
[2025-01-30T00:20:06.668+0000] {processor.py:830} INFO - Processing file /home/airflow/.local/lib/python3.8/site-packages/airflow/example_dags/example_branch_python_dop_operator_3.py for tasks to queue
[2025-01-30T00:20:06.670+0000] {logging_mixin.py:188} INFO - [2025-01-30T00:20:06.669+0000] {dagbag.py:538} INFO - Filling up the DagBag from /home/airflow/.local/lib/python3.8/site-packages/airflow/example_dags/example_branch_python_dop_operator_3.py
[2025-01-30T00:20:06.701+0000] {processor.py:840} INFO - DAG(s) 'example_branch_dop_operator_v3' retrieved from /home/airflow/.local/lib/python3.8/site-packages/airflow/example_dags/example_branch_python_dop_operator_3.py
[2025-01-30T00:20:06.760+0000] {logging_mixin.py:188} INFO - [2025-01-30T00:20:06.760+0000] {dag.py:3036} INFO - Sync 1 DAGs
[2025-01-30T00:20:06.835+0000] {logging_mixin.py:188} INFO - [2025-01-30T00:20:06.834+0000] {dag.py:3823} INFO - Setting next_dagrun for example_branch_dop_operator_v3 to 2025-01-30 00:19:00+00:00, run_after=2025-01-30 00:20:00+00:00
[2025-01-30T00:20:06.883+0000] {processor.py:183} INFO - Processing /home/airflow/.local/lib/python3.8/site-packages/airflow/example_dags/example_branch_python_dop_operator_3.py took 0.238 seconds
[2025-01-30T00:20:37.875+0000] {processor.py:161} INFO - Started process (PID=5215) to work on /home/airflow/.local/lib/python3.8/site-packages/airflow/example_dags/example_branch_python_dop_operator_3.py
[2025-01-30T00:20:37.877+0000] {processor.py:830} INFO - Processing file /home/airflow/.local/lib/python3.8/site-packages/airflow/example_dags/example_branch_python_dop_operator_3.py for tasks to queue
[2025-01-30T00:20:37.879+0000] {logging_mixin.py:188} INFO - [2025-01-30T00:20:37.878+0000] {dagbag.py:538} INFO - Filling up the DagBag from /home/airflow/.local/lib/python3.8/site-packages/airflow/example_dags/example_branch_python_dop_operator_3.py
[2025-01-30T00:20:37.897+0000] {processor.py:840} INFO - DAG(s) 'example_branch_dop_operator_v3' retrieved from /home/airflow/.local/lib/python3.8/site-packages/airflow/example_dags/example_branch_python_dop_operator_3.py
[2025-01-30T00:20:37.939+0000] {logging_mixin.py:188} INFO - [2025-01-30T00:20:37.938+0000] {dag.py:3036} INFO - Sync 1 DAGs
[2025-01-30T00:20:37.987+0000] {logging_mixin.py:188} INFO - [2025-01-30T00:20:37.986+0000] {dag.py:3823} INFO - Setting next_dagrun for example_branch_dop_operator_v3 to 2025-01-30 00:19:00+00:00, run_after=2025-01-30 00:20:00+00:00
[2025-01-30T00:20:38.028+0000] {processor.py:183} INFO - Processing /home/airflow/.local/lib/python3.8/site-packages/airflow/example_dags/example_branch_python_dop_operator_3.py took 0.157 seconds
[2025-01-30T00:21:08.243+0000] {processor.py:161} INFO - Started process (PID=5271) to work on /home/airflow/.local/lib/python3.8/site-packages/airflow/example_dags/example_branch_python_dop_operator_3.py
[2025-01-30T00:21:08.246+0000] {processor.py:830} INFO - Processing file /home/airflow/.local/lib/python3.8/site-packages/airflow/example_dags/example_branch_python_dop_operator_3.py for tasks to queue
[2025-01-30T00:21:08.255+0000] {logging_mixin.py:188} INFO - [2025-01-30T00:21:08.250+0000] {dagbag.py:538} INFO - Filling up the DagBag from /home/airflow/.local/lib/python3.8/site-packages/airflow/example_dags/example_branch_python_dop_operator_3.py
[2025-01-30T00:21:08.292+0000] {processor.py:840} INFO - DAG(s) 'example_branch_dop_operator_v3' retrieved from /home/airflow/.local/lib/python3.8/site-packages/airflow/example_dags/example_branch_python_dop_operator_3.py
[2025-01-30T00:21:08.357+0000] {logging_mixin.py:188} INFO - [2025-01-30T00:21:08.357+0000] {dag.py:3036} INFO - Sync 1 DAGs
[2025-01-30T00:21:08.466+0000] {logging_mixin.py:188} INFO - [2025-01-30T00:21:08.465+0000] {dag.py:3823} INFO - Setting next_dagrun for example_branch_dop_operator_v3 to 2025-01-30 00:20:00+00:00, run_after=2025-01-30 00:21:00+00:00
[2025-01-30T00:21:08.542+0000] {processor.py:183} INFO - Processing /home/airflow/.local/lib/python3.8/site-packages/airflow/example_dags/example_branch_python_dop_operator_3.py took 0.308 seconds
[2025-01-30T00:21:39.109+0000] {processor.py:161} INFO - Started process (PID=5327) to work on /home/airflow/.local/lib/python3.8/site-packages/airflow/example_dags/example_branch_python_dop_operator_3.py
[2025-01-30T00:21:39.113+0000] {processor.py:830} INFO - Processing file /home/airflow/.local/lib/python3.8/site-packages/airflow/example_dags/example_branch_python_dop_operator_3.py for tasks to queue
[2025-01-30T00:21:39.121+0000] {logging_mixin.py:188} INFO - [2025-01-30T00:21:39.120+0000] {dagbag.py:538} INFO - Filling up the DagBag from /home/airflow/.local/lib/python3.8/site-packages/airflow/example_dags/example_branch_python_dop_operator_3.py
[2025-01-30T00:21:39.158+0000] {processor.py:840} INFO - DAG(s) 'example_branch_dop_operator_v3' retrieved from /home/airflow/.local/lib/python3.8/site-packages/airflow/example_dags/example_branch_python_dop_operator_3.py
[2025-01-30T00:21:39.209+0000] {logging_mixin.py:188} INFO - [2025-01-30T00:21:39.209+0000] {dag.py:3036} INFO - Sync 1 DAGs
[2025-01-30T00:21:39.301+0000] {logging_mixin.py:188} INFO - [2025-01-30T00:21:39.300+0000] {dag.py:3823} INFO - Setting next_dagrun for example_branch_dop_operator_v3 to 2025-01-30 00:20:00+00:00, run_after=2025-01-30 00:21:00+00:00
[2025-01-30T00:21:39.359+0000] {processor.py:183} INFO - Processing /home/airflow/.local/lib/python3.8/site-packages/airflow/example_dags/example_branch_python_dop_operator_3.py took 0.258 seconds
[2025-01-30T00:22:09.677+0000] {processor.py:161} INFO - Started process (PID=5383) to work on /home/airflow/.local/lib/python3.8/site-packages/airflow/example_dags/example_branch_python_dop_operator_3.py
[2025-01-30T00:22:09.692+0000] {processor.py:830} INFO - Processing file /home/airflow/.local/lib/python3.8/site-packages/airflow/example_dags/example_branch_python_dop_operator_3.py for tasks to queue
[2025-01-30T00:22:09.695+0000] {logging_mixin.py:188} INFO - [2025-01-30T00:22:09.694+0000] {dagbag.py:538} INFO - Filling up the DagBag from /home/airflow/.local/lib/python3.8/site-packages/airflow/example_dags/example_branch_python_dop_operator_3.py
[2025-01-30T00:22:09.795+0000] {processor.py:840} INFO - DAG(s) 'example_branch_dop_operator_v3' retrieved from /home/airflow/.local/lib/python3.8/site-packages/airflow/example_dags/example_branch_python_dop_operator_3.py
[2025-01-30T00:22:10.030+0000] {logging_mixin.py:188} INFO - [2025-01-30T00:22:10.029+0000] {dag.py:3036} INFO - Sync 1 DAGs
[2025-01-30T00:22:10.461+0000] {logging_mixin.py:188} INFO - [2025-01-30T00:22:10.460+0000] {dag.py:3823} INFO - Setting next_dagrun for example_branch_dop_operator_v3 to 2025-01-30 00:21:00+00:00, run_after=2025-01-30 00:22:00+00:00
[2025-01-30T00:22:10.878+0000] {processor.py:183} INFO - Processing /home/airflow/.local/lib/python3.8/site-packages/airflow/example_dags/example_branch_python_dop_operator_3.py took 1.237 seconds
[2025-01-30T00:22:41.432+0000] {processor.py:161} INFO - Started process (PID=5439) to work on /home/airflow/.local/lib/python3.8/site-packages/airflow/example_dags/example_branch_python_dop_operator_3.py
[2025-01-30T00:22:41.435+0000] {processor.py:830} INFO - Processing file /home/airflow/.local/lib/python3.8/site-packages/airflow/example_dags/example_branch_python_dop_operator_3.py for tasks to queue
[2025-01-30T00:22:41.439+0000] {logging_mixin.py:188} INFO - [2025-01-30T00:22:41.438+0000] {dagbag.py:538} INFO - Filling up the DagBag from /home/airflow/.local/lib/python3.8/site-packages/airflow/example_dags/example_branch_python_dop_operator_3.py
[2025-01-30T00:22:41.468+0000] {processor.py:840} INFO - DAG(s) 'example_branch_dop_operator_v3' retrieved from /home/airflow/.local/lib/python3.8/site-packages/airflow/example_dags/example_branch_python_dop_operator_3.py
[2025-01-30T00:22:41.544+0000] {logging_mixin.py:188} INFO - [2025-01-30T00:22:41.543+0000] {dag.py:3036} INFO - Sync 1 DAGs
[2025-01-30T00:22:41.845+0000] {logging_mixin.py:188} INFO - [2025-01-30T00:22:41.844+0000] {dag.py:3823} INFO - Setting next_dagrun for example_branch_dop_operator_v3 to 2025-01-30 00:21:00+00:00, run_after=2025-01-30 00:22:00+00:00
[2025-01-30T00:22:42.041+0000] {processor.py:183} INFO - Processing /home/airflow/.local/lib/python3.8/site-packages/airflow/example_dags/example_branch_python_dop_operator_3.py took 0.618 seconds
[2025-01-30T00:23:12.213+0000] {processor.py:161} INFO - Started process (PID=5500) to work on /home/airflow/.local/lib/python3.8/site-packages/airflow/example_dags/example_branch_python_dop_operator_3.py
[2025-01-30T00:23:12.218+0000] {processor.py:830} INFO - Processing file /home/airflow/.local/lib/python3.8/site-packages/airflow/example_dags/example_branch_python_dop_operator_3.py for tasks to queue
[2025-01-30T00:23:12.222+0000] {logging_mixin.py:188} INFO - [2025-01-30T00:23:12.221+0000] {dagbag.py:538} INFO - Filling up the DagBag from /home/airflow/.local/lib/python3.8/site-packages/airflow/example_dags/example_branch_python_dop_operator_3.py
[2025-01-30T00:23:12.257+0000] {processor.py:840} INFO - DAG(s) 'example_branch_dop_operator_v3' retrieved from /home/airflow/.local/lib/python3.8/site-packages/airflow/example_dags/example_branch_python_dop_operator_3.py
[2025-01-30T00:23:12.338+0000] {logging_mixin.py:188} INFO - [2025-01-30T00:23:12.337+0000] {dag.py:3036} INFO - Sync 1 DAGs
[2025-01-30T00:23:12.435+0000] {logging_mixin.py:188} INFO - [2025-01-30T00:23:12.434+0000] {dag.py:3823} INFO - Setting next_dagrun for example_branch_dop_operator_v3 to 2025-01-30 00:22:00+00:00, run_after=2025-01-30 00:23:00+00:00
[2025-01-30T00:23:12.488+0000] {processor.py:183} INFO - Processing /home/airflow/.local/lib/python3.8/site-packages/airflow/example_dags/example_branch_python_dop_operator_3.py took 0.284 seconds
[2025-01-30T00:23:44.131+0000] {processor.py:161} INFO - Started process (PID=5553) to work on /home/airflow/.local/lib/python3.8/site-packages/airflow/example_dags/example_branch_python_dop_operator_3.py
[2025-01-30T00:23:44.138+0000] {processor.py:830} INFO - Processing file /home/airflow/.local/lib/python3.8/site-packages/airflow/example_dags/example_branch_python_dop_operator_3.py for tasks to queue
[2025-01-30T00:23:44.144+0000] {logging_mixin.py:188} INFO - [2025-01-30T00:23:44.143+0000] {dagbag.py:538} INFO - Filling up the DagBag from /home/airflow/.local/lib/python3.8/site-packages/airflow/example_dags/example_branch_python_dop_operator_3.py
[2025-01-30T00:23:44.186+0000] {processor.py:840} INFO - DAG(s) 'example_branch_dop_operator_v3' retrieved from /home/airflow/.local/lib/python3.8/site-packages/airflow/example_dags/example_branch_python_dop_operator_3.py
[2025-01-30T00:23:44.315+0000] {logging_mixin.py:188} INFO - [2025-01-30T00:23:44.314+0000] {dag.py:3036} INFO - Sync 1 DAGs
[2025-01-30T00:23:44.491+0000] {logging_mixin.py:188} INFO - [2025-01-30T00:23:44.490+0000] {dag.py:3823} INFO - Setting next_dagrun for example_branch_dop_operator_v3 to 2025-01-30 00:22:00+00:00, run_after=2025-01-30 00:23:00+00:00
[2025-01-30T00:23:44.880+0000] {processor.py:183} INFO - Processing /home/airflow/.local/lib/python3.8/site-packages/airflow/example_dags/example_branch_python_dop_operator_3.py took 0.765 seconds
[2025-01-30T00:24:15.413+0000] {processor.py:161} INFO - Started process (PID=5607) to work on /home/airflow/.local/lib/python3.8/site-packages/airflow/example_dags/example_branch_python_dop_operator_3.py
[2025-01-30T00:24:15.427+0000] {processor.py:830} INFO - Processing file /home/airflow/.local/lib/python3.8/site-packages/airflow/example_dags/example_branch_python_dop_operator_3.py for tasks to queue
[2025-01-30T00:24:15.461+0000] {logging_mixin.py:188} INFO - [2025-01-30T00:24:15.460+0000] {dagbag.py:538} INFO - Filling up the DagBag from /home/airflow/.local/lib/python3.8/site-packages/airflow/example_dags/example_branch_python_dop_operator_3.py
[2025-01-30T00:24:15.614+0000] {processor.py:840} INFO - DAG(s) 'example_branch_dop_operator_v3' retrieved from /home/airflow/.local/lib/python3.8/site-packages/airflow/example_dags/example_branch_python_dop_operator_3.py
[2025-01-30T00:24:15.766+0000] {logging_mixin.py:188} INFO - [2025-01-30T00:24:15.765+0000] {dag.py:3036} INFO - Sync 1 DAGs
[2025-01-30T00:24:15.989+0000] {logging_mixin.py:188} INFO - [2025-01-30T00:24:15.988+0000] {dag.py:3823} INFO - Setting next_dagrun for example_branch_dop_operator_v3 to 2025-01-30 00:23:00+00:00, run_after=2025-01-30 00:24:00+00:00
[2025-01-30T00:24:16.174+0000] {processor.py:183} INFO - Processing /home/airflow/.local/lib/python3.8/site-packages/airflow/example_dags/example_branch_python_dop_operator_3.py took 0.795 seconds
[2025-01-30T00:24:46.404+0000] {processor.py:161} INFO - Started process (PID=5663) to work on /home/airflow/.local/lib/python3.8/site-packages/airflow/example_dags/example_branch_python_dop_operator_3.py
[2025-01-30T00:24:46.407+0000] {processor.py:830} INFO - Processing file /home/airflow/.local/lib/python3.8/site-packages/airflow/example_dags/example_branch_python_dop_operator_3.py for tasks to queue
[2025-01-30T00:24:46.411+0000] {logging_mixin.py:188} INFO - [2025-01-30T00:24:46.409+0000] {dagbag.py:538} INFO - Filling up the DagBag from /home/airflow/.local/lib/python3.8/site-packages/airflow/example_dags/example_branch_python_dop_operator_3.py
[2025-01-30T00:24:46.431+0000] {processor.py:840} INFO - DAG(s) 'example_branch_dop_operator_v3' retrieved from /home/airflow/.local/lib/python3.8/site-packages/airflow/example_dags/example_branch_python_dop_operator_3.py
[2025-01-30T00:24:46.480+0000] {logging_mixin.py:188} INFO - [2025-01-30T00:24:46.479+0000] {dag.py:3036} INFO - Sync 1 DAGs
[2025-01-30T00:24:46.556+0000] {logging_mixin.py:188} INFO - [2025-01-30T00:24:46.555+0000] {dag.py:3823} INFO - Setting next_dagrun for example_branch_dop_operator_v3 to 2025-01-30 00:23:00+00:00, run_after=2025-01-30 00:24:00+00:00
[2025-01-30T00:24:46.598+0000] {processor.py:183} INFO - Processing /home/airflow/.local/lib/python3.8/site-packages/airflow/example_dags/example_branch_python_dop_operator_3.py took 0.202 seconds
[2025-01-30T00:25:17.414+0000] {processor.py:161} INFO - Started process (PID=5718) to work on /home/airflow/.local/lib/python3.8/site-packages/airflow/example_dags/example_branch_python_dop_operator_3.py
[2025-01-30T00:25:17.417+0000] {processor.py:830} INFO - Processing file /home/airflow/.local/lib/python3.8/site-packages/airflow/example_dags/example_branch_python_dop_operator_3.py for tasks to queue
[2025-01-30T00:25:17.420+0000] {logging_mixin.py:188} INFO - [2025-01-30T00:25:17.419+0000] {dagbag.py:538} INFO - Filling up the DagBag from /home/airflow/.local/lib/python3.8/site-packages/airflow/example_dags/example_branch_python_dop_operator_3.py
[2025-01-30T00:25:17.445+0000] {processor.py:840} INFO - DAG(s) 'example_branch_dop_operator_v3' retrieved from /home/airflow/.local/lib/python3.8/site-packages/airflow/example_dags/example_branch_python_dop_operator_3.py
[2025-01-30T00:25:17.503+0000] {logging_mixin.py:188} INFO - [2025-01-30T00:25:17.503+0000] {dag.py:3036} INFO - Sync 1 DAGs
[2025-01-30T00:25:17.589+0000] {logging_mixin.py:188} INFO - [2025-01-30T00:25:17.589+0000] {dag.py:3823} INFO - Setting next_dagrun for example_branch_dop_operator_v3 to 2025-01-30 00:24:00+00:00, run_after=2025-01-30 00:25:00+00:00
[2025-01-30T00:25:17.646+0000] {processor.py:183} INFO - Processing /home/airflow/.local/lib/python3.8/site-packages/airflow/example_dags/example_branch_python_dop_operator_3.py took 0.240 seconds
[2025-01-30T00:25:47.859+0000] {processor.py:161} INFO - Started process (PID=5774) to work on /home/airflow/.local/lib/python3.8/site-packages/airflow/example_dags/example_branch_python_dop_operator_3.py
[2025-01-30T00:25:47.861+0000] {processor.py:830} INFO - Processing file /home/airflow/.local/lib/python3.8/site-packages/airflow/example_dags/example_branch_python_dop_operator_3.py for tasks to queue
[2025-01-30T00:25:47.863+0000] {logging_mixin.py:188} INFO - [2025-01-30T00:25:47.862+0000] {dagbag.py:538} INFO - Filling up the DagBag from /home/airflow/.local/lib/python3.8/site-packages/airflow/example_dags/example_branch_python_dop_operator_3.py
[2025-01-30T00:25:47.876+0000] {processor.py:840} INFO - DAG(s) 'example_branch_dop_operator_v3' retrieved from /home/airflow/.local/lib/python3.8/site-packages/airflow/example_dags/example_branch_python_dop_operator_3.py
[2025-01-30T00:25:47.909+0000] {logging_mixin.py:188} INFO - [2025-01-30T00:25:47.909+0000] {dag.py:3036} INFO - Sync 1 DAGs
[2025-01-30T00:25:47.955+0000] {logging_mixin.py:188} INFO - [2025-01-30T00:25:47.955+0000] {dag.py:3823} INFO - Setting next_dagrun for example_branch_dop_operator_v3 to 2025-01-30 00:24:00+00:00, run_after=2025-01-30 00:25:00+00:00
[2025-01-30T00:25:47.986+0000] {processor.py:183} INFO - Processing /home/airflow/.local/lib/python3.8/site-packages/airflow/example_dags/example_branch_python_dop_operator_3.py took 0.131 seconds
[2025-01-30T00:26:18.506+0000] {processor.py:161} INFO - Started process (PID=5829) to work on /home/airflow/.local/lib/python3.8/site-packages/airflow/example_dags/example_branch_python_dop_operator_3.py
[2025-01-30T00:26:18.509+0000] {processor.py:830} INFO - Processing file /home/airflow/.local/lib/python3.8/site-packages/airflow/example_dags/example_branch_python_dop_operator_3.py for tasks to queue
[2025-01-30T00:26:18.512+0000] {logging_mixin.py:188} INFO - [2025-01-30T00:26:18.511+0000] {dagbag.py:538} INFO - Filling up the DagBag from /home/airflow/.local/lib/python3.8/site-packages/airflow/example_dags/example_branch_python_dop_operator_3.py
[2025-01-30T00:26:18.556+0000] {processor.py:840} INFO - DAG(s) 'example_branch_dop_operator_v3' retrieved from /home/airflow/.local/lib/python3.8/site-packages/airflow/example_dags/example_branch_python_dop_operator_3.py
[2025-01-30T00:26:18.630+0000] {logging_mixin.py:188} INFO - [2025-01-30T00:26:18.630+0000] {dag.py:3036} INFO - Sync 1 DAGs
[2025-01-30T00:26:18.738+0000] {logging_mixin.py:188} INFO - [2025-01-30T00:26:18.738+0000] {dag.py:3823} INFO - Setting next_dagrun for example_branch_dop_operator_v3 to 2025-01-30 00:25:00+00:00, run_after=2025-01-30 00:26:00+00:00
[2025-01-30T00:26:18.798+0000] {processor.py:183} INFO - Processing /home/airflow/.local/lib/python3.8/site-packages/airflow/example_dags/example_branch_python_dop_operator_3.py took 0.298 seconds
[2025-01-30T00:26:51.237+0000] {processor.py:161} INFO - Started process (PID=5884) to work on /home/airflow/.local/lib/python3.8/site-packages/airflow/example_dags/example_branch_python_dop_operator_3.py
[2025-01-30T00:26:51.239+0000] {processor.py:830} INFO - Processing file /home/airflow/.local/lib/python3.8/site-packages/airflow/example_dags/example_branch_python_dop_operator_3.py for tasks to queue
[2025-01-30T00:26:51.242+0000] {logging_mixin.py:188} INFO - [2025-01-30T00:26:51.241+0000] {dagbag.py:538} INFO - Filling up the DagBag from /home/airflow/.local/lib/python3.8/site-packages/airflow/example_dags/example_branch_python_dop_operator_3.py
[2025-01-30T00:26:51.272+0000] {processor.py:840} INFO - DAG(s) 'example_branch_dop_operator_v3' retrieved from /home/airflow/.local/lib/python3.8/site-packages/airflow/example_dags/example_branch_python_dop_operator_3.py
[2025-01-30T00:26:51.334+0000] {logging_mixin.py:188} INFO - [2025-01-30T00:26:51.334+0000] {dag.py:3036} INFO - Sync 1 DAGs
[2025-01-30T00:26:51.437+0000] {logging_mixin.py:188} INFO - [2025-01-30T00:26:51.437+0000] {dag.py:3823} INFO - Setting next_dagrun for example_branch_dop_operator_v3 to 2025-01-30 00:25:00+00:00, run_after=2025-01-30 00:26:00+00:00
[2025-01-30T00:26:51.489+0000] {processor.py:183} INFO - Processing /home/airflow/.local/lib/python3.8/site-packages/airflow/example_dags/example_branch_python_dop_operator_3.py took 0.260 seconds
[2025-01-30T00:27:21.628+0000] {processor.py:161} INFO - Started process (PID=5940) to work on /home/airflow/.local/lib/python3.8/site-packages/airflow/example_dags/example_branch_python_dop_operator_3.py
[2025-01-30T00:27:21.630+0000] {processor.py:830} INFO - Processing file /home/airflow/.local/lib/python3.8/site-packages/airflow/example_dags/example_branch_python_dop_operator_3.py for tasks to queue
[2025-01-30T00:27:21.632+0000] {logging_mixin.py:188} INFO - [2025-01-30T00:27:21.631+0000] {dagbag.py:538} INFO - Filling up the DagBag from /home/airflow/.local/lib/python3.8/site-packages/airflow/example_dags/example_branch_python_dop_operator_3.py
[2025-01-30T00:27:21.652+0000] {processor.py:840} INFO - DAG(s) 'example_branch_dop_operator_v3' retrieved from /home/airflow/.local/lib/python3.8/site-packages/airflow/example_dags/example_branch_python_dop_operator_3.py
[2025-01-30T00:27:21.687+0000] {logging_mixin.py:188} INFO - [2025-01-30T00:27:21.687+0000] {dag.py:3036} INFO - Sync 1 DAGs
[2025-01-30T00:27:21.736+0000] {logging_mixin.py:188} INFO - [2025-01-30T00:27:21.736+0000] {dag.py:3823} INFO - Setting next_dagrun for example_branch_dop_operator_v3 to 2025-01-30 00:26:00+00:00, run_after=2025-01-30 00:27:00+00:00
[2025-01-30T00:27:21.770+0000] {processor.py:183} INFO - Processing /home/airflow/.local/lib/python3.8/site-packages/airflow/example_dags/example_branch_python_dop_operator_3.py took 0.147 seconds
[2025-01-30T00:27:51.850+0000] {processor.py:161} INFO - Started process (PID=5995) to work on /home/airflow/.local/lib/python3.8/site-packages/airflow/example_dags/example_branch_python_dop_operator_3.py
[2025-01-30T00:27:51.852+0000] {processor.py:830} INFO - Processing file /home/airflow/.local/lib/python3.8/site-packages/airflow/example_dags/example_branch_python_dop_operator_3.py for tasks to queue
[2025-01-30T00:27:51.854+0000] {logging_mixin.py:188} INFO - [2025-01-30T00:27:51.853+0000] {dagbag.py:538} INFO - Filling up the DagBag from /home/airflow/.local/lib/python3.8/site-packages/airflow/example_dags/example_branch_python_dop_operator_3.py
[2025-01-30T00:27:51.877+0000] {processor.py:840} INFO - DAG(s) 'example_branch_dop_operator_v3' retrieved from /home/airflow/.local/lib/python3.8/site-packages/airflow/example_dags/example_branch_python_dop_operator_3.py
[2025-01-30T00:27:51.924+0000] {logging_mixin.py:188} INFO - [2025-01-30T00:27:51.924+0000] {dag.py:3036} INFO - Sync 1 DAGs
[2025-01-30T00:27:51.993+0000] {logging_mixin.py:188} INFO - [2025-01-30T00:27:51.992+0000] {dag.py:3823} INFO - Setting next_dagrun for example_branch_dop_operator_v3 to 2025-01-30 00:26:00+00:00, run_after=2025-01-30 00:27:00+00:00
[2025-01-30T00:27:52.040+0000] {processor.py:183} INFO - Processing /home/airflow/.local/lib/python3.8/site-packages/airflow/example_dags/example_branch_python_dop_operator_3.py took 0.196 seconds
[2025-01-30T00:28:22.986+0000] {processor.py:161} INFO - Started process (PID=6047) to work on /home/airflow/.local/lib/python3.8/site-packages/airflow/example_dags/example_branch_python_dop_operator_3.py
[2025-01-30T00:28:22.989+0000] {processor.py:830} INFO - Processing file /home/airflow/.local/lib/python3.8/site-packages/airflow/example_dags/example_branch_python_dop_operator_3.py for tasks to queue
[2025-01-30T00:28:22.991+0000] {logging_mixin.py:188} INFO - [2025-01-30T00:28:22.991+0000] {dagbag.py:538} INFO - Filling up the DagBag from /home/airflow/.local/lib/python3.8/site-packages/airflow/example_dags/example_branch_python_dop_operator_3.py
[2025-01-30T00:28:23.008+0000] {processor.py:840} INFO - DAG(s) 'example_branch_dop_operator_v3' retrieved from /home/airflow/.local/lib/python3.8/site-packages/airflow/example_dags/example_branch_python_dop_operator_3.py
[2025-01-30T00:28:23.049+0000] {logging_mixin.py:188} INFO - [2025-01-30T00:28:23.049+0000] {dag.py:3036} INFO - Sync 1 DAGs
[2025-01-30T00:28:23.112+0000] {logging_mixin.py:188} INFO - [2025-01-30T00:28:23.111+0000] {dag.py:3823} INFO - Setting next_dagrun for example_branch_dop_operator_v3 to 2025-01-30 00:27:00+00:00, run_after=2025-01-30 00:28:00+00:00
[2025-01-30T00:28:23.156+0000] {processor.py:183} INFO - Processing /home/airflow/.local/lib/python3.8/site-packages/airflow/example_dags/example_branch_python_dop_operator_3.py took 0.178 seconds
[2025-01-30T00:28:55.572+0000] {processor.py:161} INFO - Started process (PID=6100) to work on /home/airflow/.local/lib/python3.8/site-packages/airflow/example_dags/example_branch_python_dop_operator_3.py
[2025-01-30T00:28:55.586+0000] {processor.py:830} INFO - Processing file /home/airflow/.local/lib/python3.8/site-packages/airflow/example_dags/example_branch_python_dop_operator_3.py for tasks to queue
[2025-01-30T00:28:55.596+0000] {logging_mixin.py:188} INFO - [2025-01-30T00:28:55.590+0000] {dagbag.py:538} INFO - Filling up the DagBag from /home/airflow/.local/lib/python3.8/site-packages/airflow/example_dags/example_branch_python_dop_operator_3.py
[2025-01-30T00:28:55.633+0000] {processor.py:840} INFO - DAG(s) 'example_branch_dop_operator_v3' retrieved from /home/airflow/.local/lib/python3.8/site-packages/airflow/example_dags/example_branch_python_dop_operator_3.py
[2025-01-30T00:28:55.709+0000] {logging_mixin.py:188} INFO - [2025-01-30T00:28:55.707+0000] {dag.py:3036} INFO - Sync 1 DAGs
[2025-01-30T00:28:55.872+0000] {logging_mixin.py:188} INFO - [2025-01-30T00:28:55.872+0000] {dag.py:3823} INFO - Setting next_dagrun for example_branch_dop_operator_v3 to 2025-01-30 00:27:00+00:00, run_after=2025-01-30 00:28:00+00:00
[2025-01-30T00:28:55.984+0000] {processor.py:183} INFO - Processing /home/airflow/.local/lib/python3.8/site-packages/airflow/example_dags/example_branch_python_dop_operator_3.py took 0.420 seconds
[2025-01-30T00:29:26.812+0000] {processor.py:161} INFO - Started process (PID=6155) to work on /home/airflow/.local/lib/python3.8/site-packages/airflow/example_dags/example_branch_python_dop_operator_3.py
[2025-01-30T00:29:26.814+0000] {processor.py:830} INFO - Processing file /home/airflow/.local/lib/python3.8/site-packages/airflow/example_dags/example_branch_python_dop_operator_3.py for tasks to queue
[2025-01-30T00:29:26.816+0000] {logging_mixin.py:188} INFO - [2025-01-30T00:29:26.815+0000] {dagbag.py:538} INFO - Filling up the DagBag from /home/airflow/.local/lib/python3.8/site-packages/airflow/example_dags/example_branch_python_dop_operator_3.py
[2025-01-30T00:29:26.833+0000] {processor.py:840} INFO - DAG(s) 'example_branch_dop_operator_v3' retrieved from /home/airflow/.local/lib/python3.8/site-packages/airflow/example_dags/example_branch_python_dop_operator_3.py
[2025-01-30T00:29:26.877+0000] {logging_mixin.py:188} INFO - [2025-01-30T00:29:26.877+0000] {dag.py:3036} INFO - Sync 1 DAGs
[2025-01-30T00:29:26.945+0000] {logging_mixin.py:188} INFO - [2025-01-30T00:29:26.944+0000] {dag.py:3823} INFO - Setting next_dagrun for example_branch_dop_operator_v3 to 2025-01-30 00:28:00+00:00, run_after=2025-01-30 00:29:00+00:00
[2025-01-30T00:29:26.986+0000] {processor.py:183} INFO - Processing /home/airflow/.local/lib/python3.8/site-packages/airflow/example_dags/example_branch_python_dop_operator_3.py took 0.180 seconds
[2025-01-30T00:29:58.008+0000] {processor.py:161} INFO - Started process (PID=6211) to work on /home/airflow/.local/lib/python3.8/site-packages/airflow/example_dags/example_branch_python_dop_operator_3.py
[2025-01-30T00:29:58.012+0000] {processor.py:830} INFO - Processing file /home/airflow/.local/lib/python3.8/site-packages/airflow/example_dags/example_branch_python_dop_operator_3.py for tasks to queue
[2025-01-30T00:29:58.014+0000] {logging_mixin.py:188} INFO - [2025-01-30T00:29:58.013+0000] {dagbag.py:538} INFO - Filling up the DagBag from /home/airflow/.local/lib/python3.8/site-packages/airflow/example_dags/example_branch_python_dop_operator_3.py
[2025-01-30T00:29:58.033+0000] {processor.py:840} INFO - DAG(s) 'example_branch_dop_operator_v3' retrieved from /home/airflow/.local/lib/python3.8/site-packages/airflow/example_dags/example_branch_python_dop_operator_3.py
[2025-01-30T00:29:58.084+0000] {logging_mixin.py:188} INFO - [2025-01-30T00:29:58.084+0000] {dag.py:3036} INFO - Sync 1 DAGs
[2025-01-30T00:29:58.167+0000] {logging_mixin.py:188} INFO - [2025-01-30T00:29:58.166+0000] {dag.py:3823} INFO - Setting next_dagrun for example_branch_dop_operator_v3 to 2025-01-30 00:28:00+00:00, run_after=2025-01-30 00:29:00+00:00
[2025-01-30T00:29:58.217+0000] {processor.py:183} INFO - Processing /home/airflow/.local/lib/python3.8/site-packages/airflow/example_dags/example_branch_python_dop_operator_3.py took 0.216 seconds
[2025-01-30T00:30:28.869+0000] {processor.py:161} INFO - Started process (PID=6266) to work on /home/airflow/.local/lib/python3.8/site-packages/airflow/example_dags/example_branch_python_dop_operator_3.py
[2025-01-30T00:30:28.871+0000] {processor.py:830} INFO - Processing file /home/airflow/.local/lib/python3.8/site-packages/airflow/example_dags/example_branch_python_dop_operator_3.py for tasks to queue
[2025-01-30T00:30:28.874+0000] {logging_mixin.py:188} INFO - [2025-01-30T00:30:28.874+0000] {dagbag.py:538} INFO - Filling up the DagBag from /home/airflow/.local/lib/python3.8/site-packages/airflow/example_dags/example_branch_python_dop_operator_3.py
[2025-01-30T00:30:28.909+0000] {processor.py:840} INFO - DAG(s) 'example_branch_dop_operator_v3' retrieved from /home/airflow/.local/lib/python3.8/site-packages/airflow/example_dags/example_branch_python_dop_operator_3.py
[2025-01-30T00:30:28.982+0000] {logging_mixin.py:188} INFO - [2025-01-30T00:30:28.982+0000] {dag.py:3036} INFO - Sync 1 DAGs
[2025-01-30T00:30:29.095+0000] {logging_mixin.py:188} INFO - [2025-01-30T00:30:29.092+0000] {dag.py:3823} INFO - Setting next_dagrun for example_branch_dop_operator_v3 to 2025-01-30 00:29:00+00:00, run_after=2025-01-30 00:30:00+00:00
[2025-01-30T00:30:29.174+0000] {processor.py:183} INFO - Processing /home/airflow/.local/lib/python3.8/site-packages/airflow/example_dags/example_branch_python_dop_operator_3.py took 0.326 seconds
[2025-01-30T00:30:59.949+0000] {processor.py:161} INFO - Started process (PID=6322) to work on /home/airflow/.local/lib/python3.8/site-packages/airflow/example_dags/example_branch_python_dop_operator_3.py
[2025-01-30T00:30:59.952+0000] {processor.py:830} INFO - Processing file /home/airflow/.local/lib/python3.8/site-packages/airflow/example_dags/example_branch_python_dop_operator_3.py for tasks to queue
[2025-01-30T00:30:59.954+0000] {logging_mixin.py:188} INFO - [2025-01-30T00:30:59.953+0000] {dagbag.py:538} INFO - Filling up the DagBag from /home/airflow/.local/lib/python3.8/site-packages/airflow/example_dags/example_branch_python_dop_operator_3.py
[2025-01-30T00:30:59.980+0000] {processor.py:840} INFO - DAG(s) 'example_branch_dop_operator_v3' retrieved from /home/airflow/.local/lib/python3.8/site-packages/airflow/example_dags/example_branch_python_dop_operator_3.py
[2025-01-30T00:31:00.044+0000] {logging_mixin.py:188} INFO - [2025-01-30T00:31:00.044+0000] {dag.py:3036} INFO - Sync 1 DAGs
[2025-01-30T00:31:00.118+0000] {logging_mixin.py:188} INFO - [2025-01-30T00:31:00.117+0000] {dag.py:3823} INFO - Setting next_dagrun for example_branch_dop_operator_v3 to 2025-01-30 00:30:00+00:00, run_after=2025-01-30 00:31:00+00:00
[2025-01-30T00:31:00.180+0000] {processor.py:183} INFO - Processing /home/airflow/.local/lib/python3.8/site-packages/airflow/example_dags/example_branch_python_dop_operator_3.py took 0.238 seconds
[2025-01-30T00:31:33.830+0000] {processor.py:161} INFO - Started process (PID=6378) to work on /home/airflow/.local/lib/python3.8/site-packages/airflow/example_dags/example_branch_python_dop_operator_3.py
[2025-01-30T00:31:33.868+0000] {processor.py:830} INFO - Processing file /home/airflow/.local/lib/python3.8/site-packages/airflow/example_dags/example_branch_python_dop_operator_3.py for tasks to queue
[2025-01-30T00:31:33.886+0000] {logging_mixin.py:188} INFO - [2025-01-30T00:31:33.885+0000] {dagbag.py:538} INFO - Filling up the DagBag from /home/airflow/.local/lib/python3.8/site-packages/airflow/example_dags/example_branch_python_dop_operator_3.py
[2025-01-30T00:31:33.994+0000] {processor.py:840} INFO - DAG(s) 'example_branch_dop_operator_v3' retrieved from /home/airflow/.local/lib/python3.8/site-packages/airflow/example_dags/example_branch_python_dop_operator_3.py
[2025-01-30T00:31:34.173+0000] {logging_mixin.py:188} INFO - [2025-01-30T00:31:34.173+0000] {dag.py:3036} INFO - Sync 1 DAGs
[2025-01-30T00:31:34.267+0000] {logging_mixin.py:188} INFO - [2025-01-30T00:31:34.267+0000] {dag.py:3823} INFO - Setting next_dagrun for example_branch_dop_operator_v3 to 2025-01-30 00:30:00+00:00, run_after=2025-01-30 00:31:00+00:00
[2025-01-30T00:31:34.345+0000] {processor.py:183} INFO - Processing /home/airflow/.local/lib/python3.8/site-packages/airflow/example_dags/example_branch_python_dop_operator_3.py took 0.528 seconds
[2025-01-30T00:32:04.744+0000] {processor.py:161} INFO - Started process (PID=6433) to work on /home/airflow/.local/lib/python3.8/site-packages/airflow/example_dags/example_branch_python_dop_operator_3.py
[2025-01-30T00:32:04.800+0000] {processor.py:830} INFO - Processing file /home/airflow/.local/lib/python3.8/site-packages/airflow/example_dags/example_branch_python_dop_operator_3.py for tasks to queue
[2025-01-30T00:32:04.804+0000] {logging_mixin.py:188} INFO - [2025-01-30T00:32:04.803+0000] {dagbag.py:538} INFO - Filling up the DagBag from /home/airflow/.local/lib/python3.8/site-packages/airflow/example_dags/example_branch_python_dop_operator_3.py
[2025-01-30T00:32:04.868+0000] {processor.py:840} INFO - DAG(s) 'example_branch_dop_operator_v3' retrieved from /home/airflow/.local/lib/python3.8/site-packages/airflow/example_dags/example_branch_python_dop_operator_3.py
[2025-01-30T00:32:05.101+0000] {logging_mixin.py:188} INFO - [2025-01-30T00:32:05.100+0000] {dag.py:3036} INFO - Sync 1 DAGs
[2025-01-30T00:32:05.223+0000] {logging_mixin.py:188} INFO - [2025-01-30T00:32:05.222+0000] {dag.py:3823} INFO - Setting next_dagrun for example_branch_dop_operator_v3 to 2025-01-30 00:31:00+00:00, run_after=2025-01-30 00:32:00+00:00
[2025-01-30T00:32:05.283+0000] {processor.py:183} INFO - Processing /home/airflow/.local/lib/python3.8/site-packages/airflow/example_dags/example_branch_python_dop_operator_3.py took 0.558 seconds
[2025-01-30T00:32:35.970+0000] {processor.py:161} INFO - Started process (PID=6490) to work on /home/airflow/.local/lib/python3.8/site-packages/airflow/example_dags/example_branch_python_dop_operator_3.py
[2025-01-30T00:32:35.989+0000] {processor.py:830} INFO - Processing file /home/airflow/.local/lib/python3.8/site-packages/airflow/example_dags/example_branch_python_dop_operator_3.py for tasks to queue
[2025-01-30T00:32:36.003+0000] {logging_mixin.py:188} INFO - [2025-01-30T00:32:36.001+0000] {dagbag.py:538} INFO - Filling up the DagBag from /home/airflow/.local/lib/python3.8/site-packages/airflow/example_dags/example_branch_python_dop_operator_3.py
[2025-01-30T00:32:36.159+0000] {processor.py:840} INFO - DAG(s) 'example_branch_dop_operator_v3' retrieved from /home/airflow/.local/lib/python3.8/site-packages/airflow/example_dags/example_branch_python_dop_operator_3.py
[2025-01-30T00:32:36.326+0000] {logging_mixin.py:188} INFO - [2025-01-30T00:32:36.325+0000] {dag.py:3036} INFO - Sync 1 DAGs
[2025-01-30T00:32:36.510+0000] {logging_mixin.py:188} INFO - [2025-01-30T00:32:36.510+0000] {dag.py:3823} INFO - Setting next_dagrun for example_branch_dop_operator_v3 to 2025-01-30 00:31:00+00:00, run_after=2025-01-30 00:32:00+00:00
[2025-01-30T00:32:36.682+0000] {processor.py:183} INFO - Processing /home/airflow/.local/lib/python3.8/site-packages/airflow/example_dags/example_branch_python_dop_operator_3.py took 0.744 seconds
[2025-01-30T00:33:06.997+0000] {processor.py:161} INFO - Started process (PID=6546) to work on /home/airflow/.local/lib/python3.8/site-packages/airflow/example_dags/example_branch_python_dop_operator_3.py
[2025-01-30T00:33:07.004+0000] {processor.py:830} INFO - Processing file /home/airflow/.local/lib/python3.8/site-packages/airflow/example_dags/example_branch_python_dop_operator_3.py for tasks to queue
[2025-01-30T00:33:07.007+0000] {logging_mixin.py:188} INFO - [2025-01-30T00:33:07.006+0000] {dagbag.py:538} INFO - Filling up the DagBag from /home/airflow/.local/lib/python3.8/site-packages/airflow/example_dags/example_branch_python_dop_operator_3.py
[2025-01-30T00:33:07.057+0000] {processor.py:840} INFO - DAG(s) 'example_branch_dop_operator_v3' retrieved from /home/airflow/.local/lib/python3.8/site-packages/airflow/example_dags/example_branch_python_dop_operator_3.py
[2025-01-30T00:33:07.198+0000] {logging_mixin.py:188} INFO - [2025-01-30T00:33:07.197+0000] {dag.py:3036} INFO - Sync 1 DAGs
[2025-01-30T00:33:07.298+0000] {logging_mixin.py:188} INFO - [2025-01-30T00:33:07.297+0000] {dag.py:3823} INFO - Setting next_dagrun for example_branch_dop_operator_v3 to 2025-01-30 00:32:00+00:00, run_after=2025-01-30 00:33:00+00:00
[2025-01-30T00:33:07.362+0000] {processor.py:183} INFO - Processing /home/airflow/.local/lib/python3.8/site-packages/airflow/example_dags/example_branch_python_dop_operator_3.py took 0.379 seconds
[2025-01-30T00:33:37.501+0000] {processor.py:161} INFO - Started process (PID=6602) to work on /home/airflow/.local/lib/python3.8/site-packages/airflow/example_dags/example_branch_python_dop_operator_3.py
[2025-01-30T00:33:37.505+0000] {processor.py:830} INFO - Processing file /home/airflow/.local/lib/python3.8/site-packages/airflow/example_dags/example_branch_python_dop_operator_3.py for tasks to queue
[2025-01-30T00:33:37.508+0000] {logging_mixin.py:188} INFO - [2025-01-30T00:33:37.508+0000] {dagbag.py:538} INFO - Filling up the DagBag from /home/airflow/.local/lib/python3.8/site-packages/airflow/example_dags/example_branch_python_dop_operator_3.py
[2025-01-30T00:33:37.552+0000] {processor.py:840} INFO - DAG(s) 'example_branch_dop_operator_v3' retrieved from /home/airflow/.local/lib/python3.8/site-packages/airflow/example_dags/example_branch_python_dop_operator_3.py
[2025-01-30T00:33:37.712+0000] {logging_mixin.py:188} INFO - [2025-01-30T00:33:37.701+0000] {dag.py:3036} INFO - Sync 1 DAGs
[2025-01-30T00:33:38.095+0000] {logging_mixin.py:188} INFO - [2025-01-30T00:33:38.094+0000] {dag.py:3823} INFO - Setting next_dagrun for example_branch_dop_operator_v3 to 2025-01-30 00:32:00+00:00, run_after=2025-01-30 00:33:00+00:00
[2025-01-30T00:33:38.331+0000] {processor.py:183} INFO - Processing /home/airflow/.local/lib/python3.8/site-packages/airflow/example_dags/example_branch_python_dop_operator_3.py took 0.837 seconds
