[2025-01-30T00:00:21.351+0000] {processor.py:161} INFO - Started process (PID=3059) to work on /home/airflow/.local/lib/python3.8/site-packages/airflow/example_dags/example_dag_decorator.py
[2025-01-30T00:00:21.355+0000] {processor.py:830} INFO - Processing file /home/airflow/.local/lib/python3.8/site-packages/airflow/example_dags/example_dag_decorator.py for tasks to queue
[2025-01-30T00:00:21.358+0000] {logging_mixin.py:188} INFO - [2025-01-30T00:00:21.357+0000] {dagbag.py:538} INFO - Filling up the DagBag from /home/airflow/.local/lib/python3.8/site-packages/airflow/example_dags/example_dag_decorator.py
[2025-01-30T00:00:21.669+0000] {processor.py:840} INFO - DAG(s) 'example_dag_decorator' retrieved from /home/airflow/.local/lib/python3.8/site-packages/airflow/example_dags/example_dag_decorator.py
[2025-01-30T00:00:21.738+0000] {logging_mixin.py:188} INFO - [2025-01-30T00:00:21.737+0000] {dag.py:3036} INFO - Sync 1 DAGs
[2025-01-30T00:00:21.781+0000] {logging_mixin.py:188} INFO - [2025-01-30T00:00:21.780+0000] {dag.py:3823} INFO - Setting next_dagrun for example_dag_decorator to None, run_after=None
[2025-01-30T00:00:21.833+0000] {processor.py:183} INFO - Processing /home/airflow/.local/lib/python3.8/site-packages/airflow/example_dags/example_dag_decorator.py took 0.492 seconds
[2025-01-30T00:00:52.284+0000] {processor.py:161} INFO - Started process (PID=3115) to work on /home/airflow/.local/lib/python3.8/site-packages/airflow/example_dags/example_dag_decorator.py
[2025-01-30T00:00:52.295+0000] {processor.py:830} INFO - Processing file /home/airflow/.local/lib/python3.8/site-packages/airflow/example_dags/example_dag_decorator.py for tasks to queue
[2025-01-30T00:00:52.299+0000] {logging_mixin.py:188} INFO - [2025-01-30T00:00:52.298+0000] {dagbag.py:538} INFO - Filling up the DagBag from /home/airflow/.local/lib/python3.8/site-packages/airflow/example_dags/example_dag_decorator.py
[2025-01-30T00:00:52.765+0000] {processor.py:840} INFO - DAG(s) 'example_dag_decorator' retrieved from /home/airflow/.local/lib/python3.8/site-packages/airflow/example_dags/example_dag_decorator.py
[2025-01-30T00:00:52.864+0000] {logging_mixin.py:188} INFO - [2025-01-30T00:00:52.863+0000] {dag.py:3036} INFO - Sync 1 DAGs
[2025-01-30T00:00:52.903+0000] {logging_mixin.py:188} INFO - [2025-01-30T00:00:52.903+0000] {dag.py:3823} INFO - Setting next_dagrun for example_dag_decorator to None, run_after=None
[2025-01-30T00:00:52.981+0000] {processor.py:183} INFO - Processing /home/airflow/.local/lib/python3.8/site-packages/airflow/example_dags/example_dag_decorator.py took 0.720 seconds
[2025-01-30T00:01:23.780+0000] {processor.py:161} INFO - Started process (PID=3172) to work on /home/airflow/.local/lib/python3.8/site-packages/airflow/example_dags/example_dag_decorator.py
[2025-01-30T00:01:23.785+0000] {processor.py:830} INFO - Processing file /home/airflow/.local/lib/python3.8/site-packages/airflow/example_dags/example_dag_decorator.py for tasks to queue
[2025-01-30T00:01:23.789+0000] {logging_mixin.py:188} INFO - [2025-01-30T00:01:23.788+0000] {dagbag.py:538} INFO - Filling up the DagBag from /home/airflow/.local/lib/python3.8/site-packages/airflow/example_dags/example_dag_decorator.py
[2025-01-30T00:01:24.575+0000] {processor.py:840} INFO - DAG(s) 'example_dag_decorator' retrieved from /home/airflow/.local/lib/python3.8/site-packages/airflow/example_dags/example_dag_decorator.py
[2025-01-30T00:01:24.686+0000] {logging_mixin.py:188} INFO - [2025-01-30T00:01:24.685+0000] {dag.py:3036} INFO - Sync 1 DAGs
[2025-01-30T00:01:24.736+0000] {logging_mixin.py:188} INFO - [2025-01-30T00:01:24.735+0000] {dag.py:3823} INFO - Setting next_dagrun for example_dag_decorator to None, run_after=None
[2025-01-30T00:01:24.806+0000] {processor.py:183} INFO - Processing /home/airflow/.local/lib/python3.8/site-packages/airflow/example_dags/example_dag_decorator.py took 1.059 seconds
[2025-01-30T00:01:55.227+0000] {processor.py:161} INFO - Started process (PID=3227) to work on /home/airflow/.local/lib/python3.8/site-packages/airflow/example_dags/example_dag_decorator.py
[2025-01-30T00:01:55.231+0000] {processor.py:830} INFO - Processing file /home/airflow/.local/lib/python3.8/site-packages/airflow/example_dags/example_dag_decorator.py for tasks to queue
[2025-01-30T00:01:55.234+0000] {logging_mixin.py:188} INFO - [2025-01-30T00:01:55.233+0000] {dagbag.py:538} INFO - Filling up the DagBag from /home/airflow/.local/lib/python3.8/site-packages/airflow/example_dags/example_dag_decorator.py
[2025-01-30T00:01:55.522+0000] {processor.py:840} INFO - DAG(s) 'example_dag_decorator' retrieved from /home/airflow/.local/lib/python3.8/site-packages/airflow/example_dags/example_dag_decorator.py
[2025-01-30T00:01:55.893+0000] {logging_mixin.py:188} INFO - [2025-01-30T00:01:55.892+0000] {dag.py:3036} INFO - Sync 1 DAGs
[2025-01-30T00:01:55.931+0000] {logging_mixin.py:188} INFO - [2025-01-30T00:01:55.931+0000] {dag.py:3823} INFO - Setting next_dagrun for example_dag_decorator to None, run_after=None
[2025-01-30T00:01:55.992+0000] {processor.py:183} INFO - Processing /home/airflow/.local/lib/python3.8/site-packages/airflow/example_dags/example_dag_decorator.py took 0.777 seconds
[2025-01-30T00:02:26.425+0000] {processor.py:161} INFO - Started process (PID=3284) to work on /home/airflow/.local/lib/python3.8/site-packages/airflow/example_dags/example_dag_decorator.py
[2025-01-30T00:02:26.427+0000] {processor.py:830} INFO - Processing file /home/airflow/.local/lib/python3.8/site-packages/airflow/example_dags/example_dag_decorator.py for tasks to queue
[2025-01-30T00:02:26.430+0000] {logging_mixin.py:188} INFO - [2025-01-30T00:02:26.429+0000] {dagbag.py:538} INFO - Filling up the DagBag from /home/airflow/.local/lib/python3.8/site-packages/airflow/example_dags/example_dag_decorator.py
[2025-01-30T00:02:26.823+0000] {processor.py:840} INFO - DAG(s) 'example_dag_decorator' retrieved from /home/airflow/.local/lib/python3.8/site-packages/airflow/example_dags/example_dag_decorator.py
[2025-01-30T00:02:26.942+0000] {logging_mixin.py:188} INFO - [2025-01-30T00:02:26.941+0000] {dag.py:3036} INFO - Sync 1 DAGs
[2025-01-30T00:02:27.000+0000] {logging_mixin.py:188} INFO - [2025-01-30T00:02:26.999+0000] {dag.py:3823} INFO - Setting next_dagrun for example_dag_decorator to None, run_after=None
[2025-01-30T00:02:27.082+0000] {processor.py:183} INFO - Processing /home/airflow/.local/lib/python3.8/site-packages/airflow/example_dags/example_dag_decorator.py took 0.667 seconds
[2025-01-30T00:02:57.246+0000] {processor.py:161} INFO - Started process (PID=3341) to work on /home/airflow/.local/lib/python3.8/site-packages/airflow/example_dags/example_dag_decorator.py
[2025-01-30T00:02:57.248+0000] {processor.py:830} INFO - Processing file /home/airflow/.local/lib/python3.8/site-packages/airflow/example_dags/example_dag_decorator.py for tasks to queue
[2025-01-30T00:02:57.250+0000] {logging_mixin.py:188} INFO - [2025-01-30T00:02:57.250+0000] {dagbag.py:538} INFO - Filling up the DagBag from /home/airflow/.local/lib/python3.8/site-packages/airflow/example_dags/example_dag_decorator.py
[2025-01-30T00:02:57.484+0000] {processor.py:840} INFO - DAG(s) 'example_dag_decorator' retrieved from /home/airflow/.local/lib/python3.8/site-packages/airflow/example_dags/example_dag_decorator.py
[2025-01-30T00:02:57.787+0000] {logging_mixin.py:188} INFO - [2025-01-30T00:02:57.787+0000] {dag.py:3036} INFO - Sync 1 DAGs
[2025-01-30T00:02:57.817+0000] {logging_mixin.py:188} INFO - [2025-01-30T00:02:57.817+0000] {dag.py:3823} INFO - Setting next_dagrun for example_dag_decorator to None, run_after=None
[2025-01-30T00:02:57.864+0000] {processor.py:183} INFO - Processing /home/airflow/.local/lib/python3.8/site-packages/airflow/example_dags/example_dag_decorator.py took 0.625 seconds
[2025-01-30T00:03:28.000+0000] {processor.py:161} INFO - Started process (PID=3394) to work on /home/airflow/.local/lib/python3.8/site-packages/airflow/example_dags/example_dag_decorator.py
[2025-01-30T00:03:28.008+0000] {processor.py:830} INFO - Processing file /home/airflow/.local/lib/python3.8/site-packages/airflow/example_dags/example_dag_decorator.py for tasks to queue
[2025-01-30T00:03:28.016+0000] {logging_mixin.py:188} INFO - [2025-01-30T00:03:28.015+0000] {dagbag.py:538} INFO - Filling up the DagBag from /home/airflow/.local/lib/python3.8/site-packages/airflow/example_dags/example_dag_decorator.py
[2025-01-30T00:03:28.557+0000] {processor.py:840} INFO - DAG(s) 'example_dag_decorator' retrieved from /home/airflow/.local/lib/python3.8/site-packages/airflow/example_dags/example_dag_decorator.py
[2025-01-30T00:03:29.016+0000] {logging_mixin.py:188} INFO - [2025-01-30T00:03:29.015+0000] {dag.py:3036} INFO - Sync 1 DAGs
[2025-01-30T00:03:29.045+0000] {logging_mixin.py:188} INFO - [2025-01-30T00:03:29.044+0000] {dag.py:3823} INFO - Setting next_dagrun for example_dag_decorator to None, run_after=None
[2025-01-30T00:03:29.110+0000] {processor.py:183} INFO - Processing /home/airflow/.local/lib/python3.8/site-packages/airflow/example_dags/example_dag_decorator.py took 1.122 seconds
[2025-01-30T00:03:59.580+0000] {processor.py:161} INFO - Started process (PID=3448) to work on /home/airflow/.local/lib/python3.8/site-packages/airflow/example_dags/example_dag_decorator.py
[2025-01-30T00:03:59.582+0000] {processor.py:830} INFO - Processing file /home/airflow/.local/lib/python3.8/site-packages/airflow/example_dags/example_dag_decorator.py for tasks to queue
[2025-01-30T00:03:59.584+0000] {logging_mixin.py:188} INFO - [2025-01-30T00:03:59.583+0000] {dagbag.py:538} INFO - Filling up the DagBag from /home/airflow/.local/lib/python3.8/site-packages/airflow/example_dags/example_dag_decorator.py
[2025-01-30T00:03:59.795+0000] {processor.py:840} INFO - DAG(s) 'example_dag_decorator' retrieved from /home/airflow/.local/lib/python3.8/site-packages/airflow/example_dags/example_dag_decorator.py
[2025-01-30T00:04:00.052+0000] {logging_mixin.py:188} INFO - [2025-01-30T00:04:00.052+0000] {dag.py:3036} INFO - Sync 1 DAGs
[2025-01-30T00:04:00.083+0000] {logging_mixin.py:188} INFO - [2025-01-30T00:04:00.083+0000] {dag.py:3823} INFO - Setting next_dagrun for example_dag_decorator to None, run_after=None
[2025-01-30T00:04:00.124+0000] {processor.py:183} INFO - Processing /home/airflow/.local/lib/python3.8/site-packages/airflow/example_dags/example_dag_decorator.py took 0.552 seconds
[2025-01-30T00:04:30.256+0000] {processor.py:161} INFO - Started process (PID=3505) to work on /home/airflow/.local/lib/python3.8/site-packages/airflow/example_dags/example_dag_decorator.py
[2025-01-30T00:04:30.258+0000] {processor.py:830} INFO - Processing file /home/airflow/.local/lib/python3.8/site-packages/airflow/example_dags/example_dag_decorator.py for tasks to queue
[2025-01-30T00:04:30.262+0000] {logging_mixin.py:188} INFO - [2025-01-30T00:04:30.261+0000] {dagbag.py:538} INFO - Filling up the DagBag from /home/airflow/.local/lib/python3.8/site-packages/airflow/example_dags/example_dag_decorator.py
[2025-01-30T00:04:31.406+0000] {processor.py:840} INFO - DAG(s) 'example_dag_decorator' retrieved from /home/airflow/.local/lib/python3.8/site-packages/airflow/example_dags/example_dag_decorator.py
[2025-01-30T00:04:32.046+0000] {logging_mixin.py:188} INFO - [2025-01-30T00:04:32.045+0000] {dag.py:3036} INFO - Sync 1 DAGs
[2025-01-30T00:04:32.115+0000] {logging_mixin.py:188} INFO - [2025-01-30T00:04:32.115+0000] {dag.py:3823} INFO - Setting next_dagrun for example_dag_decorator to None, run_after=None
[2025-01-30T00:04:32.284+0000] {processor.py:183} INFO - Processing /home/airflow/.local/lib/python3.8/site-packages/airflow/example_dags/example_dag_decorator.py took 2.044 seconds
[2025-01-30T00:05:03.205+0000] {processor.py:161} INFO - Started process (PID=3567) to work on /home/airflow/.local/lib/python3.8/site-packages/airflow/example_dags/example_dag_decorator.py
[2025-01-30T00:05:03.207+0000] {processor.py:830} INFO - Processing file /home/airflow/.local/lib/python3.8/site-packages/airflow/example_dags/example_dag_decorator.py for tasks to queue
[2025-01-30T00:05:03.209+0000] {logging_mixin.py:188} INFO - [2025-01-30T00:05:03.208+0000] {dagbag.py:538} INFO - Filling up the DagBag from /home/airflow/.local/lib/python3.8/site-packages/airflow/example_dags/example_dag_decorator.py
[2025-01-30T00:05:03.495+0000] {processor.py:840} INFO - DAG(s) 'example_dag_decorator' retrieved from /home/airflow/.local/lib/python3.8/site-packages/airflow/example_dags/example_dag_decorator.py
[2025-01-30T00:05:03.844+0000] {logging_mixin.py:188} INFO - [2025-01-30T00:05:03.843+0000] {dag.py:3036} INFO - Sync 1 DAGs
[2025-01-30T00:05:03.891+0000] {logging_mixin.py:188} INFO - [2025-01-30T00:05:03.891+0000] {dag.py:3823} INFO - Setting next_dagrun for example_dag_decorator to None, run_after=None
[2025-01-30T00:05:03.944+0000] {processor.py:183} INFO - Processing /home/airflow/.local/lib/python3.8/site-packages/airflow/example_dags/example_dag_decorator.py took 0.747 seconds
[2025-01-30T00:05:34.064+0000] {processor.py:161} INFO - Started process (PID=3624) to work on /home/airflow/.local/lib/python3.8/site-packages/airflow/example_dags/example_dag_decorator.py
[2025-01-30T00:05:34.066+0000] {processor.py:830} INFO - Processing file /home/airflow/.local/lib/python3.8/site-packages/airflow/example_dags/example_dag_decorator.py for tasks to queue
[2025-01-30T00:05:34.069+0000] {logging_mixin.py:188} INFO - [2025-01-30T00:05:34.068+0000] {dagbag.py:538} INFO - Filling up the DagBag from /home/airflow/.local/lib/python3.8/site-packages/airflow/example_dags/example_dag_decorator.py
[2025-01-30T00:05:34.631+0000] {processor.py:840} INFO - DAG(s) 'example_dag_decorator' retrieved from /home/airflow/.local/lib/python3.8/site-packages/airflow/example_dags/example_dag_decorator.py
[2025-01-30T00:05:35.550+0000] {logging_mixin.py:188} INFO - [2025-01-30T00:05:35.549+0000] {dag.py:3036} INFO - Sync 1 DAGs
[2025-01-30T00:05:35.608+0000] {logging_mixin.py:188} INFO - [2025-01-30T00:05:35.607+0000] {dag.py:3823} INFO - Setting next_dagrun for example_dag_decorator to None, run_after=None
[2025-01-30T00:05:35.709+0000] {processor.py:183} INFO - Processing /home/airflow/.local/lib/python3.8/site-packages/airflow/example_dags/example_dag_decorator.py took 1.656 seconds
[2025-01-30T00:06:06.275+0000] {processor.py:161} INFO - Started process (PID=3680) to work on /home/airflow/.local/lib/python3.8/site-packages/airflow/example_dags/example_dag_decorator.py
[2025-01-30T00:06:06.294+0000] {processor.py:830} INFO - Processing file /home/airflow/.local/lib/python3.8/site-packages/airflow/example_dags/example_dag_decorator.py for tasks to queue
[2025-01-30T00:06:06.306+0000] {logging_mixin.py:188} INFO - [2025-01-30T00:06:06.305+0000] {dagbag.py:538} INFO - Filling up the DagBag from /home/airflow/.local/lib/python3.8/site-packages/airflow/example_dags/example_dag_decorator.py
[2025-01-30T00:06:06.675+0000] {processor.py:840} INFO - DAG(s) 'example_dag_decorator' retrieved from /home/airflow/.local/lib/python3.8/site-packages/airflow/example_dags/example_dag_decorator.py
[2025-01-30T00:06:07.210+0000] {logging_mixin.py:188} INFO - [2025-01-30T00:06:07.210+0000] {dag.py:3036} INFO - Sync 1 DAGs
[2025-01-30T00:06:07.244+0000] {logging_mixin.py:188} INFO - [2025-01-30T00:06:07.244+0000] {dag.py:3823} INFO - Setting next_dagrun for example_dag_decorator to None, run_after=None
[2025-01-30T00:06:07.370+0000] {processor.py:183} INFO - Processing /home/airflow/.local/lib/python3.8/site-packages/airflow/example_dags/example_dag_decorator.py took 1.122 seconds
[2025-01-30T00:06:38.150+0000] {processor.py:161} INFO - Started process (PID=3737) to work on /home/airflow/.local/lib/python3.8/site-packages/airflow/example_dags/example_dag_decorator.py
[2025-01-30T00:06:38.152+0000] {processor.py:830} INFO - Processing file /home/airflow/.local/lib/python3.8/site-packages/airflow/example_dags/example_dag_decorator.py for tasks to queue
[2025-01-30T00:06:38.154+0000] {logging_mixin.py:188} INFO - [2025-01-30T00:06:38.154+0000] {dagbag.py:538} INFO - Filling up the DagBag from /home/airflow/.local/lib/python3.8/site-packages/airflow/example_dags/example_dag_decorator.py
[2025-01-30T00:06:38.447+0000] {processor.py:840} INFO - DAG(s) 'example_dag_decorator' retrieved from /home/airflow/.local/lib/python3.8/site-packages/airflow/example_dags/example_dag_decorator.py
[2025-01-30T00:06:38.753+0000] {logging_mixin.py:188} INFO - [2025-01-30T00:06:38.753+0000] {dag.py:3036} INFO - Sync 1 DAGs
[2025-01-30T00:06:38.781+0000] {logging_mixin.py:188} INFO - [2025-01-30T00:06:38.781+0000] {dag.py:3823} INFO - Setting next_dagrun for example_dag_decorator to None, run_after=None
[2025-01-30T00:06:38.819+0000] {processor.py:183} INFO - Processing /home/airflow/.local/lib/python3.8/site-packages/airflow/example_dags/example_dag_decorator.py took 0.677 seconds
[2025-01-30T00:07:11.064+0000] {processor.py:161} INFO - Started process (PID=3793) to work on /home/airflow/.local/lib/python3.8/site-packages/airflow/example_dags/example_dag_decorator.py
[2025-01-30T00:07:11.118+0000] {processor.py:830} INFO - Processing file /home/airflow/.local/lib/python3.8/site-packages/airflow/example_dags/example_dag_decorator.py for tasks to queue
[2025-01-30T00:07:11.144+0000] {logging_mixin.py:188} INFO - [2025-01-30T00:07:11.142+0000] {dagbag.py:538} INFO - Filling up the DagBag from /home/airflow/.local/lib/python3.8/site-packages/airflow/example_dags/example_dag_decorator.py
[2025-01-30T00:07:11.917+0000] {processor.py:840} INFO - DAG(s) 'example_dag_decorator' retrieved from /home/airflow/.local/lib/python3.8/site-packages/airflow/example_dags/example_dag_decorator.py
[2025-01-30T00:07:12.820+0000] {logging_mixin.py:188} INFO - [2025-01-30T00:07:12.819+0000] {dag.py:3036} INFO - Sync 1 DAGs
[2025-01-30T00:07:12.883+0000] {logging_mixin.py:188} INFO - [2025-01-30T00:07:12.882+0000] {dag.py:3823} INFO - Setting next_dagrun for example_dag_decorator to None, run_after=None
[2025-01-30T00:07:13.147+0000] {processor.py:183} INFO - Processing /home/airflow/.local/lib/python3.8/site-packages/airflow/example_dags/example_dag_decorator.py took 2.104 seconds
[2025-01-30T00:07:43.873+0000] {processor.py:161} INFO - Started process (PID=3850) to work on /home/airflow/.local/lib/python3.8/site-packages/airflow/example_dags/example_dag_decorator.py
[2025-01-30T00:07:43.902+0000] {processor.py:830} INFO - Processing file /home/airflow/.local/lib/python3.8/site-packages/airflow/example_dags/example_dag_decorator.py for tasks to queue
[2025-01-30T00:07:43.905+0000] {logging_mixin.py:188} INFO - [2025-01-30T00:07:43.905+0000] {dagbag.py:538} INFO - Filling up the DagBag from /home/airflow/.local/lib/python3.8/site-packages/airflow/example_dags/example_dag_decorator.py
[2025-01-30T00:07:44.492+0000] {processor.py:840} INFO - DAG(s) 'example_dag_decorator' retrieved from /home/airflow/.local/lib/python3.8/site-packages/airflow/example_dags/example_dag_decorator.py
[2025-01-30T00:07:44.795+0000] {logging_mixin.py:188} INFO - [2025-01-30T00:07:44.794+0000] {dag.py:3036} INFO - Sync 1 DAGs
[2025-01-30T00:07:44.830+0000] {logging_mixin.py:188} INFO - [2025-01-30T00:07:44.830+0000] {dag.py:3823} INFO - Setting next_dagrun for example_dag_decorator to None, run_after=None
[2025-01-30T00:07:44.887+0000] {processor.py:183} INFO - Processing /home/airflow/.local/lib/python3.8/site-packages/airflow/example_dags/example_dag_decorator.py took 1.029 seconds
[2025-01-30T00:08:15.798+0000] {processor.py:161} INFO - Started process (PID=3907) to work on /home/airflow/.local/lib/python3.8/site-packages/airflow/example_dags/example_dag_decorator.py
[2025-01-30T00:08:15.807+0000] {processor.py:830} INFO - Processing file /home/airflow/.local/lib/python3.8/site-packages/airflow/example_dags/example_dag_decorator.py for tasks to queue
[2025-01-30T00:08:15.812+0000] {logging_mixin.py:188} INFO - [2025-01-30T00:08:15.811+0000] {dagbag.py:538} INFO - Filling up the DagBag from /home/airflow/.local/lib/python3.8/site-packages/airflow/example_dags/example_dag_decorator.py
[2025-01-30T00:08:16.194+0000] {processor.py:840} INFO - DAG(s) 'example_dag_decorator' retrieved from /home/airflow/.local/lib/python3.8/site-packages/airflow/example_dags/example_dag_decorator.py
[2025-01-30T00:08:16.881+0000] {logging_mixin.py:188} INFO - [2025-01-30T00:08:16.880+0000] {dag.py:3036} INFO - Sync 1 DAGs
[2025-01-30T00:08:16.946+0000] {logging_mixin.py:188} INFO - [2025-01-30T00:08:16.946+0000] {dag.py:3823} INFO - Setting next_dagrun for example_dag_decorator to None, run_after=None
[2025-01-30T00:08:17.049+0000] {processor.py:183} INFO - Processing /home/airflow/.local/lib/python3.8/site-packages/airflow/example_dags/example_dag_decorator.py took 1.269 seconds
[2025-01-30T00:08:48.962+0000] {processor.py:161} INFO - Started process (PID=3964) to work on /home/airflow/.local/lib/python3.8/site-packages/airflow/example_dags/example_dag_decorator.py
[2025-01-30T00:08:48.969+0000] {processor.py:830} INFO - Processing file /home/airflow/.local/lib/python3.8/site-packages/airflow/example_dags/example_dag_decorator.py for tasks to queue
[2025-01-30T00:08:48.972+0000] {logging_mixin.py:188} INFO - [2025-01-30T00:08:48.971+0000] {dagbag.py:538} INFO - Filling up the DagBag from /home/airflow/.local/lib/python3.8/site-packages/airflow/example_dags/example_dag_decorator.py
[2025-01-30T00:08:50.482+0000] {processor.py:840} INFO - DAG(s) 'example_dag_decorator' retrieved from /home/airflow/.local/lib/python3.8/site-packages/airflow/example_dags/example_dag_decorator.py
[2025-01-30T00:08:51.463+0000] {logging_mixin.py:188} INFO - [2025-01-30T00:08:51.462+0000] {dag.py:3036} INFO - Sync 1 DAGs
[2025-01-30T00:08:51.539+0000] {logging_mixin.py:188} INFO - [2025-01-30T00:08:51.539+0000] {dag.py:3823} INFO - Setting next_dagrun for example_dag_decorator to None, run_after=None
[2025-01-30T00:08:51.671+0000] {processor.py:183} INFO - Processing /home/airflow/.local/lib/python3.8/site-packages/airflow/example_dags/example_dag_decorator.py took 2.726 seconds
[2025-01-30T00:09:24.647+0000] {processor.py:161} INFO - Started process (PID=4022) to work on /home/airflow/.local/lib/python3.8/site-packages/airflow/example_dags/example_dag_decorator.py
[2025-01-30T00:09:24.660+0000] {processor.py:830} INFO - Processing file /home/airflow/.local/lib/python3.8/site-packages/airflow/example_dags/example_dag_decorator.py for tasks to queue
[2025-01-30T00:09:24.673+0000] {logging_mixin.py:188} INFO - [2025-01-30T00:09:24.671+0000] {dagbag.py:538} INFO - Filling up the DagBag from /home/airflow/.local/lib/python3.8/site-packages/airflow/example_dags/example_dag_decorator.py
[2025-01-30T00:09:25.617+0000] {processor.py:840} INFO - DAG(s) 'example_dag_decorator' retrieved from /home/airflow/.local/lib/python3.8/site-packages/airflow/example_dags/example_dag_decorator.py
[2025-01-30T00:09:26.629+0000] {logging_mixin.py:188} INFO - [2025-01-30T00:09:26.629+0000] {dag.py:3036} INFO - Sync 1 DAGs
[2025-01-30T00:09:26.733+0000] {logging_mixin.py:188} INFO - [2025-01-30T00:09:26.732+0000] {dag.py:3823} INFO - Setting next_dagrun for example_dag_decorator to None, run_after=None
[2025-01-30T00:09:27.089+0000] {processor.py:183} INFO - Processing /home/airflow/.local/lib/python3.8/site-packages/airflow/example_dags/example_dag_decorator.py took 2.488 seconds
[2025-01-30T00:09:57.721+0000] {processor.py:161} INFO - Started process (PID=4076) to work on /home/airflow/.local/lib/python3.8/site-packages/airflow/example_dags/example_dag_decorator.py
[2025-01-30T00:09:57.745+0000] {processor.py:830} INFO - Processing file /home/airflow/.local/lib/python3.8/site-packages/airflow/example_dags/example_dag_decorator.py for tasks to queue
[2025-01-30T00:09:57.759+0000] {logging_mixin.py:188} INFO - [2025-01-30T00:09:57.758+0000] {dagbag.py:538} INFO - Filling up the DagBag from /home/airflow/.local/lib/python3.8/site-packages/airflow/example_dags/example_dag_decorator.py
[2025-01-30T00:09:58.614+0000] {processor.py:840} INFO - DAG(s) 'example_dag_decorator' retrieved from /home/airflow/.local/lib/python3.8/site-packages/airflow/example_dags/example_dag_decorator.py
[2025-01-30T00:09:59.242+0000] {logging_mixin.py:188} INFO - [2025-01-30T00:09:59.241+0000] {dag.py:3036} INFO - Sync 1 DAGs
[2025-01-30T00:09:59.343+0000] {logging_mixin.py:188} INFO - [2025-01-30T00:09:59.342+0000] {dag.py:3823} INFO - Setting next_dagrun for example_dag_decorator to None, run_after=None
[2025-01-30T00:09:59.529+0000] {processor.py:183} INFO - Processing /home/airflow/.local/lib/python3.8/site-packages/airflow/example_dags/example_dag_decorator.py took 1.817 seconds
[2025-01-30T00:10:30.504+0000] {processor.py:161} INFO - Started process (PID=4134) to work on /home/airflow/.local/lib/python3.8/site-packages/airflow/example_dags/example_dag_decorator.py
[2025-01-30T00:10:30.508+0000] {processor.py:830} INFO - Processing file /home/airflow/.local/lib/python3.8/site-packages/airflow/example_dags/example_dag_decorator.py for tasks to queue
[2025-01-30T00:10:30.511+0000] {logging_mixin.py:188} INFO - [2025-01-30T00:10:30.510+0000] {dagbag.py:538} INFO - Filling up the DagBag from /home/airflow/.local/lib/python3.8/site-packages/airflow/example_dags/example_dag_decorator.py
[2025-01-30T00:10:30.750+0000] {processor.py:840} INFO - DAG(s) 'example_dag_decorator' retrieved from /home/airflow/.local/lib/python3.8/site-packages/airflow/example_dags/example_dag_decorator.py
[2025-01-30T00:10:31.333+0000] {logging_mixin.py:188} INFO - [2025-01-30T00:10:31.332+0000] {dag.py:3036} INFO - Sync 1 DAGs
[2025-01-30T00:10:31.367+0000] {logging_mixin.py:188} INFO - [2025-01-30T00:10:31.366+0000] {dag.py:3823} INFO - Setting next_dagrun for example_dag_decorator to None, run_after=None
[2025-01-30T00:10:31.434+0000] {processor.py:183} INFO - Processing /home/airflow/.local/lib/python3.8/site-packages/airflow/example_dags/example_dag_decorator.py took 0.936 seconds
[2025-01-30T00:11:02.390+0000] {processor.py:161} INFO - Started process (PID=4193) to work on /home/airflow/.local/lib/python3.8/site-packages/airflow/example_dags/example_dag_decorator.py
[2025-01-30T00:11:02.400+0000] {processor.py:830} INFO - Processing file /home/airflow/.local/lib/python3.8/site-packages/airflow/example_dags/example_dag_decorator.py for tasks to queue
[2025-01-30T00:11:02.408+0000] {logging_mixin.py:188} INFO - [2025-01-30T00:11:02.407+0000] {dagbag.py:538} INFO - Filling up the DagBag from /home/airflow/.local/lib/python3.8/site-packages/airflow/example_dags/example_dag_decorator.py
[2025-01-30T00:11:03.431+0000] {processor.py:840} INFO - DAG(s) 'example_dag_decorator' retrieved from /home/airflow/.local/lib/python3.8/site-packages/airflow/example_dags/example_dag_decorator.py
[2025-01-30T00:11:03.771+0000] {logging_mixin.py:188} INFO - [2025-01-30T00:11:03.770+0000] {dag.py:3036} INFO - Sync 1 DAGs
[2025-01-30T00:11:03.820+0000] {logging_mixin.py:188} INFO - [2025-01-30T00:11:03.820+0000] {dag.py:3823} INFO - Setting next_dagrun for example_dag_decorator to None, run_after=None
[2025-01-30T00:11:03.906+0000] {processor.py:183} INFO - Processing /home/airflow/.local/lib/python3.8/site-packages/airflow/example_dags/example_dag_decorator.py took 1.534 seconds
[2025-01-30T00:11:35.247+0000] {processor.py:161} INFO - Started process (PID=4252) to work on /home/airflow/.local/lib/python3.8/site-packages/airflow/example_dags/example_dag_decorator.py
[2025-01-30T00:11:35.250+0000] {processor.py:830} INFO - Processing file /home/airflow/.local/lib/python3.8/site-packages/airflow/example_dags/example_dag_decorator.py for tasks to queue
[2025-01-30T00:11:35.257+0000] {logging_mixin.py:188} INFO - [2025-01-30T00:11:35.256+0000] {dagbag.py:538} INFO - Filling up the DagBag from /home/airflow/.local/lib/python3.8/site-packages/airflow/example_dags/example_dag_decorator.py
[2025-01-30T00:11:35.738+0000] {processor.py:840} INFO - DAG(s) 'example_dag_decorator' retrieved from /home/airflow/.local/lib/python3.8/site-packages/airflow/example_dags/example_dag_decorator.py
[2025-01-30T00:11:36.138+0000] {logging_mixin.py:188} INFO - [2025-01-30T00:11:36.137+0000] {dag.py:3036} INFO - Sync 1 DAGs
[2025-01-30T00:11:36.196+0000] {logging_mixin.py:188} INFO - [2025-01-30T00:11:36.196+0000] {dag.py:3823} INFO - Setting next_dagrun for example_dag_decorator to None, run_after=None
[2025-01-30T00:11:36.257+0000] {processor.py:183} INFO - Processing /home/airflow/.local/lib/python3.8/site-packages/airflow/example_dags/example_dag_decorator.py took 1.023 seconds
[2025-01-30T00:12:07.644+0000] {processor.py:161} INFO - Started process (PID=4316) to work on /home/airflow/.local/lib/python3.8/site-packages/airflow/example_dags/example_dag_decorator.py
[2025-01-30T00:12:07.651+0000] {processor.py:830} INFO - Processing file /home/airflow/.local/lib/python3.8/site-packages/airflow/example_dags/example_dag_decorator.py for tasks to queue
[2025-01-30T00:12:07.654+0000] {logging_mixin.py:188} INFO - [2025-01-30T00:12:07.654+0000] {dagbag.py:538} INFO - Filling up the DagBag from /home/airflow/.local/lib/python3.8/site-packages/airflow/example_dags/example_dag_decorator.py
[2025-01-30T00:12:08.145+0000] {processor.py:840} INFO - DAG(s) 'example_dag_decorator' retrieved from /home/airflow/.local/lib/python3.8/site-packages/airflow/example_dags/example_dag_decorator.py
[2025-01-30T00:12:08.765+0000] {logging_mixin.py:188} INFO - [2025-01-30T00:12:08.764+0000] {dag.py:3036} INFO - Sync 1 DAGs
[2025-01-30T00:12:08.827+0000] {logging_mixin.py:188} INFO - [2025-01-30T00:12:08.826+0000] {dag.py:3823} INFO - Setting next_dagrun for example_dag_decorator to None, run_after=None
[2025-01-30T00:12:08.995+0000] {processor.py:183} INFO - Processing /home/airflow/.local/lib/python3.8/site-packages/airflow/example_dags/example_dag_decorator.py took 1.359 seconds
[2025-01-30T00:12:39.294+0000] {processor.py:161} INFO - Started process (PID=4374) to work on /home/airflow/.local/lib/python3.8/site-packages/airflow/example_dags/example_dag_decorator.py
[2025-01-30T00:12:39.296+0000] {processor.py:830} INFO - Processing file /home/airflow/.local/lib/python3.8/site-packages/airflow/example_dags/example_dag_decorator.py for tasks to queue
[2025-01-30T00:12:39.298+0000] {logging_mixin.py:188} INFO - [2025-01-30T00:12:39.297+0000] {dagbag.py:538} INFO - Filling up the DagBag from /home/airflow/.local/lib/python3.8/site-packages/airflow/example_dags/example_dag_decorator.py
[2025-01-30T00:12:39.504+0000] {processor.py:840} INFO - DAG(s) 'example_dag_decorator' retrieved from /home/airflow/.local/lib/python3.8/site-packages/airflow/example_dags/example_dag_decorator.py
[2025-01-30T00:12:39.714+0000] {logging_mixin.py:188} INFO - [2025-01-30T00:12:39.713+0000] {dag.py:3036} INFO - Sync 1 DAGs
[2025-01-30T00:12:39.735+0000] {logging_mixin.py:188} INFO - [2025-01-30T00:12:39.734+0000] {dag.py:3823} INFO - Setting next_dagrun for example_dag_decorator to None, run_after=None
[2025-01-30T00:12:39.778+0000] {processor.py:183} INFO - Processing /home/airflow/.local/lib/python3.8/site-packages/airflow/example_dags/example_dag_decorator.py took 0.490 seconds
[2025-01-30T00:13:10.796+0000] {processor.py:161} INFO - Started process (PID=4428) to work on /home/airflow/.local/lib/python3.8/site-packages/airflow/example_dags/example_dag_decorator.py
[2025-01-30T00:13:10.807+0000] {processor.py:830} INFO - Processing file /home/airflow/.local/lib/python3.8/site-packages/airflow/example_dags/example_dag_decorator.py for tasks to queue
[2025-01-30T00:13:10.849+0000] {logging_mixin.py:188} INFO - [2025-01-30T00:13:10.848+0000] {dagbag.py:538} INFO - Filling up the DagBag from /home/airflow/.local/lib/python3.8/site-packages/airflow/example_dags/example_dag_decorator.py
[2025-01-30T00:13:11.971+0000] {processor.py:840} INFO - DAG(s) 'example_dag_decorator' retrieved from /home/airflow/.local/lib/python3.8/site-packages/airflow/example_dags/example_dag_decorator.py
[2025-01-30T00:13:12.520+0000] {logging_mixin.py:188} INFO - [2025-01-30T00:13:12.519+0000] {dag.py:3036} INFO - Sync 1 DAGs
[2025-01-30T00:13:12.547+0000] {logging_mixin.py:188} INFO - [2025-01-30T00:13:12.546+0000] {dag.py:3823} INFO - Setting next_dagrun for example_dag_decorator to None, run_after=None
[2025-01-30T00:13:12.598+0000] {processor.py:183} INFO - Processing /home/airflow/.local/lib/python3.8/site-packages/airflow/example_dags/example_dag_decorator.py took 1.804 seconds
[2025-01-30T00:13:42.843+0000] {processor.py:161} INFO - Started process (PID=4485) to work on /home/airflow/.local/lib/python3.8/site-packages/airflow/example_dags/example_dag_decorator.py
[2025-01-30T00:13:42.845+0000] {processor.py:830} INFO - Processing file /home/airflow/.local/lib/python3.8/site-packages/airflow/example_dags/example_dag_decorator.py for tasks to queue
[2025-01-30T00:13:42.848+0000] {logging_mixin.py:188} INFO - [2025-01-30T00:13:42.848+0000] {dagbag.py:538} INFO - Filling up the DagBag from /home/airflow/.local/lib/python3.8/site-packages/airflow/example_dags/example_dag_decorator.py
[2025-01-30T00:13:43.115+0000] {processor.py:840} INFO - DAG(s) 'example_dag_decorator' retrieved from /home/airflow/.local/lib/python3.8/site-packages/airflow/example_dags/example_dag_decorator.py
[2025-01-30T00:13:43.451+0000] {logging_mixin.py:188} INFO - [2025-01-30T00:13:43.450+0000] {dag.py:3036} INFO - Sync 1 DAGs
[2025-01-30T00:13:43.505+0000] {logging_mixin.py:188} INFO - [2025-01-30T00:13:43.505+0000] {dag.py:3823} INFO - Setting next_dagrun for example_dag_decorator to None, run_after=None
[2025-01-30T00:13:43.553+0000] {processor.py:183} INFO - Processing /home/airflow/.local/lib/python3.8/site-packages/airflow/example_dags/example_dag_decorator.py took 0.721 seconds
[2025-01-30T00:14:14.236+0000] {processor.py:161} INFO - Started process (PID=4543) to work on /home/airflow/.local/lib/python3.8/site-packages/airflow/example_dags/example_dag_decorator.py
[2025-01-30T00:14:14.244+0000] {processor.py:830} INFO - Processing file /home/airflow/.local/lib/python3.8/site-packages/airflow/example_dags/example_dag_decorator.py for tasks to queue
[2025-01-30T00:14:14.254+0000] {logging_mixin.py:188} INFO - [2025-01-30T00:14:14.253+0000] {dagbag.py:538} INFO - Filling up the DagBag from /home/airflow/.local/lib/python3.8/site-packages/airflow/example_dags/example_dag_decorator.py
[2025-01-30T00:14:14.868+0000] {processor.py:840} INFO - DAG(s) 'example_dag_decorator' retrieved from /home/airflow/.local/lib/python3.8/site-packages/airflow/example_dags/example_dag_decorator.py
[2025-01-30T00:14:15.651+0000] {logging_mixin.py:188} INFO - [2025-01-30T00:14:15.650+0000] {dag.py:3036} INFO - Sync 1 DAGs
[2025-01-30T00:14:15.756+0000] {logging_mixin.py:188} INFO - [2025-01-30T00:14:15.755+0000] {dag.py:3823} INFO - Setting next_dagrun for example_dag_decorator to None, run_after=None
[2025-01-30T00:14:15.952+0000] {processor.py:183} INFO - Processing /home/airflow/.local/lib/python3.8/site-packages/airflow/example_dags/example_dag_decorator.py took 1.732 seconds
[2025-01-30T00:14:46.963+0000] {processor.py:161} INFO - Started process (PID=4600) to work on /home/airflow/.local/lib/python3.8/site-packages/airflow/example_dags/example_dag_decorator.py
[2025-01-30T00:14:46.977+0000] {processor.py:830} INFO - Processing file /home/airflow/.local/lib/python3.8/site-packages/airflow/example_dags/example_dag_decorator.py for tasks to queue
[2025-01-30T00:14:46.992+0000] {logging_mixin.py:188} INFO - [2025-01-30T00:14:46.987+0000] {dagbag.py:538} INFO - Filling up the DagBag from /home/airflow/.local/lib/python3.8/site-packages/airflow/example_dags/example_dag_decorator.py
[2025-01-30T00:14:47.667+0000] {processor.py:840} INFO - DAG(s) 'example_dag_decorator' retrieved from /home/airflow/.local/lib/python3.8/site-packages/airflow/example_dags/example_dag_decorator.py
[2025-01-30T00:14:48.466+0000] {logging_mixin.py:188} INFO - [2025-01-30T00:14:48.465+0000] {dag.py:3036} INFO - Sync 1 DAGs
[2025-01-30T00:14:48.553+0000] {logging_mixin.py:188} INFO - [2025-01-30T00:14:48.552+0000] {dag.py:3823} INFO - Setting next_dagrun for example_dag_decorator to None, run_after=None
[2025-01-30T00:14:48.697+0000] {processor.py:183} INFO - Processing /home/airflow/.local/lib/python3.8/site-packages/airflow/example_dags/example_dag_decorator.py took 1.760 seconds
[2025-01-30T00:15:18.883+0000] {processor.py:161} INFO - Started process (PID=4657) to work on /home/airflow/.local/lib/python3.8/site-packages/airflow/example_dags/example_dag_decorator.py
[2025-01-30T00:15:18.886+0000] {processor.py:830} INFO - Processing file /home/airflow/.local/lib/python3.8/site-packages/airflow/example_dags/example_dag_decorator.py for tasks to queue
[2025-01-30T00:15:18.889+0000] {logging_mixin.py:188} INFO - [2025-01-30T00:15:18.888+0000] {dagbag.py:538} INFO - Filling up the DagBag from /home/airflow/.local/lib/python3.8/site-packages/airflow/example_dags/example_dag_decorator.py
[2025-01-30T00:15:19.073+0000] {processor.py:840} INFO - DAG(s) 'example_dag_decorator' retrieved from /home/airflow/.local/lib/python3.8/site-packages/airflow/example_dags/example_dag_decorator.py
[2025-01-30T00:15:19.268+0000] {logging_mixin.py:188} INFO - [2025-01-30T00:15:19.267+0000] {dag.py:3036} INFO - Sync 1 DAGs
[2025-01-30T00:15:19.296+0000] {logging_mixin.py:188} INFO - [2025-01-30T00:15:19.296+0000] {dag.py:3823} INFO - Setting next_dagrun for example_dag_decorator to None, run_after=None
[2025-01-30T00:15:19.347+0000] {processor.py:183} INFO - Processing /home/airflow/.local/lib/python3.8/site-packages/airflow/example_dags/example_dag_decorator.py took 0.471 seconds
[2025-01-30T00:15:49.818+0000] {processor.py:161} INFO - Started process (PID=4714) to work on /home/airflow/.local/lib/python3.8/site-packages/airflow/example_dags/example_dag_decorator.py
[2025-01-30T00:15:49.829+0000] {processor.py:830} INFO - Processing file /home/airflow/.local/lib/python3.8/site-packages/airflow/example_dags/example_dag_decorator.py for tasks to queue
[2025-01-30T00:15:49.839+0000] {logging_mixin.py:188} INFO - [2025-01-30T00:15:49.837+0000] {dagbag.py:538} INFO - Filling up the DagBag from /home/airflow/.local/lib/python3.8/site-packages/airflow/example_dags/example_dag_decorator.py
[2025-01-30T00:15:50.466+0000] {processor.py:840} INFO - DAG(s) 'example_dag_decorator' retrieved from /home/airflow/.local/lib/python3.8/site-packages/airflow/example_dags/example_dag_decorator.py
[2025-01-30T00:15:51.147+0000] {logging_mixin.py:188} INFO - [2025-01-30T00:15:51.146+0000] {dag.py:3036} INFO - Sync 1 DAGs
[2025-01-30T00:15:51.187+0000] {logging_mixin.py:188} INFO - [2025-01-30T00:15:51.187+0000] {dag.py:3823} INFO - Setting next_dagrun for example_dag_decorator to None, run_after=None
[2025-01-30T00:15:51.282+0000] {processor.py:183} INFO - Processing /home/airflow/.local/lib/python3.8/site-packages/airflow/example_dags/example_dag_decorator.py took 1.478 seconds
[2025-01-30T00:16:30.249+0000] {processor.py:161} INFO - Started process (PID=4774) to work on /home/airflow/.local/lib/python3.8/site-packages/airflow/example_dags/example_dag_decorator.py
[2025-01-30T00:16:30.274+0000] {processor.py:830} INFO - Processing file /home/airflow/.local/lib/python3.8/site-packages/airflow/example_dags/example_dag_decorator.py for tasks to queue
[2025-01-30T00:16:30.293+0000] {logging_mixin.py:188} INFO - [2025-01-30T00:16:30.291+0000] {dagbag.py:538} INFO - Filling up the DagBag from /home/airflow/.local/lib/python3.8/site-packages/airflow/example_dags/example_dag_decorator.py
[2025-01-30T00:16:30.946+0000] {processor.py:840} INFO - DAG(s) 'example_dag_decorator' retrieved from /home/airflow/.local/lib/python3.8/site-packages/airflow/example_dags/example_dag_decorator.py
[2025-01-30T00:16:31.580+0000] {logging_mixin.py:188} INFO - [2025-01-30T00:16:31.579+0000] {dag.py:3036} INFO - Sync 1 DAGs
[2025-01-30T00:16:31.662+0000] {logging_mixin.py:188} INFO - [2025-01-30T00:16:31.661+0000] {dag.py:3823} INFO - Setting next_dagrun for example_dag_decorator to None, run_after=None
[2025-01-30T00:16:31.757+0000] {processor.py:183} INFO - Processing /home/airflow/.local/lib/python3.8/site-packages/airflow/example_dags/example_dag_decorator.py took 1.520 seconds
[2025-01-30T00:17:02.478+0000] {processor.py:161} INFO - Started process (PID=4832) to work on /home/airflow/.local/lib/python3.8/site-packages/airflow/example_dags/example_dag_decorator.py
[2025-01-30T00:17:02.479+0000] {processor.py:830} INFO - Processing file /home/airflow/.local/lib/python3.8/site-packages/airflow/example_dags/example_dag_decorator.py for tasks to queue
[2025-01-30T00:17:02.481+0000] {logging_mixin.py:188} INFO - [2025-01-30T00:17:02.480+0000] {dagbag.py:538} INFO - Filling up the DagBag from /home/airflow/.local/lib/python3.8/site-packages/airflow/example_dags/example_dag_decorator.py
[2025-01-30T00:17:02.670+0000] {processor.py:840} INFO - DAG(s) 'example_dag_decorator' retrieved from /home/airflow/.local/lib/python3.8/site-packages/airflow/example_dags/example_dag_decorator.py
[2025-01-30T00:17:02.864+0000] {logging_mixin.py:188} INFO - [2025-01-30T00:17:02.863+0000] {dag.py:3036} INFO - Sync 1 DAGs
[2025-01-30T00:17:02.882+0000] {logging_mixin.py:188} INFO - [2025-01-30T00:17:02.882+0000] {dag.py:3823} INFO - Setting next_dagrun for example_dag_decorator to None, run_after=None
[2025-01-30T00:17:02.918+0000] {processor.py:183} INFO - Processing /home/airflow/.local/lib/python3.8/site-packages/airflow/example_dags/example_dag_decorator.py took 0.445 seconds
[2025-01-30T00:17:33.055+0000] {processor.py:161} INFO - Started process (PID=4887) to work on /home/airflow/.local/lib/python3.8/site-packages/airflow/example_dags/example_dag_decorator.py
[2025-01-30T00:17:33.056+0000] {processor.py:830} INFO - Processing file /home/airflow/.local/lib/python3.8/site-packages/airflow/example_dags/example_dag_decorator.py for tasks to queue
[2025-01-30T00:17:33.057+0000] {logging_mixin.py:188} INFO - [2025-01-30T00:17:33.057+0000] {dagbag.py:538} INFO - Filling up the DagBag from /home/airflow/.local/lib/python3.8/site-packages/airflow/example_dags/example_dag_decorator.py
[2025-01-30T00:17:33.207+0000] {processor.py:840} INFO - DAG(s) 'example_dag_decorator' retrieved from /home/airflow/.local/lib/python3.8/site-packages/airflow/example_dags/example_dag_decorator.py
[2025-01-30T00:17:33.396+0000] {logging_mixin.py:188} INFO - [2025-01-30T00:17:33.396+0000] {dag.py:3036} INFO - Sync 1 DAGs
[2025-01-30T00:17:33.413+0000] {logging_mixin.py:188} INFO - [2025-01-30T00:17:33.412+0000] {dag.py:3823} INFO - Setting next_dagrun for example_dag_decorator to None, run_after=None
[2025-01-30T00:17:33.444+0000] {processor.py:183} INFO - Processing /home/airflow/.local/lib/python3.8/site-packages/airflow/example_dags/example_dag_decorator.py took 0.393 seconds
[2025-01-30T00:18:05.993+0000] {processor.py:161} INFO - Started process (PID=4943) to work on /home/airflow/.local/lib/python3.8/site-packages/airflow/example_dags/example_dag_decorator.py
[2025-01-30T00:18:05.999+0000] {processor.py:830} INFO - Processing file /home/airflow/.local/lib/python3.8/site-packages/airflow/example_dags/example_dag_decorator.py for tasks to queue
[2025-01-30T00:18:06.002+0000] {logging_mixin.py:188} INFO - [2025-01-30T00:18:06.002+0000] {dagbag.py:538} INFO - Filling up the DagBag from /home/airflow/.local/lib/python3.8/site-packages/airflow/example_dags/example_dag_decorator.py
[2025-01-30T00:18:06.613+0000] {processor.py:840} INFO - DAG(s) 'example_dag_decorator' retrieved from /home/airflow/.local/lib/python3.8/site-packages/airflow/example_dags/example_dag_decorator.py
[2025-01-30T00:18:07.037+0000] {logging_mixin.py:188} INFO - [2025-01-30T00:18:07.036+0000] {dag.py:3036} INFO - Sync 1 DAGs
[2025-01-30T00:18:07.162+0000] {logging_mixin.py:188} INFO - [2025-01-30T00:18:07.161+0000] {dag.py:3823} INFO - Setting next_dagrun for example_dag_decorator to None, run_after=None
[2025-01-30T00:18:07.320+0000] {processor.py:183} INFO - Processing /home/airflow/.local/lib/python3.8/site-packages/airflow/example_dags/example_dag_decorator.py took 1.337 seconds
[2025-01-30T00:18:37.442+0000] {processor.py:161} INFO - Started process (PID=5000) to work on /home/airflow/.local/lib/python3.8/site-packages/airflow/example_dags/example_dag_decorator.py
[2025-01-30T00:18:37.443+0000] {processor.py:830} INFO - Processing file /home/airflow/.local/lib/python3.8/site-packages/airflow/example_dags/example_dag_decorator.py for tasks to queue
[2025-01-30T00:18:37.444+0000] {logging_mixin.py:188} INFO - [2025-01-30T00:18:37.444+0000] {dagbag.py:538} INFO - Filling up the DagBag from /home/airflow/.local/lib/python3.8/site-packages/airflow/example_dags/example_dag_decorator.py
[2025-01-30T00:18:37.573+0000] {processor.py:840} INFO - DAG(s) 'example_dag_decorator' retrieved from /home/airflow/.local/lib/python3.8/site-packages/airflow/example_dags/example_dag_decorator.py
[2025-01-30T00:18:37.709+0000] {logging_mixin.py:188} INFO - [2025-01-30T00:18:37.709+0000] {dag.py:3036} INFO - Sync 1 DAGs
[2025-01-30T00:18:37.723+0000] {logging_mixin.py:188} INFO - [2025-01-30T00:18:37.723+0000] {dag.py:3823} INFO - Setting next_dagrun for example_dag_decorator to None, run_after=None
[2025-01-30T00:18:37.760+0000] {processor.py:183} INFO - Processing /home/airflow/.local/lib/python3.8/site-packages/airflow/example_dags/example_dag_decorator.py took 0.322 seconds
[2025-01-30T00:19:07.909+0000] {processor.py:161} INFO - Started process (PID=5056) to work on /home/airflow/.local/lib/python3.8/site-packages/airflow/example_dags/example_dag_decorator.py
[2025-01-30T00:19:07.910+0000] {processor.py:830} INFO - Processing file /home/airflow/.local/lib/python3.8/site-packages/airflow/example_dags/example_dag_decorator.py for tasks to queue
[2025-01-30T00:19:07.912+0000] {logging_mixin.py:188} INFO - [2025-01-30T00:19:07.912+0000] {dagbag.py:538} INFO - Filling up the DagBag from /home/airflow/.local/lib/python3.8/site-packages/airflow/example_dags/example_dag_decorator.py
[2025-01-30T00:19:08.131+0000] {processor.py:840} INFO - DAG(s) 'example_dag_decorator' retrieved from /home/airflow/.local/lib/python3.8/site-packages/airflow/example_dags/example_dag_decorator.py
[2025-01-30T00:19:08.355+0000] {logging_mixin.py:188} INFO - [2025-01-30T00:19:08.354+0000] {dag.py:3036} INFO - Sync 1 DAGs
[2025-01-30T00:19:08.378+0000] {logging_mixin.py:188} INFO - [2025-01-30T00:19:08.377+0000] {dag.py:3823} INFO - Setting next_dagrun for example_dag_decorator to None, run_after=None
[2025-01-30T00:19:08.428+0000] {processor.py:183} INFO - Processing /home/airflow/.local/lib/python3.8/site-packages/airflow/example_dags/example_dag_decorator.py took 0.528 seconds
[2025-01-30T00:19:38.702+0000] {processor.py:161} INFO - Started process (PID=5110) to work on /home/airflow/.local/lib/python3.8/site-packages/airflow/example_dags/example_dag_decorator.py
[2025-01-30T00:19:38.703+0000] {processor.py:830} INFO - Processing file /home/airflow/.local/lib/python3.8/site-packages/airflow/example_dags/example_dag_decorator.py for tasks to queue
[2025-01-30T00:19:38.705+0000] {logging_mixin.py:188} INFO - [2025-01-30T00:19:38.705+0000] {dagbag.py:538} INFO - Filling up the DagBag from /home/airflow/.local/lib/python3.8/site-packages/airflow/example_dags/example_dag_decorator.py
[2025-01-30T00:19:38.897+0000] {processor.py:840} INFO - DAG(s) 'example_dag_decorator' retrieved from /home/airflow/.local/lib/python3.8/site-packages/airflow/example_dags/example_dag_decorator.py
[2025-01-30T00:19:39.238+0000] {logging_mixin.py:188} INFO - [2025-01-30T00:19:39.237+0000] {dag.py:3036} INFO - Sync 1 DAGs
[2025-01-30T00:19:39.266+0000] {logging_mixin.py:188} INFO - [2025-01-30T00:19:39.265+0000] {dag.py:3823} INFO - Setting next_dagrun for example_dag_decorator to None, run_after=None
[2025-01-30T00:19:39.311+0000] {processor.py:183} INFO - Processing /home/airflow/.local/lib/python3.8/site-packages/airflow/example_dags/example_dag_decorator.py took 0.615 seconds
[2025-01-30T00:20:09.518+0000] {processor.py:161} INFO - Started process (PID=5166) to work on /home/airflow/.local/lib/python3.8/site-packages/airflow/example_dags/example_dag_decorator.py
[2025-01-30T00:20:09.520+0000] {processor.py:830} INFO - Processing file /home/airflow/.local/lib/python3.8/site-packages/airflow/example_dags/example_dag_decorator.py for tasks to queue
[2025-01-30T00:20:09.523+0000] {logging_mixin.py:188} INFO - [2025-01-30T00:20:09.522+0000] {dagbag.py:538} INFO - Filling up the DagBag from /home/airflow/.local/lib/python3.8/site-packages/airflow/example_dags/example_dag_decorator.py
[2025-01-30T00:20:10.542+0000] {processor.py:840} INFO - DAG(s) 'example_dag_decorator' retrieved from /home/airflow/.local/lib/python3.8/site-packages/airflow/example_dags/example_dag_decorator.py
[2025-01-30T00:20:11.283+0000] {logging_mixin.py:188} INFO - [2025-01-30T00:20:11.283+0000] {dag.py:3036} INFO - Sync 1 DAGs
[2025-01-30T00:20:11.347+0000] {logging_mixin.py:188} INFO - [2025-01-30T00:20:11.345+0000] {dag.py:3823} INFO - Setting next_dagrun for example_dag_decorator to None, run_after=None
[2025-01-30T00:20:11.433+0000] {processor.py:183} INFO - Processing /home/airflow/.local/lib/python3.8/site-packages/airflow/example_dags/example_dag_decorator.py took 1.928 seconds
[2025-01-30T00:20:41.892+0000] {processor.py:161} INFO - Started process (PID=5228) to work on /home/airflow/.local/lib/python3.8/site-packages/airflow/example_dags/example_dag_decorator.py
[2025-01-30T00:20:41.894+0000] {processor.py:830} INFO - Processing file /home/airflow/.local/lib/python3.8/site-packages/airflow/example_dags/example_dag_decorator.py for tasks to queue
[2025-01-30T00:20:41.896+0000] {logging_mixin.py:188} INFO - [2025-01-30T00:20:41.895+0000] {dagbag.py:538} INFO - Filling up the DagBag from /home/airflow/.local/lib/python3.8/site-packages/airflow/example_dags/example_dag_decorator.py
[2025-01-30T00:20:42.074+0000] {processor.py:840} INFO - DAG(s) 'example_dag_decorator' retrieved from /home/airflow/.local/lib/python3.8/site-packages/airflow/example_dags/example_dag_decorator.py
[2025-01-30T00:20:42.294+0000] {logging_mixin.py:188} INFO - [2025-01-30T00:20:42.293+0000] {dag.py:3036} INFO - Sync 1 DAGs
[2025-01-30T00:20:42.316+0000] {logging_mixin.py:188} INFO - [2025-01-30T00:20:42.316+0000] {dag.py:3823} INFO - Setting next_dagrun for example_dag_decorator to None, run_after=None
[2025-01-30T00:20:42.355+0000] {processor.py:183} INFO - Processing /home/airflow/.local/lib/python3.8/site-packages/airflow/example_dags/example_dag_decorator.py took 0.467 seconds
[2025-01-30T00:21:13.508+0000] {processor.py:161} INFO - Started process (PID=5286) to work on /home/airflow/.local/lib/python3.8/site-packages/airflow/example_dags/example_dag_decorator.py
[2025-01-30T00:21:13.555+0000] {processor.py:830} INFO - Processing file /home/airflow/.local/lib/python3.8/site-packages/airflow/example_dags/example_dag_decorator.py for tasks to queue
[2025-01-30T00:21:13.606+0000] {logging_mixin.py:188} INFO - [2025-01-30T00:21:13.605+0000] {dagbag.py:538} INFO - Filling up the DagBag from /home/airflow/.local/lib/python3.8/site-packages/airflow/example_dags/example_dag_decorator.py
[2025-01-30T00:21:14.414+0000] {processor.py:840} INFO - DAG(s) 'example_dag_decorator' retrieved from /home/airflow/.local/lib/python3.8/site-packages/airflow/example_dags/example_dag_decorator.py
[2025-01-30T00:21:15.273+0000] {logging_mixin.py:188} INFO - [2025-01-30T00:21:15.272+0000] {dag.py:3036} INFO - Sync 1 DAGs
[2025-01-30T00:21:15.321+0000] {logging_mixin.py:188} INFO - [2025-01-30T00:21:15.321+0000] {dag.py:3823} INFO - Setting next_dagrun for example_dag_decorator to None, run_after=None
[2025-01-30T00:21:15.405+0000] {processor.py:183} INFO - Processing /home/airflow/.local/lib/python3.8/site-packages/airflow/example_dags/example_dag_decorator.py took 1.916 seconds
[2025-01-30T00:21:47.319+0000] {processor.py:161} INFO - Started process (PID=5343) to work on /home/airflow/.local/lib/python3.8/site-packages/airflow/example_dags/example_dag_decorator.py
[2025-01-30T00:21:47.358+0000] {processor.py:830} INFO - Processing file /home/airflow/.local/lib/python3.8/site-packages/airflow/example_dags/example_dag_decorator.py for tasks to queue
[2025-01-30T00:21:47.380+0000] {logging_mixin.py:188} INFO - [2025-01-30T00:21:47.379+0000] {dagbag.py:538} INFO - Filling up the DagBag from /home/airflow/.local/lib/python3.8/site-packages/airflow/example_dags/example_dag_decorator.py
[2025-01-30T00:21:48.948+0000] {processor.py:840} INFO - DAG(s) 'example_dag_decorator' retrieved from /home/airflow/.local/lib/python3.8/site-packages/airflow/example_dags/example_dag_decorator.py
[2025-01-30T00:21:49.703+0000] {logging_mixin.py:188} INFO - [2025-01-30T00:21:49.702+0000] {dag.py:3036} INFO - Sync 1 DAGs
[2025-01-30T00:21:49.820+0000] {logging_mixin.py:188} INFO - [2025-01-30T00:21:49.812+0000] {dag.py:3823} INFO - Setting next_dagrun for example_dag_decorator to None, run_after=None
[2025-01-30T00:21:50.010+0000] {processor.py:183} INFO - Processing /home/airflow/.local/lib/python3.8/site-packages/airflow/example_dags/example_dag_decorator.py took 2.735 seconds
[2025-01-30T00:22:20.638+0000] {processor.py:161} INFO - Started process (PID=5400) to work on /home/airflow/.local/lib/python3.8/site-packages/airflow/example_dags/example_dag_decorator.py
[2025-01-30T00:22:20.657+0000] {processor.py:830} INFO - Processing file /home/airflow/.local/lib/python3.8/site-packages/airflow/example_dags/example_dag_decorator.py for tasks to queue
[2025-01-30T00:22:20.672+0000] {logging_mixin.py:188} INFO - [2025-01-30T00:22:20.671+0000] {dagbag.py:538} INFO - Filling up the DagBag from /home/airflow/.local/lib/python3.8/site-packages/airflow/example_dags/example_dag_decorator.py
[2025-01-30T00:22:21.682+0000] {processor.py:840} INFO - DAG(s) 'example_dag_decorator' retrieved from /home/airflow/.local/lib/python3.8/site-packages/airflow/example_dags/example_dag_decorator.py
[2025-01-30T00:22:22.225+0000] {logging_mixin.py:188} INFO - [2025-01-30T00:22:22.225+0000] {dag.py:3036} INFO - Sync 1 DAGs
[2025-01-30T00:22:22.269+0000] {logging_mixin.py:188} INFO - [2025-01-30T00:22:22.268+0000] {dag.py:3823} INFO - Setting next_dagrun for example_dag_decorator to None, run_after=None
[2025-01-30T00:22:22.347+0000] {processor.py:183} INFO - Processing /home/airflow/.local/lib/python3.8/site-packages/airflow/example_dags/example_dag_decorator.py took 1.739 seconds
[2025-01-30T00:22:55.150+0000] {processor.py:161} INFO - Started process (PID=5459) to work on /home/airflow/.local/lib/python3.8/site-packages/airflow/example_dags/example_dag_decorator.py
[2025-01-30T00:22:55.166+0000] {processor.py:830} INFO - Processing file /home/airflow/.local/lib/python3.8/site-packages/airflow/example_dags/example_dag_decorator.py for tasks to queue
[2025-01-30T00:22:55.180+0000] {logging_mixin.py:188} INFO - [2025-01-30T00:22:55.180+0000] {dagbag.py:538} INFO - Filling up the DagBag from /home/airflow/.local/lib/python3.8/site-packages/airflow/example_dags/example_dag_decorator.py
[2025-01-30T00:22:56.045+0000] {processor.py:840} INFO - DAG(s) 'example_dag_decorator' retrieved from /home/airflow/.local/lib/python3.8/site-packages/airflow/example_dags/example_dag_decorator.py
[2025-01-30T00:22:56.951+0000] {logging_mixin.py:188} INFO - [2025-01-30T00:22:56.950+0000] {dag.py:3036} INFO - Sync 1 DAGs
[2025-01-30T00:22:57.045+0000] {logging_mixin.py:188} INFO - [2025-01-30T00:22:57.045+0000] {dag.py:3823} INFO - Setting next_dagrun for example_dag_decorator to None, run_after=None
[2025-01-30T00:22:57.291+0000] {processor.py:183} INFO - Processing /home/airflow/.local/lib/python3.8/site-packages/airflow/example_dags/example_dag_decorator.py took 2.191 seconds
[2025-01-30T00:23:28.156+0000] {processor.py:161} INFO - Started process (PID=5516) to work on /home/airflow/.local/lib/python3.8/site-packages/airflow/example_dags/example_dag_decorator.py
[2025-01-30T00:23:28.163+0000] {processor.py:830} INFO - Processing file /home/airflow/.local/lib/python3.8/site-packages/airflow/example_dags/example_dag_decorator.py for tasks to queue
[2025-01-30T00:23:28.171+0000] {logging_mixin.py:188} INFO - [2025-01-30T00:23:28.170+0000] {dagbag.py:538} INFO - Filling up the DagBag from /home/airflow/.local/lib/python3.8/site-packages/airflow/example_dags/example_dag_decorator.py
[2025-01-30T00:23:28.673+0000] {processor.py:840} INFO - DAG(s) 'example_dag_decorator' retrieved from /home/airflow/.local/lib/python3.8/site-packages/airflow/example_dags/example_dag_decorator.py
[2025-01-30T00:23:29.266+0000] {logging_mixin.py:188} INFO - [2025-01-30T00:23:29.266+0000] {dag.py:3036} INFO - Sync 1 DAGs
[2025-01-30T00:23:29.340+0000] {logging_mixin.py:188} INFO - [2025-01-30T00:23:29.339+0000] {dag.py:3823} INFO - Setting next_dagrun for example_dag_decorator to None, run_after=None
[2025-01-30T00:23:29.463+0000] {processor.py:183} INFO - Processing /home/airflow/.local/lib/python3.8/site-packages/airflow/example_dags/example_dag_decorator.py took 1.328 seconds
[2025-01-30T00:23:59.587+0000] {processor.py:161} INFO - Started process (PID=5572) to work on /home/airflow/.local/lib/python3.8/site-packages/airflow/example_dags/example_dag_decorator.py
[2025-01-30T00:23:59.589+0000] {processor.py:830} INFO - Processing file /home/airflow/.local/lib/python3.8/site-packages/airflow/example_dags/example_dag_decorator.py for tasks to queue
[2025-01-30T00:23:59.590+0000] {logging_mixin.py:188} INFO - [2025-01-30T00:23:59.590+0000] {dagbag.py:538} INFO - Filling up the DagBag from /home/airflow/.local/lib/python3.8/site-packages/airflow/example_dags/example_dag_decorator.py
[2025-01-30T00:23:59.783+0000] {processor.py:840} INFO - DAG(s) 'example_dag_decorator' retrieved from /home/airflow/.local/lib/python3.8/site-packages/airflow/example_dags/example_dag_decorator.py
[2025-01-30T00:24:00.202+0000] {logging_mixin.py:188} INFO - [2025-01-30T00:24:00.201+0000] {dag.py:3036} INFO - Sync 1 DAGs
[2025-01-30T00:24:00.263+0000] {logging_mixin.py:188} INFO - [2025-01-30T00:24:00.262+0000] {dag.py:3823} INFO - Setting next_dagrun for example_dag_decorator to None, run_after=None
[2025-01-30T00:24:00.326+0000] {processor.py:183} INFO - Processing /home/airflow/.local/lib/python3.8/site-packages/airflow/example_dags/example_dag_decorator.py took 0.744 seconds
[2025-01-30T00:24:30.952+0000] {processor.py:161} INFO - Started process (PID=5628) to work on /home/airflow/.local/lib/python3.8/site-packages/airflow/example_dags/example_dag_decorator.py
[2025-01-30T00:24:30.954+0000] {processor.py:830} INFO - Processing file /home/airflow/.local/lib/python3.8/site-packages/airflow/example_dags/example_dag_decorator.py for tasks to queue
[2025-01-30T00:24:30.956+0000] {logging_mixin.py:188} INFO - [2025-01-30T00:24:30.955+0000] {dagbag.py:538} INFO - Filling up the DagBag from /home/airflow/.local/lib/python3.8/site-packages/airflow/example_dags/example_dag_decorator.py
[2025-01-30T00:24:31.210+0000] {processor.py:840} INFO - DAG(s) 'example_dag_decorator' retrieved from /home/airflow/.local/lib/python3.8/site-packages/airflow/example_dags/example_dag_decorator.py
[2025-01-30T00:24:31.622+0000] {logging_mixin.py:188} INFO - [2025-01-30T00:24:31.621+0000] {dag.py:3036} INFO - Sync 1 DAGs
[2025-01-30T00:24:31.644+0000] {logging_mixin.py:188} INFO - [2025-01-30T00:24:31.643+0000] {dag.py:3823} INFO - Setting next_dagrun for example_dag_decorator to None, run_after=None
[2025-01-30T00:24:31.678+0000] {processor.py:183} INFO - Processing /home/airflow/.local/lib/python3.8/site-packages/airflow/example_dags/example_dag_decorator.py took 0.732 seconds
[2025-01-30T00:25:02.903+0000] {processor.py:161} INFO - Started process (PID=5686) to work on /home/airflow/.local/lib/python3.8/site-packages/airflow/example_dags/example_dag_decorator.py
[2025-01-30T00:25:02.919+0000] {processor.py:830} INFO - Processing file /home/airflow/.local/lib/python3.8/site-packages/airflow/example_dags/example_dag_decorator.py for tasks to queue
[2025-01-30T00:25:02.926+0000] {logging_mixin.py:188} INFO - [2025-01-30T00:25:02.924+0000] {dagbag.py:538} INFO - Filling up the DagBag from /home/airflow/.local/lib/python3.8/site-packages/airflow/example_dags/example_dag_decorator.py
[2025-01-30T00:25:03.632+0000] {processor.py:840} INFO - DAG(s) 'example_dag_decorator' retrieved from /home/airflow/.local/lib/python3.8/site-packages/airflow/example_dags/example_dag_decorator.py
[2025-01-30T00:25:04.431+0000] {logging_mixin.py:188} INFO - [2025-01-30T00:25:04.420+0000] {dag.py:3036} INFO - Sync 1 DAGs
[2025-01-30T00:25:04.626+0000] {logging_mixin.py:188} INFO - [2025-01-30T00:25:04.624+0000] {dag.py:3823} INFO - Setting next_dagrun for example_dag_decorator to None, run_after=None
[2025-01-30T00:25:04.710+0000] {processor.py:183} INFO - Processing /home/airflow/.local/lib/python3.8/site-packages/airflow/example_dags/example_dag_decorator.py took 1.838 seconds
[2025-01-30T00:25:34.963+0000] {processor.py:161} INFO - Started process (PID=5744) to work on /home/airflow/.local/lib/python3.8/site-packages/airflow/example_dags/example_dag_decorator.py
[2025-01-30T00:25:34.964+0000] {processor.py:830} INFO - Processing file /home/airflow/.local/lib/python3.8/site-packages/airflow/example_dags/example_dag_decorator.py for tasks to queue
[2025-01-30T00:25:34.966+0000] {logging_mixin.py:188} INFO - [2025-01-30T00:25:34.966+0000] {dagbag.py:538} INFO - Filling up the DagBag from /home/airflow/.local/lib/python3.8/site-packages/airflow/example_dags/example_dag_decorator.py
[2025-01-30T00:25:35.151+0000] {processor.py:840} INFO - DAG(s) 'example_dag_decorator' retrieved from /home/airflow/.local/lib/python3.8/site-packages/airflow/example_dags/example_dag_decorator.py
[2025-01-30T00:25:35.333+0000] {logging_mixin.py:188} INFO - [2025-01-30T00:25:35.333+0000] {dag.py:3036} INFO - Sync 1 DAGs
[2025-01-30T00:25:35.353+0000] {logging_mixin.py:188} INFO - [2025-01-30T00:25:35.353+0000] {dag.py:3823} INFO - Setting next_dagrun for example_dag_decorator to None, run_after=None
[2025-01-30T00:25:35.397+0000] {processor.py:183} INFO - Processing /home/airflow/.local/lib/python3.8/site-packages/airflow/example_dags/example_dag_decorator.py took 0.442 seconds
[2025-01-30T00:26:05.585+0000] {processor.py:161} INFO - Started process (PID=5799) to work on /home/airflow/.local/lib/python3.8/site-packages/airflow/example_dags/example_dag_decorator.py
[2025-01-30T00:26:05.587+0000] {processor.py:830} INFO - Processing file /home/airflow/.local/lib/python3.8/site-packages/airflow/example_dags/example_dag_decorator.py for tasks to queue
[2025-01-30T00:26:05.592+0000] {logging_mixin.py:188} INFO - [2025-01-30T00:26:05.591+0000] {dagbag.py:538} INFO - Filling up the DagBag from /home/airflow/.local/lib/python3.8/site-packages/airflow/example_dags/example_dag_decorator.py
[2025-01-30T00:26:05.887+0000] {processor.py:840} INFO - DAG(s) 'example_dag_decorator' retrieved from /home/airflow/.local/lib/python3.8/site-packages/airflow/example_dags/example_dag_decorator.py
[2025-01-30T00:26:06.192+0000] {logging_mixin.py:188} INFO - [2025-01-30T00:26:06.191+0000] {dag.py:3036} INFO - Sync 1 DAGs
[2025-01-30T00:26:06.223+0000] {logging_mixin.py:188} INFO - [2025-01-30T00:26:06.223+0000] {dag.py:3823} INFO - Setting next_dagrun for example_dag_decorator to None, run_after=None
[2025-01-30T00:26:06.274+0000] {processor.py:183} INFO - Processing /home/airflow/.local/lib/python3.8/site-packages/airflow/example_dags/example_dag_decorator.py took 0.697 seconds
[2025-01-30T00:26:37.916+0000] {processor.py:161} INFO - Started process (PID=5857) to work on /home/airflow/.local/lib/python3.8/site-packages/airflow/example_dags/example_dag_decorator.py
[2025-01-30T00:26:37.929+0000] {processor.py:830} INFO - Processing file /home/airflow/.local/lib/python3.8/site-packages/airflow/example_dags/example_dag_decorator.py for tasks to queue
[2025-01-30T00:26:37.934+0000] {logging_mixin.py:188} INFO - [2025-01-30T00:26:37.933+0000] {dagbag.py:538} INFO - Filling up the DagBag from /home/airflow/.local/lib/python3.8/site-packages/airflow/example_dags/example_dag_decorator.py
[2025-01-30T00:26:38.616+0000] {processor.py:840} INFO - DAG(s) 'example_dag_decorator' retrieved from /home/airflow/.local/lib/python3.8/site-packages/airflow/example_dags/example_dag_decorator.py
[2025-01-30T00:26:39.385+0000] {logging_mixin.py:188} INFO - [2025-01-30T00:26:39.384+0000] {dag.py:3036} INFO - Sync 1 DAGs
[2025-01-30T00:26:39.525+0000] {logging_mixin.py:188} INFO - [2025-01-30T00:26:39.524+0000] {dag.py:3823} INFO - Setting next_dagrun for example_dag_decorator to None, run_after=None
[2025-01-30T00:26:39.753+0000] {processor.py:183} INFO - Processing /home/airflow/.local/lib/python3.8/site-packages/airflow/example_dags/example_dag_decorator.py took 1.860 seconds
[2025-01-30T00:27:09.882+0000] {processor.py:161} INFO - Started process (PID=5913) to work on /home/airflow/.local/lib/python3.8/site-packages/airflow/example_dags/example_dag_decorator.py
[2025-01-30T00:27:09.884+0000] {processor.py:830} INFO - Processing file /home/airflow/.local/lib/python3.8/site-packages/airflow/example_dags/example_dag_decorator.py for tasks to queue
[2025-01-30T00:27:09.886+0000] {logging_mixin.py:188} INFO - [2025-01-30T00:27:09.886+0000] {dagbag.py:538} INFO - Filling up the DagBag from /home/airflow/.local/lib/python3.8/site-packages/airflow/example_dags/example_dag_decorator.py
[2025-01-30T00:27:10.074+0000] {processor.py:840} INFO - DAG(s) 'example_dag_decorator' retrieved from /home/airflow/.local/lib/python3.8/site-packages/airflow/example_dags/example_dag_decorator.py
[2025-01-30T00:27:10.260+0000] {logging_mixin.py:188} INFO - [2025-01-30T00:27:10.260+0000] {dag.py:3036} INFO - Sync 1 DAGs
[2025-01-30T00:27:10.278+0000] {logging_mixin.py:188} INFO - [2025-01-30T00:27:10.277+0000] {dag.py:3823} INFO - Setting next_dagrun for example_dag_decorator to None, run_after=None
[2025-01-30T00:27:10.311+0000] {processor.py:183} INFO - Processing /home/airflow/.local/lib/python3.8/site-packages/airflow/example_dags/example_dag_decorator.py took 0.437 seconds
[2025-01-30T00:27:40.457+0000] {processor.py:161} INFO - Started process (PID=5968) to work on /home/airflow/.local/lib/python3.8/site-packages/airflow/example_dags/example_dag_decorator.py
[2025-01-30T00:27:40.459+0000] {processor.py:830} INFO - Processing file /home/airflow/.local/lib/python3.8/site-packages/airflow/example_dags/example_dag_decorator.py for tasks to queue
[2025-01-30T00:27:40.461+0000] {logging_mixin.py:188} INFO - [2025-01-30T00:27:40.460+0000] {dagbag.py:538} INFO - Filling up the DagBag from /home/airflow/.local/lib/python3.8/site-packages/airflow/example_dags/example_dag_decorator.py
[2025-01-30T00:27:40.652+0000] {processor.py:840} INFO - DAG(s) 'example_dag_decorator' retrieved from /home/airflow/.local/lib/python3.8/site-packages/airflow/example_dags/example_dag_decorator.py
[2025-01-30T00:27:40.905+0000] {logging_mixin.py:188} INFO - [2025-01-30T00:27:40.904+0000] {dag.py:3036} INFO - Sync 1 DAGs
[2025-01-30T00:27:40.924+0000] {logging_mixin.py:188} INFO - [2025-01-30T00:27:40.923+0000] {dag.py:3823} INFO - Setting next_dagrun for example_dag_decorator to None, run_after=None
[2025-01-30T00:27:40.966+0000] {processor.py:183} INFO - Processing /home/airflow/.local/lib/python3.8/site-packages/airflow/example_dags/example_dag_decorator.py took 0.514 seconds
[2025-01-30T00:28:11.666+0000] {processor.py:161} INFO - Started process (PID=6027) to work on /home/airflow/.local/lib/python3.8/site-packages/airflow/example_dags/example_dag_decorator.py
[2025-01-30T00:28:11.681+0000] {processor.py:830} INFO - Processing file /home/airflow/.local/lib/python3.8/site-packages/airflow/example_dags/example_dag_decorator.py for tasks to queue
[2025-01-30T00:28:11.684+0000] {logging_mixin.py:188} INFO - [2025-01-30T00:28:11.683+0000] {dagbag.py:538} INFO - Filling up the DagBag from /home/airflow/.local/lib/python3.8/site-packages/airflow/example_dags/example_dag_decorator.py
[2025-01-30T00:28:12.391+0000] {processor.py:840} INFO - DAG(s) 'example_dag_decorator' retrieved from /home/airflow/.local/lib/python3.8/site-packages/airflow/example_dags/example_dag_decorator.py
[2025-01-30T00:28:13.047+0000] {logging_mixin.py:188} INFO - [2025-01-30T00:28:13.046+0000] {dag.py:3036} INFO - Sync 1 DAGs
[2025-01-30T00:28:13.112+0000] {logging_mixin.py:188} INFO - [2025-01-30T00:28:13.111+0000] {dag.py:3823} INFO - Setting next_dagrun for example_dag_decorator to None, run_after=None
[2025-01-30T00:28:13.280+0000] {processor.py:183} INFO - Processing /home/airflow/.local/lib/python3.8/site-packages/airflow/example_dags/example_dag_decorator.py took 1.645 seconds
[2025-01-30T00:28:45.016+0000] {processor.py:161} INFO - Started process (PID=6081) to work on /home/airflow/.local/lib/python3.8/site-packages/airflow/example_dags/example_dag_decorator.py
[2025-01-30T00:28:45.075+0000] {processor.py:830} INFO - Processing file /home/airflow/.local/lib/python3.8/site-packages/airflow/example_dags/example_dag_decorator.py for tasks to queue
[2025-01-30T00:28:45.079+0000] {logging_mixin.py:188} INFO - [2025-01-30T00:28:45.078+0000] {dagbag.py:538} INFO - Filling up the DagBag from /home/airflow/.local/lib/python3.8/site-packages/airflow/example_dags/example_dag_decorator.py
[2025-01-30T00:28:46.977+0000] {processor.py:840} INFO - DAG(s) 'example_dag_decorator' retrieved from /home/airflow/.local/lib/python3.8/site-packages/airflow/example_dags/example_dag_decorator.py
[2025-01-30T00:28:47.284+0000] {logging_mixin.py:188} INFO - [2025-01-30T00:28:47.284+0000] {dag.py:3036} INFO - Sync 1 DAGs
[2025-01-30T00:28:47.530+0000] {logging_mixin.py:188} INFO - [2025-01-30T00:28:47.521+0000] {dag.py:3823} INFO - Setting next_dagrun for example_dag_decorator to None, run_after=None
[2025-01-30T00:28:47.687+0000] {processor.py:183} INFO - Processing /home/airflow/.local/lib/python3.8/site-packages/airflow/example_dags/example_dag_decorator.py took 2.720 seconds
[2025-01-30T00:29:19.309+0000] {processor.py:161} INFO - Started process (PID=6142) to work on /home/airflow/.local/lib/python3.8/site-packages/airflow/example_dags/example_dag_decorator.py
[2025-01-30T00:29:19.345+0000] {processor.py:830} INFO - Processing file /home/airflow/.local/lib/python3.8/site-packages/airflow/example_dags/example_dag_decorator.py for tasks to queue
[2025-01-30T00:29:19.386+0000] {logging_mixin.py:188} INFO - [2025-01-30T00:29:19.385+0000] {dagbag.py:538} INFO - Filling up the DagBag from /home/airflow/.local/lib/python3.8/site-packages/airflow/example_dags/example_dag_decorator.py
[2025-01-30T00:29:20.695+0000] {processor.py:840} INFO - DAG(s) 'example_dag_decorator' retrieved from /home/airflow/.local/lib/python3.8/site-packages/airflow/example_dags/example_dag_decorator.py
[2025-01-30T00:29:21.851+0000] {logging_mixin.py:188} INFO - [2025-01-30T00:29:21.851+0000] {dag.py:3036} INFO - Sync 1 DAGs
[2025-01-30T00:29:21.946+0000] {logging_mixin.py:188} INFO - [2025-01-30T00:29:21.945+0000] {dag.py:3823} INFO - Setting next_dagrun for example_dag_decorator to None, run_after=None
[2025-01-30T00:29:22.098+0000] {processor.py:183} INFO - Processing /home/airflow/.local/lib/python3.8/site-packages/airflow/example_dags/example_dag_decorator.py took 2.797 seconds
[2025-01-30T00:29:53.026+0000] {processor.py:161} INFO - Started process (PID=6199) to work on /home/airflow/.local/lib/python3.8/site-packages/airflow/example_dags/example_dag_decorator.py
[2025-01-30T00:29:53.057+0000] {processor.py:830} INFO - Processing file /home/airflow/.local/lib/python3.8/site-packages/airflow/example_dags/example_dag_decorator.py for tasks to queue
[2025-01-30T00:29:53.074+0000] {logging_mixin.py:188} INFO - [2025-01-30T00:29:53.073+0000] {dagbag.py:538} INFO - Filling up the DagBag from /home/airflow/.local/lib/python3.8/site-packages/airflow/example_dags/example_dag_decorator.py
[2025-01-30T00:29:53.778+0000] {processor.py:840} INFO - DAG(s) 'example_dag_decorator' retrieved from /home/airflow/.local/lib/python3.8/site-packages/airflow/example_dags/example_dag_decorator.py
[2025-01-30T00:29:54.289+0000] {logging_mixin.py:188} INFO - [2025-01-30T00:29:54.288+0000] {dag.py:3036} INFO - Sync 1 DAGs
[2025-01-30T00:29:54.321+0000] {logging_mixin.py:188} INFO - [2025-01-30T00:29:54.320+0000] {dag.py:3823} INFO - Setting next_dagrun for example_dag_decorator to None, run_after=None
[2025-01-30T00:29:54.403+0000] {processor.py:183} INFO - Processing /home/airflow/.local/lib/python3.8/site-packages/airflow/example_dags/example_dag_decorator.py took 1.425 seconds
[2025-01-30T00:30:24.920+0000] {processor.py:161} INFO - Started process (PID=6256) to work on /home/airflow/.local/lib/python3.8/site-packages/airflow/example_dags/example_dag_decorator.py
[2025-01-30T00:30:24.938+0000] {processor.py:830} INFO - Processing file /home/airflow/.local/lib/python3.8/site-packages/airflow/example_dags/example_dag_decorator.py for tasks to queue
[2025-01-30T00:30:24.951+0000] {logging_mixin.py:188} INFO - [2025-01-30T00:30:24.950+0000] {dagbag.py:538} INFO - Filling up the DagBag from /home/airflow/.local/lib/python3.8/site-packages/airflow/example_dags/example_dag_decorator.py
[2025-01-30T00:30:25.860+0000] {processor.py:840} INFO - DAG(s) 'example_dag_decorator' retrieved from /home/airflow/.local/lib/python3.8/site-packages/airflow/example_dags/example_dag_decorator.py
[2025-01-30T00:30:26.274+0000] {logging_mixin.py:188} INFO - [2025-01-30T00:30:26.273+0000] {dag.py:3036} INFO - Sync 1 DAGs
[2025-01-30T00:30:26.315+0000] {logging_mixin.py:188} INFO - [2025-01-30T00:30:26.314+0000] {dag.py:3823} INFO - Setting next_dagrun for example_dag_decorator to None, run_after=None
[2025-01-30T00:30:26.370+0000] {processor.py:183} INFO - Processing /home/airflow/.local/lib/python3.8/site-packages/airflow/example_dags/example_dag_decorator.py took 1.458 seconds
[2025-01-30T00:30:56.716+0000] {processor.py:161} INFO - Started process (PID=6313) to work on /home/airflow/.local/lib/python3.8/site-packages/airflow/example_dags/example_dag_decorator.py
[2025-01-30T00:30:56.718+0000] {processor.py:830} INFO - Processing file /home/airflow/.local/lib/python3.8/site-packages/airflow/example_dags/example_dag_decorator.py for tasks to queue
[2025-01-30T00:30:56.721+0000] {logging_mixin.py:188} INFO - [2025-01-30T00:30:56.720+0000] {dagbag.py:538} INFO - Filling up the DagBag from /home/airflow/.local/lib/python3.8/site-packages/airflow/example_dags/example_dag_decorator.py
[2025-01-30T00:30:56.987+0000] {processor.py:840} INFO - DAG(s) 'example_dag_decorator' retrieved from /home/airflow/.local/lib/python3.8/site-packages/airflow/example_dags/example_dag_decorator.py
[2025-01-30T00:30:57.265+0000] {logging_mixin.py:188} INFO - [2025-01-30T00:30:57.264+0000] {dag.py:3036} INFO - Sync 1 DAGs
[2025-01-30T00:30:57.291+0000] {logging_mixin.py:188} INFO - [2025-01-30T00:30:57.291+0000] {dag.py:3823} INFO - Setting next_dagrun for example_dag_decorator to None, run_after=None
[2025-01-30T00:30:57.340+0000] {processor.py:183} INFO - Processing /home/airflow/.local/lib/python3.8/site-packages/airflow/example_dags/example_dag_decorator.py took 0.630 seconds
[2025-01-30T00:31:30.132+0000] {processor.py:161} INFO - Started process (PID=6371) to work on /home/airflow/.local/lib/python3.8/site-packages/airflow/example_dags/example_dag_decorator.py
[2025-01-30T00:31:30.139+0000] {processor.py:830} INFO - Processing file /home/airflow/.local/lib/python3.8/site-packages/airflow/example_dags/example_dag_decorator.py for tasks to queue
[2025-01-30T00:31:30.145+0000] {logging_mixin.py:188} INFO - [2025-01-30T00:31:30.143+0000] {dagbag.py:538} INFO - Filling up the DagBag from /home/airflow/.local/lib/python3.8/site-packages/airflow/example_dags/example_dag_decorator.py
[2025-01-30T00:31:30.647+0000] {processor.py:840} INFO - DAG(s) 'example_dag_decorator' retrieved from /home/airflow/.local/lib/python3.8/site-packages/airflow/example_dags/example_dag_decorator.py
[2025-01-30T00:31:31.470+0000] {logging_mixin.py:188} INFO - [2025-01-30T00:31:31.469+0000] {dag.py:3036} INFO - Sync 1 DAGs
[2025-01-30T00:31:31.570+0000] {logging_mixin.py:188} INFO - [2025-01-30T00:31:31.570+0000] {dag.py:3823} INFO - Setting next_dagrun for example_dag_decorator to None, run_after=None
[2025-01-30T00:31:31.714+0000] {processor.py:183} INFO - Processing /home/airflow/.local/lib/python3.8/site-packages/airflow/example_dags/example_dag_decorator.py took 1.613 seconds
[2025-01-30T00:32:02.485+0000] {processor.py:161} INFO - Started process (PID=6428) to work on /home/airflow/.local/lib/python3.8/site-packages/airflow/example_dags/example_dag_decorator.py
[2025-01-30T00:32:02.487+0000] {processor.py:830} INFO - Processing file /home/airflow/.local/lib/python3.8/site-packages/airflow/example_dags/example_dag_decorator.py for tasks to queue
[2025-01-30T00:32:02.489+0000] {logging_mixin.py:188} INFO - [2025-01-30T00:32:02.488+0000] {dagbag.py:538} INFO - Filling up the DagBag from /home/airflow/.local/lib/python3.8/site-packages/airflow/example_dags/example_dag_decorator.py
[2025-01-30T00:32:02.781+0000] {processor.py:840} INFO - DAG(s) 'example_dag_decorator' retrieved from /home/airflow/.local/lib/python3.8/site-packages/airflow/example_dags/example_dag_decorator.py
[2025-01-30T00:32:03.008+0000] {logging_mixin.py:188} INFO - [2025-01-30T00:32:03.007+0000] {dag.py:3036} INFO - Sync 1 DAGs
[2025-01-30T00:32:03.026+0000] {logging_mixin.py:188} INFO - [2025-01-30T00:32:03.026+0000] {dag.py:3823} INFO - Setting next_dagrun for example_dag_decorator to None, run_after=None
[2025-01-30T00:32:03.063+0000] {processor.py:183} INFO - Processing /home/airflow/.local/lib/python3.8/site-packages/airflow/example_dags/example_dag_decorator.py took 0.586 seconds
[2025-01-30T00:32:33.340+0000] {processor.py:161} INFO - Started process (PID=6485) to work on /home/airflow/.local/lib/python3.8/site-packages/airflow/example_dags/example_dag_decorator.py
[2025-01-30T00:32:33.343+0000] {processor.py:830} INFO - Processing file /home/airflow/.local/lib/python3.8/site-packages/airflow/example_dags/example_dag_decorator.py for tasks to queue
[2025-01-30T00:32:33.345+0000] {logging_mixin.py:188} INFO - [2025-01-30T00:32:33.345+0000] {dagbag.py:538} INFO - Filling up the DagBag from /home/airflow/.local/lib/python3.8/site-packages/airflow/example_dags/example_dag_decorator.py
[2025-01-30T00:32:33.720+0000] {processor.py:840} INFO - DAG(s) 'example_dag_decorator' retrieved from /home/airflow/.local/lib/python3.8/site-packages/airflow/example_dags/example_dag_decorator.py
[2025-01-30T00:32:34.090+0000] {logging_mixin.py:188} INFO - [2025-01-30T00:32:34.090+0000] {dag.py:3036} INFO - Sync 1 DAGs
[2025-01-30T00:32:34.124+0000] {logging_mixin.py:188} INFO - [2025-01-30T00:32:34.123+0000] {dag.py:3823} INFO - Setting next_dagrun for example_dag_decorator to None, run_after=None
[2025-01-30T00:32:34.197+0000] {processor.py:183} INFO - Processing /home/airflow/.local/lib/python3.8/site-packages/airflow/example_dags/example_dag_decorator.py took 0.869 seconds
[2025-01-30T00:33:04.366+0000] {processor.py:161} INFO - Started process (PID=6542) to work on /home/airflow/.local/lib/python3.8/site-packages/airflow/example_dags/example_dag_decorator.py
[2025-01-30T00:33:04.370+0000] {processor.py:830} INFO - Processing file /home/airflow/.local/lib/python3.8/site-packages/airflow/example_dags/example_dag_decorator.py for tasks to queue
[2025-01-30T00:33:04.373+0000] {logging_mixin.py:188} INFO - [2025-01-30T00:33:04.373+0000] {dagbag.py:538} INFO - Filling up the DagBag from /home/airflow/.local/lib/python3.8/site-packages/airflow/example_dags/example_dag_decorator.py
[2025-01-30T00:33:04.645+0000] {processor.py:840} INFO - DAG(s) 'example_dag_decorator' retrieved from /home/airflow/.local/lib/python3.8/site-packages/airflow/example_dags/example_dag_decorator.py
[2025-01-30T00:33:05.533+0000] {logging_mixin.py:188} INFO - [2025-01-30T00:33:05.532+0000] {dag.py:3036} INFO - Sync 1 DAGs
[2025-01-30T00:33:05.583+0000] {logging_mixin.py:188} INFO - [2025-01-30T00:33:05.581+0000] {dag.py:3823} INFO - Setting next_dagrun for example_dag_decorator to None, run_after=None
[2025-01-30T00:33:05.680+0000] {processor.py:183} INFO - Processing /home/airflow/.local/lib/python3.8/site-packages/airflow/example_dags/example_dag_decorator.py took 1.321 seconds
[2025-01-30T00:33:37.165+0000] {processor.py:161} INFO - Started process (PID=6600) to work on /home/airflow/.local/lib/python3.8/site-packages/airflow/example_dags/example_dag_decorator.py
[2025-01-30T00:33:37.167+0000] {processor.py:830} INFO - Processing file /home/airflow/.local/lib/python3.8/site-packages/airflow/example_dags/example_dag_decorator.py for tasks to queue
[2025-01-30T00:33:37.171+0000] {logging_mixin.py:188} INFO - [2025-01-30T00:33:37.169+0000] {dagbag.py:538} INFO - Filling up the DagBag from /home/airflow/.local/lib/python3.8/site-packages/airflow/example_dags/example_dag_decorator.py
[2025-01-30T00:33:37.496+0000] {processor.py:840} INFO - DAG(s) 'example_dag_decorator' retrieved from /home/airflow/.local/lib/python3.8/site-packages/airflow/example_dags/example_dag_decorator.py
[2025-01-30T00:33:38.441+0000] {logging_mixin.py:188} INFO - [2025-01-30T00:33:38.440+0000] {dag.py:3036} INFO - Sync 1 DAGs
[2025-01-30T00:33:38.480+0000] {logging_mixin.py:188} INFO - [2025-01-30T00:33:38.480+0000] {dag.py:3823} INFO - Setting next_dagrun for example_dag_decorator to None, run_after=None
[2025-01-30T00:33:38.543+0000] {processor.py:183} INFO - Processing /home/airflow/.local/lib/python3.8/site-packages/airflow/example_dags/example_dag_decorator.py took 1.387 seconds
[2025-01-30T00:34:09.119+0000] {processor.py:161} INFO - Started process (PID=6658) to work on /home/airflow/.local/lib/python3.8/site-packages/airflow/example_dags/example_dag_decorator.py
[2025-01-30T00:34:09.121+0000] {processor.py:830} INFO - Processing file /home/airflow/.local/lib/python3.8/site-packages/airflow/example_dags/example_dag_decorator.py for tasks to queue
[2025-01-30T00:34:09.123+0000] {logging_mixin.py:188} INFO - [2025-01-30T00:34:09.123+0000] {dagbag.py:538} INFO - Filling up the DagBag from /home/airflow/.local/lib/python3.8/site-packages/airflow/example_dags/example_dag_decorator.py
[2025-01-30T00:34:09.617+0000] {processor.py:840} INFO - DAG(s) 'example_dag_decorator' retrieved from /home/airflow/.local/lib/python3.8/site-packages/airflow/example_dags/example_dag_decorator.py
[2025-01-30T00:34:10.532+0000] {logging_mixin.py:188} INFO - [2025-01-30T00:34:10.531+0000] {dag.py:3036} INFO - Sync 1 DAGs
[2025-01-30T00:34:10.562+0000] {logging_mixin.py:188} INFO - [2025-01-30T00:34:10.561+0000] {dag.py:3823} INFO - Setting next_dagrun for example_dag_decorator to None, run_after=None
[2025-01-30T00:34:10.624+0000] {processor.py:183} INFO - Processing /home/airflow/.local/lib/python3.8/site-packages/airflow/example_dags/example_dag_decorator.py took 1.514 seconds
[2025-01-30T00:34:44.012+0000] {processor.py:161} INFO - Started process (PID=6713) to work on /home/airflow/.local/lib/python3.8/site-packages/airflow/example_dags/example_dag_decorator.py
[2025-01-30T00:34:44.017+0000] {processor.py:830} INFO - Processing file /home/airflow/.local/lib/python3.8/site-packages/airflow/example_dags/example_dag_decorator.py for tasks to queue
[2025-01-30T00:34:44.021+0000] {logging_mixin.py:188} INFO - [2025-01-30T00:34:44.020+0000] {dagbag.py:538} INFO - Filling up the DagBag from /home/airflow/.local/lib/python3.8/site-packages/airflow/example_dags/example_dag_decorator.py
[2025-01-30T00:34:44.542+0000] {processor.py:840} INFO - DAG(s) 'example_dag_decorator' retrieved from /home/airflow/.local/lib/python3.8/site-packages/airflow/example_dags/example_dag_decorator.py
[2025-01-30T00:34:45.051+0000] {logging_mixin.py:188} INFO - [2025-01-30T00:34:45.050+0000] {dag.py:3036} INFO - Sync 1 DAGs
[2025-01-30T00:34:45.107+0000] {logging_mixin.py:188} INFO - [2025-01-30T00:34:45.107+0000] {dag.py:3823} INFO - Setting next_dagrun for example_dag_decorator to None, run_after=None
[2025-01-30T00:34:45.175+0000] {processor.py:183} INFO - Processing /home/airflow/.local/lib/python3.8/site-packages/airflow/example_dags/example_dag_decorator.py took 1.171 seconds
[2025-01-30T00:35:15.439+0000] {processor.py:161} INFO - Started process (PID=6770) to work on /home/airflow/.local/lib/python3.8/site-packages/airflow/example_dags/example_dag_decorator.py
[2025-01-30T00:35:15.441+0000] {processor.py:830} INFO - Processing file /home/airflow/.local/lib/python3.8/site-packages/airflow/example_dags/example_dag_decorator.py for tasks to queue
[2025-01-30T00:35:15.443+0000] {logging_mixin.py:188} INFO - [2025-01-30T00:35:15.442+0000] {dagbag.py:538} INFO - Filling up the DagBag from /home/airflow/.local/lib/python3.8/site-packages/airflow/example_dags/example_dag_decorator.py
[2025-01-30T00:35:15.626+0000] {processor.py:840} INFO - DAG(s) 'example_dag_decorator' retrieved from /home/airflow/.local/lib/python3.8/site-packages/airflow/example_dags/example_dag_decorator.py
[2025-01-30T00:35:15.828+0000] {logging_mixin.py:188} INFO - [2025-01-30T00:35:15.827+0000] {dag.py:3036} INFO - Sync 1 DAGs
[2025-01-30T00:35:15.846+0000] {logging_mixin.py:188} INFO - [2025-01-30T00:35:15.846+0000] {dag.py:3823} INFO - Setting next_dagrun for example_dag_decorator to None, run_after=None
[2025-01-30T00:35:15.884+0000] {processor.py:183} INFO - Processing /home/airflow/.local/lib/python3.8/site-packages/airflow/example_dags/example_dag_decorator.py took 0.450 seconds
[2025-01-30T00:35:47.433+0000] {processor.py:161} INFO - Started process (PID=6825) to work on /home/airflow/.local/lib/python3.8/site-packages/airflow/example_dags/example_dag_decorator.py
[2025-01-30T00:35:47.436+0000] {processor.py:830} INFO - Processing file /home/airflow/.local/lib/python3.8/site-packages/airflow/example_dags/example_dag_decorator.py for tasks to queue
[2025-01-30T00:35:47.450+0000] {logging_mixin.py:188} INFO - [2025-01-30T00:35:47.449+0000] {dagbag.py:538} INFO - Filling up the DagBag from /home/airflow/.local/lib/python3.8/site-packages/airflow/example_dags/example_dag_decorator.py
[2025-01-30T00:35:48.599+0000] {processor.py:840} INFO - DAG(s) 'example_dag_decorator' retrieved from /home/airflow/.local/lib/python3.8/site-packages/airflow/example_dags/example_dag_decorator.py
[2025-01-30T00:35:49.304+0000] {logging_mixin.py:188} INFO - [2025-01-30T00:35:49.303+0000] {dag.py:3036} INFO - Sync 1 DAGs
[2025-01-30T00:35:49.390+0000] {logging_mixin.py:188} INFO - [2025-01-30T00:35:49.390+0000] {dag.py:3823} INFO - Setting next_dagrun for example_dag_decorator to None, run_after=None
[2025-01-30T00:35:49.567+0000] {processor.py:183} INFO - Processing /home/airflow/.local/lib/python3.8/site-packages/airflow/example_dags/example_dag_decorator.py took 2.165 seconds
[2025-01-30T00:36:22.807+0000] {processor.py:161} INFO - Started process (PID=6885) to work on /home/airflow/.local/lib/python3.8/site-packages/airflow/example_dags/example_dag_decorator.py
[2025-01-30T00:36:22.820+0000] {processor.py:830} INFO - Processing file /home/airflow/.local/lib/python3.8/site-packages/airflow/example_dags/example_dag_decorator.py for tasks to queue
[2025-01-30T00:36:22.822+0000] {logging_mixin.py:188} INFO - [2025-01-30T00:36:22.822+0000] {dagbag.py:538} INFO - Filling up the DagBag from /home/airflow/.local/lib/python3.8/site-packages/airflow/example_dags/example_dag_decorator.py
[2025-01-30T00:36:23.712+0000] {processor.py:840} INFO - DAG(s) 'example_dag_decorator' retrieved from /home/airflow/.local/lib/python3.8/site-packages/airflow/example_dags/example_dag_decorator.py
[2025-01-30T00:36:24.328+0000] {logging_mixin.py:188} INFO - [2025-01-30T00:36:24.326+0000] {dag.py:3036} INFO - Sync 1 DAGs
[2025-01-30T00:36:24.386+0000] {logging_mixin.py:188} INFO - [2025-01-30T00:36:24.385+0000] {dag.py:3823} INFO - Setting next_dagrun for example_dag_decorator to None, run_after=None
[2025-01-30T00:36:24.611+0000] {processor.py:183} INFO - Processing /home/airflow/.local/lib/python3.8/site-packages/airflow/example_dags/example_dag_decorator.py took 1.820 seconds
[2025-01-30T00:36:55.343+0000] {processor.py:161} INFO - Started process (PID=6942) to work on /home/airflow/.local/lib/python3.8/site-packages/airflow/example_dags/example_dag_decorator.py
[2025-01-30T00:36:55.360+0000] {processor.py:830} INFO - Processing file /home/airflow/.local/lib/python3.8/site-packages/airflow/example_dags/example_dag_decorator.py for tasks to queue
[2025-01-30T00:36:55.381+0000] {logging_mixin.py:188} INFO - [2025-01-30T00:36:55.380+0000] {dagbag.py:538} INFO - Filling up the DagBag from /home/airflow/.local/lib/python3.8/site-packages/airflow/example_dags/example_dag_decorator.py
[2025-01-30T00:36:56.485+0000] {processor.py:840} INFO - DAG(s) 'example_dag_decorator' retrieved from /home/airflow/.local/lib/python3.8/site-packages/airflow/example_dags/example_dag_decorator.py
[2025-01-30T00:36:57.087+0000] {logging_mixin.py:188} INFO - [2025-01-30T00:36:57.086+0000] {dag.py:3036} INFO - Sync 1 DAGs
[2025-01-30T00:36:57.161+0000] {logging_mixin.py:188} INFO - [2025-01-30T00:36:57.161+0000] {dag.py:3823} INFO - Setting next_dagrun for example_dag_decorator to None, run_after=None
[2025-01-30T00:36:57.295+0000] {processor.py:183} INFO - Processing /home/airflow/.local/lib/python3.8/site-packages/airflow/example_dags/example_dag_decorator.py took 2.049 seconds
[2025-01-30T00:37:28.061+0000] {processor.py:161} INFO - Started process (PID=6999) to work on /home/airflow/.local/lib/python3.8/site-packages/airflow/example_dags/example_dag_decorator.py
[2025-01-30T00:37:28.066+0000] {processor.py:830} INFO - Processing file /home/airflow/.local/lib/python3.8/site-packages/airflow/example_dags/example_dag_decorator.py for tasks to queue
[2025-01-30T00:37:28.080+0000] {logging_mixin.py:188} INFO - [2025-01-30T00:37:28.078+0000] {dagbag.py:538} INFO - Filling up the DagBag from /home/airflow/.local/lib/python3.8/site-packages/airflow/example_dags/example_dag_decorator.py
[2025-01-30T00:37:28.387+0000] {processor.py:840} INFO - DAG(s) 'example_dag_decorator' retrieved from /home/airflow/.local/lib/python3.8/site-packages/airflow/example_dags/example_dag_decorator.py
[2025-01-30T00:37:28.621+0000] {logging_mixin.py:188} INFO - [2025-01-30T00:37:28.621+0000] {dag.py:3036} INFO - Sync 1 DAGs
[2025-01-30T00:37:28.640+0000] {logging_mixin.py:188} INFO - [2025-01-30T00:37:28.640+0000] {dag.py:3823} INFO - Setting next_dagrun for example_dag_decorator to None, run_after=None
[2025-01-30T00:37:28.669+0000] {processor.py:183} INFO - Processing /home/airflow/.local/lib/python3.8/site-packages/airflow/example_dags/example_dag_decorator.py took 0.617 seconds
[2025-01-30T00:37:59.553+0000] {processor.py:161} INFO - Started process (PID=7055) to work on /home/airflow/.local/lib/python3.8/site-packages/airflow/example_dags/example_dag_decorator.py
[2025-01-30T00:37:59.583+0000] {processor.py:830} INFO - Processing file /home/airflow/.local/lib/python3.8/site-packages/airflow/example_dags/example_dag_decorator.py for tasks to queue
[2025-01-30T00:37:59.633+0000] {logging_mixin.py:188} INFO - [2025-01-30T00:37:59.632+0000] {dagbag.py:538} INFO - Filling up the DagBag from /home/airflow/.local/lib/python3.8/site-packages/airflow/example_dags/example_dag_decorator.py
[2025-01-30T00:38:00.416+0000] {processor.py:840} INFO - DAG(s) 'example_dag_decorator' retrieved from /home/airflow/.local/lib/python3.8/site-packages/airflow/example_dags/example_dag_decorator.py
[2025-01-30T00:38:01.266+0000] {logging_mixin.py:188} INFO - [2025-01-30T00:38:01.265+0000] {dag.py:3036} INFO - Sync 1 DAGs
[2025-01-30T00:38:01.379+0000] {logging_mixin.py:188} INFO - [2025-01-30T00:38:01.378+0000] {dag.py:3823} INFO - Setting next_dagrun for example_dag_decorator to None, run_after=None
[2025-01-30T00:38:01.636+0000] {processor.py:183} INFO - Processing /home/airflow/.local/lib/python3.8/site-packages/airflow/example_dags/example_dag_decorator.py took 2.110 seconds
