[2025-01-30T00:00:09.200+0000] {processor.py:161} INFO - Started process (PID=3044) to work on /home/airflow/.local/lib/python3.8/site-packages/airflow/example_dags/example_setup_teardown.py
[2025-01-30T00:00:09.204+0000] {processor.py:830} INFO - Processing file /home/airflow/.local/lib/python3.8/site-packages/airflow/example_dags/example_setup_teardown.py for tasks to queue
[2025-01-30T00:00:09.209+0000] {logging_mixin.py:188} INFO - [2025-01-30T00:00:09.208+0000] {dagbag.py:538} INFO - Filling up the DagBag from /home/airflow/.local/lib/python3.8/site-packages/airflow/example_dags/example_setup_teardown.py
[2025-01-30T00:00:09.235+0000] {processor.py:840} INFO - DAG(s) 'example_setup_teardown' retrieved from /home/airflow/.local/lib/python3.8/site-packages/airflow/example_dags/example_setup_teardown.py
[2025-01-30T00:00:09.335+0000] {logging_mixin.py:188} INFO - [2025-01-30T00:00:09.334+0000] {dag.py:3036} INFO - Sync 1 DAGs
[2025-01-30T00:00:09.450+0000] {logging_mixin.py:188} INFO - [2025-01-30T00:00:09.449+0000] {dag.py:3823} INFO - Setting next_dagrun for example_setup_teardown to 2025-01-29 00:00:00+00:00, run_after=2025-01-30 00:00:00+00:00
[2025-01-30T00:00:09.528+0000] {processor.py:183} INFO - Processing /home/airflow/.local/lib/python3.8/site-packages/airflow/example_dags/example_setup_teardown.py took 0.348 seconds
[2025-01-30T00:00:39.671+0000] {processor.py:161} INFO - Started process (PID=3098) to work on /home/airflow/.local/lib/python3.8/site-packages/airflow/example_dags/example_setup_teardown.py
[2025-01-30T00:00:39.672+0000] {processor.py:830} INFO - Processing file /home/airflow/.local/lib/python3.8/site-packages/airflow/example_dags/example_setup_teardown.py for tasks to queue
[2025-01-30T00:00:39.674+0000] {logging_mixin.py:188} INFO - [2025-01-30T00:00:39.673+0000] {dagbag.py:538} INFO - Filling up the DagBag from /home/airflow/.local/lib/python3.8/site-packages/airflow/example_dags/example_setup_teardown.py
[2025-01-30T00:00:39.688+0000] {processor.py:840} INFO - DAG(s) 'example_setup_teardown' retrieved from /home/airflow/.local/lib/python3.8/site-packages/airflow/example_dags/example_setup_teardown.py
[2025-01-30T00:00:39.721+0000] {logging_mixin.py:188} INFO - [2025-01-30T00:00:39.721+0000] {dag.py:3036} INFO - Sync 1 DAGs
[2025-01-30T00:00:39.760+0000] {logging_mixin.py:188} INFO - [2025-01-30T00:00:39.759+0000] {dag.py:3823} INFO - Setting next_dagrun for example_setup_teardown to 2025-01-29 00:00:00+00:00, run_after=2025-01-30 00:00:00+00:00
[2025-01-30T00:00:39.806+0000] {processor.py:183} INFO - Processing /home/airflow/.local/lib/python3.8/site-packages/airflow/example_dags/example_setup_teardown.py took 0.140 seconds
[2025-01-30T00:01:11.580+0000] {processor.py:161} INFO - Started process (PID=3156) to work on /home/airflow/.local/lib/python3.8/site-packages/airflow/example_dags/example_setup_teardown.py
[2025-01-30T00:01:11.594+0000] {processor.py:830} INFO - Processing file /home/airflow/.local/lib/python3.8/site-packages/airflow/example_dags/example_setup_teardown.py for tasks to queue
[2025-01-30T00:01:11.620+0000] {logging_mixin.py:188} INFO - [2025-01-30T00:01:11.619+0000] {dagbag.py:538} INFO - Filling up the DagBag from /home/airflow/.local/lib/python3.8/site-packages/airflow/example_dags/example_setup_teardown.py
[2025-01-30T00:01:11.753+0000] {processor.py:840} INFO - DAG(s) 'example_setup_teardown' retrieved from /home/airflow/.local/lib/python3.8/site-packages/airflow/example_dags/example_setup_teardown.py
[2025-01-30T00:01:11.974+0000] {logging_mixin.py:188} INFO - [2025-01-30T00:01:11.973+0000] {dag.py:3036} INFO - Sync 1 DAGs
[2025-01-30T00:01:12.225+0000] {logging_mixin.py:188} INFO - [2025-01-30T00:01:12.221+0000] {dag.py:3823} INFO - Setting next_dagrun for example_setup_teardown to 2025-01-29 00:00:00+00:00, run_after=2025-01-30 00:00:00+00:00
[2025-01-30T00:01:12.500+0000] {processor.py:183} INFO - Processing /home/airflow/.local/lib/python3.8/site-packages/airflow/example_dags/example_setup_teardown.py took 0.952 seconds
[2025-01-30T00:01:43.143+0000] {processor.py:161} INFO - Started process (PID=3210) to work on /home/airflow/.local/lib/python3.8/site-packages/airflow/example_dags/example_setup_teardown.py
[2025-01-30T00:01:43.145+0000] {processor.py:830} INFO - Processing file /home/airflow/.local/lib/python3.8/site-packages/airflow/example_dags/example_setup_teardown.py for tasks to queue
[2025-01-30T00:01:43.147+0000] {logging_mixin.py:188} INFO - [2025-01-30T00:01:43.146+0000] {dagbag.py:538} INFO - Filling up the DagBag from /home/airflow/.local/lib/python3.8/site-packages/airflow/example_dags/example_setup_teardown.py
[2025-01-30T00:01:43.177+0000] {processor.py:840} INFO - DAG(s) 'example_setup_teardown' retrieved from /home/airflow/.local/lib/python3.8/site-packages/airflow/example_dags/example_setup_teardown.py
[2025-01-30T00:01:43.239+0000] {logging_mixin.py:188} INFO - [2025-01-30T00:01:43.239+0000] {dag.py:3036} INFO - Sync 1 DAGs
[2025-01-30T00:01:43.313+0000] {logging_mixin.py:188} INFO - [2025-01-30T00:01:43.312+0000] {dag.py:3823} INFO - Setting next_dagrun for example_setup_teardown to 2025-01-29 00:00:00+00:00, run_after=2025-01-30 00:00:00+00:00
[2025-01-30T00:01:43.358+0000] {processor.py:183} INFO - Processing /home/airflow/.local/lib/python3.8/site-packages/airflow/example_dags/example_setup_teardown.py took 0.226 seconds
[2025-01-30T00:02:13.996+0000] {processor.py:161} INFO - Started process (PID=3266) to work on /home/airflow/.local/lib/python3.8/site-packages/airflow/example_dags/example_setup_teardown.py
[2025-01-30T00:02:13.997+0000] {processor.py:830} INFO - Processing file /home/airflow/.local/lib/python3.8/site-packages/airflow/example_dags/example_setup_teardown.py for tasks to queue
[2025-01-30T00:02:13.999+0000] {logging_mixin.py:188} INFO - [2025-01-30T00:02:13.998+0000] {dagbag.py:538} INFO - Filling up the DagBag from /home/airflow/.local/lib/python3.8/site-packages/airflow/example_dags/example_setup_teardown.py
[2025-01-30T00:02:14.012+0000] {processor.py:840} INFO - DAG(s) 'example_setup_teardown' retrieved from /home/airflow/.local/lib/python3.8/site-packages/airflow/example_dags/example_setup_teardown.py
[2025-01-30T00:02:14.051+0000] {logging_mixin.py:188} INFO - [2025-01-30T00:02:14.050+0000] {dag.py:3036} INFO - Sync 1 DAGs
[2025-01-30T00:02:14.091+0000] {logging_mixin.py:188} INFO - [2025-01-30T00:02:14.090+0000] {dag.py:3823} INFO - Setting next_dagrun for example_setup_teardown to 2025-01-29 00:00:00+00:00, run_after=2025-01-30 00:00:00+00:00
[2025-01-30T00:02:14.132+0000] {processor.py:183} INFO - Processing /home/airflow/.local/lib/python3.8/site-packages/airflow/example_dags/example_setup_teardown.py took 0.141 seconds
[2025-01-30T00:02:44.656+0000] {processor.py:161} INFO - Started process (PID=3322) to work on /home/airflow/.local/lib/python3.8/site-packages/airflow/example_dags/example_setup_teardown.py
[2025-01-30T00:02:44.659+0000] {processor.py:830} INFO - Processing file /home/airflow/.local/lib/python3.8/site-packages/airflow/example_dags/example_setup_teardown.py for tasks to queue
[2025-01-30T00:02:44.662+0000] {logging_mixin.py:188} INFO - [2025-01-30T00:02:44.661+0000] {dagbag.py:538} INFO - Filling up the DagBag from /home/airflow/.local/lib/python3.8/site-packages/airflow/example_dags/example_setup_teardown.py
[2025-01-30T00:02:44.684+0000] {processor.py:840} INFO - DAG(s) 'example_setup_teardown' retrieved from /home/airflow/.local/lib/python3.8/site-packages/airflow/example_dags/example_setup_teardown.py
[2025-01-30T00:02:44.730+0000] {logging_mixin.py:188} INFO - [2025-01-30T00:02:44.730+0000] {dag.py:3036} INFO - Sync 1 DAGs
[2025-01-30T00:02:44.782+0000] {logging_mixin.py:188} INFO - [2025-01-30T00:02:44.781+0000] {dag.py:3823} INFO - Setting next_dagrun for example_setup_teardown to 2025-01-29 00:00:00+00:00, run_after=2025-01-30 00:00:00+00:00
[2025-01-30T00:02:44.823+0000] {processor.py:183} INFO - Processing /home/airflow/.local/lib/python3.8/site-packages/airflow/example_dags/example_setup_teardown.py took 0.180 seconds
[2025-01-30T00:03:15.098+0000] {processor.py:161} INFO - Started process (PID=3378) to work on /home/airflow/.local/lib/python3.8/site-packages/airflow/example_dags/example_setup_teardown.py
[2025-01-30T00:03:15.101+0000] {processor.py:830} INFO - Processing file /home/airflow/.local/lib/python3.8/site-packages/airflow/example_dags/example_setup_teardown.py for tasks to queue
[2025-01-30T00:03:15.104+0000] {logging_mixin.py:188} INFO - [2025-01-30T00:03:15.103+0000] {dagbag.py:538} INFO - Filling up the DagBag from /home/airflow/.local/lib/python3.8/site-packages/airflow/example_dags/example_setup_teardown.py
[2025-01-30T00:03:15.124+0000] {processor.py:840} INFO - DAG(s) 'example_setup_teardown' retrieved from /home/airflow/.local/lib/python3.8/site-packages/airflow/example_dags/example_setup_teardown.py
[2025-01-30T00:03:15.204+0000] {logging_mixin.py:188} INFO - [2025-01-30T00:03:15.203+0000] {dag.py:3036} INFO - Sync 1 DAGs
[2025-01-30T00:03:15.410+0000] {logging_mixin.py:188} INFO - [2025-01-30T00:03:15.409+0000] {dag.py:3823} INFO - Setting next_dagrun for example_setup_teardown to 2025-01-29 00:00:00+00:00, run_after=2025-01-30 00:00:00+00:00
[2025-01-30T00:03:15.573+0000] {processor.py:183} INFO - Processing /home/airflow/.local/lib/python3.8/site-packages/airflow/example_dags/example_setup_teardown.py took 0.483 seconds
[2025-01-30T00:03:46.026+0000] {processor.py:161} INFO - Started process (PID=3433) to work on /home/airflow/.local/lib/python3.8/site-packages/airflow/example_dags/example_setup_teardown.py
[2025-01-30T00:03:46.028+0000] {processor.py:830} INFO - Processing file /home/airflow/.local/lib/python3.8/site-packages/airflow/example_dags/example_setup_teardown.py for tasks to queue
[2025-01-30T00:03:46.030+0000] {logging_mixin.py:188} INFO - [2025-01-30T00:03:46.029+0000] {dagbag.py:538} INFO - Filling up the DagBag from /home/airflow/.local/lib/python3.8/site-packages/airflow/example_dags/example_setup_teardown.py
[2025-01-30T00:03:46.046+0000] {processor.py:840} INFO - DAG(s) 'example_setup_teardown' retrieved from /home/airflow/.local/lib/python3.8/site-packages/airflow/example_dags/example_setup_teardown.py
[2025-01-30T00:03:46.085+0000] {logging_mixin.py:188} INFO - [2025-01-30T00:03:46.085+0000] {dag.py:3036} INFO - Sync 1 DAGs
[2025-01-30T00:03:46.131+0000] {logging_mixin.py:188} INFO - [2025-01-30T00:03:46.130+0000] {dag.py:3823} INFO - Setting next_dagrun for example_setup_teardown to 2025-01-29 00:00:00+00:00, run_after=2025-01-30 00:00:00+00:00
[2025-01-30T00:03:46.177+0000] {processor.py:183} INFO - Processing /home/airflow/.local/lib/python3.8/site-packages/airflow/example_dags/example_setup_teardown.py took 0.156 seconds
[2025-01-30T00:04:16.701+0000] {processor.py:161} INFO - Started process (PID=3489) to work on /home/airflow/.local/lib/python3.8/site-packages/airflow/example_dags/example_setup_teardown.py
[2025-01-30T00:04:16.703+0000] {processor.py:830} INFO - Processing file /home/airflow/.local/lib/python3.8/site-packages/airflow/example_dags/example_setup_teardown.py for tasks to queue
[2025-01-30T00:04:16.704+0000] {logging_mixin.py:188} INFO - [2025-01-30T00:04:16.704+0000] {dagbag.py:538} INFO - Filling up the DagBag from /home/airflow/.local/lib/python3.8/site-packages/airflow/example_dags/example_setup_teardown.py
[2025-01-30T00:04:16.719+0000] {processor.py:840} INFO - DAG(s) 'example_setup_teardown' retrieved from /home/airflow/.local/lib/python3.8/site-packages/airflow/example_dags/example_setup_teardown.py
[2025-01-30T00:04:16.759+0000] {logging_mixin.py:188} INFO - [2025-01-30T00:04:16.758+0000] {dag.py:3036} INFO - Sync 1 DAGs
[2025-01-30T00:04:16.811+0000] {logging_mixin.py:188} INFO - [2025-01-30T00:04:16.810+0000] {dag.py:3823} INFO - Setting next_dagrun for example_setup_teardown to 2025-01-29 00:00:00+00:00, run_after=2025-01-30 00:00:00+00:00
[2025-01-30T00:04:16.863+0000] {processor.py:183} INFO - Processing /home/airflow/.local/lib/python3.8/site-packages/airflow/example_dags/example_setup_teardown.py took 0.167 seconds
[2025-01-30T00:04:47.457+0000] {processor.py:161} INFO - Started process (PID=3544) to work on /home/airflow/.local/lib/python3.8/site-packages/airflow/example_dags/example_setup_teardown.py
[2025-01-30T00:04:47.460+0000] {processor.py:830} INFO - Processing file /home/airflow/.local/lib/python3.8/site-packages/airflow/example_dags/example_setup_teardown.py for tasks to queue
[2025-01-30T00:04:47.462+0000] {logging_mixin.py:188} INFO - [2025-01-30T00:04:47.461+0000] {dagbag.py:538} INFO - Filling up the DagBag from /home/airflow/.local/lib/python3.8/site-packages/airflow/example_dags/example_setup_teardown.py
[2025-01-30T00:04:47.480+0000] {processor.py:840} INFO - DAG(s) 'example_setup_teardown' retrieved from /home/airflow/.local/lib/python3.8/site-packages/airflow/example_dags/example_setup_teardown.py
[2025-01-30T00:04:47.541+0000] {logging_mixin.py:188} INFO - [2025-01-30T00:04:47.540+0000] {dag.py:3036} INFO - Sync 1 DAGs
[2025-01-30T00:04:47.591+0000] {logging_mixin.py:188} INFO - [2025-01-30T00:04:47.591+0000] {dag.py:3823} INFO - Setting next_dagrun for example_setup_teardown to 2025-01-29 00:00:00+00:00, run_after=2025-01-30 00:00:00+00:00
[2025-01-30T00:04:47.644+0000] {processor.py:183} INFO - Processing /home/airflow/.local/lib/python3.8/site-packages/airflow/example_dags/example_setup_teardown.py took 0.198 seconds
[2025-01-30T00:05:17.934+0000] {processor.py:161} INFO - Started process (PID=3600) to work on /home/airflow/.local/lib/python3.8/site-packages/airflow/example_dags/example_setup_teardown.py
[2025-01-30T00:05:17.943+0000] {processor.py:830} INFO - Processing file /home/airflow/.local/lib/python3.8/site-packages/airflow/example_dags/example_setup_teardown.py for tasks to queue
[2025-01-30T00:05:17.947+0000] {logging_mixin.py:188} INFO - [2025-01-30T00:05:17.946+0000] {dagbag.py:538} INFO - Filling up the DagBag from /home/airflow/.local/lib/python3.8/site-packages/airflow/example_dags/example_setup_teardown.py
[2025-01-30T00:05:17.975+0000] {processor.py:840} INFO - DAG(s) 'example_setup_teardown' retrieved from /home/airflow/.local/lib/python3.8/site-packages/airflow/example_dags/example_setup_teardown.py
[2025-01-30T00:05:18.123+0000] {logging_mixin.py:188} INFO - [2025-01-30T00:05:18.122+0000] {dag.py:3036} INFO - Sync 1 DAGs
[2025-01-30T00:05:18.319+0000] {logging_mixin.py:188} INFO - [2025-01-30T00:05:18.319+0000] {dag.py:3823} INFO - Setting next_dagrun for example_setup_teardown to 2025-01-29 00:00:00+00:00, run_after=2025-01-30 00:00:00+00:00
[2025-01-30T00:05:18.496+0000] {processor.py:183} INFO - Processing /home/airflow/.local/lib/python3.8/site-packages/airflow/example_dags/example_setup_teardown.py took 0.572 seconds
[2025-01-30T00:05:48.995+0000] {processor.py:161} INFO - Started process (PID=3657) to work on /home/airflow/.local/lib/python3.8/site-packages/airflow/example_dags/example_setup_teardown.py
[2025-01-30T00:05:49.007+0000] {processor.py:830} INFO - Processing file /home/airflow/.local/lib/python3.8/site-packages/airflow/example_dags/example_setup_teardown.py for tasks to queue
[2025-01-30T00:05:49.011+0000] {logging_mixin.py:188} INFO - [2025-01-30T00:05:49.010+0000] {dagbag.py:538} INFO - Filling up the DagBag from /home/airflow/.local/lib/python3.8/site-packages/airflow/example_dags/example_setup_teardown.py
[2025-01-30T00:05:49.033+0000] {processor.py:840} INFO - DAG(s) 'example_setup_teardown' retrieved from /home/airflow/.local/lib/python3.8/site-packages/airflow/example_dags/example_setup_teardown.py
[2025-01-30T00:05:49.106+0000] {logging_mixin.py:188} INFO - [2025-01-30T00:05:49.105+0000] {dag.py:3036} INFO - Sync 1 DAGs
[2025-01-30T00:05:49.222+0000] {logging_mixin.py:188} INFO - [2025-01-30T00:05:49.221+0000] {dag.py:3823} INFO - Setting next_dagrun for example_setup_teardown to 2025-01-29 00:00:00+00:00, run_after=2025-01-30 00:00:00+00:00
[2025-01-30T00:05:49.300+0000] {processor.py:183} INFO - Processing /home/airflow/.local/lib/python3.8/site-packages/airflow/example_dags/example_setup_teardown.py took 0.321 seconds
[2025-01-30T00:06:19.821+0000] {processor.py:161} INFO - Started process (PID=3713) to work on /home/airflow/.local/lib/python3.8/site-packages/airflow/example_dags/example_setup_teardown.py
[2025-01-30T00:06:19.822+0000] {processor.py:830} INFO - Processing file /home/airflow/.local/lib/python3.8/site-packages/airflow/example_dags/example_setup_teardown.py for tasks to queue
[2025-01-30T00:06:19.824+0000] {logging_mixin.py:188} INFO - [2025-01-30T00:06:19.823+0000] {dagbag.py:538} INFO - Filling up the DagBag from /home/airflow/.local/lib/python3.8/site-packages/airflow/example_dags/example_setup_teardown.py
[2025-01-30T00:06:19.833+0000] {processor.py:840} INFO - DAG(s) 'example_setup_teardown' retrieved from /home/airflow/.local/lib/python3.8/site-packages/airflow/example_dags/example_setup_teardown.py
[2025-01-30T00:06:19.860+0000] {logging_mixin.py:188} INFO - [2025-01-30T00:06:19.860+0000] {dag.py:3036} INFO - Sync 1 DAGs
[2025-01-30T00:06:19.894+0000] {logging_mixin.py:188} INFO - [2025-01-30T00:06:19.894+0000] {dag.py:3823} INFO - Setting next_dagrun for example_setup_teardown to 2025-01-29 00:00:00+00:00, run_after=2025-01-30 00:00:00+00:00
[2025-01-30T00:06:19.928+0000] {processor.py:183} INFO - Processing /home/airflow/.local/lib/python3.8/site-packages/airflow/example_dags/example_setup_teardown.py took 0.110 seconds
[2025-01-30T00:06:50.253+0000] {processor.py:161} INFO - Started process (PID=3769) to work on /home/airflow/.local/lib/python3.8/site-packages/airflow/example_dags/example_setup_teardown.py
[2025-01-30T00:06:50.254+0000] {processor.py:830} INFO - Processing file /home/airflow/.local/lib/python3.8/site-packages/airflow/example_dags/example_setup_teardown.py for tasks to queue
[2025-01-30T00:06:50.255+0000] {logging_mixin.py:188} INFO - [2025-01-30T00:06:50.255+0000] {dagbag.py:538} INFO - Filling up the DagBag from /home/airflow/.local/lib/python3.8/site-packages/airflow/example_dags/example_setup_teardown.py
[2025-01-30T00:06:50.264+0000] {processor.py:840} INFO - DAG(s) 'example_setup_teardown' retrieved from /home/airflow/.local/lib/python3.8/site-packages/airflow/example_dags/example_setup_teardown.py
[2025-01-30T00:06:50.293+0000] {logging_mixin.py:188} INFO - [2025-01-30T00:06:50.292+0000] {dag.py:3036} INFO - Sync 1 DAGs
[2025-01-30T00:06:50.328+0000] {logging_mixin.py:188} INFO - [2025-01-30T00:06:50.327+0000] {dag.py:3823} INFO - Setting next_dagrun for example_setup_teardown to 2025-01-29 00:00:00+00:00, run_after=2025-01-30 00:00:00+00:00
[2025-01-30T00:06:50.366+0000] {processor.py:183} INFO - Processing /home/airflow/.local/lib/python3.8/site-packages/airflow/example_dags/example_setup_teardown.py took 0.117 seconds
[2025-01-30T00:07:20.816+0000] {processor.py:161} INFO - Started process (PID=3825) to work on /home/airflow/.local/lib/python3.8/site-packages/airflow/example_dags/example_setup_teardown.py
[2025-01-30T00:07:20.818+0000] {processor.py:830} INFO - Processing file /home/airflow/.local/lib/python3.8/site-packages/airflow/example_dags/example_setup_teardown.py for tasks to queue
[2025-01-30T00:07:20.819+0000] {logging_mixin.py:188} INFO - [2025-01-30T00:07:20.819+0000] {dagbag.py:538} INFO - Filling up the DagBag from /home/airflow/.local/lib/python3.8/site-packages/airflow/example_dags/example_setup_teardown.py
[2025-01-30T00:07:20.834+0000] {processor.py:840} INFO - DAG(s) 'example_setup_teardown' retrieved from /home/airflow/.local/lib/python3.8/site-packages/airflow/example_dags/example_setup_teardown.py
[2025-01-30T00:07:20.873+0000] {logging_mixin.py:188} INFO - [2025-01-30T00:07:20.872+0000] {dag.py:3036} INFO - Sync 1 DAGs
[2025-01-30T00:07:20.934+0000] {logging_mixin.py:188} INFO - [2025-01-30T00:07:20.934+0000] {dag.py:3823} INFO - Setting next_dagrun for example_setup_teardown to 2025-01-29 00:00:00+00:00, run_after=2025-01-30 00:00:00+00:00
[2025-01-30T00:07:20.985+0000] {processor.py:183} INFO - Processing /home/airflow/.local/lib/python3.8/site-packages/airflow/example_dags/example_setup_teardown.py took 0.173 seconds
[2025-01-30T00:07:51.647+0000] {processor.py:161} INFO - Started process (PID=3881) to work on /home/airflow/.local/lib/python3.8/site-packages/airflow/example_dags/example_setup_teardown.py
[2025-01-30T00:07:51.650+0000] {processor.py:830} INFO - Processing file /home/airflow/.local/lib/python3.8/site-packages/airflow/example_dags/example_setup_teardown.py for tasks to queue
[2025-01-30T00:07:51.653+0000] {logging_mixin.py:188} INFO - [2025-01-30T00:07:51.652+0000] {dagbag.py:538} INFO - Filling up the DagBag from /home/airflow/.local/lib/python3.8/site-packages/airflow/example_dags/example_setup_teardown.py
[2025-01-30T00:07:51.671+0000] {processor.py:840} INFO - DAG(s) 'example_setup_teardown' retrieved from /home/airflow/.local/lib/python3.8/site-packages/airflow/example_dags/example_setup_teardown.py
[2025-01-30T00:07:51.722+0000] {logging_mixin.py:188} INFO - [2025-01-30T00:07:51.721+0000] {dag.py:3036} INFO - Sync 1 DAGs
[2025-01-30T00:07:51.790+0000] {logging_mixin.py:188} INFO - [2025-01-30T00:07:51.790+0000] {dag.py:3823} INFO - Setting next_dagrun for example_setup_teardown to 2025-01-29 00:00:00+00:00, run_after=2025-01-30 00:00:00+00:00
[2025-01-30T00:07:51.851+0000] {processor.py:183} INFO - Processing /home/airflow/.local/lib/python3.8/site-packages/airflow/example_dags/example_setup_teardown.py took 0.210 seconds
[2025-01-30T00:08:22.292+0000] {processor.py:161} INFO - Started process (PID=3936) to work on /home/airflow/.local/lib/python3.8/site-packages/airflow/example_dags/example_setup_teardown.py
[2025-01-30T00:08:22.294+0000] {processor.py:830} INFO - Processing file /home/airflow/.local/lib/python3.8/site-packages/airflow/example_dags/example_setup_teardown.py for tasks to queue
[2025-01-30T00:08:22.296+0000] {logging_mixin.py:188} INFO - [2025-01-30T00:08:22.295+0000] {dagbag.py:538} INFO - Filling up the DagBag from /home/airflow/.local/lib/python3.8/site-packages/airflow/example_dags/example_setup_teardown.py
[2025-01-30T00:08:22.311+0000] {processor.py:840} INFO - DAG(s) 'example_setup_teardown' retrieved from /home/airflow/.local/lib/python3.8/site-packages/airflow/example_dags/example_setup_teardown.py
[2025-01-30T00:08:22.364+0000] {logging_mixin.py:188} INFO - [2025-01-30T00:08:22.363+0000] {dag.py:3036} INFO - Sync 1 DAGs
[2025-01-30T00:08:22.421+0000] {logging_mixin.py:188} INFO - [2025-01-30T00:08:22.421+0000] {dag.py:3823} INFO - Setting next_dagrun for example_setup_teardown to 2025-01-29 00:00:00+00:00, run_after=2025-01-30 00:00:00+00:00
[2025-01-30T00:08:22.493+0000] {processor.py:183} INFO - Processing /home/airflow/.local/lib/python3.8/site-packages/airflow/example_dags/example_setup_teardown.py took 0.209 seconds
[2025-01-30T00:08:57.075+0000] {processor.py:161} INFO - Started process (PID=3989) to work on /home/airflow/.local/lib/python3.8/site-packages/airflow/example_dags/example_setup_teardown.py
[2025-01-30T00:08:57.077+0000] {processor.py:830} INFO - Processing file /home/airflow/.local/lib/python3.8/site-packages/airflow/example_dags/example_setup_teardown.py for tasks to queue
[2025-01-30T00:08:57.090+0000] {logging_mixin.py:188} INFO - [2025-01-30T00:08:57.080+0000] {dagbag.py:538} INFO - Filling up the DagBag from /home/airflow/.local/lib/python3.8/site-packages/airflow/example_dags/example_setup_teardown.py
[2025-01-30T00:08:57.153+0000] {processor.py:840} INFO - DAG(s) 'example_setup_teardown' retrieved from /home/airflow/.local/lib/python3.8/site-packages/airflow/example_dags/example_setup_teardown.py
[2025-01-30T00:08:57.260+0000] {logging_mixin.py:188} INFO - [2025-01-30T00:08:57.259+0000] {dag.py:3036} INFO - Sync 1 DAGs
[2025-01-30T00:08:57.495+0000] {logging_mixin.py:188} INFO - [2025-01-30T00:08:57.492+0000] {dag.py:3823} INFO - Setting next_dagrun for example_setup_teardown to 2025-01-29 00:00:00+00:00, run_after=2025-01-30 00:00:00+00:00
[2025-01-30T00:08:57.798+0000] {processor.py:183} INFO - Processing /home/airflow/.local/lib/python3.8/site-packages/airflow/example_dags/example_setup_teardown.py took 0.741 seconds
[2025-01-30T00:09:30.163+0000] {processor.py:161} INFO - Started process (PID=4030) to work on /home/airflow/.local/lib/python3.8/site-packages/airflow/example_dags/example_setup_teardown.py
[2025-01-30T00:09:30.167+0000] {processor.py:830} INFO - Processing file /home/airflow/.local/lib/python3.8/site-packages/airflow/example_dags/example_setup_teardown.py for tasks to queue
[2025-01-30T00:09:30.179+0000] {logging_mixin.py:188} INFO - [2025-01-30T00:09:30.178+0000] {dagbag.py:538} INFO - Filling up the DagBag from /home/airflow/.local/lib/python3.8/site-packages/airflow/example_dags/example_setup_teardown.py
[2025-01-30T00:09:30.231+0000] {processor.py:840} INFO - DAG(s) 'example_setup_teardown' retrieved from /home/airflow/.local/lib/python3.8/site-packages/airflow/example_dags/example_setup_teardown.py
[2025-01-30T00:09:30.374+0000] {logging_mixin.py:188} INFO - [2025-01-30T00:09:30.373+0000] {dag.py:3036} INFO - Sync 1 DAGs
[2025-01-30T00:09:30.539+0000] {logging_mixin.py:188} INFO - [2025-01-30T00:09:30.538+0000] {dag.py:3823} INFO - Setting next_dagrun for example_setup_teardown to 2025-01-29 00:00:00+00:00, run_after=2025-01-30 00:00:00+00:00
[2025-01-30T00:09:30.940+0000] {processor.py:183} INFO - Processing /home/airflow/.local/lib/python3.8/site-packages/airflow/example_dags/example_setup_teardown.py took 0.795 seconds
[2025-01-30T00:10:02.050+0000] {processor.py:161} INFO - Started process (PID=4085) to work on /home/airflow/.local/lib/python3.8/site-packages/airflow/example_dags/example_setup_teardown.py
[2025-01-30T00:10:02.067+0000] {processor.py:830} INFO - Processing file /home/airflow/.local/lib/python3.8/site-packages/airflow/example_dags/example_setup_teardown.py for tasks to queue
[2025-01-30T00:10:02.096+0000] {logging_mixin.py:188} INFO - [2025-01-30T00:10:02.095+0000] {dagbag.py:538} INFO - Filling up the DagBag from /home/airflow/.local/lib/python3.8/site-packages/airflow/example_dags/example_setup_teardown.py
[2025-01-30T00:10:02.212+0000] {processor.py:840} INFO - DAG(s) 'example_setup_teardown' retrieved from /home/airflow/.local/lib/python3.8/site-packages/airflow/example_dags/example_setup_teardown.py
[2025-01-30T00:10:02.455+0000] {logging_mixin.py:188} INFO - [2025-01-30T00:10:02.454+0000] {dag.py:3036} INFO - Sync 1 DAGs
[2025-01-30T00:10:02.725+0000] {logging_mixin.py:188} INFO - [2025-01-30T00:10:02.724+0000] {dag.py:3823} INFO - Setting next_dagrun for example_setup_teardown to 2025-01-29 00:00:00+00:00, run_after=2025-01-30 00:00:00+00:00
[2025-01-30T00:10:03.104+0000] {processor.py:183} INFO - Processing /home/airflow/.local/lib/python3.8/site-packages/airflow/example_dags/example_setup_teardown.py took 1.072 seconds
[2025-01-30T00:10:33.497+0000] {processor.py:161} INFO - Started process (PID=4141) to work on /home/airflow/.local/lib/python3.8/site-packages/airflow/example_dags/example_setup_teardown.py
[2025-01-30T00:10:33.498+0000] {processor.py:830} INFO - Processing file /home/airflow/.local/lib/python3.8/site-packages/airflow/example_dags/example_setup_teardown.py for tasks to queue
[2025-01-30T00:10:33.499+0000] {logging_mixin.py:188} INFO - [2025-01-30T00:10:33.499+0000] {dagbag.py:538} INFO - Filling up the DagBag from /home/airflow/.local/lib/python3.8/site-packages/airflow/example_dags/example_setup_teardown.py
[2025-01-30T00:10:33.509+0000] {processor.py:840} INFO - DAG(s) 'example_setup_teardown' retrieved from /home/airflow/.local/lib/python3.8/site-packages/airflow/example_dags/example_setup_teardown.py
[2025-01-30T00:10:33.536+0000] {logging_mixin.py:188} INFO - [2025-01-30T00:10:33.536+0000] {dag.py:3036} INFO - Sync 1 DAGs
[2025-01-30T00:10:33.563+0000] {logging_mixin.py:188} INFO - [2025-01-30T00:10:33.563+0000] {dag.py:3823} INFO - Setting next_dagrun for example_setup_teardown to 2025-01-29 00:00:00+00:00, run_after=2025-01-30 00:00:00+00:00
[2025-01-30T00:10:33.601+0000] {processor.py:183} INFO - Processing /home/airflow/.local/lib/python3.8/site-packages/airflow/example_dags/example_setup_teardown.py took 0.108 seconds
[2025-01-30T00:11:04.113+0000] {processor.py:161} INFO - Started process (PID=4198) to work on /home/airflow/.local/lib/python3.8/site-packages/airflow/example_dags/example_setup_teardown.py
[2025-01-30T00:11:04.116+0000] {processor.py:830} INFO - Processing file /home/airflow/.local/lib/python3.8/site-packages/airflow/example_dags/example_setup_teardown.py for tasks to queue
[2025-01-30T00:11:04.119+0000] {logging_mixin.py:188} INFO - [2025-01-30T00:11:04.119+0000] {dagbag.py:538} INFO - Filling up the DagBag from /home/airflow/.local/lib/python3.8/site-packages/airflow/example_dags/example_setup_teardown.py
[2025-01-30T00:11:04.146+0000] {processor.py:840} INFO - DAG(s) 'example_setup_teardown' retrieved from /home/airflow/.local/lib/python3.8/site-packages/airflow/example_dags/example_setup_teardown.py
[2025-01-30T00:11:04.217+0000] {logging_mixin.py:188} INFO - [2025-01-30T00:11:04.216+0000] {dag.py:3036} INFO - Sync 1 DAGs
[2025-01-30T00:11:04.273+0000] {logging_mixin.py:188} INFO - [2025-01-30T00:11:04.273+0000] {dag.py:3823} INFO - Setting next_dagrun for example_setup_teardown to 2025-01-29 00:00:00+00:00, run_after=2025-01-30 00:00:00+00:00
[2025-01-30T00:11:04.336+0000] {processor.py:183} INFO - Processing /home/airflow/.local/lib/python3.8/site-packages/airflow/example_dags/example_setup_teardown.py took 0.233 seconds
[2025-01-30T00:11:35.912+0000] {processor.py:161} INFO - Started process (PID=4261) to work on /home/airflow/.local/lib/python3.8/site-packages/airflow/example_dags/example_setup_teardown.py
[2025-01-30T00:11:35.914+0000] {processor.py:830} INFO - Processing file /home/airflow/.local/lib/python3.8/site-packages/airflow/example_dags/example_setup_teardown.py for tasks to queue
[2025-01-30T00:11:35.915+0000] {logging_mixin.py:188} INFO - [2025-01-30T00:11:35.915+0000] {dagbag.py:538} INFO - Filling up the DagBag from /home/airflow/.local/lib/python3.8/site-packages/airflow/example_dags/example_setup_teardown.py
[2025-01-30T00:11:35.940+0000] {processor.py:840} INFO - DAG(s) 'example_setup_teardown' retrieved from /home/airflow/.local/lib/python3.8/site-packages/airflow/example_dags/example_setup_teardown.py
[2025-01-30T00:11:36.024+0000] {logging_mixin.py:188} INFO - [2025-01-30T00:11:36.022+0000] {dag.py:3036} INFO - Sync 1 DAGs
[2025-01-30T00:11:36.137+0000] {logging_mixin.py:188} INFO - [2025-01-30T00:11:36.136+0000] {dag.py:3823} INFO - Setting next_dagrun for example_setup_teardown to 2025-01-29 00:00:00+00:00, run_after=2025-01-30 00:00:00+00:00
[2025-01-30T00:11:36.228+0000] {processor.py:183} INFO - Processing /home/airflow/.local/lib/python3.8/site-packages/airflow/example_dags/example_setup_teardown.py took 0.321 seconds
[2025-01-30T00:12:07.440+0000] {processor.py:161} INFO - Started process (PID=4315) to work on /home/airflow/.local/lib/python3.8/site-packages/airflow/example_dags/example_setup_teardown.py
[2025-01-30T00:12:07.445+0000] {processor.py:830} INFO - Processing file /home/airflow/.local/lib/python3.8/site-packages/airflow/example_dags/example_setup_teardown.py for tasks to queue
[2025-01-30T00:12:07.453+0000] {logging_mixin.py:188} INFO - [2025-01-30T00:12:07.452+0000] {dagbag.py:538} INFO - Filling up the DagBag from /home/airflow/.local/lib/python3.8/site-packages/airflow/example_dags/example_setup_teardown.py
[2025-01-30T00:12:07.497+0000] {processor.py:840} INFO - DAG(s) 'example_setup_teardown' retrieved from /home/airflow/.local/lib/python3.8/site-packages/airflow/example_dags/example_setup_teardown.py
[2025-01-30T00:12:07.619+0000] {logging_mixin.py:188} INFO - [2025-01-30T00:12:07.619+0000] {dag.py:3036} INFO - Sync 1 DAGs
[2025-01-30T00:12:07.718+0000] {logging_mixin.py:188} INFO - [2025-01-30T00:12:07.717+0000] {dag.py:3823} INFO - Setting next_dagrun for example_setup_teardown to 2025-01-29 00:00:00+00:00, run_after=2025-01-30 00:00:00+00:00
[2025-01-30T00:12:07.806+0000] {processor.py:183} INFO - Processing /home/airflow/.local/lib/python3.8/site-packages/airflow/example_dags/example_setup_teardown.py took 0.385 seconds
[2025-01-30T00:12:38.042+0000] {processor.py:161} INFO - Started process (PID=4371) to work on /home/airflow/.local/lib/python3.8/site-packages/airflow/example_dags/example_setup_teardown.py
[2025-01-30T00:12:38.044+0000] {processor.py:830} INFO - Processing file /home/airflow/.local/lib/python3.8/site-packages/airflow/example_dags/example_setup_teardown.py for tasks to queue
[2025-01-30T00:12:38.046+0000] {logging_mixin.py:188} INFO - [2025-01-30T00:12:38.046+0000] {dagbag.py:538} INFO - Filling up the DagBag from /home/airflow/.local/lib/python3.8/site-packages/airflow/example_dags/example_setup_teardown.py
[2025-01-30T00:12:38.070+0000] {processor.py:840} INFO - DAG(s) 'example_setup_teardown' retrieved from /home/airflow/.local/lib/python3.8/site-packages/airflow/example_dags/example_setup_teardown.py
[2025-01-30T00:12:38.124+0000] {logging_mixin.py:188} INFO - [2025-01-30T00:12:38.123+0000] {dag.py:3036} INFO - Sync 1 DAGs
[2025-01-30T00:12:38.188+0000] {logging_mixin.py:188} INFO - [2025-01-30T00:12:38.187+0000] {dag.py:3823} INFO - Setting next_dagrun for example_setup_teardown to 2025-01-29 00:00:00+00:00, run_after=2025-01-30 00:00:00+00:00
[2025-01-30T00:12:38.231+0000] {processor.py:183} INFO - Processing /home/airflow/.local/lib/python3.8/site-packages/airflow/example_dags/example_setup_teardown.py took 0.197 seconds
[2025-01-30T00:13:08.367+0000] {processor.py:161} INFO - Started process (PID=4427) to work on /home/airflow/.local/lib/python3.8/site-packages/airflow/example_dags/example_setup_teardown.py
[2025-01-30T00:13:08.371+0000] {processor.py:830} INFO - Processing file /home/airflow/.local/lib/python3.8/site-packages/airflow/example_dags/example_setup_teardown.py for tasks to queue
[2025-01-30T00:13:08.374+0000] {logging_mixin.py:188} INFO - [2025-01-30T00:13:08.373+0000] {dagbag.py:538} INFO - Filling up the DagBag from /home/airflow/.local/lib/python3.8/site-packages/airflow/example_dags/example_setup_teardown.py
[2025-01-30T00:13:08.409+0000] {processor.py:840} INFO - DAG(s) 'example_setup_teardown' retrieved from /home/airflow/.local/lib/python3.8/site-packages/airflow/example_dags/example_setup_teardown.py
[2025-01-30T00:13:08.667+0000] {logging_mixin.py:188} INFO - [2025-01-30T00:13:08.657+0000] {dag.py:3036} INFO - Sync 1 DAGs
[2025-01-30T00:13:08.873+0000] {logging_mixin.py:188} INFO - [2025-01-30T00:13:08.872+0000] {dag.py:3823} INFO - Setting next_dagrun for example_setup_teardown to 2025-01-29 00:00:00+00:00, run_after=2025-01-30 00:00:00+00:00
[2025-01-30T00:13:09.063+0000] {processor.py:183} INFO - Processing /home/airflow/.local/lib/python3.8/site-packages/airflow/example_dags/example_setup_teardown.py took 0.708 seconds
[2025-01-30T00:13:39.368+0000] {processor.py:161} INFO - Started process (PID=4483) to work on /home/airflow/.local/lib/python3.8/site-packages/airflow/example_dags/example_setup_teardown.py
[2025-01-30T00:13:39.370+0000] {processor.py:830} INFO - Processing file /home/airflow/.local/lib/python3.8/site-packages/airflow/example_dags/example_setup_teardown.py for tasks to queue
[2025-01-30T00:13:39.373+0000] {logging_mixin.py:188} INFO - [2025-01-30T00:13:39.372+0000] {dagbag.py:538} INFO - Filling up the DagBag from /home/airflow/.local/lib/python3.8/site-packages/airflow/example_dags/example_setup_teardown.py
[2025-01-30T00:13:39.393+0000] {processor.py:840} INFO - DAG(s) 'example_setup_teardown' retrieved from /home/airflow/.local/lib/python3.8/site-packages/airflow/example_dags/example_setup_teardown.py
[2025-01-30T00:13:39.460+0000] {logging_mixin.py:188} INFO - [2025-01-30T00:13:39.459+0000] {dag.py:3036} INFO - Sync 1 DAGs
[2025-01-30T00:13:39.564+0000] {logging_mixin.py:188} INFO - [2025-01-30T00:13:39.563+0000] {dag.py:3823} INFO - Setting next_dagrun for example_setup_teardown to 2025-01-29 00:00:00+00:00, run_after=2025-01-30 00:00:00+00:00
[2025-01-30T00:13:39.641+0000] {processor.py:183} INFO - Processing /home/airflow/.local/lib/python3.8/site-packages/airflow/example_dags/example_setup_teardown.py took 0.281 seconds
[2025-01-30T00:14:10.464+0000] {processor.py:161} INFO - Started process (PID=4539) to work on /home/airflow/.local/lib/python3.8/site-packages/airflow/example_dags/example_setup_teardown.py
[2025-01-30T00:14:10.480+0000] {processor.py:830} INFO - Processing file /home/airflow/.local/lib/python3.8/site-packages/airflow/example_dags/example_setup_teardown.py for tasks to queue
[2025-01-30T00:14:10.517+0000] {logging_mixin.py:188} INFO - [2025-01-30T00:14:10.497+0000] {dagbag.py:538} INFO - Filling up the DagBag from /home/airflow/.local/lib/python3.8/site-packages/airflow/example_dags/example_setup_teardown.py
[2025-01-30T00:14:10.554+0000] {processor.py:840} INFO - DAG(s) 'example_setup_teardown' retrieved from /home/airflow/.local/lib/python3.8/site-packages/airflow/example_dags/example_setup_teardown.py
[2025-01-30T00:14:10.832+0000] {logging_mixin.py:188} INFO - [2025-01-30T00:14:10.832+0000] {dag.py:3036} INFO - Sync 1 DAGs
[2025-01-30T00:14:10.903+0000] {logging_mixin.py:188} INFO - [2025-01-30T00:14:10.902+0000] {dag.py:3823} INFO - Setting next_dagrun for example_setup_teardown to 2025-01-29 00:00:00+00:00, run_after=2025-01-30 00:00:00+00:00
[2025-01-30T00:14:11.036+0000] {processor.py:183} INFO - Processing /home/airflow/.local/lib/python3.8/site-packages/airflow/example_dags/example_setup_teardown.py took 0.643 seconds
[2025-01-30T00:14:41.211+0000] {processor.py:161} INFO - Started process (PID=4595) to work on /home/airflow/.local/lib/python3.8/site-packages/airflow/example_dags/example_setup_teardown.py
[2025-01-30T00:14:41.213+0000] {processor.py:830} INFO - Processing file /home/airflow/.local/lib/python3.8/site-packages/airflow/example_dags/example_setup_teardown.py for tasks to queue
[2025-01-30T00:14:41.214+0000] {logging_mixin.py:188} INFO - [2025-01-30T00:14:41.214+0000] {dagbag.py:538} INFO - Filling up the DagBag from /home/airflow/.local/lib/python3.8/site-packages/airflow/example_dags/example_setup_teardown.py
[2025-01-30T00:14:41.226+0000] {processor.py:840} INFO - DAG(s) 'example_setup_teardown' retrieved from /home/airflow/.local/lib/python3.8/site-packages/airflow/example_dags/example_setup_teardown.py
[2025-01-30T00:14:41.253+0000] {logging_mixin.py:188} INFO - [2025-01-30T00:14:41.253+0000] {dag.py:3036} INFO - Sync 1 DAGs
[2025-01-30T00:14:41.288+0000] {logging_mixin.py:188} INFO - [2025-01-30T00:14:41.288+0000] {dag.py:3823} INFO - Setting next_dagrun for example_setup_teardown to 2025-01-29 00:00:00+00:00, run_after=2025-01-30 00:00:00+00:00
[2025-01-30T00:14:41.322+0000] {processor.py:183} INFO - Processing /home/airflow/.local/lib/python3.8/site-packages/airflow/example_dags/example_setup_teardown.py took 0.116 seconds
[2025-01-30T00:15:12.111+0000] {processor.py:161} INFO - Started process (PID=4650) to work on /home/airflow/.local/lib/python3.8/site-packages/airflow/example_dags/example_setup_teardown.py
[2025-01-30T00:15:12.113+0000] {processor.py:830} INFO - Processing file /home/airflow/.local/lib/python3.8/site-packages/airflow/example_dags/example_setup_teardown.py for tasks to queue
[2025-01-30T00:15:12.115+0000] {logging_mixin.py:188} INFO - [2025-01-30T00:15:12.114+0000] {dagbag.py:538} INFO - Filling up the DagBag from /home/airflow/.local/lib/python3.8/site-packages/airflow/example_dags/example_setup_teardown.py
[2025-01-30T00:15:12.124+0000] {processor.py:840} INFO - DAG(s) 'example_setup_teardown' retrieved from /home/airflow/.local/lib/python3.8/site-packages/airflow/example_dags/example_setup_teardown.py
[2025-01-30T00:15:12.156+0000] {logging_mixin.py:188} INFO - [2025-01-30T00:15:12.156+0000] {dag.py:3036} INFO - Sync 1 DAGs
[2025-01-30T00:15:12.196+0000] {logging_mixin.py:188} INFO - [2025-01-30T00:15:12.195+0000] {dag.py:3823} INFO - Setting next_dagrun for example_setup_teardown to 2025-01-29 00:00:00+00:00, run_after=2025-01-30 00:00:00+00:00
[2025-01-30T00:15:12.233+0000] {processor.py:183} INFO - Processing /home/airflow/.local/lib/python3.8/site-packages/airflow/example_dags/example_setup_teardown.py took 0.126 seconds
[2025-01-30T00:15:44.252+0000] {processor.py:161} INFO - Started process (PID=4704) to work on /home/airflow/.local/lib/python3.8/site-packages/airflow/example_dags/example_setup_teardown.py
[2025-01-30T00:15:44.266+0000] {processor.py:830} INFO - Processing file /home/airflow/.local/lib/python3.8/site-packages/airflow/example_dags/example_setup_teardown.py for tasks to queue
[2025-01-30T00:15:44.274+0000] {logging_mixin.py:188} INFO - [2025-01-30T00:15:44.273+0000] {dagbag.py:538} INFO - Filling up the DagBag from /home/airflow/.local/lib/python3.8/site-packages/airflow/example_dags/example_setup_teardown.py
[2025-01-30T00:15:44.312+0000] {processor.py:840} INFO - DAG(s) 'example_setup_teardown' retrieved from /home/airflow/.local/lib/python3.8/site-packages/airflow/example_dags/example_setup_teardown.py
[2025-01-30T00:15:44.399+0000] {logging_mixin.py:188} INFO - [2025-01-30T00:15:44.399+0000] {dag.py:3036} INFO - Sync 1 DAGs
[2025-01-30T00:15:44.524+0000] {logging_mixin.py:188} INFO - [2025-01-30T00:15:44.523+0000] {dag.py:3823} INFO - Setting next_dagrun for example_setup_teardown to 2025-01-29 00:00:00+00:00, run_after=2025-01-30 00:00:00+00:00
[2025-01-30T00:15:44.677+0000] {processor.py:183} INFO - Processing /home/airflow/.local/lib/python3.8/site-packages/airflow/example_dags/example_setup_teardown.py took 0.454 seconds
[2025-01-30T00:16:27.576+0000] {processor.py:161} INFO - Started process (PID=4761) to work on /home/airflow/.local/lib/python3.8/site-packages/airflow/example_dags/example_setup_teardown.py
[2025-01-30T00:16:27.578+0000] {processor.py:830} INFO - Processing file /home/airflow/.local/lib/python3.8/site-packages/airflow/example_dags/example_setup_teardown.py for tasks to queue
[2025-01-30T00:16:27.581+0000] {logging_mixin.py:188} INFO - [2025-01-30T00:16:27.580+0000] {dagbag.py:538} INFO - Filling up the DagBag from /home/airflow/.local/lib/python3.8/site-packages/airflow/example_dags/example_setup_teardown.py
[2025-01-30T00:16:27.602+0000] {processor.py:840} INFO - DAG(s) 'example_setup_teardown' retrieved from /home/airflow/.local/lib/python3.8/site-packages/airflow/example_dags/example_setup_teardown.py
[2025-01-30T00:16:27.656+0000] {logging_mixin.py:188} INFO - [2025-01-30T00:16:27.656+0000] {dag.py:3036} INFO - Sync 1 DAGs
[2025-01-30T00:16:27.722+0000] {logging_mixin.py:188} INFO - [2025-01-30T00:16:27.721+0000] {dag.py:3823} INFO - Setting next_dagrun for example_setup_teardown to 2025-01-29 00:00:00+00:00, run_after=2025-01-30 00:00:00+00:00
[2025-01-30T00:16:27.773+0000] {processor.py:183} INFO - Processing /home/airflow/.local/lib/python3.8/site-packages/airflow/example_dags/example_setup_teardown.py took 0.208 seconds
[2025-01-30T00:16:58.036+0000] {processor.py:161} INFO - Started process (PID=4817) to work on /home/airflow/.local/lib/python3.8/site-packages/airflow/example_dags/example_setup_teardown.py
[2025-01-30T00:16:58.038+0000] {processor.py:830} INFO - Processing file /home/airflow/.local/lib/python3.8/site-packages/airflow/example_dags/example_setup_teardown.py for tasks to queue
[2025-01-30T00:16:58.039+0000] {logging_mixin.py:188} INFO - [2025-01-30T00:16:58.039+0000] {dagbag.py:538} INFO - Filling up the DagBag from /home/airflow/.local/lib/python3.8/site-packages/airflow/example_dags/example_setup_teardown.py
[2025-01-30T00:16:58.051+0000] {processor.py:840} INFO - DAG(s) 'example_setup_teardown' retrieved from /home/airflow/.local/lib/python3.8/site-packages/airflow/example_dags/example_setup_teardown.py
[2025-01-30T00:16:58.083+0000] {logging_mixin.py:188} INFO - [2025-01-30T00:16:58.083+0000] {dag.py:3036} INFO - Sync 1 DAGs
[2025-01-30T00:16:58.127+0000] {logging_mixin.py:188} INFO - [2025-01-30T00:16:58.126+0000] {dag.py:3823} INFO - Setting next_dagrun for example_setup_teardown to 2025-01-29 00:00:00+00:00, run_after=2025-01-30 00:00:00+00:00
[2025-01-30T00:16:58.159+0000] {processor.py:183} INFO - Processing /home/airflow/.local/lib/python3.8/site-packages/airflow/example_dags/example_setup_teardown.py took 0.128 seconds
[2025-01-30T00:17:28.840+0000] {processor.py:161} INFO - Started process (PID=4872) to work on /home/airflow/.local/lib/python3.8/site-packages/airflow/example_dags/example_setup_teardown.py
[2025-01-30T00:17:28.841+0000] {processor.py:830} INFO - Processing file /home/airflow/.local/lib/python3.8/site-packages/airflow/example_dags/example_setup_teardown.py for tasks to queue
[2025-01-30T00:17:28.843+0000] {logging_mixin.py:188} INFO - [2025-01-30T00:17:28.843+0000] {dagbag.py:538} INFO - Filling up the DagBag from /home/airflow/.local/lib/python3.8/site-packages/airflow/example_dags/example_setup_teardown.py
[2025-01-30T00:17:28.854+0000] {processor.py:840} INFO - DAG(s) 'example_setup_teardown' retrieved from /home/airflow/.local/lib/python3.8/site-packages/airflow/example_dags/example_setup_teardown.py
[2025-01-30T00:17:28.886+0000] {logging_mixin.py:188} INFO - [2025-01-30T00:17:28.886+0000] {dag.py:3036} INFO - Sync 1 DAGs
[2025-01-30T00:17:28.921+0000] {logging_mixin.py:188} INFO - [2025-01-30T00:17:28.921+0000] {dag.py:3823} INFO - Setting next_dagrun for example_setup_teardown to 2025-01-29 00:00:00+00:00, run_after=2025-01-30 00:00:00+00:00
[2025-01-30T00:17:28.949+0000] {processor.py:183} INFO - Processing /home/airflow/.local/lib/python3.8/site-packages/airflow/example_dags/example_setup_teardown.py took 0.114 seconds
[2025-01-30T00:17:59.421+0000] {processor.py:161} INFO - Started process (PID=4928) to work on /home/airflow/.local/lib/python3.8/site-packages/airflow/example_dags/example_setup_teardown.py
[2025-01-30T00:17:59.422+0000] {processor.py:830} INFO - Processing file /home/airflow/.local/lib/python3.8/site-packages/airflow/example_dags/example_setup_teardown.py for tasks to queue
[2025-01-30T00:17:59.424+0000] {logging_mixin.py:188} INFO - [2025-01-30T00:17:59.423+0000] {dagbag.py:538} INFO - Filling up the DagBag from /home/airflow/.local/lib/python3.8/site-packages/airflow/example_dags/example_setup_teardown.py
[2025-01-30T00:17:59.435+0000] {processor.py:840} INFO - DAG(s) 'example_setup_teardown' retrieved from /home/airflow/.local/lib/python3.8/site-packages/airflow/example_dags/example_setup_teardown.py
[2025-01-30T00:17:59.470+0000] {logging_mixin.py:188} INFO - [2025-01-30T00:17:59.469+0000] {dag.py:3036} INFO - Sync 1 DAGs
[2025-01-30T00:17:59.514+0000] {logging_mixin.py:188} INFO - [2025-01-30T00:17:59.514+0000] {dag.py:3823} INFO - Setting next_dagrun for example_setup_teardown to 2025-01-29 00:00:00+00:00, run_after=2025-01-30 00:00:00+00:00
[2025-01-30T00:17:59.550+0000] {processor.py:183} INFO - Processing /home/airflow/.local/lib/python3.8/site-packages/airflow/example_dags/example_setup_teardown.py took 0.134 seconds
[2025-01-30T00:18:30.139+0000] {processor.py:161} INFO - Started process (PID=4983) to work on /home/airflow/.local/lib/python3.8/site-packages/airflow/example_dags/example_setup_teardown.py
[2025-01-30T00:18:30.141+0000] {processor.py:830} INFO - Processing file /home/airflow/.local/lib/python3.8/site-packages/airflow/example_dags/example_setup_teardown.py for tasks to queue
[2025-01-30T00:18:30.143+0000] {logging_mixin.py:188} INFO - [2025-01-30T00:18:30.142+0000] {dagbag.py:538} INFO - Filling up the DagBag from /home/airflow/.local/lib/python3.8/site-packages/airflow/example_dags/example_setup_teardown.py
[2025-01-30T00:18:30.157+0000] {processor.py:840} INFO - DAG(s) 'example_setup_teardown' retrieved from /home/airflow/.local/lib/python3.8/site-packages/airflow/example_dags/example_setup_teardown.py
[2025-01-30T00:18:30.187+0000] {logging_mixin.py:188} INFO - [2025-01-30T00:18:30.187+0000] {dag.py:3036} INFO - Sync 1 DAGs
[2025-01-30T00:18:30.223+0000] {logging_mixin.py:188} INFO - [2025-01-30T00:18:30.222+0000] {dag.py:3823} INFO - Setting next_dagrun for example_setup_teardown to 2025-01-29 00:00:00+00:00, run_after=2025-01-30 00:00:00+00:00
[2025-01-30T00:18:30.256+0000] {processor.py:183} INFO - Processing /home/airflow/.local/lib/python3.8/site-packages/airflow/example_dags/example_setup_teardown.py took 0.121 seconds
[2025-01-30T00:19:00.737+0000] {processor.py:161} INFO - Started process (PID=5039) to work on /home/airflow/.local/lib/python3.8/site-packages/airflow/example_dags/example_setup_teardown.py
[2025-01-30T00:19:00.738+0000] {processor.py:830} INFO - Processing file /home/airflow/.local/lib/python3.8/site-packages/airflow/example_dags/example_setup_teardown.py for tasks to queue
[2025-01-30T00:19:00.740+0000] {logging_mixin.py:188} INFO - [2025-01-30T00:19:00.739+0000] {dagbag.py:538} INFO - Filling up the DagBag from /home/airflow/.local/lib/python3.8/site-packages/airflow/example_dags/example_setup_teardown.py
[2025-01-30T00:19:00.750+0000] {processor.py:840} INFO - DAG(s) 'example_setup_teardown' retrieved from /home/airflow/.local/lib/python3.8/site-packages/airflow/example_dags/example_setup_teardown.py
[2025-01-30T00:19:00.777+0000] {logging_mixin.py:188} INFO - [2025-01-30T00:19:00.776+0000] {dag.py:3036} INFO - Sync 1 DAGs
[2025-01-30T00:19:00.805+0000] {logging_mixin.py:188} INFO - [2025-01-30T00:19:00.805+0000] {dag.py:3823} INFO - Setting next_dagrun for example_setup_teardown to 2025-01-29 00:00:00+00:00, run_after=2025-01-30 00:00:00+00:00
[2025-01-30T00:19:00.828+0000] {processor.py:183} INFO - Processing /home/airflow/.local/lib/python3.8/site-packages/airflow/example_dags/example_setup_teardown.py took 0.096 seconds
[2025-01-30T00:19:31.747+0000] {processor.py:161} INFO - Started process (PID=5095) to work on /home/airflow/.local/lib/python3.8/site-packages/airflow/example_dags/example_setup_teardown.py
[2025-01-30T00:19:31.749+0000] {processor.py:830} INFO - Processing file /home/airflow/.local/lib/python3.8/site-packages/airflow/example_dags/example_setup_teardown.py for tasks to queue
[2025-01-30T00:19:31.750+0000] {logging_mixin.py:188} INFO - [2025-01-30T00:19:31.750+0000] {dagbag.py:538} INFO - Filling up the DagBag from /home/airflow/.local/lib/python3.8/site-packages/airflow/example_dags/example_setup_teardown.py
[2025-01-30T00:19:31.763+0000] {processor.py:840} INFO - DAG(s) 'example_setup_teardown' retrieved from /home/airflow/.local/lib/python3.8/site-packages/airflow/example_dags/example_setup_teardown.py
[2025-01-30T00:19:31.797+0000] {logging_mixin.py:188} INFO - [2025-01-30T00:19:31.797+0000] {dag.py:3036} INFO - Sync 1 DAGs
[2025-01-30T00:19:31.836+0000] {logging_mixin.py:188} INFO - [2025-01-30T00:19:31.836+0000] {dag.py:3823} INFO - Setting next_dagrun for example_setup_teardown to 2025-01-29 00:00:00+00:00, run_after=2025-01-30 00:00:00+00:00
[2025-01-30T00:19:31.872+0000] {processor.py:183} INFO - Processing /home/airflow/.local/lib/python3.8/site-packages/airflow/example_dags/example_setup_teardown.py took 0.130 seconds
[2025-01-30T00:20:02.140+0000] {processor.py:161} INFO - Started process (PID=5151) to work on /home/airflow/.local/lib/python3.8/site-packages/airflow/example_dags/example_setup_teardown.py
[2025-01-30T00:20:02.141+0000] {processor.py:830} INFO - Processing file /home/airflow/.local/lib/python3.8/site-packages/airflow/example_dags/example_setup_teardown.py for tasks to queue
[2025-01-30T00:20:02.143+0000] {logging_mixin.py:188} INFO - [2025-01-30T00:20:02.142+0000] {dagbag.py:538} INFO - Filling up the DagBag from /home/airflow/.local/lib/python3.8/site-packages/airflow/example_dags/example_setup_teardown.py
[2025-01-30T00:20:02.158+0000] {processor.py:840} INFO - DAG(s) 'example_setup_teardown' retrieved from /home/airflow/.local/lib/python3.8/site-packages/airflow/example_dags/example_setup_teardown.py
[2025-01-30T00:20:02.189+0000] {logging_mixin.py:188} INFO - [2025-01-30T00:20:02.188+0000] {dag.py:3036} INFO - Sync 1 DAGs
[2025-01-30T00:20:02.233+0000] {logging_mixin.py:188} INFO - [2025-01-30T00:20:02.233+0000] {dag.py:3823} INFO - Setting next_dagrun for example_setup_teardown to 2025-01-29 00:00:00+00:00, run_after=2025-01-30 00:00:00+00:00
[2025-01-30T00:20:02.269+0000] {processor.py:183} INFO - Processing /home/airflow/.local/lib/python3.8/site-packages/airflow/example_dags/example_setup_teardown.py took 0.134 seconds
[2025-01-30T00:20:33.242+0000] {processor.py:161} INFO - Started process (PID=5207) to work on /home/airflow/.local/lib/python3.8/site-packages/airflow/example_dags/example_setup_teardown.py
[2025-01-30T00:20:33.243+0000] {processor.py:830} INFO - Processing file /home/airflow/.local/lib/python3.8/site-packages/airflow/example_dags/example_setup_teardown.py for tasks to queue
[2025-01-30T00:20:33.245+0000] {logging_mixin.py:188} INFO - [2025-01-30T00:20:33.245+0000] {dagbag.py:538} INFO - Filling up the DagBag from /home/airflow/.local/lib/python3.8/site-packages/airflow/example_dags/example_setup_teardown.py
[2025-01-30T00:20:33.256+0000] {processor.py:840} INFO - DAG(s) 'example_setup_teardown' retrieved from /home/airflow/.local/lib/python3.8/site-packages/airflow/example_dags/example_setup_teardown.py
[2025-01-30T00:20:33.284+0000] {logging_mixin.py:188} INFO - [2025-01-30T00:20:33.284+0000] {dag.py:3036} INFO - Sync 1 DAGs
[2025-01-30T00:20:33.318+0000] {logging_mixin.py:188} INFO - [2025-01-30T00:20:33.318+0000] {dag.py:3823} INFO - Setting next_dagrun for example_setup_teardown to 2025-01-29 00:00:00+00:00, run_after=2025-01-30 00:00:00+00:00
[2025-01-30T00:20:33.346+0000] {processor.py:183} INFO - Processing /home/airflow/.local/lib/python3.8/site-packages/airflow/example_dags/example_setup_teardown.py took 0.108 seconds
[2025-01-30T00:21:04.345+0000] {processor.py:161} INFO - Started process (PID=5264) to work on /home/airflow/.local/lib/python3.8/site-packages/airflow/example_dags/example_setup_teardown.py
[2025-01-30T00:21:04.348+0000] {processor.py:830} INFO - Processing file /home/airflow/.local/lib/python3.8/site-packages/airflow/example_dags/example_setup_teardown.py for tasks to queue
[2025-01-30T00:21:04.350+0000] {logging_mixin.py:188} INFO - [2025-01-30T00:21:04.350+0000] {dagbag.py:538} INFO - Filling up the DagBag from /home/airflow/.local/lib/python3.8/site-packages/airflow/example_dags/example_setup_teardown.py
[2025-01-30T00:21:04.375+0000] {processor.py:840} INFO - DAG(s) 'example_setup_teardown' retrieved from /home/airflow/.local/lib/python3.8/site-packages/airflow/example_dags/example_setup_teardown.py
[2025-01-30T00:21:04.451+0000] {logging_mixin.py:188} INFO - [2025-01-30T00:21:04.448+0000] {dag.py:3036} INFO - Sync 1 DAGs
[2025-01-30T00:21:04.577+0000] {logging_mixin.py:188} INFO - [2025-01-30T00:21:04.576+0000] {dag.py:3823} INFO - Setting next_dagrun for example_setup_teardown to 2025-01-29 00:00:00+00:00, run_after=2025-01-30 00:00:00+00:00
[2025-01-30T00:21:04.678+0000] {processor.py:183} INFO - Processing /home/airflow/.local/lib/python3.8/site-packages/airflow/example_dags/example_setup_teardown.py took 0.340 seconds
[2025-01-30T00:21:35.195+0000] {processor.py:161} INFO - Started process (PID=5320) to work on /home/airflow/.local/lib/python3.8/site-packages/airflow/example_dags/example_setup_teardown.py
[2025-01-30T00:21:35.197+0000] {processor.py:830} INFO - Processing file /home/airflow/.local/lib/python3.8/site-packages/airflow/example_dags/example_setup_teardown.py for tasks to queue
[2025-01-30T00:21:35.200+0000] {logging_mixin.py:188} INFO - [2025-01-30T00:21:35.199+0000] {dagbag.py:538} INFO - Filling up the DagBag from /home/airflow/.local/lib/python3.8/site-packages/airflow/example_dags/example_setup_teardown.py
[2025-01-30T00:21:35.221+0000] {processor.py:840} INFO - DAG(s) 'example_setup_teardown' retrieved from /home/airflow/.local/lib/python3.8/site-packages/airflow/example_dags/example_setup_teardown.py
[2025-01-30T00:21:35.299+0000] {logging_mixin.py:188} INFO - [2025-01-30T00:21:35.298+0000] {dag.py:3036} INFO - Sync 1 DAGs
[2025-01-30T00:21:35.367+0000] {logging_mixin.py:188} INFO - [2025-01-30T00:21:35.366+0000] {dag.py:3823} INFO - Setting next_dagrun for example_setup_teardown to 2025-01-29 00:00:00+00:00, run_after=2025-01-30 00:00:00+00:00
[2025-01-30T00:21:35.403+0000] {processor.py:183} INFO - Processing /home/airflow/.local/lib/python3.8/site-packages/airflow/example_dags/example_setup_teardown.py took 0.216 seconds
[2025-01-30T00:22:07.226+0000] {processor.py:161} INFO - Started process (PID=5376) to work on /home/airflow/.local/lib/python3.8/site-packages/airflow/example_dags/example_setup_teardown.py
[2025-01-30T00:22:07.233+0000] {processor.py:830} INFO - Processing file /home/airflow/.local/lib/python3.8/site-packages/airflow/example_dags/example_setup_teardown.py for tasks to queue
[2025-01-30T00:22:07.241+0000] {logging_mixin.py:188} INFO - [2025-01-30T00:22:07.240+0000] {dagbag.py:538} INFO - Filling up the DagBag from /home/airflow/.local/lib/python3.8/site-packages/airflow/example_dags/example_setup_teardown.py
[2025-01-30T00:22:07.297+0000] {processor.py:840} INFO - DAG(s) 'example_setup_teardown' retrieved from /home/airflow/.local/lib/python3.8/site-packages/airflow/example_dags/example_setup_teardown.py
[2025-01-30T00:22:07.409+0000] {logging_mixin.py:188} INFO - [2025-01-30T00:22:07.408+0000] {dag.py:3036} INFO - Sync 1 DAGs
[2025-01-30T00:22:07.528+0000] {logging_mixin.py:188} INFO - [2025-01-30T00:22:07.528+0000] {dag.py:3823} INFO - Setting next_dagrun for example_setup_teardown to 2025-01-29 00:00:00+00:00, run_after=2025-01-30 00:00:00+00:00
[2025-01-30T00:22:07.635+0000] {processor.py:183} INFO - Processing /home/airflow/.local/lib/python3.8/site-packages/airflow/example_dags/example_setup_teardown.py took 0.441 seconds
[2025-01-30T00:22:38.113+0000] {processor.py:161} INFO - Started process (PID=5432) to work on /home/airflow/.local/lib/python3.8/site-packages/airflow/example_dags/example_setup_teardown.py
[2025-01-30T00:22:38.115+0000] {processor.py:830} INFO - Processing file /home/airflow/.local/lib/python3.8/site-packages/airflow/example_dags/example_setup_teardown.py for tasks to queue
[2025-01-30T00:22:38.118+0000] {logging_mixin.py:188} INFO - [2025-01-30T00:22:38.117+0000] {dagbag.py:538} INFO - Filling up the DagBag from /home/airflow/.local/lib/python3.8/site-packages/airflow/example_dags/example_setup_teardown.py
[2025-01-30T00:22:38.140+0000] {processor.py:840} INFO - DAG(s) 'example_setup_teardown' retrieved from /home/airflow/.local/lib/python3.8/site-packages/airflow/example_dags/example_setup_teardown.py
[2025-01-30T00:22:38.233+0000] {logging_mixin.py:188} INFO - [2025-01-30T00:22:38.231+0000] {dag.py:3036} INFO - Sync 1 DAGs
[2025-01-30T00:22:38.322+0000] {logging_mixin.py:188} INFO - [2025-01-30T00:22:38.322+0000] {dag.py:3823} INFO - Setting next_dagrun for example_setup_teardown to 2025-01-29 00:00:00+00:00, run_after=2025-01-30 00:00:00+00:00
[2025-01-30T00:22:38.396+0000] {processor.py:183} INFO - Processing /home/airflow/.local/lib/python3.8/site-packages/airflow/example_dags/example_setup_teardown.py took 0.294 seconds
[2025-01-30T00:23:09.047+0000] {processor.py:161} INFO - Started process (PID=5488) to work on /home/airflow/.local/lib/python3.8/site-packages/airflow/example_dags/example_setup_teardown.py
[2025-01-30T00:23:09.049+0000] {processor.py:830} INFO - Processing file /home/airflow/.local/lib/python3.8/site-packages/airflow/example_dags/example_setup_teardown.py for tasks to queue
[2025-01-30T00:23:09.051+0000] {logging_mixin.py:188} INFO - [2025-01-30T00:23:09.050+0000] {dagbag.py:538} INFO - Filling up the DagBag from /home/airflow/.local/lib/python3.8/site-packages/airflow/example_dags/example_setup_teardown.py
[2025-01-30T00:23:09.076+0000] {processor.py:840} INFO - DAG(s) 'example_setup_teardown' retrieved from /home/airflow/.local/lib/python3.8/site-packages/airflow/example_dags/example_setup_teardown.py
[2025-01-30T00:23:09.141+0000] {logging_mixin.py:188} INFO - [2025-01-30T00:23:09.140+0000] {dag.py:3036} INFO - Sync 1 DAGs
[2025-01-30T00:23:09.225+0000] {logging_mixin.py:188} INFO - [2025-01-30T00:23:09.224+0000] {dag.py:3823} INFO - Setting next_dagrun for example_setup_teardown to 2025-01-29 00:00:00+00:00, run_after=2025-01-30 00:00:00+00:00
[2025-01-30T00:23:09.275+0000] {processor.py:183} INFO - Processing /home/airflow/.local/lib/python3.8/site-packages/airflow/example_dags/example_setup_teardown.py took 0.237 seconds
[2025-01-30T00:23:41.289+0000] {processor.py:161} INFO - Started process (PID=5541) to work on /home/airflow/.local/lib/python3.8/site-packages/airflow/example_dags/example_setup_teardown.py
[2025-01-30T00:23:41.291+0000] {processor.py:830} INFO - Processing file /home/airflow/.local/lib/python3.8/site-packages/airflow/example_dags/example_setup_teardown.py for tasks to queue
[2025-01-30T00:23:41.297+0000] {logging_mixin.py:188} INFO - [2025-01-30T00:23:41.293+0000] {dagbag.py:538} INFO - Filling up the DagBag from /home/airflow/.local/lib/python3.8/site-packages/airflow/example_dags/example_setup_teardown.py
[2025-01-30T00:23:41.330+0000] {processor.py:840} INFO - DAG(s) 'example_setup_teardown' retrieved from /home/airflow/.local/lib/python3.8/site-packages/airflow/example_dags/example_setup_teardown.py
[2025-01-30T00:23:41.458+0000] {logging_mixin.py:188} INFO - [2025-01-30T00:23:41.457+0000] {dag.py:3036} INFO - Sync 1 DAGs
[2025-01-30T00:23:41.597+0000] {logging_mixin.py:188} INFO - [2025-01-30T00:23:41.597+0000] {dag.py:3823} INFO - Setting next_dagrun for example_setup_teardown to 2025-01-29 00:00:00+00:00, run_after=2025-01-30 00:00:00+00:00
[2025-01-30T00:23:41.686+0000] {processor.py:183} INFO - Processing /home/airflow/.local/lib/python3.8/site-packages/airflow/example_dags/example_setup_teardown.py took 0.415 seconds
[2025-01-30T00:24:13.142+0000] {processor.py:161} INFO - Started process (PID=5602) to work on /home/airflow/.local/lib/python3.8/site-packages/airflow/example_dags/example_setup_teardown.py
[2025-01-30T00:24:13.148+0000] {processor.py:830} INFO - Processing file /home/airflow/.local/lib/python3.8/site-packages/airflow/example_dags/example_setup_teardown.py for tasks to queue
[2025-01-30T00:24:13.156+0000] {logging_mixin.py:188} INFO - [2025-01-30T00:24:13.155+0000] {dagbag.py:538} INFO - Filling up the DagBag from /home/airflow/.local/lib/python3.8/site-packages/airflow/example_dags/example_setup_teardown.py
[2025-01-30T00:24:13.296+0000] {processor.py:840} INFO - DAG(s) 'example_setup_teardown' retrieved from /home/airflow/.local/lib/python3.8/site-packages/airflow/example_dags/example_setup_teardown.py
[2025-01-30T00:24:13.526+0000] {logging_mixin.py:188} INFO - [2025-01-30T00:24:13.513+0000] {dag.py:3036} INFO - Sync 1 DAGs
[2025-01-30T00:24:13.779+0000] {logging_mixin.py:188} INFO - [2025-01-30T00:24:13.779+0000] {dag.py:3823} INFO - Setting next_dagrun for example_setup_teardown to 2025-01-29 00:00:00+00:00, run_after=2025-01-30 00:00:00+00:00
[2025-01-30T00:24:13.960+0000] {processor.py:183} INFO - Processing /home/airflow/.local/lib/python3.8/site-packages/airflow/example_dags/example_setup_teardown.py took 0.850 seconds
[2025-01-30T00:24:45.688+0000] {processor.py:161} INFO - Started process (PID=5658) to work on /home/airflow/.local/lib/python3.8/site-packages/airflow/example_dags/example_setup_teardown.py
[2025-01-30T00:24:45.692+0000] {processor.py:830} INFO - Processing file /home/airflow/.local/lib/python3.8/site-packages/airflow/example_dags/example_setup_teardown.py for tasks to queue
[2025-01-30T00:24:45.694+0000] {logging_mixin.py:188} INFO - [2025-01-30T00:24:45.693+0000] {dagbag.py:538} INFO - Filling up the DagBag from /home/airflow/.local/lib/python3.8/site-packages/airflow/example_dags/example_setup_teardown.py
[2025-01-30T00:24:45.719+0000] {processor.py:840} INFO - DAG(s) 'example_setup_teardown' retrieved from /home/airflow/.local/lib/python3.8/site-packages/airflow/example_dags/example_setup_teardown.py
[2025-01-30T00:24:45.775+0000] {logging_mixin.py:188} INFO - [2025-01-30T00:24:45.775+0000] {dag.py:3036} INFO - Sync 1 DAGs
[2025-01-30T00:24:45.856+0000] {logging_mixin.py:188} INFO - [2025-01-30T00:24:45.855+0000] {dag.py:3823} INFO - Setting next_dagrun for example_setup_teardown to 2025-01-29 00:00:00+00:00, run_after=2025-01-30 00:00:00+00:00
[2025-01-30T00:24:45.925+0000] {processor.py:183} INFO - Processing /home/airflow/.local/lib/python3.8/site-packages/airflow/example_dags/example_setup_teardown.py took 0.247 seconds
[2025-01-30T00:25:16.681+0000] {processor.py:161} INFO - Started process (PID=5714) to work on /home/airflow/.local/lib/python3.8/site-packages/airflow/example_dags/example_setup_teardown.py
[2025-01-30T00:25:16.682+0000] {processor.py:830} INFO - Processing file /home/airflow/.local/lib/python3.8/site-packages/airflow/example_dags/example_setup_teardown.py for tasks to queue
[2025-01-30T00:25:16.685+0000] {logging_mixin.py:188} INFO - [2025-01-30T00:25:16.685+0000] {dagbag.py:538} INFO - Filling up the DagBag from /home/airflow/.local/lib/python3.8/site-packages/airflow/example_dags/example_setup_teardown.py
[2025-01-30T00:25:16.708+0000] {processor.py:840} INFO - DAG(s) 'example_setup_teardown' retrieved from /home/airflow/.local/lib/python3.8/site-packages/airflow/example_dags/example_setup_teardown.py
[2025-01-30T00:25:16.789+0000] {logging_mixin.py:188} INFO - [2025-01-30T00:25:16.788+0000] {dag.py:3036} INFO - Sync 1 DAGs
[2025-01-30T00:25:16.884+0000] {logging_mixin.py:188} INFO - [2025-01-30T00:25:16.883+0000] {dag.py:3823} INFO - Setting next_dagrun for example_setup_teardown to 2025-01-29 00:00:00+00:00, run_after=2025-01-30 00:00:00+00:00
[2025-01-30T00:25:16.934+0000] {processor.py:183} INFO - Processing /home/airflow/.local/lib/python3.8/site-packages/airflow/example_dags/example_setup_teardown.py took 0.261 seconds
[2025-01-30T00:25:47.566+0000] {processor.py:161} INFO - Started process (PID=5770) to work on /home/airflow/.local/lib/python3.8/site-packages/airflow/example_dags/example_setup_teardown.py
[2025-01-30T00:25:47.568+0000] {processor.py:830} INFO - Processing file /home/airflow/.local/lib/python3.8/site-packages/airflow/example_dags/example_setup_teardown.py for tasks to queue
[2025-01-30T00:25:47.570+0000] {logging_mixin.py:188} INFO - [2025-01-30T00:25:47.569+0000] {dagbag.py:538} INFO - Filling up the DagBag from /home/airflow/.local/lib/python3.8/site-packages/airflow/example_dags/example_setup_teardown.py
[2025-01-30T00:25:47.581+0000] {processor.py:840} INFO - DAG(s) 'example_setup_teardown' retrieved from /home/airflow/.local/lib/python3.8/site-packages/airflow/example_dags/example_setup_teardown.py
[2025-01-30T00:25:47.613+0000] {logging_mixin.py:188} INFO - [2025-01-30T00:25:47.612+0000] {dag.py:3036} INFO - Sync 1 DAGs
[2025-01-30T00:25:47.646+0000] {logging_mixin.py:188} INFO - [2025-01-30T00:25:47.646+0000] {dag.py:3823} INFO - Setting next_dagrun for example_setup_teardown to 2025-01-29 00:00:00+00:00, run_after=2025-01-30 00:00:00+00:00
[2025-01-30T00:25:47.671+0000] {processor.py:183} INFO - Processing /home/airflow/.local/lib/python3.8/site-packages/airflow/example_dags/example_setup_teardown.py took 0.109 seconds
[2025-01-30T00:26:17.974+0000] {processor.py:161} INFO - Started process (PID=5826) to work on /home/airflow/.local/lib/python3.8/site-packages/airflow/example_dags/example_setup_teardown.py
[2025-01-30T00:26:17.976+0000] {processor.py:830} INFO - Processing file /home/airflow/.local/lib/python3.8/site-packages/airflow/example_dags/example_setup_teardown.py for tasks to queue
[2025-01-30T00:26:17.979+0000] {logging_mixin.py:188} INFO - [2025-01-30T00:26:17.978+0000] {dagbag.py:538} INFO - Filling up the DagBag from /home/airflow/.local/lib/python3.8/site-packages/airflow/example_dags/example_setup_teardown.py
[2025-01-30T00:26:17.994+0000] {processor.py:840} INFO - DAG(s) 'example_setup_teardown' retrieved from /home/airflow/.local/lib/python3.8/site-packages/airflow/example_dags/example_setup_teardown.py
[2025-01-30T00:26:18.051+0000] {logging_mixin.py:188} INFO - [2025-01-30T00:26:18.050+0000] {dag.py:3036} INFO - Sync 1 DAGs
[2025-01-30T00:26:18.108+0000] {logging_mixin.py:188} INFO - [2025-01-30T00:26:18.107+0000] {dag.py:3823} INFO - Setting next_dagrun for example_setup_teardown to 2025-01-29 00:00:00+00:00, run_after=2025-01-30 00:00:00+00:00
[2025-01-30T00:26:18.161+0000] {processor.py:183} INFO - Processing /home/airflow/.local/lib/python3.8/site-packages/airflow/example_dags/example_setup_teardown.py took 0.196 seconds
[2025-01-30T00:26:49.585+0000] {processor.py:161} INFO - Started process (PID=5876) to work on /home/airflow/.local/lib/python3.8/site-packages/airflow/example_dags/example_setup_teardown.py
[2025-01-30T00:26:49.598+0000] {processor.py:830} INFO - Processing file /home/airflow/.local/lib/python3.8/site-packages/airflow/example_dags/example_setup_teardown.py for tasks to queue
[2025-01-30T00:26:49.601+0000] {logging_mixin.py:188} INFO - [2025-01-30T00:26:49.600+0000] {dagbag.py:538} INFO - Filling up the DagBag from /home/airflow/.local/lib/python3.8/site-packages/airflow/example_dags/example_setup_teardown.py
[2025-01-30T00:26:49.650+0000] {processor.py:840} INFO - DAG(s) 'example_setup_teardown' retrieved from /home/airflow/.local/lib/python3.8/site-packages/airflow/example_dags/example_setup_teardown.py
[2025-01-30T00:26:49.772+0000] {logging_mixin.py:188} INFO - [2025-01-30T00:26:49.760+0000] {dag.py:3036} INFO - Sync 1 DAGs
[2025-01-30T00:26:49.864+0000] {logging_mixin.py:188} INFO - [2025-01-30T00:26:49.863+0000] {dag.py:3823} INFO - Setting next_dagrun for example_setup_teardown to 2025-01-29 00:00:00+00:00, run_after=2025-01-30 00:00:00+00:00
[2025-01-30T00:26:49.997+0000] {processor.py:183} INFO - Processing /home/airflow/.local/lib/python3.8/site-packages/airflow/example_dags/example_setup_teardown.py took 0.431 seconds
[2025-01-30T00:27:20.320+0000] {processor.py:161} INFO - Started process (PID=5932) to work on /home/airflow/.local/lib/python3.8/site-packages/airflow/example_dags/example_setup_teardown.py
[2025-01-30T00:27:20.322+0000] {processor.py:830} INFO - Processing file /home/airflow/.local/lib/python3.8/site-packages/airflow/example_dags/example_setup_teardown.py for tasks to queue
[2025-01-30T00:27:20.325+0000] {logging_mixin.py:188} INFO - [2025-01-30T00:27:20.324+0000] {dagbag.py:538} INFO - Filling up the DagBag from /home/airflow/.local/lib/python3.8/site-packages/airflow/example_dags/example_setup_teardown.py
[2025-01-30T00:27:20.344+0000] {processor.py:840} INFO - DAG(s) 'example_setup_teardown' retrieved from /home/airflow/.local/lib/python3.8/site-packages/airflow/example_dags/example_setup_teardown.py
[2025-01-30T00:27:20.388+0000] {logging_mixin.py:188} INFO - [2025-01-30T00:27:20.388+0000] {dag.py:3036} INFO - Sync 1 DAGs
[2025-01-30T00:27:20.443+0000] {logging_mixin.py:188} INFO - [2025-01-30T00:27:20.442+0000] {dag.py:3823} INFO - Setting next_dagrun for example_setup_teardown to 2025-01-29 00:00:00+00:00, run_after=2025-01-30 00:00:00+00:00
[2025-01-30T00:27:20.484+0000] {processor.py:183} INFO - Processing /home/airflow/.local/lib/python3.8/site-packages/airflow/example_dags/example_setup_teardown.py took 0.171 seconds
[2025-01-30T00:27:51.167+0000] {processor.py:161} INFO - Started process (PID=5988) to work on /home/airflow/.local/lib/python3.8/site-packages/airflow/example_dags/example_setup_teardown.py
[2025-01-30T00:27:51.169+0000] {processor.py:830} INFO - Processing file /home/airflow/.local/lib/python3.8/site-packages/airflow/example_dags/example_setup_teardown.py for tasks to queue
[2025-01-30T00:27:51.171+0000] {logging_mixin.py:188} INFO - [2025-01-30T00:27:51.171+0000] {dagbag.py:538} INFO - Filling up the DagBag from /home/airflow/.local/lib/python3.8/site-packages/airflow/example_dags/example_setup_teardown.py
[2025-01-30T00:27:51.185+0000] {processor.py:840} INFO - DAG(s) 'example_setup_teardown' retrieved from /home/airflow/.local/lib/python3.8/site-packages/airflow/example_dags/example_setup_teardown.py
[2025-01-30T00:27:51.228+0000] {logging_mixin.py:188} INFO - [2025-01-30T00:27:51.227+0000] {dag.py:3036} INFO - Sync 1 DAGs
[2025-01-30T00:27:51.285+0000] {logging_mixin.py:188} INFO - [2025-01-30T00:27:51.285+0000] {dag.py:3823} INFO - Setting next_dagrun for example_setup_teardown to 2025-01-29 00:00:00+00:00, run_after=2025-01-30 00:00:00+00:00
[2025-01-30T00:27:51.327+0000] {processor.py:183} INFO - Processing /home/airflow/.local/lib/python3.8/site-packages/airflow/example_dags/example_setup_teardown.py took 0.167 seconds
[2025-01-30T00:28:22.514+0000] {processor.py:161} INFO - Started process (PID=6043) to work on /home/airflow/.local/lib/python3.8/site-packages/airflow/example_dags/example_setup_teardown.py
[2025-01-30T00:28:22.517+0000] {processor.py:830} INFO - Processing file /home/airflow/.local/lib/python3.8/site-packages/airflow/example_dags/example_setup_teardown.py for tasks to queue
[2025-01-30T00:28:22.519+0000] {logging_mixin.py:188} INFO - [2025-01-30T00:28:22.519+0000] {dagbag.py:538} INFO - Filling up the DagBag from /home/airflow/.local/lib/python3.8/site-packages/airflow/example_dags/example_setup_teardown.py
[2025-01-30T00:28:22.541+0000] {processor.py:840} INFO - DAG(s) 'example_setup_teardown' retrieved from /home/airflow/.local/lib/python3.8/site-packages/airflow/example_dags/example_setup_teardown.py
[2025-01-30T00:28:22.592+0000] {logging_mixin.py:188} INFO - [2025-01-30T00:28:22.591+0000] {dag.py:3036} INFO - Sync 1 DAGs
[2025-01-30T00:28:22.644+0000] {logging_mixin.py:188} INFO - [2025-01-30T00:28:22.644+0000] {dag.py:3823} INFO - Setting next_dagrun for example_setup_teardown to 2025-01-29 00:00:00+00:00, run_after=2025-01-30 00:00:00+00:00
[2025-01-30T00:28:22.692+0000] {processor.py:183} INFO - Processing /home/airflow/.local/lib/python3.8/site-packages/airflow/example_dags/example_setup_teardown.py took 0.187 seconds
[2025-01-30T00:28:55.219+0000] {processor.py:161} INFO - Started process (PID=6098) to work on /home/airflow/.local/lib/python3.8/site-packages/airflow/example_dags/example_setup_teardown.py
[2025-01-30T00:28:55.223+0000] {processor.py:830} INFO - Processing file /home/airflow/.local/lib/python3.8/site-packages/airflow/example_dags/example_setup_teardown.py for tasks to queue
[2025-01-30T00:28:55.226+0000] {logging_mixin.py:188} INFO - [2025-01-30T00:28:55.225+0000] {dagbag.py:538} INFO - Filling up the DagBag from /home/airflow/.local/lib/python3.8/site-packages/airflow/example_dags/example_setup_teardown.py
[2025-01-30T00:28:55.248+0000] {processor.py:840} INFO - DAG(s) 'example_setup_teardown' retrieved from /home/airflow/.local/lib/python3.8/site-packages/airflow/example_dags/example_setup_teardown.py
[2025-01-30T00:28:55.319+0000] {logging_mixin.py:188} INFO - [2025-01-30T00:28:55.319+0000] {dag.py:3036} INFO - Sync 1 DAGs
[2025-01-30T00:28:55.398+0000] {logging_mixin.py:188} INFO - [2025-01-30T00:28:55.397+0000] {dag.py:3823} INFO - Setting next_dagrun for example_setup_teardown to 2025-01-29 00:00:00+00:00, run_after=2025-01-30 00:00:00+00:00
[2025-01-30T00:28:55.468+0000] {processor.py:183} INFO - Processing /home/airflow/.local/lib/python3.8/site-packages/airflow/example_dags/example_setup_teardown.py took 0.257 seconds
[2025-01-30T00:29:26.518+0000] {processor.py:161} INFO - Started process (PID=6153) to work on /home/airflow/.local/lib/python3.8/site-packages/airflow/example_dags/example_setup_teardown.py
[2025-01-30T00:29:26.520+0000] {processor.py:830} INFO - Processing file /home/airflow/.local/lib/python3.8/site-packages/airflow/example_dags/example_setup_teardown.py for tasks to queue
[2025-01-30T00:29:26.524+0000] {logging_mixin.py:188} INFO - [2025-01-30T00:29:26.523+0000] {dagbag.py:538} INFO - Filling up the DagBag from /home/airflow/.local/lib/python3.8/site-packages/airflow/example_dags/example_setup_teardown.py
[2025-01-30T00:29:26.543+0000] {processor.py:840} INFO - DAG(s) 'example_setup_teardown' retrieved from /home/airflow/.local/lib/python3.8/site-packages/airflow/example_dags/example_setup_teardown.py
[2025-01-30T00:29:26.601+0000] {logging_mixin.py:188} INFO - [2025-01-30T00:29:26.600+0000] {dag.py:3036} INFO - Sync 1 DAGs
[2025-01-30T00:29:26.675+0000] {logging_mixin.py:188} INFO - [2025-01-30T00:29:26.674+0000] {dag.py:3823} INFO - Setting next_dagrun for example_setup_teardown to 2025-01-29 00:00:00+00:00, run_after=2025-01-30 00:00:00+00:00
[2025-01-30T00:29:26.736+0000] {processor.py:183} INFO - Processing /home/airflow/.local/lib/python3.8/site-packages/airflow/example_dags/example_setup_teardown.py took 0.227 seconds
[2025-01-30T00:29:57.530+0000] {processor.py:161} INFO - Started process (PID=6209) to work on /home/airflow/.local/lib/python3.8/site-packages/airflow/example_dags/example_setup_teardown.py
[2025-01-30T00:29:57.532+0000] {processor.py:830} INFO - Processing file /home/airflow/.local/lib/python3.8/site-packages/airflow/example_dags/example_setup_teardown.py for tasks to queue
[2025-01-30T00:29:57.539+0000] {logging_mixin.py:188} INFO - [2025-01-30T00:29:57.534+0000] {dagbag.py:538} INFO - Filling up the DagBag from /home/airflow/.local/lib/python3.8/site-packages/airflow/example_dags/example_setup_teardown.py
[2025-01-30T00:29:57.565+0000] {processor.py:840} INFO - DAG(s) 'example_setup_teardown' retrieved from /home/airflow/.local/lib/python3.8/site-packages/airflow/example_dags/example_setup_teardown.py
[2025-01-30T00:29:57.625+0000] {logging_mixin.py:188} INFO - [2025-01-30T00:29:57.622+0000] {dag.py:3036} INFO - Sync 1 DAGs
[2025-01-30T00:29:57.683+0000] {logging_mixin.py:188} INFO - [2025-01-30T00:29:57.682+0000] {dag.py:3823} INFO - Setting next_dagrun for example_setup_teardown to 2025-01-29 00:00:00+00:00, run_after=2025-01-30 00:00:00+00:00
[2025-01-30T00:29:57.735+0000] {processor.py:183} INFO - Processing /home/airflow/.local/lib/python3.8/site-packages/airflow/example_dags/example_setup_teardown.py took 0.213 seconds
[2025-01-30T00:30:28.228+0000] {processor.py:161} INFO - Started process (PID=6264) to work on /home/airflow/.local/lib/python3.8/site-packages/airflow/example_dags/example_setup_teardown.py
[2025-01-30T00:30:28.231+0000] {processor.py:830} INFO - Processing file /home/airflow/.local/lib/python3.8/site-packages/airflow/example_dags/example_setup_teardown.py for tasks to queue
[2025-01-30T00:30:28.234+0000] {logging_mixin.py:188} INFO - [2025-01-30T00:30:28.233+0000] {dagbag.py:538} INFO - Filling up the DagBag from /home/airflow/.local/lib/python3.8/site-packages/airflow/example_dags/example_setup_teardown.py
[2025-01-30T00:30:28.260+0000] {processor.py:840} INFO - DAG(s) 'example_setup_teardown' retrieved from /home/airflow/.local/lib/python3.8/site-packages/airflow/example_dags/example_setup_teardown.py
[2025-01-30T00:30:28.455+0000] {logging_mixin.py:188} INFO - [2025-01-30T00:30:28.454+0000] {dag.py:3036} INFO - Sync 1 DAGs
[2025-01-30T00:30:28.583+0000] {logging_mixin.py:188} INFO - [2025-01-30T00:30:28.583+0000] {dag.py:3823} INFO - Setting next_dagrun for example_setup_teardown to 2025-01-29 00:00:00+00:00, run_after=2025-01-30 00:00:00+00:00
[2025-01-30T00:30:28.645+0000] {processor.py:183} INFO - Processing /home/airflow/.local/lib/python3.8/site-packages/airflow/example_dags/example_setup_teardown.py took 0.427 seconds
[2025-01-30T00:30:59.432+0000] {processor.py:161} INFO - Started process (PID=6320) to work on /home/airflow/.local/lib/python3.8/site-packages/airflow/example_dags/example_setup_teardown.py
[2025-01-30T00:30:59.434+0000] {processor.py:830} INFO - Processing file /home/airflow/.local/lib/python3.8/site-packages/airflow/example_dags/example_setup_teardown.py for tasks to queue
[2025-01-30T00:30:59.439+0000] {logging_mixin.py:188} INFO - [2025-01-30T00:30:59.438+0000] {dagbag.py:538} INFO - Filling up the DagBag from /home/airflow/.local/lib/python3.8/site-packages/airflow/example_dags/example_setup_teardown.py
[2025-01-30T00:30:59.460+0000] {processor.py:840} INFO - DAG(s) 'example_setup_teardown' retrieved from /home/airflow/.local/lib/python3.8/site-packages/airflow/example_dags/example_setup_teardown.py
[2025-01-30T00:30:59.519+0000] {logging_mixin.py:188} INFO - [2025-01-30T00:30:59.518+0000] {dag.py:3036} INFO - Sync 1 DAGs
[2025-01-30T00:30:59.594+0000] {logging_mixin.py:188} INFO - [2025-01-30T00:30:59.593+0000] {dag.py:3823} INFO - Setting next_dagrun for example_setup_teardown to 2025-01-29 00:00:00+00:00, run_after=2025-01-30 00:00:00+00:00
[2025-01-30T00:30:59.724+0000] {processor.py:183} INFO - Processing /home/airflow/.local/lib/python3.8/site-packages/airflow/example_dags/example_setup_teardown.py took 0.303 seconds
[2025-01-30T00:31:32.787+0000] {processor.py:161} INFO - Started process (PID=6376) to work on /home/airflow/.local/lib/python3.8/site-packages/airflow/example_dags/example_setup_teardown.py
[2025-01-30T00:31:32.790+0000] {processor.py:830} INFO - Processing file /home/airflow/.local/lib/python3.8/site-packages/airflow/example_dags/example_setup_teardown.py for tasks to queue
[2025-01-30T00:31:32.792+0000] {logging_mixin.py:188} INFO - [2025-01-30T00:31:32.792+0000] {dagbag.py:538} INFO - Filling up the DagBag from /home/airflow/.local/lib/python3.8/site-packages/airflow/example_dags/example_setup_teardown.py
[2025-01-30T00:31:32.814+0000] {processor.py:840} INFO - DAG(s) 'example_setup_teardown' retrieved from /home/airflow/.local/lib/python3.8/site-packages/airflow/example_dags/example_setup_teardown.py
[2025-01-30T00:31:32.875+0000] {logging_mixin.py:188} INFO - [2025-01-30T00:31:32.875+0000] {dag.py:3036} INFO - Sync 1 DAGs
[2025-01-30T00:31:32.936+0000] {logging_mixin.py:188} INFO - [2025-01-30T00:31:32.935+0000] {dag.py:3823} INFO - Setting next_dagrun for example_setup_teardown to 2025-01-29 00:00:00+00:00, run_after=2025-01-30 00:00:00+00:00
[2025-01-30T00:31:32.983+0000] {processor.py:183} INFO - Processing /home/airflow/.local/lib/python3.8/site-packages/airflow/example_dags/example_setup_teardown.py took 0.204 seconds
[2025-01-30T00:32:03.354+0000] {processor.py:161} INFO - Started process (PID=6431) to work on /home/airflow/.local/lib/python3.8/site-packages/airflow/example_dags/example_setup_teardown.py
[2025-01-30T00:32:03.356+0000] {processor.py:830} INFO - Processing file /home/airflow/.local/lib/python3.8/site-packages/airflow/example_dags/example_setup_teardown.py for tasks to queue
[2025-01-30T00:32:03.365+0000] {logging_mixin.py:188} INFO - [2025-01-30T00:32:03.357+0000] {dagbag.py:538} INFO - Filling up the DagBag from /home/airflow/.local/lib/python3.8/site-packages/airflow/example_dags/example_setup_teardown.py
[2025-01-30T00:32:03.384+0000] {processor.py:840} INFO - DAG(s) 'example_setup_teardown' retrieved from /home/airflow/.local/lib/python3.8/site-packages/airflow/example_dags/example_setup_teardown.py
[2025-01-30T00:32:03.430+0000] {logging_mixin.py:188} INFO - [2025-01-30T00:32:03.429+0000] {dag.py:3036} INFO - Sync 1 DAGs
[2025-01-30T00:32:03.487+0000] {logging_mixin.py:188} INFO - [2025-01-30T00:32:03.487+0000] {dag.py:3823} INFO - Setting next_dagrun for example_setup_teardown to 2025-01-29 00:00:00+00:00, run_after=2025-01-30 00:00:00+00:00
[2025-01-30T00:32:03.527+0000] {processor.py:183} INFO - Processing /home/airflow/.local/lib/python3.8/site-packages/airflow/example_dags/example_setup_teardown.py took 0.180 seconds
[2025-01-30T00:32:34.271+0000] {processor.py:161} INFO - Started process (PID=6488) to work on /home/airflow/.local/lib/python3.8/site-packages/airflow/example_dags/example_setup_teardown.py
[2025-01-30T00:32:34.273+0000] {processor.py:830} INFO - Processing file /home/airflow/.local/lib/python3.8/site-packages/airflow/example_dags/example_setup_teardown.py for tasks to queue
[2025-01-30T00:32:34.275+0000] {logging_mixin.py:188} INFO - [2025-01-30T00:32:34.274+0000] {dagbag.py:538} INFO - Filling up the DagBag from /home/airflow/.local/lib/python3.8/site-packages/airflow/example_dags/example_setup_teardown.py
[2025-01-30T00:32:34.297+0000] {processor.py:840} INFO - DAG(s) 'example_setup_teardown' retrieved from /home/airflow/.local/lib/python3.8/site-packages/airflow/example_dags/example_setup_teardown.py
[2025-01-30T00:32:34.511+0000] {logging_mixin.py:188} INFO - [2025-01-30T00:32:34.500+0000] {dag.py:3036} INFO - Sync 1 DAGs
[2025-01-30T00:32:34.807+0000] {logging_mixin.py:188} INFO - [2025-01-30T00:32:34.806+0000] {dag.py:3823} INFO - Setting next_dagrun for example_setup_teardown to 2025-01-29 00:00:00+00:00, run_after=2025-01-30 00:00:00+00:00
[2025-01-30T00:32:35.034+0000] {processor.py:183} INFO - Processing /home/airflow/.local/lib/python3.8/site-packages/airflow/example_dags/example_setup_teardown.py took 0.771 seconds
[2025-01-30T00:33:05.810+0000] {processor.py:161} INFO - Started process (PID=6544) to work on /home/airflow/.local/lib/python3.8/site-packages/airflow/example_dags/example_setup_teardown.py
[2025-01-30T00:33:05.813+0000] {processor.py:830} INFO - Processing file /home/airflow/.local/lib/python3.8/site-packages/airflow/example_dags/example_setup_teardown.py for tasks to queue
[2025-01-30T00:33:05.826+0000] {logging_mixin.py:188} INFO - [2025-01-30T00:33:05.822+0000] {dagbag.py:538} INFO - Filling up the DagBag from /home/airflow/.local/lib/python3.8/site-packages/airflow/example_dags/example_setup_teardown.py
[2025-01-30T00:33:05.853+0000] {processor.py:840} INFO - DAG(s) 'example_setup_teardown' retrieved from /home/airflow/.local/lib/python3.8/site-packages/airflow/example_dags/example_setup_teardown.py
[2025-01-30T00:33:05.931+0000] {logging_mixin.py:188} INFO - [2025-01-30T00:33:05.930+0000] {dag.py:3036} INFO - Sync 1 DAGs
[2025-01-30T00:33:06.053+0000] {logging_mixin.py:188} INFO - [2025-01-30T00:33:06.051+0000] {dag.py:3823} INFO - Setting next_dagrun for example_setup_teardown to 2025-01-29 00:00:00+00:00, run_after=2025-01-30 00:00:00+00:00
[2025-01-30T00:33:06.109+0000] {processor.py:183} INFO - Processing /home/airflow/.local/lib/python3.8/site-packages/airflow/example_dags/example_setup_teardown.py took 0.317 seconds
[2025-01-30T00:33:36.844+0000] {processor.py:161} INFO - Started process (PID=6599) to work on /home/airflow/.local/lib/python3.8/site-packages/airflow/example_dags/example_setup_teardown.py
[2025-01-30T00:33:36.847+0000] {processor.py:830} INFO - Processing file /home/airflow/.local/lib/python3.8/site-packages/airflow/example_dags/example_setup_teardown.py for tasks to queue
[2025-01-30T00:33:36.849+0000] {logging_mixin.py:188} INFO - [2025-01-30T00:33:36.848+0000] {dagbag.py:538} INFO - Filling up the DagBag from /home/airflow/.local/lib/python3.8/site-packages/airflow/example_dags/example_setup_teardown.py
[2025-01-30T00:33:36.873+0000] {processor.py:840} INFO - DAG(s) 'example_setup_teardown' retrieved from /home/airflow/.local/lib/python3.8/site-packages/airflow/example_dags/example_setup_teardown.py
[2025-01-30T00:33:36.937+0000] {logging_mixin.py:188} INFO - [2025-01-30T00:33:36.936+0000] {dag.py:3036} INFO - Sync 1 DAGs
[2025-01-30T00:33:37.026+0000] {logging_mixin.py:188} INFO - [2025-01-30T00:33:37.025+0000] {dag.py:3823} INFO - Setting next_dagrun for example_setup_teardown to 2025-01-29 00:00:00+00:00, run_after=2025-01-30 00:00:00+00:00
[2025-01-30T00:33:37.086+0000] {processor.py:183} INFO - Processing /home/airflow/.local/lib/python3.8/site-packages/airflow/example_dags/example_setup_teardown.py took 0.250 seconds
[2025-01-30T00:34:07.575+0000] {processor.py:161} INFO - Started process (PID=6654) to work on /home/airflow/.local/lib/python3.8/site-packages/airflow/example_dags/example_setup_teardown.py
[2025-01-30T00:34:07.577+0000] {processor.py:830} INFO - Processing file /home/airflow/.local/lib/python3.8/site-packages/airflow/example_dags/example_setup_teardown.py for tasks to queue
[2025-01-30T00:34:07.581+0000] {logging_mixin.py:188} INFO - [2025-01-30T00:34:07.579+0000] {dagbag.py:538} INFO - Filling up the DagBag from /home/airflow/.local/lib/python3.8/site-packages/airflow/example_dags/example_setup_teardown.py
[2025-01-30T00:34:07.605+0000] {processor.py:840} INFO - DAG(s) 'example_setup_teardown' retrieved from /home/airflow/.local/lib/python3.8/site-packages/airflow/example_dags/example_setup_teardown.py
[2025-01-30T00:34:07.684+0000] {logging_mixin.py:188} INFO - [2025-01-30T00:34:07.683+0000] {dag.py:3036} INFO - Sync 1 DAGs
[2025-01-30T00:34:07.754+0000] {logging_mixin.py:188} INFO - [2025-01-30T00:34:07.753+0000] {dag.py:3823} INFO - Setting next_dagrun for example_setup_teardown to 2025-01-29 00:00:00+00:00, run_after=2025-01-30 00:00:00+00:00
[2025-01-30T00:34:07.798+0000] {processor.py:183} INFO - Processing /home/airflow/.local/lib/python3.8/site-packages/airflow/example_dags/example_setup_teardown.py took 0.230 seconds
[2025-01-30T00:34:43.377+0000] {processor.py:161} INFO - Started process (PID=6710) to work on /home/airflow/.local/lib/python3.8/site-packages/airflow/example_dags/example_setup_teardown.py
[2025-01-30T00:34:43.381+0000] {processor.py:830} INFO - Processing file /home/airflow/.local/lib/python3.8/site-packages/airflow/example_dags/example_setup_teardown.py for tasks to queue
[2025-01-30T00:34:43.384+0000] {logging_mixin.py:188} INFO - [2025-01-30T00:34:43.383+0000] {dagbag.py:538} INFO - Filling up the DagBag from /home/airflow/.local/lib/python3.8/site-packages/airflow/example_dags/example_setup_teardown.py
[2025-01-30T00:34:43.408+0000] {processor.py:840} INFO - DAG(s) 'example_setup_teardown' retrieved from /home/airflow/.local/lib/python3.8/site-packages/airflow/example_dags/example_setup_teardown.py
[2025-01-30T00:34:43.471+0000] {logging_mixin.py:188} INFO - [2025-01-30T00:34:43.471+0000] {dag.py:3036} INFO - Sync 1 DAGs
[2025-01-30T00:34:43.573+0000] {logging_mixin.py:188} INFO - [2025-01-30T00:34:43.572+0000] {dag.py:3823} INFO - Setting next_dagrun for example_setup_teardown to 2025-01-29 00:00:00+00:00, run_after=2025-01-30 00:00:00+00:00
[2025-01-30T00:34:43.669+0000] {processor.py:183} INFO - Processing /home/airflow/.local/lib/python3.8/site-packages/airflow/example_dags/example_setup_teardown.py took 0.301 seconds
[2025-01-30T00:35:13.788+0000] {processor.py:161} INFO - Started process (PID=6764) to work on /home/airflow/.local/lib/python3.8/site-packages/airflow/example_dags/example_setup_teardown.py
[2025-01-30T00:35:13.790+0000] {processor.py:830} INFO - Processing file /home/airflow/.local/lib/python3.8/site-packages/airflow/example_dags/example_setup_teardown.py for tasks to queue
[2025-01-30T00:35:13.791+0000] {logging_mixin.py:188} INFO - [2025-01-30T00:35:13.791+0000] {dagbag.py:538} INFO - Filling up the DagBag from /home/airflow/.local/lib/python3.8/site-packages/airflow/example_dags/example_setup_teardown.py
[2025-01-30T00:35:13.806+0000] {processor.py:840} INFO - DAG(s) 'example_setup_teardown' retrieved from /home/airflow/.local/lib/python3.8/site-packages/airflow/example_dags/example_setup_teardown.py
[2025-01-30T00:35:13.850+0000] {logging_mixin.py:188} INFO - [2025-01-30T00:35:13.850+0000] {dag.py:3036} INFO - Sync 1 DAGs
[2025-01-30T00:35:13.897+0000] {logging_mixin.py:188} INFO - [2025-01-30T00:35:13.897+0000] {dag.py:3823} INFO - Setting next_dagrun for example_setup_teardown to 2025-01-29 00:00:00+00:00, run_after=2025-01-30 00:00:00+00:00
[2025-01-30T00:35:13.942+0000] {processor.py:183} INFO - Processing /home/airflow/.local/lib/python3.8/site-packages/airflow/example_dags/example_setup_teardown.py took 0.160 seconds
[2025-01-30T00:35:44.614+0000] {processor.py:161} INFO - Started process (PID=6820) to work on /home/airflow/.local/lib/python3.8/site-packages/airflow/example_dags/example_setup_teardown.py
[2025-01-30T00:35:44.618+0000] {processor.py:830} INFO - Processing file /home/airflow/.local/lib/python3.8/site-packages/airflow/example_dags/example_setup_teardown.py for tasks to queue
[2025-01-30T00:35:44.621+0000] {logging_mixin.py:188} INFO - [2025-01-30T00:35:44.620+0000] {dagbag.py:538} INFO - Filling up the DagBag from /home/airflow/.local/lib/python3.8/site-packages/airflow/example_dags/example_setup_teardown.py
[2025-01-30T00:35:44.664+0000] {processor.py:840} INFO - DAG(s) 'example_setup_teardown' retrieved from /home/airflow/.local/lib/python3.8/site-packages/airflow/example_dags/example_setup_teardown.py
[2025-01-30T00:35:44.858+0000] {logging_mixin.py:188} INFO - [2025-01-30T00:35:44.858+0000] {dag.py:3036} INFO - Sync 1 DAGs
[2025-01-30T00:35:45.040+0000] {logging_mixin.py:188} INFO - [2025-01-30T00:35:45.039+0000] {dag.py:3823} INFO - Setting next_dagrun for example_setup_teardown to 2025-01-29 00:00:00+00:00, run_after=2025-01-30 00:00:00+00:00
[2025-01-30T00:35:45.174+0000] {processor.py:183} INFO - Processing /home/airflow/.local/lib/python3.8/site-packages/airflow/example_dags/example_setup_teardown.py took 0.583 seconds
[2025-01-30T00:36:19.961+0000] {processor.py:161} INFO - Started process (PID=6876) to work on /home/airflow/.local/lib/python3.8/site-packages/airflow/example_dags/example_setup_teardown.py
[2025-01-30T00:36:19.993+0000] {processor.py:830} INFO - Processing file /home/airflow/.local/lib/python3.8/site-packages/airflow/example_dags/example_setup_teardown.py for tasks to queue
[2025-01-30T00:36:20.043+0000] {logging_mixin.py:188} INFO - [2025-01-30T00:36:20.042+0000] {dagbag.py:538} INFO - Filling up the DagBag from /home/airflow/.local/lib/python3.8/site-packages/airflow/example_dags/example_setup_teardown.py
[2025-01-30T00:36:20.108+0000] {processor.py:840} INFO - DAG(s) 'example_setup_teardown' retrieved from /home/airflow/.local/lib/python3.8/site-packages/airflow/example_dags/example_setup_teardown.py
[2025-01-30T00:36:20.278+0000] {logging_mixin.py:188} INFO - [2025-01-30T00:36:20.277+0000] {dag.py:3036} INFO - Sync 1 DAGs
[2025-01-30T00:36:20.510+0000] {logging_mixin.py:188} INFO - [2025-01-30T00:36:20.500+0000] {dag.py:3823} INFO - Setting next_dagrun for example_setup_teardown to 2025-01-29 00:00:00+00:00, run_after=2025-01-30 00:00:00+00:00
[2025-01-30T00:36:20.627+0000] {processor.py:183} INFO - Processing /home/airflow/.local/lib/python3.8/site-packages/airflow/example_dags/example_setup_teardown.py took 0.728 seconds
[2025-01-30T00:36:51.163+0000] {processor.py:161} INFO - Started process (PID=6931) to work on /home/airflow/.local/lib/python3.8/site-packages/airflow/example_dags/example_setup_teardown.py
[2025-01-30T00:36:51.208+0000] {processor.py:830} INFO - Processing file /home/airflow/.local/lib/python3.8/site-packages/airflow/example_dags/example_setup_teardown.py for tasks to queue
[2025-01-30T00:36:51.241+0000] {logging_mixin.py:188} INFO - [2025-01-30T00:36:51.240+0000] {dagbag.py:538} INFO - Filling up the DagBag from /home/airflow/.local/lib/python3.8/site-packages/airflow/example_dags/example_setup_teardown.py
[2025-01-30T00:36:51.342+0000] {processor.py:840} INFO - DAG(s) 'example_setup_teardown' retrieved from /home/airflow/.local/lib/python3.8/site-packages/airflow/example_dags/example_setup_teardown.py
[2025-01-30T00:36:51.491+0000] {logging_mixin.py:188} INFO - [2025-01-30T00:36:51.491+0000] {dag.py:3036} INFO - Sync 1 DAGs
[2025-01-30T00:36:51.697+0000] {logging_mixin.py:188} INFO - [2025-01-30T00:36:51.697+0000] {dag.py:3823} INFO - Setting next_dagrun for example_setup_teardown to 2025-01-29 00:00:00+00:00, run_after=2025-01-30 00:00:00+00:00
[2025-01-30T00:36:51.828+0000] {processor.py:183} INFO - Processing /home/airflow/.local/lib/python3.8/site-packages/airflow/example_dags/example_setup_teardown.py took 0.680 seconds
[2025-01-30T00:37:22.400+0000] {processor.py:161} INFO - Started process (PID=6991) to work on /home/airflow/.local/lib/python3.8/site-packages/airflow/example_dags/example_setup_teardown.py
[2025-01-30T00:37:22.402+0000] {processor.py:830} INFO - Processing file /home/airflow/.local/lib/python3.8/site-packages/airflow/example_dags/example_setup_teardown.py for tasks to queue
[2025-01-30T00:37:22.404+0000] {logging_mixin.py:188} INFO - [2025-01-30T00:37:22.403+0000] {dagbag.py:538} INFO - Filling up the DagBag from /home/airflow/.local/lib/python3.8/site-packages/airflow/example_dags/example_setup_teardown.py
[2025-01-30T00:37:22.417+0000] {processor.py:840} INFO - DAG(s) 'example_setup_teardown' retrieved from /home/airflow/.local/lib/python3.8/site-packages/airflow/example_dags/example_setup_teardown.py
[2025-01-30T00:37:22.454+0000] {logging_mixin.py:188} INFO - [2025-01-30T00:37:22.454+0000] {dag.py:3036} INFO - Sync 1 DAGs
[2025-01-30T00:37:22.503+0000] {logging_mixin.py:188} INFO - [2025-01-30T00:37:22.503+0000] {dag.py:3823} INFO - Setting next_dagrun for example_setup_teardown to 2025-01-29 00:00:00+00:00, run_after=2025-01-30 00:00:00+00:00
[2025-01-30T00:37:22.555+0000] {processor.py:183} INFO - Processing /home/airflow/.local/lib/python3.8/site-packages/airflow/example_dags/example_setup_teardown.py took 0.158 seconds
[2025-01-30T00:37:53.314+0000] {processor.py:161} INFO - Started process (PID=7046) to work on /home/airflow/.local/lib/python3.8/site-packages/airflow/example_dags/example_setup_teardown.py
[2025-01-30T00:37:53.319+0000] {processor.py:830} INFO - Processing file /home/airflow/.local/lib/python3.8/site-packages/airflow/example_dags/example_setup_teardown.py for tasks to queue
[2025-01-30T00:37:53.321+0000] {logging_mixin.py:188} INFO - [2025-01-30T00:37:53.321+0000] {dagbag.py:538} INFO - Filling up the DagBag from /home/airflow/.local/lib/python3.8/site-packages/airflow/example_dags/example_setup_teardown.py
[2025-01-30T00:37:53.344+0000] {processor.py:840} INFO - DAG(s) 'example_setup_teardown' retrieved from /home/airflow/.local/lib/python3.8/site-packages/airflow/example_dags/example_setup_teardown.py
[2025-01-30T00:37:53.482+0000] {logging_mixin.py:188} INFO - [2025-01-30T00:37:53.481+0000] {dag.py:3036} INFO - Sync 1 DAGs
[2025-01-30T00:37:53.743+0000] {logging_mixin.py:188} INFO - [2025-01-30T00:37:53.743+0000] {dag.py:3823} INFO - Setting next_dagrun for example_setup_teardown to 2025-01-29 00:00:00+00:00, run_after=2025-01-30 00:00:00+00:00
[2025-01-30T00:37:53.969+0000] {processor.py:183} INFO - Processing /home/airflow/.local/lib/python3.8/site-packages/airflow/example_dags/example_setup_teardown.py took 0.671 seconds
