[2025-01-30T00:00:26.820+0000] {processor.py:161} INFO - Started process (PID=3074) to work on /home/airflow/.local/lib/python3.8/site-packages/airflow/example_dags/example_python_operator.py
[2025-01-30T00:00:26.822+0000] {processor.py:830} INFO - Processing file /home/airflow/.local/lib/python3.8/site-packages/airflow/example_dags/example_python_operator.py for tasks to queue
[2025-01-30T00:00:26.823+0000] {logging_mixin.py:188} INFO - [2025-01-30T00:00:26.823+0000] {dagbag.py:538} INFO - Filling up the DagBag from /home/airflow/.local/lib/python3.8/site-packages/airflow/example_dags/example_python_operator.py
[2025-01-30T00:00:26.844+0000] {processor.py:840} INFO - DAG(s) 'example_python_operator' retrieved from /home/airflow/.local/lib/python3.8/site-packages/airflow/example_dags/example_python_operator.py
[2025-01-30T00:00:26.884+0000] {logging_mixin.py:188} INFO - [2025-01-30T00:00:26.883+0000] {dag.py:3036} INFO - Sync 1 DAGs
[2025-01-30T00:00:26.909+0000] {logging_mixin.py:188} INFO - [2025-01-30T00:00:26.908+0000] {dag.py:3823} INFO - Setting next_dagrun for example_python_operator to None, run_after=None
[2025-01-30T00:00:26.947+0000] {processor.py:183} INFO - Processing /home/airflow/.local/lib/python3.8/site-packages/airflow/example_dags/example_python_operator.py took 0.132 seconds
[2025-01-30T00:00:57.935+0000] {processor.py:161} INFO - Started process (PID=3130) to work on /home/airflow/.local/lib/python3.8/site-packages/airflow/example_dags/example_python_operator.py
[2025-01-30T00:00:57.969+0000] {processor.py:830} INFO - Processing file /home/airflow/.local/lib/python3.8/site-packages/airflow/example_dags/example_python_operator.py for tasks to queue
[2025-01-30T00:00:57.972+0000] {logging_mixin.py:188} INFO - [2025-01-30T00:00:57.971+0000] {dagbag.py:538} INFO - Filling up the DagBag from /home/airflow/.local/lib/python3.8/site-packages/airflow/example_dags/example_python_operator.py
[2025-01-30T00:00:58.038+0000] {processor.py:840} INFO - DAG(s) 'example_python_operator' retrieved from /home/airflow/.local/lib/python3.8/site-packages/airflow/example_dags/example_python_operator.py
[2025-01-30T00:00:58.247+0000] {logging_mixin.py:188} INFO - [2025-01-30T00:00:58.246+0000] {dag.py:3036} INFO - Sync 1 DAGs
[2025-01-30T00:00:58.361+0000] {logging_mixin.py:188} INFO - [2025-01-30T00:00:58.360+0000] {dag.py:3823} INFO - Setting next_dagrun for example_python_operator to None, run_after=None
[2025-01-30T00:00:58.454+0000] {processor.py:183} INFO - Processing /home/airflow/.local/lib/python3.8/site-packages/airflow/example_dags/example_python_operator.py took 0.651 seconds
[2025-01-30T00:01:28.646+0000] {processor.py:161} INFO - Started process (PID=3186) to work on /home/airflow/.local/lib/python3.8/site-packages/airflow/example_dags/example_python_operator.py
[2025-01-30T00:01:28.651+0000] {processor.py:830} INFO - Processing file /home/airflow/.local/lib/python3.8/site-packages/airflow/example_dags/example_python_operator.py for tasks to queue
[2025-01-30T00:01:28.659+0000] {logging_mixin.py:188} INFO - [2025-01-30T00:01:28.658+0000] {dagbag.py:538} INFO - Filling up the DagBag from /home/airflow/.local/lib/python3.8/site-packages/airflow/example_dags/example_python_operator.py
[2025-01-30T00:01:28.694+0000] {processor.py:840} INFO - DAG(s) 'example_python_operator' retrieved from /home/airflow/.local/lib/python3.8/site-packages/airflow/example_dags/example_python_operator.py
[2025-01-30T00:01:28.768+0000] {logging_mixin.py:188} INFO - [2025-01-30T00:01:28.767+0000] {dag.py:3036} INFO - Sync 1 DAGs
[2025-01-30T00:01:28.822+0000] {logging_mixin.py:188} INFO - [2025-01-30T00:01:28.821+0000] {dag.py:3823} INFO - Setting next_dagrun for example_python_operator to None, run_after=None
[2025-01-30T00:01:28.921+0000] {processor.py:183} INFO - Processing /home/airflow/.local/lib/python3.8/site-packages/airflow/example_dags/example_python_operator.py took 0.289 seconds
[2025-01-30T00:01:59.651+0000] {processor.py:161} INFO - Started process (PID=3241) to work on /home/airflow/.local/lib/python3.8/site-packages/airflow/example_dags/example_python_operator.py
[2025-01-30T00:01:59.653+0000] {processor.py:830} INFO - Processing file /home/airflow/.local/lib/python3.8/site-packages/airflow/example_dags/example_python_operator.py for tasks to queue
[2025-01-30T00:01:59.656+0000] {logging_mixin.py:188} INFO - [2025-01-30T00:01:59.655+0000] {dagbag.py:538} INFO - Filling up the DagBag from /home/airflow/.local/lib/python3.8/site-packages/airflow/example_dags/example_python_operator.py
[2025-01-30T00:01:59.680+0000] {processor.py:840} INFO - DAG(s) 'example_python_operator' retrieved from /home/airflow/.local/lib/python3.8/site-packages/airflow/example_dags/example_python_operator.py
[2025-01-30T00:01:59.734+0000] {logging_mixin.py:188} INFO - [2025-01-30T00:01:59.734+0000] {dag.py:3036} INFO - Sync 1 DAGs
[2025-01-30T00:01:59.768+0000] {logging_mixin.py:188} INFO - [2025-01-30T00:01:59.768+0000] {dag.py:3823} INFO - Setting next_dagrun for example_python_operator to None, run_after=None
[2025-01-30T00:01:59.805+0000] {processor.py:183} INFO - Processing /home/airflow/.local/lib/python3.8/site-packages/airflow/example_dags/example_python_operator.py took 0.163 seconds
[2025-01-30T00:02:30.659+0000] {processor.py:161} INFO - Started process (PID=3297) to work on /home/airflow/.local/lib/python3.8/site-packages/airflow/example_dags/example_python_operator.py
[2025-01-30T00:02:30.667+0000] {processor.py:830} INFO - Processing file /home/airflow/.local/lib/python3.8/site-packages/airflow/example_dags/example_python_operator.py for tasks to queue
[2025-01-30T00:02:30.670+0000] {logging_mixin.py:188} INFO - [2025-01-30T00:02:30.670+0000] {dagbag.py:538} INFO - Filling up the DagBag from /home/airflow/.local/lib/python3.8/site-packages/airflow/example_dags/example_python_operator.py
[2025-01-30T00:02:30.715+0000] {processor.py:840} INFO - DAG(s) 'example_python_operator' retrieved from /home/airflow/.local/lib/python3.8/site-packages/airflow/example_dags/example_python_operator.py
[2025-01-30T00:02:30.769+0000] {logging_mixin.py:188} INFO - [2025-01-30T00:02:30.769+0000] {dag.py:3036} INFO - Sync 1 DAGs
[2025-01-30T00:02:30.802+0000] {logging_mixin.py:188} INFO - [2025-01-30T00:02:30.802+0000] {dag.py:3823} INFO - Setting next_dagrun for example_python_operator to None, run_after=None
[2025-01-30T00:02:30.847+0000] {processor.py:183} INFO - Processing /home/airflow/.local/lib/python3.8/site-packages/airflow/example_dags/example_python_operator.py took 0.210 seconds
[2025-01-30T00:03:01.573+0000] {processor.py:161} INFO - Started process (PID=3360) to work on /home/airflow/.local/lib/python3.8/site-packages/airflow/example_dags/example_python_operator.py
[2025-01-30T00:03:01.575+0000] {processor.py:830} INFO - Processing file /home/airflow/.local/lib/python3.8/site-packages/airflow/example_dags/example_python_operator.py for tasks to queue
[2025-01-30T00:03:01.583+0000] {logging_mixin.py:188} INFO - [2025-01-30T00:03:01.576+0000] {dagbag.py:538} INFO - Filling up the DagBag from /home/airflow/.local/lib/python3.8/site-packages/airflow/example_dags/example_python_operator.py
[2025-01-30T00:03:01.626+0000] {processor.py:840} INFO - DAG(s) 'example_python_operator' retrieved from /home/airflow/.local/lib/python3.8/site-packages/airflow/example_dags/example_python_operator.py
[2025-01-30T00:03:01.726+0000] {logging_mixin.py:188} INFO - [2025-01-30T00:03:01.726+0000] {dag.py:3036} INFO - Sync 1 DAGs
[2025-01-30T00:03:01.796+0000] {logging_mixin.py:188} INFO - [2025-01-30T00:03:01.796+0000] {dag.py:3823} INFO - Setting next_dagrun for example_python_operator to None, run_after=None
[2025-01-30T00:03:01.891+0000] {processor.py:183} INFO - Processing /home/airflow/.local/lib/python3.8/site-packages/airflow/example_dags/example_python_operator.py took 0.327 seconds
[2025-01-30T00:03:32.243+0000] {processor.py:161} INFO - Started process (PID=3414) to work on /home/airflow/.local/lib/python3.8/site-packages/airflow/example_dags/example_python_operator.py
[2025-01-30T00:03:32.246+0000] {processor.py:830} INFO - Processing file /home/airflow/.local/lib/python3.8/site-packages/airflow/example_dags/example_python_operator.py for tasks to queue
[2025-01-30T00:03:32.253+0000] {logging_mixin.py:188} INFO - [2025-01-30T00:03:32.248+0000] {dagbag.py:538} INFO - Filling up the DagBag from /home/airflow/.local/lib/python3.8/site-packages/airflow/example_dags/example_python_operator.py
[2025-01-30T00:03:32.291+0000] {processor.py:840} INFO - DAG(s) 'example_python_operator' retrieved from /home/airflow/.local/lib/python3.8/site-packages/airflow/example_dags/example_python_operator.py
[2025-01-30T00:03:32.355+0000] {logging_mixin.py:188} INFO - [2025-01-30T00:03:32.354+0000] {dag.py:3036} INFO - Sync 1 DAGs
[2025-01-30T00:03:32.411+0000] {logging_mixin.py:188} INFO - [2025-01-30T00:03:32.410+0000] {dag.py:3823} INFO - Setting next_dagrun for example_python_operator to None, run_after=None
[2025-01-30T00:03:32.464+0000] {processor.py:183} INFO - Processing /home/airflow/.local/lib/python3.8/site-packages/airflow/example_dags/example_python_operator.py took 0.229 seconds
[2025-01-30T00:04:02.580+0000] {processor.py:161} INFO - Started process (PID=3470) to work on /home/airflow/.local/lib/python3.8/site-packages/airflow/example_dags/example_python_operator.py
[2025-01-30T00:04:02.582+0000] {processor.py:830} INFO - Processing file /home/airflow/.local/lib/python3.8/site-packages/airflow/example_dags/example_python_operator.py for tasks to queue
[2025-01-30T00:04:02.584+0000] {logging_mixin.py:188} INFO - [2025-01-30T00:04:02.583+0000] {dagbag.py:538} INFO - Filling up the DagBag from /home/airflow/.local/lib/python3.8/site-packages/airflow/example_dags/example_python_operator.py
[2025-01-30T00:04:02.612+0000] {processor.py:840} INFO - DAG(s) 'example_python_operator' retrieved from /home/airflow/.local/lib/python3.8/site-packages/airflow/example_dags/example_python_operator.py
[2025-01-30T00:04:02.669+0000] {logging_mixin.py:188} INFO - [2025-01-30T00:04:02.668+0000] {dag.py:3036} INFO - Sync 1 DAGs
[2025-01-30T00:04:02.701+0000] {logging_mixin.py:188} INFO - [2025-01-30T00:04:02.701+0000] {dag.py:3823} INFO - Setting next_dagrun for example_python_operator to None, run_after=None
[2025-01-30T00:04:02.751+0000] {processor.py:183} INFO - Processing /home/airflow/.local/lib/python3.8/site-packages/airflow/example_dags/example_python_operator.py took 0.179 seconds
[2025-01-30T00:04:37.416+0000] {processor.py:161} INFO - Started process (PID=3525) to work on /home/airflow/.local/lib/python3.8/site-packages/airflow/example_dags/example_python_operator.py
[2025-01-30T00:04:37.418+0000] {processor.py:830} INFO - Processing file /home/airflow/.local/lib/python3.8/site-packages/airflow/example_dags/example_python_operator.py for tasks to queue
[2025-01-30T00:04:37.422+0000] {logging_mixin.py:188} INFO - [2025-01-30T00:04:37.421+0000] {dagbag.py:538} INFO - Filling up the DagBag from /home/airflow/.local/lib/python3.8/site-packages/airflow/example_dags/example_python_operator.py
[2025-01-30T00:04:37.456+0000] {processor.py:840} INFO - DAG(s) 'example_python_operator' retrieved from /home/airflow/.local/lib/python3.8/site-packages/airflow/example_dags/example_python_operator.py
[2025-01-30T00:04:37.512+0000] {logging_mixin.py:188} INFO - [2025-01-30T00:04:37.511+0000] {dag.py:3036} INFO - Sync 1 DAGs
[2025-01-30T00:04:37.547+0000] {logging_mixin.py:188} INFO - [2025-01-30T00:04:37.547+0000] {dag.py:3823} INFO - Setting next_dagrun for example_python_operator to None, run_after=None
[2025-01-30T00:04:37.600+0000] {processor.py:183} INFO - Processing /home/airflow/.local/lib/python3.8/site-packages/airflow/example_dags/example_python_operator.py took 0.190 seconds
[2025-01-30T00:05:11.527+0000] {processor.py:161} INFO - Started process (PID=3585) to work on /home/airflow/.local/lib/python3.8/site-packages/airflow/example_dags/example_python_operator.py
[2025-01-30T00:05:11.530+0000] {processor.py:830} INFO - Processing file /home/airflow/.local/lib/python3.8/site-packages/airflow/example_dags/example_python_operator.py for tasks to queue
[2025-01-30T00:05:11.534+0000] {logging_mixin.py:188} INFO - [2025-01-30T00:05:11.533+0000] {dagbag.py:538} INFO - Filling up the DagBag from /home/airflow/.local/lib/python3.8/site-packages/airflow/example_dags/example_python_operator.py
[2025-01-30T00:05:11.572+0000] {processor.py:840} INFO - DAG(s) 'example_python_operator' retrieved from /home/airflow/.local/lib/python3.8/site-packages/airflow/example_dags/example_python_operator.py
[2025-01-30T00:05:11.667+0000] {logging_mixin.py:188} INFO - [2025-01-30T00:05:11.666+0000] {dag.py:3036} INFO - Sync 1 DAGs
[2025-01-30T00:05:11.728+0000] {logging_mixin.py:188} INFO - [2025-01-30T00:05:11.727+0000] {dag.py:3823} INFO - Setting next_dagrun for example_python_operator to None, run_after=None
[2025-01-30T00:05:11.806+0000] {processor.py:183} INFO - Processing /home/airflow/.local/lib/python3.8/site-packages/airflow/example_dags/example_python_operator.py took 0.293 seconds
[2025-01-30T00:05:43.348+0000] {processor.py:161} INFO - Started process (PID=3642) to work on /home/airflow/.local/lib/python3.8/site-packages/airflow/example_dags/example_python_operator.py
[2025-01-30T00:05:43.351+0000] {processor.py:830} INFO - Processing file /home/airflow/.local/lib/python3.8/site-packages/airflow/example_dags/example_python_operator.py for tasks to queue
[2025-01-30T00:05:43.354+0000] {logging_mixin.py:188} INFO - [2025-01-30T00:05:43.353+0000] {dagbag.py:538} INFO - Filling up the DagBag from /home/airflow/.local/lib/python3.8/site-packages/airflow/example_dags/example_python_operator.py
[2025-01-30T00:05:43.395+0000] {processor.py:840} INFO - DAG(s) 'example_python_operator' retrieved from /home/airflow/.local/lib/python3.8/site-packages/airflow/example_dags/example_python_operator.py
[2025-01-30T00:05:43.649+0000] {logging_mixin.py:188} INFO - [2025-01-30T00:05:43.647+0000] {dag.py:3036} INFO - Sync 1 DAGs
[2025-01-30T00:05:43.741+0000] {logging_mixin.py:188} INFO - [2025-01-30T00:05:43.740+0000] {dag.py:3823} INFO - Setting next_dagrun for example_python_operator to None, run_after=None
[2025-01-30T00:05:43.859+0000] {processor.py:183} INFO - Processing /home/airflow/.local/lib/python3.8/site-packages/airflow/example_dags/example_python_operator.py took 0.520 seconds
[2025-01-30T00:06:14.563+0000] {processor.py:161} INFO - Started process (PID=3699) to work on /home/airflow/.local/lib/python3.8/site-packages/airflow/example_dags/example_python_operator.py
[2025-01-30T00:06:14.565+0000] {processor.py:830} INFO - Processing file /home/airflow/.local/lib/python3.8/site-packages/airflow/example_dags/example_python_operator.py for tasks to queue
[2025-01-30T00:06:14.566+0000] {logging_mixin.py:188} INFO - [2025-01-30T00:06:14.566+0000] {dagbag.py:538} INFO - Filling up the DagBag from /home/airflow/.local/lib/python3.8/site-packages/airflow/example_dags/example_python_operator.py
[2025-01-30T00:06:14.590+0000] {processor.py:840} INFO - DAG(s) 'example_python_operator' retrieved from /home/airflow/.local/lib/python3.8/site-packages/airflow/example_dags/example_python_operator.py
[2025-01-30T00:06:14.632+0000] {logging_mixin.py:188} INFO - [2025-01-30T00:06:14.632+0000] {dag.py:3036} INFO - Sync 1 DAGs
[2025-01-30T00:06:14.655+0000] {logging_mixin.py:188} INFO - [2025-01-30T00:06:14.655+0000] {dag.py:3823} INFO - Setting next_dagrun for example_python_operator to None, run_after=None
[2025-01-30T00:06:14.687+0000] {processor.py:183} INFO - Processing /home/airflow/.local/lib/python3.8/site-packages/airflow/example_dags/example_python_operator.py took 0.129 seconds
[2025-01-30T00:06:45.526+0000] {processor.py:161} INFO - Started process (PID=3755) to work on /home/airflow/.local/lib/python3.8/site-packages/airflow/example_dags/example_python_operator.py
[2025-01-30T00:06:45.530+0000] {processor.py:830} INFO - Processing file /home/airflow/.local/lib/python3.8/site-packages/airflow/example_dags/example_python_operator.py for tasks to queue
[2025-01-30T00:06:45.532+0000] {logging_mixin.py:188} INFO - [2025-01-30T00:06:45.531+0000] {dagbag.py:538} INFO - Filling up the DagBag from /home/airflow/.local/lib/python3.8/site-packages/airflow/example_dags/example_python_operator.py
[2025-01-30T00:06:45.556+0000] {processor.py:840} INFO - DAG(s) 'example_python_operator' retrieved from /home/airflow/.local/lib/python3.8/site-packages/airflow/example_dags/example_python_operator.py
[2025-01-30T00:06:45.605+0000] {logging_mixin.py:188} INFO - [2025-01-30T00:06:45.604+0000] {dag.py:3036} INFO - Sync 1 DAGs
[2025-01-30T00:06:45.643+0000] {logging_mixin.py:188} INFO - [2025-01-30T00:06:45.642+0000] {dag.py:3823} INFO - Setting next_dagrun for example_python_operator to None, run_after=None
[2025-01-30T00:06:45.683+0000] {processor.py:183} INFO - Processing /home/airflow/.local/lib/python3.8/site-packages/airflow/example_dags/example_python_operator.py took 0.162 seconds
[2025-01-30T00:07:16.783+0000] {processor.py:161} INFO - Started process (PID=3811) to work on /home/airflow/.local/lib/python3.8/site-packages/airflow/example_dags/example_python_operator.py
[2025-01-30T00:07:16.790+0000] {processor.py:830} INFO - Processing file /home/airflow/.local/lib/python3.8/site-packages/airflow/example_dags/example_python_operator.py for tasks to queue
[2025-01-30T00:07:16.795+0000] {logging_mixin.py:188} INFO - [2025-01-30T00:07:16.794+0000] {dagbag.py:538} INFO - Filling up the DagBag from /home/airflow/.local/lib/python3.8/site-packages/airflow/example_dags/example_python_operator.py
[2025-01-30T00:07:16.824+0000] {processor.py:840} INFO - DAG(s) 'example_python_operator' retrieved from /home/airflow/.local/lib/python3.8/site-packages/airflow/example_dags/example_python_operator.py
[2025-01-30T00:07:16.885+0000] {logging_mixin.py:188} INFO - [2025-01-30T00:07:16.884+0000] {dag.py:3036} INFO - Sync 1 DAGs
[2025-01-30T00:07:16.917+0000] {logging_mixin.py:188} INFO - [2025-01-30T00:07:16.916+0000] {dag.py:3823} INFO - Setting next_dagrun for example_python_operator to None, run_after=None
[2025-01-30T00:07:16.976+0000] {processor.py:183} INFO - Processing /home/airflow/.local/lib/python3.8/site-packages/airflow/example_dags/example_python_operator.py took 0.208 seconds
[2025-01-30T00:07:47.908+0000] {processor.py:161} INFO - Started process (PID=3867) to work on /home/airflow/.local/lib/python3.8/site-packages/airflow/example_dags/example_python_operator.py
[2025-01-30T00:07:47.918+0000] {processor.py:830} INFO - Processing file /home/airflow/.local/lib/python3.8/site-packages/airflow/example_dags/example_python_operator.py for tasks to queue
[2025-01-30T00:07:47.921+0000] {logging_mixin.py:188} INFO - [2025-01-30T00:07:47.920+0000] {dagbag.py:538} INFO - Filling up the DagBag from /home/airflow/.local/lib/python3.8/site-packages/airflow/example_dags/example_python_operator.py
[2025-01-30T00:07:47.957+0000] {processor.py:840} INFO - DAG(s) 'example_python_operator' retrieved from /home/airflow/.local/lib/python3.8/site-packages/airflow/example_dags/example_python_operator.py
[2025-01-30T00:07:48.037+0000] {logging_mixin.py:188} INFO - [2025-01-30T00:07:48.036+0000] {dag.py:3036} INFO - Sync 1 DAGs
[2025-01-30T00:07:48.078+0000] {logging_mixin.py:188} INFO - [2025-01-30T00:07:48.077+0000] {dag.py:3823} INFO - Setting next_dagrun for example_python_operator to None, run_after=None
[2025-01-30T00:07:48.140+0000] {processor.py:183} INFO - Processing /home/airflow/.local/lib/python3.8/site-packages/airflow/example_dags/example_python_operator.py took 0.239 seconds
[2025-01-30T00:08:19.647+0000] {processor.py:161} INFO - Started process (PID=3921) to work on /home/airflow/.local/lib/python3.8/site-packages/airflow/example_dags/example_python_operator.py
[2025-01-30T00:08:19.649+0000] {processor.py:830} INFO - Processing file /home/airflow/.local/lib/python3.8/site-packages/airflow/example_dags/example_python_operator.py for tasks to queue
[2025-01-30T00:08:19.652+0000] {logging_mixin.py:188} INFO - [2025-01-30T00:08:19.651+0000] {dagbag.py:538} INFO - Filling up the DagBag from /home/airflow/.local/lib/python3.8/site-packages/airflow/example_dags/example_python_operator.py
[2025-01-30T00:08:19.684+0000] {processor.py:840} INFO - DAG(s) 'example_python_operator' retrieved from /home/airflow/.local/lib/python3.8/site-packages/airflow/example_dags/example_python_operator.py
[2025-01-30T00:08:19.770+0000] {logging_mixin.py:188} INFO - [2025-01-30T00:08:19.767+0000] {dag.py:3036} INFO - Sync 1 DAGs
[2025-01-30T00:08:19.831+0000] {logging_mixin.py:188} INFO - [2025-01-30T00:08:19.831+0000] {dag.py:3823} INFO - Setting next_dagrun for example_python_operator to None, run_after=None
[2025-01-30T00:08:19.898+0000] {processor.py:183} INFO - Processing /home/airflow/.local/lib/python3.8/site-packages/airflow/example_dags/example_python_operator.py took 0.258 seconds
[2025-01-30T00:08:53.360+0000] {processor.py:161} INFO - Started process (PID=3977) to work on /home/airflow/.local/lib/python3.8/site-packages/airflow/example_dags/example_python_operator.py
[2025-01-30T00:08:53.364+0000] {processor.py:830} INFO - Processing file /home/airflow/.local/lib/python3.8/site-packages/airflow/example_dags/example_python_operator.py for tasks to queue
[2025-01-30T00:08:53.367+0000] {logging_mixin.py:188} INFO - [2025-01-30T00:08:53.366+0000] {dagbag.py:538} INFO - Filling up the DagBag from /home/airflow/.local/lib/python3.8/site-packages/airflow/example_dags/example_python_operator.py
[2025-01-30T00:08:53.400+0000] {processor.py:840} INFO - DAG(s) 'example_python_operator' retrieved from /home/airflow/.local/lib/python3.8/site-packages/airflow/example_dags/example_python_operator.py
[2025-01-30T00:08:53.468+0000] {logging_mixin.py:188} INFO - [2025-01-30T00:08:53.467+0000] {dag.py:3036} INFO - Sync 1 DAGs
[2025-01-30T00:08:53.516+0000] {logging_mixin.py:188} INFO - [2025-01-30T00:08:53.515+0000] {dag.py:3823} INFO - Setting next_dagrun for example_python_operator to None, run_after=None
[2025-01-30T00:08:53.593+0000] {processor.py:183} INFO - Processing /home/airflow/.local/lib/python3.8/site-packages/airflow/example_dags/example_python_operator.py took 0.242 seconds
[2025-01-30T00:09:34.327+0000] {processor.py:161} INFO - Started process (PID=4041) to work on /home/airflow/.local/lib/python3.8/site-packages/airflow/example_dags/example_python_operator.py
[2025-01-30T00:09:34.330+0000] {processor.py:830} INFO - Processing file /home/airflow/.local/lib/python3.8/site-packages/airflow/example_dags/example_python_operator.py for tasks to queue
[2025-01-30T00:09:34.336+0000] {logging_mixin.py:188} INFO - [2025-01-30T00:09:34.335+0000] {dagbag.py:538} INFO - Filling up the DagBag from /home/airflow/.local/lib/python3.8/site-packages/airflow/example_dags/example_python_operator.py
[2025-01-30T00:09:34.442+0000] {processor.py:840} INFO - DAG(s) 'example_python_operator' retrieved from /home/airflow/.local/lib/python3.8/site-packages/airflow/example_dags/example_python_operator.py
[2025-01-30T00:09:34.625+0000] {logging_mixin.py:188} INFO - [2025-01-30T00:09:34.624+0000] {dag.py:3036} INFO - Sync 1 DAGs
[2025-01-30T00:09:35.069+0000] {logging_mixin.py:188} INFO - [2025-01-30T00:09:35.068+0000] {dag.py:3823} INFO - Setting next_dagrun for example_python_operator to None, run_after=None
[2025-01-30T00:09:35.312+0000] {processor.py:183} INFO - Processing /home/airflow/.local/lib/python3.8/site-packages/airflow/example_dags/example_python_operator.py took 0.994 seconds
[2025-01-30T00:10:06.931+0000] {processor.py:161} INFO - Started process (PID=4097) to work on /home/airflow/.local/lib/python3.8/site-packages/airflow/example_dags/example_python_operator.py
[2025-01-30T00:10:07.177+0000] {processor.py:830} INFO - Processing file /home/airflow/.local/lib/python3.8/site-packages/airflow/example_dags/example_python_operator.py for tasks to queue
[2025-01-30T00:10:07.239+0000] {logging_mixin.py:188} INFO - [2025-01-30T00:10:07.238+0000] {dagbag.py:538} INFO - Filling up the DagBag from /home/airflow/.local/lib/python3.8/site-packages/airflow/example_dags/example_python_operator.py
[2025-01-30T00:10:07.538+0000] {processor.py:840} INFO - DAG(s) 'example_python_operator' retrieved from /home/airflow/.local/lib/python3.8/site-packages/airflow/example_dags/example_python_operator.py
[2025-01-30T00:10:07.787+0000] {logging_mixin.py:188} INFO - [2025-01-30T00:10:07.786+0000] {dag.py:3036} INFO - Sync 1 DAGs
[2025-01-30T00:10:07.900+0000] {logging_mixin.py:188} INFO - [2025-01-30T00:10:07.899+0000] {dag.py:3823} INFO - Setting next_dagrun for example_python_operator to None, run_after=None
[2025-01-30T00:10:08.062+0000] {processor.py:183} INFO - Processing /home/airflow/.local/lib/python3.8/site-packages/airflow/example_dags/example_python_operator.py took 1.158 seconds
[2025-01-30T00:10:38.862+0000] {processor.py:161} INFO - Started process (PID=4154) to work on /home/airflow/.local/lib/python3.8/site-packages/airflow/example_dags/example_python_operator.py
[2025-01-30T00:10:38.864+0000] {processor.py:830} INFO - Processing file /home/airflow/.local/lib/python3.8/site-packages/airflow/example_dags/example_python_operator.py for tasks to queue
[2025-01-30T00:10:38.865+0000] {logging_mixin.py:188} INFO - [2025-01-30T00:10:38.864+0000] {dagbag.py:538} INFO - Filling up the DagBag from /home/airflow/.local/lib/python3.8/site-packages/airflow/example_dags/example_python_operator.py
[2025-01-30T00:10:38.884+0000] {processor.py:840} INFO - DAG(s) 'example_python_operator' retrieved from /home/airflow/.local/lib/python3.8/site-packages/airflow/example_dags/example_python_operator.py
[2025-01-30T00:10:38.915+0000] {logging_mixin.py:188} INFO - [2025-01-30T00:10:38.915+0000] {dag.py:3036} INFO - Sync 1 DAGs
[2025-01-30T00:10:38.937+0000] {logging_mixin.py:188} INFO - [2025-01-30T00:10:38.937+0000] {dag.py:3823} INFO - Setting next_dagrun for example_python_operator to None, run_after=None
[2025-01-30T00:10:38.981+0000] {processor.py:183} INFO - Processing /home/airflow/.local/lib/python3.8/site-packages/airflow/example_dags/example_python_operator.py took 0.121 seconds
[2025-01-30T00:11:09.657+0000] {processor.py:161} INFO - Started process (PID=4211) to work on /home/airflow/.local/lib/python3.8/site-packages/airflow/example_dags/example_python_operator.py
[2025-01-30T00:11:09.659+0000] {processor.py:830} INFO - Processing file /home/airflow/.local/lib/python3.8/site-packages/airflow/example_dags/example_python_operator.py for tasks to queue
[2025-01-30T00:11:09.660+0000] {logging_mixin.py:188} INFO - [2025-01-30T00:11:09.660+0000] {dagbag.py:538} INFO - Filling up the DagBag from /home/airflow/.local/lib/python3.8/site-packages/airflow/example_dags/example_python_operator.py
[2025-01-30T00:11:09.696+0000] {processor.py:840} INFO - DAG(s) 'example_python_operator' retrieved from /home/airflow/.local/lib/python3.8/site-packages/airflow/example_dags/example_python_operator.py
[2025-01-30T00:11:09.738+0000] {logging_mixin.py:188} INFO - [2025-01-30T00:11:09.738+0000] {dag.py:3036} INFO - Sync 1 DAGs
[2025-01-30T00:11:09.757+0000] {logging_mixin.py:188} INFO - [2025-01-30T00:11:09.756+0000] {dag.py:3823} INFO - Setting next_dagrun for example_python_operator to None, run_after=None
[2025-01-30T00:11:09.809+0000] {processor.py:183} INFO - Processing /home/airflow/.local/lib/python3.8/site-packages/airflow/example_dags/example_python_operator.py took 0.157 seconds
[2025-01-30T00:11:40.712+0000] {processor.py:161} INFO - Started process (PID=4268) to work on /home/airflow/.local/lib/python3.8/site-packages/airflow/example_dags/example_python_operator.py
[2025-01-30T00:11:40.714+0000] {processor.py:830} INFO - Processing file /home/airflow/.local/lib/python3.8/site-packages/airflow/example_dags/example_python_operator.py for tasks to queue
[2025-01-30T00:11:40.716+0000] {logging_mixin.py:188} INFO - [2025-01-30T00:11:40.716+0000] {dagbag.py:538} INFO - Filling up the DagBag from /home/airflow/.local/lib/python3.8/site-packages/airflow/example_dags/example_python_operator.py
[2025-01-30T00:11:40.755+0000] {processor.py:840} INFO - DAG(s) 'example_python_operator' retrieved from /home/airflow/.local/lib/python3.8/site-packages/airflow/example_dags/example_python_operator.py
[2025-01-30T00:11:40.844+0000] {logging_mixin.py:188} INFO - [2025-01-30T00:11:40.843+0000] {dag.py:3036} INFO - Sync 1 DAGs
[2025-01-30T00:11:40.900+0000] {logging_mixin.py:188} INFO - [2025-01-30T00:11:40.900+0000] {dag.py:3823} INFO - Setting next_dagrun for example_python_operator to None, run_after=None
[2025-01-30T00:11:41.009+0000] {processor.py:183} INFO - Processing /home/airflow/.local/lib/python3.8/site-packages/airflow/example_dags/example_python_operator.py took 0.305 seconds
[2025-01-30T00:12:11.746+0000] {processor.py:161} INFO - Started process (PID=4324) to work on /home/airflow/.local/lib/python3.8/site-packages/airflow/example_dags/example_python_operator.py
[2025-01-30T00:12:11.838+0000] {processor.py:830} INFO - Processing file /home/airflow/.local/lib/python3.8/site-packages/airflow/example_dags/example_python_operator.py for tasks to queue
[2025-01-30T00:12:11.855+0000] {logging_mixin.py:188} INFO - [2025-01-30T00:12:11.853+0000] {dagbag.py:538} INFO - Filling up the DagBag from /home/airflow/.local/lib/python3.8/site-packages/airflow/example_dags/example_python_operator.py
[2025-01-30T00:12:12.001+0000] {processor.py:840} INFO - DAG(s) 'example_python_operator' retrieved from /home/airflow/.local/lib/python3.8/site-packages/airflow/example_dags/example_python_operator.py
[2025-01-30T00:12:12.237+0000] {logging_mixin.py:188} INFO - [2025-01-30T00:12:12.237+0000] {dag.py:3036} INFO - Sync 1 DAGs
[2025-01-30T00:12:12.447+0000] {logging_mixin.py:188} INFO - [2025-01-30T00:12:12.439+0000] {dag.py:3823} INFO - Setting next_dagrun for example_python_operator to None, run_after=None
[2025-01-30T00:12:12.542+0000] {processor.py:183} INFO - Processing /home/airflow/.local/lib/python3.8/site-packages/airflow/example_dags/example_python_operator.py took 0.819 seconds
[2025-01-30T00:12:43.505+0000] {processor.py:161} INFO - Started process (PID=4380) to work on /home/airflow/.local/lib/python3.8/site-packages/airflow/example_dags/example_python_operator.py
[2025-01-30T00:12:43.507+0000] {processor.py:830} INFO - Processing file /home/airflow/.local/lib/python3.8/site-packages/airflow/example_dags/example_python_operator.py for tasks to queue
[2025-01-30T00:12:43.511+0000] {logging_mixin.py:188} INFO - [2025-01-30T00:12:43.509+0000] {dagbag.py:538} INFO - Filling up the DagBag from /home/airflow/.local/lib/python3.8/site-packages/airflow/example_dags/example_python_operator.py
[2025-01-30T00:12:43.543+0000] {processor.py:840} INFO - DAG(s) 'example_python_operator' retrieved from /home/airflow/.local/lib/python3.8/site-packages/airflow/example_dags/example_python_operator.py
[2025-01-30T00:12:43.597+0000] {logging_mixin.py:188} INFO - [2025-01-30T00:12:43.596+0000] {dag.py:3036} INFO - Sync 1 DAGs
[2025-01-30T00:12:43.632+0000] {logging_mixin.py:188} INFO - [2025-01-30T00:12:43.631+0000] {dag.py:3823} INFO - Setting next_dagrun for example_python_operator to None, run_after=None
[2025-01-30T00:12:43.678+0000] {processor.py:183} INFO - Processing /home/airflow/.local/lib/python3.8/site-packages/airflow/example_dags/example_python_operator.py took 0.180 seconds
[2025-01-30T00:13:14.156+0000] {processor.py:161} INFO - Started process (PID=4436) to work on /home/airflow/.local/lib/python3.8/site-packages/airflow/example_dags/example_python_operator.py
[2025-01-30T00:13:14.158+0000] {processor.py:830} INFO - Processing file /home/airflow/.local/lib/python3.8/site-packages/airflow/example_dags/example_python_operator.py for tasks to queue
[2025-01-30T00:13:14.160+0000] {logging_mixin.py:188} INFO - [2025-01-30T00:13:14.160+0000] {dagbag.py:538} INFO - Filling up the DagBag from /home/airflow/.local/lib/python3.8/site-packages/airflow/example_dags/example_python_operator.py
[2025-01-30T00:13:14.178+0000] {processor.py:840} INFO - DAG(s) 'example_python_operator' retrieved from /home/airflow/.local/lib/python3.8/site-packages/airflow/example_dags/example_python_operator.py
[2025-01-30T00:13:14.224+0000] {logging_mixin.py:188} INFO - [2025-01-30T00:13:14.224+0000] {dag.py:3036} INFO - Sync 1 DAGs
[2025-01-30T00:13:14.252+0000] {logging_mixin.py:188} INFO - [2025-01-30T00:13:14.251+0000] {dag.py:3823} INFO - Setting next_dagrun for example_python_operator to None, run_after=None
[2025-01-30T00:13:14.334+0000] {processor.py:183} INFO - Processing /home/airflow/.local/lib/python3.8/site-packages/airflow/example_dags/example_python_operator.py took 0.184 seconds
[2025-01-30T00:13:44.899+0000] {processor.py:161} INFO - Started process (PID=4492) to work on /home/airflow/.local/lib/python3.8/site-packages/airflow/example_dags/example_python_operator.py
[2025-01-30T00:13:44.901+0000] {processor.py:830} INFO - Processing file /home/airflow/.local/lib/python3.8/site-packages/airflow/example_dags/example_python_operator.py for tasks to queue
[2025-01-30T00:13:44.905+0000] {logging_mixin.py:188} INFO - [2025-01-30T00:13:44.904+0000] {dagbag.py:538} INFO - Filling up the DagBag from /home/airflow/.local/lib/python3.8/site-packages/airflow/example_dags/example_python_operator.py
[2025-01-30T00:13:44.942+0000] {processor.py:840} INFO - DAG(s) 'example_python_operator' retrieved from /home/airflow/.local/lib/python3.8/site-packages/airflow/example_dags/example_python_operator.py
[2025-01-30T00:13:45.154+0000] {logging_mixin.py:188} INFO - [2025-01-30T00:13:45.154+0000] {dag.py:3036} INFO - Sync 1 DAGs
[2025-01-30T00:13:45.247+0000] {logging_mixin.py:188} INFO - [2025-01-30T00:13:45.246+0000] {dag.py:3823} INFO - Setting next_dagrun for example_python_operator to None, run_after=None
[2025-01-30T00:13:45.370+0000] {processor.py:183} INFO - Processing /home/airflow/.local/lib/python3.8/site-packages/airflow/example_dags/example_python_operator.py took 0.476 seconds
[2025-01-30T00:14:16.544+0000] {processor.py:161} INFO - Started process (PID=4548) to work on /home/airflow/.local/lib/python3.8/site-packages/airflow/example_dags/example_python_operator.py
[2025-01-30T00:14:16.547+0000] {processor.py:830} INFO - Processing file /home/airflow/.local/lib/python3.8/site-packages/airflow/example_dags/example_python_operator.py for tasks to queue
[2025-01-30T00:14:16.554+0000] {logging_mixin.py:188} INFO - [2025-01-30T00:14:16.550+0000] {dagbag.py:538} INFO - Filling up the DagBag from /home/airflow/.local/lib/python3.8/site-packages/airflow/example_dags/example_python_operator.py
[2025-01-30T00:14:16.614+0000] {processor.py:840} INFO - DAG(s) 'example_python_operator' retrieved from /home/airflow/.local/lib/python3.8/site-packages/airflow/example_dags/example_python_operator.py
[2025-01-30T00:14:16.705+0000] {logging_mixin.py:188} INFO - [2025-01-30T00:14:16.705+0000] {dag.py:3036} INFO - Sync 1 DAGs
[2025-01-30T00:14:16.784+0000] {logging_mixin.py:188} INFO - [2025-01-30T00:14:16.777+0000] {dag.py:3823} INFO - Setting next_dagrun for example_python_operator to None, run_after=None
[2025-01-30T00:14:16.904+0000] {processor.py:183} INFO - Processing /home/airflow/.local/lib/python3.8/site-packages/airflow/example_dags/example_python_operator.py took 0.368 seconds
[2025-01-30T00:14:49.445+0000] {processor.py:161} INFO - Started process (PID=4605) to work on /home/airflow/.local/lib/python3.8/site-packages/airflow/example_dags/example_python_operator.py
[2025-01-30T00:14:49.448+0000] {processor.py:830} INFO - Processing file /home/airflow/.local/lib/python3.8/site-packages/airflow/example_dags/example_python_operator.py for tasks to queue
[2025-01-30T00:14:49.451+0000] {logging_mixin.py:188} INFO - [2025-01-30T00:14:49.450+0000] {dagbag.py:538} INFO - Filling up the DagBag from /home/airflow/.local/lib/python3.8/site-packages/airflow/example_dags/example_python_operator.py
[2025-01-30T00:14:49.506+0000] {processor.py:840} INFO - DAG(s) 'example_python_operator' retrieved from /home/airflow/.local/lib/python3.8/site-packages/airflow/example_dags/example_python_operator.py
[2025-01-30T00:14:49.623+0000] {logging_mixin.py:188} INFO - [2025-01-30T00:14:49.622+0000] {dag.py:3036} INFO - Sync 1 DAGs
[2025-01-30T00:14:49.722+0000] {logging_mixin.py:188} INFO - [2025-01-30T00:14:49.721+0000] {dag.py:3823} INFO - Setting next_dagrun for example_python_operator to None, run_after=None
[2025-01-30T00:14:49.821+0000] {processor.py:183} INFO - Processing /home/airflow/.local/lib/python3.8/site-packages/airflow/example_dags/example_python_operator.py took 0.386 seconds
[2025-01-30T00:15:19.939+0000] {processor.py:161} INFO - Started process (PID=4660) to work on /home/airflow/.local/lib/python3.8/site-packages/airflow/example_dags/example_python_operator.py
[2025-01-30T00:15:19.941+0000] {processor.py:830} INFO - Processing file /home/airflow/.local/lib/python3.8/site-packages/airflow/example_dags/example_python_operator.py for tasks to queue
[2025-01-30T00:15:19.944+0000] {logging_mixin.py:188} INFO - [2025-01-30T00:15:19.943+0000] {dagbag.py:538} INFO - Filling up the DagBag from /home/airflow/.local/lib/python3.8/site-packages/airflow/example_dags/example_python_operator.py
[2025-01-30T00:15:19.977+0000] {processor.py:840} INFO - DAG(s) 'example_python_operator' retrieved from /home/airflow/.local/lib/python3.8/site-packages/airflow/example_dags/example_python_operator.py
[2025-01-30T00:15:20.025+0000] {logging_mixin.py:188} INFO - [2025-01-30T00:15:20.024+0000] {dag.py:3036} INFO - Sync 1 DAGs
[2025-01-30T00:15:20.065+0000] {logging_mixin.py:188} INFO - [2025-01-30T00:15:20.065+0000] {dag.py:3823} INFO - Setting next_dagrun for example_python_operator to None, run_after=None
[2025-01-30T00:15:20.138+0000] {processor.py:183} INFO - Processing /home/airflow/.local/lib/python3.8/site-packages/airflow/example_dags/example_python_operator.py took 0.201 seconds
[2025-01-30T00:15:51.415+0000] {processor.py:161} INFO - Started process (PID=4716) to work on /home/airflow/.local/lib/python3.8/site-packages/airflow/example_dags/example_python_operator.py
[2025-01-30T00:15:51.421+0000] {processor.py:830} INFO - Processing file /home/airflow/.local/lib/python3.8/site-packages/airflow/example_dags/example_python_operator.py for tasks to queue
[2025-01-30T00:15:51.424+0000] {logging_mixin.py:188} INFO - [2025-01-30T00:15:51.423+0000] {dagbag.py:538} INFO - Filling up the DagBag from /home/airflow/.local/lib/python3.8/site-packages/airflow/example_dags/example_python_operator.py
[2025-01-30T00:15:51.460+0000] {processor.py:840} INFO - DAG(s) 'example_python_operator' retrieved from /home/airflow/.local/lib/python3.8/site-packages/airflow/example_dags/example_python_operator.py
[2025-01-30T00:15:51.551+0000] {logging_mixin.py:188} INFO - [2025-01-30T00:15:51.551+0000] {dag.py:3036} INFO - Sync 1 DAGs
[2025-01-30T00:15:51.608+0000] {logging_mixin.py:188} INFO - [2025-01-30T00:15:51.607+0000] {dag.py:3823} INFO - Setting next_dagrun for example_python_operator to None, run_after=None
[2025-01-30T00:15:51.740+0000] {processor.py:183} INFO - Processing /home/airflow/.local/lib/python3.8/site-packages/airflow/example_dags/example_python_operator.py took 0.342 seconds
[2025-01-30T00:16:32.504+0000] {processor.py:161} INFO - Started process (PID=4781) to work on /home/airflow/.local/lib/python3.8/site-packages/airflow/example_dags/example_python_operator.py
[2025-01-30T00:16:32.506+0000] {processor.py:830} INFO - Processing file /home/airflow/.local/lib/python3.8/site-packages/airflow/example_dags/example_python_operator.py for tasks to queue
[2025-01-30T00:16:32.513+0000] {logging_mixin.py:188} INFO - [2025-01-30T00:16:32.512+0000] {dagbag.py:538} INFO - Filling up the DagBag from /home/airflow/.local/lib/python3.8/site-packages/airflow/example_dags/example_python_operator.py
[2025-01-30T00:16:32.553+0000] {processor.py:840} INFO - DAG(s) 'example_python_operator' retrieved from /home/airflow/.local/lib/python3.8/site-packages/airflow/example_dags/example_python_operator.py
[2025-01-30T00:16:32.610+0000] {logging_mixin.py:188} INFO - [2025-01-30T00:16:32.609+0000] {dag.py:3036} INFO - Sync 1 DAGs
[2025-01-30T00:16:32.642+0000] {logging_mixin.py:188} INFO - [2025-01-30T00:16:32.641+0000] {dag.py:3823} INFO - Setting next_dagrun for example_python_operator to None, run_after=None
[2025-01-30T00:16:32.689+0000] {processor.py:183} INFO - Processing /home/airflow/.local/lib/python3.8/site-packages/airflow/example_dags/example_python_operator.py took 0.192 seconds
[2025-01-30T00:17:03.007+0000] {processor.py:161} INFO - Started process (PID=4837) to work on /home/airflow/.local/lib/python3.8/site-packages/airflow/example_dags/example_python_operator.py
[2025-01-30T00:17:03.010+0000] {processor.py:830} INFO - Processing file /home/airflow/.local/lib/python3.8/site-packages/airflow/example_dags/example_python_operator.py for tasks to queue
[2025-01-30T00:17:03.012+0000] {logging_mixin.py:188} INFO - [2025-01-30T00:17:03.011+0000] {dagbag.py:538} INFO - Filling up the DagBag from /home/airflow/.local/lib/python3.8/site-packages/airflow/example_dags/example_python_operator.py
[2025-01-30T00:17:03.033+0000] {processor.py:840} INFO - DAG(s) 'example_python_operator' retrieved from /home/airflow/.local/lib/python3.8/site-packages/airflow/example_dags/example_python_operator.py
[2025-01-30T00:17:03.072+0000] {logging_mixin.py:188} INFO - [2025-01-30T00:17:03.071+0000] {dag.py:3036} INFO - Sync 1 DAGs
[2025-01-30T00:17:03.095+0000] {logging_mixin.py:188} INFO - [2025-01-30T00:17:03.095+0000] {dag.py:3823} INFO - Setting next_dagrun for example_python_operator to None, run_after=None
[2025-01-30T00:17:03.132+0000] {processor.py:183} INFO - Processing /home/airflow/.local/lib/python3.8/site-packages/airflow/example_dags/example_python_operator.py took 0.132 seconds
[2025-01-30T00:17:33.535+0000] {processor.py:161} INFO - Started process (PID=4892) to work on /home/airflow/.local/lib/python3.8/site-packages/airflow/example_dags/example_python_operator.py
[2025-01-30T00:17:33.537+0000] {processor.py:830} INFO - Processing file /home/airflow/.local/lib/python3.8/site-packages/airflow/example_dags/example_python_operator.py for tasks to queue
[2025-01-30T00:17:33.538+0000] {logging_mixin.py:188} INFO - [2025-01-30T00:17:33.538+0000] {dagbag.py:538} INFO - Filling up the DagBag from /home/airflow/.local/lib/python3.8/site-packages/airflow/example_dags/example_python_operator.py
[2025-01-30T00:17:33.555+0000] {processor.py:840} INFO - DAG(s) 'example_python_operator' retrieved from /home/airflow/.local/lib/python3.8/site-packages/airflow/example_dags/example_python_operator.py
[2025-01-30T00:17:33.590+0000] {logging_mixin.py:188} INFO - [2025-01-30T00:17:33.590+0000] {dag.py:3036} INFO - Sync 1 DAGs
[2025-01-30T00:17:33.612+0000] {logging_mixin.py:188} INFO - [2025-01-30T00:17:33.611+0000] {dag.py:3823} INFO - Setting next_dagrun for example_python_operator to None, run_after=None
[2025-01-30T00:17:33.647+0000] {processor.py:183} INFO - Processing /home/airflow/.local/lib/python3.8/site-packages/airflow/example_dags/example_python_operator.py took 0.118 seconds
[2025-01-30T00:18:08.293+0000] {processor.py:161} INFO - Started process (PID=4948) to work on /home/airflow/.local/lib/python3.8/site-packages/airflow/example_dags/example_python_operator.py
[2025-01-30T00:18:08.311+0000] {processor.py:830} INFO - Processing file /home/airflow/.local/lib/python3.8/site-packages/airflow/example_dags/example_python_operator.py for tasks to queue
[2025-01-30T00:18:08.355+0000] {logging_mixin.py:188} INFO - [2025-01-30T00:18:08.355+0000] {dagbag.py:538} INFO - Filling up the DagBag from /home/airflow/.local/lib/python3.8/site-packages/airflow/example_dags/example_python_operator.py
[2025-01-30T00:18:08.452+0000] {processor.py:840} INFO - DAG(s) 'example_python_operator' retrieved from /home/airflow/.local/lib/python3.8/site-packages/airflow/example_dags/example_python_operator.py
[2025-01-30T00:18:08.812+0000] {logging_mixin.py:188} INFO - [2025-01-30T00:18:08.812+0000] {dag.py:3036} INFO - Sync 1 DAGs
[2025-01-30T00:18:08.872+0000] {logging_mixin.py:188} INFO - [2025-01-30T00:18:08.871+0000] {dag.py:3823} INFO - Setting next_dagrun for example_python_operator to None, run_after=None
[2025-01-30T00:18:09.040+0000] {processor.py:183} INFO - Processing /home/airflow/.local/lib/python3.8/site-packages/airflow/example_dags/example_python_operator.py took 0.794 seconds
[2025-01-30T00:18:39.483+0000] {processor.py:161} INFO - Started process (PID=5009) to work on /home/airflow/.local/lib/python3.8/site-packages/airflow/example_dags/example_python_operator.py
[2025-01-30T00:18:39.485+0000] {processor.py:830} INFO - Processing file /home/airflow/.local/lib/python3.8/site-packages/airflow/example_dags/example_python_operator.py for tasks to queue
[2025-01-30T00:18:39.487+0000] {logging_mixin.py:188} INFO - [2025-01-30T00:18:39.486+0000] {dagbag.py:538} INFO - Filling up the DagBag from /home/airflow/.local/lib/python3.8/site-packages/airflow/example_dags/example_python_operator.py
[2025-01-30T00:18:39.510+0000] {processor.py:840} INFO - DAG(s) 'example_python_operator' retrieved from /home/airflow/.local/lib/python3.8/site-packages/airflow/example_dags/example_python_operator.py
[2025-01-30T00:18:39.559+0000] {logging_mixin.py:188} INFO - [2025-01-30T00:18:39.558+0000] {dag.py:3036} INFO - Sync 1 DAGs
[2025-01-30T00:18:39.587+0000] {logging_mixin.py:188} INFO - [2025-01-30T00:18:39.587+0000] {dag.py:3823} INFO - Setting next_dagrun for example_python_operator to None, run_after=None
[2025-01-30T00:18:39.635+0000] {processor.py:183} INFO - Processing /home/airflow/.local/lib/python3.8/site-packages/airflow/example_dags/example_python_operator.py took 0.158 seconds
[2025-01-30T00:19:09.944+0000] {processor.py:161} INFO - Started process (PID=5065) to work on /home/airflow/.local/lib/python3.8/site-packages/airflow/example_dags/example_python_operator.py
[2025-01-30T00:19:09.946+0000] {processor.py:830} INFO - Processing file /home/airflow/.local/lib/python3.8/site-packages/airflow/example_dags/example_python_operator.py for tasks to queue
[2025-01-30T00:19:09.949+0000] {logging_mixin.py:188} INFO - [2025-01-30T00:19:09.948+0000] {dagbag.py:538} INFO - Filling up the DagBag from /home/airflow/.local/lib/python3.8/site-packages/airflow/example_dags/example_python_operator.py
[2025-01-30T00:19:09.971+0000] {processor.py:840} INFO - DAG(s) 'example_python_operator' retrieved from /home/airflow/.local/lib/python3.8/site-packages/airflow/example_dags/example_python_operator.py
[2025-01-30T00:19:10.021+0000] {logging_mixin.py:188} INFO - [2025-01-30T00:19:10.021+0000] {dag.py:3036} INFO - Sync 1 DAGs
[2025-01-30T00:19:10.053+0000] {logging_mixin.py:188} INFO - [2025-01-30T00:19:10.052+0000] {dag.py:3823} INFO - Setting next_dagrun for example_python_operator to None, run_after=None
[2025-01-30T00:19:10.097+0000] {processor.py:183} INFO - Processing /home/airflow/.local/lib/python3.8/site-packages/airflow/example_dags/example_python_operator.py took 0.159 seconds
[2025-01-30T00:19:40.387+0000] {processor.py:161} INFO - Started process (PID=5121) to work on /home/airflow/.local/lib/python3.8/site-packages/airflow/example_dags/example_python_operator.py
[2025-01-30T00:19:40.389+0000] {processor.py:830} INFO - Processing file /home/airflow/.local/lib/python3.8/site-packages/airflow/example_dags/example_python_operator.py for tasks to queue
[2025-01-30T00:19:40.391+0000] {logging_mixin.py:188} INFO - [2025-01-30T00:19:40.391+0000] {dagbag.py:538} INFO - Filling up the DagBag from /home/airflow/.local/lib/python3.8/site-packages/airflow/example_dags/example_python_operator.py
[2025-01-30T00:19:40.411+0000] {processor.py:840} INFO - DAG(s) 'example_python_operator' retrieved from /home/airflow/.local/lib/python3.8/site-packages/airflow/example_dags/example_python_operator.py
[2025-01-30T00:19:40.457+0000] {logging_mixin.py:188} INFO - [2025-01-30T00:19:40.456+0000] {dag.py:3036} INFO - Sync 1 DAGs
[2025-01-30T00:19:40.487+0000] {logging_mixin.py:188} INFO - [2025-01-30T00:19:40.487+0000] {dag.py:3823} INFO - Setting next_dagrun for example_python_operator to None, run_after=None
[2025-01-30T00:19:40.527+0000] {processor.py:183} INFO - Processing /home/airflow/.local/lib/python3.8/site-packages/airflow/example_dags/example_python_operator.py took 0.147 seconds
[2025-01-30T00:20:11.729+0000] {processor.py:161} INFO - Started process (PID=5176) to work on /home/airflow/.local/lib/python3.8/site-packages/airflow/example_dags/example_python_operator.py
[2025-01-30T00:20:11.731+0000] {processor.py:830} INFO - Processing file /home/airflow/.local/lib/python3.8/site-packages/airflow/example_dags/example_python_operator.py for tasks to queue
[2025-01-30T00:20:11.734+0000] {logging_mixin.py:188} INFO - [2025-01-30T00:20:11.733+0000] {dagbag.py:538} INFO - Filling up the DagBag from /home/airflow/.local/lib/python3.8/site-packages/airflow/example_dags/example_python_operator.py
[2025-01-30T00:20:11.831+0000] {processor.py:840} INFO - DAG(s) 'example_python_operator' retrieved from /home/airflow/.local/lib/python3.8/site-packages/airflow/example_dags/example_python_operator.py
[2025-01-30T00:20:11.892+0000] {logging_mixin.py:188} INFO - [2025-01-30T00:20:11.891+0000] {dag.py:3036} INFO - Sync 1 DAGs
[2025-01-30T00:20:11.931+0000] {logging_mixin.py:188} INFO - [2025-01-30T00:20:11.931+0000] {dag.py:3823} INFO - Setting next_dagrun for example_python_operator to None, run_after=None
[2025-01-30T00:20:11.980+0000] {processor.py:183} INFO - Processing /home/airflow/.local/lib/python3.8/site-packages/airflow/example_dags/example_python_operator.py took 0.263 seconds
[2025-01-30T00:20:42.406+0000] {processor.py:161} INFO - Started process (PID=5232) to work on /home/airflow/.local/lib/python3.8/site-packages/airflow/example_dags/example_python_operator.py
[2025-01-30T00:20:42.408+0000] {processor.py:830} INFO - Processing file /home/airflow/.local/lib/python3.8/site-packages/airflow/example_dags/example_python_operator.py for tasks to queue
[2025-01-30T00:20:42.410+0000] {logging_mixin.py:188} INFO - [2025-01-30T00:20:42.409+0000] {dagbag.py:538} INFO - Filling up the DagBag from /home/airflow/.local/lib/python3.8/site-packages/airflow/example_dags/example_python_operator.py
[2025-01-30T00:20:42.430+0000] {processor.py:840} INFO - DAG(s) 'example_python_operator' retrieved from /home/airflow/.local/lib/python3.8/site-packages/airflow/example_dags/example_python_operator.py
[2025-01-30T00:20:42.488+0000] {logging_mixin.py:188} INFO - [2025-01-30T00:20:42.488+0000] {dag.py:3036} INFO - Sync 1 DAGs
[2025-01-30T00:20:42.512+0000] {logging_mixin.py:188} INFO - [2025-01-30T00:20:42.512+0000] {dag.py:3823} INFO - Setting next_dagrun for example_python_operator to None, run_after=None
[2025-01-30T00:20:42.552+0000] {processor.py:183} INFO - Processing /home/airflow/.local/lib/python3.8/site-packages/airflow/example_dags/example_python_operator.py took 0.153 seconds
[2025-01-30T00:21:15.473+0000] {processor.py:161} INFO - Started process (PID=5289) to work on /home/airflow/.local/lib/python3.8/site-packages/airflow/example_dags/example_python_operator.py
[2025-01-30T00:21:15.488+0000] {processor.py:830} INFO - Processing file /home/airflow/.local/lib/python3.8/site-packages/airflow/example_dags/example_python_operator.py for tasks to queue
[2025-01-30T00:21:15.491+0000] {logging_mixin.py:188} INFO - [2025-01-30T00:21:15.490+0000] {dagbag.py:538} INFO - Filling up the DagBag from /home/airflow/.local/lib/python3.8/site-packages/airflow/example_dags/example_python_operator.py
[2025-01-30T00:21:15.542+0000] {processor.py:840} INFO - DAG(s) 'example_python_operator' retrieved from /home/airflow/.local/lib/python3.8/site-packages/airflow/example_dags/example_python_operator.py
[2025-01-30T00:21:15.629+0000] {logging_mixin.py:188} INFO - [2025-01-30T00:21:15.628+0000] {dag.py:3036} INFO - Sync 1 DAGs
[2025-01-30T00:21:15.803+0000] {logging_mixin.py:188} INFO - [2025-01-30T00:21:15.802+0000] {dag.py:3823} INFO - Setting next_dagrun for example_python_operator to None, run_after=None
[2025-01-30T00:21:15.981+0000] {processor.py:183} INFO - Processing /home/airflow/.local/lib/python3.8/site-packages/airflow/example_dags/example_python_operator.py took 0.529 seconds
[2025-01-30T00:21:50.287+0000] {processor.py:161} INFO - Started process (PID=5345) to work on /home/airflow/.local/lib/python3.8/site-packages/airflow/example_dags/example_python_operator.py
[2025-01-30T00:21:50.296+0000] {processor.py:830} INFO - Processing file /home/airflow/.local/lib/python3.8/site-packages/airflow/example_dags/example_python_operator.py for tasks to queue
[2025-01-30T00:21:50.312+0000] {logging_mixin.py:188} INFO - [2025-01-30T00:21:50.310+0000] {dagbag.py:538} INFO - Filling up the DagBag from /home/airflow/.local/lib/python3.8/site-packages/airflow/example_dags/example_python_operator.py
[2025-01-30T00:21:50.393+0000] {processor.py:840} INFO - DAG(s) 'example_python_operator' retrieved from /home/airflow/.local/lib/python3.8/site-packages/airflow/example_dags/example_python_operator.py
[2025-01-30T00:21:50.537+0000] {logging_mixin.py:188} INFO - [2025-01-30T00:21:50.537+0000] {dag.py:3036} INFO - Sync 1 DAGs
[2025-01-30T00:21:50.655+0000] {logging_mixin.py:188} INFO - [2025-01-30T00:21:50.654+0000] {dag.py:3823} INFO - Setting next_dagrun for example_python_operator to None, run_after=None
[2025-01-30T00:21:50.812+0000] {processor.py:183} INFO - Processing /home/airflow/.local/lib/python3.8/site-packages/airflow/example_dags/example_python_operator.py took 0.544 seconds
[2025-01-30T00:22:21.447+0000] {processor.py:161} INFO - Started process (PID=5401) to work on /home/airflow/.local/lib/python3.8/site-packages/airflow/example_dags/example_python_operator.py
[2025-01-30T00:22:21.457+0000] {processor.py:830} INFO - Processing file /home/airflow/.local/lib/python3.8/site-packages/airflow/example_dags/example_python_operator.py for tasks to queue
[2025-01-30T00:22:21.460+0000] {logging_mixin.py:188} INFO - [2025-01-30T00:22:21.459+0000] {dagbag.py:538} INFO - Filling up the DagBag from /home/airflow/.local/lib/python3.8/site-packages/airflow/example_dags/example_python_operator.py
[2025-01-30T00:22:21.535+0000] {processor.py:840} INFO - DAG(s) 'example_python_operator' retrieved from /home/airflow/.local/lib/python3.8/site-packages/airflow/example_dags/example_python_operator.py
[2025-01-30T00:22:21.624+0000] {logging_mixin.py:188} INFO - [2025-01-30T00:22:21.624+0000] {dag.py:3036} INFO - Sync 1 DAGs
[2025-01-30T00:22:21.667+0000] {logging_mixin.py:188} INFO - [2025-01-30T00:22:21.667+0000] {dag.py:3823} INFO - Setting next_dagrun for example_python_operator to None, run_after=None
[2025-01-30T00:22:21.739+0000] {processor.py:183} INFO - Processing /home/airflow/.local/lib/python3.8/site-packages/airflow/example_dags/example_python_operator.py took 0.356 seconds
[2025-01-30T00:22:53.897+0000] {processor.py:161} INFO - Started process (PID=5457) to work on /home/airflow/.local/lib/python3.8/site-packages/airflow/example_dags/example_python_operator.py
[2025-01-30T00:22:53.919+0000] {processor.py:830} INFO - Processing file /home/airflow/.local/lib/python3.8/site-packages/airflow/example_dags/example_python_operator.py for tasks to queue
[2025-01-30T00:22:53.929+0000] {logging_mixin.py:188} INFO - [2025-01-30T00:22:53.928+0000] {dagbag.py:538} INFO - Filling up the DagBag from /home/airflow/.local/lib/python3.8/site-packages/airflow/example_dags/example_python_operator.py
[2025-01-30T00:22:54.120+0000] {processor.py:840} INFO - DAG(s) 'example_python_operator' retrieved from /home/airflow/.local/lib/python3.8/site-packages/airflow/example_dags/example_python_operator.py
[2025-01-30T00:22:54.286+0000] {logging_mixin.py:188} INFO - [2025-01-30T00:22:54.285+0000] {dag.py:3036} INFO - Sync 1 DAGs
[2025-01-30T00:22:54.362+0000] {logging_mixin.py:188} INFO - [2025-01-30T00:22:54.361+0000] {dag.py:3823} INFO - Setting next_dagrun for example_python_operator to None, run_after=None
[2025-01-30T00:22:54.640+0000] {processor.py:183} INFO - Processing /home/airflow/.local/lib/python3.8/site-packages/airflow/example_dags/example_python_operator.py took 0.808 seconds
[2025-01-30T00:23:25.242+0000] {processor.py:161} INFO - Started process (PID=5512) to work on /home/airflow/.local/lib/python3.8/site-packages/airflow/example_dags/example_python_operator.py
[2025-01-30T00:23:25.245+0000] {processor.py:830} INFO - Processing file /home/airflow/.local/lib/python3.8/site-packages/airflow/example_dags/example_python_operator.py for tasks to queue
[2025-01-30T00:23:25.256+0000] {logging_mixin.py:188} INFO - [2025-01-30T00:23:25.247+0000] {dagbag.py:538} INFO - Filling up the DagBag from /home/airflow/.local/lib/python3.8/site-packages/airflow/example_dags/example_python_operator.py
[2025-01-30T00:23:25.321+0000] {processor.py:840} INFO - DAG(s) 'example_python_operator' retrieved from /home/airflow/.local/lib/python3.8/site-packages/airflow/example_dags/example_python_operator.py
[2025-01-30T00:23:25.408+0000] {logging_mixin.py:188} INFO - [2025-01-30T00:23:25.407+0000] {dag.py:3036} INFO - Sync 1 DAGs
[2025-01-30T00:23:25.465+0000] {logging_mixin.py:188} INFO - [2025-01-30T00:23:25.465+0000] {dag.py:3823} INFO - Setting next_dagrun for example_python_operator to None, run_after=None
[2025-01-30T00:23:25.537+0000] {processor.py:183} INFO - Processing /home/airflow/.local/lib/python3.8/site-packages/airflow/example_dags/example_python_operator.py took 0.313 seconds
[2025-01-30T00:23:55.812+0000] {processor.py:161} INFO - Started process (PID=5567) to work on /home/airflow/.local/lib/python3.8/site-packages/airflow/example_dags/example_python_operator.py
[2025-01-30T00:23:55.815+0000] {processor.py:830} INFO - Processing file /home/airflow/.local/lib/python3.8/site-packages/airflow/example_dags/example_python_operator.py for tasks to queue
[2025-01-30T00:23:55.818+0000] {logging_mixin.py:188} INFO - [2025-01-30T00:23:55.817+0000] {dagbag.py:538} INFO - Filling up the DagBag from /home/airflow/.local/lib/python3.8/site-packages/airflow/example_dags/example_python_operator.py
[2025-01-30T00:23:55.844+0000] {processor.py:840} INFO - DAG(s) 'example_python_operator' retrieved from /home/airflow/.local/lib/python3.8/site-packages/airflow/example_dags/example_python_operator.py
[2025-01-30T00:23:55.896+0000] {logging_mixin.py:188} INFO - [2025-01-30T00:23:55.896+0000] {dag.py:3036} INFO - Sync 1 DAGs
[2025-01-30T00:23:55.938+0000] {logging_mixin.py:188} INFO - [2025-01-30T00:23:55.937+0000] {dag.py:3823} INFO - Setting next_dagrun for example_python_operator to None, run_after=None
[2025-01-30T00:23:55.998+0000] {processor.py:183} INFO - Processing /home/airflow/.local/lib/python3.8/site-packages/airflow/example_dags/example_python_operator.py took 0.192 seconds
[2025-01-30T00:24:26.577+0000] {processor.py:161} INFO - Started process (PID=5623) to work on /home/airflow/.local/lib/python3.8/site-packages/airflow/example_dags/example_python_operator.py
[2025-01-30T00:24:26.580+0000] {processor.py:830} INFO - Processing file /home/airflow/.local/lib/python3.8/site-packages/airflow/example_dags/example_python_operator.py for tasks to queue
[2025-01-30T00:24:26.586+0000] {logging_mixin.py:188} INFO - [2025-01-30T00:24:26.585+0000] {dagbag.py:538} INFO - Filling up the DagBag from /home/airflow/.local/lib/python3.8/site-packages/airflow/example_dags/example_python_operator.py
[2025-01-30T00:24:26.655+0000] {processor.py:840} INFO - DAG(s) 'example_python_operator' retrieved from /home/airflow/.local/lib/python3.8/site-packages/airflow/example_dags/example_python_operator.py
[2025-01-30T00:24:26.849+0000] {logging_mixin.py:188} INFO - [2025-01-30T00:24:26.848+0000] {dag.py:3036} INFO - Sync 1 DAGs
[2025-01-30T00:24:26.957+0000] {logging_mixin.py:188} INFO - [2025-01-30T00:24:26.956+0000] {dag.py:3823} INFO - Setting next_dagrun for example_python_operator to None, run_after=None
[2025-01-30T00:24:27.118+0000] {processor.py:183} INFO - Processing /home/airflow/.local/lib/python3.8/site-packages/airflow/example_dags/example_python_operator.py took 0.558 seconds
[2025-01-30T00:24:57.278+0000] {processor.py:161} INFO - Started process (PID=5679) to work on /home/airflow/.local/lib/python3.8/site-packages/airflow/example_dags/example_python_operator.py
[2025-01-30T00:24:57.280+0000] {processor.py:830} INFO - Processing file /home/airflow/.local/lib/python3.8/site-packages/airflow/example_dags/example_python_operator.py for tasks to queue
[2025-01-30T00:24:57.281+0000] {logging_mixin.py:188} INFO - [2025-01-30T00:24:57.281+0000] {dagbag.py:538} INFO - Filling up the DagBag from /home/airflow/.local/lib/python3.8/site-packages/airflow/example_dags/example_python_operator.py
[2025-01-30T00:24:57.300+0000] {processor.py:840} INFO - DAG(s) 'example_python_operator' retrieved from /home/airflow/.local/lib/python3.8/site-packages/airflow/example_dags/example_python_operator.py
[2025-01-30T00:24:57.338+0000] {logging_mixin.py:188} INFO - [2025-01-30T00:24:57.338+0000] {dag.py:3036} INFO - Sync 1 DAGs
[2025-01-30T00:24:57.360+0000] {logging_mixin.py:188} INFO - [2025-01-30T00:24:57.359+0000] {dag.py:3823} INFO - Setting next_dagrun for example_python_operator to None, run_after=None
[2025-01-30T00:24:57.394+0000] {processor.py:183} INFO - Processing /home/airflow/.local/lib/python3.8/site-packages/airflow/example_dags/example_python_operator.py took 0.122 seconds
[2025-01-30T00:25:27.915+0000] {processor.py:161} INFO - Started process (PID=5735) to work on /home/airflow/.local/lib/python3.8/site-packages/airflow/example_dags/example_python_operator.py
[2025-01-30T00:25:27.920+0000] {processor.py:830} INFO - Processing file /home/airflow/.local/lib/python3.8/site-packages/airflow/example_dags/example_python_operator.py for tasks to queue
[2025-01-30T00:25:27.926+0000] {logging_mixin.py:188} INFO - [2025-01-30T00:25:27.925+0000] {dagbag.py:538} INFO - Filling up the DagBag from /home/airflow/.local/lib/python3.8/site-packages/airflow/example_dags/example_python_operator.py
[2025-01-30T00:25:27.948+0000] {processor.py:840} INFO - DAG(s) 'example_python_operator' retrieved from /home/airflow/.local/lib/python3.8/site-packages/airflow/example_dags/example_python_operator.py
[2025-01-30T00:25:27.998+0000] {logging_mixin.py:188} INFO - [2025-01-30T00:25:27.997+0000] {dag.py:3036} INFO - Sync 1 DAGs
[2025-01-30T00:25:28.028+0000] {logging_mixin.py:188} INFO - [2025-01-30T00:25:28.028+0000] {dag.py:3823} INFO - Setting next_dagrun for example_python_operator to None, run_after=None
[2025-01-30T00:25:28.076+0000] {processor.py:183} INFO - Processing /home/airflow/.local/lib/python3.8/site-packages/airflow/example_dags/example_python_operator.py took 0.168 seconds
[2025-01-30T00:25:58.701+0000] {processor.py:161} INFO - Started process (PID=5791) to work on /home/airflow/.local/lib/python3.8/site-packages/airflow/example_dags/example_python_operator.py
[2025-01-30T00:25:58.703+0000] {processor.py:830} INFO - Processing file /home/airflow/.local/lib/python3.8/site-packages/airflow/example_dags/example_python_operator.py for tasks to queue
[2025-01-30T00:25:58.705+0000] {logging_mixin.py:188} INFO - [2025-01-30T00:25:58.704+0000] {dagbag.py:538} INFO - Filling up the DagBag from /home/airflow/.local/lib/python3.8/site-packages/airflow/example_dags/example_python_operator.py
[2025-01-30T00:25:58.738+0000] {processor.py:840} INFO - DAG(s) 'example_python_operator' retrieved from /home/airflow/.local/lib/python3.8/site-packages/airflow/example_dags/example_python_operator.py
[2025-01-30T00:25:58.790+0000] {logging_mixin.py:188} INFO - [2025-01-30T00:25:58.790+0000] {dag.py:3036} INFO - Sync 1 DAGs
[2025-01-30T00:25:58.826+0000] {logging_mixin.py:188} INFO - [2025-01-30T00:25:58.825+0000] {dag.py:3823} INFO - Setting next_dagrun for example_python_operator to None, run_after=None
[2025-01-30T00:25:58.879+0000] {processor.py:183} INFO - Processing /home/airflow/.local/lib/python3.8/site-packages/airflow/example_dags/example_python_operator.py took 0.187 seconds
[2025-01-30T00:26:29.738+0000] {processor.py:161} INFO - Started process (PID=5847) to work on /home/airflow/.local/lib/python3.8/site-packages/airflow/example_dags/example_python_operator.py
[2025-01-30T00:26:29.751+0000] {processor.py:830} INFO - Processing file /home/airflow/.local/lib/python3.8/site-packages/airflow/example_dags/example_python_operator.py for tasks to queue
[2025-01-30T00:26:29.754+0000] {logging_mixin.py:188} INFO - [2025-01-30T00:26:29.753+0000] {dagbag.py:538} INFO - Filling up the DagBag from /home/airflow/.local/lib/python3.8/site-packages/airflow/example_dags/example_python_operator.py
[2025-01-30T00:26:29.838+0000] {processor.py:840} INFO - DAG(s) 'example_python_operator' retrieved from /home/airflow/.local/lib/python3.8/site-packages/airflow/example_dags/example_python_operator.py
[2025-01-30T00:26:29.974+0000] {logging_mixin.py:188} INFO - [2025-01-30T00:26:29.973+0000] {dag.py:3036} INFO - Sync 1 DAGs
[2025-01-30T00:26:30.044+0000] {logging_mixin.py:188} INFO - [2025-01-30T00:26:30.043+0000] {dag.py:3823} INFO - Setting next_dagrun for example_python_operator to None, run_after=None
[2025-01-30T00:26:30.140+0000] {processor.py:183} INFO - Processing /home/airflow/.local/lib/python3.8/site-packages/airflow/example_dags/example_python_operator.py took 0.420 seconds
[2025-01-30T00:27:00.808+0000] {processor.py:161} INFO - Started process (PID=5902) to work on /home/airflow/.local/lib/python3.8/site-packages/airflow/example_dags/example_python_operator.py
[2025-01-30T00:27:00.810+0000] {processor.py:830} INFO - Processing file /home/airflow/.local/lib/python3.8/site-packages/airflow/example_dags/example_python_operator.py for tasks to queue
[2025-01-30T00:27:00.812+0000] {logging_mixin.py:188} INFO - [2025-01-30T00:27:00.812+0000] {dagbag.py:538} INFO - Filling up the DagBag from /home/airflow/.local/lib/python3.8/site-packages/airflow/example_dags/example_python_operator.py
[2025-01-30T00:27:00.831+0000] {processor.py:840} INFO - DAG(s) 'example_python_operator' retrieved from /home/airflow/.local/lib/python3.8/site-packages/airflow/example_dags/example_python_operator.py
[2025-01-30T00:27:00.869+0000] {logging_mixin.py:188} INFO - [2025-01-30T00:27:00.868+0000] {dag.py:3036} INFO - Sync 1 DAGs
[2025-01-30T00:27:00.889+0000] {logging_mixin.py:188} INFO - [2025-01-30T00:27:00.888+0000] {dag.py:3823} INFO - Setting next_dagrun for example_python_operator to None, run_after=None
[2025-01-30T00:27:00.920+0000] {processor.py:183} INFO - Processing /home/airflow/.local/lib/python3.8/site-packages/airflow/example_dags/example_python_operator.py took 0.117 seconds
[2025-01-30T00:27:31.936+0000] {processor.py:161} INFO - Started process (PID=5958) to work on /home/airflow/.local/lib/python3.8/site-packages/airflow/example_dags/example_python_operator.py
[2025-01-30T00:27:31.938+0000] {processor.py:830} INFO - Processing file /home/airflow/.local/lib/python3.8/site-packages/airflow/example_dags/example_python_operator.py for tasks to queue
[2025-01-30T00:27:31.939+0000] {logging_mixin.py:188} INFO - [2025-01-30T00:27:31.939+0000] {dagbag.py:538} INFO - Filling up the DagBag from /home/airflow/.local/lib/python3.8/site-packages/airflow/example_dags/example_python_operator.py
[2025-01-30T00:27:31.952+0000] {processor.py:840} INFO - DAG(s) 'example_python_operator' retrieved from /home/airflow/.local/lib/python3.8/site-packages/airflow/example_dags/example_python_operator.py
[2025-01-30T00:27:32.013+0000] {logging_mixin.py:188} INFO - [2025-01-30T00:27:32.013+0000] {dag.py:3036} INFO - Sync 1 DAGs
[2025-01-30T00:27:32.066+0000] {logging_mixin.py:188} INFO - [2025-01-30T00:27:32.065+0000] {dag.py:3823} INFO - Setting next_dagrun for example_python_operator to None, run_after=None
[2025-01-30T00:27:32.168+0000] {processor.py:183} INFO - Processing /home/airflow/.local/lib/python3.8/site-packages/airflow/example_dags/example_python_operator.py took 0.235 seconds
[2025-01-30T00:28:02.467+0000] {processor.py:161} INFO - Started process (PID=6014) to work on /home/airflow/.local/lib/python3.8/site-packages/airflow/example_dags/example_python_operator.py
[2025-01-30T00:28:02.470+0000] {processor.py:830} INFO - Processing file /home/airflow/.local/lib/python3.8/site-packages/airflow/example_dags/example_python_operator.py for tasks to queue
[2025-01-30T00:28:02.473+0000] {logging_mixin.py:188} INFO - [2025-01-30T00:28:02.472+0000] {dagbag.py:538} INFO - Filling up the DagBag from /home/airflow/.local/lib/python3.8/site-packages/airflow/example_dags/example_python_operator.py
[2025-01-30T00:28:02.513+0000] {processor.py:840} INFO - DAG(s) 'example_python_operator' retrieved from /home/airflow/.local/lib/python3.8/site-packages/airflow/example_dags/example_python_operator.py
[2025-01-30T00:28:02.573+0000] {logging_mixin.py:188} INFO - [2025-01-30T00:28:02.572+0000] {dag.py:3036} INFO - Sync 1 DAGs
[2025-01-30T00:28:02.604+0000] {logging_mixin.py:188} INFO - [2025-01-30T00:28:02.604+0000] {dag.py:3823} INFO - Setting next_dagrun for example_python_operator to None, run_after=None
[2025-01-30T00:28:02.651+0000] {processor.py:183} INFO - Processing /home/airflow/.local/lib/python3.8/site-packages/airflow/example_dags/example_python_operator.py took 0.197 seconds
[2025-01-30T00:28:33.301+0000] {processor.py:161} INFO - Started process (PID=6069) to work on /home/airflow/.local/lib/python3.8/site-packages/airflow/example_dags/example_python_operator.py
[2025-01-30T00:28:33.303+0000] {processor.py:830} INFO - Processing file /home/airflow/.local/lib/python3.8/site-packages/airflow/example_dags/example_python_operator.py for tasks to queue
[2025-01-30T00:28:33.305+0000] {logging_mixin.py:188} INFO - [2025-01-30T00:28:33.304+0000] {dagbag.py:538} INFO - Filling up the DagBag from /home/airflow/.local/lib/python3.8/site-packages/airflow/example_dags/example_python_operator.py
[2025-01-30T00:28:33.330+0000] {processor.py:840} INFO - DAG(s) 'example_python_operator' retrieved from /home/airflow/.local/lib/python3.8/site-packages/airflow/example_dags/example_python_operator.py
[2025-01-30T00:28:33.381+0000] {logging_mixin.py:188} INFO - [2025-01-30T00:28:33.380+0000] {dag.py:3036} INFO - Sync 1 DAGs
[2025-01-30T00:28:33.414+0000] {logging_mixin.py:188} INFO - [2025-01-30T00:28:33.414+0000] {dag.py:3823} INFO - Setting next_dagrun for example_python_operator to None, run_after=None
[2025-01-30T00:28:33.464+0000] {processor.py:183} INFO - Processing /home/airflow/.local/lib/python3.8/site-packages/airflow/example_dags/example_python_operator.py took 0.167 seconds
[2025-01-30T00:29:04.010+0000] {processor.py:161} INFO - Started process (PID=6124) to work on /home/airflow/.local/lib/python3.8/site-packages/airflow/example_dags/example_python_operator.py
[2025-01-30T00:29:04.013+0000] {processor.py:830} INFO - Processing file /home/airflow/.local/lib/python3.8/site-packages/airflow/example_dags/example_python_operator.py for tasks to queue
[2025-01-30T00:29:04.021+0000] {logging_mixin.py:188} INFO - [2025-01-30T00:29:04.020+0000] {dagbag.py:538} INFO - Filling up the DagBag from /home/airflow/.local/lib/python3.8/site-packages/airflow/example_dags/example_python_operator.py
[2025-01-30T00:29:04.107+0000] {processor.py:840} INFO - DAG(s) 'example_python_operator' retrieved from /home/airflow/.local/lib/python3.8/site-packages/airflow/example_dags/example_python_operator.py
[2025-01-30T00:29:04.213+0000] {logging_mixin.py:188} INFO - [2025-01-30T00:29:04.212+0000] {dag.py:3036} INFO - Sync 1 DAGs
[2025-01-30T00:29:04.308+0000] {logging_mixin.py:188} INFO - [2025-01-30T00:29:04.307+0000] {dag.py:3823} INFO - Setting next_dagrun for example_python_operator to None, run_after=None
[2025-01-30T00:29:04.397+0000] {processor.py:183} INFO - Processing /home/airflow/.local/lib/python3.8/site-packages/airflow/example_dags/example_python_operator.py took 0.405 seconds
[2025-01-30T00:29:34.581+0000] {processor.py:161} INFO - Started process (PID=6179) to work on /home/airflow/.local/lib/python3.8/site-packages/airflow/example_dags/example_python_operator.py
[2025-01-30T00:29:34.582+0000] {processor.py:830} INFO - Processing file /home/airflow/.local/lib/python3.8/site-packages/airflow/example_dags/example_python_operator.py for tasks to queue
[2025-01-30T00:29:34.585+0000] {logging_mixin.py:188} INFO - [2025-01-30T00:29:34.584+0000] {dagbag.py:538} INFO - Filling up the DagBag from /home/airflow/.local/lib/python3.8/site-packages/airflow/example_dags/example_python_operator.py
[2025-01-30T00:29:34.600+0000] {processor.py:840} INFO - DAG(s) 'example_python_operator' retrieved from /home/airflow/.local/lib/python3.8/site-packages/airflow/example_dags/example_python_operator.py
[2025-01-30T00:29:34.630+0000] {logging_mixin.py:188} INFO - [2025-01-30T00:29:34.629+0000] {dag.py:3036} INFO - Sync 1 DAGs
[2025-01-30T00:29:34.645+0000] {logging_mixin.py:188} INFO - [2025-01-30T00:29:34.645+0000] {dag.py:3823} INFO - Setting next_dagrun for example_python_operator to None, run_after=None
[2025-01-30T00:29:34.670+0000] {processor.py:183} INFO - Processing /home/airflow/.local/lib/python3.8/site-packages/airflow/example_dags/example_python_operator.py took 0.094 seconds
[2025-01-30T00:30:05.144+0000] {processor.py:161} INFO - Started process (PID=6235) to work on /home/airflow/.local/lib/python3.8/site-packages/airflow/example_dags/example_python_operator.py
[2025-01-30T00:30:05.147+0000] {processor.py:830} INFO - Processing file /home/airflow/.local/lib/python3.8/site-packages/airflow/example_dags/example_python_operator.py for tasks to queue
[2025-01-30T00:30:05.149+0000] {logging_mixin.py:188} INFO - [2025-01-30T00:30:05.148+0000] {dagbag.py:538} INFO - Filling up the DagBag from /home/airflow/.local/lib/python3.8/site-packages/airflow/example_dags/example_python_operator.py
[2025-01-30T00:30:05.168+0000] {processor.py:840} INFO - DAG(s) 'example_python_operator' retrieved from /home/airflow/.local/lib/python3.8/site-packages/airflow/example_dags/example_python_operator.py
[2025-01-30T00:30:05.211+0000] {logging_mixin.py:188} INFO - [2025-01-30T00:30:05.211+0000] {dag.py:3036} INFO - Sync 1 DAGs
[2025-01-30T00:30:05.234+0000] {logging_mixin.py:188} INFO - [2025-01-30T00:30:05.233+0000] {dag.py:3823} INFO - Setting next_dagrun for example_python_operator to None, run_after=None
[2025-01-30T00:30:05.276+0000] {processor.py:183} INFO - Processing /home/airflow/.local/lib/python3.8/site-packages/airflow/example_dags/example_python_operator.py took 0.140 seconds
[2025-01-30T00:30:36.168+0000] {processor.py:161} INFO - Started process (PID=6288) to work on /home/airflow/.local/lib/python3.8/site-packages/airflow/example_dags/example_python_operator.py
[2025-01-30T00:30:36.174+0000] {processor.py:830} INFO - Processing file /home/airflow/.local/lib/python3.8/site-packages/airflow/example_dags/example_python_operator.py for tasks to queue
[2025-01-30T00:30:36.181+0000] {logging_mixin.py:188} INFO - [2025-01-30T00:30:36.181+0000] {dagbag.py:538} INFO - Filling up the DagBag from /home/airflow/.local/lib/python3.8/site-packages/airflow/example_dags/example_python_operator.py
[2025-01-30T00:30:36.219+0000] {processor.py:840} INFO - DAG(s) 'example_python_operator' retrieved from /home/airflow/.local/lib/python3.8/site-packages/airflow/example_dags/example_python_operator.py
[2025-01-30T00:30:36.297+0000] {logging_mixin.py:188} INFO - [2025-01-30T00:30:36.296+0000] {dag.py:3036} INFO - Sync 1 DAGs
[2025-01-30T00:30:36.382+0000] {logging_mixin.py:188} INFO - [2025-01-30T00:30:36.382+0000] {dag.py:3823} INFO - Setting next_dagrun for example_python_operator to None, run_after=None
[2025-01-30T00:30:36.496+0000] {processor.py:183} INFO - Processing /home/airflow/.local/lib/python3.8/site-packages/airflow/example_dags/example_python_operator.py took 0.339 seconds
[2025-01-30T00:31:14.677+0000] {processor.py:161} INFO - Started process (PID=6345) to work on /home/airflow/.local/lib/python3.8/site-packages/airflow/example_dags/example_python_operator.py
[2025-01-30T00:31:14.680+0000] {processor.py:830} INFO - Processing file /home/airflow/.local/lib/python3.8/site-packages/airflow/example_dags/example_python_operator.py for tasks to queue
[2025-01-30T00:31:14.683+0000] {logging_mixin.py:188} INFO - [2025-01-30T00:31:14.682+0000] {dagbag.py:538} INFO - Filling up the DagBag from /home/airflow/.local/lib/python3.8/site-packages/airflow/example_dags/example_python_operator.py
[2025-01-30T00:31:14.728+0000] {processor.py:840} INFO - DAG(s) 'example_python_operator' retrieved from /home/airflow/.local/lib/python3.8/site-packages/airflow/example_dags/example_python_operator.py
[2025-01-30T00:31:14.809+0000] {logging_mixin.py:188} INFO - [2025-01-30T00:31:14.809+0000] {dag.py:3036} INFO - Sync 1 DAGs
[2025-01-30T00:31:14.867+0000] {logging_mixin.py:188} INFO - [2025-01-30T00:31:14.866+0000] {dag.py:3823} INFO - Setting next_dagrun for example_python_operator to None, run_after=None
[2025-01-30T00:31:15.005+0000] {processor.py:183} INFO - Processing /home/airflow/.local/lib/python3.8/site-packages/airflow/example_dags/example_python_operator.py took 0.337 seconds
[2025-01-30T00:31:45.593+0000] {processor.py:161} INFO - Started process (PID=6401) to work on /home/airflow/.local/lib/python3.8/site-packages/airflow/example_dags/example_python_operator.py
[2025-01-30T00:31:45.601+0000] {processor.py:830} INFO - Processing file /home/airflow/.local/lib/python3.8/site-packages/airflow/example_dags/example_python_operator.py for tasks to queue
[2025-01-30T00:31:45.610+0000] {logging_mixin.py:188} INFO - [2025-01-30T00:31:45.609+0000] {dagbag.py:538} INFO - Filling up the DagBag from /home/airflow/.local/lib/python3.8/site-packages/airflow/example_dags/example_python_operator.py
[2025-01-30T00:31:45.648+0000] {processor.py:840} INFO - DAG(s) 'example_python_operator' retrieved from /home/airflow/.local/lib/python3.8/site-packages/airflow/example_dags/example_python_operator.py
[2025-01-30T00:31:45.733+0000] {logging_mixin.py:188} INFO - [2025-01-30T00:31:45.732+0000] {dag.py:3036} INFO - Sync 1 DAGs
[2025-01-30T00:31:45.785+0000] {logging_mixin.py:188} INFO - [2025-01-30T00:31:45.784+0000] {dag.py:3823} INFO - Setting next_dagrun for example_python_operator to None, run_after=None
[2025-01-30T00:31:45.885+0000] {processor.py:183} INFO - Processing /home/airflow/.local/lib/python3.8/site-packages/airflow/example_dags/example_python_operator.py took 0.303 seconds
[2025-01-30T00:32:17.136+0000] {processor.py:161} INFO - Started process (PID=6456) to work on /home/airflow/.local/lib/python3.8/site-packages/airflow/example_dags/example_python_operator.py
[2025-01-30T00:32:17.139+0000] {processor.py:830} INFO - Processing file /home/airflow/.local/lib/python3.8/site-packages/airflow/example_dags/example_python_operator.py for tasks to queue
[2025-01-30T00:32:17.143+0000] {logging_mixin.py:188} INFO - [2025-01-30T00:32:17.141+0000] {dagbag.py:538} INFO - Filling up the DagBag from /home/airflow/.local/lib/python3.8/site-packages/airflow/example_dags/example_python_operator.py
[2025-01-30T00:32:17.186+0000] {processor.py:840} INFO - DAG(s) 'example_python_operator' retrieved from /home/airflow/.local/lib/python3.8/site-packages/airflow/example_dags/example_python_operator.py
[2025-01-30T00:32:17.293+0000] {logging_mixin.py:188} INFO - [2025-01-30T00:32:17.293+0000] {dag.py:3036} INFO - Sync 1 DAGs
[2025-01-30T00:32:17.364+0000] {logging_mixin.py:188} INFO - [2025-01-30T00:32:17.363+0000] {dag.py:3823} INFO - Setting next_dagrun for example_python_operator to None, run_after=None
[2025-01-30T00:32:17.453+0000] {processor.py:183} INFO - Processing /home/airflow/.local/lib/python3.8/site-packages/airflow/example_dags/example_python_operator.py took 0.335 seconds
[2025-01-30T00:32:49.870+0000] {processor.py:161} INFO - Started process (PID=6519) to work on /home/airflow/.local/lib/python3.8/site-packages/airflow/example_dags/example_python_operator.py
[2025-01-30T00:32:49.911+0000] {processor.py:830} INFO - Processing file /home/airflow/.local/lib/python3.8/site-packages/airflow/example_dags/example_python_operator.py for tasks to queue
[2025-01-30T00:32:49.928+0000] {logging_mixin.py:188} INFO - [2025-01-30T00:32:49.927+0000] {dagbag.py:538} INFO - Filling up the DagBag from /home/airflow/.local/lib/python3.8/site-packages/airflow/example_dags/example_python_operator.py
[2025-01-30T00:32:49.989+0000] {processor.py:840} INFO - DAG(s) 'example_python_operator' retrieved from /home/airflow/.local/lib/python3.8/site-packages/airflow/example_dags/example_python_operator.py
[2025-01-30T00:32:50.107+0000] {logging_mixin.py:188} INFO - [2025-01-30T00:32:50.106+0000] {dag.py:3036} INFO - Sync 1 DAGs
[2025-01-30T00:32:50.175+0000] {logging_mixin.py:188} INFO - [2025-01-30T00:32:50.174+0000] {dag.py:3823} INFO - Setting next_dagrun for example_python_operator to None, run_after=None
[2025-01-30T00:32:50.304+0000] {processor.py:183} INFO - Processing /home/airflow/.local/lib/python3.8/site-packages/airflow/example_dags/example_python_operator.py took 0.453 seconds
[2025-01-30T00:33:23.869+0000] {processor.py:161} INFO - Started process (PID=6575) to work on /home/airflow/.local/lib/python3.8/site-packages/airflow/example_dags/example_python_operator.py
[2025-01-30T00:33:23.915+0000] {processor.py:830} INFO - Processing file /home/airflow/.local/lib/python3.8/site-packages/airflow/example_dags/example_python_operator.py for tasks to queue
[2025-01-30T00:33:23.948+0000] {logging_mixin.py:188} INFO - [2025-01-30T00:33:23.947+0000] {dagbag.py:538} INFO - Filling up the DagBag from /home/airflow/.local/lib/python3.8/site-packages/airflow/example_dags/example_python_operator.py
[2025-01-30T00:33:24.162+0000] {processor.py:840} INFO - DAG(s) 'example_python_operator' retrieved from /home/airflow/.local/lib/python3.8/site-packages/airflow/example_dags/example_python_operator.py
[2025-01-30T00:33:24.429+0000] {logging_mixin.py:188} INFO - [2025-01-30T00:33:24.429+0000] {dag.py:3036} INFO - Sync 1 DAGs
[2025-01-30T00:33:24.524+0000] {logging_mixin.py:188} INFO - [2025-01-30T00:33:24.523+0000] {dag.py:3823} INFO - Setting next_dagrun for example_python_operator to None, run_after=None
[2025-01-30T00:33:24.764+0000] {processor.py:183} INFO - Processing /home/airflow/.local/lib/python3.8/site-packages/airflow/example_dags/example_python_operator.py took 0.918 seconds
[2025-01-30T00:33:56.237+0000] {processor.py:161} INFO - Started process (PID=6631) to work on /home/airflow/.local/lib/python3.8/site-packages/airflow/example_dags/example_python_operator.py
[2025-01-30T00:33:56.272+0000] {processor.py:830} INFO - Processing file /home/airflow/.local/lib/python3.8/site-packages/airflow/example_dags/example_python_operator.py for tasks to queue
[2025-01-30T00:33:56.292+0000] {logging_mixin.py:188} INFO - [2025-01-30T00:33:56.291+0000] {dagbag.py:538} INFO - Filling up the DagBag from /home/airflow/.local/lib/python3.8/site-packages/airflow/example_dags/example_python_operator.py
[2025-01-30T00:33:56.422+0000] {processor.py:840} INFO - DAG(s) 'example_python_operator' retrieved from /home/airflow/.local/lib/python3.8/site-packages/airflow/example_dags/example_python_operator.py
[2025-01-30T00:33:56.977+0000] {logging_mixin.py:188} INFO - [2025-01-30T00:33:56.977+0000] {dag.py:3036} INFO - Sync 1 DAGs
[2025-01-30T00:33:57.156+0000] {logging_mixin.py:188} INFO - [2025-01-30T00:33:57.155+0000] {dag.py:3823} INFO - Setting next_dagrun for example_python_operator to None, run_after=None
[2025-01-30T00:33:57.383+0000] {processor.py:183} INFO - Processing /home/airflow/.local/lib/python3.8/site-packages/airflow/example_dags/example_python_operator.py took 1.222 seconds
[2025-01-30T00:34:27.726+0000] {processor.py:161} INFO - Started process (PID=6687) to work on /home/airflow/.local/lib/python3.8/site-packages/airflow/example_dags/example_python_operator.py
[2025-01-30T00:34:27.729+0000] {processor.py:830} INFO - Processing file /home/airflow/.local/lib/python3.8/site-packages/airflow/example_dags/example_python_operator.py for tasks to queue
[2025-01-30T00:34:27.735+0000] {logging_mixin.py:188} INFO - [2025-01-30T00:34:27.734+0000] {dagbag.py:538} INFO - Filling up the DagBag from /home/airflow/.local/lib/python3.8/site-packages/airflow/example_dags/example_python_operator.py
[2025-01-30T00:34:27.765+0000] {processor.py:840} INFO - DAG(s) 'example_python_operator' retrieved from /home/airflow/.local/lib/python3.8/site-packages/airflow/example_dags/example_python_operator.py
[2025-01-30T00:34:27.819+0000] {logging_mixin.py:188} INFO - [2025-01-30T00:34:27.819+0000] {dag.py:3036} INFO - Sync 1 DAGs
[2025-01-30T00:34:27.851+0000] {logging_mixin.py:188} INFO - [2025-01-30T00:34:27.851+0000] {dag.py:3823} INFO - Setting next_dagrun for example_python_operator to None, run_after=None
[2025-01-30T00:34:27.890+0000] {processor.py:183} INFO - Processing /home/airflow/.local/lib/python3.8/site-packages/airflow/example_dags/example_python_operator.py took 0.177 seconds
[2025-01-30T00:34:58.310+0000] {processor.py:161} INFO - Started process (PID=6743) to work on /home/airflow/.local/lib/python3.8/site-packages/airflow/example_dags/example_python_operator.py
[2025-01-30T00:34:58.312+0000] {processor.py:830} INFO - Processing file /home/airflow/.local/lib/python3.8/site-packages/airflow/example_dags/example_python_operator.py for tasks to queue
[2025-01-30T00:34:58.315+0000] {logging_mixin.py:188} INFO - [2025-01-30T00:34:58.314+0000] {dagbag.py:538} INFO - Filling up the DagBag from /home/airflow/.local/lib/python3.8/site-packages/airflow/example_dags/example_python_operator.py
[2025-01-30T00:34:58.340+0000] {processor.py:840} INFO - DAG(s) 'example_python_operator' retrieved from /home/airflow/.local/lib/python3.8/site-packages/airflow/example_dags/example_python_operator.py
[2025-01-30T00:34:58.406+0000] {logging_mixin.py:188} INFO - [2025-01-30T00:34:58.405+0000] {dag.py:3036} INFO - Sync 1 DAGs
[2025-01-30T00:34:58.442+0000] {logging_mixin.py:188} INFO - [2025-01-30T00:34:58.441+0000] {dag.py:3823} INFO - Setting next_dagrun for example_python_operator to None, run_after=None
[2025-01-30T00:34:58.516+0000] {processor.py:183} INFO - Processing /home/airflow/.local/lib/python3.8/site-packages/airflow/example_dags/example_python_operator.py took 0.213 seconds
[2025-01-30T00:35:28.630+0000] {processor.py:161} INFO - Started process (PID=6799) to work on /home/airflow/.local/lib/python3.8/site-packages/airflow/example_dags/example_python_operator.py
[2025-01-30T00:35:28.632+0000] {processor.py:830} INFO - Processing file /home/airflow/.local/lib/python3.8/site-packages/airflow/example_dags/example_python_operator.py for tasks to queue
[2025-01-30T00:35:28.634+0000] {logging_mixin.py:188} INFO - [2025-01-30T00:35:28.634+0000] {dagbag.py:538} INFO - Filling up the DagBag from /home/airflow/.local/lib/python3.8/site-packages/airflow/example_dags/example_python_operator.py
[2025-01-30T00:35:28.651+0000] {processor.py:840} INFO - DAG(s) 'example_python_operator' retrieved from /home/airflow/.local/lib/python3.8/site-packages/airflow/example_dags/example_python_operator.py
[2025-01-30T00:35:28.689+0000] {logging_mixin.py:188} INFO - [2025-01-30T00:35:28.688+0000] {dag.py:3036} INFO - Sync 1 DAGs
[2025-01-30T00:35:28.706+0000] {logging_mixin.py:188} INFO - [2025-01-30T00:35:28.706+0000] {dag.py:3823} INFO - Setting next_dagrun for example_python_operator to None, run_after=None
[2025-01-30T00:35:28.774+0000] {processor.py:183} INFO - Processing /home/airflow/.local/lib/python3.8/site-packages/airflow/example_dags/example_python_operator.py took 0.148 seconds
[2025-01-30T00:35:59.501+0000] {processor.py:161} INFO - Started process (PID=6855) to work on /home/airflow/.local/lib/python3.8/site-packages/airflow/example_dags/example_python_operator.py
[2025-01-30T00:35:59.513+0000] {processor.py:830} INFO - Processing file /home/airflow/.local/lib/python3.8/site-packages/airflow/example_dags/example_python_operator.py for tasks to queue
[2025-01-30T00:35:59.518+0000] {logging_mixin.py:188} INFO - [2025-01-30T00:35:59.517+0000] {dagbag.py:538} INFO - Filling up the DagBag from /home/airflow/.local/lib/python3.8/site-packages/airflow/example_dags/example_python_operator.py
[2025-01-30T00:35:59.564+0000] {processor.py:840} INFO - DAG(s) 'example_python_operator' retrieved from /home/airflow/.local/lib/python3.8/site-packages/airflow/example_dags/example_python_operator.py
[2025-01-30T00:35:59.672+0000] {logging_mixin.py:188} INFO - [2025-01-30T00:35:59.663+0000] {dag.py:3036} INFO - Sync 1 DAGs
[2025-01-30T00:35:59.746+0000] {logging_mixin.py:188} INFO - [2025-01-30T00:35:59.745+0000] {dag.py:3823} INFO - Setting next_dagrun for example_python_operator to None, run_after=None
[2025-01-30T00:35:59.847+0000] {processor.py:183} INFO - Processing /home/airflow/.local/lib/python3.8/site-packages/airflow/example_dags/example_python_operator.py took 0.354 seconds
[2025-01-30T00:36:30.079+0000] {processor.py:161} INFO - Started process (PID=6911) to work on /home/airflow/.local/lib/python3.8/site-packages/airflow/example_dags/example_python_operator.py
[2025-01-30T00:36:30.081+0000] {processor.py:830} INFO - Processing file /home/airflow/.local/lib/python3.8/site-packages/airflow/example_dags/example_python_operator.py for tasks to queue
[2025-01-30T00:36:30.084+0000] {logging_mixin.py:188} INFO - [2025-01-30T00:36:30.083+0000] {dagbag.py:538} INFO - Filling up the DagBag from /home/airflow/.local/lib/python3.8/site-packages/airflow/example_dags/example_python_operator.py
[2025-01-30T00:36:30.107+0000] {processor.py:840} INFO - DAG(s) 'example_python_operator' retrieved from /home/airflow/.local/lib/python3.8/site-packages/airflow/example_dags/example_python_operator.py
[2025-01-30T00:36:30.162+0000] {logging_mixin.py:188} INFO - [2025-01-30T00:36:30.161+0000] {dag.py:3036} INFO - Sync 1 DAGs
[2025-01-30T00:36:30.199+0000] {logging_mixin.py:188} INFO - [2025-01-30T00:36:30.198+0000] {dag.py:3823} INFO - Setting next_dagrun for example_python_operator to None, run_after=None
[2025-01-30T00:36:30.252+0000] {processor.py:183} INFO - Processing /home/airflow/.local/lib/python3.8/site-packages/airflow/example_dags/example_python_operator.py took 0.178 seconds
[2025-01-30T00:37:02.313+0000] {processor.py:161} INFO - Started process (PID=6964) to work on /home/airflow/.local/lib/python3.8/site-packages/airflow/example_dags/example_python_operator.py
[2025-01-30T00:37:02.315+0000] {processor.py:830} INFO - Processing file /home/airflow/.local/lib/python3.8/site-packages/airflow/example_dags/example_python_operator.py for tasks to queue
[2025-01-30T00:37:02.317+0000] {logging_mixin.py:188} INFO - [2025-01-30T00:37:02.316+0000] {dagbag.py:538} INFO - Filling up the DagBag from /home/airflow/.local/lib/python3.8/site-packages/airflow/example_dags/example_python_operator.py
[2025-01-30T00:37:02.340+0000] {processor.py:840} INFO - DAG(s) 'example_python_operator' retrieved from /home/airflow/.local/lib/python3.8/site-packages/airflow/example_dags/example_python_operator.py
[2025-01-30T00:37:02.381+0000] {logging_mixin.py:188} INFO - [2025-01-30T00:37:02.381+0000] {dag.py:3036} INFO - Sync 1 DAGs
[2025-01-30T00:37:02.412+0000] {logging_mixin.py:188} INFO - [2025-01-30T00:37:02.411+0000] {dag.py:3823} INFO - Setting next_dagrun for example_python_operator to None, run_after=None
[2025-01-30T00:37:02.450+0000] {processor.py:183} INFO - Processing /home/airflow/.local/lib/python3.8/site-packages/airflow/example_dags/example_python_operator.py took 0.144 seconds
[2025-01-30T00:37:33.142+0000] {processor.py:161} INFO - Started process (PID=7019) to work on /home/airflow/.local/lib/python3.8/site-packages/airflow/example_dags/example_python_operator.py
[2025-01-30T00:37:33.143+0000] {processor.py:830} INFO - Processing file /home/airflow/.local/lib/python3.8/site-packages/airflow/example_dags/example_python_operator.py for tasks to queue
[2025-01-30T00:37:33.144+0000] {logging_mixin.py:188} INFO - [2025-01-30T00:37:33.144+0000] {dagbag.py:538} INFO - Filling up the DagBag from /home/airflow/.local/lib/python3.8/site-packages/airflow/example_dags/example_python_operator.py
[2025-01-30T00:37:33.160+0000] {processor.py:840} INFO - DAG(s) 'example_python_operator' retrieved from /home/airflow/.local/lib/python3.8/site-packages/airflow/example_dags/example_python_operator.py
[2025-01-30T00:37:33.205+0000] {logging_mixin.py:188} INFO - [2025-01-30T00:37:33.205+0000] {dag.py:3036} INFO - Sync 1 DAGs
[2025-01-30T00:37:33.235+0000] {logging_mixin.py:188} INFO - [2025-01-30T00:37:33.235+0000] {dag.py:3823} INFO - Setting next_dagrun for example_python_operator to None, run_after=None
[2025-01-30T00:37:33.287+0000] {processor.py:183} INFO - Processing /home/airflow/.local/lib/python3.8/site-packages/airflow/example_dags/example_python_operator.py took 0.149 seconds
[2025-01-30T00:38:13.040+0000] {processor.py:161} INFO - Started process (PID=7074) to work on /home/airflow/.local/lib/python3.8/site-packages/airflow/example_dags/example_python_operator.py
[2025-01-30T00:38:13.043+0000] {processor.py:830} INFO - Processing file /home/airflow/.local/lib/python3.8/site-packages/airflow/example_dags/example_python_operator.py for tasks to queue
[2025-01-30T00:38:13.056+0000] {logging_mixin.py:188} INFO - [2025-01-30T00:38:13.056+0000] {dagbag.py:538} INFO - Filling up the DagBag from /home/airflow/.local/lib/python3.8/site-packages/airflow/example_dags/example_python_operator.py
[2025-01-30T00:38:13.237+0000] {processor.py:840} INFO - DAG(s) 'example_python_operator' retrieved from /home/airflow/.local/lib/python3.8/site-packages/airflow/example_dags/example_python_operator.py
[2025-01-30T00:38:13.701+0000] {logging_mixin.py:188} INFO - [2025-01-30T00:38:13.700+0000] {dag.py:3036} INFO - Sync 1 DAGs
[2025-01-30T00:38:13.770+0000] {logging_mixin.py:188} INFO - [2025-01-30T00:38:13.769+0000] {dag.py:3823} INFO - Setting next_dagrun for example_python_operator to None, run_after=None
[2025-01-30T00:38:13.888+0000] {processor.py:183} INFO - Processing /home/airflow/.local/lib/python3.8/site-packages/airflow/example_dags/example_python_operator.py took 0.885 seconds
