[2025-01-30T00:00:01.360+0000] {processor.py:161} INFO - Started process (PID=3032) to work on /home/airflow/.local/lib/python3.8/site-packages/airflow/example_dags/example_python_decorator.py
[2025-01-30T00:00:01.363+0000] {processor.py:830} INFO - Processing file /home/airflow/.local/lib/python3.8/site-packages/airflow/example_dags/example_python_decorator.py for tasks to queue
[2025-01-30T00:00:01.374+0000] {logging_mixin.py:188} INFO - [2025-01-30T00:00:01.372+0000] {dagbag.py:538} INFO - Filling up the DagBag from /home/airflow/.local/lib/python3.8/site-packages/airflow/example_dags/example_python_decorator.py
[2025-01-30T00:00:01.451+0000] {processor.py:840} INFO - DAG(s) 'example_python_decorator' retrieved from /home/airflow/.local/lib/python3.8/site-packages/airflow/example_dags/example_python_decorator.py
[2025-01-30T00:00:01.548+0000] {logging_mixin.py:188} INFO - [2025-01-30T00:00:01.548+0000] {dag.py:3036} INFO - Sync 1 DAGs
[2025-01-30T00:00:01.620+0000] {logging_mixin.py:188} INFO - [2025-01-30T00:00:01.619+0000] {dag.py:3823} INFO - Setting next_dagrun for example_python_decorator to None, run_after=None
[2025-01-30T00:00:01.742+0000] {processor.py:183} INFO - Processing /home/airflow/.local/lib/python3.8/site-packages/airflow/example_dags/example_python_decorator.py took 0.398 seconds
[2025-01-30T00:00:32.712+0000] {processor.py:161} INFO - Started process (PID=3088) to work on /home/airflow/.local/lib/python3.8/site-packages/airflow/example_dags/example_python_decorator.py
[2025-01-30T00:00:32.714+0000] {processor.py:830} INFO - Processing file /home/airflow/.local/lib/python3.8/site-packages/airflow/example_dags/example_python_decorator.py for tasks to queue
[2025-01-30T00:00:32.719+0000] {logging_mixin.py:188} INFO - [2025-01-30T00:00:32.718+0000] {dagbag.py:538} INFO - Filling up the DagBag from /home/airflow/.local/lib/python3.8/site-packages/airflow/example_dags/example_python_decorator.py
[2025-01-30T00:00:32.759+0000] {processor.py:840} INFO - DAG(s) 'example_python_decorator' retrieved from /home/airflow/.local/lib/python3.8/site-packages/airflow/example_dags/example_python_decorator.py
[2025-01-30T00:00:32.827+0000] {logging_mixin.py:188} INFO - [2025-01-30T00:00:32.825+0000] {dag.py:3036} INFO - Sync 1 DAGs
[2025-01-30T00:00:32.868+0000] {logging_mixin.py:188} INFO - [2025-01-30T00:00:32.868+0000] {dag.py:3823} INFO - Setting next_dagrun for example_python_decorator to None, run_after=None
[2025-01-30T00:00:32.927+0000] {processor.py:183} INFO - Processing /home/airflow/.local/lib/python3.8/site-packages/airflow/example_dags/example_python_decorator.py took 0.224 seconds
[2025-01-30T00:01:03.909+0000] {processor.py:161} INFO - Started process (PID=3145) to work on /home/airflow/.local/lib/python3.8/site-packages/airflow/example_dags/example_python_decorator.py
[2025-01-30T00:01:03.923+0000] {processor.py:830} INFO - Processing file /home/airflow/.local/lib/python3.8/site-packages/airflow/example_dags/example_python_decorator.py for tasks to queue
[2025-01-30T00:01:03.929+0000] {logging_mixin.py:188} INFO - [2025-01-30T00:01:03.927+0000] {dagbag.py:538} INFO - Filling up the DagBag from /home/airflow/.local/lib/python3.8/site-packages/airflow/example_dags/example_python_decorator.py
[2025-01-30T00:01:04.117+0000] {processor.py:840} INFO - DAG(s) 'example_python_decorator' retrieved from /home/airflow/.local/lib/python3.8/site-packages/airflow/example_dags/example_python_decorator.py
[2025-01-30T00:01:04.463+0000] {logging_mixin.py:188} INFO - [2025-01-30T00:01:04.463+0000] {dag.py:3036} INFO - Sync 1 DAGs
[2025-01-30T00:01:04.674+0000] {logging_mixin.py:188} INFO - [2025-01-30T00:01:04.673+0000] {dag.py:3823} INFO - Setting next_dagrun for example_python_decorator to None, run_after=None
[2025-01-30T00:01:04.800+0000] {processor.py:183} INFO - Processing /home/airflow/.local/lib/python3.8/site-packages/airflow/example_dags/example_python_decorator.py took 0.963 seconds
[2025-01-30T00:01:35.078+0000] {processor.py:161} INFO - Started process (PID=3201) to work on /home/airflow/.local/lib/python3.8/site-packages/airflow/example_dags/example_python_decorator.py
[2025-01-30T00:01:35.082+0000] {processor.py:830} INFO - Processing file /home/airflow/.local/lib/python3.8/site-packages/airflow/example_dags/example_python_decorator.py for tasks to queue
[2025-01-30T00:01:35.085+0000] {logging_mixin.py:188} INFO - [2025-01-30T00:01:35.084+0000] {dagbag.py:538} INFO - Filling up the DagBag from /home/airflow/.local/lib/python3.8/site-packages/airflow/example_dags/example_python_decorator.py
[2025-01-30T00:01:35.122+0000] {processor.py:840} INFO - DAG(s) 'example_python_decorator' retrieved from /home/airflow/.local/lib/python3.8/site-packages/airflow/example_dags/example_python_decorator.py
[2025-01-30T00:01:35.168+0000] {logging_mixin.py:188} INFO - [2025-01-30T00:01:35.167+0000] {dag.py:3036} INFO - Sync 1 DAGs
[2025-01-30T00:01:35.198+0000] {logging_mixin.py:188} INFO - [2025-01-30T00:01:35.198+0000] {dag.py:3823} INFO - Setting next_dagrun for example_python_decorator to None, run_after=None
[2025-01-30T00:01:35.239+0000] {processor.py:183} INFO - Processing /home/airflow/.local/lib/python3.8/site-packages/airflow/example_dags/example_python_decorator.py took 0.168 seconds
[2025-01-30T00:02:05.292+0000] {processor.py:161} INFO - Started process (PID=3257) to work on /home/airflow/.local/lib/python3.8/site-packages/airflow/example_dags/example_python_decorator.py
[2025-01-30T00:02:05.294+0000] {processor.py:830} INFO - Processing file /home/airflow/.local/lib/python3.8/site-packages/airflow/example_dags/example_python_decorator.py for tasks to queue
[2025-01-30T00:02:05.295+0000] {logging_mixin.py:188} INFO - [2025-01-30T00:02:05.295+0000] {dagbag.py:538} INFO - Filling up the DagBag from /home/airflow/.local/lib/python3.8/site-packages/airflow/example_dags/example_python_decorator.py
[2025-01-30T00:02:05.318+0000] {processor.py:840} INFO - DAG(s) 'example_python_decorator' retrieved from /home/airflow/.local/lib/python3.8/site-packages/airflow/example_dags/example_python_decorator.py
[2025-01-30T00:02:05.358+0000] {logging_mixin.py:188} INFO - [2025-01-30T00:02:05.358+0000] {dag.py:3036} INFO - Sync 1 DAGs
[2025-01-30T00:02:05.385+0000] {logging_mixin.py:188} INFO - [2025-01-30T00:02:05.384+0000] {dag.py:3823} INFO - Setting next_dagrun for example_python_decorator to None, run_after=None
[2025-01-30T00:02:05.420+0000] {processor.py:183} INFO - Processing /home/airflow/.local/lib/python3.8/site-packages/airflow/example_dags/example_python_decorator.py took 0.132 seconds
[2025-01-30T00:02:35.625+0000] {processor.py:161} INFO - Started process (PID=3313) to work on /home/airflow/.local/lib/python3.8/site-packages/airflow/example_dags/example_python_decorator.py
[2025-01-30T00:02:35.629+0000] {processor.py:830} INFO - Processing file /home/airflow/.local/lib/python3.8/site-packages/airflow/example_dags/example_python_decorator.py for tasks to queue
[2025-01-30T00:02:35.632+0000] {logging_mixin.py:188} INFO - [2025-01-30T00:02:35.631+0000] {dagbag.py:538} INFO - Filling up the DagBag from /home/airflow/.local/lib/python3.8/site-packages/airflow/example_dags/example_python_decorator.py
[2025-01-30T00:02:35.671+0000] {processor.py:840} INFO - DAG(s) 'example_python_decorator' retrieved from /home/airflow/.local/lib/python3.8/site-packages/airflow/example_dags/example_python_decorator.py
[2025-01-30T00:02:35.728+0000] {logging_mixin.py:188} INFO - [2025-01-30T00:02:35.728+0000] {dag.py:3036} INFO - Sync 1 DAGs
[2025-01-30T00:02:35.758+0000] {logging_mixin.py:188} INFO - [2025-01-30T00:02:35.757+0000] {dag.py:3823} INFO - Setting next_dagrun for example_python_decorator to None, run_after=None
[2025-01-30T00:02:35.818+0000] {processor.py:183} INFO - Processing /home/airflow/.local/lib/python3.8/site-packages/airflow/example_dags/example_python_decorator.py took 0.200 seconds
[2025-01-30T00:03:06.001+0000] {processor.py:161} INFO - Started process (PID=3368) to work on /home/airflow/.local/lib/python3.8/site-packages/airflow/example_dags/example_python_decorator.py
[2025-01-30T00:03:06.003+0000] {processor.py:830} INFO - Processing file /home/airflow/.local/lib/python3.8/site-packages/airflow/example_dags/example_python_decorator.py for tasks to queue
[2025-01-30T00:03:06.006+0000] {logging_mixin.py:188} INFO - [2025-01-30T00:03:06.005+0000] {dagbag.py:538} INFO - Filling up the DagBag from /home/airflow/.local/lib/python3.8/site-packages/airflow/example_dags/example_python_decorator.py
[2025-01-30T00:03:06.042+0000] {processor.py:840} INFO - DAG(s) 'example_python_decorator' retrieved from /home/airflow/.local/lib/python3.8/site-packages/airflow/example_dags/example_python_decorator.py
[2025-01-30T00:03:06.103+0000] {logging_mixin.py:188} INFO - [2025-01-30T00:03:06.102+0000] {dag.py:3036} INFO - Sync 1 DAGs
[2025-01-30T00:03:06.139+0000] {logging_mixin.py:188} INFO - [2025-01-30T00:03:06.138+0000] {dag.py:3823} INFO - Setting next_dagrun for example_python_decorator to None, run_after=None
[2025-01-30T00:03:06.196+0000] {processor.py:183} INFO - Processing /home/airflow/.local/lib/python3.8/site-packages/airflow/example_dags/example_python_decorator.py took 0.203 seconds
[2025-01-30T00:03:36.662+0000] {processor.py:161} INFO - Started process (PID=3423) to work on /home/airflow/.local/lib/python3.8/site-packages/airflow/example_dags/example_python_decorator.py
[2025-01-30T00:03:36.664+0000] {processor.py:830} INFO - Processing file /home/airflow/.local/lib/python3.8/site-packages/airflow/example_dags/example_python_decorator.py for tasks to queue
[2025-01-30T00:03:36.666+0000] {logging_mixin.py:188} INFO - [2025-01-30T00:03:36.665+0000] {dagbag.py:538} INFO - Filling up the DagBag from /home/airflow/.local/lib/python3.8/site-packages/airflow/example_dags/example_python_decorator.py
[2025-01-30T00:03:36.700+0000] {processor.py:840} INFO - DAG(s) 'example_python_decorator' retrieved from /home/airflow/.local/lib/python3.8/site-packages/airflow/example_dags/example_python_decorator.py
[2025-01-30T00:03:36.760+0000] {logging_mixin.py:188} INFO - [2025-01-30T00:03:36.758+0000] {dag.py:3036} INFO - Sync 1 DAGs
[2025-01-30T00:03:36.816+0000] {logging_mixin.py:188} INFO - [2025-01-30T00:03:36.815+0000] {dag.py:3823} INFO - Setting next_dagrun for example_python_decorator to None, run_after=None
[2025-01-30T00:03:36.880+0000] {processor.py:183} INFO - Processing /home/airflow/.local/lib/python3.8/site-packages/airflow/example_dags/example_python_decorator.py took 0.227 seconds
[2025-01-30T00:04:07.356+0000] {processor.py:161} INFO - Started process (PID=3479) to work on /home/airflow/.local/lib/python3.8/site-packages/airflow/example_dags/example_python_decorator.py
[2025-01-30T00:04:07.362+0000] {processor.py:830} INFO - Processing file /home/airflow/.local/lib/python3.8/site-packages/airflow/example_dags/example_python_decorator.py for tasks to queue
[2025-01-30T00:04:07.365+0000] {logging_mixin.py:188} INFO - [2025-01-30T00:04:07.364+0000] {dagbag.py:538} INFO - Filling up the DagBag from /home/airflow/.local/lib/python3.8/site-packages/airflow/example_dags/example_python_decorator.py
[2025-01-30T00:04:07.416+0000] {processor.py:840} INFO - DAG(s) 'example_python_decorator' retrieved from /home/airflow/.local/lib/python3.8/site-packages/airflow/example_dags/example_python_decorator.py
[2025-01-30T00:04:07.490+0000] {logging_mixin.py:188} INFO - [2025-01-30T00:04:07.490+0000] {dag.py:3036} INFO - Sync 1 DAGs
[2025-01-30T00:04:07.541+0000] {logging_mixin.py:188} INFO - [2025-01-30T00:04:07.541+0000] {dag.py:3823} INFO - Setting next_dagrun for example_python_decorator to None, run_after=None
[2025-01-30T00:04:07.592+0000] {processor.py:183} INFO - Processing /home/airflow/.local/lib/python3.8/site-packages/airflow/example_dags/example_python_decorator.py took 0.246 seconds
[2025-01-30T00:04:38.414+0000] {processor.py:161} INFO - Started process (PID=3534) to work on /home/airflow/.local/lib/python3.8/site-packages/airflow/example_dags/example_python_decorator.py
[2025-01-30T00:04:38.416+0000] {processor.py:830} INFO - Processing file /home/airflow/.local/lib/python3.8/site-packages/airflow/example_dags/example_python_decorator.py for tasks to queue
[2025-01-30T00:04:38.417+0000] {logging_mixin.py:188} INFO - [2025-01-30T00:04:38.417+0000] {dagbag.py:538} INFO - Filling up the DagBag from /home/airflow/.local/lib/python3.8/site-packages/airflow/example_dags/example_python_decorator.py
[2025-01-30T00:04:38.448+0000] {processor.py:840} INFO - DAG(s) 'example_python_decorator' retrieved from /home/airflow/.local/lib/python3.8/site-packages/airflow/example_dags/example_python_decorator.py
[2025-01-30T00:04:38.498+0000] {logging_mixin.py:188} INFO - [2025-01-30T00:04:38.498+0000] {dag.py:3036} INFO - Sync 1 DAGs
[2025-01-30T00:04:38.537+0000] {logging_mixin.py:188} INFO - [2025-01-30T00:04:38.537+0000] {dag.py:3823} INFO - Setting next_dagrun for example_python_decorator to None, run_after=None
[2025-01-30T00:04:38.579+0000] {processor.py:183} INFO - Processing /home/airflow/.local/lib/python3.8/site-packages/airflow/example_dags/example_python_decorator.py took 0.171 seconds
[2025-01-30T00:05:12.239+0000] {processor.py:161} INFO - Started process (PID=3589) to work on /home/airflow/.local/lib/python3.8/site-packages/airflow/example_dags/example_python_decorator.py
[2025-01-30T00:05:12.242+0000] {processor.py:830} INFO - Processing file /home/airflow/.local/lib/python3.8/site-packages/airflow/example_dags/example_python_decorator.py for tasks to queue
[2025-01-30T00:05:12.245+0000] {logging_mixin.py:188} INFO - [2025-01-30T00:05:12.244+0000] {dagbag.py:538} INFO - Filling up the DagBag from /home/airflow/.local/lib/python3.8/site-packages/airflow/example_dags/example_python_decorator.py
[2025-01-30T00:05:12.285+0000] {processor.py:840} INFO - DAG(s) 'example_python_decorator' retrieved from /home/airflow/.local/lib/python3.8/site-packages/airflow/example_dags/example_python_decorator.py
[2025-01-30T00:05:12.353+0000] {logging_mixin.py:188} INFO - [2025-01-30T00:05:12.352+0000] {dag.py:3036} INFO - Sync 1 DAGs
[2025-01-30T00:05:12.396+0000] {logging_mixin.py:188} INFO - [2025-01-30T00:05:12.396+0000] {dag.py:3823} INFO - Setting next_dagrun for example_python_decorator to None, run_after=None
[2025-01-30T00:05:12.448+0000] {processor.py:183} INFO - Processing /home/airflow/.local/lib/python3.8/site-packages/airflow/example_dags/example_python_decorator.py took 0.218 seconds
[2025-01-30T00:05:44.405+0000] {processor.py:161} INFO - Started process (PID=3647) to work on /home/airflow/.local/lib/python3.8/site-packages/airflow/example_dags/example_python_decorator.py
[2025-01-30T00:05:44.407+0000] {processor.py:830} INFO - Processing file /home/airflow/.local/lib/python3.8/site-packages/airflow/example_dags/example_python_decorator.py for tasks to queue
[2025-01-30T00:05:44.411+0000] {logging_mixin.py:188} INFO - [2025-01-30T00:05:44.410+0000] {dagbag.py:538} INFO - Filling up the DagBag from /home/airflow/.local/lib/python3.8/site-packages/airflow/example_dags/example_python_decorator.py
[2025-01-30T00:05:44.455+0000] {processor.py:840} INFO - DAG(s) 'example_python_decorator' retrieved from /home/airflow/.local/lib/python3.8/site-packages/airflow/example_dags/example_python_decorator.py
[2025-01-30T00:05:44.518+0000] {logging_mixin.py:188} INFO - [2025-01-30T00:05:44.518+0000] {dag.py:3036} INFO - Sync 1 DAGs
[2025-01-30T00:05:44.560+0000] {logging_mixin.py:188} INFO - [2025-01-30T00:05:44.559+0000] {dag.py:3823} INFO - Setting next_dagrun for example_python_decorator to None, run_after=None
[2025-01-30T00:05:44.622+0000] {processor.py:183} INFO - Processing /home/airflow/.local/lib/python3.8/site-packages/airflow/example_dags/example_python_decorator.py took 0.228 seconds
[2025-01-30T00:06:14.935+0000] {processor.py:161} INFO - Started process (PID=3703) to work on /home/airflow/.local/lib/python3.8/site-packages/airflow/example_dags/example_python_decorator.py
[2025-01-30T00:06:14.938+0000] {processor.py:830} INFO - Processing file /home/airflow/.local/lib/python3.8/site-packages/airflow/example_dags/example_python_decorator.py for tasks to queue
[2025-01-30T00:06:14.940+0000] {logging_mixin.py:188} INFO - [2025-01-30T00:06:14.939+0000] {dagbag.py:538} INFO - Filling up the DagBag from /home/airflow/.local/lib/python3.8/site-packages/airflow/example_dags/example_python_decorator.py
[2025-01-30T00:06:14.964+0000] {processor.py:840} INFO - DAG(s) 'example_python_decorator' retrieved from /home/airflow/.local/lib/python3.8/site-packages/airflow/example_dags/example_python_decorator.py
[2025-01-30T00:06:15.005+0000] {logging_mixin.py:188} INFO - [2025-01-30T00:06:15.004+0000] {dag.py:3036} INFO - Sync 1 DAGs
[2025-01-30T00:06:15.025+0000] {logging_mixin.py:188} INFO - [2025-01-30T00:06:15.024+0000] {dag.py:3823} INFO - Setting next_dagrun for example_python_decorator to None, run_after=None
[2025-01-30T00:06:15.063+0000] {processor.py:183} INFO - Processing /home/airflow/.local/lib/python3.8/site-packages/airflow/example_dags/example_python_decorator.py took 0.133 seconds
[2025-01-30T00:06:45.966+0000] {processor.py:161} INFO - Started process (PID=3759) to work on /home/airflow/.local/lib/python3.8/site-packages/airflow/example_dags/example_python_decorator.py
[2025-01-30T00:06:45.969+0000] {processor.py:830} INFO - Processing file /home/airflow/.local/lib/python3.8/site-packages/airflow/example_dags/example_python_decorator.py for tasks to queue
[2025-01-30T00:06:45.971+0000] {logging_mixin.py:188} INFO - [2025-01-30T00:06:45.970+0000] {dagbag.py:538} INFO - Filling up the DagBag from /home/airflow/.local/lib/python3.8/site-packages/airflow/example_dags/example_python_decorator.py
[2025-01-30T00:06:46.053+0000] {processor.py:840} INFO - DAG(s) 'example_python_decorator' retrieved from /home/airflow/.local/lib/python3.8/site-packages/airflow/example_dags/example_python_decorator.py
[2025-01-30T00:06:46.186+0000] {logging_mixin.py:188} INFO - [2025-01-30T00:06:46.186+0000] {dag.py:3036} INFO - Sync 1 DAGs
[2025-01-30T00:06:46.254+0000] {logging_mixin.py:188} INFO - [2025-01-30T00:06:46.253+0000] {dag.py:3823} INFO - Setting next_dagrun for example_python_decorator to None, run_after=None
[2025-01-30T00:06:46.372+0000] {processor.py:183} INFO - Processing /home/airflow/.local/lib/python3.8/site-packages/airflow/example_dags/example_python_decorator.py took 0.416 seconds
[2025-01-30T00:07:17.995+0000] {processor.py:161} INFO - Started process (PID=3815) to work on /home/airflow/.local/lib/python3.8/site-packages/airflow/example_dags/example_python_decorator.py
[2025-01-30T00:07:17.997+0000] {processor.py:830} INFO - Processing file /home/airflow/.local/lib/python3.8/site-packages/airflow/example_dags/example_python_decorator.py for tasks to queue
[2025-01-30T00:07:18.000+0000] {logging_mixin.py:188} INFO - [2025-01-30T00:07:17.999+0000] {dagbag.py:538} INFO - Filling up the DagBag from /home/airflow/.local/lib/python3.8/site-packages/airflow/example_dags/example_python_decorator.py
[2025-01-30T00:07:18.043+0000] {processor.py:840} INFO - DAG(s) 'example_python_decorator' retrieved from /home/airflow/.local/lib/python3.8/site-packages/airflow/example_dags/example_python_decorator.py
[2025-01-30T00:07:18.130+0000] {logging_mixin.py:188} INFO - [2025-01-30T00:07:18.129+0000] {dag.py:3036} INFO - Sync 1 DAGs
[2025-01-30T00:07:18.194+0000] {logging_mixin.py:188} INFO - [2025-01-30T00:07:18.193+0000] {dag.py:3823} INFO - Setting next_dagrun for example_python_decorator to None, run_after=None
[2025-01-30T00:07:18.271+0000] {processor.py:183} INFO - Processing /home/airflow/.local/lib/python3.8/site-packages/airflow/example_dags/example_python_decorator.py took 0.293 seconds
[2025-01-30T00:07:48.639+0000] {processor.py:161} INFO - Started process (PID=3871) to work on /home/airflow/.local/lib/python3.8/site-packages/airflow/example_dags/example_python_decorator.py
[2025-01-30T00:07:48.640+0000] {processor.py:830} INFO - Processing file /home/airflow/.local/lib/python3.8/site-packages/airflow/example_dags/example_python_decorator.py for tasks to queue
[2025-01-30T00:07:48.642+0000] {logging_mixin.py:188} INFO - [2025-01-30T00:07:48.641+0000] {dagbag.py:538} INFO - Filling up the DagBag from /home/airflow/.local/lib/python3.8/site-packages/airflow/example_dags/example_python_decorator.py
[2025-01-30T00:07:48.670+0000] {processor.py:840} INFO - DAG(s) 'example_python_decorator' retrieved from /home/airflow/.local/lib/python3.8/site-packages/airflow/example_dags/example_python_decorator.py
[2025-01-30T00:07:48.714+0000] {logging_mixin.py:188} INFO - [2025-01-30T00:07:48.713+0000] {dag.py:3036} INFO - Sync 1 DAGs
[2025-01-30T00:07:48.737+0000] {logging_mixin.py:188} INFO - [2025-01-30T00:07:48.736+0000] {dag.py:3823} INFO - Setting next_dagrun for example_python_decorator to None, run_after=None
[2025-01-30T00:07:48.773+0000] {processor.py:183} INFO - Processing /home/airflow/.local/lib/python3.8/site-packages/airflow/example_dags/example_python_decorator.py took 0.140 seconds
[2025-01-30T00:08:20.535+0000] {processor.py:161} INFO - Started process (PID=3927) to work on /home/airflow/.local/lib/python3.8/site-packages/airflow/example_dags/example_python_decorator.py
[2025-01-30T00:08:20.539+0000] {processor.py:830} INFO - Processing file /home/airflow/.local/lib/python3.8/site-packages/airflow/example_dags/example_python_decorator.py for tasks to queue
[2025-01-30T00:08:20.544+0000] {logging_mixin.py:188} INFO - [2025-01-30T00:08:20.543+0000] {dagbag.py:538} INFO - Filling up the DagBag from /home/airflow/.local/lib/python3.8/site-packages/airflow/example_dags/example_python_decorator.py
[2025-01-30T00:08:20.578+0000] {processor.py:840} INFO - DAG(s) 'example_python_decorator' retrieved from /home/airflow/.local/lib/python3.8/site-packages/airflow/example_dags/example_python_decorator.py
[2025-01-30T00:08:20.655+0000] {logging_mixin.py:188} INFO - [2025-01-30T00:08:20.654+0000] {dag.py:3036} INFO - Sync 1 DAGs
[2025-01-30T00:08:20.692+0000] {logging_mixin.py:188} INFO - [2025-01-30T00:08:20.691+0000] {dag.py:3823} INFO - Setting next_dagrun for example_python_decorator to None, run_after=None
[2025-01-30T00:08:20.765+0000] {processor.py:183} INFO - Processing /home/airflow/.local/lib/python3.8/site-packages/airflow/example_dags/example_python_decorator.py took 0.239 seconds
[2025-01-30T00:08:54.686+0000] {processor.py:161} INFO - Started process (PID=3981) to work on /home/airflow/.local/lib/python3.8/site-packages/airflow/example_dags/example_python_decorator.py
[2025-01-30T00:08:54.691+0000] {processor.py:830} INFO - Processing file /home/airflow/.local/lib/python3.8/site-packages/airflow/example_dags/example_python_decorator.py for tasks to queue
[2025-01-30T00:08:54.697+0000] {logging_mixin.py:188} INFO - [2025-01-30T00:08:54.695+0000] {dagbag.py:538} INFO - Filling up the DagBag from /home/airflow/.local/lib/python3.8/site-packages/airflow/example_dags/example_python_decorator.py
[2025-01-30T00:08:54.737+0000] {processor.py:840} INFO - DAG(s) 'example_python_decorator' retrieved from /home/airflow/.local/lib/python3.8/site-packages/airflow/example_dags/example_python_decorator.py
[2025-01-30T00:08:54.802+0000] {logging_mixin.py:188} INFO - [2025-01-30T00:08:54.801+0000] {dag.py:3036} INFO - Sync 1 DAGs
[2025-01-30T00:08:54.860+0000] {logging_mixin.py:188} INFO - [2025-01-30T00:08:54.860+0000] {dag.py:3823} INFO - Setting next_dagrun for example_python_decorator to None, run_after=None
[2025-01-30T00:08:54.926+0000] {processor.py:183} INFO - Processing /home/airflow/.local/lib/python3.8/site-packages/airflow/example_dags/example_python_decorator.py took 0.249 seconds
[2025-01-30T00:09:37.198+0000] {processor.py:161} INFO - Started process (PID=4045) to work on /home/airflow/.local/lib/python3.8/site-packages/airflow/example_dags/example_python_decorator.py
[2025-01-30T00:09:37.213+0000] {processor.py:830} INFO - Processing file /home/airflow/.local/lib/python3.8/site-packages/airflow/example_dags/example_python_decorator.py for tasks to queue
[2025-01-30T00:09:37.217+0000] {logging_mixin.py:188} INFO - [2025-01-30T00:09:37.217+0000] {dagbag.py:538} INFO - Filling up the DagBag from /home/airflow/.local/lib/python3.8/site-packages/airflow/example_dags/example_python_decorator.py
[2025-01-30T00:09:37.334+0000] {processor.py:840} INFO - DAG(s) 'example_python_decorator' retrieved from /home/airflow/.local/lib/python3.8/site-packages/airflow/example_dags/example_python_decorator.py
[2025-01-30T00:09:37.521+0000] {logging_mixin.py:188} INFO - [2025-01-30T00:09:37.520+0000] {dag.py:3036} INFO - Sync 1 DAGs
[2025-01-30T00:09:37.632+0000] {logging_mixin.py:188} INFO - [2025-01-30T00:09:37.631+0000] {dag.py:3823} INFO - Setting next_dagrun for example_python_decorator to None, run_after=None
[2025-01-30T00:09:37.764+0000] {processor.py:183} INFO - Processing /home/airflow/.local/lib/python3.8/site-packages/airflow/example_dags/example_python_decorator.py took 0.580 seconds
[2025-01-30T00:10:12.512+0000] {processor.py:161} INFO - Started process (PID=4102) to work on /home/airflow/.local/lib/python3.8/site-packages/airflow/example_dags/example_python_decorator.py
[2025-01-30T00:10:12.528+0000] {processor.py:830} INFO - Processing file /home/airflow/.local/lib/python3.8/site-packages/airflow/example_dags/example_python_decorator.py for tasks to queue
[2025-01-30T00:10:12.532+0000] {logging_mixin.py:188} INFO - [2025-01-30T00:10:12.531+0000] {dagbag.py:538} INFO - Filling up the DagBag from /home/airflow/.local/lib/python3.8/site-packages/airflow/example_dags/example_python_decorator.py
[2025-01-30T00:10:12.625+0000] {processor.py:840} INFO - DAG(s) 'example_python_decorator' retrieved from /home/airflow/.local/lib/python3.8/site-packages/airflow/example_dags/example_python_decorator.py
[2025-01-30T00:10:12.808+0000] {logging_mixin.py:188} INFO - [2025-01-30T00:10:12.804+0000] {dag.py:3036} INFO - Sync 1 DAGs
[2025-01-30T00:10:12.863+0000] {logging_mixin.py:188} INFO - [2025-01-30T00:10:12.862+0000] {dag.py:3823} INFO - Setting next_dagrun for example_python_decorator to None, run_after=None
[2025-01-30T00:10:12.980+0000] {processor.py:183} INFO - Processing /home/airflow/.local/lib/python3.8/site-packages/airflow/example_dags/example_python_decorator.py took 0.495 seconds
[2025-01-30T00:10:43.154+0000] {processor.py:161} INFO - Started process (PID=4159) to work on /home/airflow/.local/lib/python3.8/site-packages/airflow/example_dags/example_python_decorator.py
[2025-01-30T00:10:43.156+0000] {processor.py:830} INFO - Processing file /home/airflow/.local/lib/python3.8/site-packages/airflow/example_dags/example_python_decorator.py for tasks to queue
[2025-01-30T00:10:43.158+0000] {logging_mixin.py:188} INFO - [2025-01-30T00:10:43.157+0000] {dagbag.py:538} INFO - Filling up the DagBag from /home/airflow/.local/lib/python3.8/site-packages/airflow/example_dags/example_python_decorator.py
[2025-01-30T00:10:43.180+0000] {processor.py:840} INFO - DAG(s) 'example_python_decorator' retrieved from /home/airflow/.local/lib/python3.8/site-packages/airflow/example_dags/example_python_decorator.py
[2025-01-30T00:10:43.220+0000] {logging_mixin.py:188} INFO - [2025-01-30T00:10:43.220+0000] {dag.py:3036} INFO - Sync 1 DAGs
[2025-01-30T00:10:43.254+0000] {logging_mixin.py:188} INFO - [2025-01-30T00:10:43.253+0000] {dag.py:3823} INFO - Setting next_dagrun for example_python_decorator to None, run_after=None
[2025-01-30T00:10:43.298+0000] {processor.py:183} INFO - Processing /home/airflow/.local/lib/python3.8/site-packages/airflow/example_dags/example_python_decorator.py took 0.152 seconds
[2025-01-30T00:11:13.668+0000] {processor.py:161} INFO - Started process (PID=4216) to work on /home/airflow/.local/lib/python3.8/site-packages/airflow/example_dags/example_python_decorator.py
[2025-01-30T00:11:13.671+0000] {processor.py:830} INFO - Processing file /home/airflow/.local/lib/python3.8/site-packages/airflow/example_dags/example_python_decorator.py for tasks to queue
[2025-01-30T00:11:13.673+0000] {logging_mixin.py:188} INFO - [2025-01-30T00:11:13.672+0000] {dagbag.py:538} INFO - Filling up the DagBag from /home/airflow/.local/lib/python3.8/site-packages/airflow/example_dags/example_python_decorator.py
[2025-01-30T00:11:13.707+0000] {processor.py:840} INFO - DAG(s) 'example_python_decorator' retrieved from /home/airflow/.local/lib/python3.8/site-packages/airflow/example_dags/example_python_decorator.py
[2025-01-30T00:11:13.821+0000] {logging_mixin.py:188} INFO - [2025-01-30T00:11:13.818+0000] {dag.py:3036} INFO - Sync 1 DAGs
[2025-01-30T00:11:13.872+0000] {logging_mixin.py:188} INFO - [2025-01-30T00:11:13.872+0000] {dag.py:3823} INFO - Setting next_dagrun for example_python_decorator to None, run_after=None
[2025-01-30T00:11:13.938+0000] {processor.py:183} INFO - Processing /home/airflow/.local/lib/python3.8/site-packages/airflow/example_dags/example_python_decorator.py took 0.278 seconds
[2025-01-30T00:11:44.141+0000] {processor.py:161} INFO - Started process (PID=4273) to work on /home/airflow/.local/lib/python3.8/site-packages/airflow/example_dags/example_python_decorator.py
[2025-01-30T00:11:44.144+0000] {processor.py:830} INFO - Processing file /home/airflow/.local/lib/python3.8/site-packages/airflow/example_dags/example_python_decorator.py for tasks to queue
[2025-01-30T00:11:44.147+0000] {logging_mixin.py:188} INFO - [2025-01-30T00:11:44.146+0000] {dagbag.py:538} INFO - Filling up the DagBag from /home/airflow/.local/lib/python3.8/site-packages/airflow/example_dags/example_python_decorator.py
[2025-01-30T00:11:44.333+0000] {processor.py:840} INFO - DAG(s) 'example_python_decorator' retrieved from /home/airflow/.local/lib/python3.8/site-packages/airflow/example_dags/example_python_decorator.py
[2025-01-30T00:11:44.526+0000] {logging_mixin.py:188} INFO - [2025-01-30T00:11:44.524+0000] {dag.py:3036} INFO - Sync 1 DAGs
[2025-01-30T00:11:44.613+0000] {logging_mixin.py:188} INFO - [2025-01-30T00:11:44.612+0000] {dag.py:3823} INFO - Setting next_dagrun for example_python_decorator to None, run_after=None
[2025-01-30T00:11:44.779+0000] {processor.py:183} INFO - Processing /home/airflow/.local/lib/python3.8/site-packages/airflow/example_dags/example_python_decorator.py took 0.644 seconds
[2025-01-30T00:12:15.805+0000] {processor.py:161} INFO - Started process (PID=4329) to work on /home/airflow/.local/lib/python3.8/site-packages/airflow/example_dags/example_python_decorator.py
[2025-01-30T00:12:15.808+0000] {processor.py:830} INFO - Processing file /home/airflow/.local/lib/python3.8/site-packages/airflow/example_dags/example_python_decorator.py for tasks to queue
[2025-01-30T00:12:15.818+0000] {logging_mixin.py:188} INFO - [2025-01-30T00:12:15.817+0000] {dagbag.py:538} INFO - Filling up the DagBag from /home/airflow/.local/lib/python3.8/site-packages/airflow/example_dags/example_python_decorator.py
[2025-01-30T00:12:15.888+0000] {processor.py:840} INFO - DAG(s) 'example_python_decorator' retrieved from /home/airflow/.local/lib/python3.8/site-packages/airflow/example_dags/example_python_decorator.py
[2025-01-30T00:12:15.993+0000] {logging_mixin.py:188} INFO - [2025-01-30T00:12:15.992+0000] {dag.py:3036} INFO - Sync 1 DAGs
[2025-01-30T00:12:16.059+0000] {logging_mixin.py:188} INFO - [2025-01-30T00:12:16.058+0000] {dag.py:3823} INFO - Setting next_dagrun for example_python_decorator to None, run_after=None
[2025-01-30T00:12:16.190+0000] {processor.py:183} INFO - Processing /home/airflow/.local/lib/python3.8/site-packages/airflow/example_dags/example_python_decorator.py took 0.399 seconds
[2025-01-30T00:12:46.938+0000] {processor.py:161} INFO - Started process (PID=4385) to work on /home/airflow/.local/lib/python3.8/site-packages/airflow/example_dags/example_python_decorator.py
[2025-01-30T00:12:46.940+0000] {processor.py:830} INFO - Processing file /home/airflow/.local/lib/python3.8/site-packages/airflow/example_dags/example_python_decorator.py for tasks to queue
[2025-01-30T00:12:46.942+0000] {logging_mixin.py:188} INFO - [2025-01-30T00:12:46.942+0000] {dagbag.py:538} INFO - Filling up the DagBag from /home/airflow/.local/lib/python3.8/site-packages/airflow/example_dags/example_python_decorator.py
[2025-01-30T00:12:46.973+0000] {processor.py:840} INFO - DAG(s) 'example_python_decorator' retrieved from /home/airflow/.local/lib/python3.8/site-packages/airflow/example_dags/example_python_decorator.py
[2025-01-30T00:12:47.013+0000] {logging_mixin.py:188} INFO - [2025-01-30T00:12:47.013+0000] {dag.py:3036} INFO - Sync 1 DAGs
[2025-01-30T00:12:47.043+0000] {logging_mixin.py:188} INFO - [2025-01-30T00:12:47.042+0000] {dag.py:3823} INFO - Setting next_dagrun for example_python_decorator to None, run_after=None
[2025-01-30T00:12:47.090+0000] {processor.py:183} INFO - Processing /home/airflow/.local/lib/python3.8/site-packages/airflow/example_dags/example_python_decorator.py took 0.157 seconds
[2025-01-30T00:13:17.545+0000] {processor.py:161} INFO - Started process (PID=4441) to work on /home/airflow/.local/lib/python3.8/site-packages/airflow/example_dags/example_python_decorator.py
[2025-01-30T00:13:17.546+0000] {processor.py:830} INFO - Processing file /home/airflow/.local/lib/python3.8/site-packages/airflow/example_dags/example_python_decorator.py for tasks to queue
[2025-01-30T00:13:17.548+0000] {logging_mixin.py:188} INFO - [2025-01-30T00:13:17.548+0000] {dagbag.py:538} INFO - Filling up the DagBag from /home/airflow/.local/lib/python3.8/site-packages/airflow/example_dags/example_python_decorator.py
[2025-01-30T00:13:17.574+0000] {processor.py:840} INFO - DAG(s) 'example_python_decorator' retrieved from /home/airflow/.local/lib/python3.8/site-packages/airflow/example_dags/example_python_decorator.py
[2025-01-30T00:13:17.614+0000] {logging_mixin.py:188} INFO - [2025-01-30T00:13:17.614+0000] {dag.py:3036} INFO - Sync 1 DAGs
[2025-01-30T00:13:17.639+0000] {logging_mixin.py:188} INFO - [2025-01-30T00:13:17.639+0000] {dag.py:3823} INFO - Setting next_dagrun for example_python_decorator to None, run_after=None
[2025-01-30T00:13:17.673+0000] {processor.py:183} INFO - Processing /home/airflow/.local/lib/python3.8/site-packages/airflow/example_dags/example_python_decorator.py took 0.133 seconds
[2025-01-30T00:13:47.812+0000] {processor.py:161} INFO - Started process (PID=4497) to work on /home/airflow/.local/lib/python3.8/site-packages/airflow/example_dags/example_python_decorator.py
[2025-01-30T00:13:47.814+0000] {processor.py:830} INFO - Processing file /home/airflow/.local/lib/python3.8/site-packages/airflow/example_dags/example_python_decorator.py for tasks to queue
[2025-01-30T00:13:47.815+0000] {logging_mixin.py:188} INFO - [2025-01-30T00:13:47.815+0000] {dagbag.py:538} INFO - Filling up the DagBag from /home/airflow/.local/lib/python3.8/site-packages/airflow/example_dags/example_python_decorator.py
[2025-01-30T00:13:47.833+0000] {processor.py:840} INFO - DAG(s) 'example_python_decorator' retrieved from /home/airflow/.local/lib/python3.8/site-packages/airflow/example_dags/example_python_decorator.py
[2025-01-30T00:13:47.863+0000] {logging_mixin.py:188} INFO - [2025-01-30T00:13:47.862+0000] {dag.py:3036} INFO - Sync 1 DAGs
[2025-01-30T00:13:47.883+0000] {logging_mixin.py:188} INFO - [2025-01-30T00:13:47.882+0000] {dag.py:3823} INFO - Setting next_dagrun for example_python_decorator to None, run_after=None
[2025-01-30T00:13:47.910+0000] {processor.py:183} INFO - Processing /home/airflow/.local/lib/python3.8/site-packages/airflow/example_dags/example_python_decorator.py took 0.101 seconds
[2025-01-30T00:14:18.751+0000] {processor.py:161} INFO - Started process (PID=4553) to work on /home/airflow/.local/lib/python3.8/site-packages/airflow/example_dags/example_python_decorator.py
[2025-01-30T00:14:18.756+0000] {processor.py:830} INFO - Processing file /home/airflow/.local/lib/python3.8/site-packages/airflow/example_dags/example_python_decorator.py for tasks to queue
[2025-01-30T00:14:18.760+0000] {logging_mixin.py:188} INFO - [2025-01-30T00:14:18.759+0000] {dagbag.py:538} INFO - Filling up the DagBag from /home/airflow/.local/lib/python3.8/site-packages/airflow/example_dags/example_python_decorator.py
[2025-01-30T00:14:18.811+0000] {processor.py:840} INFO - DAG(s) 'example_python_decorator' retrieved from /home/airflow/.local/lib/python3.8/site-packages/airflow/example_dags/example_python_decorator.py
[2025-01-30T00:14:18.876+0000] {logging_mixin.py:188} INFO - [2025-01-30T00:14:18.876+0000] {dag.py:3036} INFO - Sync 1 DAGs
[2025-01-30T00:14:18.916+0000] {logging_mixin.py:188} INFO - [2025-01-30T00:14:18.915+0000] {dag.py:3823} INFO - Setting next_dagrun for example_python_decorator to None, run_after=None
[2025-01-30T00:14:18.977+0000] {processor.py:183} INFO - Processing /home/airflow/.local/lib/python3.8/site-packages/airflow/example_dags/example_python_decorator.py took 0.233 seconds
[2025-01-30T00:14:51.051+0000] {processor.py:161} INFO - Started process (PID=4611) to work on /home/airflow/.local/lib/python3.8/site-packages/airflow/example_dags/example_python_decorator.py
[2025-01-30T00:14:51.053+0000] {processor.py:830} INFO - Processing file /home/airflow/.local/lib/python3.8/site-packages/airflow/example_dags/example_python_decorator.py for tasks to queue
[2025-01-30T00:14:51.056+0000] {logging_mixin.py:188} INFO - [2025-01-30T00:14:51.055+0000] {dagbag.py:538} INFO - Filling up the DagBag from /home/airflow/.local/lib/python3.8/site-packages/airflow/example_dags/example_python_decorator.py
[2025-01-30T00:14:51.092+0000] {processor.py:840} INFO - DAG(s) 'example_python_decorator' retrieved from /home/airflow/.local/lib/python3.8/site-packages/airflow/example_dags/example_python_decorator.py
[2025-01-30T00:14:51.153+0000] {logging_mixin.py:188} INFO - [2025-01-30T00:14:51.152+0000] {dag.py:3036} INFO - Sync 1 DAGs
[2025-01-30T00:14:51.187+0000] {logging_mixin.py:188} INFO - [2025-01-30T00:14:51.187+0000] {dag.py:3823} INFO - Setting next_dagrun for example_python_decorator to None, run_after=None
[2025-01-30T00:14:51.235+0000] {processor.py:183} INFO - Processing /home/airflow/.local/lib/python3.8/site-packages/airflow/example_dags/example_python_decorator.py took 0.192 seconds
[2025-01-30T00:15:21.735+0000] {processor.py:161} INFO - Started process (PID=4666) to work on /home/airflow/.local/lib/python3.8/site-packages/airflow/example_dags/example_python_decorator.py
[2025-01-30T00:15:21.737+0000] {processor.py:830} INFO - Processing file /home/airflow/.local/lib/python3.8/site-packages/airflow/example_dags/example_python_decorator.py for tasks to queue
[2025-01-30T00:15:21.738+0000] {logging_mixin.py:188} INFO - [2025-01-30T00:15:21.738+0000] {dagbag.py:538} INFO - Filling up the DagBag from /home/airflow/.local/lib/python3.8/site-packages/airflow/example_dags/example_python_decorator.py
[2025-01-30T00:15:21.759+0000] {processor.py:840} INFO - DAG(s) 'example_python_decorator' retrieved from /home/airflow/.local/lib/python3.8/site-packages/airflow/example_dags/example_python_decorator.py
[2025-01-30T00:15:21.794+0000] {logging_mixin.py:188} INFO - [2025-01-30T00:15:21.793+0000] {dag.py:3036} INFO - Sync 1 DAGs
[2025-01-30T00:15:21.819+0000] {logging_mixin.py:188} INFO - [2025-01-30T00:15:21.818+0000] {dag.py:3823} INFO - Setting next_dagrun for example_python_decorator to None, run_after=None
[2025-01-30T00:15:21.852+0000] {processor.py:183} INFO - Processing /home/airflow/.local/lib/python3.8/site-packages/airflow/example_dags/example_python_decorator.py took 0.122 seconds
[2025-01-30T00:15:53.511+0000] {processor.py:161} INFO - Started process (PID=4723) to work on /home/airflow/.local/lib/python3.8/site-packages/airflow/example_dags/example_python_decorator.py
[2025-01-30T00:15:53.522+0000] {processor.py:830} INFO - Processing file /home/airflow/.local/lib/python3.8/site-packages/airflow/example_dags/example_python_decorator.py for tasks to queue
[2025-01-30T00:15:53.528+0000] {logging_mixin.py:188} INFO - [2025-01-30T00:15:53.527+0000] {dagbag.py:538} INFO - Filling up the DagBag from /home/airflow/.local/lib/python3.8/site-packages/airflow/example_dags/example_python_decorator.py
[2025-01-30T00:15:53.603+0000] {processor.py:840} INFO - DAG(s) 'example_python_decorator' retrieved from /home/airflow/.local/lib/python3.8/site-packages/airflow/example_dags/example_python_decorator.py
[2025-01-30T00:15:53.693+0000] {logging_mixin.py:188} INFO - [2025-01-30T00:15:53.692+0000] {dag.py:3036} INFO - Sync 1 DAGs
[2025-01-30T00:15:53.748+0000] {logging_mixin.py:188} INFO - [2025-01-30T00:15:53.742+0000] {dag.py:3823} INFO - Setting next_dagrun for example_python_decorator to None, run_after=None
[2025-01-30T00:15:53.847+0000] {processor.py:183} INFO - Processing /home/airflow/.local/lib/python3.8/site-packages/airflow/example_dags/example_python_decorator.py took 0.354 seconds
[2025-01-30T00:16:33.095+0000] {processor.py:161} INFO - Started process (PID=4785) to work on /home/airflow/.local/lib/python3.8/site-packages/airflow/example_dags/example_python_decorator.py
[2025-01-30T00:16:33.097+0000] {processor.py:830} INFO - Processing file /home/airflow/.local/lib/python3.8/site-packages/airflow/example_dags/example_python_decorator.py for tasks to queue
[2025-01-30T00:16:33.100+0000] {logging_mixin.py:188} INFO - [2025-01-30T00:16:33.099+0000] {dagbag.py:538} INFO - Filling up the DagBag from /home/airflow/.local/lib/python3.8/site-packages/airflow/example_dags/example_python_decorator.py
[2025-01-30T00:16:33.147+0000] {processor.py:840} INFO - DAG(s) 'example_python_decorator' retrieved from /home/airflow/.local/lib/python3.8/site-packages/airflow/example_dags/example_python_decorator.py
[2025-01-30T00:16:33.218+0000] {logging_mixin.py:188} INFO - [2025-01-30T00:16:33.217+0000] {dag.py:3036} INFO - Sync 1 DAGs
[2025-01-30T00:16:33.255+0000] {logging_mixin.py:188} INFO - [2025-01-30T00:16:33.254+0000] {dag.py:3823} INFO - Setting next_dagrun for example_python_decorator to None, run_after=None
[2025-01-30T00:16:33.310+0000] {processor.py:183} INFO - Processing /home/airflow/.local/lib/python3.8/site-packages/airflow/example_dags/example_python_decorator.py took 0.223 seconds
[2025-01-30T00:17:03.514+0000] {processor.py:161} INFO - Started process (PID=4841) to work on /home/airflow/.local/lib/python3.8/site-packages/airflow/example_dags/example_python_decorator.py
[2025-01-30T00:17:03.516+0000] {processor.py:830} INFO - Processing file /home/airflow/.local/lib/python3.8/site-packages/airflow/example_dags/example_python_decorator.py for tasks to queue
[2025-01-30T00:17:03.517+0000] {logging_mixin.py:188} INFO - [2025-01-30T00:17:03.517+0000] {dagbag.py:538} INFO - Filling up the DagBag from /home/airflow/.local/lib/python3.8/site-packages/airflow/example_dags/example_python_decorator.py
[2025-01-30T00:17:03.537+0000] {processor.py:840} INFO - DAG(s) 'example_python_decorator' retrieved from /home/airflow/.local/lib/python3.8/site-packages/airflow/example_dags/example_python_decorator.py
[2025-01-30T00:17:03.573+0000] {logging_mixin.py:188} INFO - [2025-01-30T00:17:03.572+0000] {dag.py:3036} INFO - Sync 1 DAGs
[2025-01-30T00:17:03.594+0000] {logging_mixin.py:188} INFO - [2025-01-30T00:17:03.594+0000] {dag.py:3823} INFO - Setting next_dagrun for example_python_decorator to None, run_after=None
[2025-01-30T00:17:03.625+0000] {processor.py:183} INFO - Processing /home/airflow/.local/lib/python3.8/site-packages/airflow/example_dags/example_python_decorator.py took 0.115 seconds
[2025-01-30T00:17:33.839+0000] {processor.py:161} INFO - Started process (PID=4896) to work on /home/airflow/.local/lib/python3.8/site-packages/airflow/example_dags/example_python_decorator.py
[2025-01-30T00:17:33.840+0000] {processor.py:830} INFO - Processing file /home/airflow/.local/lib/python3.8/site-packages/airflow/example_dags/example_python_decorator.py for tasks to queue
[2025-01-30T00:17:33.842+0000] {logging_mixin.py:188} INFO - [2025-01-30T00:17:33.841+0000] {dagbag.py:538} INFO - Filling up the DagBag from /home/airflow/.local/lib/python3.8/site-packages/airflow/example_dags/example_python_decorator.py
[2025-01-30T00:17:33.863+0000] {processor.py:840} INFO - DAG(s) 'example_python_decorator' retrieved from /home/airflow/.local/lib/python3.8/site-packages/airflow/example_dags/example_python_decorator.py
[2025-01-30T00:17:33.896+0000] {logging_mixin.py:188} INFO - [2025-01-30T00:17:33.896+0000] {dag.py:3036} INFO - Sync 1 DAGs
[2025-01-30T00:17:33.915+0000] {logging_mixin.py:188} INFO - [2025-01-30T00:17:33.914+0000] {dag.py:3823} INFO - Setting next_dagrun for example_python_decorator to None, run_after=None
[2025-01-30T00:17:33.949+0000] {processor.py:183} INFO - Processing /home/airflow/.local/lib/python3.8/site-packages/airflow/example_dags/example_python_decorator.py took 0.114 seconds
[2025-01-30T00:18:09.893+0000] {processor.py:161} INFO - Started process (PID=4957) to work on /home/airflow/.local/lib/python3.8/site-packages/airflow/example_dags/example_python_decorator.py
[2025-01-30T00:18:09.906+0000] {processor.py:830} INFO - Processing file /home/airflow/.local/lib/python3.8/site-packages/airflow/example_dags/example_python_decorator.py for tasks to queue
[2025-01-30T00:18:09.934+0000] {logging_mixin.py:188} INFO - [2025-01-30T00:18:09.933+0000] {dagbag.py:538} INFO - Filling up the DagBag from /home/airflow/.local/lib/python3.8/site-packages/airflow/example_dags/example_python_decorator.py
[2025-01-30T00:18:10.039+0000] {processor.py:840} INFO - DAG(s) 'example_python_decorator' retrieved from /home/airflow/.local/lib/python3.8/site-packages/airflow/example_dags/example_python_decorator.py
[2025-01-30T00:18:10.119+0000] {logging_mixin.py:188} INFO - [2025-01-30T00:18:10.118+0000] {dag.py:3036} INFO - Sync 1 DAGs
[2025-01-30T00:18:10.172+0000] {logging_mixin.py:188} INFO - [2025-01-30T00:18:10.171+0000] {dag.py:3823} INFO - Setting next_dagrun for example_python_decorator to None, run_after=None
[2025-01-30T00:18:10.349+0000] {processor.py:183} INFO - Processing /home/airflow/.local/lib/python3.8/site-packages/airflow/example_dags/example_python_decorator.py took 0.501 seconds
[2025-01-30T00:18:40.925+0000] {processor.py:161} INFO - Started process (PID=5013) to work on /home/airflow/.local/lib/python3.8/site-packages/airflow/example_dags/example_python_decorator.py
[2025-01-30T00:18:40.926+0000] {processor.py:830} INFO - Processing file /home/airflow/.local/lib/python3.8/site-packages/airflow/example_dags/example_python_decorator.py for tasks to queue
[2025-01-30T00:18:40.928+0000] {logging_mixin.py:188} INFO - [2025-01-30T00:18:40.927+0000] {dagbag.py:538} INFO - Filling up the DagBag from /home/airflow/.local/lib/python3.8/site-packages/airflow/example_dags/example_python_decorator.py
[2025-01-30T00:18:40.959+0000] {processor.py:840} INFO - DAG(s) 'example_python_decorator' retrieved from /home/airflow/.local/lib/python3.8/site-packages/airflow/example_dags/example_python_decorator.py
[2025-01-30T00:18:41.001+0000] {logging_mixin.py:188} INFO - [2025-01-30T00:18:41.000+0000] {dag.py:3036} INFO - Sync 1 DAGs
[2025-01-30T00:18:41.028+0000] {logging_mixin.py:188} INFO - [2025-01-30T00:18:41.028+0000] {dag.py:3823} INFO - Setting next_dagrun for example_python_decorator to None, run_after=None
[2025-01-30T00:18:41.074+0000] {processor.py:183} INFO - Processing /home/airflow/.local/lib/python3.8/site-packages/airflow/example_dags/example_python_decorator.py took 0.156 seconds
[2025-01-30T00:19:11.428+0000] {processor.py:161} INFO - Started process (PID=5069) to work on /home/airflow/.local/lib/python3.8/site-packages/airflow/example_dags/example_python_decorator.py
[2025-01-30T00:19:11.430+0000] {processor.py:830} INFO - Processing file /home/airflow/.local/lib/python3.8/site-packages/airflow/example_dags/example_python_decorator.py for tasks to queue
[2025-01-30T00:19:11.431+0000] {logging_mixin.py:188} INFO - [2025-01-30T00:19:11.430+0000] {dagbag.py:538} INFO - Filling up the DagBag from /home/airflow/.local/lib/python3.8/site-packages/airflow/example_dags/example_python_decorator.py
[2025-01-30T00:19:11.450+0000] {processor.py:840} INFO - DAG(s) 'example_python_decorator' retrieved from /home/airflow/.local/lib/python3.8/site-packages/airflow/example_dags/example_python_decorator.py
[2025-01-30T00:19:11.478+0000] {logging_mixin.py:188} INFO - [2025-01-30T00:19:11.478+0000] {dag.py:3036} INFO - Sync 1 DAGs
[2025-01-30T00:19:11.496+0000] {logging_mixin.py:188} INFO - [2025-01-30T00:19:11.496+0000] {dag.py:3823} INFO - Setting next_dagrun for example_python_decorator to None, run_after=None
[2025-01-30T00:19:11.522+0000] {processor.py:183} INFO - Processing /home/airflow/.local/lib/python3.8/site-packages/airflow/example_dags/example_python_decorator.py took 0.098 seconds
[2025-01-30T00:19:41.625+0000] {processor.py:161} INFO - Started process (PID=5125) to work on /home/airflow/.local/lib/python3.8/site-packages/airflow/example_dags/example_python_decorator.py
[2025-01-30T00:19:41.627+0000] {processor.py:830} INFO - Processing file /home/airflow/.local/lib/python3.8/site-packages/airflow/example_dags/example_python_decorator.py for tasks to queue
[2025-01-30T00:19:41.628+0000] {logging_mixin.py:188} INFO - [2025-01-30T00:19:41.628+0000] {dagbag.py:538} INFO - Filling up the DagBag from /home/airflow/.local/lib/python3.8/site-packages/airflow/example_dags/example_python_decorator.py
[2025-01-30T00:19:41.648+0000] {processor.py:840} INFO - DAG(s) 'example_python_decorator' retrieved from /home/airflow/.local/lib/python3.8/site-packages/airflow/example_dags/example_python_decorator.py
[2025-01-30T00:19:41.682+0000] {logging_mixin.py:188} INFO - [2025-01-30T00:19:41.682+0000] {dag.py:3036} INFO - Sync 1 DAGs
[2025-01-30T00:19:41.705+0000] {logging_mixin.py:188} INFO - [2025-01-30T00:19:41.705+0000] {dag.py:3823} INFO - Setting next_dagrun for example_python_decorator to None, run_after=None
[2025-01-30T00:19:41.747+0000] {processor.py:183} INFO - Processing /home/airflow/.local/lib/python3.8/site-packages/airflow/example_dags/example_python_decorator.py took 0.125 seconds
[2025-01-30T00:20:12.466+0000] {processor.py:161} INFO - Started process (PID=5181) to work on /home/airflow/.local/lib/python3.8/site-packages/airflow/example_dags/example_python_decorator.py
[2025-01-30T00:20:12.469+0000] {processor.py:830} INFO - Processing file /home/airflow/.local/lib/python3.8/site-packages/airflow/example_dags/example_python_decorator.py for tasks to queue
[2025-01-30T00:20:12.472+0000] {logging_mixin.py:188} INFO - [2025-01-30T00:20:12.471+0000] {dagbag.py:538} INFO - Filling up the DagBag from /home/airflow/.local/lib/python3.8/site-packages/airflow/example_dags/example_python_decorator.py
[2025-01-30T00:20:12.512+0000] {processor.py:840} INFO - DAG(s) 'example_python_decorator' retrieved from /home/airflow/.local/lib/python3.8/site-packages/airflow/example_dags/example_python_decorator.py
[2025-01-30T00:20:12.567+0000] {logging_mixin.py:188} INFO - [2025-01-30T00:20:12.566+0000] {dag.py:3036} INFO - Sync 1 DAGs
[2025-01-30T00:20:12.597+0000] {logging_mixin.py:188} INFO - [2025-01-30T00:20:12.597+0000] {dag.py:3823} INFO - Setting next_dagrun for example_python_decorator to None, run_after=None
[2025-01-30T00:20:12.697+0000] {processor.py:183} INFO - Processing /home/airflow/.local/lib/python3.8/site-packages/airflow/example_dags/example_python_decorator.py took 0.237 seconds
[2025-01-30T00:20:43.065+0000] {processor.py:161} INFO - Started process (PID=5237) to work on /home/airflow/.local/lib/python3.8/site-packages/airflow/example_dags/example_python_decorator.py
[2025-01-30T00:20:43.067+0000] {processor.py:830} INFO - Processing file /home/airflow/.local/lib/python3.8/site-packages/airflow/example_dags/example_python_decorator.py for tasks to queue
[2025-01-30T00:20:43.069+0000] {logging_mixin.py:188} INFO - [2025-01-30T00:20:43.069+0000] {dagbag.py:538} INFO - Filling up the DagBag from /home/airflow/.local/lib/python3.8/site-packages/airflow/example_dags/example_python_decorator.py
[2025-01-30T00:20:43.094+0000] {processor.py:840} INFO - DAG(s) 'example_python_decorator' retrieved from /home/airflow/.local/lib/python3.8/site-packages/airflow/example_dags/example_python_decorator.py
[2025-01-30T00:20:43.139+0000] {logging_mixin.py:188} INFO - [2025-01-30T00:20:43.139+0000] {dag.py:3036} INFO - Sync 1 DAGs
[2025-01-30T00:20:43.161+0000] {logging_mixin.py:188} INFO - [2025-01-30T00:20:43.161+0000] {dag.py:3823} INFO - Setting next_dagrun for example_python_decorator to None, run_after=None
[2025-01-30T00:20:43.197+0000] {processor.py:183} INFO - Processing /home/airflow/.local/lib/python3.8/site-packages/airflow/example_dags/example_python_decorator.py took 0.139 seconds
[2025-01-30T00:21:16.848+0000] {processor.py:161} INFO - Started process (PID=5293) to work on /home/airflow/.local/lib/python3.8/site-packages/airflow/example_dags/example_python_decorator.py
[2025-01-30T00:21:16.850+0000] {processor.py:830} INFO - Processing file /home/airflow/.local/lib/python3.8/site-packages/airflow/example_dags/example_python_decorator.py for tasks to queue
[2025-01-30T00:21:16.855+0000] {logging_mixin.py:188} INFO - [2025-01-30T00:21:16.854+0000] {dagbag.py:538} INFO - Filling up the DagBag from /home/airflow/.local/lib/python3.8/site-packages/airflow/example_dags/example_python_decorator.py
[2025-01-30T00:21:16.912+0000] {processor.py:840} INFO - DAG(s) 'example_python_decorator' retrieved from /home/airflow/.local/lib/python3.8/site-packages/airflow/example_dags/example_python_decorator.py
[2025-01-30T00:21:17.050+0000] {logging_mixin.py:188} INFO - [2025-01-30T00:21:17.049+0000] {dag.py:3036} INFO - Sync 1 DAGs
[2025-01-30T00:21:17.143+0000] {logging_mixin.py:188} INFO - [2025-01-30T00:21:17.143+0000] {dag.py:3823} INFO - Setting next_dagrun for example_python_decorator to None, run_after=None
[2025-01-30T00:21:17.492+0000] {processor.py:183} INFO - Processing /home/airflow/.local/lib/python3.8/site-packages/airflow/example_dags/example_python_decorator.py took 0.654 seconds
[2025-01-30T00:21:52.776+0000] {processor.py:161} INFO - Started process (PID=5352) to work on /home/airflow/.local/lib/python3.8/site-packages/airflow/example_dags/example_python_decorator.py
[2025-01-30T00:21:52.789+0000] {processor.py:830} INFO - Processing file /home/airflow/.local/lib/python3.8/site-packages/airflow/example_dags/example_python_decorator.py for tasks to queue
[2025-01-30T00:21:52.797+0000] {logging_mixin.py:188} INFO - [2025-01-30T00:21:52.796+0000] {dagbag.py:538} INFO - Filling up the DagBag from /home/airflow/.local/lib/python3.8/site-packages/airflow/example_dags/example_python_decorator.py
[2025-01-30T00:21:52.924+0000] {processor.py:840} INFO - DAG(s) 'example_python_decorator' retrieved from /home/airflow/.local/lib/python3.8/site-packages/airflow/example_dags/example_python_decorator.py
[2025-01-30T00:21:53.182+0000] {logging_mixin.py:188} INFO - [2025-01-30T00:21:53.181+0000] {dag.py:3036} INFO - Sync 1 DAGs
[2025-01-30T00:21:53.388+0000] {logging_mixin.py:188} INFO - [2025-01-30T00:21:53.388+0000] {dag.py:3823} INFO - Setting next_dagrun for example_python_decorator to None, run_after=None
[2025-01-30T00:21:53.561+0000] {processor.py:183} INFO - Processing /home/airflow/.local/lib/python3.8/site-packages/airflow/example_dags/example_python_decorator.py took 0.806 seconds
[2025-01-30T00:22:23.753+0000] {processor.py:161} INFO - Started process (PID=5408) to work on /home/airflow/.local/lib/python3.8/site-packages/airflow/example_dags/example_python_decorator.py
[2025-01-30T00:22:23.755+0000] {processor.py:830} INFO - Processing file /home/airflow/.local/lib/python3.8/site-packages/airflow/example_dags/example_python_decorator.py for tasks to queue
[2025-01-30T00:22:23.761+0000] {logging_mixin.py:188} INFO - [2025-01-30T00:22:23.760+0000] {dagbag.py:538} INFO - Filling up the DagBag from /home/airflow/.local/lib/python3.8/site-packages/airflow/example_dags/example_python_decorator.py
[2025-01-30T00:22:23.798+0000] {processor.py:840} INFO - DAG(s) 'example_python_decorator' retrieved from /home/airflow/.local/lib/python3.8/site-packages/airflow/example_dags/example_python_decorator.py
[2025-01-30T00:22:23.855+0000] {logging_mixin.py:188} INFO - [2025-01-30T00:22:23.854+0000] {dag.py:3036} INFO - Sync 1 DAGs
[2025-01-30T00:22:23.895+0000] {logging_mixin.py:188} INFO - [2025-01-30T00:22:23.894+0000] {dag.py:3823} INFO - Setting next_dagrun for example_python_decorator to None, run_after=None
[2025-01-30T00:22:23.956+0000] {processor.py:183} INFO - Processing /home/airflow/.local/lib/python3.8/site-packages/airflow/example_dags/example_python_decorator.py took 0.210 seconds
[2025-01-30T00:22:58.086+0000] {processor.py:161} INFO - Started process (PID=5464) to work on /home/airflow/.local/lib/python3.8/site-packages/airflow/example_dags/example_python_decorator.py
[2025-01-30T00:22:58.089+0000] {processor.py:830} INFO - Processing file /home/airflow/.local/lib/python3.8/site-packages/airflow/example_dags/example_python_decorator.py for tasks to queue
[2025-01-30T00:22:58.096+0000] {logging_mixin.py:188} INFO - [2025-01-30T00:22:58.095+0000] {dagbag.py:538} INFO - Filling up the DagBag from /home/airflow/.local/lib/python3.8/site-packages/airflow/example_dags/example_python_decorator.py
[2025-01-30T00:22:58.167+0000] {processor.py:840} INFO - DAG(s) 'example_python_decorator' retrieved from /home/airflow/.local/lib/python3.8/site-packages/airflow/example_dags/example_python_decorator.py
[2025-01-30T00:22:58.283+0000] {logging_mixin.py:188} INFO - [2025-01-30T00:22:58.282+0000] {dag.py:3036} INFO - Sync 1 DAGs
[2025-01-30T00:22:58.363+0000] {logging_mixin.py:188} INFO - [2025-01-30T00:22:58.363+0000] {dag.py:3823} INFO - Setting next_dagrun for example_python_decorator to None, run_after=None
[2025-01-30T00:22:58.445+0000] {processor.py:183} INFO - Processing /home/airflow/.local/lib/python3.8/site-packages/airflow/example_dags/example_python_decorator.py took 0.375 seconds
[2025-01-30T00:23:29.672+0000] {processor.py:161} INFO - Started process (PID=5519) to work on /home/airflow/.local/lib/python3.8/site-packages/airflow/example_dags/example_python_decorator.py
[2025-01-30T00:23:29.675+0000] {processor.py:830} INFO - Processing file /home/airflow/.local/lib/python3.8/site-packages/airflow/example_dags/example_python_decorator.py for tasks to queue
[2025-01-30T00:23:29.679+0000] {logging_mixin.py:188} INFO - [2025-01-30T00:23:29.677+0000] {dagbag.py:538} INFO - Filling up the DagBag from /home/airflow/.local/lib/python3.8/site-packages/airflow/example_dags/example_python_decorator.py
[2025-01-30T00:23:29.750+0000] {processor.py:840} INFO - DAG(s) 'example_python_decorator' retrieved from /home/airflow/.local/lib/python3.8/site-packages/airflow/example_dags/example_python_decorator.py
[2025-01-30T00:23:29.863+0000] {logging_mixin.py:188} INFO - [2025-01-30T00:23:29.863+0000] {dag.py:3036} INFO - Sync 1 DAGs
[2025-01-30T00:23:29.958+0000] {logging_mixin.py:188} INFO - [2025-01-30T00:23:29.951+0000] {dag.py:3823} INFO - Setting next_dagrun for example_python_decorator to None, run_after=None
[2025-01-30T00:23:30.066+0000] {processor.py:183} INFO - Processing /home/airflow/.local/lib/python3.8/site-packages/airflow/example_dags/example_python_decorator.py took 0.412 seconds
[2025-01-30T00:24:00.456+0000] {processor.py:161} INFO - Started process (PID=5574) to work on /home/airflow/.local/lib/python3.8/site-packages/airflow/example_dags/example_python_decorator.py
[2025-01-30T00:24:00.461+0000] {processor.py:830} INFO - Processing file /home/airflow/.local/lib/python3.8/site-packages/airflow/example_dags/example_python_decorator.py for tasks to queue
[2025-01-30T00:24:00.470+0000] {logging_mixin.py:188} INFO - [2025-01-30T00:24:00.469+0000] {dagbag.py:538} INFO - Filling up the DagBag from /home/airflow/.local/lib/python3.8/site-packages/airflow/example_dags/example_python_decorator.py
[2025-01-30T00:24:00.517+0000] {processor.py:840} INFO - DAG(s) 'example_python_decorator' retrieved from /home/airflow/.local/lib/python3.8/site-packages/airflow/example_dags/example_python_decorator.py
[2025-01-30T00:24:00.588+0000] {logging_mixin.py:188} INFO - [2025-01-30T00:24:00.588+0000] {dag.py:3036} INFO - Sync 1 DAGs
[2025-01-30T00:24:00.634+0000] {logging_mixin.py:188} INFO - [2025-01-30T00:24:00.633+0000] {dag.py:3823} INFO - Setting next_dagrun for example_python_decorator to None, run_after=None
[2025-01-30T00:24:00.779+0000] {processor.py:183} INFO - Processing /home/airflow/.local/lib/python3.8/site-packages/airflow/example_dags/example_python_decorator.py took 0.342 seconds
[2025-01-30T00:24:31.328+0000] {processor.py:161} INFO - Started process (PID=5630) to work on /home/airflow/.local/lib/python3.8/site-packages/airflow/example_dags/example_python_decorator.py
[2025-01-30T00:24:31.350+0000] {processor.py:830} INFO - Processing file /home/airflow/.local/lib/python3.8/site-packages/airflow/example_dags/example_python_decorator.py for tasks to queue
[2025-01-30T00:24:31.371+0000] {logging_mixin.py:188} INFO - [2025-01-30T00:24:31.369+0000] {dagbag.py:538} INFO - Filling up the DagBag from /home/airflow/.local/lib/python3.8/site-packages/airflow/example_dags/example_python_decorator.py
[2025-01-30T00:24:31.443+0000] {processor.py:840} INFO - DAG(s) 'example_python_decorator' retrieved from /home/airflow/.local/lib/python3.8/site-packages/airflow/example_dags/example_python_decorator.py
[2025-01-30T00:24:31.500+0000] {logging_mixin.py:188} INFO - [2025-01-30T00:24:31.500+0000] {dag.py:3036} INFO - Sync 1 DAGs
[2025-01-30T00:24:31.540+0000] {logging_mixin.py:188} INFO - [2025-01-30T00:24:31.540+0000] {dag.py:3823} INFO - Setting next_dagrun for example_python_decorator to None, run_after=None
[2025-01-30T00:24:31.583+0000] {processor.py:183} INFO - Processing /home/airflow/.local/lib/python3.8/site-packages/airflow/example_dags/example_python_decorator.py took 0.270 seconds
[2025-01-30T00:25:01.940+0000] {processor.py:161} INFO - Started process (PID=5685) to work on /home/airflow/.local/lib/python3.8/site-packages/airflow/example_dags/example_python_decorator.py
[2025-01-30T00:25:01.944+0000] {processor.py:830} INFO - Processing file /home/airflow/.local/lib/python3.8/site-packages/airflow/example_dags/example_python_decorator.py for tasks to queue
[2025-01-30T00:25:01.947+0000] {logging_mixin.py:188} INFO - [2025-01-30T00:25:01.946+0000] {dagbag.py:538} INFO - Filling up the DagBag from /home/airflow/.local/lib/python3.8/site-packages/airflow/example_dags/example_python_decorator.py
[2025-01-30T00:25:02.198+0000] {processor.py:840} INFO - DAG(s) 'example_python_decorator' retrieved from /home/airflow/.local/lib/python3.8/site-packages/airflow/example_dags/example_python_decorator.py
[2025-01-30T00:25:02.363+0000] {logging_mixin.py:188} INFO - [2025-01-30T00:25:02.363+0000] {dag.py:3036} INFO - Sync 1 DAGs
[2025-01-30T00:25:02.485+0000] {logging_mixin.py:188} INFO - [2025-01-30T00:25:02.481+0000] {dag.py:3823} INFO - Setting next_dagrun for example_python_decorator to None, run_after=None
[2025-01-30T00:25:02.596+0000] {processor.py:183} INFO - Processing /home/airflow/.local/lib/python3.8/site-packages/airflow/example_dags/example_python_decorator.py took 0.696 seconds
[2025-01-30T00:25:33.483+0000] {processor.py:161} INFO - Started process (PID=5741) to work on /home/airflow/.local/lib/python3.8/site-packages/airflow/example_dags/example_python_decorator.py
[2025-01-30T00:25:33.485+0000] {processor.py:830} INFO - Processing file /home/airflow/.local/lib/python3.8/site-packages/airflow/example_dags/example_python_decorator.py for tasks to queue
[2025-01-30T00:25:33.486+0000] {logging_mixin.py:188} INFO - [2025-01-30T00:25:33.486+0000] {dagbag.py:538} INFO - Filling up the DagBag from /home/airflow/.local/lib/python3.8/site-packages/airflow/example_dags/example_python_decorator.py
[2025-01-30T00:25:33.509+0000] {processor.py:840} INFO - DAG(s) 'example_python_decorator' retrieved from /home/airflow/.local/lib/python3.8/site-packages/airflow/example_dags/example_python_decorator.py
[2025-01-30T00:25:33.550+0000] {logging_mixin.py:188} INFO - [2025-01-30T00:25:33.549+0000] {dag.py:3036} INFO - Sync 1 DAGs
[2025-01-30T00:25:33.578+0000] {logging_mixin.py:188} INFO - [2025-01-30T00:25:33.577+0000] {dag.py:3823} INFO - Setting next_dagrun for example_python_decorator to None, run_after=None
[2025-01-30T00:25:33.609+0000] {processor.py:183} INFO - Processing /home/airflow/.local/lib/python3.8/site-packages/airflow/example_dags/example_python_decorator.py took 0.131 seconds
[2025-01-30T00:26:04.230+0000] {processor.py:161} INFO - Started process (PID=5797) to work on /home/airflow/.local/lib/python3.8/site-packages/airflow/example_dags/example_python_decorator.py
[2025-01-30T00:26:04.232+0000] {processor.py:830} INFO - Processing file /home/airflow/.local/lib/python3.8/site-packages/airflow/example_dags/example_python_decorator.py for tasks to queue
[2025-01-30T00:26:04.234+0000] {logging_mixin.py:188} INFO - [2025-01-30T00:26:04.233+0000] {dagbag.py:538} INFO - Filling up the DagBag from /home/airflow/.local/lib/python3.8/site-packages/airflow/example_dags/example_python_decorator.py
[2025-01-30T00:26:04.258+0000] {processor.py:840} INFO - DAG(s) 'example_python_decorator' retrieved from /home/airflow/.local/lib/python3.8/site-packages/airflow/example_dags/example_python_decorator.py
[2025-01-30T00:26:04.300+0000] {logging_mixin.py:188} INFO - [2025-01-30T00:26:04.299+0000] {dag.py:3036} INFO - Sync 1 DAGs
[2025-01-30T00:26:04.325+0000] {logging_mixin.py:188} INFO - [2025-01-30T00:26:04.325+0000] {dag.py:3823} INFO - Setting next_dagrun for example_python_decorator to None, run_after=None
[2025-01-30T00:26:04.367+0000] {processor.py:183} INFO - Processing /home/airflow/.local/lib/python3.8/site-packages/airflow/example_dags/example_python_decorator.py took 0.143 seconds
[2025-01-30T00:26:35.136+0000] {processor.py:161} INFO - Started process (PID=5853) to work on /home/airflow/.local/lib/python3.8/site-packages/airflow/example_dags/example_python_decorator.py
[2025-01-30T00:26:35.139+0000] {processor.py:830} INFO - Processing file /home/airflow/.local/lib/python3.8/site-packages/airflow/example_dags/example_python_decorator.py for tasks to queue
[2025-01-30T00:26:35.141+0000] {logging_mixin.py:188} INFO - [2025-01-30T00:26:35.140+0000] {dagbag.py:538} INFO - Filling up the DagBag from /home/airflow/.local/lib/python3.8/site-packages/airflow/example_dags/example_python_decorator.py
[2025-01-30T00:26:35.210+0000] {processor.py:840} INFO - DAG(s) 'example_python_decorator' retrieved from /home/airflow/.local/lib/python3.8/site-packages/airflow/example_dags/example_python_decorator.py
[2025-01-30T00:26:35.443+0000] {logging_mixin.py:188} INFO - [2025-01-30T00:26:35.442+0000] {dag.py:3036} INFO - Sync 1 DAGs
[2025-01-30T00:26:35.512+0000] {logging_mixin.py:188} INFO - [2025-01-30T00:26:35.511+0000] {dag.py:3823} INFO - Setting next_dagrun for example_python_decorator to None, run_after=None
[2025-01-30T00:26:35.686+0000] {processor.py:183} INFO - Processing /home/airflow/.local/lib/python3.8/site-packages/airflow/example_dags/example_python_decorator.py took 0.570 seconds
[2025-01-30T00:27:06.732+0000] {processor.py:161} INFO - Started process (PID=5908) to work on /home/airflow/.local/lib/python3.8/site-packages/airflow/example_dags/example_python_decorator.py
[2025-01-30T00:27:06.757+0000] {processor.py:830} INFO - Processing file /home/airflow/.local/lib/python3.8/site-packages/airflow/example_dags/example_python_decorator.py for tasks to queue
[2025-01-30T00:27:06.775+0000] {logging_mixin.py:188} INFO - [2025-01-30T00:27:06.774+0000] {dagbag.py:538} INFO - Filling up the DagBag from /home/airflow/.local/lib/python3.8/site-packages/airflow/example_dags/example_python_decorator.py
[2025-01-30T00:27:07.077+0000] {processor.py:840} INFO - DAG(s) 'example_python_decorator' retrieved from /home/airflow/.local/lib/python3.8/site-packages/airflow/example_dags/example_python_decorator.py
[2025-01-30T00:27:07.267+0000] {logging_mixin.py:188} INFO - [2025-01-30T00:27:07.266+0000] {dag.py:3036} INFO - Sync 1 DAGs
[2025-01-30T00:27:07.346+0000] {logging_mixin.py:188} INFO - [2025-01-30T00:27:07.345+0000] {dag.py:3823} INFO - Setting next_dagrun for example_python_decorator to None, run_after=None
[2025-01-30T00:27:07.441+0000] {processor.py:183} INFO - Processing /home/airflow/.local/lib/python3.8/site-packages/airflow/example_dags/example_python_decorator.py took 0.762 seconds
[2025-01-30T00:27:37.517+0000] {processor.py:161} INFO - Started process (PID=5963) to work on /home/airflow/.local/lib/python3.8/site-packages/airflow/example_dags/example_python_decorator.py
[2025-01-30T00:27:37.518+0000] {processor.py:830} INFO - Processing file /home/airflow/.local/lib/python3.8/site-packages/airflow/example_dags/example_python_decorator.py for tasks to queue
[2025-01-30T00:27:37.521+0000] {logging_mixin.py:188} INFO - [2025-01-30T00:27:37.520+0000] {dagbag.py:538} INFO - Filling up the DagBag from /home/airflow/.local/lib/python3.8/site-packages/airflow/example_dags/example_python_decorator.py
[2025-01-30T00:27:37.548+0000] {processor.py:840} INFO - DAG(s) 'example_python_decorator' retrieved from /home/airflow/.local/lib/python3.8/site-packages/airflow/example_dags/example_python_decorator.py
[2025-01-30T00:27:37.584+0000] {logging_mixin.py:188} INFO - [2025-01-30T00:27:37.583+0000] {dag.py:3036} INFO - Sync 1 DAGs
[2025-01-30T00:27:37.615+0000] {logging_mixin.py:188} INFO - [2025-01-30T00:27:37.615+0000] {dag.py:3823} INFO - Setting next_dagrun for example_python_decorator to None, run_after=None
[2025-01-30T00:27:37.715+0000] {processor.py:183} INFO - Processing /home/airflow/.local/lib/python3.8/site-packages/airflow/example_dags/example_python_decorator.py took 0.204 seconds
[2025-01-30T00:28:09.262+0000] {processor.py:161} INFO - Started process (PID=6020) to work on /home/airflow/.local/lib/python3.8/site-packages/airflow/example_dags/example_python_decorator.py
[2025-01-30T00:28:09.281+0000] {processor.py:830} INFO - Processing file /home/airflow/.local/lib/python3.8/site-packages/airflow/example_dags/example_python_decorator.py for tasks to queue
[2025-01-30T00:28:09.284+0000] {logging_mixin.py:188} INFO - [2025-01-30T00:28:09.283+0000] {dagbag.py:538} INFO - Filling up the DagBag from /home/airflow/.local/lib/python3.8/site-packages/airflow/example_dags/example_python_decorator.py
[2025-01-30T00:28:09.362+0000] {processor.py:840} INFO - DAG(s) 'example_python_decorator' retrieved from /home/airflow/.local/lib/python3.8/site-packages/airflow/example_dags/example_python_decorator.py
[2025-01-30T00:28:09.519+0000] {logging_mixin.py:188} INFO - [2025-01-30T00:28:09.518+0000] {dag.py:3036} INFO - Sync 1 DAGs
[2025-01-30T00:28:09.610+0000] {logging_mixin.py:188} INFO - [2025-01-30T00:28:09.609+0000] {dag.py:3823} INFO - Setting next_dagrun for example_python_decorator to None, run_after=None
[2025-01-30T00:28:09.727+0000] {processor.py:183} INFO - Processing /home/airflow/.local/lib/python3.8/site-packages/airflow/example_dags/example_python_decorator.py took 0.482 seconds
[2025-01-30T00:28:40.645+0000] {processor.py:161} INFO - Started process (PID=6075) to work on /home/airflow/.local/lib/python3.8/site-packages/airflow/example_dags/example_python_decorator.py
[2025-01-30T00:28:40.660+0000] {processor.py:830} INFO - Processing file /home/airflow/.local/lib/python3.8/site-packages/airflow/example_dags/example_python_decorator.py for tasks to queue
[2025-01-30T00:28:40.677+0000] {logging_mixin.py:188} INFO - [2025-01-30T00:28:40.676+0000] {dagbag.py:538} INFO - Filling up the DagBag from /home/airflow/.local/lib/python3.8/site-packages/airflow/example_dags/example_python_decorator.py
[2025-01-30T00:28:40.802+0000] {processor.py:840} INFO - DAG(s) 'example_python_decorator' retrieved from /home/airflow/.local/lib/python3.8/site-packages/airflow/example_dags/example_python_decorator.py
[2025-01-30T00:28:40.990+0000] {logging_mixin.py:188} INFO - [2025-01-30T00:28:40.989+0000] {dag.py:3036} INFO - Sync 1 DAGs
[2025-01-30T00:28:41.178+0000] {logging_mixin.py:188} INFO - [2025-01-30T00:28:41.177+0000] {dag.py:3823} INFO - Setting next_dagrun for example_python_decorator to None, run_after=None
[2025-01-30T00:28:41.323+0000] {processor.py:183} INFO - Processing /home/airflow/.local/lib/python3.8/site-packages/airflow/example_dags/example_python_decorator.py took 0.808 seconds
[2025-01-30T00:29:12.323+0000] {processor.py:161} INFO - Started process (PID=6129) to work on /home/airflow/.local/lib/python3.8/site-packages/airflow/example_dags/example_python_decorator.py
[2025-01-30T00:29:12.527+0000] {processor.py:830} INFO - Processing file /home/airflow/.local/lib/python3.8/site-packages/airflow/example_dags/example_python_decorator.py for tasks to queue
[2025-01-30T00:29:12.702+0000] {logging_mixin.py:188} INFO - [2025-01-30T00:29:12.701+0000] {dagbag.py:538} INFO - Filling up the DagBag from /home/airflow/.local/lib/python3.8/site-packages/airflow/example_dags/example_python_decorator.py
[2025-01-30T00:29:13.102+0000] {processor.py:840} INFO - DAG(s) 'example_python_decorator' retrieved from /home/airflow/.local/lib/python3.8/site-packages/airflow/example_dags/example_python_decorator.py
[2025-01-30T00:29:13.342+0000] {logging_mixin.py:188} INFO - [2025-01-30T00:29:13.342+0000] {dag.py:3036} INFO - Sync 1 DAGs
[2025-01-30T00:29:13.469+0000] {logging_mixin.py:188} INFO - [2025-01-30T00:29:13.468+0000] {dag.py:3823} INFO - Setting next_dagrun for example_python_decorator to None, run_after=None
[2025-01-30T00:29:13.654+0000] {processor.py:183} INFO - Processing /home/airflow/.local/lib/python3.8/site-packages/airflow/example_dags/example_python_decorator.py took 1.397 seconds
[2025-01-30T00:29:44.335+0000] {processor.py:161} INFO - Started process (PID=6184) to work on /home/airflow/.local/lib/python3.8/site-packages/airflow/example_dags/example_python_decorator.py
[2025-01-30T00:29:44.337+0000] {processor.py:830} INFO - Processing file /home/airflow/.local/lib/python3.8/site-packages/airflow/example_dags/example_python_decorator.py for tasks to queue
[2025-01-30T00:29:44.340+0000] {logging_mixin.py:188} INFO - [2025-01-30T00:29:44.339+0000] {dagbag.py:538} INFO - Filling up the DagBag from /home/airflow/.local/lib/python3.8/site-packages/airflow/example_dags/example_python_decorator.py
[2025-01-30T00:29:44.376+0000] {processor.py:840} INFO - DAG(s) 'example_python_decorator' retrieved from /home/airflow/.local/lib/python3.8/site-packages/airflow/example_dags/example_python_decorator.py
[2025-01-30T00:29:44.432+0000] {logging_mixin.py:188} INFO - [2025-01-30T00:29:44.432+0000] {dag.py:3036} INFO - Sync 1 DAGs
[2025-01-30T00:29:44.464+0000] {logging_mixin.py:188} INFO - [2025-01-30T00:29:44.463+0000] {dag.py:3823} INFO - Setting next_dagrun for example_python_decorator to None, run_after=None
[2025-01-30T00:29:44.546+0000] {processor.py:183} INFO - Processing /home/airflow/.local/lib/python3.8/site-packages/airflow/example_dags/example_python_decorator.py took 0.219 seconds
[2025-01-30T00:30:14.662+0000] {processor.py:161} INFO - Started process (PID=6240) to work on /home/airflow/.local/lib/python3.8/site-packages/airflow/example_dags/example_python_decorator.py
[2025-01-30T00:30:14.664+0000] {processor.py:830} INFO - Processing file /home/airflow/.local/lib/python3.8/site-packages/airflow/example_dags/example_python_decorator.py for tasks to queue
[2025-01-30T00:30:14.665+0000] {logging_mixin.py:188} INFO - [2025-01-30T00:30:14.665+0000] {dagbag.py:538} INFO - Filling up the DagBag from /home/airflow/.local/lib/python3.8/site-packages/airflow/example_dags/example_python_decorator.py
[2025-01-30T00:30:14.689+0000] {processor.py:840} INFO - DAG(s) 'example_python_decorator' retrieved from /home/airflow/.local/lib/python3.8/site-packages/airflow/example_dags/example_python_decorator.py
[2025-01-30T00:30:14.732+0000] {logging_mixin.py:188} INFO - [2025-01-30T00:30:14.731+0000] {dag.py:3036} INFO - Sync 1 DAGs
[2025-01-30T00:30:14.757+0000] {logging_mixin.py:188} INFO - [2025-01-30T00:30:14.757+0000] {dag.py:3823} INFO - Setting next_dagrun for example_python_decorator to None, run_after=None
[2025-01-30T00:30:14.799+0000] {processor.py:183} INFO - Processing /home/airflow/.local/lib/python3.8/site-packages/airflow/example_dags/example_python_decorator.py took 0.141 seconds
[2025-01-30T00:30:44.888+0000] {processor.py:161} INFO - Started process (PID=6295) to work on /home/airflow/.local/lib/python3.8/site-packages/airflow/example_dags/example_python_decorator.py
[2025-01-30T00:30:44.889+0000] {processor.py:830} INFO - Processing file /home/airflow/.local/lib/python3.8/site-packages/airflow/example_dags/example_python_decorator.py for tasks to queue
[2025-01-30T00:30:44.891+0000] {logging_mixin.py:188} INFO - [2025-01-30T00:30:44.891+0000] {dagbag.py:538} INFO - Filling up the DagBag from /home/airflow/.local/lib/python3.8/site-packages/airflow/example_dags/example_python_decorator.py
[2025-01-30T00:30:44.916+0000] {processor.py:840} INFO - DAG(s) 'example_python_decorator' retrieved from /home/airflow/.local/lib/python3.8/site-packages/airflow/example_dags/example_python_decorator.py
[2025-01-30T00:30:44.952+0000] {logging_mixin.py:188} INFO - [2025-01-30T00:30:44.951+0000] {dag.py:3036} INFO - Sync 1 DAGs
[2025-01-30T00:30:44.974+0000] {logging_mixin.py:188} INFO - [2025-01-30T00:30:44.973+0000] {dag.py:3823} INFO - Setting next_dagrun for example_python_decorator to None, run_after=None
[2025-01-30T00:30:45.005+0000] {processor.py:183} INFO - Processing /home/airflow/.local/lib/python3.8/site-packages/airflow/example_dags/example_python_decorator.py took 0.123 seconds
[2025-01-30T00:31:16.312+0000] {processor.py:161} INFO - Started process (PID=6351) to work on /home/airflow/.local/lib/python3.8/site-packages/airflow/example_dags/example_python_decorator.py
[2025-01-30T00:31:16.315+0000] {processor.py:830} INFO - Processing file /home/airflow/.local/lib/python3.8/site-packages/airflow/example_dags/example_python_decorator.py for tasks to queue
[2025-01-30T00:31:16.323+0000] {logging_mixin.py:188} INFO - [2025-01-30T00:31:16.317+0000] {dagbag.py:538} INFO - Filling up the DagBag from /home/airflow/.local/lib/python3.8/site-packages/airflow/example_dags/example_python_decorator.py
[2025-01-30T00:31:16.381+0000] {processor.py:840} INFO - DAG(s) 'example_python_decorator' retrieved from /home/airflow/.local/lib/python3.8/site-packages/airflow/example_dags/example_python_decorator.py
[2025-01-30T00:31:16.493+0000] {logging_mixin.py:188} INFO - [2025-01-30T00:31:16.493+0000] {dag.py:3036} INFO - Sync 1 DAGs
[2025-01-30T00:31:16.564+0000] {logging_mixin.py:188} INFO - [2025-01-30T00:31:16.560+0000] {dag.py:3823} INFO - Setting next_dagrun for example_python_decorator to None, run_after=None
[2025-01-30T00:31:16.736+0000] {processor.py:183} INFO - Processing /home/airflow/.local/lib/python3.8/site-packages/airflow/example_dags/example_python_decorator.py took 0.440 seconds
[2025-01-30T00:31:46.885+0000] {processor.py:161} INFO - Started process (PID=6405) to work on /home/airflow/.local/lib/python3.8/site-packages/airflow/example_dags/example_python_decorator.py
[2025-01-30T00:31:46.896+0000] {processor.py:830} INFO - Processing file /home/airflow/.local/lib/python3.8/site-packages/airflow/example_dags/example_python_decorator.py for tasks to queue
[2025-01-30T00:31:46.908+0000] {logging_mixin.py:188} INFO - [2025-01-30T00:31:46.907+0000] {dagbag.py:538} INFO - Filling up the DagBag from /home/airflow/.local/lib/python3.8/site-packages/airflow/example_dags/example_python_decorator.py
[2025-01-30T00:31:46.989+0000] {processor.py:840} INFO - DAG(s) 'example_python_decorator' retrieved from /home/airflow/.local/lib/python3.8/site-packages/airflow/example_dags/example_python_decorator.py
[2025-01-30T00:31:47.085+0000] {logging_mixin.py:188} INFO - [2025-01-30T00:31:47.084+0000] {dag.py:3036} INFO - Sync 1 DAGs
[2025-01-30T00:31:47.126+0000] {logging_mixin.py:188} INFO - [2025-01-30T00:31:47.126+0000] {dag.py:3823} INFO - Setting next_dagrun for example_python_decorator to None, run_after=None
[2025-01-30T00:31:47.180+0000] {processor.py:183} INFO - Processing /home/airflow/.local/lib/python3.8/site-packages/airflow/example_dags/example_python_decorator.py took 0.303 seconds
[2025-01-30T00:32:17.901+0000] {processor.py:161} INFO - Started process (PID=6460) to work on /home/airflow/.local/lib/python3.8/site-packages/airflow/example_dags/example_python_decorator.py
[2025-01-30T00:32:17.904+0000] {processor.py:830} INFO - Processing file /home/airflow/.local/lib/python3.8/site-packages/airflow/example_dags/example_python_decorator.py for tasks to queue
[2025-01-30T00:32:17.907+0000] {logging_mixin.py:188} INFO - [2025-01-30T00:32:17.907+0000] {dagbag.py:538} INFO - Filling up the DagBag from /home/airflow/.local/lib/python3.8/site-packages/airflow/example_dags/example_python_decorator.py
[2025-01-30T00:32:17.982+0000] {processor.py:840} INFO - DAG(s) 'example_python_decorator' retrieved from /home/airflow/.local/lib/python3.8/site-packages/airflow/example_dags/example_python_decorator.py
[2025-01-30T00:32:18.086+0000] {logging_mixin.py:188} INFO - [2025-01-30T00:32:18.086+0000] {dag.py:3036} INFO - Sync 1 DAGs
[2025-01-30T00:32:18.139+0000] {logging_mixin.py:188} INFO - [2025-01-30T00:32:18.139+0000] {dag.py:3823} INFO - Setting next_dagrun for example_python_decorator to None, run_after=None
[2025-01-30T00:32:18.184+0000] {processor.py:183} INFO - Processing /home/airflow/.local/lib/python3.8/site-packages/airflow/example_dags/example_python_decorator.py took 0.294 seconds
[2025-01-30T00:32:51.130+0000] {processor.py:161} INFO - Started process (PID=6523) to work on /home/airflow/.local/lib/python3.8/site-packages/airflow/example_dags/example_python_decorator.py
[2025-01-30T00:32:51.136+0000] {processor.py:830} INFO - Processing file /home/airflow/.local/lib/python3.8/site-packages/airflow/example_dags/example_python_decorator.py for tasks to queue
[2025-01-30T00:32:51.139+0000] {logging_mixin.py:188} INFO - [2025-01-30T00:32:51.138+0000] {dagbag.py:538} INFO - Filling up the DagBag from /home/airflow/.local/lib/python3.8/site-packages/airflow/example_dags/example_python_decorator.py
[2025-01-30T00:32:51.210+0000] {processor.py:840} INFO - DAG(s) 'example_python_decorator' retrieved from /home/airflow/.local/lib/python3.8/site-packages/airflow/example_dags/example_python_decorator.py
[2025-01-30T00:32:51.336+0000] {logging_mixin.py:188} INFO - [2025-01-30T00:32:51.335+0000] {dag.py:3036} INFO - Sync 1 DAGs
[2025-01-30T00:32:51.388+0000] {logging_mixin.py:188} INFO - [2025-01-30T00:32:51.388+0000] {dag.py:3823} INFO - Setting next_dagrun for example_python_decorator to None, run_after=None
[2025-01-30T00:32:51.476+0000] {processor.py:183} INFO - Processing /home/airflow/.local/lib/python3.8/site-packages/airflow/example_dags/example_python_decorator.py took 0.360 seconds
[2025-01-30T00:33:27.149+0000] {processor.py:161} INFO - Started process (PID=6580) to work on /home/airflow/.local/lib/python3.8/site-packages/airflow/example_dags/example_python_decorator.py
[2025-01-30T00:33:27.153+0000] {processor.py:830} INFO - Processing file /home/airflow/.local/lib/python3.8/site-packages/airflow/example_dags/example_python_decorator.py for tasks to queue
[2025-01-30T00:33:27.165+0000] {logging_mixin.py:188} INFO - [2025-01-30T00:33:27.160+0000] {dagbag.py:538} INFO - Filling up the DagBag from /home/airflow/.local/lib/python3.8/site-packages/airflow/example_dags/example_python_decorator.py
[2025-01-30T00:33:27.239+0000] {processor.py:840} INFO - DAG(s) 'example_python_decorator' retrieved from /home/airflow/.local/lib/python3.8/site-packages/airflow/example_dags/example_python_decorator.py
[2025-01-30T00:33:27.352+0000] {logging_mixin.py:188} INFO - [2025-01-30T00:33:27.351+0000] {dag.py:3036} INFO - Sync 1 DAGs
[2025-01-30T00:33:27.430+0000] {logging_mixin.py:188} INFO - [2025-01-30T00:33:27.429+0000] {dag.py:3823} INFO - Setting next_dagrun for example_python_decorator to None, run_after=None
[2025-01-30T00:33:27.517+0000] {processor.py:183} INFO - Processing /home/airflow/.local/lib/python3.8/site-packages/airflow/example_dags/example_python_decorator.py took 0.383 seconds
