[2025-01-30T00:00:13.771+0000] {processor.py:161} INFO - Started process (PID=3052) to work on /home/airflow/.local/lib/python3.8/site-packages/airflow/example_dags/example_branch_labels.py
[2025-01-30T00:00:13.774+0000] {processor.py:830} INFO - Processing file /home/airflow/.local/lib/python3.8/site-packages/airflow/example_dags/example_branch_labels.py for tasks to queue
[2025-01-30T00:00:13.776+0000] {logging_mixin.py:188} INFO - [2025-01-30T00:00:13.775+0000] {dagbag.py:538} INFO - Filling up the DagBag from /home/airflow/.local/lib/python3.8/site-packages/airflow/example_dags/example_branch_labels.py
[2025-01-30T00:00:13.791+0000] {processor.py:840} INFO - DAG(s) 'example_branch_labels' retrieved from /home/airflow/.local/lib/python3.8/site-packages/airflow/example_dags/example_branch_labels.py
[2025-01-30T00:00:13.835+0000] {logging_mixin.py:188} INFO - [2025-01-30T00:00:13.834+0000] {dag.py:3036} INFO - Sync 1 DAGs
[2025-01-30T00:00:13.884+0000] {logging_mixin.py:188} INFO - [2025-01-30T00:00:13.884+0000] {dag.py:3823} INFO - Setting next_dagrun for example_branch_labels to 2025-01-29 00:00:00+00:00, run_after=2025-01-30 00:00:00+00:00
[2025-01-30T00:00:13.929+0000] {processor.py:183} INFO - Processing /home/airflow/.local/lib/python3.8/site-packages/airflow/example_dags/example_branch_labels.py took 0.164 seconds
[2025-01-30T00:00:44.148+0000] {processor.py:161} INFO - Started process (PID=3108) to work on /home/airflow/.local/lib/python3.8/site-packages/airflow/example_dags/example_branch_labels.py
[2025-01-30T00:00:44.150+0000] {processor.py:830} INFO - Processing file /home/airflow/.local/lib/python3.8/site-packages/airflow/example_dags/example_branch_labels.py for tasks to queue
[2025-01-30T00:00:44.152+0000] {logging_mixin.py:188} INFO - [2025-01-30T00:00:44.152+0000] {dagbag.py:538} INFO - Filling up the DagBag from /home/airflow/.local/lib/python3.8/site-packages/airflow/example_dags/example_branch_labels.py
[2025-01-30T00:00:44.167+0000] {processor.py:840} INFO - DAG(s) 'example_branch_labels' retrieved from /home/airflow/.local/lib/python3.8/site-packages/airflow/example_dags/example_branch_labels.py
[2025-01-30T00:00:44.212+0000] {logging_mixin.py:188} INFO - [2025-01-30T00:00:44.212+0000] {dag.py:3036} INFO - Sync 1 DAGs
[2025-01-30T00:00:44.261+0000] {logging_mixin.py:188} INFO - [2025-01-30T00:00:44.260+0000] {dag.py:3823} INFO - Setting next_dagrun for example_branch_labels to 2025-01-29 00:00:00+00:00, run_after=2025-01-30 00:00:00+00:00
[2025-01-30T00:00:44.295+0000] {processor.py:183} INFO - Processing /home/airflow/.local/lib/python3.8/site-packages/airflow/example_dags/example_branch_labels.py took 0.153 seconds
[2025-01-30T00:01:17.814+0000] {processor.py:161} INFO - Started process (PID=3164) to work on /home/airflow/.local/lib/python3.8/site-packages/airflow/example_dags/example_branch_labels.py
[2025-01-30T00:01:17.842+0000] {processor.py:830} INFO - Processing file /home/airflow/.local/lib/python3.8/site-packages/airflow/example_dags/example_branch_labels.py for tasks to queue
[2025-01-30T00:01:17.859+0000] {logging_mixin.py:188} INFO - [2025-01-30T00:01:17.858+0000] {dagbag.py:538} INFO - Filling up the DagBag from /home/airflow/.local/lib/python3.8/site-packages/airflow/example_dags/example_branch_labels.py
[2025-01-30T00:01:17.991+0000] {processor.py:840} INFO - DAG(s) 'example_branch_labels' retrieved from /home/airflow/.local/lib/python3.8/site-packages/airflow/example_dags/example_branch_labels.py
[2025-01-30T00:01:18.262+0000] {logging_mixin.py:188} INFO - [2025-01-30T00:01:18.262+0000] {dag.py:3036} INFO - Sync 1 DAGs
[2025-01-30T00:01:18.526+0000] {logging_mixin.py:188} INFO - [2025-01-30T00:01:18.525+0000] {dag.py:3823} INFO - Setting next_dagrun for example_branch_labels to 2025-01-29 00:00:00+00:00, run_after=2025-01-30 00:00:00+00:00
[2025-01-30T00:01:18.665+0000] {processor.py:183} INFO - Processing /home/airflow/.local/lib/python3.8/site-packages/airflow/example_dags/example_branch_labels.py took 0.901 seconds
[2025-01-30T00:01:49.131+0000] {processor.py:161} INFO - Started process (PID=3219) to work on /home/airflow/.local/lib/python3.8/site-packages/airflow/example_dags/example_branch_labels.py
[2025-01-30T00:01:49.133+0000] {processor.py:830} INFO - Processing file /home/airflow/.local/lib/python3.8/site-packages/airflow/example_dags/example_branch_labels.py for tasks to queue
[2025-01-30T00:01:49.134+0000] {logging_mixin.py:188} INFO - [2025-01-30T00:01:49.134+0000] {dagbag.py:538} INFO - Filling up the DagBag from /home/airflow/.local/lib/python3.8/site-packages/airflow/example_dags/example_branch_labels.py
[2025-01-30T00:01:49.146+0000] {processor.py:840} INFO - DAG(s) 'example_branch_labels' retrieved from /home/airflow/.local/lib/python3.8/site-packages/airflow/example_dags/example_branch_labels.py
[2025-01-30T00:01:49.187+0000] {logging_mixin.py:188} INFO - [2025-01-30T00:01:49.186+0000] {dag.py:3036} INFO - Sync 1 DAGs
[2025-01-30T00:01:49.234+0000] {logging_mixin.py:188} INFO - [2025-01-30T00:01:49.234+0000] {dag.py:3823} INFO - Setting next_dagrun for example_branch_labels to 2025-01-29 00:00:00+00:00, run_after=2025-01-30 00:00:00+00:00
[2025-01-30T00:01:49.267+0000] {processor.py:183} INFO - Processing /home/airflow/.local/lib/python3.8/site-packages/airflow/example_dags/example_branch_labels.py took 0.140 seconds
[2025-01-30T00:02:19.443+0000] {processor.py:161} INFO - Started process (PID=3275) to work on /home/airflow/.local/lib/python3.8/site-packages/airflow/example_dags/example_branch_labels.py
[2025-01-30T00:02:19.445+0000] {processor.py:830} INFO - Processing file /home/airflow/.local/lib/python3.8/site-packages/airflow/example_dags/example_branch_labels.py for tasks to queue
[2025-01-30T00:02:19.451+0000] {logging_mixin.py:188} INFO - [2025-01-30T00:02:19.450+0000] {dagbag.py:538} INFO - Filling up the DagBag from /home/airflow/.local/lib/python3.8/site-packages/airflow/example_dags/example_branch_labels.py
[2025-01-30T00:02:19.478+0000] {processor.py:840} INFO - DAG(s) 'example_branch_labels' retrieved from /home/airflow/.local/lib/python3.8/site-packages/airflow/example_dags/example_branch_labels.py
[2025-01-30T00:02:19.541+0000] {logging_mixin.py:188} INFO - [2025-01-30T00:02:19.541+0000] {dag.py:3036} INFO - Sync 1 DAGs
[2025-01-30T00:02:19.610+0000] {logging_mixin.py:188} INFO - [2025-01-30T00:02:19.609+0000] {dag.py:3823} INFO - Setting next_dagrun for example_branch_labels to 2025-01-29 00:00:00+00:00, run_after=2025-01-30 00:00:00+00:00
[2025-01-30T00:02:19.672+0000] {processor.py:183} INFO - Processing /home/airflow/.local/lib/python3.8/site-packages/airflow/example_dags/example_branch_labels.py took 0.236 seconds
[2025-01-30T00:02:50.558+0000] {processor.py:161} INFO - Started process (PID=3331) to work on /home/airflow/.local/lib/python3.8/site-packages/airflow/example_dags/example_branch_labels.py
[2025-01-30T00:02:50.563+0000] {processor.py:830} INFO - Processing file /home/airflow/.local/lib/python3.8/site-packages/airflow/example_dags/example_branch_labels.py for tasks to queue
[2025-01-30T00:02:50.567+0000] {logging_mixin.py:188} INFO - [2025-01-30T00:02:50.566+0000] {dagbag.py:538} INFO - Filling up the DagBag from /home/airflow/.local/lib/python3.8/site-packages/airflow/example_dags/example_branch_labels.py
[2025-01-30T00:02:50.599+0000] {processor.py:840} INFO - DAG(s) 'example_branch_labels' retrieved from /home/airflow/.local/lib/python3.8/site-packages/airflow/example_dags/example_branch_labels.py
[2025-01-30T00:02:50.670+0000] {logging_mixin.py:188} INFO - [2025-01-30T00:02:50.669+0000] {dag.py:3036} INFO - Sync 1 DAGs
[2025-01-30T00:02:50.765+0000] {logging_mixin.py:188} INFO - [2025-01-30T00:02:50.765+0000] {dag.py:3823} INFO - Setting next_dagrun for example_branch_labels to 2025-01-29 00:00:00+00:00, run_after=2025-01-30 00:00:00+00:00
[2025-01-30T00:02:50.950+0000] {processor.py:183} INFO - Processing /home/airflow/.local/lib/python3.8/site-packages/airflow/example_dags/example_branch_labels.py took 0.400 seconds
[2025-01-30T00:03:25.113+0000] {processor.py:161} INFO - Started process (PID=3387) to work on /home/airflow/.local/lib/python3.8/site-packages/airflow/example_dags/example_branch_labels.py
[2025-01-30T00:03:25.162+0000] {processor.py:830} INFO - Processing file /home/airflow/.local/lib/python3.8/site-packages/airflow/example_dags/example_branch_labels.py for tasks to queue
[2025-01-30T00:03:25.213+0000] {logging_mixin.py:188} INFO - [2025-01-30T00:03:25.185+0000] {dagbag.py:538} INFO - Filling up the DagBag from /home/airflow/.local/lib/python3.8/site-packages/airflow/example_dags/example_branch_labels.py
[2025-01-30T00:03:25.314+0000] {processor.py:840} INFO - DAG(s) 'example_branch_labels' retrieved from /home/airflow/.local/lib/python3.8/site-packages/airflow/example_dags/example_branch_labels.py
[2025-01-30T00:03:25.431+0000] {logging_mixin.py:188} INFO - [2025-01-30T00:03:25.430+0000] {dag.py:3036} INFO - Sync 1 DAGs
[2025-01-30T00:03:25.566+0000] {logging_mixin.py:188} INFO - [2025-01-30T00:03:25.565+0000] {dag.py:3823} INFO - Setting next_dagrun for example_branch_labels to 2025-01-29 00:00:00+00:00, run_after=2025-01-30 00:00:00+00:00
[2025-01-30T00:03:25.647+0000] {processor.py:183} INFO - Processing /home/airflow/.local/lib/python3.8/site-packages/airflow/example_dags/example_branch_labels.py took 0.606 seconds
[2025-01-30T00:03:56.198+0000] {processor.py:161} INFO - Started process (PID=3442) to work on /home/airflow/.local/lib/python3.8/site-packages/airflow/example_dags/example_branch_labels.py
[2025-01-30T00:03:56.200+0000] {processor.py:830} INFO - Processing file /home/airflow/.local/lib/python3.8/site-packages/airflow/example_dags/example_branch_labels.py for tasks to queue
[2025-01-30T00:03:56.212+0000] {logging_mixin.py:188} INFO - [2025-01-30T00:03:56.211+0000] {dagbag.py:538} INFO - Filling up the DagBag from /home/airflow/.local/lib/python3.8/site-packages/airflow/example_dags/example_branch_labels.py
[2025-01-30T00:03:56.250+0000] {processor.py:840} INFO - DAG(s) 'example_branch_labels' retrieved from /home/airflow/.local/lib/python3.8/site-packages/airflow/example_dags/example_branch_labels.py
[2025-01-30T00:03:56.336+0000] {logging_mixin.py:188} INFO - [2025-01-30T00:03:56.336+0000] {dag.py:3036} INFO - Sync 1 DAGs
[2025-01-30T00:03:56.482+0000] {logging_mixin.py:188} INFO - [2025-01-30T00:03:56.481+0000] {dag.py:3823} INFO - Setting next_dagrun for example_branch_labels to 2025-01-29 00:00:00+00:00, run_after=2025-01-30 00:00:00+00:00
[2025-01-30T00:03:56.664+0000] {processor.py:183} INFO - Processing /home/airflow/.local/lib/python3.8/site-packages/airflow/example_dags/example_branch_labels.py took 0.471 seconds
[2025-01-30T00:04:26.853+0000] {processor.py:161} INFO - Started process (PID=3498) to work on /home/airflow/.local/lib/python3.8/site-packages/airflow/example_dags/example_branch_labels.py
[2025-01-30T00:04:26.856+0000] {processor.py:830} INFO - Processing file /home/airflow/.local/lib/python3.8/site-packages/airflow/example_dags/example_branch_labels.py for tasks to queue
[2025-01-30T00:04:26.859+0000] {logging_mixin.py:188} INFO - [2025-01-30T00:04:26.858+0000] {dagbag.py:538} INFO - Filling up the DagBag from /home/airflow/.local/lib/python3.8/site-packages/airflow/example_dags/example_branch_labels.py
[2025-01-30T00:04:26.902+0000] {processor.py:840} INFO - DAG(s) 'example_branch_labels' retrieved from /home/airflow/.local/lib/python3.8/site-packages/airflow/example_dags/example_branch_labels.py
[2025-01-30T00:04:26.985+0000] {logging_mixin.py:188} INFO - [2025-01-30T00:04:26.984+0000] {dag.py:3036} INFO - Sync 1 DAGs
[2025-01-30T00:04:27.066+0000] {logging_mixin.py:188} INFO - [2025-01-30T00:04:27.062+0000] {dag.py:3823} INFO - Setting next_dagrun for example_branch_labels to 2025-01-29 00:00:00+00:00, run_after=2025-01-30 00:00:00+00:00
[2025-01-30T00:04:27.130+0000] {processor.py:183} INFO - Processing /home/airflow/.local/lib/python3.8/site-packages/airflow/example_dags/example_branch_labels.py took 0.289 seconds
[2025-01-30T00:04:57.948+0000] {processor.py:161} INFO - Started process (PID=3553) to work on /home/airflow/.local/lib/python3.8/site-packages/airflow/example_dags/example_branch_labels.py
[2025-01-30T00:04:57.953+0000] {processor.py:830} INFO - Processing file /home/airflow/.local/lib/python3.8/site-packages/airflow/example_dags/example_branch_labels.py for tasks to queue
[2025-01-30T00:04:57.956+0000] {logging_mixin.py:188} INFO - [2025-01-30T00:04:57.955+0000] {dagbag.py:538} INFO - Filling up the DagBag from /home/airflow/.local/lib/python3.8/site-packages/airflow/example_dags/example_branch_labels.py
[2025-01-30T00:04:57.992+0000] {processor.py:840} INFO - DAG(s) 'example_branch_labels' retrieved from /home/airflow/.local/lib/python3.8/site-packages/airflow/example_dags/example_branch_labels.py
[2025-01-30T00:04:58.050+0000] {logging_mixin.py:188} INFO - [2025-01-30T00:04:58.049+0000] {dag.py:3036} INFO - Sync 1 DAGs
[2025-01-30T00:04:58.102+0000] {logging_mixin.py:188} INFO - [2025-01-30T00:04:58.102+0000] {dag.py:3823} INFO - Setting next_dagrun for example_branch_labels to 2025-01-29 00:00:00+00:00, run_after=2025-01-30 00:00:00+00:00
[2025-01-30T00:04:58.143+0000] {processor.py:183} INFO - Processing /home/airflow/.local/lib/python3.8/site-packages/airflow/example_dags/example_branch_labels.py took 0.207 seconds
[2025-01-30T00:05:29.757+0000] {processor.py:161} INFO - Started process (PID=3609) to work on /home/airflow/.local/lib/python3.8/site-packages/airflow/example_dags/example_branch_labels.py
[2025-01-30T00:05:29.788+0000] {processor.py:830} INFO - Processing file /home/airflow/.local/lib/python3.8/site-packages/airflow/example_dags/example_branch_labels.py for tasks to queue
[2025-01-30T00:05:29.808+0000] {logging_mixin.py:188} INFO - [2025-01-30T00:05:29.801+0000] {dagbag.py:538} INFO - Filling up the DagBag from /home/airflow/.local/lib/python3.8/site-packages/airflow/example_dags/example_branch_labels.py
[2025-01-30T00:05:29.861+0000] {processor.py:840} INFO - DAG(s) 'example_branch_labels' retrieved from /home/airflow/.local/lib/python3.8/site-packages/airflow/example_dags/example_branch_labels.py
[2025-01-30T00:05:30.130+0000] {logging_mixin.py:188} INFO - [2025-01-30T00:05:30.119+0000] {dag.py:3036} INFO - Sync 1 DAGs
[2025-01-30T00:05:30.367+0000] {logging_mixin.py:188} INFO - [2025-01-30T00:05:30.366+0000] {dag.py:3823} INFO - Setting next_dagrun for example_branch_labels to 2025-01-29 00:00:00+00:00, run_after=2025-01-30 00:00:00+00:00
[2025-01-30T00:05:30.540+0000] {processor.py:183} INFO - Processing /home/airflow/.local/lib/python3.8/site-packages/airflow/example_dags/example_branch_labels.py took 0.801 seconds
[2025-01-30T00:06:00.873+0000] {processor.py:161} INFO - Started process (PID=3666) to work on /home/airflow/.local/lib/python3.8/site-packages/airflow/example_dags/example_branch_labels.py
[2025-01-30T00:06:00.878+0000] {processor.py:830} INFO - Processing file /home/airflow/.local/lib/python3.8/site-packages/airflow/example_dags/example_branch_labels.py for tasks to queue
[2025-01-30T00:06:00.884+0000] {logging_mixin.py:188} INFO - [2025-01-30T00:06:00.883+0000] {dagbag.py:538} INFO - Filling up the DagBag from /home/airflow/.local/lib/python3.8/site-packages/airflow/example_dags/example_branch_labels.py
[2025-01-30T00:06:00.920+0000] {processor.py:840} INFO - DAG(s) 'example_branch_labels' retrieved from /home/airflow/.local/lib/python3.8/site-packages/airflow/example_dags/example_branch_labels.py
[2025-01-30T00:06:01.005+0000] {logging_mixin.py:188} INFO - [2025-01-30T00:06:01.004+0000] {dag.py:3036} INFO - Sync 1 DAGs
[2025-01-30T00:06:01.060+0000] {logging_mixin.py:188} INFO - [2025-01-30T00:06:01.060+0000] {dag.py:3823} INFO - Setting next_dagrun for example_branch_labels to 2025-01-29 00:00:00+00:00, run_after=2025-01-30 00:00:00+00:00
[2025-01-30T00:06:01.119+0000] {processor.py:183} INFO - Processing /home/airflow/.local/lib/python3.8/site-packages/airflow/example_dags/example_branch_labels.py took 0.256 seconds
[2025-01-30T00:06:31.427+0000] {processor.py:161} INFO - Started process (PID=3722) to work on /home/airflow/.local/lib/python3.8/site-packages/airflow/example_dags/example_branch_labels.py
[2025-01-30T00:06:31.428+0000] {processor.py:830} INFO - Processing file /home/airflow/.local/lib/python3.8/site-packages/airflow/example_dags/example_branch_labels.py for tasks to queue
[2025-01-30T00:06:31.430+0000] {logging_mixin.py:188} INFO - [2025-01-30T00:06:31.430+0000] {dagbag.py:538} INFO - Filling up the DagBag from /home/airflow/.local/lib/python3.8/site-packages/airflow/example_dags/example_branch_labels.py
[2025-01-30T00:06:31.448+0000] {processor.py:840} INFO - DAG(s) 'example_branch_labels' retrieved from /home/airflow/.local/lib/python3.8/site-packages/airflow/example_dags/example_branch_labels.py
[2025-01-30T00:06:31.569+0000] {logging_mixin.py:188} INFO - [2025-01-30T00:06:31.560+0000] {dag.py:3036} INFO - Sync 1 DAGs
[2025-01-30T00:06:31.690+0000] {logging_mixin.py:188} INFO - [2025-01-30T00:06:31.690+0000] {dag.py:3823} INFO - Setting next_dagrun for example_branch_labels to 2025-01-29 00:00:00+00:00, run_after=2025-01-30 00:00:00+00:00
[2025-01-30T00:06:31.746+0000] {processor.py:183} INFO - Processing /home/airflow/.local/lib/python3.8/site-packages/airflow/example_dags/example_branch_labels.py took 0.324 seconds
[2025-01-30T00:07:02.315+0000] {processor.py:161} INFO - Started process (PID=3784) to work on /home/airflow/.local/lib/python3.8/site-packages/airflow/example_dags/example_branch_labels.py
[2025-01-30T00:07:02.329+0000] {processor.py:830} INFO - Processing file /home/airflow/.local/lib/python3.8/site-packages/airflow/example_dags/example_branch_labels.py for tasks to queue
[2025-01-30T00:07:02.336+0000] {logging_mixin.py:188} INFO - [2025-01-30T00:07:02.335+0000] {dagbag.py:538} INFO - Filling up the DagBag from /home/airflow/.local/lib/python3.8/site-packages/airflow/example_dags/example_branch_labels.py
[2025-01-30T00:07:02.355+0000] {processor.py:840} INFO - DAG(s) 'example_branch_labels' retrieved from /home/airflow/.local/lib/python3.8/site-packages/airflow/example_dags/example_branch_labels.py
[2025-01-30T00:07:02.404+0000] {logging_mixin.py:188} INFO - [2025-01-30T00:07:02.403+0000] {dag.py:3036} INFO - Sync 1 DAGs
[2025-01-30T00:07:02.460+0000] {logging_mixin.py:188} INFO - [2025-01-30T00:07:02.459+0000] {dag.py:3823} INFO - Setting next_dagrun for example_branch_labels to 2025-01-29 00:00:00+00:00, run_after=2025-01-30 00:00:00+00:00
[2025-01-30T00:07:02.504+0000] {processor.py:183} INFO - Processing /home/airflow/.local/lib/python3.8/site-packages/airflow/example_dags/example_branch_labels.py took 0.196 seconds
[2025-01-30T00:07:33.004+0000] {processor.py:161} INFO - Started process (PID=3840) to work on /home/airflow/.local/lib/python3.8/site-packages/airflow/example_dags/example_branch_labels.py
[2025-01-30T00:07:33.006+0000] {processor.py:830} INFO - Processing file /home/airflow/.local/lib/python3.8/site-packages/airflow/example_dags/example_branch_labels.py for tasks to queue
[2025-01-30T00:07:33.008+0000] {logging_mixin.py:188} INFO - [2025-01-30T00:07:33.007+0000] {dagbag.py:538} INFO - Filling up the DagBag from /home/airflow/.local/lib/python3.8/site-packages/airflow/example_dags/example_branch_labels.py
[2025-01-30T00:07:33.047+0000] {processor.py:840} INFO - DAG(s) 'example_branch_labels' retrieved from /home/airflow/.local/lib/python3.8/site-packages/airflow/example_dags/example_branch_labels.py
[2025-01-30T00:07:33.128+0000] {logging_mixin.py:188} INFO - [2025-01-30T00:07:33.127+0000] {dag.py:3036} INFO - Sync 1 DAGs
[2025-01-30T00:07:33.283+0000] {logging_mixin.py:188} INFO - [2025-01-30T00:07:33.282+0000] {dag.py:3823} INFO - Setting next_dagrun for example_branch_labels to 2025-01-29 00:00:00+00:00, run_after=2025-01-30 00:00:00+00:00
[2025-01-30T00:07:33.347+0000] {processor.py:183} INFO - Processing /home/airflow/.local/lib/python3.8/site-packages/airflow/example_dags/example_branch_labels.py took 0.350 seconds
[2025-01-30T00:08:03.613+0000] {processor.py:161} INFO - Started process (PID=3896) to work on /home/airflow/.local/lib/python3.8/site-packages/airflow/example_dags/example_branch_labels.py
[2025-01-30T00:08:03.623+0000] {processor.py:830} INFO - Processing file /home/airflow/.local/lib/python3.8/site-packages/airflow/example_dags/example_branch_labels.py for tasks to queue
[2025-01-30T00:08:03.626+0000] {logging_mixin.py:188} INFO - [2025-01-30T00:08:03.625+0000] {dagbag.py:538} INFO - Filling up the DagBag from /home/airflow/.local/lib/python3.8/site-packages/airflow/example_dags/example_branch_labels.py
[2025-01-30T00:08:03.663+0000] {processor.py:840} INFO - DAG(s) 'example_branch_labels' retrieved from /home/airflow/.local/lib/python3.8/site-packages/airflow/example_dags/example_branch_labels.py
[2025-01-30T00:08:03.805+0000] {logging_mixin.py:188} INFO - [2025-01-30T00:08:03.801+0000] {dag.py:3036} INFO - Sync 1 DAGs
[2025-01-30T00:08:04.114+0000] {logging_mixin.py:188} INFO - [2025-01-30T00:08:04.100+0000] {dag.py:3823} INFO - Setting next_dagrun for example_branch_labels to 2025-01-29 00:00:00+00:00, run_after=2025-01-30 00:00:00+00:00
[2025-01-30T00:08:04.554+0000] {processor.py:183} INFO - Processing /home/airflow/.local/lib/python3.8/site-packages/airflow/example_dags/example_branch_labels.py took 0.949 seconds
[2025-01-30T00:08:35.167+0000] {processor.py:161} INFO - Started process (PID=3952) to work on /home/airflow/.local/lib/python3.8/site-packages/airflow/example_dags/example_branch_labels.py
[2025-01-30T00:08:35.181+0000] {processor.py:830} INFO - Processing file /home/airflow/.local/lib/python3.8/site-packages/airflow/example_dags/example_branch_labels.py for tasks to queue
[2025-01-30T00:08:35.194+0000] {logging_mixin.py:188} INFO - [2025-01-30T00:08:35.184+0000] {dagbag.py:538} INFO - Filling up the DagBag from /home/airflow/.local/lib/python3.8/site-packages/airflow/example_dags/example_branch_labels.py
[2025-01-30T00:08:35.255+0000] {processor.py:840} INFO - DAG(s) 'example_branch_labels' retrieved from /home/airflow/.local/lib/python3.8/site-packages/airflow/example_dags/example_branch_labels.py
[2025-01-30T00:08:35.447+0000] {logging_mixin.py:188} INFO - [2025-01-30T00:08:35.446+0000] {dag.py:3036} INFO - Sync 1 DAGs
[2025-01-30T00:08:35.679+0000] {logging_mixin.py:188} INFO - [2025-01-30T00:08:35.678+0000] {dag.py:3823} INFO - Setting next_dagrun for example_branch_labels to 2025-01-29 00:00:00+00:00, run_after=2025-01-30 00:00:00+00:00
[2025-01-30T00:08:35.751+0000] {processor.py:183} INFO - Processing /home/airflow/.local/lib/python3.8/site-packages/airflow/example_dags/example_branch_labels.py took 0.591 seconds
[2025-01-30T00:09:06.540+0000] {processor.py:161} INFO - Started process (PID=4008) to work on /home/airflow/.local/lib/python3.8/site-packages/airflow/example_dags/example_branch_labels.py
[2025-01-30T00:09:06.570+0000] {processor.py:830} INFO - Processing file /home/airflow/.local/lib/python3.8/site-packages/airflow/example_dags/example_branch_labels.py for tasks to queue
[2025-01-30T00:09:06.627+0000] {logging_mixin.py:188} INFO - [2025-01-30T00:09:06.626+0000] {dagbag.py:538} INFO - Filling up the DagBag from /home/airflow/.local/lib/python3.8/site-packages/airflow/example_dags/example_branch_labels.py
[2025-01-30T00:09:06.708+0000] {processor.py:840} INFO - DAG(s) 'example_branch_labels' retrieved from /home/airflow/.local/lib/python3.8/site-packages/airflow/example_dags/example_branch_labels.py
[2025-01-30T00:09:06.919+0000] {logging_mixin.py:188} INFO - [2025-01-30T00:09:06.919+0000] {dag.py:3036} INFO - Sync 1 DAGs
[2025-01-30T00:09:07.010+0000] {logging_mixin.py:188} INFO - [2025-01-30T00:09:07.009+0000] {dag.py:3823} INFO - Setting next_dagrun for example_branch_labels to 2025-01-29 00:00:00+00:00, run_after=2025-01-30 00:00:00+00:00
[2025-01-30T00:09:07.061+0000] {processor.py:183} INFO - Processing /home/airflow/.local/lib/python3.8/site-packages/airflow/example_dags/example_branch_labels.py took 0.541 seconds
[2025-01-30T00:09:47.919+0000] {processor.py:161} INFO - Started process (PID=4059) to work on /home/airflow/.local/lib/python3.8/site-packages/airflow/example_dags/example_branch_labels.py
[2025-01-30T00:09:47.944+0000] {processor.py:830} INFO - Processing file /home/airflow/.local/lib/python3.8/site-packages/airflow/example_dags/example_branch_labels.py for tasks to queue
[2025-01-30T00:09:48.022+0000] {logging_mixin.py:188} INFO - [2025-01-30T00:09:47.993+0000] {dagbag.py:538} INFO - Filling up the DagBag from /home/airflow/.local/lib/python3.8/site-packages/airflow/example_dags/example_branch_labels.py
[2025-01-30T00:09:48.202+0000] {processor.py:840} INFO - DAG(s) 'example_branch_labels' retrieved from /home/airflow/.local/lib/python3.8/site-packages/airflow/example_dags/example_branch_labels.py
[2025-01-30T00:09:48.568+0000] {logging_mixin.py:188} INFO - [2025-01-30T00:09:48.567+0000] {dag.py:3036} INFO - Sync 1 DAGs
[2025-01-30T00:09:49.053+0000] {logging_mixin.py:188} INFO - [2025-01-30T00:09:49.052+0000] {dag.py:3823} INFO - Setting next_dagrun for example_branch_labels to 2025-01-29 00:00:00+00:00, run_after=2025-01-30 00:00:00+00:00
[2025-01-30T00:09:49.385+0000] {processor.py:183} INFO - Processing /home/airflow/.local/lib/python3.8/site-packages/airflow/example_dags/example_branch_labels.py took 1.577 seconds
[2025-01-30T00:10:19.829+0000] {processor.py:161} INFO - Started process (PID=4115) to work on /home/airflow/.local/lib/python3.8/site-packages/airflow/example_dags/example_branch_labels.py
[2025-01-30T00:10:19.832+0000] {processor.py:830} INFO - Processing file /home/airflow/.local/lib/python3.8/site-packages/airflow/example_dags/example_branch_labels.py for tasks to queue
[2025-01-30T00:10:19.843+0000] {logging_mixin.py:188} INFO - [2025-01-30T00:10:19.841+0000] {dagbag.py:538} INFO - Filling up the DagBag from /home/airflow/.local/lib/python3.8/site-packages/airflow/example_dags/example_branch_labels.py
[2025-01-30T00:10:19.880+0000] {processor.py:840} INFO - DAG(s) 'example_branch_labels' retrieved from /home/airflow/.local/lib/python3.8/site-packages/airflow/example_dags/example_branch_labels.py
[2025-01-30T00:10:19.943+0000] {logging_mixin.py:188} INFO - [2025-01-30T00:10:19.942+0000] {dag.py:3036} INFO - Sync 1 DAGs
[2025-01-30T00:10:20.014+0000] {logging_mixin.py:188} INFO - [2025-01-30T00:10:20.013+0000] {dag.py:3823} INFO - Setting next_dagrun for example_branch_labels to 2025-01-29 00:00:00+00:00, run_after=2025-01-30 00:00:00+00:00
[2025-01-30T00:10:20.059+0000] {processor.py:183} INFO - Processing /home/airflow/.local/lib/python3.8/site-packages/airflow/example_dags/example_branch_labels.py took 0.245 seconds
[2025-01-30T00:10:50.342+0000] {processor.py:161} INFO - Started process (PID=4172) to work on /home/airflow/.local/lib/python3.8/site-packages/airflow/example_dags/example_branch_labels.py
[2025-01-30T00:10:50.343+0000] {processor.py:830} INFO - Processing file /home/airflow/.local/lib/python3.8/site-packages/airflow/example_dags/example_branch_labels.py for tasks to queue
[2025-01-30T00:10:50.346+0000] {logging_mixin.py:188} INFO - [2025-01-30T00:10:50.345+0000] {dagbag.py:538} INFO - Filling up the DagBag from /home/airflow/.local/lib/python3.8/site-packages/airflow/example_dags/example_branch_labels.py
[2025-01-30T00:10:50.363+0000] {processor.py:840} INFO - DAG(s) 'example_branch_labels' retrieved from /home/airflow/.local/lib/python3.8/site-packages/airflow/example_dags/example_branch_labels.py
[2025-01-30T00:10:50.402+0000] {logging_mixin.py:188} INFO - [2025-01-30T00:10:50.401+0000] {dag.py:3036} INFO - Sync 1 DAGs
[2025-01-30T00:10:50.484+0000] {logging_mixin.py:188} INFO - [2025-01-30T00:10:50.483+0000] {dag.py:3823} INFO - Setting next_dagrun for example_branch_labels to 2025-01-29 00:00:00+00:00, run_after=2025-01-30 00:00:00+00:00
[2025-01-30T00:10:50.563+0000] {processor.py:183} INFO - Processing /home/airflow/.local/lib/python3.8/site-packages/airflow/example_dags/example_branch_labels.py took 0.227 seconds
[2025-01-30T00:11:20.853+0000] {processor.py:161} INFO - Started process (PID=4229) to work on /home/airflow/.local/lib/python3.8/site-packages/airflow/example_dags/example_branch_labels.py
[2025-01-30T00:11:20.855+0000] {processor.py:830} INFO - Processing file /home/airflow/.local/lib/python3.8/site-packages/airflow/example_dags/example_branch_labels.py for tasks to queue
[2025-01-30T00:11:20.858+0000] {logging_mixin.py:188} INFO - [2025-01-30T00:11:20.857+0000] {dagbag.py:538} INFO - Filling up the DagBag from /home/airflow/.local/lib/python3.8/site-packages/airflow/example_dags/example_branch_labels.py
[2025-01-30T00:11:20.887+0000] {processor.py:840} INFO - DAG(s) 'example_branch_labels' retrieved from /home/airflow/.local/lib/python3.8/site-packages/airflow/example_dags/example_branch_labels.py
[2025-01-30T00:11:20.952+0000] {logging_mixin.py:188} INFO - [2025-01-30T00:11:20.951+0000] {dag.py:3036} INFO - Sync 1 DAGs
[2025-01-30T00:11:21.068+0000] {logging_mixin.py:188} INFO - [2025-01-30T00:11:21.068+0000] {dag.py:3823} INFO - Setting next_dagrun for example_branch_labels to 2025-01-29 00:00:00+00:00, run_after=2025-01-30 00:00:00+00:00
[2025-01-30T00:11:21.157+0000] {processor.py:183} INFO - Processing /home/airflow/.local/lib/python3.8/site-packages/airflow/example_dags/example_branch_labels.py took 0.312 seconds
[2025-01-30T00:11:51.886+0000] {processor.py:161} INFO - Started process (PID=4286) to work on /home/airflow/.local/lib/python3.8/site-packages/airflow/example_dags/example_branch_labels.py
[2025-01-30T00:11:51.888+0000] {processor.py:830} INFO - Processing file /home/airflow/.local/lib/python3.8/site-packages/airflow/example_dags/example_branch_labels.py for tasks to queue
[2025-01-30T00:11:51.892+0000] {logging_mixin.py:188} INFO - [2025-01-30T00:11:51.891+0000] {dagbag.py:538} INFO - Filling up the DagBag from /home/airflow/.local/lib/python3.8/site-packages/airflow/example_dags/example_branch_labels.py
[2025-01-30T00:11:51.921+0000] {processor.py:840} INFO - DAG(s) 'example_branch_labels' retrieved from /home/airflow/.local/lib/python3.8/site-packages/airflow/example_dags/example_branch_labels.py
[2025-01-30T00:11:51.977+0000] {logging_mixin.py:188} INFO - [2025-01-30T00:11:51.976+0000] {dag.py:3036} INFO - Sync 1 DAGs
[2025-01-30T00:11:52.051+0000] {logging_mixin.py:188} INFO - [2025-01-30T00:11:52.051+0000] {dag.py:3823} INFO - Setting next_dagrun for example_branch_labels to 2025-01-29 00:00:00+00:00, run_after=2025-01-30 00:00:00+00:00
[2025-01-30T00:11:52.112+0000] {processor.py:183} INFO - Processing /home/airflow/.local/lib/python3.8/site-packages/airflow/example_dags/example_branch_labels.py took 0.241 seconds
[2025-01-30T00:12:22.763+0000] {processor.py:161} INFO - Started process (PID=4342) to work on /home/airflow/.local/lib/python3.8/site-packages/airflow/example_dags/example_branch_labels.py
[2025-01-30T00:12:22.767+0000] {processor.py:830} INFO - Processing file /home/airflow/.local/lib/python3.8/site-packages/airflow/example_dags/example_branch_labels.py for tasks to queue
[2025-01-30T00:12:22.770+0000] {logging_mixin.py:188} INFO - [2025-01-30T00:12:22.768+0000] {dagbag.py:538} INFO - Filling up the DagBag from /home/airflow/.local/lib/python3.8/site-packages/airflow/example_dags/example_branch_labels.py
[2025-01-30T00:12:22.830+0000] {processor.py:840} INFO - DAG(s) 'example_branch_labels' retrieved from /home/airflow/.local/lib/python3.8/site-packages/airflow/example_dags/example_branch_labels.py
[2025-01-30T00:12:23.103+0000] {logging_mixin.py:188} INFO - [2025-01-30T00:12:23.102+0000] {dag.py:3036} INFO - Sync 1 DAGs
[2025-01-30T00:12:23.212+0000] {logging_mixin.py:188} INFO - [2025-01-30T00:12:23.211+0000] {dag.py:3823} INFO - Setting next_dagrun for example_branch_labels to 2025-01-29 00:00:00+00:00, run_after=2025-01-30 00:00:00+00:00
[2025-01-30T00:12:23.280+0000] {processor.py:183} INFO - Processing /home/airflow/.local/lib/python3.8/site-packages/airflow/example_dags/example_branch_labels.py took 0.537 seconds
[2025-01-30T00:12:53.434+0000] {processor.py:161} INFO - Started process (PID=4398) to work on /home/airflow/.local/lib/python3.8/site-packages/airflow/example_dags/example_branch_labels.py
[2025-01-30T00:12:53.435+0000] {processor.py:830} INFO - Processing file /home/airflow/.local/lib/python3.8/site-packages/airflow/example_dags/example_branch_labels.py for tasks to queue
[2025-01-30T00:12:53.438+0000] {logging_mixin.py:188} INFO - [2025-01-30T00:12:53.437+0000] {dagbag.py:538} INFO - Filling up the DagBag from /home/airflow/.local/lib/python3.8/site-packages/airflow/example_dags/example_branch_labels.py
[2025-01-30T00:12:53.458+0000] {processor.py:840} INFO - DAG(s) 'example_branch_labels' retrieved from /home/airflow/.local/lib/python3.8/site-packages/airflow/example_dags/example_branch_labels.py
[2025-01-30T00:12:53.508+0000] {logging_mixin.py:188} INFO - [2025-01-30T00:12:53.508+0000] {dag.py:3036} INFO - Sync 1 DAGs
[2025-01-30T00:12:53.554+0000] {logging_mixin.py:188} INFO - [2025-01-30T00:12:53.553+0000] {dag.py:3823} INFO - Setting next_dagrun for example_branch_labels to 2025-01-29 00:00:00+00:00, run_after=2025-01-30 00:00:00+00:00
[2025-01-30T00:12:53.607+0000] {processor.py:183} INFO - Processing /home/airflow/.local/lib/python3.8/site-packages/airflow/example_dags/example_branch_labels.py took 0.181 seconds
[2025-01-30T00:13:23.831+0000] {processor.py:161} INFO - Started process (PID=4454) to work on /home/airflow/.local/lib/python3.8/site-packages/airflow/example_dags/example_branch_labels.py
[2025-01-30T00:13:23.833+0000] {processor.py:830} INFO - Processing file /home/airflow/.local/lib/python3.8/site-packages/airflow/example_dags/example_branch_labels.py for tasks to queue
[2025-01-30T00:13:23.834+0000] {logging_mixin.py:188} INFO - [2025-01-30T00:13:23.834+0000] {dagbag.py:538} INFO - Filling up the DagBag from /home/airflow/.local/lib/python3.8/site-packages/airflow/example_dags/example_branch_labels.py
[2025-01-30T00:13:23.847+0000] {processor.py:840} INFO - DAG(s) 'example_branch_labels' retrieved from /home/airflow/.local/lib/python3.8/site-packages/airflow/example_dags/example_branch_labels.py
[2025-01-30T00:13:23.875+0000] {logging_mixin.py:188} INFO - [2025-01-30T00:13:23.875+0000] {dag.py:3036} INFO - Sync 1 DAGs
[2025-01-30T00:13:23.906+0000] {logging_mixin.py:188} INFO - [2025-01-30T00:13:23.906+0000] {dag.py:3823} INFO - Setting next_dagrun for example_branch_labels to 2025-01-29 00:00:00+00:00, run_after=2025-01-30 00:00:00+00:00
[2025-01-30T00:13:23.935+0000] {processor.py:183} INFO - Processing /home/airflow/.local/lib/python3.8/site-packages/airflow/example_dags/example_branch_labels.py took 0.108 seconds
[2025-01-30T00:13:53.993+0000] {processor.py:161} INFO - Started process (PID=4508) to work on /home/airflow/.local/lib/python3.8/site-packages/airflow/example_dags/example_branch_labels.py
[2025-01-30T00:13:53.995+0000] {processor.py:830} INFO - Processing file /home/airflow/.local/lib/python3.8/site-packages/airflow/example_dags/example_branch_labels.py for tasks to queue
[2025-01-30T00:13:53.997+0000] {logging_mixin.py:188} INFO - [2025-01-30T00:13:53.996+0000] {dagbag.py:538} INFO - Filling up the DagBag from /home/airflow/.local/lib/python3.8/site-packages/airflow/example_dags/example_branch_labels.py
[2025-01-30T00:13:54.007+0000] {processor.py:840} INFO - DAG(s) 'example_branch_labels' retrieved from /home/airflow/.local/lib/python3.8/site-packages/airflow/example_dags/example_branch_labels.py
[2025-01-30T00:13:54.034+0000] {logging_mixin.py:188} INFO - [2025-01-30T00:13:54.034+0000] {dag.py:3036} INFO - Sync 1 DAGs
[2025-01-30T00:13:54.068+0000] {logging_mixin.py:188} INFO - [2025-01-30T00:13:54.068+0000] {dag.py:3823} INFO - Setting next_dagrun for example_branch_labels to 2025-01-29 00:00:00+00:00, run_after=2025-01-30 00:00:00+00:00
[2025-01-30T00:13:54.095+0000] {processor.py:183} INFO - Processing /home/airflow/.local/lib/python3.8/site-packages/airflow/example_dags/example_branch_labels.py took 0.105 seconds
[2025-01-30T00:14:24.621+0000] {processor.py:161} INFO - Started process (PID=4564) to work on /home/airflow/.local/lib/python3.8/site-packages/airflow/example_dags/example_branch_labels.py
[2025-01-30T00:14:24.623+0000] {processor.py:830} INFO - Processing file /home/airflow/.local/lib/python3.8/site-packages/airflow/example_dags/example_branch_labels.py for tasks to queue
[2025-01-30T00:14:24.624+0000] {logging_mixin.py:188} INFO - [2025-01-30T00:14:24.624+0000] {dagbag.py:538} INFO - Filling up the DagBag from /home/airflow/.local/lib/python3.8/site-packages/airflow/example_dags/example_branch_labels.py
[2025-01-30T00:14:24.638+0000] {processor.py:840} INFO - DAG(s) 'example_branch_labels' retrieved from /home/airflow/.local/lib/python3.8/site-packages/airflow/example_dags/example_branch_labels.py
[2025-01-30T00:14:24.679+0000] {logging_mixin.py:188} INFO - [2025-01-30T00:14:24.679+0000] {dag.py:3036} INFO - Sync 1 DAGs
[2025-01-30T00:14:24.732+0000] {logging_mixin.py:188} INFO - [2025-01-30T00:14:24.732+0000] {dag.py:3823} INFO - Setting next_dagrun for example_branch_labels to 2025-01-29 00:00:00+00:00, run_after=2025-01-30 00:00:00+00:00
[2025-01-30T00:14:24.798+0000] {processor.py:183} INFO - Processing /home/airflow/.local/lib/python3.8/site-packages/airflow/example_dags/example_branch_labels.py took 0.184 seconds
[2025-01-30T00:14:55.084+0000] {processor.py:161} INFO - Started process (PID=4620) to work on /home/airflow/.local/lib/python3.8/site-packages/airflow/example_dags/example_branch_labels.py
[2025-01-30T00:14:55.087+0000] {processor.py:830} INFO - Processing file /home/airflow/.local/lib/python3.8/site-packages/airflow/example_dags/example_branch_labels.py for tasks to queue
[2025-01-30T00:14:55.091+0000] {logging_mixin.py:188} INFO - [2025-01-30T00:14:55.090+0000] {dagbag.py:538} INFO - Filling up the DagBag from /home/airflow/.local/lib/python3.8/site-packages/airflow/example_dags/example_branch_labels.py
[2025-01-30T00:14:55.111+0000] {processor.py:840} INFO - DAG(s) 'example_branch_labels' retrieved from /home/airflow/.local/lib/python3.8/site-packages/airflow/example_dags/example_branch_labels.py
[2025-01-30T00:14:55.187+0000] {logging_mixin.py:188} INFO - [2025-01-30T00:14:55.186+0000] {dag.py:3036} INFO - Sync 1 DAGs
[2025-01-30T00:14:55.260+0000] {logging_mixin.py:188} INFO - [2025-01-30T00:14:55.260+0000] {dag.py:3823} INFO - Setting next_dagrun for example_branch_labels to 2025-01-29 00:00:00+00:00, run_after=2025-01-30 00:00:00+00:00
[2025-01-30T00:14:55.313+0000] {processor.py:183} INFO - Processing /home/airflow/.local/lib/python3.8/site-packages/airflow/example_dags/example_branch_labels.py took 0.238 seconds
[2025-01-30T00:15:25.791+0000] {processor.py:161} INFO - Started process (PID=4675) to work on /home/airflow/.local/lib/python3.8/site-packages/airflow/example_dags/example_branch_labels.py
[2025-01-30T00:15:25.793+0000] {processor.py:830} INFO - Processing file /home/airflow/.local/lib/python3.8/site-packages/airflow/example_dags/example_branch_labels.py for tasks to queue
[2025-01-30T00:15:25.795+0000] {logging_mixin.py:188} INFO - [2025-01-30T00:15:25.794+0000] {dagbag.py:538} INFO - Filling up the DagBag from /home/airflow/.local/lib/python3.8/site-packages/airflow/example_dags/example_branch_labels.py
[2025-01-30T00:15:25.811+0000] {processor.py:840} INFO - DAG(s) 'example_branch_labels' retrieved from /home/airflow/.local/lib/python3.8/site-packages/airflow/example_dags/example_branch_labels.py
[2025-01-30T00:15:25.848+0000] {logging_mixin.py:188} INFO - [2025-01-30T00:15:25.847+0000] {dag.py:3036} INFO - Sync 1 DAGs
[2025-01-30T00:15:25.889+0000] {logging_mixin.py:188} INFO - [2025-01-30T00:15:25.889+0000] {dag.py:3823} INFO - Setting next_dagrun for example_branch_labels to 2025-01-29 00:00:00+00:00, run_after=2025-01-30 00:00:00+00:00
[2025-01-30T00:15:25.930+0000] {processor.py:183} INFO - Processing /home/airflow/.local/lib/python3.8/site-packages/airflow/example_dags/example_branch_labels.py took 0.146 seconds
[2025-01-30T00:15:56.906+0000] {processor.py:161} INFO - Started process (PID=4731) to work on /home/airflow/.local/lib/python3.8/site-packages/airflow/example_dags/example_branch_labels.py
[2025-01-30T00:15:56.916+0000] {processor.py:830} INFO - Processing file /home/airflow/.local/lib/python3.8/site-packages/airflow/example_dags/example_branch_labels.py for tasks to queue
[2025-01-30T00:15:56.924+0000] {logging_mixin.py:188} INFO - [2025-01-30T00:15:56.923+0000] {dagbag.py:538} INFO - Filling up the DagBag from /home/airflow/.local/lib/python3.8/site-packages/airflow/example_dags/example_branch_labels.py
[2025-01-30T00:15:56.968+0000] {processor.py:840} INFO - DAG(s) 'example_branch_labels' retrieved from /home/airflow/.local/lib/python3.8/site-packages/airflow/example_dags/example_branch_labels.py
[2025-01-30T00:15:57.076+0000] {logging_mixin.py:188} INFO - [2025-01-30T00:15:57.075+0000] {dag.py:3036} INFO - Sync 1 DAGs
[2025-01-30T00:15:57.223+0000] {logging_mixin.py:188} INFO - [2025-01-30T00:15:57.221+0000] {dag.py:3823} INFO - Setting next_dagrun for example_branch_labels to 2025-01-29 00:00:00+00:00, run_after=2025-01-30 00:00:00+00:00
[2025-01-30T00:15:57.296+0000] {processor.py:183} INFO - Processing /home/airflow/.local/lib/python3.8/site-packages/airflow/example_dags/example_branch_labels.py took 0.401 seconds
[2025-01-30T00:16:32.216+0000] {processor.py:161} INFO - Started process (PID=4779) to work on /home/airflow/.local/lib/python3.8/site-packages/airflow/example_dags/example_branch_labels.py
[2025-01-30T00:16:32.218+0000] {processor.py:830} INFO - Processing file /home/airflow/.local/lib/python3.8/site-packages/airflow/example_dags/example_branch_labels.py for tasks to queue
[2025-01-30T00:16:32.222+0000] {logging_mixin.py:188} INFO - [2025-01-30T00:16:32.220+0000] {dagbag.py:538} INFO - Filling up the DagBag from /home/airflow/.local/lib/python3.8/site-packages/airflow/example_dags/example_branch_labels.py
[2025-01-30T00:16:32.254+0000] {processor.py:840} INFO - DAG(s) 'example_branch_labels' retrieved from /home/airflow/.local/lib/python3.8/site-packages/airflow/example_dags/example_branch_labels.py
[2025-01-30T00:16:32.317+0000] {logging_mixin.py:188} INFO - [2025-01-30T00:16:32.317+0000] {dag.py:3036} INFO - Sync 1 DAGs
[2025-01-30T00:16:32.392+0000] {logging_mixin.py:188} INFO - [2025-01-30T00:16:32.392+0000] {dag.py:3823} INFO - Setting next_dagrun for example_branch_labels to 2025-01-29 00:00:00+00:00, run_after=2025-01-30 00:00:00+00:00
[2025-01-30T00:16:32.439+0000] {processor.py:183} INFO - Processing /home/airflow/.local/lib/python3.8/site-packages/airflow/example_dags/example_branch_labels.py took 0.233 seconds
[2025-01-30T00:17:02.823+0000] {processor.py:161} INFO - Started process (PID=4835) to work on /home/airflow/.local/lib/python3.8/site-packages/airflow/example_dags/example_branch_labels.py
[2025-01-30T00:17:02.825+0000] {processor.py:830} INFO - Processing file /home/airflow/.local/lib/python3.8/site-packages/airflow/example_dags/example_branch_labels.py for tasks to queue
[2025-01-30T00:17:02.827+0000] {logging_mixin.py:188} INFO - [2025-01-30T00:17:02.826+0000] {dagbag.py:538} INFO - Filling up the DagBag from /home/airflow/.local/lib/python3.8/site-packages/airflow/example_dags/example_branch_labels.py
[2025-01-30T00:17:02.841+0000] {processor.py:840} INFO - DAG(s) 'example_branch_labels' retrieved from /home/airflow/.local/lib/python3.8/site-packages/airflow/example_dags/example_branch_labels.py
[2025-01-30T00:17:02.875+0000] {logging_mixin.py:188} INFO - [2025-01-30T00:17:02.874+0000] {dag.py:3036} INFO - Sync 1 DAGs
[2025-01-30T00:17:02.922+0000] {logging_mixin.py:188} INFO - [2025-01-30T00:17:02.922+0000] {dag.py:3823} INFO - Setting next_dagrun for example_branch_labels to 2025-01-29 00:00:00+00:00, run_after=2025-01-30 00:00:00+00:00
[2025-01-30T00:17:02.958+0000] {processor.py:183} INFO - Processing /home/airflow/.local/lib/python3.8/site-packages/airflow/example_dags/example_branch_labels.py took 0.140 seconds
[2025-01-30T00:17:33.373+0000] {processor.py:161} INFO - Started process (PID=4890) to work on /home/airflow/.local/lib/python3.8/site-packages/airflow/example_dags/example_branch_labels.py
[2025-01-30T00:17:33.374+0000] {processor.py:830} INFO - Processing file /home/airflow/.local/lib/python3.8/site-packages/airflow/example_dags/example_branch_labels.py for tasks to queue
[2025-01-30T00:17:33.375+0000] {logging_mixin.py:188} INFO - [2025-01-30T00:17:33.375+0000] {dagbag.py:538} INFO - Filling up the DagBag from /home/airflow/.local/lib/python3.8/site-packages/airflow/example_dags/example_branch_labels.py
[2025-01-30T00:17:33.388+0000] {processor.py:840} INFO - DAG(s) 'example_branch_labels' retrieved from /home/airflow/.local/lib/python3.8/site-packages/airflow/example_dags/example_branch_labels.py
[2025-01-30T00:17:33.420+0000] {logging_mixin.py:188} INFO - [2025-01-30T00:17:33.420+0000] {dag.py:3036} INFO - Sync 1 DAGs
[2025-01-30T00:17:33.458+0000] {logging_mixin.py:188} INFO - [2025-01-30T00:17:33.458+0000] {dag.py:3823} INFO - Setting next_dagrun for example_branch_labels to 2025-01-29 00:00:00+00:00, run_after=2025-01-30 00:00:00+00:00
[2025-01-30T00:17:33.496+0000] {processor.py:183} INFO - Processing /home/airflow/.local/lib/python3.8/site-packages/airflow/example_dags/example_branch_labels.py took 0.127 seconds
[2025-01-30T00:18:07.197+0000] {processor.py:161} INFO - Started process (PID=4946) to work on /home/airflow/.local/lib/python3.8/site-packages/airflow/example_dags/example_branch_labels.py
[2025-01-30T00:18:07.248+0000] {processor.py:830} INFO - Processing file /home/airflow/.local/lib/python3.8/site-packages/airflow/example_dags/example_branch_labels.py for tasks to queue
[2025-01-30T00:18:07.252+0000] {logging_mixin.py:188} INFO - [2025-01-30T00:18:07.251+0000] {dagbag.py:538} INFO - Filling up the DagBag from /home/airflow/.local/lib/python3.8/site-packages/airflow/example_dags/example_branch_labels.py
[2025-01-30T00:18:07.342+0000] {processor.py:840} INFO - DAG(s) 'example_branch_labels' retrieved from /home/airflow/.local/lib/python3.8/site-packages/airflow/example_dags/example_branch_labels.py
[2025-01-30T00:18:07.611+0000] {logging_mixin.py:188} INFO - [2025-01-30T00:18:07.611+0000] {dag.py:3036} INFO - Sync 1 DAGs
[2025-01-30T00:18:07.859+0000] {logging_mixin.py:188} INFO - [2025-01-30T00:18:07.859+0000] {dag.py:3823} INFO - Setting next_dagrun for example_branch_labels to 2025-01-29 00:00:00+00:00, run_after=2025-01-30 00:00:00+00:00
[2025-01-30T00:18:08.103+0000] {processor.py:183} INFO - Processing /home/airflow/.local/lib/python3.8/site-packages/airflow/example_dags/example_branch_labels.py took 0.917 seconds
[2025-01-30T00:18:38.459+0000] {processor.py:161} INFO - Started process (PID=5001) to work on /home/airflow/.local/lib/python3.8/site-packages/airflow/example_dags/example_branch_labels.py
[2025-01-30T00:18:38.460+0000] {processor.py:830} INFO - Processing file /home/airflow/.local/lib/python3.8/site-packages/airflow/example_dags/example_branch_labels.py for tasks to queue
[2025-01-30T00:18:38.461+0000] {logging_mixin.py:188} INFO - [2025-01-30T00:18:38.461+0000] {dagbag.py:538} INFO - Filling up the DagBag from /home/airflow/.local/lib/python3.8/site-packages/airflow/example_dags/example_branch_labels.py
[2025-01-30T00:18:38.475+0000] {processor.py:840} INFO - DAG(s) 'example_branch_labels' retrieved from /home/airflow/.local/lib/python3.8/site-packages/airflow/example_dags/example_branch_labels.py
[2025-01-30T00:18:38.510+0000] {logging_mixin.py:188} INFO - [2025-01-30T00:18:38.509+0000] {dag.py:3036} INFO - Sync 1 DAGs
[2025-01-30T00:18:38.547+0000] {logging_mixin.py:188} INFO - [2025-01-30T00:18:38.546+0000] {dag.py:3823} INFO - Setting next_dagrun for example_branch_labels to 2025-01-29 00:00:00+00:00, run_after=2025-01-30 00:00:00+00:00
[2025-01-30T00:18:38.592+0000] {processor.py:183} INFO - Processing /home/airflow/.local/lib/python3.8/site-packages/airflow/example_dags/example_branch_labels.py took 0.137 seconds
[2025-01-30T00:19:08.921+0000] {processor.py:161} INFO - Started process (PID=5057) to work on /home/airflow/.local/lib/python3.8/site-packages/airflow/example_dags/example_branch_labels.py
[2025-01-30T00:19:08.923+0000] {processor.py:830} INFO - Processing file /home/airflow/.local/lib/python3.8/site-packages/airflow/example_dags/example_branch_labels.py for tasks to queue
[2025-01-30T00:19:08.926+0000] {logging_mixin.py:188} INFO - [2025-01-30T00:19:08.925+0000] {dagbag.py:538} INFO - Filling up the DagBag from /home/airflow/.local/lib/python3.8/site-packages/airflow/example_dags/example_branch_labels.py
[2025-01-30T00:19:08.944+0000] {processor.py:840} INFO - DAG(s) 'example_branch_labels' retrieved from /home/airflow/.local/lib/python3.8/site-packages/airflow/example_dags/example_branch_labels.py
[2025-01-30T00:19:08.986+0000] {logging_mixin.py:188} INFO - [2025-01-30T00:19:08.986+0000] {dag.py:3036} INFO - Sync 1 DAGs
[2025-01-30T00:19:09.035+0000] {logging_mixin.py:188} INFO - [2025-01-30T00:19:09.035+0000] {dag.py:3823} INFO - Setting next_dagrun for example_branch_labels to 2025-01-29 00:00:00+00:00, run_after=2025-01-30 00:00:00+00:00
[2025-01-30T00:19:09.071+0000] {processor.py:183} INFO - Processing /home/airflow/.local/lib/python3.8/site-packages/airflow/example_dags/example_branch_labels.py took 0.156 seconds
[2025-01-30T00:19:39.224+0000] {processor.py:161} INFO - Started process (PID=5113) to work on /home/airflow/.local/lib/python3.8/site-packages/airflow/example_dags/example_branch_labels.py
[2025-01-30T00:19:39.226+0000] {processor.py:830} INFO - Processing file /home/airflow/.local/lib/python3.8/site-packages/airflow/example_dags/example_branch_labels.py for tasks to queue
[2025-01-30T00:19:39.228+0000] {logging_mixin.py:188} INFO - [2025-01-30T00:19:39.227+0000] {dagbag.py:538} INFO - Filling up the DagBag from /home/airflow/.local/lib/python3.8/site-packages/airflow/example_dags/example_branch_labels.py
[2025-01-30T00:19:39.243+0000] {processor.py:840} INFO - DAG(s) 'example_branch_labels' retrieved from /home/airflow/.local/lib/python3.8/site-packages/airflow/example_dags/example_branch_labels.py
[2025-01-30T00:19:39.290+0000] {logging_mixin.py:188} INFO - [2025-01-30T00:19:39.290+0000] {dag.py:3036} INFO - Sync 1 DAGs
[2025-01-30T00:19:39.350+0000] {logging_mixin.py:188} INFO - [2025-01-30T00:19:39.349+0000] {dag.py:3823} INFO - Setting next_dagrun for example_branch_labels to 2025-01-29 00:00:00+00:00, run_after=2025-01-30 00:00:00+00:00
[2025-01-30T00:19:39.404+0000] {processor.py:183} INFO - Processing /home/airflow/.local/lib/python3.8/site-packages/airflow/example_dags/example_branch_labels.py took 0.185 seconds
[2025-01-30T00:20:11.354+0000] {processor.py:161} INFO - Started process (PID=5174) to work on /home/airflow/.local/lib/python3.8/site-packages/airflow/example_dags/example_branch_labels.py
[2025-01-30T00:20:11.356+0000] {processor.py:830} INFO - Processing file /home/airflow/.local/lib/python3.8/site-packages/airflow/example_dags/example_branch_labels.py for tasks to queue
[2025-01-30T00:20:11.359+0000] {logging_mixin.py:188} INFO - [2025-01-30T00:20:11.358+0000] {dagbag.py:538} INFO - Filling up the DagBag from /home/airflow/.local/lib/python3.8/site-packages/airflow/example_dags/example_branch_labels.py
[2025-01-30T00:20:11.403+0000] {processor.py:840} INFO - DAG(s) 'example_branch_labels' retrieved from /home/airflow/.local/lib/python3.8/site-packages/airflow/example_dags/example_branch_labels.py
[2025-01-30T00:20:11.508+0000] {logging_mixin.py:188} INFO - [2025-01-30T00:20:11.508+0000] {dag.py:3036} INFO - Sync 1 DAGs
[2025-01-30T00:20:11.595+0000] {logging_mixin.py:188} INFO - [2025-01-30T00:20:11.594+0000] {dag.py:3823} INFO - Setting next_dagrun for example_branch_labels to 2025-01-29 00:00:00+00:00, run_after=2025-01-30 00:00:00+00:00
[2025-01-30T00:20:11.657+0000] {processor.py:183} INFO - Processing /home/airflow/.local/lib/python3.8/site-packages/airflow/example_dags/example_branch_labels.py took 0.313 seconds
[2025-01-30T00:20:42.059+0000] {processor.py:161} INFO - Started process (PID=5230) to work on /home/airflow/.local/lib/python3.8/site-packages/airflow/example_dags/example_branch_labels.py
[2025-01-30T00:20:42.061+0000] {processor.py:830} INFO - Processing file /home/airflow/.local/lib/python3.8/site-packages/airflow/example_dags/example_branch_labels.py for tasks to queue
[2025-01-30T00:20:42.063+0000] {logging_mixin.py:188} INFO - [2025-01-30T00:20:42.063+0000] {dagbag.py:538} INFO - Filling up the DagBag from /home/airflow/.local/lib/python3.8/site-packages/airflow/example_dags/example_branch_labels.py
[2025-01-30T00:20:42.077+0000] {processor.py:840} INFO - DAG(s) 'example_branch_labels' retrieved from /home/airflow/.local/lib/python3.8/site-packages/airflow/example_dags/example_branch_labels.py
[2025-01-30T00:20:42.124+0000] {logging_mixin.py:188} INFO - [2025-01-30T00:20:42.123+0000] {dag.py:3036} INFO - Sync 1 DAGs
[2025-01-30T00:20:42.168+0000] {logging_mixin.py:188} INFO - [2025-01-30T00:20:42.168+0000] {dag.py:3823} INFO - Setting next_dagrun for example_branch_labels to 2025-01-29 00:00:00+00:00, run_after=2025-01-30 00:00:00+00:00
[2025-01-30T00:20:42.201+0000] {processor.py:183} INFO - Processing /home/airflow/.local/lib/python3.8/site-packages/airflow/example_dags/example_branch_labels.py took 0.149 seconds
[2025-01-30T00:21:12.501+0000] {processor.py:161} INFO - Started process (PID=5285) to work on /home/airflow/.local/lib/python3.8/site-packages/airflow/example_dags/example_branch_labels.py
[2025-01-30T00:21:12.504+0000] {processor.py:830} INFO - Processing file /home/airflow/.local/lib/python3.8/site-packages/airflow/example_dags/example_branch_labels.py for tasks to queue
[2025-01-30T00:21:12.507+0000] {logging_mixin.py:188} INFO - [2025-01-30T00:21:12.506+0000] {dagbag.py:538} INFO - Filling up the DagBag from /home/airflow/.local/lib/python3.8/site-packages/airflow/example_dags/example_branch_labels.py
[2025-01-30T00:21:12.536+0000] {processor.py:840} INFO - DAG(s) 'example_branch_labels' retrieved from /home/airflow/.local/lib/python3.8/site-packages/airflow/example_dags/example_branch_labels.py
[2025-01-30T00:21:12.614+0000] {logging_mixin.py:188} INFO - [2025-01-30T00:21:12.612+0000] {dag.py:3036} INFO - Sync 1 DAGs
[2025-01-30T00:21:12.749+0000] {logging_mixin.py:188} INFO - [2025-01-30T00:21:12.748+0000] {dag.py:3823} INFO - Setting next_dagrun for example_branch_labels to 2025-01-29 00:00:00+00:00, run_after=2025-01-30 00:00:00+00:00
[2025-01-30T00:21:13.074+0000] {processor.py:183} INFO - Processing /home/airflow/.local/lib/python3.8/site-packages/airflow/example_dags/example_branch_labels.py took 0.586 seconds
[2025-01-30T00:21:44.541+0000] {processor.py:161} INFO - Started process (PID=5341) to work on /home/airflow/.local/lib/python3.8/site-packages/airflow/example_dags/example_branch_labels.py
[2025-01-30T00:21:44.576+0000] {processor.py:830} INFO - Processing file /home/airflow/.local/lib/python3.8/site-packages/airflow/example_dags/example_branch_labels.py for tasks to queue
[2025-01-30T00:21:44.581+0000] {logging_mixin.py:188} INFO - [2025-01-30T00:21:44.580+0000] {dagbag.py:538} INFO - Filling up the DagBag from /home/airflow/.local/lib/python3.8/site-packages/airflow/example_dags/example_branch_labels.py
[2025-01-30T00:21:44.760+0000] {processor.py:840} INFO - DAG(s) 'example_branch_labels' retrieved from /home/airflow/.local/lib/python3.8/site-packages/airflow/example_dags/example_branch_labels.py
[2025-01-30T00:21:45.460+0000] {logging_mixin.py:188} INFO - [2025-01-30T00:21:45.460+0000] {dag.py:3036} INFO - Sync 1 DAGs
[2025-01-30T00:21:45.941+0000] {logging_mixin.py:188} INFO - [2025-01-30T00:21:45.940+0000] {dag.py:3823} INFO - Setting next_dagrun for example_branch_labels to 2025-01-29 00:00:00+00:00, run_after=2025-01-30 00:00:00+00:00
[2025-01-30T00:21:46.311+0000] {processor.py:183} INFO - Processing /home/airflow/.local/lib/python3.8/site-packages/airflow/example_dags/example_branch_labels.py took 1.808 seconds
[2025-01-30T00:22:17.002+0000] {processor.py:161} INFO - Started process (PID=5397) to work on /home/airflow/.local/lib/python3.8/site-packages/airflow/example_dags/example_branch_labels.py
[2025-01-30T00:22:17.004+0000] {processor.py:830} INFO - Processing file /home/airflow/.local/lib/python3.8/site-packages/airflow/example_dags/example_branch_labels.py for tasks to queue
[2025-01-30T00:22:17.008+0000] {logging_mixin.py:188} INFO - [2025-01-30T00:22:17.007+0000] {dagbag.py:538} INFO - Filling up the DagBag from /home/airflow/.local/lib/python3.8/site-packages/airflow/example_dags/example_branch_labels.py
[2025-01-30T00:22:17.040+0000] {processor.py:840} INFO - DAG(s) 'example_branch_labels' retrieved from /home/airflow/.local/lib/python3.8/site-packages/airflow/example_dags/example_branch_labels.py
[2025-01-30T00:22:17.141+0000] {logging_mixin.py:188} INFO - [2025-01-30T00:22:17.140+0000] {dag.py:3036} INFO - Sync 1 DAGs
[2025-01-30T00:22:17.237+0000] {logging_mixin.py:188} INFO - [2025-01-30T00:22:17.236+0000] {dag.py:3823} INFO - Setting next_dagrun for example_branch_labels to 2025-01-29 00:00:00+00:00, run_after=2025-01-30 00:00:00+00:00
[2025-01-30T00:22:17.324+0000] {processor.py:183} INFO - Processing /home/airflow/.local/lib/python3.8/site-packages/airflow/example_dags/example_branch_labels.py took 0.337 seconds
[2025-01-30T00:22:48.096+0000] {processor.py:161} INFO - Started process (PID=5453) to work on /home/airflow/.local/lib/python3.8/site-packages/airflow/example_dags/example_branch_labels.py
[2025-01-30T00:22:48.099+0000] {processor.py:830} INFO - Processing file /home/airflow/.local/lib/python3.8/site-packages/airflow/example_dags/example_branch_labels.py for tasks to queue
[2025-01-30T00:22:48.104+0000] {logging_mixin.py:188} INFO - [2025-01-30T00:22:48.103+0000] {dagbag.py:538} INFO - Filling up the DagBag from /home/airflow/.local/lib/python3.8/site-packages/airflow/example_dags/example_branch_labels.py
[2025-01-30T00:22:48.139+0000] {processor.py:840} INFO - DAG(s) 'example_branch_labels' retrieved from /home/airflow/.local/lib/python3.8/site-packages/airflow/example_dags/example_branch_labels.py
[2025-01-30T00:22:48.218+0000] {logging_mixin.py:188} INFO - [2025-01-30T00:22:48.217+0000] {dag.py:3036} INFO - Sync 1 DAGs
[2025-01-30T00:22:48.307+0000] {logging_mixin.py:188} INFO - [2025-01-30T00:22:48.306+0000] {dag.py:3823} INFO - Setting next_dagrun for example_branch_labels to 2025-01-29 00:00:00+00:00, run_after=2025-01-30 00:00:00+00:00
[2025-01-30T00:22:48.376+0000] {processor.py:183} INFO - Processing /home/airflow/.local/lib/python3.8/site-packages/airflow/example_dags/example_branch_labels.py took 0.289 seconds
[2025-01-30T00:23:18.525+0000] {processor.py:161} INFO - Started process (PID=5508) to work on /home/airflow/.local/lib/python3.8/site-packages/airflow/example_dags/example_branch_labels.py
[2025-01-30T00:23:18.528+0000] {processor.py:830} INFO - Processing file /home/airflow/.local/lib/python3.8/site-packages/airflow/example_dags/example_branch_labels.py for tasks to queue
[2025-01-30T00:23:18.532+0000] {logging_mixin.py:188} INFO - [2025-01-30T00:23:18.530+0000] {dagbag.py:538} INFO - Filling up the DagBag from /home/airflow/.local/lib/python3.8/site-packages/airflow/example_dags/example_branch_labels.py
[2025-01-30T00:23:18.552+0000] {processor.py:840} INFO - DAG(s) 'example_branch_labels' retrieved from /home/airflow/.local/lib/python3.8/site-packages/airflow/example_dags/example_branch_labels.py
[2025-01-30T00:23:18.616+0000] {logging_mixin.py:188} INFO - [2025-01-30T00:23:18.615+0000] {dag.py:3036} INFO - Sync 1 DAGs
[2025-01-30T00:23:18.769+0000] {logging_mixin.py:188} INFO - [2025-01-30T00:23:18.768+0000] {dag.py:3823} INFO - Setting next_dagrun for example_branch_labels to 2025-01-29 00:00:00+00:00, run_after=2025-01-30 00:00:00+00:00
[2025-01-30T00:23:18.890+0000] {processor.py:183} INFO - Processing /home/airflow/.local/lib/python3.8/site-packages/airflow/example_dags/example_branch_labels.py took 0.372 seconds
[2025-01-30T00:23:49.174+0000] {processor.py:161} INFO - Started process (PID=5563) to work on /home/airflow/.local/lib/python3.8/site-packages/airflow/example_dags/example_branch_labels.py
[2025-01-30T00:23:49.176+0000] {processor.py:830} INFO - Processing file /home/airflow/.local/lib/python3.8/site-packages/airflow/example_dags/example_branch_labels.py for tasks to queue
[2025-01-30T00:23:49.178+0000] {logging_mixin.py:188} INFO - [2025-01-30T00:23:49.177+0000] {dagbag.py:538} INFO - Filling up the DagBag from /home/airflow/.local/lib/python3.8/site-packages/airflow/example_dags/example_branch_labels.py
[2025-01-30T00:23:49.188+0000] {processor.py:840} INFO - DAG(s) 'example_branch_labels' retrieved from /home/airflow/.local/lib/python3.8/site-packages/airflow/example_dags/example_branch_labels.py
[2025-01-30T00:23:49.217+0000] {logging_mixin.py:188} INFO - [2025-01-30T00:23:49.217+0000] {dag.py:3036} INFO - Sync 1 DAGs
[2025-01-30T00:23:49.250+0000] {logging_mixin.py:188} INFO - [2025-01-30T00:23:49.250+0000] {dag.py:3823} INFO - Setting next_dagrun for example_branch_labels to 2025-01-29 00:00:00+00:00, run_after=2025-01-30 00:00:00+00:00
[2025-01-30T00:23:49.282+0000] {processor.py:183} INFO - Processing /home/airflow/.local/lib/python3.8/site-packages/airflow/example_dags/example_branch_labels.py took 0.112 seconds
[2025-01-30T00:24:19.538+0000] {processor.py:161} INFO - Started process (PID=5619) to work on /home/airflow/.local/lib/python3.8/site-packages/airflow/example_dags/example_branch_labels.py
[2025-01-30T00:24:19.540+0000] {processor.py:830} INFO - Processing file /home/airflow/.local/lib/python3.8/site-packages/airflow/example_dags/example_branch_labels.py for tasks to queue
[2025-01-30T00:24:19.543+0000] {logging_mixin.py:188} INFO - [2025-01-30T00:24:19.542+0000] {dagbag.py:538} INFO - Filling up the DagBag from /home/airflow/.local/lib/python3.8/site-packages/airflow/example_dags/example_branch_labels.py
[2025-01-30T00:24:19.589+0000] {processor.py:840} INFO - DAG(s) 'example_branch_labels' retrieved from /home/airflow/.local/lib/python3.8/site-packages/airflow/example_dags/example_branch_labels.py
[2025-01-30T00:24:19.681+0000] {logging_mixin.py:188} INFO - [2025-01-30T00:24:19.677+0000] {dag.py:3036} INFO - Sync 1 DAGs
[2025-01-30T00:24:19.772+0000] {logging_mixin.py:188} INFO - [2025-01-30T00:24:19.771+0000] {dag.py:3823} INFO - Setting next_dagrun for example_branch_labels to 2025-01-29 00:00:00+00:00, run_after=2025-01-30 00:00:00+00:00
[2025-01-30T00:24:19.846+0000] {processor.py:183} INFO - Processing /home/airflow/.local/lib/python3.8/site-packages/airflow/example_dags/example_branch_labels.py took 0.324 seconds
[2025-01-30T00:24:50.000+0000] {processor.py:161} INFO - Started process (PID=5675) to work on /home/airflow/.local/lib/python3.8/site-packages/airflow/example_dags/example_branch_labels.py
[2025-01-30T00:24:50.002+0000] {processor.py:830} INFO - Processing file /home/airflow/.local/lib/python3.8/site-packages/airflow/example_dags/example_branch_labels.py for tasks to queue
[2025-01-30T00:24:50.006+0000] {logging_mixin.py:188} INFO - [2025-01-30T00:24:50.005+0000] {dagbag.py:538} INFO - Filling up the DagBag from /home/airflow/.local/lib/python3.8/site-packages/airflow/example_dags/example_branch_labels.py
[2025-01-30T00:24:50.025+0000] {processor.py:840} INFO - DAG(s) 'example_branch_labels' retrieved from /home/airflow/.local/lib/python3.8/site-packages/airflow/example_dags/example_branch_labels.py
[2025-01-30T00:24:50.069+0000] {logging_mixin.py:188} INFO - [2025-01-30T00:24:50.069+0000] {dag.py:3036} INFO - Sync 1 DAGs
[2025-01-30T00:24:50.128+0000] {logging_mixin.py:188} INFO - [2025-01-30T00:24:50.127+0000] {dag.py:3823} INFO - Setting next_dagrun for example_branch_labels to 2025-01-29 00:00:00+00:00, run_after=2025-01-30 00:00:00+00:00
[2025-01-30T00:24:50.169+0000] {processor.py:183} INFO - Processing /home/airflow/.local/lib/python3.8/site-packages/airflow/example_dags/example_branch_labels.py took 0.175 seconds
[2025-01-30T00:25:20.828+0000] {processor.py:161} INFO - Started process (PID=5731) to work on /home/airflow/.local/lib/python3.8/site-packages/airflow/example_dags/example_branch_labels.py
[2025-01-30T00:25:20.830+0000] {processor.py:830} INFO - Processing file /home/airflow/.local/lib/python3.8/site-packages/airflow/example_dags/example_branch_labels.py for tasks to queue
[2025-01-30T00:25:20.833+0000] {logging_mixin.py:188} INFO - [2025-01-30T00:25:20.832+0000] {dagbag.py:538} INFO - Filling up the DagBag from /home/airflow/.local/lib/python3.8/site-packages/airflow/example_dags/example_branch_labels.py
[2025-01-30T00:25:20.857+0000] {processor.py:840} INFO - DAG(s) 'example_branch_labels' retrieved from /home/airflow/.local/lib/python3.8/site-packages/airflow/example_dags/example_branch_labels.py
[2025-01-30T00:25:20.916+0000] {logging_mixin.py:188} INFO - [2025-01-30T00:25:20.916+0000] {dag.py:3036} INFO - Sync 1 DAGs
[2025-01-30T00:25:20.987+0000] {logging_mixin.py:188} INFO - [2025-01-30T00:25:20.987+0000] {dag.py:3823} INFO - Setting next_dagrun for example_branch_labels to 2025-01-29 00:00:00+00:00, run_after=2025-01-30 00:00:00+00:00
[2025-01-30T00:25:21.046+0000] {processor.py:183} INFO - Processing /home/airflow/.local/lib/python3.8/site-packages/airflow/example_dags/example_branch_labels.py took 0.225 seconds
[2025-01-30T00:25:51.541+0000] {processor.py:161} INFO - Started process (PID=5784) to work on /home/airflow/.local/lib/python3.8/site-packages/airflow/example_dags/example_branch_labels.py
[2025-01-30T00:25:51.543+0000] {processor.py:830} INFO - Processing file /home/airflow/.local/lib/python3.8/site-packages/airflow/example_dags/example_branch_labels.py for tasks to queue
[2025-01-30T00:25:51.544+0000] {logging_mixin.py:188} INFO - [2025-01-30T00:25:51.544+0000] {dagbag.py:538} INFO - Filling up the DagBag from /home/airflow/.local/lib/python3.8/site-packages/airflow/example_dags/example_branch_labels.py
[2025-01-30T00:25:51.556+0000] {processor.py:840} INFO - DAG(s) 'example_branch_labels' retrieved from /home/airflow/.local/lib/python3.8/site-packages/airflow/example_dags/example_branch_labels.py
[2025-01-30T00:25:51.596+0000] {logging_mixin.py:188} INFO - [2025-01-30T00:25:51.596+0000] {dag.py:3036} INFO - Sync 1 DAGs
[2025-01-30T00:25:51.644+0000] {logging_mixin.py:188} INFO - [2025-01-30T00:25:51.644+0000] {dag.py:3823} INFO - Setting next_dagrun for example_branch_labels to 2025-01-29 00:00:00+00:00, run_after=2025-01-30 00:00:00+00:00
[2025-01-30T00:25:51.695+0000] {processor.py:183} INFO - Processing /home/airflow/.local/lib/python3.8/site-packages/airflow/example_dags/example_branch_labels.py took 0.159 seconds
[2025-01-30T00:26:22.434+0000] {processor.py:161} INFO - Started process (PID=5840) to work on /home/airflow/.local/lib/python3.8/site-packages/airflow/example_dags/example_branch_labels.py
[2025-01-30T00:26:22.437+0000] {processor.py:830} INFO - Processing file /home/airflow/.local/lib/python3.8/site-packages/airflow/example_dags/example_branch_labels.py for tasks to queue
[2025-01-30T00:26:22.440+0000] {logging_mixin.py:188} INFO - [2025-01-30T00:26:22.439+0000] {dagbag.py:538} INFO - Filling up the DagBag from /home/airflow/.local/lib/python3.8/site-packages/airflow/example_dags/example_branch_labels.py
[2025-01-30T00:26:22.471+0000] {processor.py:840} INFO - DAG(s) 'example_branch_labels' retrieved from /home/airflow/.local/lib/python3.8/site-packages/airflow/example_dags/example_branch_labels.py
[2025-01-30T00:26:22.530+0000] {logging_mixin.py:188} INFO - [2025-01-30T00:26:22.529+0000] {dag.py:3036} INFO - Sync 1 DAGs
[2025-01-30T00:26:22.580+0000] {logging_mixin.py:188} INFO - [2025-01-30T00:26:22.580+0000] {dag.py:3823} INFO - Setting next_dagrun for example_branch_labels to 2025-01-29 00:00:00+00:00, run_after=2025-01-30 00:00:00+00:00
[2025-01-30T00:26:22.626+0000] {processor.py:183} INFO - Processing /home/airflow/.local/lib/python3.8/site-packages/airflow/example_dags/example_branch_labels.py took 0.200 seconds
[2025-01-30T00:26:53.517+0000] {processor.py:161} INFO - Started process (PID=5893) to work on /home/airflow/.local/lib/python3.8/site-packages/airflow/example_dags/example_branch_labels.py
[2025-01-30T00:26:53.520+0000] {processor.py:830} INFO - Processing file /home/airflow/.local/lib/python3.8/site-packages/airflow/example_dags/example_branch_labels.py for tasks to queue
[2025-01-30T00:26:53.523+0000] {logging_mixin.py:188} INFO - [2025-01-30T00:26:53.522+0000] {dagbag.py:538} INFO - Filling up the DagBag from /home/airflow/.local/lib/python3.8/site-packages/airflow/example_dags/example_branch_labels.py
[2025-01-30T00:26:53.545+0000] {processor.py:840} INFO - DAG(s) 'example_branch_labels' retrieved from /home/airflow/.local/lib/python3.8/site-packages/airflow/example_dags/example_branch_labels.py
[2025-01-30T00:26:53.602+0000] {logging_mixin.py:188} INFO - [2025-01-30T00:26:53.601+0000] {dag.py:3036} INFO - Sync 1 DAGs
[2025-01-30T00:26:53.670+0000] {logging_mixin.py:188} INFO - [2025-01-30T00:26:53.670+0000] {dag.py:3823} INFO - Setting next_dagrun for example_branch_labels to 2025-01-29 00:00:00+00:00, run_after=2025-01-30 00:00:00+00:00
[2025-01-30T00:26:53.712+0000] {processor.py:183} INFO - Processing /home/airflow/.local/lib/python3.8/site-packages/airflow/example_dags/example_branch_labels.py took 0.203 seconds
[2025-01-30T00:27:24.081+0000] {processor.py:161} INFO - Started process (PID=5949) to work on /home/airflow/.local/lib/python3.8/site-packages/airflow/example_dags/example_branch_labels.py
[2025-01-30T00:27:24.084+0000] {processor.py:830} INFO - Processing file /home/airflow/.local/lib/python3.8/site-packages/airflow/example_dags/example_branch_labels.py for tasks to queue
[2025-01-30T00:27:24.087+0000] {logging_mixin.py:188} INFO - [2025-01-30T00:27:24.086+0000] {dagbag.py:538} INFO - Filling up the DagBag from /home/airflow/.local/lib/python3.8/site-packages/airflow/example_dags/example_branch_labels.py
[2025-01-30T00:27:24.110+0000] {processor.py:840} INFO - DAG(s) 'example_branch_labels' retrieved from /home/airflow/.local/lib/python3.8/site-packages/airflow/example_dags/example_branch_labels.py
[2025-01-30T00:27:24.164+0000] {logging_mixin.py:188} INFO - [2025-01-30T00:27:24.163+0000] {dag.py:3036} INFO - Sync 1 DAGs
[2025-01-30T00:27:24.223+0000] {logging_mixin.py:188} INFO - [2025-01-30T00:27:24.223+0000] {dag.py:3823} INFO - Setting next_dagrun for example_branch_labels to 2025-01-29 00:00:00+00:00, run_after=2025-01-30 00:00:00+00:00
[2025-01-30T00:27:24.268+0000] {processor.py:183} INFO - Processing /home/airflow/.local/lib/python3.8/site-packages/airflow/example_dags/example_branch_labels.py took 0.194 seconds
[2025-01-30T00:27:54.922+0000] {processor.py:161} INFO - Started process (PID=6005) to work on /home/airflow/.local/lib/python3.8/site-packages/airflow/example_dags/example_branch_labels.py
[2025-01-30T00:27:54.924+0000] {processor.py:830} INFO - Processing file /home/airflow/.local/lib/python3.8/site-packages/airflow/example_dags/example_branch_labels.py for tasks to queue
[2025-01-30T00:27:54.926+0000] {logging_mixin.py:188} INFO - [2025-01-30T00:27:54.926+0000] {dagbag.py:538} INFO - Filling up the DagBag from /home/airflow/.local/lib/python3.8/site-packages/airflow/example_dags/example_branch_labels.py
[2025-01-30T00:27:54.952+0000] {processor.py:840} INFO - DAG(s) 'example_branch_labels' retrieved from /home/airflow/.local/lib/python3.8/site-packages/airflow/example_dags/example_branch_labels.py
[2025-01-30T00:27:54.996+0000] {logging_mixin.py:188} INFO - [2025-01-30T00:27:54.996+0000] {dag.py:3036} INFO - Sync 1 DAGs
[2025-01-30T00:27:55.059+0000] {logging_mixin.py:188} INFO - [2025-01-30T00:27:55.058+0000] {dag.py:3823} INFO - Setting next_dagrun for example_branch_labels to 2025-01-29 00:00:00+00:00, run_after=2025-01-30 00:00:00+00:00
[2025-01-30T00:27:55.105+0000] {processor.py:183} INFO - Processing /home/airflow/.local/lib/python3.8/site-packages/airflow/example_dags/example_branch_labels.py took 0.193 seconds
[2025-01-30T00:28:25.904+0000] {processor.py:161} INFO - Started process (PID=6060) to work on /home/airflow/.local/lib/python3.8/site-packages/airflow/example_dags/example_branch_labels.py
[2025-01-30T00:28:25.908+0000] {processor.py:830} INFO - Processing file /home/airflow/.local/lib/python3.8/site-packages/airflow/example_dags/example_branch_labels.py for tasks to queue
[2025-01-30T00:28:25.911+0000] {logging_mixin.py:188} INFO - [2025-01-30T00:28:25.910+0000] {dagbag.py:538} INFO - Filling up the DagBag from /home/airflow/.local/lib/python3.8/site-packages/airflow/example_dags/example_branch_labels.py
[2025-01-30T00:28:25.935+0000] {processor.py:840} INFO - DAG(s) 'example_branch_labels' retrieved from /home/airflow/.local/lib/python3.8/site-packages/airflow/example_dags/example_branch_labels.py
[2025-01-30T00:28:25.987+0000] {logging_mixin.py:188} INFO - [2025-01-30T00:28:25.985+0000] {dag.py:3036} INFO - Sync 1 DAGs
[2025-01-30T00:28:26.042+0000] {logging_mixin.py:188} INFO - [2025-01-30T00:28:26.041+0000] {dag.py:3823} INFO - Setting next_dagrun for example_branch_labels to 2025-01-29 00:00:00+00:00, run_after=2025-01-30 00:00:00+00:00
[2025-01-30T00:28:26.104+0000] {processor.py:183} INFO - Processing /home/airflow/.local/lib/python3.8/site-packages/airflow/example_dags/example_branch_labels.py took 0.209 seconds
[2025-01-30T00:28:59.852+0000] {processor.py:161} INFO - Started process (PID=6115) to work on /home/airflow/.local/lib/python3.8/site-packages/airflow/example_dags/example_branch_labels.py
[2025-01-30T00:28:59.854+0000] {processor.py:830} INFO - Processing file /home/airflow/.local/lib/python3.8/site-packages/airflow/example_dags/example_branch_labels.py for tasks to queue
[2025-01-30T00:28:59.857+0000] {logging_mixin.py:188} INFO - [2025-01-30T00:28:59.856+0000] {dagbag.py:538} INFO - Filling up the DagBag from /home/airflow/.local/lib/python3.8/site-packages/airflow/example_dags/example_branch_labels.py
[2025-01-30T00:28:59.878+0000] {processor.py:840} INFO - DAG(s) 'example_branch_labels' retrieved from /home/airflow/.local/lib/python3.8/site-packages/airflow/example_dags/example_branch_labels.py
[2025-01-30T00:28:59.988+0000] {logging_mixin.py:188} INFO - [2025-01-30T00:28:59.987+0000] {dag.py:3036} INFO - Sync 1 DAGs
[2025-01-30T00:29:00.085+0000] {logging_mixin.py:188} INFO - [2025-01-30T00:29:00.084+0000] {dag.py:3823} INFO - Setting next_dagrun for example_branch_labels to 2025-01-29 00:00:00+00:00, run_after=2025-01-30 00:00:00+00:00
[2025-01-30T00:29:00.164+0000] {processor.py:183} INFO - Processing /home/airflow/.local/lib/python3.8/site-packages/airflow/example_dags/example_branch_labels.py took 0.322 seconds
[2025-01-30T00:29:30.992+0000] {processor.py:161} INFO - Started process (PID=6170) to work on /home/airflow/.local/lib/python3.8/site-packages/airflow/example_dags/example_branch_labels.py
[2025-01-30T00:29:30.996+0000] {processor.py:830} INFO - Processing file /home/airflow/.local/lib/python3.8/site-packages/airflow/example_dags/example_branch_labels.py for tasks to queue
[2025-01-30T00:29:31.004+0000] {logging_mixin.py:188} INFO - [2025-01-30T00:29:31.003+0000] {dagbag.py:538} INFO - Filling up the DagBag from /home/airflow/.local/lib/python3.8/site-packages/airflow/example_dags/example_branch_labels.py
[2025-01-30T00:29:31.042+0000] {processor.py:840} INFO - DAG(s) 'example_branch_labels' retrieved from /home/airflow/.local/lib/python3.8/site-packages/airflow/example_dags/example_branch_labels.py
[2025-01-30T00:29:31.120+0000] {logging_mixin.py:188} INFO - [2025-01-30T00:29:31.119+0000] {dag.py:3036} INFO - Sync 1 DAGs
[2025-01-30T00:29:31.222+0000] {logging_mixin.py:188} INFO - [2025-01-30T00:29:31.222+0000] {dag.py:3823} INFO - Setting next_dagrun for example_branch_labels to 2025-01-29 00:00:00+00:00, run_after=2025-01-30 00:00:00+00:00
[2025-01-30T00:29:31.304+0000] {processor.py:183} INFO - Processing /home/airflow/.local/lib/python3.8/site-packages/airflow/example_dags/example_branch_labels.py took 0.322 seconds
[2025-01-30T00:30:02.284+0000] {processor.py:161} INFO - Started process (PID=6226) to work on /home/airflow/.local/lib/python3.8/site-packages/airflow/example_dags/example_branch_labels.py
[2025-01-30T00:30:02.289+0000] {processor.py:830} INFO - Processing file /home/airflow/.local/lib/python3.8/site-packages/airflow/example_dags/example_branch_labels.py for tasks to queue
[2025-01-30T00:30:02.292+0000] {logging_mixin.py:188} INFO - [2025-01-30T00:30:02.291+0000] {dagbag.py:538} INFO - Filling up the DagBag from /home/airflow/.local/lib/python3.8/site-packages/airflow/example_dags/example_branch_labels.py
[2025-01-30T00:30:02.323+0000] {processor.py:840} INFO - DAG(s) 'example_branch_labels' retrieved from /home/airflow/.local/lib/python3.8/site-packages/airflow/example_dags/example_branch_labels.py
[2025-01-30T00:30:02.387+0000] {logging_mixin.py:188} INFO - [2025-01-30T00:30:02.386+0000] {dag.py:3036} INFO - Sync 1 DAGs
[2025-01-30T00:30:02.467+0000] {logging_mixin.py:188} INFO - [2025-01-30T00:30:02.467+0000] {dag.py:3823} INFO - Setting next_dagrun for example_branch_labels to 2025-01-29 00:00:00+00:00, run_after=2025-01-30 00:00:00+00:00
[2025-01-30T00:30:02.522+0000] {processor.py:183} INFO - Processing /home/airflow/.local/lib/python3.8/site-packages/airflow/example_dags/example_branch_labels.py took 0.255 seconds
[2025-01-30T00:30:33.290+0000] {processor.py:161} INFO - Started process (PID=6281) to work on /home/airflow/.local/lib/python3.8/site-packages/airflow/example_dags/example_branch_labels.py
[2025-01-30T00:30:33.291+0000] {processor.py:830} INFO - Processing file /home/airflow/.local/lib/python3.8/site-packages/airflow/example_dags/example_branch_labels.py for tasks to queue
[2025-01-30T00:30:33.292+0000] {logging_mixin.py:188} INFO - [2025-01-30T00:30:33.292+0000] {dagbag.py:538} INFO - Filling up the DagBag from /home/airflow/.local/lib/python3.8/site-packages/airflow/example_dags/example_branch_labels.py
[2025-01-30T00:30:33.305+0000] {processor.py:840} INFO - DAG(s) 'example_branch_labels' retrieved from /home/airflow/.local/lib/python3.8/site-packages/airflow/example_dags/example_branch_labels.py
[2025-01-30T00:30:33.343+0000] {logging_mixin.py:188} INFO - [2025-01-30T00:30:33.343+0000] {dag.py:3036} INFO - Sync 1 DAGs
[2025-01-30T00:30:33.379+0000] {logging_mixin.py:188} INFO - [2025-01-30T00:30:33.379+0000] {dag.py:3823} INFO - Setting next_dagrun for example_branch_labels to 2025-01-29 00:00:00+00:00, run_after=2025-01-30 00:00:00+00:00
[2025-01-30T00:30:33.409+0000] {processor.py:183} INFO - Processing /home/airflow/.local/lib/python3.8/site-packages/airflow/example_dags/example_branch_labels.py took 0.123 seconds
[2025-01-30T00:31:10.141+0000] {processor.py:161} INFO - Started process (PID=6337) to work on /home/airflow/.local/lib/python3.8/site-packages/airflow/example_dags/example_branch_labels.py
[2025-01-30T00:31:10.171+0000] {processor.py:830} INFO - Processing file /home/airflow/.local/lib/python3.8/site-packages/airflow/example_dags/example_branch_labels.py for tasks to queue
[2025-01-30T00:31:10.174+0000] {logging_mixin.py:188} INFO - [2025-01-30T00:31:10.174+0000] {dagbag.py:538} INFO - Filling up the DagBag from /home/airflow/.local/lib/python3.8/site-packages/airflow/example_dags/example_branch_labels.py
[2025-01-30T00:31:10.349+0000] {processor.py:840} INFO - DAG(s) 'example_branch_labels' retrieved from /home/airflow/.local/lib/python3.8/site-packages/airflow/example_dags/example_branch_labels.py
[2025-01-30T00:31:10.636+0000] {logging_mixin.py:188} INFO - [2025-01-30T00:31:10.636+0000] {dag.py:3036} INFO - Sync 1 DAGs
[2025-01-30T00:31:10.928+0000] {logging_mixin.py:188} INFO - [2025-01-30T00:31:10.927+0000] {dag.py:3823} INFO - Setting next_dagrun for example_branch_labels to 2025-01-29 00:00:00+00:00, run_after=2025-01-30 00:00:00+00:00
[2025-01-30T00:31:11.062+0000] {processor.py:183} INFO - Processing /home/airflow/.local/lib/python3.8/site-packages/airflow/example_dags/example_branch_labels.py took 1.020 seconds
[2025-01-30T00:31:41.449+0000] {processor.py:161} INFO - Started process (PID=6393) to work on /home/airflow/.local/lib/python3.8/site-packages/airflow/example_dags/example_branch_labels.py
[2025-01-30T00:31:41.451+0000] {processor.py:830} INFO - Processing file /home/airflow/.local/lib/python3.8/site-packages/airflow/example_dags/example_branch_labels.py for tasks to queue
[2025-01-30T00:31:41.453+0000] {logging_mixin.py:188} INFO - [2025-01-30T00:31:41.452+0000] {dagbag.py:538} INFO - Filling up the DagBag from /home/airflow/.local/lib/python3.8/site-packages/airflow/example_dags/example_branch_labels.py
[2025-01-30T00:31:41.472+0000] {processor.py:840} INFO - DAG(s) 'example_branch_labels' retrieved from /home/airflow/.local/lib/python3.8/site-packages/airflow/example_dags/example_branch_labels.py
[2025-01-30T00:31:41.519+0000] {logging_mixin.py:188} INFO - [2025-01-30T00:31:41.518+0000] {dag.py:3036} INFO - Sync 1 DAGs
[2025-01-30T00:31:41.575+0000] {logging_mixin.py:188} INFO - [2025-01-30T00:31:41.575+0000] {dag.py:3823} INFO - Setting next_dagrun for example_branch_labels to 2025-01-29 00:00:00+00:00, run_after=2025-01-30 00:00:00+00:00
[2025-01-30T00:31:41.617+0000] {processor.py:183} INFO - Processing /home/airflow/.local/lib/python3.8/site-packages/airflow/example_dags/example_branch_labels.py took 0.174 seconds
[2025-01-30T00:32:12.232+0000] {processor.py:161} INFO - Started process (PID=6448) to work on /home/airflow/.local/lib/python3.8/site-packages/airflow/example_dags/example_branch_labels.py
[2025-01-30T00:32:12.234+0000] {processor.py:830} INFO - Processing file /home/airflow/.local/lib/python3.8/site-packages/airflow/example_dags/example_branch_labels.py for tasks to queue
[2025-01-30T00:32:12.236+0000] {logging_mixin.py:188} INFO - [2025-01-30T00:32:12.235+0000] {dagbag.py:538} INFO - Filling up the DagBag from /home/airflow/.local/lib/python3.8/site-packages/airflow/example_dags/example_branch_labels.py
[2025-01-30T00:32:12.253+0000] {processor.py:840} INFO - DAG(s) 'example_branch_labels' retrieved from /home/airflow/.local/lib/python3.8/site-packages/airflow/example_dags/example_branch_labels.py
[2025-01-30T00:32:12.302+0000] {logging_mixin.py:188} INFO - [2025-01-30T00:32:12.301+0000] {dag.py:3036} INFO - Sync 1 DAGs
[2025-01-30T00:32:12.365+0000] {logging_mixin.py:188} INFO - [2025-01-30T00:32:12.364+0000] {dag.py:3823} INFO - Setting next_dagrun for example_branch_labels to 2025-01-29 00:00:00+00:00, run_after=2025-01-30 00:00:00+00:00
[2025-01-30T00:32:12.397+0000] {processor.py:183} INFO - Processing /home/airflow/.local/lib/python3.8/site-packages/airflow/example_dags/example_branch_labels.py took 0.171 seconds
[2025-01-30T00:32:42.839+0000] {processor.py:161} INFO - Started process (PID=6505) to work on /home/airflow/.local/lib/python3.8/site-packages/airflow/example_dags/example_branch_labels.py
[2025-01-30T00:32:42.866+0000] {processor.py:830} INFO - Processing file /home/airflow/.local/lib/python3.8/site-packages/airflow/example_dags/example_branch_labels.py for tasks to queue
[2025-01-30T00:32:42.894+0000] {logging_mixin.py:188} INFO - [2025-01-30T00:32:42.891+0000] {dagbag.py:538} INFO - Filling up the DagBag from /home/airflow/.local/lib/python3.8/site-packages/airflow/example_dags/example_branch_labels.py
[2025-01-30T00:32:42.962+0000] {processor.py:840} INFO - DAG(s) 'example_branch_labels' retrieved from /home/airflow/.local/lib/python3.8/site-packages/airflow/example_dags/example_branch_labels.py
[2025-01-30T00:32:43.087+0000] {logging_mixin.py:188} INFO - [2025-01-30T00:32:43.086+0000] {dag.py:3036} INFO - Sync 1 DAGs
[2025-01-30T00:32:43.347+0000] {logging_mixin.py:188} INFO - [2025-01-30T00:32:43.346+0000] {dag.py:3823} INFO - Setting next_dagrun for example_branch_labels to 2025-01-29 00:00:00+00:00, run_after=2025-01-30 00:00:00+00:00
[2025-01-30T00:32:43.465+0000] {processor.py:183} INFO - Processing /home/airflow/.local/lib/python3.8/site-packages/airflow/example_dags/example_branch_labels.py took 0.679 seconds
[2025-01-30T00:33:13.731+0000] {processor.py:161} INFO - Started process (PID=6561) to work on /home/airflow/.local/lib/python3.8/site-packages/airflow/example_dags/example_branch_labels.py
[2025-01-30T00:33:13.734+0000] {processor.py:830} INFO - Processing file /home/airflow/.local/lib/python3.8/site-packages/airflow/example_dags/example_branch_labels.py for tasks to queue
[2025-01-30T00:33:13.737+0000] {logging_mixin.py:188} INFO - [2025-01-30T00:33:13.736+0000] {dagbag.py:538} INFO - Filling up the DagBag from /home/airflow/.local/lib/python3.8/site-packages/airflow/example_dags/example_branch_labels.py
[2025-01-30T00:33:13.762+0000] {processor.py:840} INFO - DAG(s) 'example_branch_labels' retrieved from /home/airflow/.local/lib/python3.8/site-packages/airflow/example_dags/example_branch_labels.py
[2025-01-30T00:33:13.810+0000] {logging_mixin.py:188} INFO - [2025-01-30T00:33:13.810+0000] {dag.py:3036} INFO - Sync 1 DAGs
[2025-01-30T00:33:13.902+0000] {logging_mixin.py:188} INFO - [2025-01-30T00:33:13.902+0000] {dag.py:3823} INFO - Setting next_dagrun for example_branch_labels to 2025-01-29 00:00:00+00:00, run_after=2025-01-30 00:00:00+00:00
[2025-01-30T00:33:13.970+0000] {processor.py:183} INFO - Processing /home/airflow/.local/lib/python3.8/site-packages/airflow/example_dags/example_branch_labels.py took 0.245 seconds
[2025-01-30T00:33:44.545+0000] {processor.py:161} INFO - Started process (PID=6617) to work on /home/airflow/.local/lib/python3.8/site-packages/airflow/example_dags/example_branch_labels.py
[2025-01-30T00:33:44.547+0000] {processor.py:830} INFO - Processing file /home/airflow/.local/lib/python3.8/site-packages/airflow/example_dags/example_branch_labels.py for tasks to queue
[2025-01-30T00:33:44.549+0000] {logging_mixin.py:188} INFO - [2025-01-30T00:33:44.548+0000] {dagbag.py:538} INFO - Filling up the DagBag from /home/airflow/.local/lib/python3.8/site-packages/airflow/example_dags/example_branch_labels.py
[2025-01-30T00:33:44.572+0000] {processor.py:840} INFO - DAG(s) 'example_branch_labels' retrieved from /home/airflow/.local/lib/python3.8/site-packages/airflow/example_dags/example_branch_labels.py
[2025-01-30T00:33:44.632+0000] {logging_mixin.py:188} INFO - [2025-01-30T00:33:44.632+0000] {dag.py:3036} INFO - Sync 1 DAGs
[2025-01-30T00:33:44.705+0000] {logging_mixin.py:188} INFO - [2025-01-30T00:33:44.705+0000] {dag.py:3823} INFO - Setting next_dagrun for example_branch_labels to 2025-01-29 00:00:00+00:00, run_after=2025-01-30 00:00:00+00:00
[2025-01-30T00:33:44.755+0000] {processor.py:183} INFO - Processing /home/airflow/.local/lib/python3.8/site-packages/airflow/example_dags/example_branch_labels.py took 0.222 seconds
[2025-01-30T00:34:15.224+0000] {processor.py:161} INFO - Started process (PID=6673) to work on /home/airflow/.local/lib/python3.8/site-packages/airflow/example_dags/example_branch_labels.py
[2025-01-30T00:34:15.225+0000] {processor.py:830} INFO - Processing file /home/airflow/.local/lib/python3.8/site-packages/airflow/example_dags/example_branch_labels.py for tasks to queue
[2025-01-30T00:34:15.226+0000] {logging_mixin.py:188} INFO - [2025-01-30T00:34:15.226+0000] {dagbag.py:538} INFO - Filling up the DagBag from /home/airflow/.local/lib/python3.8/site-packages/airflow/example_dags/example_branch_labels.py
[2025-01-30T00:34:15.236+0000] {processor.py:840} INFO - DAG(s) 'example_branch_labels' retrieved from /home/airflow/.local/lib/python3.8/site-packages/airflow/example_dags/example_branch_labels.py
[2025-01-30T00:34:15.264+0000] {logging_mixin.py:188} INFO - [2025-01-30T00:34:15.264+0000] {dag.py:3036} INFO - Sync 1 DAGs
[2025-01-30T00:34:15.297+0000] {logging_mixin.py:188} INFO - [2025-01-30T00:34:15.296+0000] {dag.py:3823} INFO - Setting next_dagrun for example_branch_labels to 2025-01-29 00:00:00+00:00, run_after=2025-01-30 00:00:00+00:00
[2025-01-30T00:34:15.331+0000] {processor.py:183} INFO - Processing /home/airflow/.local/lib/python3.8/site-packages/airflow/example_dags/example_branch_labels.py took 0.110 seconds
[2025-01-30T00:34:47.455+0000] {processor.py:161} INFO - Started process (PID=6726) to work on /home/airflow/.local/lib/python3.8/site-packages/airflow/example_dags/example_branch_labels.py
[2025-01-30T00:34:47.462+0000] {processor.py:830} INFO - Processing file /home/airflow/.local/lib/python3.8/site-packages/airflow/example_dags/example_branch_labels.py for tasks to queue
[2025-01-30T00:34:47.484+0000] {logging_mixin.py:188} INFO - [2025-01-30T00:34:47.483+0000] {dagbag.py:538} INFO - Filling up the DagBag from /home/airflow/.local/lib/python3.8/site-packages/airflow/example_dags/example_branch_labels.py
[2025-01-30T00:34:47.528+0000] {processor.py:840} INFO - DAG(s) 'example_branch_labels' retrieved from /home/airflow/.local/lib/python3.8/site-packages/airflow/example_dags/example_branch_labels.py
[2025-01-30T00:34:47.622+0000] {logging_mixin.py:188} INFO - [2025-01-30T00:34:47.621+0000] {dag.py:3036} INFO - Sync 1 DAGs
[2025-01-30T00:34:47.764+0000] {logging_mixin.py:188} INFO - [2025-01-30T00:34:47.763+0000] {dag.py:3823} INFO - Setting next_dagrun for example_branch_labels to 2025-01-29 00:00:00+00:00, run_after=2025-01-30 00:00:00+00:00
[2025-01-30T00:34:47.863+0000] {processor.py:183} INFO - Processing /home/airflow/.local/lib/python3.8/site-packages/airflow/example_dags/example_branch_labels.py took 0.416 seconds
[2025-01-30T00:35:18.676+0000] {processor.py:161} INFO - Started process (PID=6782) to work on /home/airflow/.local/lib/python3.8/site-packages/airflow/example_dags/example_branch_labels.py
[2025-01-30T00:35:18.678+0000] {processor.py:830} INFO - Processing file /home/airflow/.local/lib/python3.8/site-packages/airflow/example_dags/example_branch_labels.py for tasks to queue
[2025-01-30T00:35:18.681+0000] {logging_mixin.py:188} INFO - [2025-01-30T00:35:18.680+0000] {dagbag.py:538} INFO - Filling up the DagBag from /home/airflow/.local/lib/python3.8/site-packages/airflow/example_dags/example_branch_labels.py
[2025-01-30T00:35:18.692+0000] {processor.py:840} INFO - DAG(s) 'example_branch_labels' retrieved from /home/airflow/.local/lib/python3.8/site-packages/airflow/example_dags/example_branch_labels.py
[2025-01-30T00:35:18.732+0000] {logging_mixin.py:188} INFO - [2025-01-30T00:35:18.732+0000] {dag.py:3036} INFO - Sync 1 DAGs
[2025-01-30T00:35:18.768+0000] {logging_mixin.py:188} INFO - [2025-01-30T00:35:18.768+0000] {dag.py:3823} INFO - Setting next_dagrun for example_branch_labels to 2025-01-29 00:00:00+00:00, run_after=2025-01-30 00:00:00+00:00
[2025-01-30T00:35:18.814+0000] {processor.py:183} INFO - Processing /home/airflow/.local/lib/python3.8/site-packages/airflow/example_dags/example_branch_labels.py took 0.143 seconds
[2025-01-30T00:35:52.426+0000] {processor.py:161} INFO - Started process (PID=6844) to work on /home/airflow/.local/lib/python3.8/site-packages/airflow/example_dags/example_branch_labels.py
[2025-01-30T00:35:52.429+0000] {processor.py:830} INFO - Processing file /home/airflow/.local/lib/python3.8/site-packages/airflow/example_dags/example_branch_labels.py for tasks to queue
[2025-01-30T00:35:52.432+0000] {logging_mixin.py:188} INFO - [2025-01-30T00:35:52.431+0000] {dagbag.py:538} INFO - Filling up the DagBag from /home/airflow/.local/lib/python3.8/site-packages/airflow/example_dags/example_branch_labels.py
[2025-01-30T00:35:52.452+0000] {processor.py:840} INFO - DAG(s) 'example_branch_labels' retrieved from /home/airflow/.local/lib/python3.8/site-packages/airflow/example_dags/example_branch_labels.py
[2025-01-30T00:35:52.514+0000] {logging_mixin.py:188} INFO - [2025-01-30T00:35:52.513+0000] {dag.py:3036} INFO - Sync 1 DAGs
[2025-01-30T00:35:52.584+0000] {logging_mixin.py:188} INFO - [2025-01-30T00:35:52.583+0000] {dag.py:3823} INFO - Setting next_dagrun for example_branch_labels to 2025-01-29 00:00:00+00:00, run_after=2025-01-30 00:00:00+00:00
[2025-01-30T00:35:52.632+0000] {processor.py:183} INFO - Processing /home/airflow/.local/lib/python3.8/site-packages/airflow/example_dags/example_branch_labels.py took 0.212 seconds
[2025-01-30T00:36:27.962+0000] {processor.py:161} INFO - Started process (PID=6898) to work on /home/airflow/.local/lib/python3.8/site-packages/airflow/example_dags/example_branch_labels.py
[2025-01-30T00:36:27.965+0000] {processor.py:830} INFO - Processing file /home/airflow/.local/lib/python3.8/site-packages/airflow/example_dags/example_branch_labels.py for tasks to queue
[2025-01-30T00:36:27.969+0000] {logging_mixin.py:188} INFO - [2025-01-30T00:36:27.968+0000] {dagbag.py:538} INFO - Filling up the DagBag from /home/airflow/.local/lib/python3.8/site-packages/airflow/example_dags/example_branch_labels.py
[2025-01-30T00:36:27.990+0000] {processor.py:840} INFO - DAG(s) 'example_branch_labels' retrieved from /home/airflow/.local/lib/python3.8/site-packages/airflow/example_dags/example_branch_labels.py
[2025-01-30T00:36:28.046+0000] {logging_mixin.py:188} INFO - [2025-01-30T00:36:28.045+0000] {dag.py:3036} INFO - Sync 1 DAGs
[2025-01-30T00:36:28.123+0000] {logging_mixin.py:188} INFO - [2025-01-30T00:36:28.122+0000] {dag.py:3823} INFO - Setting next_dagrun for example_branch_labels to 2025-01-29 00:00:00+00:00, run_after=2025-01-30 00:00:00+00:00
[2025-01-30T00:36:28.189+0000] {processor.py:183} INFO - Processing /home/airflow/.local/lib/python3.8/site-packages/airflow/example_dags/example_branch_labels.py took 0.234 seconds
[2025-01-30T00:37:00.894+0000] {processor.py:161} INFO - Started process (PID=6956) to work on /home/airflow/.local/lib/python3.8/site-packages/airflow/example_dags/example_branch_labels.py
[2025-01-30T00:37:00.896+0000] {processor.py:830} INFO - Processing file /home/airflow/.local/lib/python3.8/site-packages/airflow/example_dags/example_branch_labels.py for tasks to queue
[2025-01-30T00:37:00.899+0000] {logging_mixin.py:188} INFO - [2025-01-30T00:37:00.898+0000] {dagbag.py:538} INFO - Filling up the DagBag from /home/airflow/.local/lib/python3.8/site-packages/airflow/example_dags/example_branch_labels.py
[2025-01-30T00:37:00.923+0000] {processor.py:840} INFO - DAG(s) 'example_branch_labels' retrieved from /home/airflow/.local/lib/python3.8/site-packages/airflow/example_dags/example_branch_labels.py
[2025-01-30T00:37:00.969+0000] {logging_mixin.py:188} INFO - [2025-01-30T00:37:00.969+0000] {dag.py:3036} INFO - Sync 1 DAGs
[2025-01-30T00:37:01.058+0000] {logging_mixin.py:188} INFO - [2025-01-30T00:37:01.058+0000] {dag.py:3823} INFO - Setting next_dagrun for example_branch_labels to 2025-01-29 00:00:00+00:00, run_after=2025-01-30 00:00:00+00:00
[2025-01-30T00:37:01.122+0000] {processor.py:183} INFO - Processing /home/airflow/.local/lib/python3.8/site-packages/airflow/example_dags/example_branch_labels.py took 0.238 seconds
[2025-01-30T00:37:31.260+0000] {processor.py:161} INFO - Started process (PID=7011) to work on /home/airflow/.local/lib/python3.8/site-packages/airflow/example_dags/example_branch_labels.py
[2025-01-30T00:37:31.263+0000] {processor.py:830} INFO - Processing file /home/airflow/.local/lib/python3.8/site-packages/airflow/example_dags/example_branch_labels.py for tasks to queue
[2025-01-30T00:37:31.266+0000] {logging_mixin.py:188} INFO - [2025-01-30T00:37:31.265+0000] {dagbag.py:538} INFO - Filling up the DagBag from /home/airflow/.local/lib/python3.8/site-packages/airflow/example_dags/example_branch_labels.py
[2025-01-30T00:37:31.282+0000] {processor.py:840} INFO - DAG(s) 'example_branch_labels' retrieved from /home/airflow/.local/lib/python3.8/site-packages/airflow/example_dags/example_branch_labels.py
[2025-01-30T00:37:31.324+0000] {logging_mixin.py:188} INFO - [2025-01-30T00:37:31.323+0000] {dag.py:3036} INFO - Sync 1 DAGs
[2025-01-30T00:37:31.380+0000] {logging_mixin.py:188} INFO - [2025-01-30T00:37:31.380+0000] {dag.py:3823} INFO - Setting next_dagrun for example_branch_labels to 2025-01-29 00:00:00+00:00, run_after=2025-01-30 00:00:00+00:00
[2025-01-30T00:37:31.413+0000] {processor.py:183} INFO - Processing /home/airflow/.local/lib/python3.8/site-packages/airflow/example_dags/example_branch_labels.py took 0.159 seconds
[2025-01-30T00:38:09.317+0000] {processor.py:161} INFO - Started process (PID=7066) to work on /home/airflow/.local/lib/python3.8/site-packages/airflow/example_dags/example_branch_labels.py
[2025-01-30T00:38:09.337+0000] {processor.py:830} INFO - Processing file /home/airflow/.local/lib/python3.8/site-packages/airflow/example_dags/example_branch_labels.py for tasks to queue
[2025-01-30T00:38:09.386+0000] {logging_mixin.py:188} INFO - [2025-01-30T00:38:09.385+0000] {dagbag.py:538} INFO - Filling up the DagBag from /home/airflow/.local/lib/python3.8/site-packages/airflow/example_dags/example_branch_labels.py
[2025-01-30T00:38:09.439+0000] {processor.py:840} INFO - DAG(s) 'example_branch_labels' retrieved from /home/airflow/.local/lib/python3.8/site-packages/airflow/example_dags/example_branch_labels.py
[2025-01-30T00:38:09.536+0000] {logging_mixin.py:188} INFO - [2025-01-30T00:38:09.535+0000] {dag.py:3036} INFO - Sync 1 DAGs
[2025-01-30T00:38:09.656+0000] {logging_mixin.py:188} INFO - [2025-01-30T00:38:09.656+0000] {dag.py:3823} INFO - Setting next_dagrun for example_branch_labels to 2025-01-29 00:00:00+00:00, run_after=2025-01-30 00:00:00+00:00
[2025-01-30T00:38:09.800+0000] {processor.py:183} INFO - Processing /home/airflow/.local/lib/python3.8/site-packages/airflow/example_dags/example_branch_labels.py took 0.503 seconds
