[2025-01-30T00:00:04.656+0000] {processor.py:161} INFO - Started process (PID=3039) to work on /home/airflow/.local/lib/python3.8/site-packages/airflow/example_dags/example_sensor_decorator.py
[2025-01-30T00:00:04.659+0000] {processor.py:830} INFO - Processing file /home/airflow/.local/lib/python3.8/site-packages/airflow/example_dags/example_sensor_decorator.py for tasks to queue
[2025-01-30T00:00:04.662+0000] {logging_mixin.py:188} INFO - [2025-01-30T00:00:04.661+0000] {dagbag.py:538} INFO - Filling up the DagBag from /home/airflow/.local/lib/python3.8/site-packages/airflow/example_dags/example_sensor_decorator.py
[2025-01-30T00:00:04.691+0000] {processor.py:840} INFO - DAG(s) 'example_sensor_decorator' retrieved from /home/airflow/.local/lib/python3.8/site-packages/airflow/example_dags/example_sensor_decorator.py
[2025-01-30T00:00:04.790+0000] {logging_mixin.py:188} INFO - [2025-01-30T00:00:04.789+0000] {dag.py:3036} INFO - Sync 1 DAGs
[2025-01-30T00:00:04.835+0000] {logging_mixin.py:188} INFO - [2025-01-30T00:00:04.834+0000] {dag.py:3823} INFO - Setting next_dagrun for example_sensor_decorator to None, run_after=None
[2025-01-30T00:00:04.927+0000] {processor.py:183} INFO - Processing /home/airflow/.local/lib/python3.8/site-packages/airflow/example_dags/example_sensor_decorator.py took 0.281 seconds
[2025-01-30T00:00:34.993+0000] {processor.py:161} INFO - Started process (PID=3090) to work on /home/airflow/.local/lib/python3.8/site-packages/airflow/example_dags/example_sensor_decorator.py
[2025-01-30T00:00:34.995+0000] {processor.py:830} INFO - Processing file /home/airflow/.local/lib/python3.8/site-packages/airflow/example_dags/example_sensor_decorator.py for tasks to queue
[2025-01-30T00:00:34.996+0000] {logging_mixin.py:188} INFO - [2025-01-30T00:00:34.996+0000] {dagbag.py:538} INFO - Filling up the DagBag from /home/airflow/.local/lib/python3.8/site-packages/airflow/example_dags/example_sensor_decorator.py
[2025-01-30T00:00:35.003+0000] {processor.py:840} INFO - DAG(s) 'example_sensor_decorator' retrieved from /home/airflow/.local/lib/python3.8/site-packages/airflow/example_dags/example_sensor_decorator.py
[2025-01-30T00:00:35.033+0000] {logging_mixin.py:188} INFO - [2025-01-30T00:00:35.032+0000] {dag.py:3036} INFO - Sync 1 DAGs
[2025-01-30T00:00:35.052+0000] {logging_mixin.py:188} INFO - [2025-01-30T00:00:35.051+0000] {dag.py:3823} INFO - Setting next_dagrun for example_sensor_decorator to None, run_after=None
[2025-01-30T00:00:35.079+0000] {processor.py:183} INFO - Processing /home/airflow/.local/lib/python3.8/site-packages/airflow/example_dags/example_sensor_decorator.py took 0.089 seconds
[2025-01-30T00:01:05.670+0000] {processor.py:161} INFO - Started process (PID=3147) to work on /home/airflow/.local/lib/python3.8/site-packages/airflow/example_dags/example_sensor_decorator.py
[2025-01-30T00:01:05.674+0000] {processor.py:830} INFO - Processing file /home/airflow/.local/lib/python3.8/site-packages/airflow/example_dags/example_sensor_decorator.py for tasks to queue
[2025-01-30T00:01:05.677+0000] {logging_mixin.py:188} INFO - [2025-01-30T00:01:05.676+0000] {dagbag.py:538} INFO - Filling up the DagBag from /home/airflow/.local/lib/python3.8/site-packages/airflow/example_dags/example_sensor_decorator.py
[2025-01-30T00:01:05.729+0000] {processor.py:840} INFO - DAG(s) 'example_sensor_decorator' retrieved from /home/airflow/.local/lib/python3.8/site-packages/airflow/example_dags/example_sensor_decorator.py
[2025-01-30T00:01:05.860+0000] {logging_mixin.py:188} INFO - [2025-01-30T00:01:05.860+0000] {dag.py:3036} INFO - Sync 1 DAGs
[2025-01-30T00:01:06.050+0000] {logging_mixin.py:188} INFO - [2025-01-30T00:01:06.049+0000] {dag.py:3823} INFO - Setting next_dagrun for example_sensor_decorator to None, run_after=None
[2025-01-30T00:01:06.481+0000] {processor.py:183} INFO - Processing /home/airflow/.local/lib/python3.8/site-packages/airflow/example_dags/example_sensor_decorator.py took 0.825 seconds
[2025-01-30T00:01:37.086+0000] {processor.py:161} INFO - Started process (PID=3202) to work on /home/airflow/.local/lib/python3.8/site-packages/airflow/example_dags/example_sensor_decorator.py
[2025-01-30T00:01:37.088+0000] {processor.py:830} INFO - Processing file /home/airflow/.local/lib/python3.8/site-packages/airflow/example_dags/example_sensor_decorator.py for tasks to queue
[2025-01-30T00:01:37.089+0000] {logging_mixin.py:188} INFO - [2025-01-30T00:01:37.089+0000] {dagbag.py:538} INFO - Filling up the DagBag from /home/airflow/.local/lib/python3.8/site-packages/airflow/example_dags/example_sensor_decorator.py
[2025-01-30T00:01:37.098+0000] {processor.py:840} INFO - DAG(s) 'example_sensor_decorator' retrieved from /home/airflow/.local/lib/python3.8/site-packages/airflow/example_dags/example_sensor_decorator.py
[2025-01-30T00:01:37.128+0000] {logging_mixin.py:188} INFO - [2025-01-30T00:01:37.127+0000] {dag.py:3036} INFO - Sync 1 DAGs
[2025-01-30T00:01:37.148+0000] {logging_mixin.py:188} INFO - [2025-01-30T00:01:37.147+0000] {dag.py:3823} INFO - Setting next_dagrun for example_sensor_decorator to None, run_after=None
[2025-01-30T00:01:37.180+0000] {processor.py:183} INFO - Processing /home/airflow/.local/lib/python3.8/site-packages/airflow/example_dags/example_sensor_decorator.py took 0.098 seconds
[2025-01-30T00:02:07.323+0000] {processor.py:161} INFO - Started process (PID=3258) to work on /home/airflow/.local/lib/python3.8/site-packages/airflow/example_dags/example_sensor_decorator.py
[2025-01-30T00:02:07.326+0000] {processor.py:830} INFO - Processing file /home/airflow/.local/lib/python3.8/site-packages/airflow/example_dags/example_sensor_decorator.py for tasks to queue
[2025-01-30T00:02:07.328+0000] {logging_mixin.py:188} INFO - [2025-01-30T00:02:07.328+0000] {dagbag.py:538} INFO - Filling up the DagBag from /home/airflow/.local/lib/python3.8/site-packages/airflow/example_dags/example_sensor_decorator.py
[2025-01-30T00:02:07.342+0000] {processor.py:840} INFO - DAG(s) 'example_sensor_decorator' retrieved from /home/airflow/.local/lib/python3.8/site-packages/airflow/example_dags/example_sensor_decorator.py
[2025-01-30T00:02:07.395+0000] {logging_mixin.py:188} INFO - [2025-01-30T00:02:07.394+0000] {dag.py:3036} INFO - Sync 1 DAGs
[2025-01-30T00:02:07.439+0000] {logging_mixin.py:188} INFO - [2025-01-30T00:02:07.437+0000] {dag.py:3823} INFO - Setting next_dagrun for example_sensor_decorator to None, run_after=None
[2025-01-30T00:02:07.487+0000] {processor.py:183} INFO - Processing /home/airflow/.local/lib/python3.8/site-packages/airflow/example_dags/example_sensor_decorator.py took 0.173 seconds
[2025-01-30T00:02:37.655+0000] {processor.py:161} INFO - Started process (PID=3314) to work on /home/airflow/.local/lib/python3.8/site-packages/airflow/example_dags/example_sensor_decorator.py
[2025-01-30T00:02:37.657+0000] {processor.py:830} INFO - Processing file /home/airflow/.local/lib/python3.8/site-packages/airflow/example_dags/example_sensor_decorator.py for tasks to queue
[2025-01-30T00:02:37.659+0000] {logging_mixin.py:188} INFO - [2025-01-30T00:02:37.658+0000] {dagbag.py:538} INFO - Filling up the DagBag from /home/airflow/.local/lib/python3.8/site-packages/airflow/example_dags/example_sensor_decorator.py
[2025-01-30T00:02:37.674+0000] {processor.py:840} INFO - DAG(s) 'example_sensor_decorator' retrieved from /home/airflow/.local/lib/python3.8/site-packages/airflow/example_dags/example_sensor_decorator.py
[2025-01-30T00:02:37.722+0000] {logging_mixin.py:188} INFO - [2025-01-30T00:02:37.721+0000] {dag.py:3036} INFO - Sync 1 DAGs
[2025-01-30T00:02:37.756+0000] {logging_mixin.py:188} INFO - [2025-01-30T00:02:37.756+0000] {dag.py:3823} INFO - Setting next_dagrun for example_sensor_decorator to None, run_after=None
[2025-01-30T00:02:37.801+0000] {processor.py:183} INFO - Processing /home/airflow/.local/lib/python3.8/site-packages/airflow/example_dags/example_sensor_decorator.py took 0.152 seconds
[2025-01-30T00:03:08.266+0000] {processor.py:161} INFO - Started process (PID=3370) to work on /home/airflow/.local/lib/python3.8/site-packages/airflow/example_dags/example_sensor_decorator.py
[2025-01-30T00:03:08.268+0000] {processor.py:830} INFO - Processing file /home/airflow/.local/lib/python3.8/site-packages/airflow/example_dags/example_sensor_decorator.py for tasks to queue
[2025-01-30T00:03:08.271+0000] {logging_mixin.py:188} INFO - [2025-01-30T00:03:08.270+0000] {dagbag.py:538} INFO - Filling up the DagBag from /home/airflow/.local/lib/python3.8/site-packages/airflow/example_dags/example_sensor_decorator.py
[2025-01-30T00:03:08.289+0000] {processor.py:840} INFO - DAG(s) 'example_sensor_decorator' retrieved from /home/airflow/.local/lib/python3.8/site-packages/airflow/example_dags/example_sensor_decorator.py
[2025-01-30T00:03:08.342+0000] {logging_mixin.py:188} INFO - [2025-01-30T00:03:08.341+0000] {dag.py:3036} INFO - Sync 1 DAGs
[2025-01-30T00:03:08.381+0000] {logging_mixin.py:188} INFO - [2025-01-30T00:03:08.380+0000] {dag.py:3823} INFO - Setting next_dagrun for example_sensor_decorator to None, run_after=None
[2025-01-30T00:03:08.461+0000] {processor.py:183} INFO - Processing /home/airflow/.local/lib/python3.8/site-packages/airflow/example_dags/example_sensor_decorator.py took 0.199 seconds
[2025-01-30T00:03:39.098+0000] {processor.py:161} INFO - Started process (PID=3425) to work on /home/airflow/.local/lib/python3.8/site-packages/airflow/example_dags/example_sensor_decorator.py
[2025-01-30T00:03:39.100+0000] {processor.py:830} INFO - Processing file /home/airflow/.local/lib/python3.8/site-packages/airflow/example_dags/example_sensor_decorator.py for tasks to queue
[2025-01-30T00:03:39.102+0000] {logging_mixin.py:188} INFO - [2025-01-30T00:03:39.101+0000] {dagbag.py:538} INFO - Filling up the DagBag from /home/airflow/.local/lib/python3.8/site-packages/airflow/example_dags/example_sensor_decorator.py
[2025-01-30T00:03:39.120+0000] {processor.py:840} INFO - DAG(s) 'example_sensor_decorator' retrieved from /home/airflow/.local/lib/python3.8/site-packages/airflow/example_dags/example_sensor_decorator.py
[2025-01-30T00:03:39.230+0000] {logging_mixin.py:188} INFO - [2025-01-30T00:03:39.229+0000] {dag.py:3036} INFO - Sync 1 DAGs
[2025-01-30T00:03:39.381+0000] {logging_mixin.py:188} INFO - [2025-01-30T00:03:39.381+0000] {dag.py:3823} INFO - Setting next_dagrun for example_sensor_decorator to None, run_after=None
[2025-01-30T00:03:39.498+0000] {processor.py:183} INFO - Processing /home/airflow/.local/lib/python3.8/site-packages/airflow/example_dags/example_sensor_decorator.py took 0.410 seconds
[2025-01-30T00:04:09.674+0000] {processor.py:161} INFO - Started process (PID=3481) to work on /home/airflow/.local/lib/python3.8/site-packages/airflow/example_dags/example_sensor_decorator.py
[2025-01-30T00:04:09.676+0000] {processor.py:830} INFO - Processing file /home/airflow/.local/lib/python3.8/site-packages/airflow/example_dags/example_sensor_decorator.py for tasks to queue
[2025-01-30T00:04:09.678+0000] {logging_mixin.py:188} INFO - [2025-01-30T00:04:09.678+0000] {dagbag.py:538} INFO - Filling up the DagBag from /home/airflow/.local/lib/python3.8/site-packages/airflow/example_dags/example_sensor_decorator.py
[2025-01-30T00:04:09.692+0000] {processor.py:840} INFO - DAG(s) 'example_sensor_decorator' retrieved from /home/airflow/.local/lib/python3.8/site-packages/airflow/example_dags/example_sensor_decorator.py
[2025-01-30T00:04:09.739+0000] {logging_mixin.py:188} INFO - [2025-01-30T00:04:09.738+0000] {dag.py:3036} INFO - Sync 1 DAGs
[2025-01-30T00:04:09.770+0000] {logging_mixin.py:188} INFO - [2025-01-30T00:04:09.769+0000] {dag.py:3823} INFO - Setting next_dagrun for example_sensor_decorator to None, run_after=None
[2025-01-30T00:04:09.813+0000] {processor.py:183} INFO - Processing /home/airflow/.local/lib/python3.8/site-packages/airflow/example_dags/example_sensor_decorator.py took 0.145 seconds
[2025-01-30T00:04:40.677+0000] {processor.py:161} INFO - Started process (PID=3536) to work on /home/airflow/.local/lib/python3.8/site-packages/airflow/example_dags/example_sensor_decorator.py
[2025-01-30T00:04:40.681+0000] {processor.py:830} INFO - Processing file /home/airflow/.local/lib/python3.8/site-packages/airflow/example_dags/example_sensor_decorator.py for tasks to queue
[2025-01-30T00:04:40.684+0000] {logging_mixin.py:188} INFO - [2025-01-30T00:04:40.683+0000] {dagbag.py:538} INFO - Filling up the DagBag from /home/airflow/.local/lib/python3.8/site-packages/airflow/example_dags/example_sensor_decorator.py
[2025-01-30T00:04:40.701+0000] {processor.py:840} INFO - DAG(s) 'example_sensor_decorator' retrieved from /home/airflow/.local/lib/python3.8/site-packages/airflow/example_dags/example_sensor_decorator.py
[2025-01-30T00:04:40.766+0000] {logging_mixin.py:188} INFO - [2025-01-30T00:04:40.765+0000] {dag.py:3036} INFO - Sync 1 DAGs
[2025-01-30T00:04:40.808+0000] {logging_mixin.py:188} INFO - [2025-01-30T00:04:40.808+0000] {dag.py:3823} INFO - Setting next_dagrun for example_sensor_decorator to None, run_after=None
[2025-01-30T00:04:40.909+0000] {processor.py:183} INFO - Processing /home/airflow/.local/lib/python3.8/site-packages/airflow/example_dags/example_sensor_decorator.py took 0.238 seconds
[2025-01-30T00:05:12.939+0000] {processor.py:161} INFO - Started process (PID=3592) to work on /home/airflow/.local/lib/python3.8/site-packages/airflow/example_dags/example_sensor_decorator.py
[2025-01-30T00:05:12.942+0000] {processor.py:830} INFO - Processing file /home/airflow/.local/lib/python3.8/site-packages/airflow/example_dags/example_sensor_decorator.py for tasks to queue
[2025-01-30T00:05:12.945+0000] {logging_mixin.py:188} INFO - [2025-01-30T00:05:12.944+0000] {dagbag.py:538} INFO - Filling up the DagBag from /home/airflow/.local/lib/python3.8/site-packages/airflow/example_dags/example_sensor_decorator.py
[2025-01-30T00:05:12.961+0000] {processor.py:840} INFO - DAG(s) 'example_sensor_decorator' retrieved from /home/airflow/.local/lib/python3.8/site-packages/airflow/example_dags/example_sensor_decorator.py
[2025-01-30T00:05:13.029+0000] {logging_mixin.py:188} INFO - [2025-01-30T00:05:13.029+0000] {dag.py:3036} INFO - Sync 1 DAGs
[2025-01-30T00:05:13.067+0000] {logging_mixin.py:188} INFO - [2025-01-30T00:05:13.066+0000] {dag.py:3823} INFO - Setting next_dagrun for example_sensor_decorator to None, run_after=None
[2025-01-30T00:05:13.117+0000] {processor.py:183} INFO - Processing /home/airflow/.local/lib/python3.8/site-packages/airflow/example_dags/example_sensor_decorator.py took 0.192 seconds
[2025-01-30T00:05:43.759+0000] {processor.py:161} INFO - Started process (PID=3643) to work on /home/airflow/.local/lib/python3.8/site-packages/airflow/example_dags/example_sensor_decorator.py
[2025-01-30T00:05:43.766+0000] {processor.py:830} INFO - Processing file /home/airflow/.local/lib/python3.8/site-packages/airflow/example_dags/example_sensor_decorator.py for tasks to queue
[2025-01-30T00:05:43.772+0000] {logging_mixin.py:188} INFO - [2025-01-30T00:05:43.771+0000] {dagbag.py:538} INFO - Filling up the DagBag from /home/airflow/.local/lib/python3.8/site-packages/airflow/example_dags/example_sensor_decorator.py
[2025-01-30T00:05:43.803+0000] {processor.py:840} INFO - DAG(s) 'example_sensor_decorator' retrieved from /home/airflow/.local/lib/python3.8/site-packages/airflow/example_dags/example_sensor_decorator.py
[2025-01-30T00:05:43.923+0000] {logging_mixin.py:188} INFO - [2025-01-30T00:05:43.922+0000] {dag.py:3036} INFO - Sync 1 DAGs
[2025-01-30T00:05:43.964+0000] {logging_mixin.py:188} INFO - [2025-01-30T00:05:43.964+0000] {dag.py:3823} INFO - Setting next_dagrun for example_sensor_decorator to None, run_after=None
[2025-01-30T00:05:44.040+0000] {processor.py:183} INFO - Processing /home/airflow/.local/lib/python3.8/site-packages/airflow/example_dags/example_sensor_decorator.py took 0.291 seconds
[2025-01-30T00:06:14.200+0000] {processor.py:161} INFO - Started process (PID=3696) to work on /home/airflow/.local/lib/python3.8/site-packages/airflow/example_dags/example_sensor_decorator.py
[2025-01-30T00:06:14.202+0000] {processor.py:830} INFO - Processing file /home/airflow/.local/lib/python3.8/site-packages/airflow/example_dags/example_sensor_decorator.py for tasks to queue
[2025-01-30T00:06:14.204+0000] {logging_mixin.py:188} INFO - [2025-01-30T00:06:14.204+0000] {dagbag.py:538} INFO - Filling up the DagBag from /home/airflow/.local/lib/python3.8/site-packages/airflow/example_dags/example_sensor_decorator.py
[2025-01-30T00:06:14.216+0000] {processor.py:840} INFO - DAG(s) 'example_sensor_decorator' retrieved from /home/airflow/.local/lib/python3.8/site-packages/airflow/example_dags/example_sensor_decorator.py
[2025-01-30T00:06:14.251+0000] {logging_mixin.py:188} INFO - [2025-01-30T00:06:14.250+0000] {dag.py:3036} INFO - Sync 1 DAGs
[2025-01-30T00:06:14.271+0000] {logging_mixin.py:188} INFO - [2025-01-30T00:06:14.271+0000] {dag.py:3823} INFO - Setting next_dagrun for example_sensor_decorator to None, run_after=None
[2025-01-30T00:06:14.304+0000] {processor.py:183} INFO - Processing /home/airflow/.local/lib/python3.8/site-packages/airflow/example_dags/example_sensor_decorator.py took 0.110 seconds
[2025-01-30T00:06:45.075+0000] {processor.py:161} INFO - Started process (PID=3752) to work on /home/airflow/.local/lib/python3.8/site-packages/airflow/example_dags/example_sensor_decorator.py
[2025-01-30T00:06:45.080+0000] {processor.py:830} INFO - Processing file /home/airflow/.local/lib/python3.8/site-packages/airflow/example_dags/example_sensor_decorator.py for tasks to queue
[2025-01-30T00:06:45.083+0000] {logging_mixin.py:188} INFO - [2025-01-30T00:06:45.082+0000] {dagbag.py:538} INFO - Filling up the DagBag from /home/airflow/.local/lib/python3.8/site-packages/airflow/example_dags/example_sensor_decorator.py
[2025-01-30T00:06:45.097+0000] {processor.py:840} INFO - DAG(s) 'example_sensor_decorator' retrieved from /home/airflow/.local/lib/python3.8/site-packages/airflow/example_dags/example_sensor_decorator.py
[2025-01-30T00:06:45.142+0000] {logging_mixin.py:188} INFO - [2025-01-30T00:06:45.141+0000] {dag.py:3036} INFO - Sync 1 DAGs
[2025-01-30T00:06:45.180+0000] {logging_mixin.py:188} INFO - [2025-01-30T00:06:45.179+0000] {dag.py:3823} INFO - Setting next_dagrun for example_sensor_decorator to None, run_after=None
[2025-01-30T00:06:45.239+0000] {processor.py:183} INFO - Processing /home/airflow/.local/lib/python3.8/site-packages/airflow/example_dags/example_sensor_decorator.py took 0.172 seconds
[2025-01-30T00:07:16.189+0000] {processor.py:161} INFO - Started process (PID=3808) to work on /home/airflow/.local/lib/python3.8/site-packages/airflow/example_dags/example_sensor_decorator.py
[2025-01-30T00:07:16.191+0000] {processor.py:830} INFO - Processing file /home/airflow/.local/lib/python3.8/site-packages/airflow/example_dags/example_sensor_decorator.py for tasks to queue
[2025-01-30T00:07:16.194+0000] {logging_mixin.py:188} INFO - [2025-01-30T00:07:16.193+0000] {dagbag.py:538} INFO - Filling up the DagBag from /home/airflow/.local/lib/python3.8/site-packages/airflow/example_dags/example_sensor_decorator.py
[2025-01-30T00:07:16.213+0000] {processor.py:840} INFO - DAG(s) 'example_sensor_decorator' retrieved from /home/airflow/.local/lib/python3.8/site-packages/airflow/example_dags/example_sensor_decorator.py
[2025-01-30T00:07:16.268+0000] {logging_mixin.py:188} INFO - [2025-01-30T00:07:16.267+0000] {dag.py:3036} INFO - Sync 1 DAGs
[2025-01-30T00:07:16.300+0000] {logging_mixin.py:188} INFO - [2025-01-30T00:07:16.300+0000] {dag.py:3823} INFO - Setting next_dagrun for example_sensor_decorator to None, run_after=None
[2025-01-30T00:07:16.359+0000] {processor.py:183} INFO - Processing /home/airflow/.local/lib/python3.8/site-packages/airflow/example_dags/example_sensor_decorator.py took 0.179 seconds
[2025-01-30T00:07:47.423+0000] {processor.py:161} INFO - Started process (PID=3864) to work on /home/airflow/.local/lib/python3.8/site-packages/airflow/example_dags/example_sensor_decorator.py
[2025-01-30T00:07:47.425+0000] {processor.py:830} INFO - Processing file /home/airflow/.local/lib/python3.8/site-packages/airflow/example_dags/example_sensor_decorator.py for tasks to queue
[2025-01-30T00:07:47.427+0000] {logging_mixin.py:188} INFO - [2025-01-30T00:07:47.426+0000] {dagbag.py:538} INFO - Filling up the DagBag from /home/airflow/.local/lib/python3.8/site-packages/airflow/example_dags/example_sensor_decorator.py
[2025-01-30T00:07:47.441+0000] {processor.py:840} INFO - DAG(s) 'example_sensor_decorator' retrieved from /home/airflow/.local/lib/python3.8/site-packages/airflow/example_dags/example_sensor_decorator.py
[2025-01-30T00:07:47.492+0000] {logging_mixin.py:188} INFO - [2025-01-30T00:07:47.491+0000] {dag.py:3036} INFO - Sync 1 DAGs
[2025-01-30T00:07:47.522+0000] {logging_mixin.py:188} INFO - [2025-01-30T00:07:47.522+0000] {dag.py:3823} INFO - Setting next_dagrun for example_sensor_decorator to None, run_after=None
[2025-01-30T00:07:47.571+0000] {processor.py:183} INFO - Processing /home/airflow/.local/lib/python3.8/site-packages/airflow/example_dags/example_sensor_decorator.py took 0.154 seconds
[2025-01-30T00:08:18.496+0000] {processor.py:161} INFO - Started process (PID=3914) to work on /home/airflow/.local/lib/python3.8/site-packages/airflow/example_dags/example_sensor_decorator.py
[2025-01-30T00:08:18.500+0000] {processor.py:830} INFO - Processing file /home/airflow/.local/lib/python3.8/site-packages/airflow/example_dags/example_sensor_decorator.py for tasks to queue
[2025-01-30T00:08:18.502+0000] {logging_mixin.py:188} INFO - [2025-01-30T00:08:18.502+0000] {dagbag.py:538} INFO - Filling up the DagBag from /home/airflow/.local/lib/python3.8/site-packages/airflow/example_dags/example_sensor_decorator.py
[2025-01-30T00:08:18.523+0000] {processor.py:840} INFO - DAG(s) 'example_sensor_decorator' retrieved from /home/airflow/.local/lib/python3.8/site-packages/airflow/example_dags/example_sensor_decorator.py
[2025-01-30T00:08:18.580+0000] {logging_mixin.py:188} INFO - [2025-01-30T00:08:18.580+0000] {dag.py:3036} INFO - Sync 1 DAGs
[2025-01-30T00:08:18.618+0000] {logging_mixin.py:188} INFO - [2025-01-30T00:08:18.618+0000] {dag.py:3823} INFO - Setting next_dagrun for example_sensor_decorator to None, run_after=None
[2025-01-30T00:08:18.676+0000] {processor.py:183} INFO - Processing /home/airflow/.local/lib/python3.8/site-packages/airflow/example_dags/example_sensor_decorator.py took 0.188 seconds
[2025-01-30T00:08:51.696+0000] {processor.py:161} INFO - Started process (PID=3968) to work on /home/airflow/.local/lib/python3.8/site-packages/airflow/example_dags/example_sensor_decorator.py
[2025-01-30T00:08:51.709+0000] {processor.py:830} INFO - Processing file /home/airflow/.local/lib/python3.8/site-packages/airflow/example_dags/example_sensor_decorator.py for tasks to queue
[2025-01-30T00:08:51.715+0000] {logging_mixin.py:188} INFO - [2025-01-30T00:08:51.714+0000] {dagbag.py:538} INFO - Filling up the DagBag from /home/airflow/.local/lib/python3.8/site-packages/airflow/example_dags/example_sensor_decorator.py
[2025-01-30T00:08:51.759+0000] {processor.py:840} INFO - DAG(s) 'example_sensor_decorator' retrieved from /home/airflow/.local/lib/python3.8/site-packages/airflow/example_dags/example_sensor_decorator.py
[2025-01-30T00:08:51.841+0000] {logging_mixin.py:188} INFO - [2025-01-30T00:08:51.840+0000] {dag.py:3036} INFO - Sync 1 DAGs
[2025-01-30T00:08:51.898+0000] {logging_mixin.py:188} INFO - [2025-01-30T00:08:51.898+0000] {dag.py:3823} INFO - Setting next_dagrun for example_sensor_decorator to None, run_after=None
[2025-01-30T00:08:51.973+0000] {processor.py:183} INFO - Processing /home/airflow/.local/lib/python3.8/site-packages/airflow/example_dags/example_sensor_decorator.py took 0.297 seconds
[2025-01-30T00:09:22.822+0000] {processor.py:161} INFO - Started process (PID=4021) to work on /home/airflow/.local/lib/python3.8/site-packages/airflow/example_dags/example_sensor_decorator.py
[2025-01-30T00:09:22.835+0000] {processor.py:830} INFO - Processing file /home/airflow/.local/lib/python3.8/site-packages/airflow/example_dags/example_sensor_decorator.py for tasks to queue
[2025-01-30T00:09:22.848+0000] {logging_mixin.py:188} INFO - [2025-01-30T00:09:22.848+0000] {dagbag.py:538} INFO - Filling up the DagBag from /home/airflow/.local/lib/python3.8/site-packages/airflow/example_dags/example_sensor_decorator.py
[2025-01-30T00:09:22.945+0000] {processor.py:840} INFO - DAG(s) 'example_sensor_decorator' retrieved from /home/airflow/.local/lib/python3.8/site-packages/airflow/example_dags/example_sensor_decorator.py
[2025-01-30T00:09:23.306+0000] {logging_mixin.py:188} INFO - [2025-01-30T00:09:23.306+0000] {dag.py:3036} INFO - Sync 1 DAGs
[2025-01-30T00:09:23.416+0000] {logging_mixin.py:188} INFO - [2025-01-30T00:09:23.415+0000] {dag.py:3823} INFO - Setting next_dagrun for example_sensor_decorator to None, run_after=None
[2025-01-30T00:09:23.757+0000] {processor.py:183} INFO - Processing /home/airflow/.local/lib/python3.8/site-packages/airflow/example_dags/example_sensor_decorator.py took 0.956 seconds
[2025-01-30T00:09:57.529+0000] {processor.py:161} INFO - Started process (PID=4075) to work on /home/airflow/.local/lib/python3.8/site-packages/airflow/example_dags/example_sensor_decorator.py
[2025-01-30T00:09:57.535+0000] {processor.py:830} INFO - Processing file /home/airflow/.local/lib/python3.8/site-packages/airflow/example_dags/example_sensor_decorator.py for tasks to queue
[2025-01-30T00:09:57.544+0000] {logging_mixin.py:188} INFO - [2025-01-30T00:09:57.543+0000] {dagbag.py:538} INFO - Filling up the DagBag from /home/airflow/.local/lib/python3.8/site-packages/airflow/example_dags/example_sensor_decorator.py
[2025-01-30T00:09:57.597+0000] {processor.py:840} INFO - DAG(s) 'example_sensor_decorator' retrieved from /home/airflow/.local/lib/python3.8/site-packages/airflow/example_dags/example_sensor_decorator.py
[2025-01-30T00:09:57.734+0000] {logging_mixin.py:188} INFO - [2025-01-30T00:09:57.722+0000] {dag.py:3036} INFO - Sync 1 DAGs
[2025-01-30T00:09:57.810+0000] {logging_mixin.py:188} INFO - [2025-01-30T00:09:57.810+0000] {dag.py:3823} INFO - Setting next_dagrun for example_sensor_decorator to None, run_after=None
[2025-01-30T00:09:57.917+0000] {processor.py:183} INFO - Processing /home/airflow/.local/lib/python3.8/site-packages/airflow/example_dags/example_sensor_decorator.py took 0.400 seconds
[2025-01-30T00:10:28.331+0000] {processor.py:161} INFO - Started process (PID=4131) to work on /home/airflow/.local/lib/python3.8/site-packages/airflow/example_dags/example_sensor_decorator.py
[2025-01-30T00:10:28.333+0000] {processor.py:830} INFO - Processing file /home/airflow/.local/lib/python3.8/site-packages/airflow/example_dags/example_sensor_decorator.py for tasks to queue
[2025-01-30T00:10:28.334+0000] {logging_mixin.py:188} INFO - [2025-01-30T00:10:28.334+0000] {dagbag.py:538} INFO - Filling up the DagBag from /home/airflow/.local/lib/python3.8/site-packages/airflow/example_dags/example_sensor_decorator.py
[2025-01-30T00:10:28.344+0000] {processor.py:840} INFO - DAG(s) 'example_sensor_decorator' retrieved from /home/airflow/.local/lib/python3.8/site-packages/airflow/example_dags/example_sensor_decorator.py
[2025-01-30T00:10:28.377+0000] {logging_mixin.py:188} INFO - [2025-01-30T00:10:28.376+0000] {dag.py:3036} INFO - Sync 1 DAGs
[2025-01-30T00:10:28.399+0000] {logging_mixin.py:188} INFO - [2025-01-30T00:10:28.399+0000] {dag.py:3823} INFO - Setting next_dagrun for example_sensor_decorator to None, run_after=None
[2025-01-30T00:10:28.434+0000] {processor.py:183} INFO - Processing /home/airflow/.local/lib/python3.8/site-packages/airflow/example_dags/example_sensor_decorator.py took 0.107 seconds
[2025-01-30T00:10:58.803+0000] {processor.py:161} INFO - Started process (PID=4185) to work on /home/airflow/.local/lib/python3.8/site-packages/airflow/example_dags/example_sensor_decorator.py
[2025-01-30T00:10:58.805+0000] {processor.py:830} INFO - Processing file /home/airflow/.local/lib/python3.8/site-packages/airflow/example_dags/example_sensor_decorator.py for tasks to queue
[2025-01-30T00:10:58.807+0000] {logging_mixin.py:188} INFO - [2025-01-30T00:10:58.807+0000] {dagbag.py:538} INFO - Filling up the DagBag from /home/airflow/.local/lib/python3.8/site-packages/airflow/example_dags/example_sensor_decorator.py
[2025-01-30T00:10:58.820+0000] {processor.py:840} INFO - DAG(s) 'example_sensor_decorator' retrieved from /home/airflow/.local/lib/python3.8/site-packages/airflow/example_dags/example_sensor_decorator.py
[2025-01-30T00:10:58.861+0000] {logging_mixin.py:188} INFO - [2025-01-30T00:10:58.860+0000] {dag.py:3036} INFO - Sync 1 DAGs
[2025-01-30T00:10:58.882+0000] {logging_mixin.py:188} INFO - [2025-01-30T00:10:58.882+0000] {dag.py:3823} INFO - Setting next_dagrun for example_sensor_decorator to None, run_after=None
[2025-01-30T00:10:58.935+0000] {processor.py:183} INFO - Processing /home/airflow/.local/lib/python3.8/site-packages/airflow/example_dags/example_sensor_decorator.py took 0.137 seconds
[2025-01-30T00:11:29.305+0000] {processor.py:161} INFO - Started process (PID=4242) to work on /home/airflow/.local/lib/python3.8/site-packages/airflow/example_dags/example_sensor_decorator.py
[2025-01-30T00:11:29.307+0000] {processor.py:830} INFO - Processing file /home/airflow/.local/lib/python3.8/site-packages/airflow/example_dags/example_sensor_decorator.py for tasks to queue
[2025-01-30T00:11:29.310+0000] {logging_mixin.py:188} INFO - [2025-01-30T00:11:29.309+0000] {dagbag.py:538} INFO - Filling up the DagBag from /home/airflow/.local/lib/python3.8/site-packages/airflow/example_dags/example_sensor_decorator.py
[2025-01-30T00:11:29.330+0000] {processor.py:840} INFO - DAG(s) 'example_sensor_decorator' retrieved from /home/airflow/.local/lib/python3.8/site-packages/airflow/example_dags/example_sensor_decorator.py
[2025-01-30T00:11:29.385+0000] {logging_mixin.py:188} INFO - [2025-01-30T00:11:29.384+0000] {dag.py:3036} INFO - Sync 1 DAGs
[2025-01-30T00:11:29.420+0000] {logging_mixin.py:188} INFO - [2025-01-30T00:11:29.419+0000] {dag.py:3823} INFO - Setting next_dagrun for example_sensor_decorator to None, run_after=None
[2025-01-30T00:11:29.486+0000] {processor.py:183} INFO - Processing /home/airflow/.local/lib/python3.8/site-packages/airflow/example_dags/example_sensor_decorator.py took 0.189 seconds
[2025-01-30T00:11:59.978+0000] {processor.py:161} INFO - Started process (PID=4298) to work on /home/airflow/.local/lib/python3.8/site-packages/airflow/example_dags/example_sensor_decorator.py
[2025-01-30T00:11:59.992+0000] {processor.py:830} INFO - Processing file /home/airflow/.local/lib/python3.8/site-packages/airflow/example_dags/example_sensor_decorator.py for tasks to queue
[2025-01-30T00:12:00.002+0000] {logging_mixin.py:188} INFO - [2025-01-30T00:12:00.001+0000] {dagbag.py:538} INFO - Filling up the DagBag from /home/airflow/.local/lib/python3.8/site-packages/airflow/example_dags/example_sensor_decorator.py
[2025-01-30T00:12:00.042+0000] {processor.py:840} INFO - DAG(s) 'example_sensor_decorator' retrieved from /home/airflow/.local/lib/python3.8/site-packages/airflow/example_dags/example_sensor_decorator.py
[2025-01-30T00:12:00.174+0000] {logging_mixin.py:188} INFO - [2025-01-30T00:12:00.174+0000] {dag.py:3036} INFO - Sync 1 DAGs
[2025-01-30T00:12:00.255+0000] {logging_mixin.py:188} INFO - [2025-01-30T00:12:00.254+0000] {dag.py:3823} INFO - Setting next_dagrun for example_sensor_decorator to None, run_after=None
[2025-01-30T00:12:00.326+0000] {processor.py:183} INFO - Processing /home/airflow/.local/lib/python3.8/site-packages/airflow/example_dags/example_sensor_decorator.py took 0.357 seconds
[2025-01-30T00:12:32.146+0000] {processor.py:161} INFO - Started process (PID=4351) to work on /home/airflow/.local/lib/python3.8/site-packages/airflow/example_dags/example_sensor_decorator.py
[2025-01-30T00:12:32.189+0000] {processor.py:830} INFO - Processing file /home/airflow/.local/lib/python3.8/site-packages/airflow/example_dags/example_sensor_decorator.py for tasks to queue
[2025-01-30T00:12:32.226+0000] {logging_mixin.py:188} INFO - [2025-01-30T00:12:32.225+0000] {dagbag.py:538} INFO - Filling up the DagBag from /home/airflow/.local/lib/python3.8/site-packages/airflow/example_dags/example_sensor_decorator.py
[2025-01-30T00:12:32.281+0000] {processor.py:840} INFO - DAG(s) 'example_sensor_decorator' retrieved from /home/airflow/.local/lib/python3.8/site-packages/airflow/example_dags/example_sensor_decorator.py
[2025-01-30T00:12:32.353+0000] {logging_mixin.py:188} INFO - [2025-01-30T00:12:32.352+0000] {dag.py:3036} INFO - Sync 1 DAGs
[2025-01-30T00:12:32.422+0000] {logging_mixin.py:188} INFO - [2025-01-30T00:12:32.421+0000] {dag.py:3823} INFO - Setting next_dagrun for example_sensor_decorator to None, run_after=None
[2025-01-30T00:12:32.526+0000] {processor.py:183} INFO - Processing /home/airflow/.local/lib/python3.8/site-packages/airflow/example_dags/example_sensor_decorator.py took 0.388 seconds
[2025-01-30T00:13:03.187+0000] {processor.py:161} INFO - Started process (PID=4407) to work on /home/airflow/.local/lib/python3.8/site-packages/airflow/example_dags/example_sensor_decorator.py
[2025-01-30T00:13:03.191+0000] {processor.py:830} INFO - Processing file /home/airflow/.local/lib/python3.8/site-packages/airflow/example_dags/example_sensor_decorator.py for tasks to queue
[2025-01-30T00:13:03.195+0000] {logging_mixin.py:188} INFO - [2025-01-30T00:13:03.193+0000] {dagbag.py:538} INFO - Filling up the DagBag from /home/airflow/.local/lib/python3.8/site-packages/airflow/example_dags/example_sensor_decorator.py
[2025-01-30T00:13:03.218+0000] {processor.py:840} INFO - DAG(s) 'example_sensor_decorator' retrieved from /home/airflow/.local/lib/python3.8/site-packages/airflow/example_dags/example_sensor_decorator.py
[2025-01-30T00:13:03.289+0000] {logging_mixin.py:188} INFO - [2025-01-30T00:13:03.288+0000] {dag.py:3036} INFO - Sync 1 DAGs
[2025-01-30T00:13:03.341+0000] {logging_mixin.py:188} INFO - [2025-01-30T00:13:03.340+0000] {dag.py:3823} INFO - Setting next_dagrun for example_sensor_decorator to None, run_after=None
[2025-01-30T00:13:03.417+0000] {processor.py:183} INFO - Processing /home/airflow/.local/lib/python3.8/site-packages/airflow/example_dags/example_sensor_decorator.py took 0.240 seconds
[2025-01-30T00:13:34.121+0000] {processor.py:161} INFO - Started process (PID=4463) to work on /home/airflow/.local/lib/python3.8/site-packages/airflow/example_dags/example_sensor_decorator.py
[2025-01-30T00:13:34.124+0000] {processor.py:830} INFO - Processing file /home/airflow/.local/lib/python3.8/site-packages/airflow/example_dags/example_sensor_decorator.py for tasks to queue
[2025-01-30T00:13:34.127+0000] {logging_mixin.py:188} INFO - [2025-01-30T00:13:34.126+0000] {dagbag.py:538} INFO - Filling up the DagBag from /home/airflow/.local/lib/python3.8/site-packages/airflow/example_dags/example_sensor_decorator.py
[2025-01-30T00:13:34.143+0000] {processor.py:840} INFO - DAG(s) 'example_sensor_decorator' retrieved from /home/airflow/.local/lib/python3.8/site-packages/airflow/example_dags/example_sensor_decorator.py
[2025-01-30T00:13:34.227+0000] {logging_mixin.py:188} INFO - [2025-01-30T00:13:34.227+0000] {dag.py:3036} INFO - Sync 1 DAGs
[2025-01-30T00:13:34.283+0000] {logging_mixin.py:188} INFO - [2025-01-30T00:13:34.282+0000] {dag.py:3823} INFO - Setting next_dagrun for example_sensor_decorator to None, run_after=None
[2025-01-30T00:13:34.372+0000] {processor.py:183} INFO - Processing /home/airflow/.local/lib/python3.8/site-packages/airflow/example_dags/example_sensor_decorator.py took 0.262 seconds
[2025-01-30T00:14:06.704+0000] {processor.py:161} INFO - Started process (PID=4525) to work on /home/airflow/.local/lib/python3.8/site-packages/airflow/example_dags/example_sensor_decorator.py
[2025-01-30T00:14:06.706+0000] {processor.py:830} INFO - Processing file /home/airflow/.local/lib/python3.8/site-packages/airflow/example_dags/example_sensor_decorator.py for tasks to queue
[2025-01-30T00:14:06.709+0000] {logging_mixin.py:188} INFO - [2025-01-30T00:14:06.708+0000] {dagbag.py:538} INFO - Filling up the DagBag from /home/airflow/.local/lib/python3.8/site-packages/airflow/example_dags/example_sensor_decorator.py
[2025-01-30T00:14:06.729+0000] {processor.py:840} INFO - DAG(s) 'example_sensor_decorator' retrieved from /home/airflow/.local/lib/python3.8/site-packages/airflow/example_dags/example_sensor_decorator.py
[2025-01-30T00:14:06.795+0000] {logging_mixin.py:188} INFO - [2025-01-30T00:14:06.795+0000] {dag.py:3036} INFO - Sync 1 DAGs
[2025-01-30T00:14:06.840+0000] {logging_mixin.py:188} INFO - [2025-01-30T00:14:06.839+0000] {dag.py:3823} INFO - Setting next_dagrun for example_sensor_decorator to None, run_after=None
[2025-01-30T00:14:06.913+0000] {processor.py:183} INFO - Processing /home/airflow/.local/lib/python3.8/site-packages/airflow/example_dags/example_sensor_decorator.py took 0.220 seconds
[2025-01-30T00:14:37.056+0000] {processor.py:161} INFO - Started process (PID=4580) to work on /home/airflow/.local/lib/python3.8/site-packages/airflow/example_dags/example_sensor_decorator.py
[2025-01-30T00:14:37.058+0000] {processor.py:830} INFO - Processing file /home/airflow/.local/lib/python3.8/site-packages/airflow/example_dags/example_sensor_decorator.py for tasks to queue
[2025-01-30T00:14:37.060+0000] {logging_mixin.py:188} INFO - [2025-01-30T00:14:37.060+0000] {dagbag.py:538} INFO - Filling up the DagBag from /home/airflow/.local/lib/python3.8/site-packages/airflow/example_dags/example_sensor_decorator.py
[2025-01-30T00:14:37.074+0000] {processor.py:840} INFO - DAG(s) 'example_sensor_decorator' retrieved from /home/airflow/.local/lib/python3.8/site-packages/airflow/example_dags/example_sensor_decorator.py
[2025-01-30T00:14:37.106+0000] {logging_mixin.py:188} INFO - [2025-01-30T00:14:37.105+0000] {dag.py:3036} INFO - Sync 1 DAGs
[2025-01-30T00:14:37.133+0000] {logging_mixin.py:188} INFO - [2025-01-30T00:14:37.133+0000] {dag.py:3823} INFO - Setting next_dagrun for example_sensor_decorator to None, run_after=None
[2025-01-30T00:14:37.167+0000] {processor.py:183} INFO - Processing /home/airflow/.local/lib/python3.8/site-packages/airflow/example_dags/example_sensor_decorator.py took 0.116 seconds
[2025-01-30T00:15:07.454+0000] {processor.py:161} INFO - Started process (PID=4634) to work on /home/airflow/.local/lib/python3.8/site-packages/airflow/example_dags/example_sensor_decorator.py
[2025-01-30T00:15:07.457+0000] {processor.py:830} INFO - Processing file /home/airflow/.local/lib/python3.8/site-packages/airflow/example_dags/example_sensor_decorator.py for tasks to queue
[2025-01-30T00:15:07.460+0000] {logging_mixin.py:188} INFO - [2025-01-30T00:15:07.459+0000] {dagbag.py:538} INFO - Filling up the DagBag from /home/airflow/.local/lib/python3.8/site-packages/airflow/example_dags/example_sensor_decorator.py
[2025-01-30T00:15:07.478+0000] {processor.py:840} INFO - DAG(s) 'example_sensor_decorator' retrieved from /home/airflow/.local/lib/python3.8/site-packages/airflow/example_dags/example_sensor_decorator.py
[2025-01-30T00:15:07.524+0000] {logging_mixin.py:188} INFO - [2025-01-30T00:15:07.523+0000] {dag.py:3036} INFO - Sync 1 DAGs
[2025-01-30T00:15:07.564+0000] {logging_mixin.py:188} INFO - [2025-01-30T00:15:07.563+0000] {dag.py:3823} INFO - Setting next_dagrun for example_sensor_decorator to None, run_after=None
[2025-01-30T00:15:07.724+0000] {processor.py:183} INFO - Processing /home/airflow/.local/lib/python3.8/site-packages/airflow/example_dags/example_sensor_decorator.py took 0.278 seconds
[2025-01-30T00:15:38.578+0000] {processor.py:161} INFO - Started process (PID=4690) to work on /home/airflow/.local/lib/python3.8/site-packages/airflow/example_dags/example_sensor_decorator.py
[2025-01-30T00:15:38.589+0000] {processor.py:830} INFO - Processing file /home/airflow/.local/lib/python3.8/site-packages/airflow/example_dags/example_sensor_decorator.py for tasks to queue
[2025-01-30T00:15:38.603+0000] {logging_mixin.py:188} INFO - [2025-01-30T00:15:38.602+0000] {dagbag.py:538} INFO - Filling up the DagBag from /home/airflow/.local/lib/python3.8/site-packages/airflow/example_dags/example_sensor_decorator.py
[2025-01-30T00:15:38.654+0000] {processor.py:840} INFO - DAG(s) 'example_sensor_decorator' retrieved from /home/airflow/.local/lib/python3.8/site-packages/airflow/example_dags/example_sensor_decorator.py
[2025-01-30T00:15:38.742+0000] {logging_mixin.py:188} INFO - [2025-01-30T00:15:38.741+0000] {dag.py:3036} INFO - Sync 1 DAGs
[2025-01-30T00:15:38.829+0000] {logging_mixin.py:188} INFO - [2025-01-30T00:15:38.828+0000] {dag.py:3823} INFO - Setting next_dagrun for example_sensor_decorator to None, run_after=None
[2025-01-30T00:15:38.929+0000] {processor.py:183} INFO - Processing /home/airflow/.local/lib/python3.8/site-packages/airflow/example_dags/example_sensor_decorator.py took 0.367 seconds
[2025-01-30T00:16:10.259+0000] {processor.py:161} INFO - Started process (PID=4746) to work on /home/airflow/.local/lib/python3.8/site-packages/airflow/example_dags/example_sensor_decorator.py
[2025-01-30T00:16:10.268+0000] {processor.py:830} INFO - Processing file /home/airflow/.local/lib/python3.8/site-packages/airflow/example_dags/example_sensor_decorator.py for tasks to queue
[2025-01-30T00:16:10.271+0000] {logging_mixin.py:188} INFO - [2025-01-30T00:16:10.270+0000] {dagbag.py:538} INFO - Filling up the DagBag from /home/airflow/.local/lib/python3.8/site-packages/airflow/example_dags/example_sensor_decorator.py
[2025-01-30T00:16:10.291+0000] {processor.py:840} INFO - DAG(s) 'example_sensor_decorator' retrieved from /home/airflow/.local/lib/python3.8/site-packages/airflow/example_dags/example_sensor_decorator.py
[2025-01-30T00:16:10.366+0000] {logging_mixin.py:188} INFO - [2025-01-30T00:16:10.366+0000] {dag.py:3036} INFO - Sync 1 DAGs
[2025-01-30T00:16:10.419+0000] {logging_mixin.py:188} INFO - [2025-01-30T00:16:10.418+0000] {dag.py:3823} INFO - Setting next_dagrun for example_sensor_decorator to None, run_after=None
[2025-01-30T00:16:10.609+0000] {processor.py:183} INFO - Processing /home/airflow/.local/lib/python3.8/site-packages/airflow/example_dags/example_sensor_decorator.py took 0.362 seconds
[2025-01-30T00:16:41.613+0000] {processor.py:161} INFO - Started process (PID=4802) to work on /home/airflow/.local/lib/python3.8/site-packages/airflow/example_dags/example_sensor_decorator.py
[2025-01-30T00:16:41.623+0000] {processor.py:830} INFO - Processing file /home/airflow/.local/lib/python3.8/site-packages/airflow/example_dags/example_sensor_decorator.py for tasks to queue
[2025-01-30T00:16:41.628+0000] {logging_mixin.py:188} INFO - [2025-01-30T00:16:41.627+0000] {dagbag.py:538} INFO - Filling up the DagBag from /home/airflow/.local/lib/python3.8/site-packages/airflow/example_dags/example_sensor_decorator.py
[2025-01-30T00:16:41.655+0000] {processor.py:840} INFO - DAG(s) 'example_sensor_decorator' retrieved from /home/airflow/.local/lib/python3.8/site-packages/airflow/example_dags/example_sensor_decorator.py
[2025-01-30T00:16:41.744+0000] {logging_mixin.py:188} INFO - [2025-01-30T00:16:41.744+0000] {dag.py:3036} INFO - Sync 1 DAGs
[2025-01-30T00:16:41.799+0000] {logging_mixin.py:188} INFO - [2025-01-30T00:16:41.798+0000] {dag.py:3823} INFO - Setting next_dagrun for example_sensor_decorator to None, run_after=None
[2025-01-30T00:16:41.894+0000] {processor.py:183} INFO - Processing /home/airflow/.local/lib/python3.8/site-packages/airflow/example_dags/example_sensor_decorator.py took 0.294 seconds
[2025-01-30T00:17:12.099+0000] {processor.py:161} INFO - Started process (PID=4857) to work on /home/airflow/.local/lib/python3.8/site-packages/airflow/example_dags/example_sensor_decorator.py
[2025-01-30T00:17:12.102+0000] {processor.py:830} INFO - Processing file /home/airflow/.local/lib/python3.8/site-packages/airflow/example_dags/example_sensor_decorator.py for tasks to queue
[2025-01-30T00:17:12.105+0000] {logging_mixin.py:188} INFO - [2025-01-30T00:17:12.104+0000] {dagbag.py:538} INFO - Filling up the DagBag from /home/airflow/.local/lib/python3.8/site-packages/airflow/example_dags/example_sensor_decorator.py
[2025-01-30T00:17:12.123+0000] {processor.py:840} INFO - DAG(s) 'example_sensor_decorator' retrieved from /home/airflow/.local/lib/python3.8/site-packages/airflow/example_dags/example_sensor_decorator.py
[2025-01-30T00:17:12.170+0000] {logging_mixin.py:188} INFO - [2025-01-30T00:17:12.169+0000] {dag.py:3036} INFO - Sync 1 DAGs
[2025-01-30T00:17:12.208+0000] {logging_mixin.py:188} INFO - [2025-01-30T00:17:12.207+0000] {dag.py:3823} INFO - Setting next_dagrun for example_sensor_decorator to None, run_after=None
[2025-01-30T00:17:12.257+0000] {processor.py:183} INFO - Processing /home/airflow/.local/lib/python3.8/site-packages/airflow/example_dags/example_sensor_decorator.py took 0.167 seconds
[2025-01-30T00:17:42.331+0000] {processor.py:161} INFO - Started process (PID=4912) to work on /home/airflow/.local/lib/python3.8/site-packages/airflow/example_dags/example_sensor_decorator.py
[2025-01-30T00:17:42.332+0000] {processor.py:830} INFO - Processing file /home/airflow/.local/lib/python3.8/site-packages/airflow/example_dags/example_sensor_decorator.py for tasks to queue
[2025-01-30T00:17:42.334+0000] {logging_mixin.py:188} INFO - [2025-01-30T00:17:42.333+0000] {dagbag.py:538} INFO - Filling up the DagBag from /home/airflow/.local/lib/python3.8/site-packages/airflow/example_dags/example_sensor_decorator.py
[2025-01-30T00:17:42.343+0000] {processor.py:840} INFO - DAG(s) 'example_sensor_decorator' retrieved from /home/airflow/.local/lib/python3.8/site-packages/airflow/example_dags/example_sensor_decorator.py
[2025-01-30T00:17:42.376+0000] {logging_mixin.py:188} INFO - [2025-01-30T00:17:42.375+0000] {dag.py:3036} INFO - Sync 1 DAGs
[2025-01-30T00:17:42.404+0000] {logging_mixin.py:188} INFO - [2025-01-30T00:17:42.404+0000] {dag.py:3823} INFO - Setting next_dagrun for example_sensor_decorator to None, run_after=None
[2025-01-30T00:17:42.437+0000] {processor.py:183} INFO - Processing /home/airflow/.local/lib/python3.8/site-packages/airflow/example_dags/example_sensor_decorator.py took 0.111 seconds
[2025-01-30T00:18:13.259+0000] {processor.py:161} INFO - Started process (PID=4966) to work on /home/airflow/.local/lib/python3.8/site-packages/airflow/example_dags/example_sensor_decorator.py
[2025-01-30T00:18:13.262+0000] {processor.py:830} INFO - Processing file /home/airflow/.local/lib/python3.8/site-packages/airflow/example_dags/example_sensor_decorator.py for tasks to queue
[2025-01-30T00:18:13.265+0000] {logging_mixin.py:188} INFO - [2025-01-30T00:18:13.264+0000] {dagbag.py:538} INFO - Filling up the DagBag from /home/airflow/.local/lib/python3.8/site-packages/airflow/example_dags/example_sensor_decorator.py
[2025-01-30T00:18:13.288+0000] {processor.py:840} INFO - DAG(s) 'example_sensor_decorator' retrieved from /home/airflow/.local/lib/python3.8/site-packages/airflow/example_dags/example_sensor_decorator.py
[2025-01-30T00:18:13.387+0000] {logging_mixin.py:188} INFO - [2025-01-30T00:18:13.386+0000] {dag.py:3036} INFO - Sync 1 DAGs
[2025-01-30T00:18:13.452+0000] {logging_mixin.py:188} INFO - [2025-01-30T00:18:13.452+0000] {dag.py:3823} INFO - Setting next_dagrun for example_sensor_decorator to None, run_after=None
[2025-01-30T00:18:13.541+0000] {processor.py:183} INFO - Processing /home/airflow/.local/lib/python3.8/site-packages/airflow/example_dags/example_sensor_decorator.py took 0.291 seconds
[2025-01-30T00:18:44.118+0000] {processor.py:161} INFO - Started process (PID=5022) to work on /home/airflow/.local/lib/python3.8/site-packages/airflow/example_dags/example_sensor_decorator.py
[2025-01-30T00:18:44.120+0000] {processor.py:830} INFO - Processing file /home/airflow/.local/lib/python3.8/site-packages/airflow/example_dags/example_sensor_decorator.py for tasks to queue
[2025-01-30T00:18:44.123+0000] {logging_mixin.py:188} INFO - [2025-01-30T00:18:44.122+0000] {dagbag.py:538} INFO - Filling up the DagBag from /home/airflow/.local/lib/python3.8/site-packages/airflow/example_dags/example_sensor_decorator.py
[2025-01-30T00:18:44.134+0000] {processor.py:840} INFO - DAG(s) 'example_sensor_decorator' retrieved from /home/airflow/.local/lib/python3.8/site-packages/airflow/example_dags/example_sensor_decorator.py
[2025-01-30T00:18:44.174+0000] {logging_mixin.py:188} INFO - [2025-01-30T00:18:44.173+0000] {dag.py:3036} INFO - Sync 1 DAGs
[2025-01-30T00:18:44.212+0000] {logging_mixin.py:188} INFO - [2025-01-30T00:18:44.211+0000] {dag.py:3823} INFO - Setting next_dagrun for example_sensor_decorator to None, run_after=None
[2025-01-30T00:18:44.257+0000] {processor.py:183} INFO - Processing /home/airflow/.local/lib/python3.8/site-packages/airflow/example_dags/example_sensor_decorator.py took 0.145 seconds
[2025-01-30T00:19:14.780+0000] {processor.py:161} INFO - Started process (PID=5078) to work on /home/airflow/.local/lib/python3.8/site-packages/airflow/example_dags/example_sensor_decorator.py
[2025-01-30T00:19:14.782+0000] {processor.py:830} INFO - Processing file /home/airflow/.local/lib/python3.8/site-packages/airflow/example_dags/example_sensor_decorator.py for tasks to queue
[2025-01-30T00:19:14.785+0000] {logging_mixin.py:188} INFO - [2025-01-30T00:19:14.784+0000] {dagbag.py:538} INFO - Filling up the DagBag from /home/airflow/.local/lib/python3.8/site-packages/airflow/example_dags/example_sensor_decorator.py
[2025-01-30T00:19:14.799+0000] {processor.py:840} INFO - DAG(s) 'example_sensor_decorator' retrieved from /home/airflow/.local/lib/python3.8/site-packages/airflow/example_dags/example_sensor_decorator.py
[2025-01-30T00:19:14.839+0000] {logging_mixin.py:188} INFO - [2025-01-30T00:19:14.838+0000] {dag.py:3036} INFO - Sync 1 DAGs
[2025-01-30T00:19:14.871+0000] {logging_mixin.py:188} INFO - [2025-01-30T00:19:14.870+0000] {dag.py:3823} INFO - Setting next_dagrun for example_sensor_decorator to None, run_after=None
[2025-01-30T00:19:14.914+0000] {processor.py:183} INFO - Processing /home/airflow/.local/lib/python3.8/site-packages/airflow/example_dags/example_sensor_decorator.py took 0.141 seconds
[2025-01-30T00:19:45.341+0000] {processor.py:161} INFO - Started process (PID=5132) to work on /home/airflow/.local/lib/python3.8/site-packages/airflow/example_dags/example_sensor_decorator.py
[2025-01-30T00:19:45.343+0000] {processor.py:830} INFO - Processing file /home/airflow/.local/lib/python3.8/site-packages/airflow/example_dags/example_sensor_decorator.py for tasks to queue
[2025-01-30T00:19:45.345+0000] {logging_mixin.py:188} INFO - [2025-01-30T00:19:45.344+0000] {dagbag.py:538} INFO - Filling up the DagBag from /home/airflow/.local/lib/python3.8/site-packages/airflow/example_dags/example_sensor_decorator.py
[2025-01-30T00:19:45.360+0000] {processor.py:840} INFO - DAG(s) 'example_sensor_decorator' retrieved from /home/airflow/.local/lib/python3.8/site-packages/airflow/example_dags/example_sensor_decorator.py
[2025-01-30T00:19:45.419+0000] {logging_mixin.py:188} INFO - [2025-01-30T00:19:45.419+0000] {dag.py:3036} INFO - Sync 1 DAGs
[2025-01-30T00:19:45.455+0000] {logging_mixin.py:188} INFO - [2025-01-30T00:19:45.454+0000] {dag.py:3823} INFO - Setting next_dagrun for example_sensor_decorator to None, run_after=None
[2025-01-30T00:19:45.516+0000] {processor.py:183} INFO - Processing /home/airflow/.local/lib/python3.8/site-packages/airflow/example_dags/example_sensor_decorator.py took 0.182 seconds
[2025-01-30T00:20:16.176+0000] {processor.py:161} INFO - Started process (PID=5187) to work on /home/airflow/.local/lib/python3.8/site-packages/airflow/example_dags/example_sensor_decorator.py
[2025-01-30T00:20:16.179+0000] {processor.py:830} INFO - Processing file /home/airflow/.local/lib/python3.8/site-packages/airflow/example_dags/example_sensor_decorator.py for tasks to queue
[2025-01-30T00:20:16.181+0000] {logging_mixin.py:188} INFO - [2025-01-30T00:20:16.180+0000] {dagbag.py:538} INFO - Filling up the DagBag from /home/airflow/.local/lib/python3.8/site-packages/airflow/example_dags/example_sensor_decorator.py
[2025-01-30T00:20:16.193+0000] {processor.py:840} INFO - DAG(s) 'example_sensor_decorator' retrieved from /home/airflow/.local/lib/python3.8/site-packages/airflow/example_dags/example_sensor_decorator.py
[2025-01-30T00:20:16.232+0000] {logging_mixin.py:188} INFO - [2025-01-30T00:20:16.231+0000] {dag.py:3036} INFO - Sync 1 DAGs
[2025-01-30T00:20:16.260+0000] {logging_mixin.py:188} INFO - [2025-01-30T00:20:16.259+0000] {dag.py:3823} INFO - Setting next_dagrun for example_sensor_decorator to None, run_after=None
[2025-01-30T00:20:16.308+0000] {processor.py:183} INFO - Processing /home/airflow/.local/lib/python3.8/site-packages/airflow/example_dags/example_sensor_decorator.py took 0.138 seconds
[2025-01-30T00:20:46.552+0000] {processor.py:161} INFO - Started process (PID=5243) to work on /home/airflow/.local/lib/python3.8/site-packages/airflow/example_dags/example_sensor_decorator.py
[2025-01-30T00:20:46.554+0000] {processor.py:830} INFO - Processing file /home/airflow/.local/lib/python3.8/site-packages/airflow/example_dags/example_sensor_decorator.py for tasks to queue
[2025-01-30T00:20:46.557+0000] {logging_mixin.py:188} INFO - [2025-01-30T00:20:46.556+0000] {dagbag.py:538} INFO - Filling up the DagBag from /home/airflow/.local/lib/python3.8/site-packages/airflow/example_dags/example_sensor_decorator.py
[2025-01-30T00:20:46.575+0000] {processor.py:840} INFO - DAG(s) 'example_sensor_decorator' retrieved from /home/airflow/.local/lib/python3.8/site-packages/airflow/example_dags/example_sensor_decorator.py
[2025-01-30T00:20:46.626+0000] {logging_mixin.py:188} INFO - [2025-01-30T00:20:46.625+0000] {dag.py:3036} INFO - Sync 1 DAGs
[2025-01-30T00:20:46.660+0000] {logging_mixin.py:188} INFO - [2025-01-30T00:20:46.660+0000] {dag.py:3823} INFO - Setting next_dagrun for example_sensor_decorator to None, run_after=None
[2025-01-30T00:20:46.708+0000] {processor.py:183} INFO - Processing /home/airflow/.local/lib/python3.8/site-packages/airflow/example_dags/example_sensor_decorator.py took 0.162 seconds
[2025-01-30T00:21:18.472+0000] {processor.py:161} INFO - Started process (PID=5299) to work on /home/airflow/.local/lib/python3.8/site-packages/airflow/example_dags/example_sensor_decorator.py
[2025-01-30T00:21:18.475+0000] {processor.py:830} INFO - Processing file /home/airflow/.local/lib/python3.8/site-packages/airflow/example_dags/example_sensor_decorator.py for tasks to queue
[2025-01-30T00:21:18.477+0000] {logging_mixin.py:188} INFO - [2025-01-30T00:21:18.477+0000] {dagbag.py:538} INFO - Filling up the DagBag from /home/airflow/.local/lib/python3.8/site-packages/airflow/example_dags/example_sensor_decorator.py
[2025-01-30T00:21:18.511+0000] {processor.py:840} INFO - DAG(s) 'example_sensor_decorator' retrieved from /home/airflow/.local/lib/python3.8/site-packages/airflow/example_dags/example_sensor_decorator.py
[2025-01-30T00:21:18.655+0000] {logging_mixin.py:188} INFO - [2025-01-30T00:21:18.655+0000] {dag.py:3036} INFO - Sync 1 DAGs
[2025-01-30T00:21:18.820+0000] {logging_mixin.py:188} INFO - [2025-01-30T00:21:18.808+0000] {dag.py:3823} INFO - Setting next_dagrun for example_sensor_decorator to None, run_after=None
[2025-01-30T00:21:19.008+0000] {processor.py:183} INFO - Processing /home/airflow/.local/lib/python3.8/site-packages/airflow/example_dags/example_sensor_decorator.py took 0.546 seconds
[2025-01-30T00:21:50.967+0000] {processor.py:161} INFO - Started process (PID=5347) to work on /home/airflow/.local/lib/python3.8/site-packages/airflow/example_dags/example_sensor_decorator.py
[2025-01-30T00:21:50.989+0000] {processor.py:830} INFO - Processing file /home/airflow/.local/lib/python3.8/site-packages/airflow/example_dags/example_sensor_decorator.py for tasks to queue
[2025-01-30T00:21:50.996+0000] {logging_mixin.py:188} INFO - [2025-01-30T00:21:50.995+0000] {dagbag.py:538} INFO - Filling up the DagBag from /home/airflow/.local/lib/python3.8/site-packages/airflow/example_dags/example_sensor_decorator.py
[2025-01-30T00:21:51.052+0000] {processor.py:840} INFO - DAG(s) 'example_sensor_decorator' retrieved from /home/airflow/.local/lib/python3.8/site-packages/airflow/example_dags/example_sensor_decorator.py
[2025-01-30T00:21:51.183+0000] {logging_mixin.py:188} INFO - [2025-01-30T00:21:51.182+0000] {dag.py:3036} INFO - Sync 1 DAGs
[2025-01-30T00:21:51.285+0000] {logging_mixin.py:188} INFO - [2025-01-30T00:21:51.284+0000] {dag.py:3823} INFO - Setting next_dagrun for example_sensor_decorator to None, run_after=None
[2025-01-30T00:21:51.427+0000] {processor.py:183} INFO - Processing /home/airflow/.local/lib/python3.8/site-packages/airflow/example_dags/example_sensor_decorator.py took 0.480 seconds
[2025-01-30T00:22:22.252+0000] {processor.py:161} INFO - Started process (PID=5403) to work on /home/airflow/.local/lib/python3.8/site-packages/airflow/example_dags/example_sensor_decorator.py
[2025-01-30T00:22:22.254+0000] {processor.py:830} INFO - Processing file /home/airflow/.local/lib/python3.8/site-packages/airflow/example_dags/example_sensor_decorator.py for tasks to queue
[2025-01-30T00:22:22.257+0000] {logging_mixin.py:188} INFO - [2025-01-30T00:22:22.256+0000] {dagbag.py:538} INFO - Filling up the DagBag from /home/airflow/.local/lib/python3.8/site-packages/airflow/example_dags/example_sensor_decorator.py
[2025-01-30T00:22:22.276+0000] {processor.py:840} INFO - DAG(s) 'example_sensor_decorator' retrieved from /home/airflow/.local/lib/python3.8/site-packages/airflow/example_dags/example_sensor_decorator.py
[2025-01-30T00:22:22.334+0000] {logging_mixin.py:188} INFO - [2025-01-30T00:22:22.333+0000] {dag.py:3036} INFO - Sync 1 DAGs
[2025-01-30T00:22:22.398+0000] {logging_mixin.py:188} INFO - [2025-01-30T00:22:22.397+0000] {dag.py:3823} INFO - Setting next_dagrun for example_sensor_decorator to None, run_after=None
[2025-01-30T00:22:22.535+0000] {processor.py:183} INFO - Processing /home/airflow/.local/lib/python3.8/site-packages/airflow/example_dags/example_sensor_decorator.py took 0.292 seconds
[2025-01-30T00:22:54.778+0000] {processor.py:161} INFO - Started process (PID=5458) to work on /home/airflow/.local/lib/python3.8/site-packages/airflow/example_dags/example_sensor_decorator.py
[2025-01-30T00:22:54.789+0000] {processor.py:830} INFO - Processing file /home/airflow/.local/lib/python3.8/site-packages/airflow/example_dags/example_sensor_decorator.py for tasks to queue
[2025-01-30T00:22:54.820+0000] {logging_mixin.py:188} INFO - [2025-01-30T00:22:54.819+0000] {dagbag.py:538} INFO - Filling up the DagBag from /home/airflow/.local/lib/python3.8/site-packages/airflow/example_dags/example_sensor_decorator.py
[2025-01-30T00:22:54.931+0000] {processor.py:840} INFO - DAG(s) 'example_sensor_decorator' retrieved from /home/airflow/.local/lib/python3.8/site-packages/airflow/example_dags/example_sensor_decorator.py
[2025-01-30T00:22:55.271+0000] {logging_mixin.py:188} INFO - [2025-01-30T00:22:55.270+0000] {dag.py:3036} INFO - Sync 1 DAGs
[2025-01-30T00:22:55.341+0000] {logging_mixin.py:188} INFO - [2025-01-30T00:22:55.341+0000] {dag.py:3823} INFO - Setting next_dagrun for example_sensor_decorator to None, run_after=None
[2025-01-30T00:22:55.436+0000] {processor.py:183} INFO - Processing /home/airflow/.local/lib/python3.8/site-packages/airflow/example_dags/example_sensor_decorator.py took 0.748 seconds
[2025-01-30T00:23:25.685+0000] {processor.py:161} INFO - Started process (PID=5513) to work on /home/airflow/.local/lib/python3.8/site-packages/airflow/example_dags/example_sensor_decorator.py
[2025-01-30T00:23:25.696+0000] {processor.py:830} INFO - Processing file /home/airflow/.local/lib/python3.8/site-packages/airflow/example_dags/example_sensor_decorator.py for tasks to queue
[2025-01-30T00:23:25.701+0000] {logging_mixin.py:188} INFO - [2025-01-30T00:23:25.700+0000] {dagbag.py:538} INFO - Filling up the DagBag from /home/airflow/.local/lib/python3.8/site-packages/airflow/example_dags/example_sensor_decorator.py
[2025-01-30T00:23:25.740+0000] {processor.py:840} INFO - DAG(s) 'example_sensor_decorator' retrieved from /home/airflow/.local/lib/python3.8/site-packages/airflow/example_dags/example_sensor_decorator.py
[2025-01-30T00:23:25.839+0000] {logging_mixin.py:188} INFO - [2025-01-30T00:23:25.839+0000] {dag.py:3036} INFO - Sync 1 DAGs
[2025-01-30T00:23:25.915+0000] {logging_mixin.py:188} INFO - [2025-01-30T00:23:25.914+0000] {dag.py:3823} INFO - Setting next_dagrun for example_sensor_decorator to None, run_after=None
[2025-01-30T00:23:26.009+0000] {processor.py:183} INFO - Processing /home/airflow/.local/lib/python3.8/site-packages/airflow/example_dags/example_sensor_decorator.py took 0.344 seconds
[2025-01-30T00:23:56.923+0000] {processor.py:161} INFO - Started process (PID=5568) to work on /home/airflow/.local/lib/python3.8/site-packages/airflow/example_dags/example_sensor_decorator.py
[2025-01-30T00:23:56.925+0000] {processor.py:830} INFO - Processing file /home/airflow/.local/lib/python3.8/site-packages/airflow/example_dags/example_sensor_decorator.py for tasks to queue
[2025-01-30T00:23:56.936+0000] {logging_mixin.py:188} INFO - [2025-01-30T00:23:56.935+0000] {dagbag.py:538} INFO - Filling up the DagBag from /home/airflow/.local/lib/python3.8/site-packages/airflow/example_dags/example_sensor_decorator.py
[2025-01-30T00:23:56.958+0000] {processor.py:840} INFO - DAG(s) 'example_sensor_decorator' retrieved from /home/airflow/.local/lib/python3.8/site-packages/airflow/example_dags/example_sensor_decorator.py
[2025-01-30T00:23:57.048+0000] {logging_mixin.py:188} INFO - [2025-01-30T00:23:57.047+0000] {dag.py:3036} INFO - Sync 1 DAGs
[2025-01-30T00:23:57.093+0000] {logging_mixin.py:188} INFO - [2025-01-30T00:23:57.092+0000] {dag.py:3823} INFO - Setting next_dagrun for example_sensor_decorator to None, run_after=None
[2025-01-30T00:23:57.163+0000] {processor.py:183} INFO - Processing /home/airflow/.local/lib/python3.8/site-packages/airflow/example_dags/example_sensor_decorator.py took 0.259 seconds
[2025-01-30T00:24:27.846+0000] {processor.py:161} INFO - Started process (PID=5624) to work on /home/airflow/.local/lib/python3.8/site-packages/airflow/example_dags/example_sensor_decorator.py
[2025-01-30T00:24:27.849+0000] {processor.py:830} INFO - Processing file /home/airflow/.local/lib/python3.8/site-packages/airflow/example_dags/example_sensor_decorator.py for tasks to queue
[2025-01-30T00:24:27.854+0000] {logging_mixin.py:188} INFO - [2025-01-30T00:24:27.853+0000] {dagbag.py:538} INFO - Filling up the DagBag from /home/airflow/.local/lib/python3.8/site-packages/airflow/example_dags/example_sensor_decorator.py
[2025-01-30T00:24:27.877+0000] {processor.py:840} INFO - DAG(s) 'example_sensor_decorator' retrieved from /home/airflow/.local/lib/python3.8/site-packages/airflow/example_dags/example_sensor_decorator.py
[2025-01-30T00:24:27.967+0000] {logging_mixin.py:188} INFO - [2025-01-30T00:24:27.967+0000] {dag.py:3036} INFO - Sync 1 DAGs
[2025-01-30T00:24:28.026+0000] {logging_mixin.py:188} INFO - [2025-01-30T00:24:28.025+0000] {dag.py:3823} INFO - Setting next_dagrun for example_sensor_decorator to None, run_after=None
[2025-01-30T00:24:28.089+0000] {processor.py:183} INFO - Processing /home/airflow/.local/lib/python3.8/site-packages/airflow/example_dags/example_sensor_decorator.py took 0.262 seconds
[2025-01-30T00:24:58.605+0000] {processor.py:161} INFO - Started process (PID=5680) to work on /home/airflow/.local/lib/python3.8/site-packages/airflow/example_dags/example_sensor_decorator.py
[2025-01-30T00:24:58.626+0000] {processor.py:830} INFO - Processing file /home/airflow/.local/lib/python3.8/site-packages/airflow/example_dags/example_sensor_decorator.py for tasks to queue
[2025-01-30T00:24:58.646+0000] {logging_mixin.py:188} INFO - [2025-01-30T00:24:58.643+0000] {dagbag.py:538} INFO - Filling up the DagBag from /home/airflow/.local/lib/python3.8/site-packages/airflow/example_dags/example_sensor_decorator.py
[2025-01-30T00:24:58.692+0000] {processor.py:840} INFO - DAG(s) 'example_sensor_decorator' retrieved from /home/airflow/.local/lib/python3.8/site-packages/airflow/example_dags/example_sensor_decorator.py
[2025-01-30T00:24:58.806+0000] {logging_mixin.py:188} INFO - [2025-01-30T00:24:58.805+0000] {dag.py:3036} INFO - Sync 1 DAGs
[2025-01-30T00:24:58.962+0000] {logging_mixin.py:188} INFO - [2025-01-30T00:24:58.961+0000] {dag.py:3823} INFO - Setting next_dagrun for example_sensor_decorator to None, run_after=None
[2025-01-30T00:24:59.198+0000] {processor.py:183} INFO - Processing /home/airflow/.local/lib/python3.8/site-packages/airflow/example_dags/example_sensor_decorator.py took 0.628 seconds
[2025-01-30T00:25:30.063+0000] {processor.py:161} INFO - Started process (PID=5736) to work on /home/airflow/.local/lib/python3.8/site-packages/airflow/example_dags/example_sensor_decorator.py
[2025-01-30T00:25:30.067+0000] {processor.py:830} INFO - Processing file /home/airflow/.local/lib/python3.8/site-packages/airflow/example_dags/example_sensor_decorator.py for tasks to queue
[2025-01-30T00:25:30.069+0000] {logging_mixin.py:188} INFO - [2025-01-30T00:25:30.069+0000] {dagbag.py:538} INFO - Filling up the DagBag from /home/airflow/.local/lib/python3.8/site-packages/airflow/example_dags/example_sensor_decorator.py
[2025-01-30T00:25:30.088+0000] {processor.py:840} INFO - DAG(s) 'example_sensor_decorator' retrieved from /home/airflow/.local/lib/python3.8/site-packages/airflow/example_dags/example_sensor_decorator.py
[2025-01-30T00:25:30.142+0000] {logging_mixin.py:188} INFO - [2025-01-30T00:25:30.141+0000] {dag.py:3036} INFO - Sync 1 DAGs
[2025-01-30T00:25:30.177+0000] {logging_mixin.py:188} INFO - [2025-01-30T00:25:30.176+0000] {dag.py:3823} INFO - Setting next_dagrun for example_sensor_decorator to None, run_after=None
[2025-01-30T00:25:30.219+0000] {processor.py:183} INFO - Processing /home/airflow/.local/lib/python3.8/site-packages/airflow/example_dags/example_sensor_decorator.py took 0.162 seconds
[2025-01-30T00:26:00.763+0000] {processor.py:161} INFO - Started process (PID=5792) to work on /home/airflow/.local/lib/python3.8/site-packages/airflow/example_dags/example_sensor_decorator.py
[2025-01-30T00:26:00.766+0000] {processor.py:830} INFO - Processing file /home/airflow/.local/lib/python3.8/site-packages/airflow/example_dags/example_sensor_decorator.py for tasks to queue
[2025-01-30T00:26:00.769+0000] {logging_mixin.py:188} INFO - [2025-01-30T00:26:00.768+0000] {dagbag.py:538} INFO - Filling up the DagBag from /home/airflow/.local/lib/python3.8/site-packages/airflow/example_dags/example_sensor_decorator.py
[2025-01-30T00:26:00.785+0000] {processor.py:840} INFO - DAG(s) 'example_sensor_decorator' retrieved from /home/airflow/.local/lib/python3.8/site-packages/airflow/example_dags/example_sensor_decorator.py
[2025-01-30T00:26:00.841+0000] {logging_mixin.py:188} INFO - [2025-01-30T00:26:00.840+0000] {dag.py:3036} INFO - Sync 1 DAGs
[2025-01-30T00:26:00.876+0000] {logging_mixin.py:188} INFO - [2025-01-30T00:26:00.876+0000] {dag.py:3823} INFO - Setting next_dagrun for example_sensor_decorator to None, run_after=None
[2025-01-30T00:26:00.936+0000] {processor.py:183} INFO - Processing /home/airflow/.local/lib/python3.8/site-packages/airflow/example_dags/example_sensor_decorator.py took 0.182 seconds
[2025-01-30T00:26:31.363+0000] {processor.py:161} INFO - Started process (PID=5848) to work on /home/airflow/.local/lib/python3.8/site-packages/airflow/example_dags/example_sensor_decorator.py
[2025-01-30T00:26:31.380+0000] {processor.py:830} INFO - Processing file /home/airflow/.local/lib/python3.8/site-packages/airflow/example_dags/example_sensor_decorator.py for tasks to queue
[2025-01-30T00:26:31.383+0000] {logging_mixin.py:188} INFO - [2025-01-30T00:26:31.382+0000] {dagbag.py:538} INFO - Filling up the DagBag from /home/airflow/.local/lib/python3.8/site-packages/airflow/example_dags/example_sensor_decorator.py
[2025-01-30T00:26:31.426+0000] {processor.py:840} INFO - DAG(s) 'example_sensor_decorator' retrieved from /home/airflow/.local/lib/python3.8/site-packages/airflow/example_dags/example_sensor_decorator.py
[2025-01-30T00:26:31.571+0000] {logging_mixin.py:188} INFO - [2025-01-30T00:26:31.560+0000] {dag.py:3036} INFO - Sync 1 DAGs
[2025-01-30T00:26:31.756+0000] {logging_mixin.py:188} INFO - [2025-01-30T00:26:31.755+0000] {dag.py:3823} INFO - Setting next_dagrun for example_sensor_decorator to None, run_after=None
[2025-01-30T00:26:31.979+0000] {processor.py:183} INFO - Processing /home/airflow/.local/lib/python3.8/site-packages/airflow/example_dags/example_sensor_decorator.py took 0.634 seconds
[2025-01-30T00:27:03.134+0000] {processor.py:161} INFO - Started process (PID=5903) to work on /home/airflow/.local/lib/python3.8/site-packages/airflow/example_dags/example_sensor_decorator.py
[2025-01-30T00:27:03.143+0000] {processor.py:830} INFO - Processing file /home/airflow/.local/lib/python3.8/site-packages/airflow/example_dags/example_sensor_decorator.py for tasks to queue
[2025-01-30T00:27:03.151+0000] {logging_mixin.py:188} INFO - [2025-01-30T00:27:03.149+0000] {dagbag.py:538} INFO - Filling up the DagBag from /home/airflow/.local/lib/python3.8/site-packages/airflow/example_dags/example_sensor_decorator.py
[2025-01-30T00:27:03.197+0000] {processor.py:840} INFO - DAG(s) 'example_sensor_decorator' retrieved from /home/airflow/.local/lib/python3.8/site-packages/airflow/example_dags/example_sensor_decorator.py
[2025-01-30T00:27:04.224+0000] {logging_mixin.py:188} INFO - [2025-01-30T00:27:04.224+0000] {dag.py:3036} INFO - Sync 1 DAGs
[2025-01-30T00:27:04.337+0000] {logging_mixin.py:188} INFO - [2025-01-30T00:27:04.337+0000] {dag.py:3823} INFO - Setting next_dagrun for example_sensor_decorator to None, run_after=None
[2025-01-30T00:27:04.554+0000] {processor.py:183} INFO - Processing /home/airflow/.local/lib/python3.8/site-packages/airflow/example_dags/example_sensor_decorator.py took 1.449 seconds
[2025-01-30T00:27:34.985+0000] {processor.py:161} INFO - Started process (PID=5959) to work on /home/airflow/.local/lib/python3.8/site-packages/airflow/example_dags/example_sensor_decorator.py
[2025-01-30T00:27:34.987+0000] {processor.py:830} INFO - Processing file /home/airflow/.local/lib/python3.8/site-packages/airflow/example_dags/example_sensor_decorator.py for tasks to queue
[2025-01-30T00:27:34.989+0000] {logging_mixin.py:188} INFO - [2025-01-30T00:27:34.989+0000] {dagbag.py:538} INFO - Filling up the DagBag from /home/airflow/.local/lib/python3.8/site-packages/airflow/example_dags/example_sensor_decorator.py
[2025-01-30T00:27:35.001+0000] {processor.py:840} INFO - DAG(s) 'example_sensor_decorator' retrieved from /home/airflow/.local/lib/python3.8/site-packages/airflow/example_dags/example_sensor_decorator.py
[2025-01-30T00:27:35.036+0000] {logging_mixin.py:188} INFO - [2025-01-30T00:27:35.035+0000] {dag.py:3036} INFO - Sync 1 DAGs
[2025-01-30T00:27:35.063+0000] {logging_mixin.py:188} INFO - [2025-01-30T00:27:35.063+0000] {dag.py:3823} INFO - Setting next_dagrun for example_sensor_decorator to None, run_after=None
[2025-01-30T00:27:35.115+0000] {processor.py:183} INFO - Processing /home/airflow/.local/lib/python3.8/site-packages/airflow/example_dags/example_sensor_decorator.py took 0.134 seconds
[2025-01-30T00:28:05.728+0000] {processor.py:161} INFO - Started process (PID=6015) to work on /home/airflow/.local/lib/python3.8/site-packages/airflow/example_dags/example_sensor_decorator.py
[2025-01-30T00:28:05.750+0000] {processor.py:830} INFO - Processing file /home/airflow/.local/lib/python3.8/site-packages/airflow/example_dags/example_sensor_decorator.py for tasks to queue
[2025-01-30T00:28:05.760+0000] {logging_mixin.py:188} INFO - [2025-01-30T00:28:05.754+0000] {dagbag.py:538} INFO - Filling up the DagBag from /home/airflow/.local/lib/python3.8/site-packages/airflow/example_dags/example_sensor_decorator.py
[2025-01-30T00:28:05.803+0000] {processor.py:840} INFO - DAG(s) 'example_sensor_decorator' retrieved from /home/airflow/.local/lib/python3.8/site-packages/airflow/example_dags/example_sensor_decorator.py
[2025-01-30T00:28:05.973+0000] {logging_mixin.py:188} INFO - [2025-01-30T00:28:05.962+0000] {dag.py:3036} INFO - Sync 1 DAGs
[2025-01-30T00:28:06.100+0000] {logging_mixin.py:188} INFO - [2025-01-30T00:28:06.089+0000] {dag.py:3823} INFO - Setting next_dagrun for example_sensor_decorator to None, run_after=None
[2025-01-30T00:28:06.234+0000] {processor.py:183} INFO - Processing /home/airflow/.local/lib/python3.8/site-packages/airflow/example_dags/example_sensor_decorator.py took 0.514 seconds
[2025-01-30T00:28:36.525+0000] {processor.py:161} INFO - Started process (PID=6070) to work on /home/airflow/.local/lib/python3.8/site-packages/airflow/example_dags/example_sensor_decorator.py
[2025-01-30T00:28:36.527+0000] {processor.py:830} INFO - Processing file /home/airflow/.local/lib/python3.8/site-packages/airflow/example_dags/example_sensor_decorator.py for tasks to queue
[2025-01-30T00:28:36.530+0000] {logging_mixin.py:188} INFO - [2025-01-30T00:28:36.529+0000] {dagbag.py:538} INFO - Filling up the DagBag from /home/airflow/.local/lib/python3.8/site-packages/airflow/example_dags/example_sensor_decorator.py
[2025-01-30T00:28:36.549+0000] {processor.py:840} INFO - DAG(s) 'example_sensor_decorator' retrieved from /home/airflow/.local/lib/python3.8/site-packages/airflow/example_dags/example_sensor_decorator.py
[2025-01-30T00:28:36.627+0000] {logging_mixin.py:188} INFO - [2025-01-30T00:28:36.626+0000] {dag.py:3036} INFO - Sync 1 DAGs
[2025-01-30T00:28:36.660+0000] {logging_mixin.py:188} INFO - [2025-01-30T00:28:36.659+0000] {dag.py:3823} INFO - Setting next_dagrun for example_sensor_decorator to None, run_after=None
[2025-01-30T00:28:36.703+0000] {processor.py:183} INFO - Processing /home/airflow/.local/lib/python3.8/site-packages/airflow/example_dags/example_sensor_decorator.py took 0.188 seconds
[2025-01-30T00:29:06.946+0000] {processor.py:161} INFO - Started process (PID=6125) to work on /home/airflow/.local/lib/python3.8/site-packages/airflow/example_dags/example_sensor_decorator.py
[2025-01-30T00:29:06.955+0000] {processor.py:830} INFO - Processing file /home/airflow/.local/lib/python3.8/site-packages/airflow/example_dags/example_sensor_decorator.py for tasks to queue
[2025-01-30T00:29:06.957+0000] {logging_mixin.py:188} INFO - [2025-01-30T00:29:06.957+0000] {dagbag.py:538} INFO - Filling up the DagBag from /home/airflow/.local/lib/python3.8/site-packages/airflow/example_dags/example_sensor_decorator.py
[2025-01-30T00:29:06.980+0000] {processor.py:840} INFO - DAG(s) 'example_sensor_decorator' retrieved from /home/airflow/.local/lib/python3.8/site-packages/airflow/example_dags/example_sensor_decorator.py
[2025-01-30T00:29:07.112+0000] {logging_mixin.py:188} INFO - [2025-01-30T00:29:07.112+0000] {dag.py:3036} INFO - Sync 1 DAGs
[2025-01-30T00:29:07.268+0000] {logging_mixin.py:188} INFO - [2025-01-30T00:29:07.267+0000] {dag.py:3823} INFO - Setting next_dagrun for example_sensor_decorator to None, run_after=None
[2025-01-30T00:29:07.493+0000] {processor.py:183} INFO - Processing /home/airflow/.local/lib/python3.8/site-packages/airflow/example_dags/example_sensor_decorator.py took 0.554 seconds
[2025-01-30T00:29:37.826+0000] {processor.py:161} INFO - Started process (PID=6180) to work on /home/airflow/.local/lib/python3.8/site-packages/airflow/example_dags/example_sensor_decorator.py
[2025-01-30T00:29:37.828+0000] {processor.py:830} INFO - Processing file /home/airflow/.local/lib/python3.8/site-packages/airflow/example_dags/example_sensor_decorator.py for tasks to queue
[2025-01-30T00:29:37.832+0000] {logging_mixin.py:188} INFO - [2025-01-30T00:29:37.831+0000] {dagbag.py:538} INFO - Filling up the DagBag from /home/airflow/.local/lib/python3.8/site-packages/airflow/example_dags/example_sensor_decorator.py
[2025-01-30T00:29:37.851+0000] {processor.py:840} INFO - DAG(s) 'example_sensor_decorator' retrieved from /home/airflow/.local/lib/python3.8/site-packages/airflow/example_dags/example_sensor_decorator.py
[2025-01-30T00:29:37.918+0000] {logging_mixin.py:188} INFO - [2025-01-30T00:29:37.918+0000] {dag.py:3036} INFO - Sync 1 DAGs
[2025-01-30T00:29:37.958+0000] {logging_mixin.py:188} INFO - [2025-01-30T00:29:37.957+0000] {dag.py:3823} INFO - Setting next_dagrun for example_sensor_decorator to None, run_after=None
[2025-01-30T00:29:38.024+0000] {processor.py:183} INFO - Processing /home/airflow/.local/lib/python3.8/site-packages/airflow/example_dags/example_sensor_decorator.py took 0.210 seconds
[2025-01-30T00:30:08.191+0000] {processor.py:161} INFO - Started process (PID=6236) to work on /home/airflow/.local/lib/python3.8/site-packages/airflow/example_dags/example_sensor_decorator.py
[2025-01-30T00:30:08.194+0000] {processor.py:830} INFO - Processing file /home/airflow/.local/lib/python3.8/site-packages/airflow/example_dags/example_sensor_decorator.py for tasks to queue
[2025-01-30T00:30:08.196+0000] {logging_mixin.py:188} INFO - [2025-01-30T00:30:08.195+0000] {dagbag.py:538} INFO - Filling up the DagBag from /home/airflow/.local/lib/python3.8/site-packages/airflow/example_dags/example_sensor_decorator.py
[2025-01-30T00:30:08.204+0000] {processor.py:840} INFO - DAG(s) 'example_sensor_decorator' retrieved from /home/airflow/.local/lib/python3.8/site-packages/airflow/example_dags/example_sensor_decorator.py
[2025-01-30T00:30:08.235+0000] {logging_mixin.py:188} INFO - [2025-01-30T00:30:08.235+0000] {dag.py:3036} INFO - Sync 1 DAGs
[2025-01-30T00:30:08.253+0000] {logging_mixin.py:188} INFO - [2025-01-30T00:30:08.253+0000] {dag.py:3823} INFO - Setting next_dagrun for example_sensor_decorator to None, run_after=None
[2025-01-30T00:30:08.285+0000] {processor.py:183} INFO - Processing /home/airflow/.local/lib/python3.8/site-packages/airflow/example_dags/example_sensor_decorator.py took 0.098 seconds
[2025-01-30T00:30:38.611+0000] {processor.py:161} INFO - Started process (PID=6291) to work on /home/airflow/.local/lib/python3.8/site-packages/airflow/example_dags/example_sensor_decorator.py
[2025-01-30T00:30:38.614+0000] {processor.py:830} INFO - Processing file /home/airflow/.local/lib/python3.8/site-packages/airflow/example_dags/example_sensor_decorator.py for tasks to queue
[2025-01-30T00:30:38.616+0000] {logging_mixin.py:188} INFO - [2025-01-30T00:30:38.615+0000] {dagbag.py:538} INFO - Filling up the DagBag from /home/airflow/.local/lib/python3.8/site-packages/airflow/example_dags/example_sensor_decorator.py
[2025-01-30T00:30:38.633+0000] {processor.py:840} INFO - DAG(s) 'example_sensor_decorator' retrieved from /home/airflow/.local/lib/python3.8/site-packages/airflow/example_dags/example_sensor_decorator.py
[2025-01-30T00:30:38.687+0000] {logging_mixin.py:188} INFO - [2025-01-30T00:30:38.686+0000] {dag.py:3036} INFO - Sync 1 DAGs
[2025-01-30T00:30:38.732+0000] {logging_mixin.py:188} INFO - [2025-01-30T00:30:38.731+0000] {dag.py:3823} INFO - Setting next_dagrun for example_sensor_decorator to None, run_after=None
[2025-01-30T00:30:38.784+0000] {processor.py:183} INFO - Processing /home/airflow/.local/lib/python3.8/site-packages/airflow/example_dags/example_sensor_decorator.py took 0.182 seconds
[2025-01-30T00:31:13.628+0000] {processor.py:161} INFO - Started process (PID=6343) to work on /home/airflow/.local/lib/python3.8/site-packages/airflow/example_dags/example_sensor_decorator.py
[2025-01-30T00:31:13.673+0000] {processor.py:830} INFO - Processing file /home/airflow/.local/lib/python3.8/site-packages/airflow/example_dags/example_sensor_decorator.py for tasks to queue
[2025-01-30T00:31:13.690+0000] {logging_mixin.py:188} INFO - [2025-01-30T00:31:13.689+0000] {dagbag.py:538} INFO - Filling up the DagBag from /home/airflow/.local/lib/python3.8/site-packages/airflow/example_dags/example_sensor_decorator.py
[2025-01-30T00:31:13.757+0000] {processor.py:840} INFO - DAG(s) 'example_sensor_decorator' retrieved from /home/airflow/.local/lib/python3.8/site-packages/airflow/example_dags/example_sensor_decorator.py
[2025-01-30T00:31:13.900+0000] {logging_mixin.py:188} INFO - [2025-01-30T00:31:13.897+0000] {dag.py:3036} INFO - Sync 1 DAGs
[2025-01-30T00:31:14.073+0000] {logging_mixin.py:188} INFO - [2025-01-30T00:31:14.072+0000] {dag.py:3823} INFO - Setting next_dagrun for example_sensor_decorator to None, run_after=None
[2025-01-30T00:31:14.146+0000] {processor.py:183} INFO - Processing /home/airflow/.local/lib/python3.8/site-packages/airflow/example_dags/example_sensor_decorator.py took 0.570 seconds
[2025-01-30T00:31:45.204+0000] {processor.py:161} INFO - Started process (PID=6399) to work on /home/airflow/.local/lib/python3.8/site-packages/airflow/example_dags/example_sensor_decorator.py
[2025-01-30T00:31:45.208+0000] {processor.py:830} INFO - Processing file /home/airflow/.local/lib/python3.8/site-packages/airflow/example_dags/example_sensor_decorator.py for tasks to queue
[2025-01-30T00:31:45.212+0000] {logging_mixin.py:188} INFO - [2025-01-30T00:31:45.211+0000] {dagbag.py:538} INFO - Filling up the DagBag from /home/airflow/.local/lib/python3.8/site-packages/airflow/example_dags/example_sensor_decorator.py
[2025-01-30T00:31:45.232+0000] {processor.py:840} INFO - DAG(s) 'example_sensor_decorator' retrieved from /home/airflow/.local/lib/python3.8/site-packages/airflow/example_dags/example_sensor_decorator.py
[2025-01-30T00:31:45.287+0000] {logging_mixin.py:188} INFO - [2025-01-30T00:31:45.287+0000] {dag.py:3036} INFO - Sync 1 DAGs
[2025-01-30T00:31:45.331+0000] {logging_mixin.py:188} INFO - [2025-01-30T00:31:45.330+0000] {dag.py:3823} INFO - Setting next_dagrun for example_sensor_decorator to None, run_after=None
[2025-01-30T00:31:45.430+0000] {processor.py:183} INFO - Processing /home/airflow/.local/lib/python3.8/site-packages/airflow/example_dags/example_sensor_decorator.py took 0.246 seconds
[2025-01-30T00:32:15.697+0000] {processor.py:161} INFO - Started process (PID=6452) to work on /home/airflow/.local/lib/python3.8/site-packages/airflow/example_dags/example_sensor_decorator.py
[2025-01-30T00:32:15.702+0000] {processor.py:830} INFO - Processing file /home/airflow/.local/lib/python3.8/site-packages/airflow/example_dags/example_sensor_decorator.py for tasks to queue
[2025-01-30T00:32:15.712+0000] {logging_mixin.py:188} INFO - [2025-01-30T00:32:15.704+0000] {dagbag.py:538} INFO - Filling up the DagBag from /home/airflow/.local/lib/python3.8/site-packages/airflow/example_dags/example_sensor_decorator.py
[2025-01-30T00:32:15.807+0000] {processor.py:840} INFO - DAG(s) 'example_sensor_decorator' retrieved from /home/airflow/.local/lib/python3.8/site-packages/airflow/example_dags/example_sensor_decorator.py
[2025-01-30T00:32:16.087+0000] {logging_mixin.py:188} INFO - [2025-01-30T00:32:16.086+0000] {dag.py:3036} INFO - Sync 1 DAGs
[2025-01-30T00:32:16.229+0000] {logging_mixin.py:188} INFO - [2025-01-30T00:32:16.219+0000] {dag.py:3823} INFO - Setting next_dagrun for example_sensor_decorator to None, run_after=None
[2025-01-30T00:32:16.409+0000] {processor.py:183} INFO - Processing /home/airflow/.local/lib/python3.8/site-packages/airflow/example_dags/example_sensor_decorator.py took 0.738 seconds
[2025-01-30T00:32:47.413+0000] {processor.py:161} INFO - Started process (PID=6510) to work on /home/airflow/.local/lib/python3.8/site-packages/airflow/example_dags/example_sensor_decorator.py
[2025-01-30T00:32:47.426+0000] {processor.py:830} INFO - Processing file /home/airflow/.local/lib/python3.8/site-packages/airflow/example_dags/example_sensor_decorator.py for tasks to queue
[2025-01-30T00:32:47.447+0000] {logging_mixin.py:188} INFO - [2025-01-30T00:32:47.445+0000] {dagbag.py:538} INFO - Filling up the DagBag from /home/airflow/.local/lib/python3.8/site-packages/airflow/example_dags/example_sensor_decorator.py
[2025-01-30T00:32:47.514+0000] {processor.py:840} INFO - DAG(s) 'example_sensor_decorator' retrieved from /home/airflow/.local/lib/python3.8/site-packages/airflow/example_dags/example_sensor_decorator.py
[2025-01-30T00:32:47.784+0000] {logging_mixin.py:188} INFO - [2025-01-30T00:32:47.783+0000] {dag.py:3036} INFO - Sync 1 DAGs
[2025-01-30T00:32:48.049+0000] {logging_mixin.py:188} INFO - [2025-01-30T00:32:48.048+0000] {dag.py:3823} INFO - Setting next_dagrun for example_sensor_decorator to None, run_after=None
[2025-01-30T00:32:48.294+0000] {processor.py:183} INFO - Processing /home/airflow/.local/lib/python3.8/site-packages/airflow/example_dags/example_sensor_decorator.py took 0.931 seconds
[2025-01-30T00:33:19.922+0000] {processor.py:161} INFO - Started process (PID=6572) to work on /home/airflow/.local/lib/python3.8/site-packages/airflow/example_dags/example_sensor_decorator.py
[2025-01-30T00:33:19.968+0000] {processor.py:830} INFO - Processing file /home/airflow/.local/lib/python3.8/site-packages/airflow/example_dags/example_sensor_decorator.py for tasks to queue
[2025-01-30T00:33:20.088+0000] {logging_mixin.py:188} INFO - [2025-01-30T00:33:20.087+0000] {dagbag.py:538} INFO - Filling up the DagBag from /home/airflow/.local/lib/python3.8/site-packages/airflow/example_dags/example_sensor_decorator.py
[2025-01-30T00:33:20.373+0000] {processor.py:840} INFO - DAG(s) 'example_sensor_decorator' retrieved from /home/airflow/.local/lib/python3.8/site-packages/airflow/example_dags/example_sensor_decorator.py
[2025-01-30T00:33:20.902+0000] {logging_mixin.py:188} INFO - [2025-01-30T00:33:20.901+0000] {dag.py:3036} INFO - Sync 1 DAGs
[2025-01-30T00:33:21.283+0000] {logging_mixin.py:188} INFO - [2025-01-30T00:33:21.282+0000] {dag.py:3823} INFO - Setting next_dagrun for example_sensor_decorator to None, run_after=None
[2025-01-30T00:33:21.680+0000] {processor.py:183} INFO - Processing /home/airflow/.local/lib/python3.8/site-packages/airflow/example_dags/example_sensor_decorator.py took 1.802 seconds
[2025-01-30T00:33:52.887+0000] {processor.py:161} INFO - Started process (PID=6628) to work on /home/airflow/.local/lib/python3.8/site-packages/airflow/example_dags/example_sensor_decorator.py
[2025-01-30T00:33:52.890+0000] {processor.py:830} INFO - Processing file /home/airflow/.local/lib/python3.8/site-packages/airflow/example_dags/example_sensor_decorator.py for tasks to queue
[2025-01-30T00:33:52.920+0000] {logging_mixin.py:188} INFO - [2025-01-30T00:33:52.919+0000] {dagbag.py:538} INFO - Filling up the DagBag from /home/airflow/.local/lib/python3.8/site-packages/airflow/example_dags/example_sensor_decorator.py
[2025-01-30T00:33:53.023+0000] {processor.py:840} INFO - DAG(s) 'example_sensor_decorator' retrieved from /home/airflow/.local/lib/python3.8/site-packages/airflow/example_dags/example_sensor_decorator.py
[2025-01-30T00:33:53.747+0000] {logging_mixin.py:188} INFO - [2025-01-30T00:33:53.736+0000] {dag.py:3036} INFO - Sync 1 DAGs
[2025-01-30T00:33:53.943+0000] {logging_mixin.py:188} INFO - [2025-01-30T00:33:53.943+0000] {dag.py:3823} INFO - Setting next_dagrun for example_sensor_decorator to None, run_after=None
[2025-01-30T00:33:54.398+0000] {processor.py:183} INFO - Processing /home/airflow/.local/lib/python3.8/site-packages/airflow/example_dags/example_sensor_decorator.py took 1.589 seconds
[2025-01-30T00:34:24.971+0000] {processor.py:161} INFO - Started process (PID=6684) to work on /home/airflow/.local/lib/python3.8/site-packages/airflow/example_dags/example_sensor_decorator.py
[2025-01-30T00:34:24.973+0000] {processor.py:830} INFO - Processing file /home/airflow/.local/lib/python3.8/site-packages/airflow/example_dags/example_sensor_decorator.py for tasks to queue
[2025-01-30T00:34:24.984+0000] {logging_mixin.py:188} INFO - [2025-01-30T00:34:24.984+0000] {dagbag.py:538} INFO - Filling up the DagBag from /home/airflow/.local/lib/python3.8/site-packages/airflow/example_dags/example_sensor_decorator.py
[2025-01-30T00:34:25.012+0000] {processor.py:840} INFO - DAG(s) 'example_sensor_decorator' retrieved from /home/airflow/.local/lib/python3.8/site-packages/airflow/example_dags/example_sensor_decorator.py
[2025-01-30T00:34:25.096+0000] {logging_mixin.py:188} INFO - [2025-01-30T00:34:25.095+0000] {dag.py:3036} INFO - Sync 1 DAGs
[2025-01-30T00:34:25.137+0000] {logging_mixin.py:188} INFO - [2025-01-30T00:34:25.137+0000] {dag.py:3823} INFO - Setting next_dagrun for example_sensor_decorator to None, run_after=None
[2025-01-30T00:34:25.189+0000] {processor.py:183} INFO - Processing /home/airflow/.local/lib/python3.8/site-packages/airflow/example_dags/example_sensor_decorator.py took 0.229 seconds
[2025-01-30T00:34:55.404+0000] {processor.py:161} INFO - Started process (PID=6740) to work on /home/airflow/.local/lib/python3.8/site-packages/airflow/example_dags/example_sensor_decorator.py
[2025-01-30T00:34:55.408+0000] {processor.py:830} INFO - Processing file /home/airflow/.local/lib/python3.8/site-packages/airflow/example_dags/example_sensor_decorator.py for tasks to queue
[2025-01-30T00:34:55.411+0000] {logging_mixin.py:188} INFO - [2025-01-30T00:34:55.410+0000] {dagbag.py:538} INFO - Filling up the DagBag from /home/airflow/.local/lib/python3.8/site-packages/airflow/example_dags/example_sensor_decorator.py
[2025-01-30T00:34:55.425+0000] {processor.py:840} INFO - DAG(s) 'example_sensor_decorator' retrieved from /home/airflow/.local/lib/python3.8/site-packages/airflow/example_dags/example_sensor_decorator.py
[2025-01-30T00:34:55.462+0000] {logging_mixin.py:188} INFO - [2025-01-30T00:34:55.462+0000] {dag.py:3036} INFO - Sync 1 DAGs
[2025-01-30T00:34:55.486+0000] {logging_mixin.py:188} INFO - [2025-01-30T00:34:55.486+0000] {dag.py:3823} INFO - Setting next_dagrun for example_sensor_decorator to None, run_after=None
[2025-01-30T00:34:55.536+0000] {processor.py:183} INFO - Processing /home/airflow/.local/lib/python3.8/site-packages/airflow/example_dags/example_sensor_decorator.py took 0.136 seconds
[2025-01-30T00:35:26.331+0000] {processor.py:161} INFO - Started process (PID=6796) to work on /home/airflow/.local/lib/python3.8/site-packages/airflow/example_dags/example_sensor_decorator.py
[2025-01-30T00:35:26.332+0000] {processor.py:830} INFO - Processing file /home/airflow/.local/lib/python3.8/site-packages/airflow/example_dags/example_sensor_decorator.py for tasks to queue
[2025-01-30T00:35:26.334+0000] {logging_mixin.py:188} INFO - [2025-01-30T00:35:26.333+0000] {dagbag.py:538} INFO - Filling up the DagBag from /home/airflow/.local/lib/python3.8/site-packages/airflow/example_dags/example_sensor_decorator.py
[2025-01-30T00:35:26.340+0000] {processor.py:840} INFO - DAG(s) 'example_sensor_decorator' retrieved from /home/airflow/.local/lib/python3.8/site-packages/airflow/example_dags/example_sensor_decorator.py
[2025-01-30T00:35:26.367+0000] {logging_mixin.py:188} INFO - [2025-01-30T00:35:26.367+0000] {dag.py:3036} INFO - Sync 1 DAGs
[2025-01-30T00:35:26.382+0000] {logging_mixin.py:188} INFO - [2025-01-30T00:35:26.382+0000] {dag.py:3823} INFO - Setting next_dagrun for example_sensor_decorator to None, run_after=None
[2025-01-30T00:35:26.418+0000] {processor.py:183} INFO - Processing /home/airflow/.local/lib/python3.8/site-packages/airflow/example_dags/example_sensor_decorator.py took 0.090 seconds
[2025-01-30T00:35:57.338+0000] {processor.py:161} INFO - Started process (PID=6852) to work on /home/airflow/.local/lib/python3.8/site-packages/airflow/example_dags/example_sensor_decorator.py
[2025-01-30T00:35:57.342+0000] {processor.py:830} INFO - Processing file /home/airflow/.local/lib/python3.8/site-packages/airflow/example_dags/example_sensor_decorator.py for tasks to queue
[2025-01-30T00:35:57.346+0000] {logging_mixin.py:188} INFO - [2025-01-30T00:35:57.345+0000] {dagbag.py:538} INFO - Filling up the DagBag from /home/airflow/.local/lib/python3.8/site-packages/airflow/example_dags/example_sensor_decorator.py
[2025-01-30T00:35:57.371+0000] {processor.py:840} INFO - DAG(s) 'example_sensor_decorator' retrieved from /home/airflow/.local/lib/python3.8/site-packages/airflow/example_dags/example_sensor_decorator.py
[2025-01-30T00:35:57.490+0000] {logging_mixin.py:188} INFO - [2025-01-30T00:35:57.485+0000] {dag.py:3036} INFO - Sync 1 DAGs
[2025-01-30T00:35:57.553+0000] {logging_mixin.py:188} INFO - [2025-01-30T00:35:57.552+0000] {dag.py:3823} INFO - Setting next_dagrun for example_sensor_decorator to None, run_after=None
[2025-01-30T00:35:57.687+0000] {processor.py:183} INFO - Processing /home/airflow/.local/lib/python3.8/site-packages/airflow/example_dags/example_sensor_decorator.py took 0.357 seconds
[2025-01-30T00:36:28.803+0000] {processor.py:161} INFO - Started process (PID=6902) to work on /home/airflow/.local/lib/python3.8/site-packages/airflow/example_dags/example_sensor_decorator.py
[2025-01-30T00:36:28.805+0000] {processor.py:830} INFO - Processing file /home/airflow/.local/lib/python3.8/site-packages/airflow/example_dags/example_sensor_decorator.py for tasks to queue
[2025-01-30T00:36:28.807+0000] {logging_mixin.py:188} INFO - [2025-01-30T00:36:28.806+0000] {dagbag.py:538} INFO - Filling up the DagBag from /home/airflow/.local/lib/python3.8/site-packages/airflow/example_dags/example_sensor_decorator.py
[2025-01-30T00:36:28.828+0000] {processor.py:840} INFO - DAG(s) 'example_sensor_decorator' retrieved from /home/airflow/.local/lib/python3.8/site-packages/airflow/example_dags/example_sensor_decorator.py
[2025-01-30T00:36:28.921+0000] {logging_mixin.py:188} INFO - [2025-01-30T00:36:28.920+0000] {dag.py:3036} INFO - Sync 1 DAGs
[2025-01-30T00:36:28.958+0000] {logging_mixin.py:188} INFO - [2025-01-30T00:36:28.958+0000] {dag.py:3823} INFO - Setting next_dagrun for example_sensor_decorator to None, run_after=None
[2025-01-30T00:36:29.021+0000] {processor.py:183} INFO - Processing /home/airflow/.local/lib/python3.8/site-packages/airflow/example_dags/example_sensor_decorator.py took 0.236 seconds
[2025-01-30T00:36:59.660+0000] {processor.py:161} INFO - Started process (PID=6954) to work on /home/airflow/.local/lib/python3.8/site-packages/airflow/example_dags/example_sensor_decorator.py
[2025-01-30T00:36:59.676+0000] {processor.py:830} INFO - Processing file /home/airflow/.local/lib/python3.8/site-packages/airflow/example_dags/example_sensor_decorator.py for tasks to queue
[2025-01-30T00:36:59.787+0000] {logging_mixin.py:188} INFO - [2025-01-30T00:36:59.785+0000] {dagbag.py:538} INFO - Filling up the DagBag from /home/airflow/.local/lib/python3.8/site-packages/airflow/example_dags/example_sensor_decorator.py
[2025-01-30T00:36:59.879+0000] {processor.py:840} INFO - DAG(s) 'example_sensor_decorator' retrieved from /home/airflow/.local/lib/python3.8/site-packages/airflow/example_dags/example_sensor_decorator.py
[2025-01-30T00:37:00.053+0000] {logging_mixin.py:188} INFO - [2025-01-30T00:37:00.052+0000] {dag.py:3036} INFO - Sync 1 DAGs
[2025-01-30T00:37:00.163+0000] {logging_mixin.py:188} INFO - [2025-01-30T00:37:00.163+0000] {dag.py:3823} INFO - Setting next_dagrun for example_sensor_decorator to None, run_after=None
[2025-01-30T00:37:00.378+0000] {processor.py:183} INFO - Processing /home/airflow/.local/lib/python3.8/site-packages/airflow/example_dags/example_sensor_decorator.py took 0.750 seconds
[2025-01-30T00:37:30.793+0000] {processor.py:161} INFO - Started process (PID=7009) to work on /home/airflow/.local/lib/python3.8/site-packages/airflow/example_dags/example_sensor_decorator.py
[2025-01-30T00:37:30.795+0000] {processor.py:830} INFO - Processing file /home/airflow/.local/lib/python3.8/site-packages/airflow/example_dags/example_sensor_decorator.py for tasks to queue
[2025-01-30T00:37:30.797+0000] {logging_mixin.py:188} INFO - [2025-01-30T00:37:30.796+0000] {dagbag.py:538} INFO - Filling up the DagBag from /home/airflow/.local/lib/python3.8/site-packages/airflow/example_dags/example_sensor_decorator.py
[2025-01-30T00:37:30.806+0000] {processor.py:840} INFO - DAG(s) 'example_sensor_decorator' retrieved from /home/airflow/.local/lib/python3.8/site-packages/airflow/example_dags/example_sensor_decorator.py
[2025-01-30T00:37:30.837+0000] {logging_mixin.py:188} INFO - [2025-01-30T00:37:30.836+0000] {dag.py:3036} INFO - Sync 1 DAGs
[2025-01-30T00:37:30.854+0000] {logging_mixin.py:188} INFO - [2025-01-30T00:37:30.854+0000] {dag.py:3823} INFO - Setting next_dagrun for example_sensor_decorator to None, run_after=None
[2025-01-30T00:37:30.888+0000] {processor.py:183} INFO - Processing /home/airflow/.local/lib/python3.8/site-packages/airflow/example_dags/example_sensor_decorator.py took 0.100 seconds
[2025-01-30T00:38:05.870+0000] {processor.py:161} INFO - Started process (PID=7062) to work on /home/airflow/.local/lib/python3.8/site-packages/airflow/example_dags/example_sensor_decorator.py
[2025-01-30T00:38:06.002+0000] {processor.py:830} INFO - Processing file /home/airflow/.local/lib/python3.8/site-packages/airflow/example_dags/example_sensor_decorator.py for tasks to queue
[2025-01-30T00:38:06.006+0000] {logging_mixin.py:188} INFO - [2025-01-30T00:38:06.006+0000] {dagbag.py:538} INFO - Filling up the DagBag from /home/airflow/.local/lib/python3.8/site-packages/airflow/example_dags/example_sensor_decorator.py
[2025-01-30T00:38:06.079+0000] {processor.py:840} INFO - DAG(s) 'example_sensor_decorator' retrieved from /home/airflow/.local/lib/python3.8/site-packages/airflow/example_dags/example_sensor_decorator.py
[2025-01-30T00:38:06.402+0000] {logging_mixin.py:188} INFO - [2025-01-30T00:38:06.402+0000] {dag.py:3036} INFO - Sync 1 DAGs
[2025-01-30T00:38:06.518+0000] {logging_mixin.py:188} INFO - [2025-01-30T00:38:06.516+0000] {dag.py:3823} INFO - Setting next_dagrun for example_sensor_decorator to None, run_after=None
[2025-01-30T00:38:06.785+0000] {processor.py:183} INFO - Processing /home/airflow/.local/lib/python3.8/site-packages/airflow/example_dags/example_sensor_decorator.py took 0.935 seconds
