[2025-01-30T00:00:29.732+0000] {processor.py:161} INFO - Started process (PID=3084) to work on /home/airflow/.local/lib/python3.8/site-packages/airflow/example_dags/example_complex.py
[2025-01-30T00:00:29.734+0000] {processor.py:830} INFO - Processing file /home/airflow/.local/lib/python3.8/site-packages/airflow/example_dags/example_complex.py for tasks to queue
[2025-01-30T00:00:29.737+0000] {logging_mixin.py:188} INFO - [2025-01-30T00:00:29.736+0000] {dagbag.py:538} INFO - Filling up the DagBag from /home/airflow/.local/lib/python3.8/site-packages/airflow/example_dags/example_complex.py
[2025-01-30T00:00:29.768+0000] {processor.py:840} INFO - DAG(s) 'example_complex' retrieved from /home/airflow/.local/lib/python3.8/site-packages/airflow/example_dags/example_complex.py
[2025-01-30T00:00:29.863+0000] {logging_mixin.py:188} INFO - [2025-01-30T00:00:29.863+0000] {dag.py:3036} INFO - Sync 1 DAGs
[2025-01-30T00:00:29.913+0000] {logging_mixin.py:188} INFO - [2025-01-30T00:00:29.912+0000] {dag.py:3823} INFO - Setting next_dagrun for example_complex to None, run_after=None
[2025-01-30T00:00:29.973+0000] {processor.py:183} INFO - Processing /home/airflow/.local/lib/python3.8/site-packages/airflow/example_dags/example_complex.py took 0.247 seconds
[2025-01-30T00:01:00.912+0000] {processor.py:161} INFO - Started process (PID=3142) to work on /home/airflow/.local/lib/python3.8/site-packages/airflow/example_dags/example_complex.py
[2025-01-30T00:01:00.915+0000] {processor.py:830} INFO - Processing file /home/airflow/.local/lib/python3.8/site-packages/airflow/example_dags/example_complex.py for tasks to queue
[2025-01-30T00:01:00.919+0000] {logging_mixin.py:188} INFO - [2025-01-30T00:01:00.917+0000] {dagbag.py:538} INFO - Filling up the DagBag from /home/airflow/.local/lib/python3.8/site-packages/airflow/example_dags/example_complex.py
[2025-01-30T00:01:00.961+0000] {processor.py:840} INFO - DAG(s) 'example_complex' retrieved from /home/airflow/.local/lib/python3.8/site-packages/airflow/example_dags/example_complex.py
[2025-01-30T00:01:01.066+0000] {logging_mixin.py:188} INFO - [2025-01-30T00:01:01.066+0000] {dag.py:3036} INFO - Sync 1 DAGs
[2025-01-30T00:01:01.108+0000] {logging_mixin.py:188} INFO - [2025-01-30T00:01:01.108+0000] {dag.py:3823} INFO - Setting next_dagrun for example_complex to None, run_after=None
[2025-01-30T00:01:01.198+0000] {processor.py:183} INFO - Processing /home/airflow/.local/lib/python3.8/site-packages/airflow/example_dags/example_complex.py took 0.294 seconds
[2025-01-30T00:01:31.836+0000] {processor.py:161} INFO - Started process (PID=3197) to work on /home/airflow/.local/lib/python3.8/site-packages/airflow/example_dags/example_complex.py
[2025-01-30T00:01:31.839+0000] {processor.py:830} INFO - Processing file /home/airflow/.local/lib/python3.8/site-packages/airflow/example_dags/example_complex.py for tasks to queue
[2025-01-30T00:01:31.844+0000] {logging_mixin.py:188} INFO - [2025-01-30T00:01:31.843+0000] {dagbag.py:538} INFO - Filling up the DagBag from /home/airflow/.local/lib/python3.8/site-packages/airflow/example_dags/example_complex.py
[2025-01-30T00:01:31.901+0000] {processor.py:840} INFO - DAG(s) 'example_complex' retrieved from /home/airflow/.local/lib/python3.8/site-packages/airflow/example_dags/example_complex.py
[2025-01-30T00:01:32.060+0000] {logging_mixin.py:188} INFO - [2025-01-30T00:01:32.054+0000] {dag.py:3036} INFO - Sync 1 DAGs
[2025-01-30T00:01:32.117+0000] {logging_mixin.py:188} INFO - [2025-01-30T00:01:32.116+0000] {dag.py:3823} INFO - Setting next_dagrun for example_complex to None, run_after=None
[2025-01-30T00:01:32.192+0000] {processor.py:183} INFO - Processing /home/airflow/.local/lib/python3.8/site-packages/airflow/example_dags/example_complex.py took 0.370 seconds
[2025-01-30T00:02:02.285+0000] {processor.py:161} INFO - Started process (PID=3252) to work on /home/airflow/.local/lib/python3.8/site-packages/airflow/example_dags/example_complex.py
[2025-01-30T00:02:02.286+0000] {processor.py:830} INFO - Processing file /home/airflow/.local/lib/python3.8/site-packages/airflow/example_dags/example_complex.py for tasks to queue
[2025-01-30T00:02:02.288+0000] {logging_mixin.py:188} INFO - [2025-01-30T00:02:02.288+0000] {dagbag.py:538} INFO - Filling up the DagBag from /home/airflow/.local/lib/python3.8/site-packages/airflow/example_dags/example_complex.py
[2025-01-30T00:02:02.317+0000] {processor.py:840} INFO - DAG(s) 'example_complex' retrieved from /home/airflow/.local/lib/python3.8/site-packages/airflow/example_dags/example_complex.py
[2025-01-30T00:02:02.385+0000] {logging_mixin.py:188} INFO - [2025-01-30T00:02:02.384+0000] {dag.py:3036} INFO - Sync 1 DAGs
[2025-01-30T00:02:02.409+0000] {logging_mixin.py:188} INFO - [2025-01-30T00:02:02.409+0000] {dag.py:3823} INFO - Setting next_dagrun for example_complex to None, run_after=None
[2025-01-30T00:02:02.451+0000] {processor.py:183} INFO - Processing /home/airflow/.local/lib/python3.8/site-packages/airflow/example_dags/example_complex.py took 0.175 seconds
[2025-01-30T00:02:33.155+0000] {processor.py:161} INFO - Started process (PID=3308) to work on /home/airflow/.local/lib/python3.8/site-packages/airflow/example_dags/example_complex.py
[2025-01-30T00:02:33.167+0000] {processor.py:830} INFO - Processing file /home/airflow/.local/lib/python3.8/site-packages/airflow/example_dags/example_complex.py for tasks to queue
[2025-01-30T00:02:33.172+0000] {logging_mixin.py:188} INFO - [2025-01-30T00:02:33.171+0000] {dagbag.py:538} INFO - Filling up the DagBag from /home/airflow/.local/lib/python3.8/site-packages/airflow/example_dags/example_complex.py
[2025-01-30T00:02:33.223+0000] {processor.py:840} INFO - DAG(s) 'example_complex' retrieved from /home/airflow/.local/lib/python3.8/site-packages/airflow/example_dags/example_complex.py
[2025-01-30T00:02:33.346+0000] {logging_mixin.py:188} INFO - [2025-01-30T00:02:33.345+0000] {dag.py:3036} INFO - Sync 1 DAGs
[2025-01-30T00:02:33.395+0000] {logging_mixin.py:188} INFO - [2025-01-30T00:02:33.394+0000] {dag.py:3823} INFO - Setting next_dagrun for example_complex to None, run_after=None
[2025-01-30T00:02:33.465+0000] {processor.py:183} INFO - Processing /home/airflow/.local/lib/python3.8/site-packages/airflow/example_dags/example_complex.py took 0.325 seconds
[2025-01-30T00:03:03.891+0000] {processor.py:161} INFO - Started process (PID=3363) to work on /home/airflow/.local/lib/python3.8/site-packages/airflow/example_dags/example_complex.py
[2025-01-30T00:03:03.893+0000] {processor.py:830} INFO - Processing file /home/airflow/.local/lib/python3.8/site-packages/airflow/example_dags/example_complex.py for tasks to queue
[2025-01-30T00:03:03.897+0000] {logging_mixin.py:188} INFO - [2025-01-30T00:03:03.895+0000] {dagbag.py:538} INFO - Filling up the DagBag from /home/airflow/.local/lib/python3.8/site-packages/airflow/example_dags/example_complex.py
[2025-01-30T00:03:03.948+0000] {processor.py:840} INFO - DAG(s) 'example_complex' retrieved from /home/airflow/.local/lib/python3.8/site-packages/airflow/example_dags/example_complex.py
[2025-01-30T00:03:04.051+0000] {logging_mixin.py:188} INFO - [2025-01-30T00:03:04.050+0000] {dag.py:3036} INFO - Sync 1 DAGs
[2025-01-30T00:03:04.103+0000] {logging_mixin.py:188} INFO - [2025-01-30T00:03:04.103+0000] {dag.py:3823} INFO - Setting next_dagrun for example_complex to None, run_after=None
[2025-01-30T00:03:04.165+0000] {processor.py:183} INFO - Processing /home/airflow/.local/lib/python3.8/site-packages/airflow/example_dags/example_complex.py took 0.283 seconds
[2025-01-30T00:03:34.936+0000] {processor.py:161} INFO - Started process (PID=3419) to work on /home/airflow/.local/lib/python3.8/site-packages/airflow/example_dags/example_complex.py
[2025-01-30T00:03:34.941+0000] {processor.py:830} INFO - Processing file /home/airflow/.local/lib/python3.8/site-packages/airflow/example_dags/example_complex.py for tasks to queue
[2025-01-30T00:03:34.946+0000] {logging_mixin.py:188} INFO - [2025-01-30T00:03:34.945+0000] {dagbag.py:538} INFO - Filling up the DagBag from /home/airflow/.local/lib/python3.8/site-packages/airflow/example_dags/example_complex.py
[2025-01-30T00:03:34.980+0000] {processor.py:840} INFO - DAG(s) 'example_complex' retrieved from /home/airflow/.local/lib/python3.8/site-packages/airflow/example_dags/example_complex.py
[2025-01-30T00:03:35.077+0000] {logging_mixin.py:188} INFO - [2025-01-30T00:03:35.077+0000] {dag.py:3036} INFO - Sync 1 DAGs
[2025-01-30T00:03:35.126+0000] {logging_mixin.py:188} INFO - [2025-01-30T00:03:35.125+0000] {dag.py:3823} INFO - Setting next_dagrun for example_complex to None, run_after=None
[2025-01-30T00:03:35.185+0000] {processor.py:183} INFO - Processing /home/airflow/.local/lib/python3.8/site-packages/airflow/example_dags/example_complex.py took 0.258 seconds
[2025-01-30T00:04:05.907+0000] {processor.py:161} INFO - Started process (PID=3475) to work on /home/airflow/.local/lib/python3.8/site-packages/airflow/example_dags/example_complex.py
[2025-01-30T00:04:05.908+0000] {processor.py:830} INFO - Processing file /home/airflow/.local/lib/python3.8/site-packages/airflow/example_dags/example_complex.py for tasks to queue
[2025-01-30T00:04:05.910+0000] {logging_mixin.py:188} INFO - [2025-01-30T00:04:05.909+0000] {dagbag.py:538} INFO - Filling up the DagBag from /home/airflow/.local/lib/python3.8/site-packages/airflow/example_dags/example_complex.py
[2025-01-30T00:04:05.931+0000] {processor.py:840} INFO - DAG(s) 'example_complex' retrieved from /home/airflow/.local/lib/python3.8/site-packages/airflow/example_dags/example_complex.py
[2025-01-30T00:04:05.982+0000] {logging_mixin.py:188} INFO - [2025-01-30T00:04:05.982+0000] {dag.py:3036} INFO - Sync 1 DAGs
[2025-01-30T00:04:06.002+0000] {logging_mixin.py:188} INFO - [2025-01-30T00:04:06.002+0000] {dag.py:3823} INFO - Setting next_dagrun for example_complex to None, run_after=None
[2025-01-30T00:04:06.035+0000] {processor.py:183} INFO - Processing /home/airflow/.local/lib/python3.8/site-packages/airflow/example_dags/example_complex.py took 0.132 seconds
[2025-01-30T00:04:37.827+0000] {processor.py:161} INFO - Started process (PID=3529) to work on /home/airflow/.local/lib/python3.8/site-packages/airflow/example_dags/example_complex.py
[2025-01-30T00:04:37.828+0000] {processor.py:830} INFO - Processing file /home/airflow/.local/lib/python3.8/site-packages/airflow/example_dags/example_complex.py for tasks to queue
[2025-01-30T00:04:37.830+0000] {logging_mixin.py:188} INFO - [2025-01-30T00:04:37.829+0000] {dagbag.py:538} INFO - Filling up the DagBag from /home/airflow/.local/lib/python3.8/site-packages/airflow/example_dags/example_complex.py
[2025-01-30T00:04:37.853+0000] {processor.py:840} INFO - DAG(s) 'example_complex' retrieved from /home/airflow/.local/lib/python3.8/site-packages/airflow/example_dags/example_complex.py
[2025-01-30T00:04:37.919+0000] {logging_mixin.py:188} INFO - [2025-01-30T00:04:37.918+0000] {dag.py:3036} INFO - Sync 1 DAGs
[2025-01-30T00:04:37.950+0000] {logging_mixin.py:188} INFO - [2025-01-30T00:04:37.950+0000] {dag.py:3823} INFO - Setting next_dagrun for example_complex to None, run_after=None
[2025-01-30T00:04:37.990+0000] {processor.py:183} INFO - Processing /home/airflow/.local/lib/python3.8/site-packages/airflow/example_dags/example_complex.py took 0.170 seconds
[2025-01-30T00:05:10.741+0000] {processor.py:161} INFO - Started process (PID=3581) to work on /home/airflow/.local/lib/python3.8/site-packages/airflow/example_dags/example_complex.py
[2025-01-30T00:05:10.743+0000] {processor.py:830} INFO - Processing file /home/airflow/.local/lib/python3.8/site-packages/airflow/example_dags/example_complex.py for tasks to queue
[2025-01-30T00:05:10.748+0000] {logging_mixin.py:188} INFO - [2025-01-30T00:05:10.747+0000] {dagbag.py:538} INFO - Filling up the DagBag from /home/airflow/.local/lib/python3.8/site-packages/airflow/example_dags/example_complex.py
[2025-01-30T00:05:10.792+0000] {processor.py:840} INFO - DAG(s) 'example_complex' retrieved from /home/airflow/.local/lib/python3.8/site-packages/airflow/example_dags/example_complex.py
[2025-01-30T00:05:10.965+0000] {logging_mixin.py:188} INFO - [2025-01-30T00:05:10.964+0000] {dag.py:3036} INFO - Sync 1 DAGs
[2025-01-30T00:05:11.014+0000] {logging_mixin.py:188} INFO - [2025-01-30T00:05:11.013+0000] {dag.py:3823} INFO - Setting next_dagrun for example_complex to None, run_after=None
[2025-01-30T00:05:11.121+0000] {processor.py:183} INFO - Processing /home/airflow/.local/lib/python3.8/site-packages/airflow/example_dags/example_complex.py took 0.387 seconds
[2025-01-30T00:05:42.188+0000] {processor.py:161} INFO - Started process (PID=3638) to work on /home/airflow/.local/lib/python3.8/site-packages/airflow/example_dags/example_complex.py
[2025-01-30T00:05:42.218+0000] {processor.py:830} INFO - Processing file /home/airflow/.local/lib/python3.8/site-packages/airflow/example_dags/example_complex.py for tasks to queue
[2025-01-30T00:05:42.235+0000] {logging_mixin.py:188} INFO - [2025-01-30T00:05:42.235+0000] {dagbag.py:538} INFO - Filling up the DagBag from /home/airflow/.local/lib/python3.8/site-packages/airflow/example_dags/example_complex.py
[2025-01-30T00:05:42.335+0000] {processor.py:840} INFO - DAG(s) 'example_complex' retrieved from /home/airflow/.local/lib/python3.8/site-packages/airflow/example_dags/example_complex.py
[2025-01-30T00:05:42.508+0000] {logging_mixin.py:188} INFO - [2025-01-30T00:05:42.508+0000] {dag.py:3036} INFO - Sync 1 DAGs
[2025-01-30T00:05:42.587+0000] {logging_mixin.py:188} INFO - [2025-01-30T00:05:42.586+0000] {dag.py:3823} INFO - Setting next_dagrun for example_complex to None, run_after=None
[2025-01-30T00:05:42.690+0000] {processor.py:183} INFO - Processing /home/airflow/.local/lib/python3.8/site-packages/airflow/example_dags/example_complex.py took 0.530 seconds
[2025-01-30T00:06:12.994+0000] {processor.py:161} INFO - Started process (PID=3694) to work on /home/airflow/.local/lib/python3.8/site-packages/airflow/example_dags/example_complex.py
[2025-01-30T00:06:12.995+0000] {processor.py:830} INFO - Processing file /home/airflow/.local/lib/python3.8/site-packages/airflow/example_dags/example_complex.py for tasks to queue
[2025-01-30T00:06:12.997+0000] {logging_mixin.py:188} INFO - [2025-01-30T00:06:12.997+0000] {dagbag.py:538} INFO - Filling up the DagBag from /home/airflow/.local/lib/python3.8/site-packages/airflow/example_dags/example_complex.py
[2025-01-30T00:06:13.013+0000] {processor.py:840} INFO - DAG(s) 'example_complex' retrieved from /home/airflow/.local/lib/python3.8/site-packages/airflow/example_dags/example_complex.py
[2025-01-30T00:06:13.063+0000] {logging_mixin.py:188} INFO - [2025-01-30T00:06:13.063+0000] {dag.py:3036} INFO - Sync 1 DAGs
[2025-01-30T00:06:13.088+0000] {logging_mixin.py:188} INFO - [2025-01-30T00:06:13.087+0000] {dag.py:3823} INFO - Setting next_dagrun for example_complex to None, run_after=None
[2025-01-30T00:06:13.128+0000] {processor.py:183} INFO - Processing /home/airflow/.local/lib/python3.8/site-packages/airflow/example_dags/example_complex.py took 0.138 seconds
[2025-01-30T00:06:43.588+0000] {processor.py:161} INFO - Started process (PID=3750) to work on /home/airflow/.local/lib/python3.8/site-packages/airflow/example_dags/example_complex.py
[2025-01-30T00:06:43.591+0000] {processor.py:830} INFO - Processing file /home/airflow/.local/lib/python3.8/site-packages/airflow/example_dags/example_complex.py for tasks to queue
[2025-01-30T00:06:43.597+0000] {logging_mixin.py:188} INFO - [2025-01-30T00:06:43.596+0000] {dagbag.py:538} INFO - Filling up the DagBag from /home/airflow/.local/lib/python3.8/site-packages/airflow/example_dags/example_complex.py
[2025-01-30T00:06:43.678+0000] {processor.py:840} INFO - DAG(s) 'example_complex' retrieved from /home/airflow/.local/lib/python3.8/site-packages/airflow/example_dags/example_complex.py
[2025-01-30T00:06:43.863+0000] {logging_mixin.py:188} INFO - [2025-01-30T00:06:43.862+0000] {dag.py:3036} INFO - Sync 1 DAGs
[2025-01-30T00:06:43.907+0000] {logging_mixin.py:188} INFO - [2025-01-30T00:06:43.906+0000] {dag.py:3823} INFO - Setting next_dagrun for example_complex to None, run_after=None
[2025-01-30T00:06:43.967+0000] {processor.py:183} INFO - Processing /home/airflow/.local/lib/python3.8/site-packages/airflow/example_dags/example_complex.py took 0.386 seconds
[2025-01-30T00:07:15.884+0000] {processor.py:161} INFO - Started process (PID=3806) to work on /home/airflow/.local/lib/python3.8/site-packages/airflow/example_dags/example_complex.py
[2025-01-30T00:07:15.886+0000] {processor.py:830} INFO - Processing file /home/airflow/.local/lib/python3.8/site-packages/airflow/example_dags/example_complex.py for tasks to queue
[2025-01-30T00:07:15.888+0000] {logging_mixin.py:188} INFO - [2025-01-30T00:07:15.888+0000] {dagbag.py:538} INFO - Filling up the DagBag from /home/airflow/.local/lib/python3.8/site-packages/airflow/example_dags/example_complex.py
[2025-01-30T00:07:15.919+0000] {processor.py:840} INFO - DAG(s) 'example_complex' retrieved from /home/airflow/.local/lib/python3.8/site-packages/airflow/example_dags/example_complex.py
[2025-01-30T00:07:16.015+0000] {logging_mixin.py:188} INFO - [2025-01-30T00:07:16.014+0000] {dag.py:3036} INFO - Sync 1 DAGs
[2025-01-30T00:07:16.060+0000] {logging_mixin.py:188} INFO - [2025-01-30T00:07:16.059+0000] {dag.py:3823} INFO - Setting next_dagrun for example_complex to None, run_after=None
[2025-01-30T00:07:16.129+0000] {processor.py:183} INFO - Processing /home/airflow/.local/lib/python3.8/site-packages/airflow/example_dags/example_complex.py took 0.253 seconds
[2025-01-30T00:07:46.346+0000] {processor.py:161} INFO - Started process (PID=3860) to work on /home/airflow/.local/lib/python3.8/site-packages/airflow/example_dags/example_complex.py
[2025-01-30T00:07:46.351+0000] {processor.py:830} INFO - Processing file /home/airflow/.local/lib/python3.8/site-packages/airflow/example_dags/example_complex.py for tasks to queue
[2025-01-30T00:07:46.354+0000] {logging_mixin.py:188} INFO - [2025-01-30T00:07:46.353+0000] {dagbag.py:538} INFO - Filling up the DagBag from /home/airflow/.local/lib/python3.8/site-packages/airflow/example_dags/example_complex.py
[2025-01-30T00:07:46.391+0000] {processor.py:840} INFO - DAG(s) 'example_complex' retrieved from /home/airflow/.local/lib/python3.8/site-packages/airflow/example_dags/example_complex.py
[2025-01-30T00:07:46.491+0000] {logging_mixin.py:188} INFO - [2025-01-30T00:07:46.490+0000] {dag.py:3036} INFO - Sync 1 DAGs
[2025-01-30T00:07:46.540+0000] {logging_mixin.py:188} INFO - [2025-01-30T00:07:46.539+0000] {dag.py:3823} INFO - Setting next_dagrun for example_complex to None, run_after=None
[2025-01-30T00:07:46.585+0000] {processor.py:183} INFO - Processing /home/airflow/.local/lib/python3.8/site-packages/airflow/example_dags/example_complex.py took 0.249 seconds
[2025-01-30T00:08:18.900+0000] {processor.py:161} INFO - Started process (PID=3917) to work on /home/airflow/.local/lib/python3.8/site-packages/airflow/example_dags/example_complex.py
[2025-01-30T00:08:18.904+0000] {processor.py:830} INFO - Processing file /home/airflow/.local/lib/python3.8/site-packages/airflow/example_dags/example_complex.py for tasks to queue
[2025-01-30T00:08:18.907+0000] {logging_mixin.py:188} INFO - [2025-01-30T00:08:18.906+0000] {dagbag.py:538} INFO - Filling up the DagBag from /home/airflow/.local/lib/python3.8/site-packages/airflow/example_dags/example_complex.py
[2025-01-30T00:08:18.940+0000] {processor.py:840} INFO - DAG(s) 'example_complex' retrieved from /home/airflow/.local/lib/python3.8/site-packages/airflow/example_dags/example_complex.py
[2025-01-30T00:08:19.027+0000] {logging_mixin.py:188} INFO - [2025-01-30T00:08:19.027+0000] {dag.py:3036} INFO - Sync 1 DAGs
[2025-01-30T00:08:19.062+0000] {logging_mixin.py:188} INFO - [2025-01-30T00:08:19.061+0000] {dag.py:3823} INFO - Setting next_dagrun for example_complex to None, run_after=None
[2025-01-30T00:08:19.117+0000] {processor.py:183} INFO - Processing /home/airflow/.local/lib/python3.8/site-packages/airflow/example_dags/example_complex.py took 0.223 seconds
[2025-01-30T00:08:52.544+0000] {processor.py:161} INFO - Started process (PID=3973) to work on /home/airflow/.local/lib/python3.8/site-packages/airflow/example_dags/example_complex.py
[2025-01-30T00:08:52.547+0000] {processor.py:830} INFO - Processing file /home/airflow/.local/lib/python3.8/site-packages/airflow/example_dags/example_complex.py for tasks to queue
[2025-01-30T00:08:52.551+0000] {logging_mixin.py:188} INFO - [2025-01-30T00:08:52.550+0000] {dagbag.py:538} INFO - Filling up the DagBag from /home/airflow/.local/lib/python3.8/site-packages/airflow/example_dags/example_complex.py
[2025-01-30T00:08:52.613+0000] {processor.py:840} INFO - DAG(s) 'example_complex' retrieved from /home/airflow/.local/lib/python3.8/site-packages/airflow/example_dags/example_complex.py
[2025-01-30T00:08:52.749+0000] {logging_mixin.py:188} INFO - [2025-01-30T00:08:52.746+0000] {dag.py:3036} INFO - Sync 1 DAGs
[2025-01-30T00:08:52.792+0000] {logging_mixin.py:188} INFO - [2025-01-30T00:08:52.791+0000] {dag.py:3823} INFO - Setting next_dagrun for example_complex to None, run_after=None
[2025-01-30T00:08:52.847+0000] {processor.py:183} INFO - Processing /home/airflow/.local/lib/python3.8/site-packages/airflow/example_dags/example_complex.py took 0.313 seconds
[2025-01-30T00:09:31.454+0000] {processor.py:161} INFO - Started process (PID=4032) to work on /home/airflow/.local/lib/python3.8/site-packages/airflow/example_dags/example_complex.py
[2025-01-30T00:09:31.488+0000] {processor.py:830} INFO - Processing file /home/airflow/.local/lib/python3.8/site-packages/airflow/example_dags/example_complex.py for tasks to queue
[2025-01-30T00:09:31.594+0000] {logging_mixin.py:188} INFO - [2025-01-30T00:09:31.593+0000] {dagbag.py:538} INFO - Filling up the DagBag from /home/airflow/.local/lib/python3.8/site-packages/airflow/example_dags/example_complex.py
[2025-01-30T00:09:31.787+0000] {processor.py:840} INFO - DAG(s) 'example_complex' retrieved from /home/airflow/.local/lib/python3.8/site-packages/airflow/example_dags/example_complex.py
[2025-01-30T00:09:32.090+0000] {logging_mixin.py:188} INFO - [2025-01-30T00:09:32.089+0000] {dag.py:3036} INFO - Sync 1 DAGs
[2025-01-30T00:09:32.204+0000] {logging_mixin.py:188} INFO - [2025-01-30T00:09:32.203+0000] {dag.py:3823} INFO - Setting next_dagrun for example_complex to None, run_after=None
[2025-01-30T00:09:32.449+0000] {processor.py:183} INFO - Processing /home/airflow/.local/lib/python3.8/site-packages/airflow/example_dags/example_complex.py took 1.003 seconds
[2025-01-30T00:10:03.765+0000] {processor.py:161} INFO - Started process (PID=4087) to work on /home/airflow/.local/lib/python3.8/site-packages/airflow/example_dags/example_complex.py
[2025-01-30T00:10:03.796+0000] {processor.py:830} INFO - Processing file /home/airflow/.local/lib/python3.8/site-packages/airflow/example_dags/example_complex.py for tasks to queue
[2025-01-30T00:10:03.799+0000] {logging_mixin.py:188} INFO - [2025-01-30T00:10:03.798+0000] {dagbag.py:538} INFO - Filling up the DagBag from /home/airflow/.local/lib/python3.8/site-packages/airflow/example_dags/example_complex.py
[2025-01-30T00:10:03.956+0000] {processor.py:840} INFO - DAG(s) 'example_complex' retrieved from /home/airflow/.local/lib/python3.8/site-packages/airflow/example_dags/example_complex.py
[2025-01-30T00:10:04.429+0000] {logging_mixin.py:188} INFO - [2025-01-30T00:10:04.428+0000] {dag.py:3036} INFO - Sync 1 DAGs
[2025-01-30T00:10:04.542+0000] {logging_mixin.py:188} INFO - [2025-01-30T00:10:04.541+0000] {dag.py:3823} INFO - Setting next_dagrun for example_complex to None, run_after=None
[2025-01-30T00:10:04.913+0000] {processor.py:183} INFO - Processing /home/airflow/.local/lib/python3.8/site-packages/airflow/example_dags/example_complex.py took 1.193 seconds
[2025-01-30T00:10:35.515+0000] {processor.py:161} INFO - Started process (PID=4150) to work on /home/airflow/.local/lib/python3.8/site-packages/airflow/example_dags/example_complex.py
[2025-01-30T00:10:35.516+0000] {processor.py:830} INFO - Processing file /home/airflow/.local/lib/python3.8/site-packages/airflow/example_dags/example_complex.py for tasks to queue
[2025-01-30T00:10:35.518+0000] {logging_mixin.py:188} INFO - [2025-01-30T00:10:35.518+0000] {dagbag.py:538} INFO - Filling up the DagBag from /home/airflow/.local/lib/python3.8/site-packages/airflow/example_dags/example_complex.py
[2025-01-30T00:10:35.532+0000] {processor.py:840} INFO - DAG(s) 'example_complex' retrieved from /home/airflow/.local/lib/python3.8/site-packages/airflow/example_dags/example_complex.py
[2025-01-30T00:10:35.573+0000] {logging_mixin.py:188} INFO - [2025-01-30T00:10:35.572+0000] {dag.py:3036} INFO - Sync 1 DAGs
[2025-01-30T00:10:35.595+0000] {logging_mixin.py:188} INFO - [2025-01-30T00:10:35.594+0000] {dag.py:3823} INFO - Setting next_dagrun for example_complex to None, run_after=None
[2025-01-30T00:10:35.635+0000] {processor.py:183} INFO - Processing /home/airflow/.local/lib/python3.8/site-packages/airflow/example_dags/example_complex.py took 0.124 seconds
[2025-01-30T00:11:06.292+0000] {processor.py:161} INFO - Started process (PID=4207) to work on /home/airflow/.local/lib/python3.8/site-packages/airflow/example_dags/example_complex.py
[2025-01-30T00:11:06.294+0000] {processor.py:830} INFO - Processing file /home/airflow/.local/lib/python3.8/site-packages/airflow/example_dags/example_complex.py for tasks to queue
[2025-01-30T00:11:06.297+0000] {logging_mixin.py:188} INFO - [2025-01-30T00:11:06.296+0000] {dagbag.py:538} INFO - Filling up the DagBag from /home/airflow/.local/lib/python3.8/site-packages/airflow/example_dags/example_complex.py
[2025-01-30T00:11:06.323+0000] {processor.py:840} INFO - DAG(s) 'example_complex' retrieved from /home/airflow/.local/lib/python3.8/site-packages/airflow/example_dags/example_complex.py
[2025-01-30T00:11:06.390+0000] {logging_mixin.py:188} INFO - [2025-01-30T00:11:06.390+0000] {dag.py:3036} INFO - Sync 1 DAGs
[2025-01-30T00:11:06.415+0000] {logging_mixin.py:188} INFO - [2025-01-30T00:11:06.414+0000] {dag.py:3823} INFO - Setting next_dagrun for example_complex to None, run_after=None
[2025-01-30T00:11:06.446+0000] {processor.py:183} INFO - Processing /home/airflow/.local/lib/python3.8/site-packages/airflow/example_dags/example_complex.py took 0.159 seconds
[2025-01-30T00:11:36.637+0000] {processor.py:161} INFO - Started process (PID=4264) to work on /home/airflow/.local/lib/python3.8/site-packages/airflow/example_dags/example_complex.py
[2025-01-30T00:11:36.646+0000] {processor.py:830} INFO - Processing file /home/airflow/.local/lib/python3.8/site-packages/airflow/example_dags/example_complex.py for tasks to queue
[2025-01-30T00:11:36.649+0000] {logging_mixin.py:188} INFO - [2025-01-30T00:11:36.649+0000] {dagbag.py:538} INFO - Filling up the DagBag from /home/airflow/.local/lib/python3.8/site-packages/airflow/example_dags/example_complex.py
[2025-01-30T00:11:36.742+0000] {processor.py:840} INFO - DAG(s) 'example_complex' retrieved from /home/airflow/.local/lib/python3.8/site-packages/airflow/example_dags/example_complex.py
[2025-01-30T00:11:37.044+0000] {logging_mixin.py:188} INFO - [2025-01-30T00:11:37.044+0000] {dag.py:3036} INFO - Sync 1 DAGs
[2025-01-30T00:11:37.180+0000] {logging_mixin.py:188} INFO - [2025-01-30T00:11:37.180+0000] {dag.py:3823} INFO - Setting next_dagrun for example_complex to None, run_after=None
[2025-01-30T00:11:37.286+0000] {processor.py:183} INFO - Processing /home/airflow/.local/lib/python3.8/site-packages/airflow/example_dags/example_complex.py took 0.659 seconds
[2025-01-30T00:12:09.143+0000] {processor.py:161} INFO - Started process (PID=4320) to work on /home/airflow/.local/lib/python3.8/site-packages/airflow/example_dags/example_complex.py
[2025-01-30T00:12:09.147+0000] {processor.py:830} INFO - Processing file /home/airflow/.local/lib/python3.8/site-packages/airflow/example_dags/example_complex.py for tasks to queue
[2025-01-30T00:12:09.153+0000] {logging_mixin.py:188} INFO - [2025-01-30T00:12:09.152+0000] {dagbag.py:538} INFO - Filling up the DagBag from /home/airflow/.local/lib/python3.8/site-packages/airflow/example_dags/example_complex.py
[2025-01-30T00:12:09.225+0000] {processor.py:840} INFO - DAG(s) 'example_complex' retrieved from /home/airflow/.local/lib/python3.8/site-packages/airflow/example_dags/example_complex.py
[2025-01-30T00:12:09.458+0000] {logging_mixin.py:188} INFO - [2025-01-30T00:12:09.458+0000] {dag.py:3036} INFO - Sync 1 DAGs
[2025-01-30T00:12:09.566+0000] {logging_mixin.py:188} INFO - [2025-01-30T00:12:09.565+0000] {dag.py:3823} INFO - Setting next_dagrun for example_complex to None, run_after=None
[2025-01-30T00:12:09.720+0000] {processor.py:183} INFO - Processing /home/airflow/.local/lib/python3.8/site-packages/airflow/example_dags/example_complex.py took 0.596 seconds
[2025-01-30T00:12:39.837+0000] {processor.py:161} INFO - Started process (PID=4375) to work on /home/airflow/.local/lib/python3.8/site-packages/airflow/example_dags/example_complex.py
[2025-01-30T00:12:39.840+0000] {processor.py:830} INFO - Processing file /home/airflow/.local/lib/python3.8/site-packages/airflow/example_dags/example_complex.py for tasks to queue
[2025-01-30T00:12:39.844+0000] {logging_mixin.py:188} INFO - [2025-01-30T00:12:39.842+0000] {dagbag.py:538} INFO - Filling up the DagBag from /home/airflow/.local/lib/python3.8/site-packages/airflow/example_dags/example_complex.py
[2025-01-30T00:12:39.867+0000] {processor.py:840} INFO - DAG(s) 'example_complex' retrieved from /home/airflow/.local/lib/python3.8/site-packages/airflow/example_dags/example_complex.py
[2025-01-30T00:12:39.929+0000] {logging_mixin.py:188} INFO - [2025-01-30T00:12:39.928+0000] {dag.py:3036} INFO - Sync 1 DAGs
[2025-01-30T00:12:39.954+0000] {logging_mixin.py:188} INFO - [2025-01-30T00:12:39.952+0000] {dag.py:3823} INFO - Setting next_dagrun for example_complex to None, run_after=None
[2025-01-30T00:12:39.995+0000] {processor.py:183} INFO - Processing /home/airflow/.local/lib/python3.8/site-packages/airflow/example_dags/example_complex.py took 0.163 seconds
[2025-01-30T00:13:12.616+0000] {processor.py:161} INFO - Started process (PID=4431) to work on /home/airflow/.local/lib/python3.8/site-packages/airflow/example_dags/example_complex.py
[2025-01-30T00:13:12.619+0000] {processor.py:830} INFO - Processing file /home/airflow/.local/lib/python3.8/site-packages/airflow/example_dags/example_complex.py for tasks to queue
[2025-01-30T00:13:12.621+0000] {logging_mixin.py:188} INFO - [2025-01-30T00:13:12.620+0000] {dagbag.py:538} INFO - Filling up the DagBag from /home/airflow/.local/lib/python3.8/site-packages/airflow/example_dags/example_complex.py
[2025-01-30T00:13:12.673+0000] {processor.py:840} INFO - DAG(s) 'example_complex' retrieved from /home/airflow/.local/lib/python3.8/site-packages/airflow/example_dags/example_complex.py
[2025-01-30T00:13:12.757+0000] {logging_mixin.py:188} INFO - [2025-01-30T00:13:12.756+0000] {dag.py:3036} INFO - Sync 1 DAGs
[2025-01-30T00:13:12.785+0000] {logging_mixin.py:188} INFO - [2025-01-30T00:13:12.785+0000] {dag.py:3823} INFO - Setting next_dagrun for example_complex to None, run_after=None
[2025-01-30T00:13:12.842+0000] {processor.py:183} INFO - Processing /home/airflow/.local/lib/python3.8/site-packages/airflow/example_dags/example_complex.py took 0.235 seconds
[2025-01-30T00:13:43.495+0000] {processor.py:161} INFO - Started process (PID=4488) to work on /home/airflow/.local/lib/python3.8/site-packages/airflow/example_dags/example_complex.py
[2025-01-30T00:13:43.498+0000] {processor.py:830} INFO - Processing file /home/airflow/.local/lib/python3.8/site-packages/airflow/example_dags/example_complex.py for tasks to queue
[2025-01-30T00:13:43.502+0000] {logging_mixin.py:188} INFO - [2025-01-30T00:13:43.500+0000] {dagbag.py:538} INFO - Filling up the DagBag from /home/airflow/.local/lib/python3.8/site-packages/airflow/example_dags/example_complex.py
[2025-01-30T00:13:43.533+0000] {processor.py:840} INFO - DAG(s) 'example_complex' retrieved from /home/airflow/.local/lib/python3.8/site-packages/airflow/example_dags/example_complex.py
[2025-01-30T00:13:43.611+0000] {logging_mixin.py:188} INFO - [2025-01-30T00:13:43.610+0000] {dag.py:3036} INFO - Sync 1 DAGs
[2025-01-30T00:13:43.644+0000] {logging_mixin.py:188} INFO - [2025-01-30T00:13:43.644+0000] {dag.py:3823} INFO - Setting next_dagrun for example_complex to None, run_after=None
[2025-01-30T00:13:43.695+0000] {processor.py:183} INFO - Processing /home/airflow/.local/lib/python3.8/site-packages/airflow/example_dags/example_complex.py took 0.210 seconds
[2025-01-30T00:14:14.619+0000] {processor.py:161} INFO - Started process (PID=4544) to work on /home/airflow/.local/lib/python3.8/site-packages/airflow/example_dags/example_complex.py
[2025-01-30T00:14:14.650+0000] {processor.py:830} INFO - Processing file /home/airflow/.local/lib/python3.8/site-packages/airflow/example_dags/example_complex.py for tasks to queue
[2025-01-30T00:14:14.660+0000] {logging_mixin.py:188} INFO - [2025-01-30T00:14:14.659+0000] {dagbag.py:538} INFO - Filling up the DagBag from /home/airflow/.local/lib/python3.8/site-packages/airflow/example_dags/example_complex.py
[2025-01-30T00:14:14.852+0000] {processor.py:840} INFO - DAG(s) 'example_complex' retrieved from /home/airflow/.local/lib/python3.8/site-packages/airflow/example_dags/example_complex.py
[2025-01-30T00:14:15.050+0000] {logging_mixin.py:188} INFO - [2025-01-30T00:14:15.049+0000] {dag.py:3036} INFO - Sync 1 DAGs
[2025-01-30T00:14:15.106+0000] {logging_mixin.py:188} INFO - [2025-01-30T00:14:15.105+0000] {dag.py:3823} INFO - Setting next_dagrun for example_complex to None, run_after=None
[2025-01-30T00:14:15.254+0000] {processor.py:183} INFO - Processing /home/airflow/.local/lib/python3.8/site-packages/airflow/example_dags/example_complex.py took 0.668 seconds
[2025-01-30T00:14:45.609+0000] {processor.py:161} INFO - Started process (PID=4599) to work on /home/airflow/.local/lib/python3.8/site-packages/airflow/example_dags/example_complex.py
[2025-01-30T00:14:45.611+0000] {processor.py:830} INFO - Processing file /home/airflow/.local/lib/python3.8/site-packages/airflow/example_dags/example_complex.py for tasks to queue
[2025-01-30T00:14:45.613+0000] {logging_mixin.py:188} INFO - [2025-01-30T00:14:45.612+0000] {dagbag.py:538} INFO - Filling up the DagBag from /home/airflow/.local/lib/python3.8/site-packages/airflow/example_dags/example_complex.py
[2025-01-30T00:14:45.630+0000] {processor.py:840} INFO - DAG(s) 'example_complex' retrieved from /home/airflow/.local/lib/python3.8/site-packages/airflow/example_dags/example_complex.py
[2025-01-30T00:14:45.673+0000] {logging_mixin.py:188} INFO - [2025-01-30T00:14:45.672+0000] {dag.py:3036} INFO - Sync 1 DAGs
[2025-01-30T00:14:45.691+0000] {logging_mixin.py:188} INFO - [2025-01-30T00:14:45.690+0000] {dag.py:3823} INFO - Setting next_dagrun for example_complex to None, run_after=None
[2025-01-30T00:14:45.730+0000] {processor.py:183} INFO - Processing /home/airflow/.local/lib/python3.8/site-packages/airflow/example_dags/example_complex.py took 0.125 seconds
[2025-01-30T00:15:16.503+0000] {processor.py:161} INFO - Started process (PID=4654) to work on /home/airflow/.local/lib/python3.8/site-packages/airflow/example_dags/example_complex.py
[2025-01-30T00:15:16.504+0000] {processor.py:830} INFO - Processing file /home/airflow/.local/lib/python3.8/site-packages/airflow/example_dags/example_complex.py for tasks to queue
[2025-01-30T00:15:16.506+0000] {logging_mixin.py:188} INFO - [2025-01-30T00:15:16.505+0000] {dagbag.py:538} INFO - Filling up the DagBag from /home/airflow/.local/lib/python3.8/site-packages/airflow/example_dags/example_complex.py
[2025-01-30T00:15:16.522+0000] {processor.py:840} INFO - DAG(s) 'example_complex' retrieved from /home/airflow/.local/lib/python3.8/site-packages/airflow/example_dags/example_complex.py
[2025-01-30T00:15:16.570+0000] {logging_mixin.py:188} INFO - [2025-01-30T00:15:16.570+0000] {dag.py:3036} INFO - Sync 1 DAGs
[2025-01-30T00:15:16.586+0000] {logging_mixin.py:188} INFO - [2025-01-30T00:15:16.586+0000] {dag.py:3823} INFO - Setting next_dagrun for example_complex to None, run_after=None
[2025-01-30T00:15:16.626+0000] {processor.py:183} INFO - Processing /home/airflow/.local/lib/python3.8/site-packages/airflow/example_dags/example_complex.py took 0.127 seconds
[2025-01-30T00:15:46.971+0000] {processor.py:161} INFO - Started process (PID=4710) to work on /home/airflow/.local/lib/python3.8/site-packages/airflow/example_dags/example_complex.py
[2025-01-30T00:15:46.973+0000] {processor.py:830} INFO - Processing file /home/airflow/.local/lib/python3.8/site-packages/airflow/example_dags/example_complex.py for tasks to queue
[2025-01-30T00:15:46.976+0000] {logging_mixin.py:188} INFO - [2025-01-30T00:15:46.975+0000] {dagbag.py:538} INFO - Filling up the DagBag from /home/airflow/.local/lib/python3.8/site-packages/airflow/example_dags/example_complex.py
[2025-01-30T00:15:47.009+0000] {processor.py:840} INFO - DAG(s) 'example_complex' retrieved from /home/airflow/.local/lib/python3.8/site-packages/airflow/example_dags/example_complex.py
[2025-01-30T00:15:47.130+0000] {logging_mixin.py:188} INFO - [2025-01-30T00:15:47.130+0000] {dag.py:3036} INFO - Sync 1 DAGs
[2025-01-30T00:15:47.161+0000] {logging_mixin.py:188} INFO - [2025-01-30T00:15:47.160+0000] {dag.py:3823} INFO - Setting next_dagrun for example_complex to None, run_after=None
[2025-01-30T00:15:47.226+0000] {processor.py:183} INFO - Processing /home/airflow/.local/lib/python3.8/site-packages/airflow/example_dags/example_complex.py took 0.262 seconds
[2025-01-30T00:16:28.173+0000] {processor.py:161} INFO - Started process (PID=4766) to work on /home/airflow/.local/lib/python3.8/site-packages/airflow/example_dags/example_complex.py
[2025-01-30T00:16:28.186+0000] {processor.py:830} INFO - Processing file /home/airflow/.local/lib/python3.8/site-packages/airflow/example_dags/example_complex.py for tasks to queue
[2025-01-30T00:16:28.189+0000] {logging_mixin.py:188} INFO - [2025-01-30T00:16:28.188+0000] {dagbag.py:538} INFO - Filling up the DagBag from /home/airflow/.local/lib/python3.8/site-packages/airflow/example_dags/example_complex.py
[2025-01-30T00:16:28.263+0000] {processor.py:840} INFO - DAG(s) 'example_complex' retrieved from /home/airflow/.local/lib/python3.8/site-packages/airflow/example_dags/example_complex.py
[2025-01-30T00:16:28.415+0000] {logging_mixin.py:188} INFO - [2025-01-30T00:16:28.415+0000] {dag.py:3036} INFO - Sync 1 DAGs
[2025-01-30T00:16:28.456+0000] {logging_mixin.py:188} INFO - [2025-01-30T00:16:28.455+0000] {dag.py:3823} INFO - Setting next_dagrun for example_complex to None, run_after=None
[2025-01-30T00:16:28.558+0000] {processor.py:183} INFO - Processing /home/airflow/.local/lib/python3.8/site-packages/airflow/example_dags/example_complex.py took 0.392 seconds
[2025-01-30T00:16:59.540+0000] {processor.py:161} INFO - Started process (PID=4822) to work on /home/airflow/.local/lib/python3.8/site-packages/airflow/example_dags/example_complex.py
[2025-01-30T00:16:59.541+0000] {processor.py:830} INFO - Processing file /home/airflow/.local/lib/python3.8/site-packages/airflow/example_dags/example_complex.py for tasks to queue
[2025-01-30T00:16:59.542+0000] {logging_mixin.py:188} INFO - [2025-01-30T00:16:59.542+0000] {dagbag.py:538} INFO - Filling up the DagBag from /home/airflow/.local/lib/python3.8/site-packages/airflow/example_dags/example_complex.py
[2025-01-30T00:16:59.558+0000] {processor.py:840} INFO - DAG(s) 'example_complex' retrieved from /home/airflow/.local/lib/python3.8/site-packages/airflow/example_dags/example_complex.py
[2025-01-30T00:16:59.597+0000] {logging_mixin.py:188} INFO - [2025-01-30T00:16:59.597+0000] {dag.py:3036} INFO - Sync 1 DAGs
[2025-01-30T00:16:59.618+0000] {logging_mixin.py:188} INFO - [2025-01-30T00:16:59.618+0000] {dag.py:3823} INFO - Setting next_dagrun for example_complex to None, run_after=None
[2025-01-30T00:16:59.645+0000] {processor.py:183} INFO - Processing /home/airflow/.local/lib/python3.8/site-packages/airflow/example_dags/example_complex.py took 0.108 seconds
[2025-01-30T00:17:30.370+0000] {processor.py:161} INFO - Started process (PID=4879) to work on /home/airflow/.local/lib/python3.8/site-packages/airflow/example_dags/example_complex.py
[2025-01-30T00:17:30.372+0000] {processor.py:830} INFO - Processing file /home/airflow/.local/lib/python3.8/site-packages/airflow/example_dags/example_complex.py for tasks to queue
[2025-01-30T00:17:30.373+0000] {logging_mixin.py:188} INFO - [2025-01-30T00:17:30.372+0000] {dagbag.py:538} INFO - Filling up the DagBag from /home/airflow/.local/lib/python3.8/site-packages/airflow/example_dags/example_complex.py
[2025-01-30T00:17:30.392+0000] {processor.py:840} INFO - DAG(s) 'example_complex' retrieved from /home/airflow/.local/lib/python3.8/site-packages/airflow/example_dags/example_complex.py
[2025-01-30T00:17:30.433+0000] {logging_mixin.py:188} INFO - [2025-01-30T00:17:30.432+0000] {dag.py:3036} INFO - Sync 1 DAGs
[2025-01-30T00:17:30.451+0000] {logging_mixin.py:188} INFO - [2025-01-30T00:17:30.451+0000] {dag.py:3823} INFO - Setting next_dagrun for example_complex to None, run_after=None
[2025-01-30T00:17:30.483+0000] {processor.py:183} INFO - Processing /home/airflow/.local/lib/python3.8/site-packages/airflow/example_dags/example_complex.py took 0.116 seconds
[2025-01-30T00:18:01.099+0000] {processor.py:161} INFO - Started process (PID=4935) to work on /home/airflow/.local/lib/python3.8/site-packages/airflow/example_dags/example_complex.py
[2025-01-30T00:18:01.104+0000] {processor.py:830} INFO - Processing file /home/airflow/.local/lib/python3.8/site-packages/airflow/example_dags/example_complex.py for tasks to queue
[2025-01-30T00:18:01.111+0000] {logging_mixin.py:188} INFO - [2025-01-30T00:18:01.110+0000] {dagbag.py:538} INFO - Filling up the DagBag from /home/airflow/.local/lib/python3.8/site-packages/airflow/example_dags/example_complex.py
[2025-01-30T00:18:01.145+0000] {processor.py:840} INFO - DAG(s) 'example_complex' retrieved from /home/airflow/.local/lib/python3.8/site-packages/airflow/example_dags/example_complex.py
[2025-01-30T00:18:01.322+0000] {logging_mixin.py:188} INFO - [2025-01-30T00:18:01.321+0000] {dag.py:3036} INFO - Sync 1 DAGs
[2025-01-30T00:18:01.468+0000] {logging_mixin.py:188} INFO - [2025-01-30T00:18:01.467+0000] {dag.py:3823} INFO - Setting next_dagrun for example_complex to None, run_after=None
[2025-01-30T00:18:01.597+0000] {processor.py:183} INFO - Processing /home/airflow/.local/lib/python3.8/site-packages/airflow/example_dags/example_complex.py took 0.502 seconds
[2025-01-30T00:18:31.889+0000] {processor.py:161} INFO - Started process (PID=4990) to work on /home/airflow/.local/lib/python3.8/site-packages/airflow/example_dags/example_complex.py
[2025-01-30T00:18:31.891+0000] {processor.py:830} INFO - Processing file /home/airflow/.local/lib/python3.8/site-packages/airflow/example_dags/example_complex.py for tasks to queue
[2025-01-30T00:18:31.894+0000] {logging_mixin.py:188} INFO - [2025-01-30T00:18:31.892+0000] {dagbag.py:538} INFO - Filling up the DagBag from /home/airflow/.local/lib/python3.8/site-packages/airflow/example_dags/example_complex.py
[2025-01-30T00:18:31.920+0000] {processor.py:840} INFO - DAG(s) 'example_complex' retrieved from /home/airflow/.local/lib/python3.8/site-packages/airflow/example_dags/example_complex.py
[2025-01-30T00:18:31.990+0000] {logging_mixin.py:188} INFO - [2025-01-30T00:18:31.989+0000] {dag.py:3036} INFO - Sync 1 DAGs
[2025-01-30T00:18:32.019+0000] {logging_mixin.py:188} INFO - [2025-01-30T00:18:32.019+0000] {dag.py:3823} INFO - Setting next_dagrun for example_complex to None, run_after=None
[2025-01-30T00:18:32.060+0000] {processor.py:183} INFO - Processing /home/airflow/.local/lib/python3.8/site-packages/airflow/example_dags/example_complex.py took 0.176 seconds
[2025-01-30T00:19:02.245+0000] {processor.py:161} INFO - Started process (PID=5046) to work on /home/airflow/.local/lib/python3.8/site-packages/airflow/example_dags/example_complex.py
[2025-01-30T00:19:02.246+0000] {processor.py:830} INFO - Processing file /home/airflow/.local/lib/python3.8/site-packages/airflow/example_dags/example_complex.py for tasks to queue
[2025-01-30T00:19:02.248+0000] {logging_mixin.py:188} INFO - [2025-01-30T00:19:02.248+0000] {dagbag.py:538} INFO - Filling up the DagBag from /home/airflow/.local/lib/python3.8/site-packages/airflow/example_dags/example_complex.py
[2025-01-30T00:19:02.268+0000] {processor.py:840} INFO - DAG(s) 'example_complex' retrieved from /home/airflow/.local/lib/python3.8/site-packages/airflow/example_dags/example_complex.py
[2025-01-30T00:19:02.315+0000] {logging_mixin.py:188} INFO - [2025-01-30T00:19:02.314+0000] {dag.py:3036} INFO - Sync 1 DAGs
[2025-01-30T00:19:02.338+0000] {logging_mixin.py:188} INFO - [2025-01-30T00:19:02.337+0000] {dag.py:3823} INFO - Setting next_dagrun for example_complex to None, run_after=None
[2025-01-30T00:19:02.372+0000] {processor.py:183} INFO - Processing /home/airflow/.local/lib/python3.8/site-packages/airflow/example_dags/example_complex.py took 0.130 seconds
[2025-01-30T00:19:32.515+0000] {processor.py:161} INFO - Started process (PID=5102) to work on /home/airflow/.local/lib/python3.8/site-packages/airflow/example_dags/example_complex.py
[2025-01-30T00:19:32.517+0000] {processor.py:830} INFO - Processing file /home/airflow/.local/lib/python3.8/site-packages/airflow/example_dags/example_complex.py for tasks to queue
[2025-01-30T00:19:32.518+0000] {logging_mixin.py:188} INFO - [2025-01-30T00:19:32.518+0000] {dagbag.py:538} INFO - Filling up the DagBag from /home/airflow/.local/lib/python3.8/site-packages/airflow/example_dags/example_complex.py
[2025-01-30T00:19:32.545+0000] {processor.py:840} INFO - DAG(s) 'example_complex' retrieved from /home/airflow/.local/lib/python3.8/site-packages/airflow/example_dags/example_complex.py
[2025-01-30T00:19:32.597+0000] {logging_mixin.py:188} INFO - [2025-01-30T00:19:32.597+0000] {dag.py:3036} INFO - Sync 1 DAGs
[2025-01-30T00:19:32.630+0000] {logging_mixin.py:188} INFO - [2025-01-30T00:19:32.629+0000] {dag.py:3823} INFO - Setting next_dagrun for example_complex to None, run_after=None
[2025-01-30T00:19:32.680+0000] {processor.py:183} INFO - Processing /home/airflow/.local/lib/python3.8/site-packages/airflow/example_dags/example_complex.py took 0.169 seconds
[2025-01-30T00:20:03.090+0000] {processor.py:161} INFO - Started process (PID=5158) to work on /home/airflow/.local/lib/python3.8/site-packages/airflow/example_dags/example_complex.py
[2025-01-30T00:20:03.092+0000] {processor.py:830} INFO - Processing file /home/airflow/.local/lib/python3.8/site-packages/airflow/example_dags/example_complex.py for tasks to queue
[2025-01-30T00:20:03.096+0000] {logging_mixin.py:188} INFO - [2025-01-30T00:20:03.095+0000] {dagbag.py:538} INFO - Filling up the DagBag from /home/airflow/.local/lib/python3.8/site-packages/airflow/example_dags/example_complex.py
[2025-01-30T00:20:03.136+0000] {processor.py:840} INFO - DAG(s) 'example_complex' retrieved from /home/airflow/.local/lib/python3.8/site-packages/airflow/example_dags/example_complex.py
[2025-01-30T00:20:03.231+0000] {logging_mixin.py:188} INFO - [2025-01-30T00:20:03.231+0000] {dag.py:3036} INFO - Sync 1 DAGs
[2025-01-30T00:20:03.269+0000] {logging_mixin.py:188} INFO - [2025-01-30T00:20:03.268+0000] {dag.py:3823} INFO - Setting next_dagrun for example_complex to None, run_after=None
[2025-01-30T00:20:03.320+0000] {processor.py:183} INFO - Processing /home/airflow/.local/lib/python3.8/site-packages/airflow/example_dags/example_complex.py took 0.243 seconds
[2025-01-30T00:20:33.654+0000] {processor.py:161} INFO - Started process (PID=5213) to work on /home/airflow/.local/lib/python3.8/site-packages/airflow/example_dags/example_complex.py
[2025-01-30T00:20:33.656+0000] {processor.py:830} INFO - Processing file /home/airflow/.local/lib/python3.8/site-packages/airflow/example_dags/example_complex.py for tasks to queue
[2025-01-30T00:20:33.657+0000] {logging_mixin.py:188} INFO - [2025-01-30T00:20:33.657+0000] {dagbag.py:538} INFO - Filling up the DagBag from /home/airflow/.local/lib/python3.8/site-packages/airflow/example_dags/example_complex.py
[2025-01-30T00:20:33.682+0000] {processor.py:840} INFO - DAG(s) 'example_complex' retrieved from /home/airflow/.local/lib/python3.8/site-packages/airflow/example_dags/example_complex.py
[2025-01-30T00:20:33.739+0000] {logging_mixin.py:188} INFO - [2025-01-30T00:20:33.739+0000] {dag.py:3036} INFO - Sync 1 DAGs
[2025-01-30T00:20:33.764+0000] {logging_mixin.py:188} INFO - [2025-01-30T00:20:33.763+0000] {dag.py:3823} INFO - Setting next_dagrun for example_complex to None, run_after=None
[2025-01-30T00:20:33.798+0000] {processor.py:183} INFO - Processing /home/airflow/.local/lib/python3.8/site-packages/airflow/example_dags/example_complex.py took 0.149 seconds
[2025-01-30T00:21:05.432+0000] {processor.py:161} INFO - Started process (PID=5269) to work on /home/airflow/.local/lib/python3.8/site-packages/airflow/example_dags/example_complex.py
[2025-01-30T00:21:05.438+0000] {processor.py:830} INFO - Processing file /home/airflow/.local/lib/python3.8/site-packages/airflow/example_dags/example_complex.py for tasks to queue
[2025-01-30T00:21:05.445+0000] {logging_mixin.py:188} INFO - [2025-01-30T00:21:05.444+0000] {dagbag.py:538} INFO - Filling up the DagBag from /home/airflow/.local/lib/python3.8/site-packages/airflow/example_dags/example_complex.py
[2025-01-30T00:21:05.505+0000] {processor.py:840} INFO - DAG(s) 'example_complex' retrieved from /home/airflow/.local/lib/python3.8/site-packages/airflow/example_dags/example_complex.py
[2025-01-30T00:21:05.807+0000] {logging_mixin.py:188} INFO - [2025-01-30T00:21:05.806+0000] {dag.py:3036} INFO - Sync 1 DAGs
[2025-01-30T00:21:05.938+0000] {logging_mixin.py:188} INFO - [2025-01-30T00:21:05.937+0000] {dag.py:3823} INFO - Setting next_dagrun for example_complex to None, run_after=None
[2025-01-30T00:21:06.033+0000] {processor.py:183} INFO - Processing /home/airflow/.local/lib/python3.8/site-packages/airflow/example_dags/example_complex.py took 0.607 seconds
[2025-01-30T00:21:36.801+0000] {processor.py:161} INFO - Started process (PID=5325) to work on /home/airflow/.local/lib/python3.8/site-packages/airflow/example_dags/example_complex.py
[2025-01-30T00:21:36.804+0000] {processor.py:830} INFO - Processing file /home/airflow/.local/lib/python3.8/site-packages/airflow/example_dags/example_complex.py for tasks to queue
[2025-01-30T00:21:36.805+0000] {logging_mixin.py:188} INFO - [2025-01-30T00:21:36.805+0000] {dagbag.py:538} INFO - Filling up the DagBag from /home/airflow/.local/lib/python3.8/site-packages/airflow/example_dags/example_complex.py
[2025-01-30T00:21:36.827+0000] {processor.py:840} INFO - DAG(s) 'example_complex' retrieved from /home/airflow/.local/lib/python3.8/site-packages/airflow/example_dags/example_complex.py
[2025-01-30T00:21:36.909+0000] {logging_mixin.py:188} INFO - [2025-01-30T00:21:36.908+0000] {dag.py:3036} INFO - Sync 1 DAGs
[2025-01-30T00:21:36.939+0000] {logging_mixin.py:188} INFO - [2025-01-30T00:21:36.938+0000] {dag.py:3823} INFO - Setting next_dagrun for example_complex to None, run_after=None
[2025-01-30T00:21:36.986+0000] {processor.py:183} INFO - Processing /home/airflow/.local/lib/python3.8/site-packages/airflow/example_dags/example_complex.py took 0.193 seconds
[2025-01-30T00:22:08.881+0000] {processor.py:161} INFO - Started process (PID=5381) to work on /home/airflow/.local/lib/python3.8/site-packages/airflow/example_dags/example_complex.py
[2025-01-30T00:22:08.893+0000] {processor.py:830} INFO - Processing file /home/airflow/.local/lib/python3.8/site-packages/airflow/example_dags/example_complex.py for tasks to queue
[2025-01-30T00:22:08.897+0000] {logging_mixin.py:188} INFO - [2025-01-30T00:22:08.895+0000] {dagbag.py:538} INFO - Filling up the DagBag from /home/airflow/.local/lib/python3.8/site-packages/airflow/example_dags/example_complex.py
[2025-01-30T00:22:08.975+0000] {processor.py:840} INFO - DAG(s) 'example_complex' retrieved from /home/airflow/.local/lib/python3.8/site-packages/airflow/example_dags/example_complex.py
[2025-01-30T00:22:09.106+0000] {logging_mixin.py:188} INFO - [2025-01-30T00:22:09.105+0000] {dag.py:3036} INFO - Sync 1 DAGs
[2025-01-30T00:22:09.178+0000] {logging_mixin.py:188} INFO - [2025-01-30T00:22:09.176+0000] {dag.py:3823} INFO - Setting next_dagrun for example_complex to None, run_after=None
[2025-01-30T00:22:09.290+0000] {processor.py:183} INFO - Processing /home/airflow/.local/lib/python3.8/site-packages/airflow/example_dags/example_complex.py took 0.427 seconds
[2025-01-30T00:22:39.941+0000] {processor.py:161} INFO - Started process (PID=5437) to work on /home/airflow/.local/lib/python3.8/site-packages/airflow/example_dags/example_complex.py
[2025-01-30T00:22:39.949+0000] {processor.py:830} INFO - Processing file /home/airflow/.local/lib/python3.8/site-packages/airflow/example_dags/example_complex.py for tasks to queue
[2025-01-30T00:22:39.954+0000] {logging_mixin.py:188} INFO - [2025-01-30T00:22:39.953+0000] {dagbag.py:538} INFO - Filling up the DagBag from /home/airflow/.local/lib/python3.8/site-packages/airflow/example_dags/example_complex.py
[2025-01-30T00:22:39.999+0000] {processor.py:840} INFO - DAG(s) 'example_complex' retrieved from /home/airflow/.local/lib/python3.8/site-packages/airflow/example_dags/example_complex.py
[2025-01-30T00:22:40.111+0000] {logging_mixin.py:188} INFO - [2025-01-30T00:22:40.111+0000] {dag.py:3036} INFO - Sync 1 DAGs
[2025-01-30T00:22:40.163+0000] {logging_mixin.py:188} INFO - [2025-01-30T00:22:40.162+0000] {dag.py:3823} INFO - Setting next_dagrun for example_complex to None, run_after=None
[2025-01-30T00:22:40.233+0000] {processor.py:183} INFO - Processing /home/airflow/.local/lib/python3.8/site-packages/airflow/example_dags/example_complex.py took 0.300 seconds
[2025-01-30T00:23:10.833+0000] {processor.py:161} INFO - Started process (PID=5494) to work on /home/airflow/.local/lib/python3.8/site-packages/airflow/example_dags/example_complex.py
[2025-01-30T00:23:10.835+0000] {processor.py:830} INFO - Processing file /home/airflow/.local/lib/python3.8/site-packages/airflow/example_dags/example_complex.py for tasks to queue
[2025-01-30T00:23:10.841+0000] {logging_mixin.py:188} INFO - [2025-01-30T00:23:10.836+0000] {dagbag.py:538} INFO - Filling up the DagBag from /home/airflow/.local/lib/python3.8/site-packages/airflow/example_dags/example_complex.py
[2025-01-30T00:23:10.882+0000] {processor.py:840} INFO - DAG(s) 'example_complex' retrieved from /home/airflow/.local/lib/python3.8/site-packages/airflow/example_dags/example_complex.py
[2025-01-30T00:23:10.978+0000] {logging_mixin.py:188} INFO - [2025-01-30T00:23:10.977+0000] {dag.py:3036} INFO - Sync 1 DAGs
[2025-01-30T00:23:11.016+0000] {logging_mixin.py:188} INFO - [2025-01-30T00:23:11.016+0000] {dag.py:3823} INFO - Setting next_dagrun for example_complex to None, run_after=None
[2025-01-30T00:23:11.073+0000] {processor.py:183} INFO - Processing /home/airflow/.local/lib/python3.8/site-packages/airflow/example_dags/example_complex.py took 0.248 seconds
[2025-01-30T00:23:45.709+0000] {processor.py:161} INFO - Started process (PID=5555) to work on /home/airflow/.local/lib/python3.8/site-packages/airflow/example_dags/example_complex.py
[2025-01-30T00:23:45.757+0000] {processor.py:830} INFO - Processing file /home/airflow/.local/lib/python3.8/site-packages/airflow/example_dags/example_complex.py for tasks to queue
[2025-01-30T00:23:45.763+0000] {logging_mixin.py:188} INFO - [2025-01-30T00:23:45.762+0000] {dagbag.py:538} INFO - Filling up the DagBag from /home/airflow/.local/lib/python3.8/site-packages/airflow/example_dags/example_complex.py
[2025-01-30T00:23:45.856+0000] {processor.py:840} INFO - DAG(s) 'example_complex' retrieved from /home/airflow/.local/lib/python3.8/site-packages/airflow/example_dags/example_complex.py
[2025-01-30T00:23:46.008+0000] {logging_mixin.py:188} INFO - [2025-01-30T00:23:46.007+0000] {dag.py:3036} INFO - Sync 1 DAGs
[2025-01-30T00:23:46.077+0000] {logging_mixin.py:188} INFO - [2025-01-30T00:23:46.076+0000] {dag.py:3823} INFO - Setting next_dagrun for example_complex to None, run_after=None
[2025-01-30T00:23:46.140+0000] {processor.py:183} INFO - Processing /home/airflow/.local/lib/python3.8/site-packages/airflow/example_dags/example_complex.py took 0.441 seconds
[2025-01-30T00:24:17.447+0000] {processor.py:161} INFO - Started process (PID=5611) to work on /home/airflow/.local/lib/python3.8/site-packages/airflow/example_dags/example_complex.py
[2025-01-30T00:24:17.451+0000] {processor.py:830} INFO - Processing file /home/airflow/.local/lib/python3.8/site-packages/airflow/example_dags/example_complex.py for tasks to queue
[2025-01-30T00:24:17.456+0000] {logging_mixin.py:188} INFO - [2025-01-30T00:24:17.455+0000] {dagbag.py:538} INFO - Filling up the DagBag from /home/airflow/.local/lib/python3.8/site-packages/airflow/example_dags/example_complex.py
[2025-01-30T00:24:17.524+0000] {processor.py:840} INFO - DAG(s) 'example_complex' retrieved from /home/airflow/.local/lib/python3.8/site-packages/airflow/example_dags/example_complex.py
[2025-01-30T00:24:17.753+0000] {logging_mixin.py:188} INFO - [2025-01-30T00:24:17.744+0000] {dag.py:3036} INFO - Sync 1 DAGs
[2025-01-30T00:24:17.833+0000] {logging_mixin.py:188} INFO - [2025-01-30T00:24:17.832+0000] {dag.py:3823} INFO - Setting next_dagrun for example_complex to None, run_after=None
[2025-01-30T00:24:17.925+0000] {processor.py:183} INFO - Processing /home/airflow/.local/lib/python3.8/site-packages/airflow/example_dags/example_complex.py took 0.488 seconds
[2025-01-30T00:24:48.198+0000] {processor.py:161} INFO - Started process (PID=5665) to work on /home/airflow/.local/lib/python3.8/site-packages/airflow/example_dags/example_complex.py
[2025-01-30T00:24:48.200+0000] {processor.py:830} INFO - Processing file /home/airflow/.local/lib/python3.8/site-packages/airflow/example_dags/example_complex.py for tasks to queue
[2025-01-30T00:24:48.203+0000] {logging_mixin.py:188} INFO - [2025-01-30T00:24:48.202+0000] {dagbag.py:538} INFO - Filling up the DagBag from /home/airflow/.local/lib/python3.8/site-packages/airflow/example_dags/example_complex.py
[2025-01-30T00:24:48.227+0000] {processor.py:840} INFO - DAG(s) 'example_complex' retrieved from /home/airflow/.local/lib/python3.8/site-packages/airflow/example_dags/example_complex.py
[2025-01-30T00:24:48.299+0000] {logging_mixin.py:188} INFO - [2025-01-30T00:24:48.299+0000] {dag.py:3036} INFO - Sync 1 DAGs
[2025-01-30T00:24:48.325+0000] {logging_mixin.py:188} INFO - [2025-01-30T00:24:48.325+0000] {dag.py:3823} INFO - Setting next_dagrun for example_complex to None, run_after=None
[2025-01-30T00:24:48.370+0000] {processor.py:183} INFO - Processing /home/airflow/.local/lib/python3.8/site-packages/airflow/example_dags/example_complex.py took 0.177 seconds
[2025-01-30T00:25:18.871+0000] {processor.py:161} INFO - Started process (PID=5721) to work on /home/airflow/.local/lib/python3.8/site-packages/airflow/example_dags/example_complex.py
[2025-01-30T00:25:18.875+0000] {processor.py:830} INFO - Processing file /home/airflow/.local/lib/python3.8/site-packages/airflow/example_dags/example_complex.py for tasks to queue
[2025-01-30T00:25:18.878+0000] {logging_mixin.py:188} INFO - [2025-01-30T00:25:18.877+0000] {dagbag.py:538} INFO - Filling up the DagBag from /home/airflow/.local/lib/python3.8/site-packages/airflow/example_dags/example_complex.py
[2025-01-30T00:25:18.927+0000] {processor.py:840} INFO - DAG(s) 'example_complex' retrieved from /home/airflow/.local/lib/python3.8/site-packages/airflow/example_dags/example_complex.py
[2025-01-30T00:25:19.071+0000] {logging_mixin.py:188} INFO - [2025-01-30T00:25:19.071+0000] {dag.py:3036} INFO - Sync 1 DAGs
[2025-01-30T00:25:19.132+0000] {logging_mixin.py:188} INFO - [2025-01-30T00:25:19.131+0000] {dag.py:3823} INFO - Setting next_dagrun for example_complex to None, run_after=None
[2025-01-30T00:25:19.203+0000] {processor.py:183} INFO - Processing /home/airflow/.local/lib/python3.8/site-packages/airflow/example_dags/example_complex.py took 0.345 seconds
[2025-01-30T00:25:50.472+0000] {processor.py:161} INFO - Started process (PID=5779) to work on /home/airflow/.local/lib/python3.8/site-packages/airflow/example_dags/example_complex.py
[2025-01-30T00:25:50.474+0000] {processor.py:830} INFO - Processing file /home/airflow/.local/lib/python3.8/site-packages/airflow/example_dags/example_complex.py for tasks to queue
[2025-01-30T00:25:50.475+0000] {logging_mixin.py:188} INFO - [2025-01-30T00:25:50.475+0000] {dagbag.py:538} INFO - Filling up the DagBag from /home/airflow/.local/lib/python3.8/site-packages/airflow/example_dags/example_complex.py
[2025-01-30T00:25:50.499+0000] {processor.py:840} INFO - DAG(s) 'example_complex' retrieved from /home/airflow/.local/lib/python3.8/site-packages/airflow/example_dags/example_complex.py
[2025-01-30T00:25:50.553+0000] {logging_mixin.py:188} INFO - [2025-01-30T00:25:50.552+0000] {dag.py:3036} INFO - Sync 1 DAGs
[2025-01-30T00:25:50.580+0000] {logging_mixin.py:188} INFO - [2025-01-30T00:25:50.580+0000] {dag.py:3823} INFO - Setting next_dagrun for example_complex to None, run_after=None
[2025-01-30T00:25:50.620+0000] {processor.py:183} INFO - Processing /home/airflow/.local/lib/python3.8/site-packages/airflow/example_dags/example_complex.py took 0.153 seconds
[2025-01-30T00:26:21.055+0000] {processor.py:161} INFO - Started process (PID=5835) to work on /home/airflow/.local/lib/python3.8/site-packages/airflow/example_dags/example_complex.py
[2025-01-30T00:26:21.057+0000] {processor.py:830} INFO - Processing file /home/airflow/.local/lib/python3.8/site-packages/airflow/example_dags/example_complex.py for tasks to queue
[2025-01-30T00:26:21.060+0000] {logging_mixin.py:188} INFO - [2025-01-30T00:26:21.059+0000] {dagbag.py:538} INFO - Filling up the DagBag from /home/airflow/.local/lib/python3.8/site-packages/airflow/example_dags/example_complex.py
[2025-01-30T00:26:21.104+0000] {processor.py:840} INFO - DAG(s) 'example_complex' retrieved from /home/airflow/.local/lib/python3.8/site-packages/airflow/example_dags/example_complex.py
[2025-01-30T00:26:21.186+0000] {logging_mixin.py:188} INFO - [2025-01-30T00:26:21.186+0000] {dag.py:3036} INFO - Sync 1 DAGs
[2025-01-30T00:26:21.231+0000] {logging_mixin.py:188} INFO - [2025-01-30T00:26:21.231+0000] {dag.py:3823} INFO - Setting next_dagrun for example_complex to None, run_after=None
[2025-01-30T00:26:21.281+0000] {processor.py:183} INFO - Processing /home/airflow/.local/lib/python3.8/site-packages/airflow/example_dags/example_complex.py took 0.232 seconds
[2025-01-30T00:26:52.713+0000] {processor.py:161} INFO - Started process (PID=5890) to work on /home/airflow/.local/lib/python3.8/site-packages/airflow/example_dags/example_complex.py
[2025-01-30T00:26:52.717+0000] {processor.py:830} INFO - Processing file /home/airflow/.local/lib/python3.8/site-packages/airflow/example_dags/example_complex.py for tasks to queue
[2025-01-30T00:26:52.736+0000] {logging_mixin.py:188} INFO - [2025-01-30T00:26:52.735+0000] {dagbag.py:538} INFO - Filling up the DagBag from /home/airflow/.local/lib/python3.8/site-packages/airflow/example_dags/example_complex.py
[2025-01-30T00:26:52.794+0000] {processor.py:840} INFO - DAG(s) 'example_complex' retrieved from /home/airflow/.local/lib/python3.8/site-packages/airflow/example_dags/example_complex.py
[2025-01-30T00:26:52.933+0000] {logging_mixin.py:188} INFO - [2025-01-30T00:26:52.933+0000] {dag.py:3036} INFO - Sync 1 DAGs
[2025-01-30T00:26:52.987+0000] {logging_mixin.py:188} INFO - [2025-01-30T00:26:52.986+0000] {dag.py:3823} INFO - Setting next_dagrun for example_complex to None, run_after=None
[2025-01-30T00:26:53.086+0000] {processor.py:183} INFO - Processing /home/airflow/.local/lib/python3.8/site-packages/airflow/example_dags/example_complex.py took 0.386 seconds
[2025-01-30T00:27:23.528+0000] {processor.py:161} INFO - Started process (PID=5946) to work on /home/airflow/.local/lib/python3.8/site-packages/airflow/example_dags/example_complex.py
[2025-01-30T00:27:23.532+0000] {processor.py:830} INFO - Processing file /home/airflow/.local/lib/python3.8/site-packages/airflow/example_dags/example_complex.py for tasks to queue
[2025-01-30T00:27:23.537+0000] {logging_mixin.py:188} INFO - [2025-01-30T00:27:23.536+0000] {dagbag.py:538} INFO - Filling up the DagBag from /home/airflow/.local/lib/python3.8/site-packages/airflow/example_dags/example_complex.py
[2025-01-30T00:27:23.574+0000] {processor.py:840} INFO - DAG(s) 'example_complex' retrieved from /home/airflow/.local/lib/python3.8/site-packages/airflow/example_dags/example_complex.py
[2025-01-30T00:27:23.676+0000] {logging_mixin.py:188} INFO - [2025-01-30T00:27:23.676+0000] {dag.py:3036} INFO - Sync 1 DAGs
[2025-01-30T00:27:23.716+0000] {logging_mixin.py:188} INFO - [2025-01-30T00:27:23.715+0000] {dag.py:3823} INFO - Setting next_dagrun for example_complex to None, run_after=None
[2025-01-30T00:27:23.771+0000] {processor.py:183} INFO - Processing /home/airflow/.local/lib/python3.8/site-packages/airflow/example_dags/example_complex.py took 0.253 seconds
[2025-01-30T00:27:54.337+0000] {processor.py:161} INFO - Started process (PID=6002) to work on /home/airflow/.local/lib/python3.8/site-packages/airflow/example_dags/example_complex.py
[2025-01-30T00:27:54.339+0000] {processor.py:830} INFO - Processing file /home/airflow/.local/lib/python3.8/site-packages/airflow/example_dags/example_complex.py for tasks to queue
[2025-01-30T00:27:54.341+0000] {logging_mixin.py:188} INFO - [2025-01-30T00:27:54.340+0000] {dagbag.py:538} INFO - Filling up the DagBag from /home/airflow/.local/lib/python3.8/site-packages/airflow/example_dags/example_complex.py
[2025-01-30T00:27:54.374+0000] {processor.py:840} INFO - DAG(s) 'example_complex' retrieved from /home/airflow/.local/lib/python3.8/site-packages/airflow/example_dags/example_complex.py
[2025-01-30T00:27:54.458+0000] {logging_mixin.py:188} INFO - [2025-01-30T00:27:54.458+0000] {dag.py:3036} INFO - Sync 1 DAGs
[2025-01-30T00:27:54.486+0000] {logging_mixin.py:188} INFO - [2025-01-30T00:27:54.486+0000] {dag.py:3823} INFO - Setting next_dagrun for example_complex to None, run_after=None
[2025-01-30T00:27:54.554+0000] {processor.py:183} INFO - Processing /home/airflow/.local/lib/python3.8/site-packages/airflow/example_dags/example_complex.py took 0.228 seconds
[2025-01-30T00:28:24.675+0000] {processor.py:161} INFO - Started process (PID=6056) to work on /home/airflow/.local/lib/python3.8/site-packages/airflow/example_dags/example_complex.py
[2025-01-30T00:28:24.676+0000] {processor.py:830} INFO - Processing file /home/airflow/.local/lib/python3.8/site-packages/airflow/example_dags/example_complex.py for tasks to queue
[2025-01-30T00:28:24.678+0000] {logging_mixin.py:188} INFO - [2025-01-30T00:28:24.678+0000] {dagbag.py:538} INFO - Filling up the DagBag from /home/airflow/.local/lib/python3.8/site-packages/airflow/example_dags/example_complex.py
[2025-01-30T00:28:24.711+0000] {processor.py:840} INFO - DAG(s) 'example_complex' retrieved from /home/airflow/.local/lib/python3.8/site-packages/airflow/example_dags/example_complex.py
[2025-01-30T00:28:24.786+0000] {logging_mixin.py:188} INFO - [2025-01-30T00:28:24.785+0000] {dag.py:3036} INFO - Sync 1 DAGs
[2025-01-30T00:28:24.809+0000] {logging_mixin.py:188} INFO - [2025-01-30T00:28:24.808+0000] {dag.py:3823} INFO - Setting next_dagrun for example_complex to None, run_after=None
[2025-01-30T00:28:24.845+0000] {processor.py:183} INFO - Processing /home/airflow/.local/lib/python3.8/site-packages/airflow/example_dags/example_complex.py took 0.179 seconds
[2025-01-30T00:28:57.738+0000] {processor.py:161} INFO - Started process (PID=6108) to work on /home/airflow/.local/lib/python3.8/site-packages/airflow/example_dags/example_complex.py
[2025-01-30T00:28:57.740+0000] {processor.py:830} INFO - Processing file /home/airflow/.local/lib/python3.8/site-packages/airflow/example_dags/example_complex.py for tasks to queue
[2025-01-30T00:28:57.745+0000] {logging_mixin.py:188} INFO - [2025-01-30T00:28:57.742+0000] {dagbag.py:538} INFO - Filling up the DagBag from /home/airflow/.local/lib/python3.8/site-packages/airflow/example_dags/example_complex.py
[2025-01-30T00:28:57.785+0000] {processor.py:840} INFO - DAG(s) 'example_complex' retrieved from /home/airflow/.local/lib/python3.8/site-packages/airflow/example_dags/example_complex.py
[2025-01-30T00:28:57.915+0000] {logging_mixin.py:188} INFO - [2025-01-30T00:28:57.914+0000] {dag.py:3036} INFO - Sync 1 DAGs
[2025-01-30T00:28:57.959+0000] {logging_mixin.py:188} INFO - [2025-01-30T00:28:57.959+0000] {dag.py:3823} INFO - Setting next_dagrun for example_complex to None, run_after=None
[2025-01-30T00:28:58.039+0000] {processor.py:183} INFO - Processing /home/airflow/.local/lib/python3.8/site-packages/airflow/example_dags/example_complex.py took 0.316 seconds
[2025-01-30T00:29:28.757+0000] {processor.py:161} INFO - Started process (PID=6163) to work on /home/airflow/.local/lib/python3.8/site-packages/airflow/example_dags/example_complex.py
[2025-01-30T00:29:28.759+0000] {processor.py:830} INFO - Processing file /home/airflow/.local/lib/python3.8/site-packages/airflow/example_dags/example_complex.py for tasks to queue
[2025-01-30T00:29:28.771+0000] {logging_mixin.py:188} INFO - [2025-01-30T00:29:28.770+0000] {dagbag.py:538} INFO - Filling up the DagBag from /home/airflow/.local/lib/python3.8/site-packages/airflow/example_dags/example_complex.py
[2025-01-30T00:29:28.818+0000] {processor.py:840} INFO - DAG(s) 'example_complex' retrieved from /home/airflow/.local/lib/python3.8/site-packages/airflow/example_dags/example_complex.py
[2025-01-30T00:29:28.944+0000] {logging_mixin.py:188} INFO - [2025-01-30T00:29:28.943+0000] {dag.py:3036} INFO - Sync 1 DAGs
[2025-01-30T00:29:29.000+0000] {logging_mixin.py:188} INFO - [2025-01-30T00:29:28.999+0000] {dag.py:3823} INFO - Setting next_dagrun for example_complex to None, run_after=None
[2025-01-30T00:29:29.131+0000] {processor.py:183} INFO - Processing /home/airflow/.local/lib/python3.8/site-packages/airflow/example_dags/example_complex.py took 0.381 seconds
[2025-01-30T00:29:59.828+0000] {processor.py:161} INFO - Started process (PID=6219) to work on /home/airflow/.local/lib/python3.8/site-packages/airflow/example_dags/example_complex.py
[2025-01-30T00:29:59.832+0000] {processor.py:830} INFO - Processing file /home/airflow/.local/lib/python3.8/site-packages/airflow/example_dags/example_complex.py for tasks to queue
[2025-01-30T00:29:59.839+0000] {logging_mixin.py:188} INFO - [2025-01-30T00:29:59.834+0000] {dagbag.py:538} INFO - Filling up the DagBag from /home/airflow/.local/lib/python3.8/site-packages/airflow/example_dags/example_complex.py
[2025-01-30T00:29:59.884+0000] {processor.py:840} INFO - DAG(s) 'example_complex' retrieved from /home/airflow/.local/lib/python3.8/site-packages/airflow/example_dags/example_complex.py
[2025-01-30T00:29:59.981+0000] {logging_mixin.py:188} INFO - [2025-01-30T00:29:59.981+0000] {dag.py:3036} INFO - Sync 1 DAGs
[2025-01-30T00:30:00.034+0000] {logging_mixin.py:188} INFO - [2025-01-30T00:30:00.030+0000] {dag.py:3823} INFO - Setting next_dagrun for example_complex to None, run_after=None
[2025-01-30T00:30:00.107+0000] {processor.py:183} INFO - Processing /home/airflow/.local/lib/python3.8/site-packages/airflow/example_dags/example_complex.py took 0.290 seconds
[2025-01-30T00:30:30.720+0000] {processor.py:161} INFO - Started process (PID=6274) to work on /home/airflow/.local/lib/python3.8/site-packages/airflow/example_dags/example_complex.py
[2025-01-30T00:30:30.723+0000] {processor.py:830} INFO - Processing file /home/airflow/.local/lib/python3.8/site-packages/airflow/example_dags/example_complex.py for tasks to queue
[2025-01-30T00:30:30.725+0000] {logging_mixin.py:188} INFO - [2025-01-30T00:30:30.724+0000] {dagbag.py:538} INFO - Filling up the DagBag from /home/airflow/.local/lib/python3.8/site-packages/airflow/example_dags/example_complex.py
[2025-01-30T00:30:30.762+0000] {processor.py:840} INFO - DAG(s) 'example_complex' retrieved from /home/airflow/.local/lib/python3.8/site-packages/airflow/example_dags/example_complex.py
[2025-01-30T00:30:30.946+0000] {logging_mixin.py:188} INFO - [2025-01-30T00:30:30.944+0000] {dag.py:3036} INFO - Sync 1 DAGs
[2025-01-30T00:30:31.046+0000] {logging_mixin.py:188} INFO - [2025-01-30T00:30:31.045+0000] {dag.py:3823} INFO - Setting next_dagrun for example_complex to None, run_after=None
[2025-01-30T00:30:31.179+0000] {processor.py:183} INFO - Processing /home/airflow/.local/lib/python3.8/site-packages/airflow/example_dags/example_complex.py took 0.470 seconds
[2025-01-30T00:31:01.525+0000] {processor.py:161} INFO - Started process (PID=6330) to work on /home/airflow/.local/lib/python3.8/site-packages/airflow/example_dags/example_complex.py
[2025-01-30T00:31:01.529+0000] {processor.py:830} INFO - Processing file /home/airflow/.local/lib/python3.8/site-packages/airflow/example_dags/example_complex.py for tasks to queue
[2025-01-30T00:31:01.532+0000] {logging_mixin.py:188} INFO - [2025-01-30T00:31:01.531+0000] {dagbag.py:538} INFO - Filling up the DagBag from /home/airflow/.local/lib/python3.8/site-packages/airflow/example_dags/example_complex.py
[2025-01-30T00:31:01.580+0000] {processor.py:840} INFO - DAG(s) 'example_complex' retrieved from /home/airflow/.local/lib/python3.8/site-packages/airflow/example_dags/example_complex.py
[2025-01-30T00:31:01.805+0000] {logging_mixin.py:188} INFO - [2025-01-30T00:31:01.804+0000] {dag.py:3036} INFO - Sync 1 DAGs
[2025-01-30T00:31:01.903+0000] {logging_mixin.py:188} INFO - [2025-01-30T00:31:01.902+0000] {dag.py:3823} INFO - Setting next_dagrun for example_complex to None, run_after=None
[2025-01-30T00:31:02.246+0000] {processor.py:183} INFO - Processing /home/airflow/.local/lib/python3.8/site-packages/airflow/example_dags/example_complex.py took 0.731 seconds
[2025-01-30T00:31:35.425+0000] {processor.py:161} INFO - Started process (PID=6386) to work on /home/airflow/.local/lib/python3.8/site-packages/airflow/example_dags/example_complex.py
[2025-01-30T00:31:35.427+0000] {processor.py:830} INFO - Processing file /home/airflow/.local/lib/python3.8/site-packages/airflow/example_dags/example_complex.py for tasks to queue
[2025-01-30T00:31:35.430+0000] {logging_mixin.py:188} INFO - [2025-01-30T00:31:35.429+0000] {dagbag.py:538} INFO - Filling up the DagBag from /home/airflow/.local/lib/python3.8/site-packages/airflow/example_dags/example_complex.py
[2025-01-30T00:31:35.465+0000] {processor.py:840} INFO - DAG(s) 'example_complex' retrieved from /home/airflow/.local/lib/python3.8/site-packages/airflow/example_dags/example_complex.py
[2025-01-30T00:31:35.556+0000] {logging_mixin.py:188} INFO - [2025-01-30T00:31:35.555+0000] {dag.py:3036} INFO - Sync 1 DAGs
[2025-01-30T00:31:35.600+0000] {logging_mixin.py:188} INFO - [2025-01-30T00:31:35.600+0000] {dag.py:3823} INFO - Setting next_dagrun for example_complex to None, run_after=None
[2025-01-30T00:31:35.677+0000] {processor.py:183} INFO - Processing /home/airflow/.local/lib/python3.8/site-packages/airflow/example_dags/example_complex.py took 0.260 seconds
[2025-01-30T00:32:08.112+0000] {processor.py:161} INFO - Started process (PID=6441) to work on /home/airflow/.local/lib/python3.8/site-packages/airflow/example_dags/example_complex.py
[2025-01-30T00:32:08.144+0000] {processor.py:830} INFO - Processing file /home/airflow/.local/lib/python3.8/site-packages/airflow/example_dags/example_complex.py for tasks to queue
[2025-01-30T00:32:08.163+0000] {logging_mixin.py:188} INFO - [2025-01-30T00:32:08.162+0000] {dagbag.py:538} INFO - Filling up the DagBag from /home/airflow/.local/lib/python3.8/site-packages/airflow/example_dags/example_complex.py
[2025-01-30T00:32:08.301+0000] {processor.py:840} INFO - DAG(s) 'example_complex' retrieved from /home/airflow/.local/lib/python3.8/site-packages/airflow/example_dags/example_complex.py
[2025-01-30T00:32:08.466+0000] {logging_mixin.py:188} INFO - [2025-01-30T00:32:08.465+0000] {dag.py:3036} INFO - Sync 1 DAGs
[2025-01-30T00:32:08.518+0000] {logging_mixin.py:188} INFO - [2025-01-30T00:32:08.517+0000] {dag.py:3823} INFO - Setting next_dagrun for example_complex to None, run_after=None
[2025-01-30T00:32:08.605+0000] {processor.py:183} INFO - Processing /home/airflow/.local/lib/python3.8/site-packages/airflow/example_dags/example_complex.py took 0.526 seconds
[2025-01-30T00:32:39.263+0000] {processor.py:161} INFO - Started process (PID=6498) to work on /home/airflow/.local/lib/python3.8/site-packages/airflow/example_dags/example_complex.py
[2025-01-30T00:32:39.270+0000] {processor.py:830} INFO - Processing file /home/airflow/.local/lib/python3.8/site-packages/airflow/example_dags/example_complex.py for tasks to queue
[2025-01-30T00:32:39.279+0000] {logging_mixin.py:188} INFO - [2025-01-30T00:32:39.278+0000] {dagbag.py:538} INFO - Filling up the DagBag from /home/airflow/.local/lib/python3.8/site-packages/airflow/example_dags/example_complex.py
[2025-01-30T00:32:39.376+0000] {processor.py:840} INFO - DAG(s) 'example_complex' retrieved from /home/airflow/.local/lib/python3.8/site-packages/airflow/example_dags/example_complex.py
[2025-01-30T00:32:39.628+0000] {logging_mixin.py:188} INFO - [2025-01-30T00:32:39.627+0000] {dag.py:3036} INFO - Sync 1 DAGs
[2025-01-30T00:32:39.699+0000] {logging_mixin.py:188} INFO - [2025-01-30T00:32:39.697+0000] {dag.py:3823} INFO - Setting next_dagrun for example_complex to None, run_after=None
[2025-01-30T00:32:39.769+0000] {processor.py:183} INFO - Processing /home/airflow/.local/lib/python3.8/site-packages/airflow/example_dags/example_complex.py took 0.532 seconds
[2025-01-30T00:33:10.346+0000] {processor.py:161} INFO - Started process (PID=6554) to work on /home/airflow/.local/lib/python3.8/site-packages/airflow/example_dags/example_complex.py
[2025-01-30T00:33:10.349+0000] {processor.py:830} INFO - Processing file /home/airflow/.local/lib/python3.8/site-packages/airflow/example_dags/example_complex.py for tasks to queue
[2025-01-30T00:33:10.363+0000] {logging_mixin.py:188} INFO - [2025-01-30T00:33:10.362+0000] {dagbag.py:538} INFO - Filling up the DagBag from /home/airflow/.local/lib/python3.8/site-packages/airflow/example_dags/example_complex.py
[2025-01-30T00:33:10.439+0000] {processor.py:840} INFO - DAG(s) 'example_complex' retrieved from /home/airflow/.local/lib/python3.8/site-packages/airflow/example_dags/example_complex.py
[2025-01-30T00:33:10.612+0000] {logging_mixin.py:188} INFO - [2025-01-30T00:33:10.611+0000] {dag.py:3036} INFO - Sync 1 DAGs
[2025-01-30T00:33:10.689+0000] {logging_mixin.py:188} INFO - [2025-01-30T00:33:10.689+0000] {dag.py:3823} INFO - Setting next_dagrun for example_complex to None, run_after=None
[2025-01-30T00:33:10.779+0000] {processor.py:183} INFO - Processing /home/airflow/.local/lib/python3.8/site-packages/airflow/example_dags/example_complex.py took 0.449 seconds
[2025-01-30T00:33:41.135+0000] {processor.py:161} INFO - Started process (PID=6610) to work on /home/airflow/.local/lib/python3.8/site-packages/airflow/example_dags/example_complex.py
[2025-01-30T00:33:41.138+0000] {processor.py:830} INFO - Processing file /home/airflow/.local/lib/python3.8/site-packages/airflow/example_dags/example_complex.py for tasks to queue
[2025-01-30T00:33:41.146+0000] {logging_mixin.py:188} INFO - [2025-01-30T00:33:41.145+0000] {dagbag.py:538} INFO - Filling up the DagBag from /home/airflow/.local/lib/python3.8/site-packages/airflow/example_dags/example_complex.py
[2025-01-30T00:33:41.204+0000] {processor.py:840} INFO - DAG(s) 'example_complex' retrieved from /home/airflow/.local/lib/python3.8/site-packages/airflow/example_dags/example_complex.py
[2025-01-30T00:33:41.337+0000] {logging_mixin.py:188} INFO - [2025-01-30T00:33:41.336+0000] {dag.py:3036} INFO - Sync 1 DAGs
[2025-01-30T00:33:41.395+0000] {logging_mixin.py:188} INFO - [2025-01-30T00:33:41.394+0000] {dag.py:3823} INFO - Setting next_dagrun for example_complex to None, run_after=None
[2025-01-30T00:33:41.485+0000] {processor.py:183} INFO - Processing /home/airflow/.local/lib/python3.8/site-packages/airflow/example_dags/example_complex.py took 0.361 seconds
