[2025-01-29T23:31:24.066+0000] {processor.py:161} INFO - Started process (PID=69) to work on /opt/airflow/dags/spotify_etl_dag.py
[2025-01-29T23:31:24.079+0000] {processor.py:830} INFO - Processing file /opt/airflow/dags/spotify_etl_dag.py for tasks to queue
[2025-01-29T23:31:24.086+0000] {logging_mixin.py:188} INFO - [2025-01-29T23:31:24.085+0000] {dagbag.py:538} INFO - Filling up the DagBag from /opt/airflow/dags/spotify_etl_dag.py
[2025-01-29T23:31:25.036+0000] {processor.py:840} INFO - DAG(s) 'spotify_etl' retrieved from /opt/airflow/dags/spotify_etl_dag.py
[2025-01-29T23:31:25.242+0000] {logging_mixin.py:188} INFO - [2025-01-29T23:31:25.232+0000] {dag.py:3036} INFO - Sync 1 DAGs
[2025-01-29T23:31:25.365+0000] {logging_mixin.py:188} INFO - [2025-01-29T23:31:25.364+0000] {dag.py:3823} INFO - Setting next_dagrun for spotify_etl to 2025-01-29 00:00:00+00:00, run_after=2025-01-30 00:00:00+00:00
[2025-01-29T23:31:25.467+0000] {processor.py:183} INFO - Processing /opt/airflow/dags/spotify_etl_dag.py took 1.413 seconds
[2025-01-29T23:31:56.432+0000] {processor.py:161} INFO - Started process (PID=127) to work on /opt/airflow/dags/spotify_etl_dag.py
[2025-01-29T23:31:56.436+0000] {processor.py:830} INFO - Processing file /opt/airflow/dags/spotify_etl_dag.py for tasks to queue
[2025-01-29T23:31:56.441+0000] {logging_mixin.py:188} INFO - [2025-01-29T23:31:56.440+0000] {dagbag.py:538} INFO - Filling up the DagBag from /opt/airflow/dags/spotify_etl_dag.py
[2025-01-29T23:31:56.829+0000] {processor.py:840} INFO - DAG(s) 'spotify_etl' retrieved from /opt/airflow/dags/spotify_etl_dag.py
[2025-01-29T23:31:56.899+0000] {logging_mixin.py:188} INFO - [2025-01-29T23:31:56.898+0000] {dag.py:3036} INFO - Sync 1 DAGs
[2025-01-29T23:31:57.007+0000] {logging_mixin.py:188} INFO - [2025-01-29T23:31:57.006+0000] {dag.py:3823} INFO - Setting next_dagrun for spotify_etl to 2025-01-29 00:00:00+00:00, run_after=2025-01-30 00:00:00+00:00
[2025-01-29T23:31:57.102+0000] {processor.py:183} INFO - Processing /opt/airflow/dags/spotify_etl_dag.py took 0.677 seconds
[2025-01-29T23:32:27.348+0000] {processor.py:161} INFO - Started process (PID=183) to work on /opt/airflow/dags/spotify_etl_dag.py
[2025-01-29T23:32:27.362+0000] {processor.py:830} INFO - Processing file /opt/airflow/dags/spotify_etl_dag.py for tasks to queue
[2025-01-29T23:32:27.368+0000] {logging_mixin.py:188} INFO - [2025-01-29T23:32:27.367+0000] {dagbag.py:538} INFO - Filling up the DagBag from /opt/airflow/dags/spotify_etl_dag.py
[2025-01-29T23:32:28.525+0000] {processor.py:840} INFO - DAG(s) 'spotify_etl' retrieved from /opt/airflow/dags/spotify_etl_dag.py
[2025-01-29T23:32:29.331+0000] {logging_mixin.py:188} INFO - [2025-01-29T23:32:29.327+0000] {dag.py:3036} INFO - Sync 1 DAGs
[2025-01-29T23:32:30.869+0000] {logging_mixin.py:188} INFO - [2025-01-29T23:32:30.868+0000] {dag.py:3823} INFO - Setting next_dagrun for spotify_etl to 2025-01-29 00:00:00+00:00, run_after=2025-01-30 00:00:00+00:00
[2025-01-29T23:32:31.788+0000] {processor.py:183} INFO - Processing /opt/airflow/dags/spotify_etl_dag.py took 4.481 seconds
[2025-01-29T23:33:09.578+0000] {processor.py:161} INFO - Started process (PID=226) to work on /opt/airflow/dags/spotify_etl_dag.py
[2025-01-29T23:33:09.597+0000] {processor.py:830} INFO - Processing file /opt/airflow/dags/spotify_etl_dag.py for tasks to queue
[2025-01-29T23:33:09.689+0000] {logging_mixin.py:188} INFO - [2025-01-29T23:33:09.688+0000] {dagbag.py:538} INFO - Filling up the DagBag from /opt/airflow/dags/spotify_etl_dag.py
[2025-01-29T23:33:11.931+0000] {processor.py:840} INFO - DAG(s) 'spotify_etl' retrieved from /opt/airflow/dags/spotify_etl_dag.py
[2025-01-29T23:33:12.075+0000] {logging_mixin.py:188} INFO - [2025-01-29T23:33:12.073+0000] {dag.py:3036} INFO - Sync 1 DAGs
[2025-01-29T23:33:12.321+0000] {logging_mixin.py:188} INFO - [2025-01-29T23:33:12.320+0000] {dag.py:3823} INFO - Setting next_dagrun for spotify_etl to 2025-01-29 00:00:00+00:00, run_after=2025-01-30 00:00:00+00:00
[2025-01-29T23:33:12.478+0000] {processor.py:183} INFO - Processing /opt/airflow/dags/spotify_etl_dag.py took 2.948 seconds
[2025-01-29T23:33:46.655+0000] {processor.py:161} INFO - Started process (PID=274) to work on /opt/airflow/dags/spotify_etl_dag.py
[2025-01-29T23:33:46.658+0000] {processor.py:830} INFO - Processing file /opt/airflow/dags/spotify_etl_dag.py for tasks to queue
[2025-01-29T23:33:46.665+0000] {logging_mixin.py:188} INFO - [2025-01-29T23:33:46.664+0000] {dagbag.py:538} INFO - Filling up the DagBag from /opt/airflow/dags/spotify_etl_dag.py
[2025-01-29T23:33:47.817+0000] {processor.py:840} INFO - DAG(s) 'spotify_etl' retrieved from /opt/airflow/dags/spotify_etl_dag.py
[2025-01-29T23:33:47.956+0000] {logging_mixin.py:188} INFO - [2025-01-29T23:33:47.955+0000] {dag.py:3036} INFO - Sync 1 DAGs
[2025-01-29T23:33:48.216+0000] {logging_mixin.py:188} INFO - [2025-01-29T23:33:48.215+0000] {dag.py:3823} INFO - Setting next_dagrun for spotify_etl to 2025-01-29 00:00:00+00:00, run_after=2025-01-30 00:00:00+00:00
[2025-01-29T23:33:48.526+0000] {processor.py:183} INFO - Processing /opt/airflow/dags/spotify_etl_dag.py took 1.878 seconds
[2025-01-29T23:34:20.398+0000] {processor.py:161} INFO - Started process (PID=338) to work on /opt/airflow/dags/spotify_etl_dag.py
[2025-01-29T23:34:20.404+0000] {processor.py:830} INFO - Processing file /opt/airflow/dags/spotify_etl_dag.py for tasks to queue
[2025-01-29T23:34:20.421+0000] {logging_mixin.py:188} INFO - [2025-01-29T23:34:20.420+0000] {dagbag.py:538} INFO - Filling up the DagBag from /opt/airflow/dags/spotify_etl_dag.py
[2025-01-29T23:34:21.161+0000] {processor.py:840} INFO - DAG(s) 'spotify_etl' retrieved from /opt/airflow/dags/spotify_etl_dag.py
[2025-01-29T23:34:21.261+0000] {logging_mixin.py:188} INFO - [2025-01-29T23:34:21.261+0000] {dag.py:3036} INFO - Sync 1 DAGs
[2025-01-29T23:34:21.455+0000] {logging_mixin.py:188} INFO - [2025-01-29T23:34:21.444+0000] {dag.py:3823} INFO - Setting next_dagrun for spotify_etl to 2025-01-29 00:00:00+00:00, run_after=2025-01-30 00:00:00+00:00
[2025-01-29T23:34:21.634+0000] {processor.py:183} INFO - Processing /opt/airflow/dags/spotify_etl_dag.py took 1.259 seconds
[2025-01-29T23:34:51.787+0000] {processor.py:161} INFO - Started process (PID=395) to work on /opt/airflow/dags/spotify_etl_dag.py
[2025-01-29T23:34:51.788+0000] {processor.py:830} INFO - Processing file /opt/airflow/dags/spotify_etl_dag.py for tasks to queue
[2025-01-29T23:34:51.791+0000] {logging_mixin.py:188} INFO - [2025-01-29T23:34:51.791+0000] {dagbag.py:538} INFO - Filling up the DagBag from /opt/airflow/dags/spotify_etl_dag.py
[2025-01-29T23:34:52.177+0000] {processor.py:840} INFO - DAG(s) 'spotify_etl' retrieved from /opt/airflow/dags/spotify_etl_dag.py
[2025-01-29T23:34:52.243+0000] {logging_mixin.py:188} INFO - [2025-01-29T23:34:52.242+0000] {dag.py:3036} INFO - Sync 1 DAGs
[2025-01-29T23:34:52.382+0000] {logging_mixin.py:188} INFO - [2025-01-29T23:34:52.382+0000] {dag.py:3823} INFO - Setting next_dagrun for spotify_etl to 2025-01-29 00:00:00+00:00, run_after=2025-01-30 00:00:00+00:00
[2025-01-29T23:34:52.483+0000] {processor.py:183} INFO - Processing /opt/airflow/dags/spotify_etl_dag.py took 0.713 seconds
[2025-01-29T23:35:27.308+0000] {processor.py:161} INFO - Started process (PID=443) to work on /opt/airflow/dags/spotify_etl_dag.py
[2025-01-29T23:35:27.311+0000] {processor.py:830} INFO - Processing file /opt/airflow/dags/spotify_etl_dag.py for tasks to queue
[2025-01-29T23:35:27.351+0000] {logging_mixin.py:188} INFO - [2025-01-29T23:35:27.350+0000] {dagbag.py:538} INFO - Filling up the DagBag from /opt/airflow/dags/spotify_etl_dag.py
[2025-01-29T23:35:28.524+0000] {processor.py:840} INFO - DAG(s) 'spotify_etl' retrieved from /opt/airflow/dags/spotify_etl_dag.py
[2025-01-29T23:35:28.674+0000] {logging_mixin.py:188} INFO - [2025-01-29T23:35:28.674+0000] {dag.py:3036} INFO - Sync 1 DAGs
[2025-01-29T23:35:28.926+0000] {logging_mixin.py:188} INFO - [2025-01-29T23:35:28.914+0000] {dag.py:3823} INFO - Setting next_dagrun for spotify_etl to 2025-01-29 00:00:00+00:00, run_after=2025-01-30 00:00:00+00:00
[2025-01-29T23:35:29.102+0000] {processor.py:183} INFO - Processing /opt/airflow/dags/spotify_etl_dag.py took 1.826 seconds
[2025-01-29T23:36:03.407+0000] {processor.py:161} INFO - Started process (PID=499) to work on /opt/airflow/dags/spotify_etl_dag.py
[2025-01-29T23:36:03.489+0000] {processor.py:830} INFO - Processing file /opt/airflow/dags/spotify_etl_dag.py for tasks to queue
[2025-01-29T23:36:03.540+0000] {logging_mixin.py:188} INFO - [2025-01-29T23:36:03.539+0000] {dagbag.py:538} INFO - Filling up the DagBag from /opt/airflow/dags/spotify_etl_dag.py
[2025-01-29T23:36:08.526+0000] {processor.py:840} INFO - DAG(s) 'spotify_etl' retrieved from /opt/airflow/dags/spotify_etl_dag.py
[2025-01-29T23:36:09.032+0000] {logging_mixin.py:188} INFO - [2025-01-29T23:36:09.032+0000] {dag.py:3036} INFO - Sync 1 DAGs
[2025-01-29T23:36:09.372+0000] {logging_mixin.py:188} INFO - [2025-01-29T23:36:09.371+0000] {dag.py:3823} INFO - Setting next_dagrun for spotify_etl to 2025-01-29 00:00:00+00:00, run_after=2025-01-30 00:00:00+00:00
[2025-01-29T23:36:09.726+0000] {processor.py:183} INFO - Processing /opt/airflow/dags/spotify_etl_dag.py took 6.324 seconds
[2025-01-29T23:36:49.395+0000] {processor.py:161} INFO - Started process (PID=555) to work on /opt/airflow/dags/spotify_etl_dag.py
[2025-01-29T23:36:49.404+0000] {processor.py:830} INFO - Processing file /opt/airflow/dags/spotify_etl_dag.py for tasks to queue
[2025-01-29T23:36:49.421+0000] {logging_mixin.py:188} INFO - [2025-01-29T23:36:49.420+0000] {dagbag.py:538} INFO - Filling up the DagBag from /opt/airflow/dags/spotify_etl_dag.py
[2025-01-29T23:36:50.598+0000] {processor.py:840} INFO - DAG(s) 'spotify_etl' retrieved from /opt/airflow/dags/spotify_etl_dag.py
[2025-01-29T23:36:50.768+0000] {logging_mixin.py:188} INFO - [2025-01-29T23:36:50.767+0000] {dag.py:3036} INFO - Sync 1 DAGs
[2025-01-29T23:36:50.985+0000] {logging_mixin.py:188} INFO - [2025-01-29T23:36:50.984+0000] {dag.py:3823} INFO - Setting next_dagrun for spotify_etl to 2025-01-29 00:00:00+00:00, run_after=2025-01-30 00:00:00+00:00
[2025-01-29T23:36:51.123+0000] {processor.py:183} INFO - Processing /opt/airflow/dags/spotify_etl_dag.py took 1.747 seconds
[2025-01-29T23:37:21.776+0000] {processor.py:161} INFO - Started process (PID=615) to work on /opt/airflow/dags/spotify_etl_dag.py
[2025-01-29T23:37:21.783+0000] {processor.py:830} INFO - Processing file /opt/airflow/dags/spotify_etl_dag.py for tasks to queue
[2025-01-29T23:37:21.822+0000] {logging_mixin.py:188} INFO - [2025-01-29T23:37:21.821+0000] {dagbag.py:538} INFO - Filling up the DagBag from /opt/airflow/dags/spotify_etl_dag.py
[2025-01-29T23:37:22.361+0000] {processor.py:840} INFO - DAG(s) 'spotify_etl' retrieved from /opt/airflow/dags/spotify_etl_dag.py
[2025-01-29T23:37:23.288+0000] {logging_mixin.py:188} INFO - [2025-01-29T23:37:23.287+0000] {dag.py:3036} INFO - Sync 1 DAGs
[2025-01-29T23:37:23.490+0000] {logging_mixin.py:188} INFO - [2025-01-29T23:37:23.479+0000] {dag.py:3823} INFO - Setting next_dagrun for spotify_etl to 2025-01-29 00:00:00+00:00, run_after=2025-01-30 00:00:00+00:00
[2025-01-29T23:37:23.659+0000] {processor.py:183} INFO - Processing /opt/airflow/dags/spotify_etl_dag.py took 1.902 seconds
[2025-01-29T23:37:57.519+0000] {processor.py:161} INFO - Started process (PID=665) to work on /opt/airflow/dags/spotify_etl_dag.py
[2025-01-29T23:37:57.521+0000] {processor.py:830} INFO - Processing file /opt/airflow/dags/spotify_etl_dag.py for tasks to queue
[2025-01-29T23:37:57.531+0000] {logging_mixin.py:188} INFO - [2025-01-29T23:37:57.530+0000] {dagbag.py:538} INFO - Filling up the DagBag from /opt/airflow/dags/spotify_etl_dag.py
[2025-01-29T23:37:58.258+0000] {processor.py:840} INFO - DAG(s) 'spotify_etl' retrieved from /opt/airflow/dags/spotify_etl_dag.py
[2025-01-29T23:37:58.373+0000] {logging_mixin.py:188} INFO - [2025-01-29T23:37:58.372+0000] {dag.py:3036} INFO - Sync 1 DAGs
[2025-01-29T23:37:58.618+0000] {logging_mixin.py:188} INFO - [2025-01-29T23:37:58.617+0000] {dag.py:3823} INFO - Setting next_dagrun for spotify_etl to 2025-01-29 00:00:00+00:00, run_after=2025-01-30 00:00:00+00:00
[2025-01-29T23:37:58.774+0000] {processor.py:183} INFO - Processing /opt/airflow/dags/spotify_etl_dag.py took 1.273 seconds
[2025-01-29T23:38:29.479+0000] {processor.py:161} INFO - Started process (PID=718) to work on /opt/airflow/dags/spotify_etl_dag.py
[2025-01-29T23:38:29.482+0000] {processor.py:830} INFO - Processing file /opt/airflow/dags/spotify_etl_dag.py for tasks to queue
[2025-01-29T23:38:29.500+0000] {logging_mixin.py:188} INFO - [2025-01-29T23:38:29.499+0000] {dagbag.py:538} INFO - Filling up the DagBag from /opt/airflow/dags/spotify_etl_dag.py
[2025-01-29T23:38:30.835+0000] {processor.py:840} INFO - DAG(s) 'spotify_etl' retrieved from /opt/airflow/dags/spotify_etl_dag.py
[2025-01-29T23:38:30.973+0000] {logging_mixin.py:188} INFO - [2025-01-29T23:38:30.962+0000] {dag.py:3036} INFO - Sync 1 DAGs
[2025-01-29T23:38:31.244+0000] {logging_mixin.py:188} INFO - [2025-01-29T23:38:31.232+0000] {dag.py:3823} INFO - Setting next_dagrun for spotify_etl to 2025-01-29 00:00:00+00:00, run_after=2025-01-30 00:00:00+00:00
[2025-01-29T23:38:31.560+0000] {processor.py:183} INFO - Processing /opt/airflow/dags/spotify_etl_dag.py took 2.127 seconds
[2025-01-29T23:39:03.230+0000] {processor.py:161} INFO - Started process (PID=774) to work on /opt/airflow/dags/spotify_etl_dag.py
[2025-01-29T23:39:03.273+0000] {processor.py:830} INFO - Processing file /opt/airflow/dags/spotify_etl_dag.py for tasks to queue
[2025-01-29T23:39:03.316+0000] {logging_mixin.py:188} INFO - [2025-01-29T23:39:03.311+0000] {dagbag.py:538} INFO - Filling up the DagBag from /opt/airflow/dags/spotify_etl_dag.py
[2025-01-29T23:39:04.390+0000] {processor.py:840} INFO - DAG(s) 'spotify_etl' retrieved from /opt/airflow/dags/spotify_etl_dag.py
[2025-01-29T23:39:04.532+0000] {logging_mixin.py:188} INFO - [2025-01-29T23:39:04.531+0000] {dag.py:3036} INFO - Sync 1 DAGs
[2025-01-29T23:39:04.854+0000] {logging_mixin.py:188} INFO - [2025-01-29T23:39:04.853+0000] {dag.py:3823} INFO - Setting next_dagrun for spotify_etl to 2025-01-29 00:00:00+00:00, run_after=2025-01-30 00:00:00+00:00
[2025-01-29T23:39:05.196+0000] {processor.py:183} INFO - Processing /opt/airflow/dags/spotify_etl_dag.py took 2.014 seconds
[2025-01-29T23:39:35.818+0000] {processor.py:161} INFO - Started process (PID=839) to work on /opt/airflow/dags/spotify_etl_dag.py
[2025-01-29T23:39:35.821+0000] {processor.py:830} INFO - Processing file /opt/airflow/dags/spotify_etl_dag.py for tasks to queue
[2025-01-29T23:39:35.835+0000] {logging_mixin.py:188} INFO - [2025-01-29T23:39:35.833+0000] {dagbag.py:538} INFO - Filling up the DagBag from /opt/airflow/dags/spotify_etl_dag.py
[2025-01-29T23:39:36.462+0000] {processor.py:840} INFO - DAG(s) 'spotify_etl' retrieved from /opt/airflow/dags/spotify_etl_dag.py
[2025-01-29T23:39:36.548+0000] {logging_mixin.py:188} INFO - [2025-01-29T23:39:36.547+0000] {dag.py:3036} INFO - Sync 1 DAGs
[2025-01-29T23:39:36.648+0000] {logging_mixin.py:188} INFO - [2025-01-29T23:39:36.647+0000] {dag.py:3823} INFO - Setting next_dagrun for spotify_etl to 2025-01-29 00:00:00+00:00, run_after=2025-01-30 00:00:00+00:00
[2025-01-29T23:39:36.719+0000] {processor.py:183} INFO - Processing /opt/airflow/dags/spotify_etl_dag.py took 0.916 seconds
[2025-01-29T23:40:07.113+0000] {processor.py:161} INFO - Started process (PID=895) to work on /opt/airflow/dags/spotify_etl_dag.py
[2025-01-29T23:40:07.116+0000] {processor.py:830} INFO - Processing file /opt/airflow/dags/spotify_etl_dag.py for tasks to queue
[2025-01-29T23:40:07.122+0000] {logging_mixin.py:188} INFO - [2025-01-29T23:40:07.121+0000] {dagbag.py:538} INFO - Filling up the DagBag from /opt/airflow/dags/spotify_etl_dag.py
[2025-01-29T23:40:07.536+0000] {processor.py:840} INFO - DAG(s) 'spotify_etl' retrieved from /opt/airflow/dags/spotify_etl_dag.py
[2025-01-29T23:40:07.622+0000] {logging_mixin.py:188} INFO - [2025-01-29T23:40:07.620+0000] {dag.py:3036} INFO - Sync 1 DAGs
[2025-01-29T23:40:07.772+0000] {logging_mixin.py:188} INFO - [2025-01-29T23:40:07.771+0000] {dag.py:3823} INFO - Setting next_dagrun for spotify_etl to 2025-01-29 00:00:00+00:00, run_after=2025-01-30 00:00:00+00:00
[2025-01-29T23:40:07.886+0000] {processor.py:183} INFO - Processing /opt/airflow/dags/spotify_etl_dag.py took 0.789 seconds
[2025-01-29T23:40:38.288+0000] {processor.py:161} INFO - Started process (PID=952) to work on /opt/airflow/dags/spotify_etl_dag.py
[2025-01-29T23:40:38.291+0000] {processor.py:830} INFO - Processing file /opt/airflow/dags/spotify_etl_dag.py for tasks to queue
[2025-01-29T23:40:38.303+0000] {logging_mixin.py:188} INFO - [2025-01-29T23:40:38.301+0000] {dagbag.py:538} INFO - Filling up the DagBag from /opt/airflow/dags/spotify_etl_dag.py
[2025-01-29T23:40:38.709+0000] {processor.py:840} INFO - DAG(s) 'spotify_etl' retrieved from /opt/airflow/dags/spotify_etl_dag.py
[2025-01-29T23:40:38.791+0000] {logging_mixin.py:188} INFO - [2025-01-29T23:40:38.790+0000] {dag.py:3036} INFO - Sync 1 DAGs
[2025-01-29T23:40:38.983+0000] {logging_mixin.py:188} INFO - [2025-01-29T23:40:38.982+0000] {dag.py:3823} INFO - Setting next_dagrun for spotify_etl to 2025-01-29 00:00:00+00:00, run_after=2025-01-30 00:00:00+00:00
[2025-01-29T23:40:39.086+0000] {processor.py:183} INFO - Processing /opt/airflow/dags/spotify_etl_dag.py took 0.812 seconds
[2025-01-29T23:41:09.367+0000] {processor.py:161} INFO - Started process (PID=1009) to work on /opt/airflow/dags/spotify_etl_dag.py
[2025-01-29T23:41:09.369+0000] {processor.py:830} INFO - Processing file /opt/airflow/dags/spotify_etl_dag.py for tasks to queue
[2025-01-29T23:41:09.374+0000] {logging_mixin.py:188} INFO - [2025-01-29T23:41:09.373+0000] {dagbag.py:538} INFO - Filling up the DagBag from /opt/airflow/dags/spotify_etl_dag.py
[2025-01-29T23:41:10.009+0000] {processor.py:840} INFO - DAG(s) 'spotify_etl' retrieved from /opt/airflow/dags/spotify_etl_dag.py
[2025-01-29T23:41:10.234+0000] {logging_mixin.py:188} INFO - [2025-01-29T23:41:10.233+0000] {dag.py:3036} INFO - Sync 1 DAGs
[2025-01-29T23:41:10.517+0000] {logging_mixin.py:188} INFO - [2025-01-29T23:41:10.516+0000] {dag.py:3823} INFO - Setting next_dagrun for spotify_etl to 2025-01-29 00:00:00+00:00, run_after=2025-01-30 00:00:00+00:00
[2025-01-29T23:41:10.678+0000] {processor.py:183} INFO - Processing /opt/airflow/dags/spotify_etl_dag.py took 1.320 seconds
[2025-01-29T23:41:41.191+0000] {processor.py:161} INFO - Started process (PID=1067) to work on /opt/airflow/dags/spotify_etl_dag.py
[2025-01-29T23:41:41.202+0000] {processor.py:830} INFO - Processing file /opt/airflow/dags/spotify_etl_dag.py for tasks to queue
[2025-01-29T23:41:41.207+0000] {logging_mixin.py:188} INFO - [2025-01-29T23:41:41.206+0000] {dagbag.py:538} INFO - Filling up the DagBag from /opt/airflow/dags/spotify_etl_dag.py
[2025-01-29T23:41:41.731+0000] {processor.py:840} INFO - DAG(s) 'spotify_etl' retrieved from /opt/airflow/dags/spotify_etl_dag.py
[2025-01-29T23:41:41.806+0000] {logging_mixin.py:188} INFO - [2025-01-29T23:41:41.805+0000] {dag.py:3036} INFO - Sync 1 DAGs
[2025-01-29T23:41:41.931+0000] {logging_mixin.py:188} INFO - [2025-01-29T23:41:41.926+0000] {dag.py:3823} INFO - Setting next_dagrun for spotify_etl to 2025-01-29 00:00:00+00:00, run_after=2025-01-30 00:00:00+00:00
[2025-01-29T23:41:42.017+0000] {processor.py:183} INFO - Processing /opt/airflow/dags/spotify_etl_dag.py took 0.839 seconds
[2025-01-29T23:42:12.586+0000] {processor.py:161} INFO - Started process (PID=1123) to work on /opt/airflow/dags/spotify_etl_dag.py
[2025-01-29T23:42:12.594+0000] {processor.py:830} INFO - Processing file /opt/airflow/dags/spotify_etl_dag.py for tasks to queue
[2025-01-29T23:42:12.600+0000] {logging_mixin.py:188} INFO - [2025-01-29T23:42:12.598+0000] {dagbag.py:538} INFO - Filling up the DagBag from /opt/airflow/dags/spotify_etl_dag.py
[2025-01-29T23:42:14.052+0000] {processor.py:840} INFO - DAG(s) 'spotify_etl' retrieved from /opt/airflow/dags/spotify_etl_dag.py
[2025-01-29T23:42:14.194+0000] {logging_mixin.py:188} INFO - [2025-01-29T23:42:14.193+0000] {dag.py:3036} INFO - Sync 1 DAGs
[2025-01-29T23:42:14.366+0000] {logging_mixin.py:188} INFO - [2025-01-29T23:42:14.365+0000] {dag.py:3823} INFO - Setting next_dagrun for spotify_etl to 2025-01-29 00:00:00+00:00, run_after=2025-01-30 00:00:00+00:00
[2025-01-29T23:42:14.482+0000] {processor.py:183} INFO - Processing /opt/airflow/dags/spotify_etl_dag.py took 1.906 seconds
[2025-01-29T23:42:45.155+0000] {processor.py:161} INFO - Started process (PID=1180) to work on /opt/airflow/dags/spotify_etl_dag.py
[2025-01-29T23:42:45.167+0000] {processor.py:830} INFO - Processing file /opt/airflow/dags/spotify_etl_dag.py for tasks to queue
[2025-01-29T23:42:45.178+0000] {logging_mixin.py:188} INFO - [2025-01-29T23:42:45.177+0000] {dagbag.py:538} INFO - Filling up the DagBag from /opt/airflow/dags/spotify_etl_dag.py
[2025-01-29T23:42:46.074+0000] {processor.py:840} INFO - DAG(s) 'spotify_etl' retrieved from /opt/airflow/dags/spotify_etl_dag.py
[2025-01-29T23:42:46.159+0000] {logging_mixin.py:188} INFO - [2025-01-29T23:42:46.158+0000] {dag.py:3036} INFO - Sync 1 DAGs
[2025-01-29T23:42:46.309+0000] {logging_mixin.py:188} INFO - [2025-01-29T23:42:46.302+0000] {dag.py:3823} INFO - Setting next_dagrun for spotify_etl to 2025-01-29 00:00:00+00:00, run_after=2025-01-30 00:00:00+00:00
[2025-01-29T23:42:46.430+0000] {processor.py:183} INFO - Processing /opt/airflow/dags/spotify_etl_dag.py took 1.309 seconds
[2025-01-29T23:43:19.687+0000] {processor.py:161} INFO - Started process (PID=1239) to work on /opt/airflow/dags/spotify_etl_dag.py
[2025-01-29T23:43:19.707+0000] {processor.py:830} INFO - Processing file /opt/airflow/dags/spotify_etl_dag.py for tasks to queue
[2025-01-29T23:43:19.716+0000] {logging_mixin.py:188} INFO - [2025-01-29T23:43:19.714+0000] {dagbag.py:538} INFO - Filling up the DagBag from /opt/airflow/dags/spotify_etl_dag.py
[2025-01-29T23:43:21.540+0000] {processor.py:840} INFO - DAG(s) 'spotify_etl' retrieved from /opt/airflow/dags/spotify_etl_dag.py
[2025-01-29T23:43:21.670+0000] {logging_mixin.py:188} INFO - [2025-01-29T23:43:21.669+0000] {dag.py:3036} INFO - Sync 1 DAGs
[2025-01-29T23:43:21.979+0000] {logging_mixin.py:188} INFO - [2025-01-29T23:43:21.978+0000] {dag.py:3823} INFO - Setting next_dagrun for spotify_etl to 2025-01-29 00:00:00+00:00, run_after=2025-01-30 00:00:00+00:00
[2025-01-29T23:43:22.493+0000] {processor.py:183} INFO - Processing /opt/airflow/dags/spotify_etl_dag.py took 2.824 seconds
[2025-01-29T23:43:52.841+0000] {processor.py:161} INFO - Started process (PID=1296) to work on /opt/airflow/dags/spotify_etl_dag.py
[2025-01-29T23:43:52.843+0000] {processor.py:830} INFO - Processing file /opt/airflow/dags/spotify_etl_dag.py for tasks to queue
[2025-01-29T23:43:52.858+0000] {logging_mixin.py:188} INFO - [2025-01-29T23:43:52.857+0000] {dagbag.py:538} INFO - Filling up the DagBag from /opt/airflow/dags/spotify_etl_dag.py
[2025-01-29T23:43:53.334+0000] {processor.py:840} INFO - DAG(s) 'spotify_etl' retrieved from /opt/airflow/dags/spotify_etl_dag.py
[2025-01-29T23:43:53.522+0000] {logging_mixin.py:188} INFO - [2025-01-29T23:43:53.522+0000] {dag.py:3036} INFO - Sync 1 DAGs
[2025-01-29T23:43:53.717+0000] {logging_mixin.py:188} INFO - [2025-01-29T23:43:53.717+0000] {dag.py:3823} INFO - Setting next_dagrun for spotify_etl to 2025-01-29 00:00:00+00:00, run_after=2025-01-30 00:00:00+00:00
[2025-01-29T23:43:53.823+0000] {processor.py:183} INFO - Processing /opt/airflow/dags/spotify_etl_dag.py took 1.002 seconds
[2025-01-29T23:44:24.491+0000] {processor.py:161} INFO - Started process (PID=1359) to work on /opt/airflow/dags/spotify_etl_dag.py
[2025-01-29T23:44:24.493+0000] {processor.py:830} INFO - Processing file /opt/airflow/dags/spotify_etl_dag.py for tasks to queue
[2025-01-29T23:44:24.505+0000] {logging_mixin.py:188} INFO - [2025-01-29T23:44:24.504+0000] {dagbag.py:538} INFO - Filling up the DagBag from /opt/airflow/dags/spotify_etl_dag.py
[2025-01-29T23:44:25.426+0000] {processor.py:840} INFO - DAG(s) 'spotify_etl' retrieved from /opt/airflow/dags/spotify_etl_dag.py
[2025-01-29T23:44:25.561+0000] {logging_mixin.py:188} INFO - [2025-01-29T23:44:25.560+0000] {dag.py:3036} INFO - Sync 1 DAGs
[2025-01-29T23:44:25.755+0000] {logging_mixin.py:188} INFO - [2025-01-29T23:44:25.754+0000] {dag.py:3823} INFO - Setting next_dagrun for spotify_etl to 2025-01-29 00:00:00+00:00, run_after=2025-01-30 00:00:00+00:00
[2025-01-29T23:44:25.869+0000] {processor.py:183} INFO - Processing /opt/airflow/dags/spotify_etl_dag.py took 1.386 seconds
[2025-01-29T23:44:58.653+0000] {processor.py:161} INFO - Started process (PID=1412) to work on /opt/airflow/dags/spotify_etl_dag.py
[2025-01-29T23:44:58.666+0000] {processor.py:830} INFO - Processing file /opt/airflow/dags/spotify_etl_dag.py for tasks to queue
[2025-01-29T23:44:58.681+0000] {logging_mixin.py:188} INFO - [2025-01-29T23:44:58.680+0000] {dagbag.py:538} INFO - Filling up the DagBag from /opt/airflow/dags/spotify_etl_dag.py
[2025-01-29T23:44:59.671+0000] {processor.py:840} INFO - DAG(s) 'spotify_etl' retrieved from /opt/airflow/dags/spotify_etl_dag.py
[2025-01-29T23:44:59.811+0000] {logging_mixin.py:188} INFO - [2025-01-29T23:44:59.810+0000] {dag.py:3036} INFO - Sync 1 DAGs
[2025-01-29T23:44:59.977+0000] {logging_mixin.py:188} INFO - [2025-01-29T23:44:59.976+0000] {dag.py:3823} INFO - Setting next_dagrun for spotify_etl to 2025-01-29 00:00:00+00:00, run_after=2025-01-30 00:00:00+00:00
[2025-01-29T23:45:00.085+0000] {processor.py:183} INFO - Processing /opt/airflow/dags/spotify_etl_dag.py took 1.451 seconds
[2025-01-29T23:45:30.962+0000] {processor.py:161} INFO - Started process (PID=1472) to work on /opt/airflow/dags/spotify_etl_dag.py
[2025-01-29T23:45:30.975+0000] {processor.py:830} INFO - Processing file /opt/airflow/dags/spotify_etl_dag.py for tasks to queue
[2025-01-29T23:45:30.999+0000] {logging_mixin.py:188} INFO - [2025-01-29T23:45:30.998+0000] {dagbag.py:538} INFO - Filling up the DagBag from /opt/airflow/dags/spotify_etl_dag.py
[2025-01-29T23:45:32.580+0000] {logging_mixin.py:188} INFO - [2025-01-29T23:45:32.479+0000] {dagbag.py:348} ERROR - Failed to import: /opt/airflow/dags/spotify_etl_dag.py
Traceback (most recent call last):
  File "/home/airflow/.local/lib/python3.8/site-packages/airflow/models/dagbag.py", line 344, in parse
    loader.exec_module(new_module)
  File "<frozen importlib._bootstrap_external>", line 843, in exec_module
  File "<frozen importlib._bootstrap>", line 219, in _call_with_frames_removed
  File "/opt/airflow/dags/spotify_etl_dag.py", line 5, in <module>
    from etl.extract import extract_spotify_data
  File "/opt/airflow/dags/etl/extract.py", line 2, in <module>
    from common.hooks.SpotifyHook import SpotifyHook
  File "/opt/airflow/dags/common/hooks/SpotifyHook.py", line 7, in <module>
    from ..config.spotify_config import SPOTIFY_CONFIG
ImportError: cannot import name 'SPOTIFY_CONFIG' from 'common.config.spotify_config' (/opt/airflow/dags/common/config/spotify_config.py)
[2025-01-29T23:45:32.590+0000] {processor.py:842} WARNING - No viable dags retrieved from /opt/airflow/dags/spotify_etl_dag.py
[2025-01-29T23:45:32.681+0000] {processor.py:183} INFO - Processing /opt/airflow/dags/spotify_etl_dag.py took 1.749 seconds
[2025-01-29T23:46:03.244+0000] {processor.py:161} INFO - Started process (PID=1528) to work on /opt/airflow/dags/spotify_etl_dag.py
[2025-01-29T23:46:03.248+0000] {processor.py:830} INFO - Processing file /opt/airflow/dags/spotify_etl_dag.py for tasks to queue
[2025-01-29T23:46:03.253+0000] {logging_mixin.py:188} INFO - [2025-01-29T23:46:03.252+0000] {dagbag.py:538} INFO - Filling up the DagBag from /opt/airflow/dags/spotify_etl_dag.py
[2025-01-29T23:46:03.605+0000] {logging_mixin.py:188} INFO - [2025-01-29T23:46:03.579+0000] {dagbag.py:348} ERROR - Failed to import: /opt/airflow/dags/spotify_etl_dag.py
Traceback (most recent call last):
  File "/home/airflow/.local/lib/python3.8/site-packages/airflow/models/dagbag.py", line 344, in parse
    loader.exec_module(new_module)
  File "<frozen importlib._bootstrap_external>", line 843, in exec_module
  File "<frozen importlib._bootstrap>", line 219, in _call_with_frames_removed
  File "/opt/airflow/dags/spotify_etl_dag.py", line 5, in <module>
    from etl.extract import extract_spotify_data
  File "/opt/airflow/dags/etl/extract.py", line 2, in <module>
    from common.hooks.SpotifyHook import SpotifyHook
  File "/opt/airflow/dags/common/hooks/SpotifyHook.py", line 7, in <module>
    from ..config.spotify_config import SPOTIFY_CONFIG
ImportError: cannot import name 'SPOTIFY_CONFIG' from 'common.config.spotify_config' (/opt/airflow/dags/common/config/spotify_config.py)
[2025-01-29T23:46:03.614+0000] {processor.py:842} WARNING - No viable dags retrieved from /opt/airflow/dags/spotify_etl_dag.py
[2025-01-29T23:46:03.657+0000] {processor.py:183} INFO - Processing /opt/airflow/dags/spotify_etl_dag.py took 0.435 seconds
[2025-01-29T23:46:34.055+0000] {processor.py:161} INFO - Started process (PID=1582) to work on /opt/airflow/dags/spotify_etl_dag.py
[2025-01-29T23:46:34.076+0000] {processor.py:830} INFO - Processing file /opt/airflow/dags/spotify_etl_dag.py for tasks to queue
[2025-01-29T23:46:34.092+0000] {logging_mixin.py:188} INFO - [2025-01-29T23:46:34.080+0000] {dagbag.py:538} INFO - Filling up the DagBag from /opt/airflow/dags/spotify_etl_dag.py
[2025-01-29T23:46:35.572+0000] {processor.py:840} INFO - DAG(s) 'spotify_etl' retrieved from /opt/airflow/dags/spotify_etl_dag.py
[2025-01-29T23:46:36.382+0000] {logging_mixin.py:188} INFO - [2025-01-29T23:46:36.381+0000] {dag.py:3036} INFO - Sync 1 DAGs
[2025-01-29T23:46:36.634+0000] {logging_mixin.py:188} INFO - [2025-01-29T23:46:36.633+0000] {dag.py:3823} INFO - Setting next_dagrun for spotify_etl to 2025-01-29 00:00:00+00:00, run_after=2025-01-30 00:00:00+00:00
[2025-01-29T23:46:36.846+0000] {processor.py:183} INFO - Processing /opt/airflow/dags/spotify_etl_dag.py took 2.811 seconds
[2025-01-29T23:47:07.187+0000] {processor.py:161} INFO - Started process (PID=1639) to work on /opt/airflow/dags/spotify_etl_dag.py
[2025-01-29T23:47:07.190+0000] {processor.py:830} INFO - Processing file /opt/airflow/dags/spotify_etl_dag.py for tasks to queue
[2025-01-29T23:47:07.203+0000] {logging_mixin.py:188} INFO - [2025-01-29T23:47:07.202+0000] {dagbag.py:538} INFO - Filling up the DagBag from /opt/airflow/dags/spotify_etl_dag.py
[2025-01-29T23:47:08.748+0000] {processor.py:840} INFO - DAG(s) 'spotify_etl' retrieved from /opt/airflow/dags/spotify_etl_dag.py
[2025-01-29T23:47:08.943+0000] {logging_mixin.py:188} INFO - [2025-01-29T23:47:08.940+0000] {dag.py:3036} INFO - Sync 1 DAGs
[2025-01-29T23:47:09.186+0000] {logging_mixin.py:188} INFO - [2025-01-29T23:47:09.184+0000] {dag.py:3823} INFO - Setting next_dagrun for spotify_etl to 2025-01-29 00:00:00+00:00, run_after=2025-01-30 00:00:00+00:00
[2025-01-29T23:47:09.409+0000] {processor.py:183} INFO - Processing /opt/airflow/dags/spotify_etl_dag.py took 2.236 seconds
[2025-01-29T23:47:39.613+0000] {processor.py:161} INFO - Started process (PID=1695) to work on /opt/airflow/dags/spotify_etl_dag.py
[2025-01-29T23:47:39.619+0000] {processor.py:830} INFO - Processing file /opt/airflow/dags/spotify_etl_dag.py for tasks to queue
[2025-01-29T23:47:39.624+0000] {logging_mixin.py:188} INFO - [2025-01-29T23:47:39.623+0000] {dagbag.py:538} INFO - Filling up the DagBag from /opt/airflow/dags/spotify_etl_dag.py
[2025-01-29T23:47:40.101+0000] {processor.py:840} INFO - DAG(s) 'spotify_etl' retrieved from /opt/airflow/dags/spotify_etl_dag.py
[2025-01-29T23:47:40.162+0000] {logging_mixin.py:188} INFO - [2025-01-29T23:47:40.161+0000] {dag.py:3036} INFO - Sync 1 DAGs
[2025-01-29T23:47:40.249+0000] {logging_mixin.py:188} INFO - [2025-01-29T23:47:40.247+0000] {dag.py:3823} INFO - Setting next_dagrun for spotify_etl to 2025-01-29 00:00:00+00:00, run_after=2025-01-30 00:00:00+00:00
[2025-01-29T23:47:40.310+0000] {processor.py:183} INFO - Processing /opt/airflow/dags/spotify_etl_dag.py took 0.707 seconds
[2025-01-29T23:48:10.641+0000] {processor.py:161} INFO - Started process (PID=1751) to work on /opt/airflow/dags/spotify_etl_dag.py
[2025-01-29T23:48:10.643+0000] {processor.py:830} INFO - Processing file /opt/airflow/dags/spotify_etl_dag.py for tasks to queue
[2025-01-29T23:48:10.648+0000] {logging_mixin.py:188} INFO - [2025-01-29T23:48:10.647+0000] {dagbag.py:538} INFO - Filling up the DagBag from /opt/airflow/dags/spotify_etl_dag.py
[2025-01-29T23:48:11.045+0000] {processor.py:840} INFO - DAG(s) 'spotify_etl' retrieved from /opt/airflow/dags/spotify_etl_dag.py
[2025-01-29T23:48:11.087+0000] {logging_mixin.py:188} INFO - [2025-01-29T23:48:11.087+0000] {dag.py:3036} INFO - Sync 1 DAGs
[2025-01-29T23:48:11.188+0000] {logging_mixin.py:188} INFO - [2025-01-29T23:48:11.188+0000] {dag.py:3823} INFO - Setting next_dagrun for spotify_etl to 2025-01-29 00:00:00+00:00, run_after=2025-01-30 00:00:00+00:00
[2025-01-29T23:48:11.303+0000] {processor.py:183} INFO - Processing /opt/airflow/dags/spotify_etl_dag.py took 0.673 seconds
[2025-01-29T23:48:41.928+0000] {processor.py:161} INFO - Started process (PID=1807) to work on /opt/airflow/dags/spotify_etl_dag.py
[2025-01-29T23:48:41.930+0000] {processor.py:830} INFO - Processing file /opt/airflow/dags/spotify_etl_dag.py for tasks to queue
[2025-01-29T23:48:41.933+0000] {logging_mixin.py:188} INFO - [2025-01-29T23:48:41.932+0000] {dagbag.py:538} INFO - Filling up the DagBag from /opt/airflow/dags/spotify_etl_dag.py
[2025-01-29T23:48:42.227+0000] {processor.py:840} INFO - DAG(s) 'spotify_etl' retrieved from /opt/airflow/dags/spotify_etl_dag.py
[2025-01-29T23:48:42.263+0000] {logging_mixin.py:188} INFO - [2025-01-29T23:48:42.262+0000] {dag.py:3036} INFO - Sync 1 DAGs
[2025-01-29T23:48:42.324+0000] {logging_mixin.py:188} INFO - [2025-01-29T23:48:42.324+0000] {dag.py:3823} INFO - Setting next_dagrun for spotify_etl to 2025-01-29 00:00:00+00:00, run_after=2025-01-30 00:00:00+00:00
[2025-01-29T23:48:42.367+0000] {processor.py:183} INFO - Processing /opt/airflow/dags/spotify_etl_dag.py took 0.446 seconds
[2025-01-29T23:49:12.460+0000] {processor.py:161} INFO - Started process (PID=1863) to work on /opt/airflow/dags/spotify_etl_dag.py
[2025-01-29T23:49:12.461+0000] {processor.py:830} INFO - Processing file /opt/airflow/dags/spotify_etl_dag.py for tasks to queue
[2025-01-29T23:49:12.462+0000] {logging_mixin.py:188} INFO - [2025-01-29T23:49:12.462+0000] {dagbag.py:538} INFO - Filling up the DagBag from /opt/airflow/dags/spotify_etl_dag.py
[2025-01-29T23:49:12.604+0000] {processor.py:840} INFO - DAG(s) 'spotify_etl' retrieved from /opt/airflow/dags/spotify_etl_dag.py
[2025-01-29T23:49:12.625+0000] {logging_mixin.py:188} INFO - [2025-01-29T23:49:12.625+0000] {dag.py:3036} INFO - Sync 1 DAGs
[2025-01-29T23:49:12.658+0000] {logging_mixin.py:188} INFO - [2025-01-29T23:49:12.658+0000] {dag.py:3823} INFO - Setting next_dagrun for spotify_etl to 2025-01-29 00:00:00+00:00, run_after=2025-01-30 00:00:00+00:00
[2025-01-29T23:49:12.685+0000] {processor.py:183} INFO - Processing /opt/airflow/dags/spotify_etl_dag.py took 0.228 seconds
[2025-01-29T23:49:43.292+0000] {processor.py:161} INFO - Started process (PID=1919) to work on /opt/airflow/dags/spotify_etl_dag.py
[2025-01-29T23:49:43.294+0000] {processor.py:830} INFO - Processing file /opt/airflow/dags/spotify_etl_dag.py for tasks to queue
[2025-01-29T23:49:43.296+0000] {logging_mixin.py:188} INFO - [2025-01-29T23:49:43.295+0000] {dagbag.py:538} INFO - Filling up the DagBag from /opt/airflow/dags/spotify_etl_dag.py
[2025-01-29T23:49:43.649+0000] {processor.py:840} INFO - DAG(s) 'spotify_etl' retrieved from /opt/airflow/dags/spotify_etl_dag.py
[2025-01-29T23:49:43.680+0000] {logging_mixin.py:188} INFO - [2025-01-29T23:49:43.680+0000] {dag.py:3036} INFO - Sync 1 DAGs
[2025-01-29T23:49:43.731+0000] {logging_mixin.py:188} INFO - [2025-01-29T23:49:43.730+0000] {dag.py:3823} INFO - Setting next_dagrun for spotify_etl to 2025-01-29 00:00:00+00:00, run_after=2025-01-30 00:00:00+00:00
[2025-01-29T23:49:43.776+0000] {processor.py:183} INFO - Processing /opt/airflow/dags/spotify_etl_dag.py took 0.490 seconds
[2025-01-29T23:50:15.022+0000] {processor.py:161} INFO - Started process (PID=1975) to work on /opt/airflow/dags/spotify_etl_dag.py
[2025-01-29T23:50:15.033+0000] {processor.py:830} INFO - Processing file /opt/airflow/dags/spotify_etl_dag.py for tasks to queue
[2025-01-29T23:50:15.045+0000] {logging_mixin.py:188} INFO - [2025-01-29T23:50:15.037+0000] {dagbag.py:538} INFO - Filling up the DagBag from /opt/airflow/dags/spotify_etl_dag.py
[2025-01-29T23:50:16.252+0000] {processor.py:840} INFO - DAG(s) 'spotify_etl' retrieved from /opt/airflow/dags/spotify_etl_dag.py
[2025-01-29T23:50:16.356+0000] {logging_mixin.py:188} INFO - [2025-01-29T23:50:16.356+0000] {dag.py:3036} INFO - Sync 1 DAGs
[2025-01-29T23:50:16.608+0000] {logging_mixin.py:188} INFO - [2025-01-29T23:50:16.607+0000] {dag.py:3823} INFO - Setting next_dagrun for spotify_etl to 2025-01-29 00:00:00+00:00, run_after=2025-01-30 00:00:00+00:00
[2025-01-29T23:50:17.065+0000] {processor.py:183} INFO - Processing /opt/airflow/dags/spotify_etl_dag.py took 2.054 seconds
[2025-01-29T23:50:47.246+0000] {processor.py:161} INFO - Started process (PID=2033) to work on /opt/airflow/dags/spotify_etl_dag.py
[2025-01-29T23:50:47.255+0000] {processor.py:830} INFO - Processing file /opt/airflow/dags/spotify_etl_dag.py for tasks to queue
[2025-01-29T23:50:47.258+0000] {logging_mixin.py:188} INFO - [2025-01-29T23:50:47.257+0000] {dagbag.py:538} INFO - Filling up the DagBag from /opt/airflow/dags/spotify_etl_dag.py
[2025-01-29T23:50:47.750+0000] {processor.py:840} INFO - DAG(s) 'spotify_etl' retrieved from /opt/airflow/dags/spotify_etl_dag.py
[2025-01-29T23:50:47.807+0000] {logging_mixin.py:188} INFO - [2025-01-29T23:50:47.806+0000] {dag.py:3036} INFO - Sync 1 DAGs
[2025-01-29T23:50:47.888+0000] {logging_mixin.py:188} INFO - [2025-01-29T23:50:47.887+0000] {dag.py:3823} INFO - Setting next_dagrun for spotify_etl to 2025-01-29 00:00:00+00:00, run_after=2025-01-30 00:00:00+00:00
[2025-01-29T23:50:47.958+0000] {processor.py:183} INFO - Processing /opt/airflow/dags/spotify_etl_dag.py took 0.720 seconds
[2025-01-29T23:51:18.091+0000] {processor.py:161} INFO - Started process (PID=2089) to work on /opt/airflow/dags/spotify_etl_dag.py
[2025-01-29T23:51:18.092+0000] {processor.py:830} INFO - Processing file /opt/airflow/dags/spotify_etl_dag.py for tasks to queue
[2025-01-29T23:51:18.093+0000] {logging_mixin.py:188} INFO - [2025-01-29T23:51:18.093+0000] {dagbag.py:538} INFO - Filling up the DagBag from /opt/airflow/dags/spotify_etl_dag.py
[2025-01-29T23:51:18.250+0000] {processor.py:840} INFO - DAG(s) 'spotify_etl' retrieved from /opt/airflow/dags/spotify_etl_dag.py
[2025-01-29T23:51:18.279+0000] {logging_mixin.py:188} INFO - [2025-01-29T23:51:18.279+0000] {dag.py:3036} INFO - Sync 1 DAGs
[2025-01-29T23:51:18.322+0000] {logging_mixin.py:188} INFO - [2025-01-29T23:51:18.322+0000] {dag.py:3823} INFO - Setting next_dagrun for spotify_etl to 2025-01-29 00:00:00+00:00, run_after=2025-01-30 00:00:00+00:00
[2025-01-29T23:51:18.352+0000] {processor.py:183} INFO - Processing /opt/airflow/dags/spotify_etl_dag.py took 0.264 seconds
[2025-01-29T23:51:48.820+0000] {processor.py:161} INFO - Started process (PID=2145) to work on /opt/airflow/dags/spotify_etl_dag.py
[2025-01-29T23:51:48.823+0000] {processor.py:830} INFO - Processing file /opt/airflow/dags/spotify_etl_dag.py for tasks to queue
[2025-01-29T23:51:48.827+0000] {logging_mixin.py:188} INFO - [2025-01-29T23:51:48.826+0000] {dagbag.py:538} INFO - Filling up the DagBag from /opt/airflow/dags/spotify_etl_dag.py
[2025-01-29T23:51:49.280+0000] {processor.py:840} INFO - DAG(s) 'spotify_etl' retrieved from /opt/airflow/dags/spotify_etl_dag.py
[2025-01-29T23:51:49.380+0000] {logging_mixin.py:188} INFO - [2025-01-29T23:51:49.379+0000] {dag.py:3036} INFO - Sync 1 DAGs
[2025-01-29T23:51:50.114+0000] {logging_mixin.py:188} INFO - [2025-01-29T23:51:50.113+0000] {dag.py:3823} INFO - Setting next_dagrun for spotify_etl to 2025-01-29 00:00:00+00:00, run_after=2025-01-30 00:00:00+00:00
[2025-01-29T23:51:50.183+0000] {processor.py:183} INFO - Processing /opt/airflow/dags/spotify_etl_dag.py took 1.375 seconds
[2025-01-29T23:52:20.456+0000] {processor.py:161} INFO - Started process (PID=2204) to work on /opt/airflow/dags/spotify_etl_dag.py
[2025-01-29T23:52:20.460+0000] {processor.py:830} INFO - Processing file /opt/airflow/dags/spotify_etl_dag.py for tasks to queue
[2025-01-29T23:52:20.463+0000] {logging_mixin.py:188} INFO - [2025-01-29T23:52:20.462+0000] {dagbag.py:538} INFO - Filling up the DagBag from /opt/airflow/dags/spotify_etl_dag.py
[2025-01-29T23:52:21.416+0000] {processor.py:840} INFO - DAG(s) 'spotify_etl' retrieved from /opt/airflow/dags/spotify_etl_dag.py
[2025-01-29T23:52:22.600+0000] {logging_mixin.py:188} INFO - [2025-01-29T23:52:22.599+0000] {dag.py:3036} INFO - Sync 1 DAGs
[2025-01-29T23:52:22.743+0000] {logging_mixin.py:188} INFO - [2025-01-29T23:52:22.742+0000] {dag.py:3823} INFO - Setting next_dagrun for spotify_etl to 2025-01-29 00:00:00+00:00, run_after=2025-01-30 00:00:00+00:00
[2025-01-29T23:52:22.994+0000] {processor.py:183} INFO - Processing /opt/airflow/dags/spotify_etl_dag.py took 2.547 seconds
[2025-01-29T23:52:53.668+0000] {processor.py:161} INFO - Started process (PID=2262) to work on /opt/airflow/dags/spotify_etl_dag.py
[2025-01-29T23:52:53.671+0000] {processor.py:830} INFO - Processing file /opt/airflow/dags/spotify_etl_dag.py for tasks to queue
[2025-01-29T23:52:53.675+0000] {logging_mixin.py:188} INFO - [2025-01-29T23:52:53.674+0000] {dagbag.py:538} INFO - Filling up the DagBag from /opt/airflow/dags/spotify_etl_dag.py
[2025-01-29T23:52:54.485+0000] {processor.py:840} INFO - DAG(s) 'spotify_etl' retrieved from /opt/airflow/dags/spotify_etl_dag.py
[2025-01-29T23:52:54.988+0000] {logging_mixin.py:188} INFO - [2025-01-29T23:52:54.987+0000] {dag.py:3036} INFO - Sync 1 DAGs
[2025-01-29T23:52:55.211+0000] {logging_mixin.py:188} INFO - [2025-01-29T23:52:55.200+0000] {dag.py:3823} INFO - Setting next_dagrun for spotify_etl to 2025-01-29 00:00:00+00:00, run_after=2025-01-30 00:00:00+00:00
[2025-01-29T23:52:55.571+0000] {processor.py:183} INFO - Processing /opt/airflow/dags/spotify_etl_dag.py took 1.927 seconds
[2025-01-29T23:53:26.183+0000] {processor.py:161} INFO - Started process (PID=2320) to work on /opt/airflow/dags/spotify_etl_dag.py
[2025-01-29T23:53:26.185+0000] {processor.py:830} INFO - Processing file /opt/airflow/dags/spotify_etl_dag.py for tasks to queue
[2025-01-29T23:53:26.187+0000] {logging_mixin.py:188} INFO - [2025-01-29T23:53:26.187+0000] {dagbag.py:538} INFO - Filling up the DagBag from /opt/airflow/dags/spotify_etl_dag.py
[2025-01-29T23:53:26.623+0000] {processor.py:840} INFO - DAG(s) 'spotify_etl' retrieved from /opt/airflow/dags/spotify_etl_dag.py
[2025-01-29T23:53:26.682+0000] {logging_mixin.py:188} INFO - [2025-01-29T23:53:26.681+0000] {dag.py:3036} INFO - Sync 1 DAGs
[2025-01-29T23:53:27.227+0000] {logging_mixin.py:188} INFO - [2025-01-29T23:53:27.226+0000] {dag.py:3823} INFO - Setting next_dagrun for spotify_etl to 2025-01-29 00:00:00+00:00, run_after=2025-01-30 00:00:00+00:00
[2025-01-29T23:53:27.298+0000] {processor.py:183} INFO - Processing /opt/airflow/dags/spotify_etl_dag.py took 1.122 seconds
[2025-01-29T23:53:58.067+0000] {processor.py:161} INFO - Started process (PID=2383) to work on /opt/airflow/dags/spotify_etl_dag.py
[2025-01-29T23:53:58.069+0000] {processor.py:830} INFO - Processing file /opt/airflow/dags/spotify_etl_dag.py for tasks to queue
[2025-01-29T23:53:58.071+0000] {logging_mixin.py:188} INFO - [2025-01-29T23:53:58.070+0000] {dagbag.py:538} INFO - Filling up the DagBag from /opt/airflow/dags/spotify_etl_dag.py
[2025-01-29T23:53:58.548+0000] {processor.py:840} INFO - DAG(s) 'spotify_etl' retrieved from /opt/airflow/dags/spotify_etl_dag.py
[2025-01-29T23:53:58.584+0000] {logging_mixin.py:188} INFO - [2025-01-29T23:53:58.583+0000] {dag.py:3036} INFO - Sync 1 DAGs
[2025-01-29T23:53:58.877+0000] {logging_mixin.py:188} INFO - [2025-01-29T23:53:58.876+0000] {dag.py:3823} INFO - Setting next_dagrun for spotify_etl to 2025-01-29 00:00:00+00:00, run_after=2025-01-30 00:00:00+00:00
[2025-01-29T23:53:58.922+0000] {processor.py:183} INFO - Processing /opt/airflow/dags/spotify_etl_dag.py took 0.864 seconds
[2025-01-29T23:54:30.035+0000] {processor.py:161} INFO - Started process (PID=2441) to work on /opt/airflow/dags/spotify_etl_dag.py
[2025-01-29T23:54:30.038+0000] {processor.py:830} INFO - Processing file /opt/airflow/dags/spotify_etl_dag.py for tasks to queue
[2025-01-29T23:54:30.054+0000] {logging_mixin.py:188} INFO - [2025-01-29T23:54:30.054+0000] {dagbag.py:538} INFO - Filling up the DagBag from /opt/airflow/dags/spotify_etl_dag.py
[2025-01-29T23:54:30.851+0000] {processor.py:840} INFO - DAG(s) 'spotify_etl' retrieved from /opt/airflow/dags/spotify_etl_dag.py
[2025-01-29T23:54:30.926+0000] {logging_mixin.py:188} INFO - [2025-01-29T23:54:30.924+0000] {dag.py:3036} INFO - Sync 1 DAGs
[2025-01-29T23:54:31.016+0000] {logging_mixin.py:188} INFO - [2025-01-29T23:54:31.015+0000] {dag.py:3823} INFO - Setting next_dagrun for spotify_etl to 2025-01-29 00:00:00+00:00, run_after=2025-01-30 00:00:00+00:00
[2025-01-29T23:54:31.399+0000] {processor.py:183} INFO - Processing /opt/airflow/dags/spotify_etl_dag.py took 1.442 seconds
[2025-01-29T23:55:01.844+0000] {processor.py:161} INFO - Started process (PID=2499) to work on /opt/airflow/dags/spotify_etl_dag.py
[2025-01-29T23:55:01.846+0000] {processor.py:830} INFO - Processing file /opt/airflow/dags/spotify_etl_dag.py for tasks to queue
[2025-01-29T23:55:01.848+0000] {logging_mixin.py:188} INFO - [2025-01-29T23:55:01.848+0000] {dagbag.py:538} INFO - Filling up the DagBag from /opt/airflow/dags/spotify_etl_dag.py
[2025-01-29T23:55:02.098+0000] {processor.py:840} INFO - DAG(s) 'spotify_etl' retrieved from /opt/airflow/dags/spotify_etl_dag.py
[2025-01-29T23:55:02.139+0000] {logging_mixin.py:188} INFO - [2025-01-29T23:55:02.138+0000] {dag.py:3036} INFO - Sync 1 DAGs
[2025-01-29T23:55:02.207+0000] {logging_mixin.py:188} INFO - [2025-01-29T23:55:02.207+0000] {dag.py:3823} INFO - Setting next_dagrun for spotify_etl to 2025-01-29 00:00:00+00:00, run_after=2025-01-30 00:00:00+00:00
[2025-01-29T23:55:02.256+0000] {processor.py:183} INFO - Processing /opt/airflow/dags/spotify_etl_dag.py took 0.423 seconds
[2025-01-29T23:55:33.007+0000] {processor.py:161} INFO - Started process (PID=2554) to work on /opt/airflow/dags/spotify_etl_dag.py
[2025-01-29T23:55:33.017+0000] {processor.py:830} INFO - Processing file /opt/airflow/dags/spotify_etl_dag.py for tasks to queue
[2025-01-29T23:55:33.020+0000] {logging_mixin.py:188} INFO - [2025-01-29T23:55:33.019+0000] {dagbag.py:538} INFO - Filling up the DagBag from /opt/airflow/dags/spotify_etl_dag.py
[2025-01-29T23:55:33.586+0000] {processor.py:840} INFO - DAG(s) 'spotify_etl' retrieved from /opt/airflow/dags/spotify_etl_dag.py
[2025-01-29T23:55:33.645+0000] {logging_mixin.py:188} INFO - [2025-01-29T23:55:33.644+0000] {dag.py:3036} INFO - Sync 1 DAGs
[2025-01-29T23:55:33.708+0000] {logging_mixin.py:188} INFO - [2025-01-29T23:55:33.707+0000] {dag.py:3823} INFO - Setting next_dagrun for spotify_etl to 2025-01-29 00:00:00+00:00, run_after=2025-01-30 00:00:00+00:00
[2025-01-29T23:55:33.787+0000] {processor.py:183} INFO - Processing /opt/airflow/dags/spotify_etl_dag.py took 0.787 seconds
[2025-01-29T23:56:04.423+0000] {processor.py:161} INFO - Started process (PID=2611) to work on /opt/airflow/dags/spotify_etl_dag.py
[2025-01-29T23:56:04.426+0000] {processor.py:830} INFO - Processing file /opt/airflow/dags/spotify_etl_dag.py for tasks to queue
[2025-01-29T23:56:04.429+0000] {logging_mixin.py:188} INFO - [2025-01-29T23:56:04.428+0000] {dagbag.py:538} INFO - Filling up the DagBag from /opt/airflow/dags/spotify_etl_dag.py
[2025-01-29T23:56:05.496+0000] {processor.py:840} INFO - DAG(s) 'spotify_etl' retrieved from /opt/airflow/dags/spotify_etl_dag.py
[2025-01-29T23:56:05.546+0000] {logging_mixin.py:188} INFO - [2025-01-29T23:56:05.545+0000] {dag.py:3036} INFO - Sync 1 DAGs
[2025-01-29T23:56:05.634+0000] {logging_mixin.py:188} INFO - [2025-01-29T23:56:05.634+0000] {dag.py:3823} INFO - Setting next_dagrun for spotify_etl to 2025-01-29 00:00:00+00:00, run_after=2025-01-30 00:00:00+00:00
[2025-01-29T23:56:05.725+0000] {processor.py:183} INFO - Processing /opt/airflow/dags/spotify_etl_dag.py took 1.318 seconds
[2025-01-29T23:56:36.027+0000] {processor.py:161} INFO - Started process (PID=2668) to work on /opt/airflow/dags/spotify_etl_dag.py
[2025-01-29T23:56:36.029+0000] {processor.py:830} INFO - Processing file /opt/airflow/dags/spotify_etl_dag.py for tasks to queue
[2025-01-29T23:56:36.032+0000] {logging_mixin.py:188} INFO - [2025-01-29T23:56:36.032+0000] {dagbag.py:538} INFO - Filling up the DagBag from /opt/airflow/dags/spotify_etl_dag.py
[2025-01-29T23:56:36.440+0000] {processor.py:840} INFO - DAG(s) 'spotify_etl' retrieved from /opt/airflow/dags/spotify_etl_dag.py
[2025-01-29T23:56:36.466+0000] {logging_mixin.py:188} INFO - [2025-01-29T23:56:36.466+0000] {dag.py:3036} INFO - Sync 1 DAGs
[2025-01-29T23:56:36.504+0000] {logging_mixin.py:188} INFO - [2025-01-29T23:56:36.504+0000] {dag.py:3823} INFO - Setting next_dagrun for spotify_etl to 2025-01-29 00:00:00+00:00, run_after=2025-01-30 00:00:00+00:00
[2025-01-29T23:56:36.534+0000] {processor.py:183} INFO - Processing /opt/airflow/dags/spotify_etl_dag.py took 0.512 seconds
[2025-01-29T23:57:08.922+0000] {processor.py:161} INFO - Started process (PID=2724) to work on /opt/airflow/dags/spotify_etl_dag.py
[2025-01-29T23:57:08.935+0000] {processor.py:830} INFO - Processing file /opt/airflow/dags/spotify_etl_dag.py for tasks to queue
[2025-01-29T23:57:08.983+0000] {logging_mixin.py:188} INFO - [2025-01-29T23:57:08.968+0000] {dagbag.py:538} INFO - Filling up the DagBag from /opt/airflow/dags/spotify_etl_dag.py
[2025-01-29T23:57:10.540+0000] {processor.py:840} INFO - DAG(s) 'spotify_etl' retrieved from /opt/airflow/dags/spotify_etl_dag.py
[2025-01-29T23:57:11.108+0000] {logging_mixin.py:188} INFO - [2025-01-29T23:57:11.107+0000] {dag.py:3036} INFO - Sync 1 DAGs
[2025-01-29T23:57:11.264+0000] {logging_mixin.py:188} INFO - [2025-01-29T23:57:11.263+0000] {dag.py:3823} INFO - Setting next_dagrun for spotify_etl to 2025-01-29 00:00:00+00:00, run_after=2025-01-30 00:00:00+00:00
[2025-01-29T23:57:11.419+0000] {processor.py:183} INFO - Processing /opt/airflow/dags/spotify_etl_dag.py took 2.516 seconds
[2025-01-29T23:57:42.121+0000] {processor.py:161} INFO - Started process (PID=2782) to work on /opt/airflow/dags/spotify_etl_dag.py
[2025-01-29T23:57:42.124+0000] {processor.py:830} INFO - Processing file /opt/airflow/dags/spotify_etl_dag.py for tasks to queue
[2025-01-29T23:57:42.127+0000] {logging_mixin.py:188} INFO - [2025-01-29T23:57:42.126+0000] {dagbag.py:538} INFO - Filling up the DagBag from /opt/airflow/dags/spotify_etl_dag.py
[2025-01-29T23:57:43.058+0000] {processor.py:840} INFO - DAG(s) 'spotify_etl' retrieved from /opt/airflow/dags/spotify_etl_dag.py
[2025-01-29T23:57:43.671+0000] {logging_mixin.py:188} INFO - [2025-01-29T23:57:43.665+0000] {dag.py:3036} INFO - Sync 1 DAGs
[2025-01-29T23:57:43.744+0000] {logging_mixin.py:188} INFO - [2025-01-29T23:57:43.743+0000] {dag.py:3823} INFO - Setting next_dagrun for spotify_etl to 2025-01-29 00:00:00+00:00, run_after=2025-01-30 00:00:00+00:00
[2025-01-29T23:57:43.809+0000] {processor.py:183} INFO - Processing /opt/airflow/dags/spotify_etl_dag.py took 1.701 seconds
[2025-01-29T23:58:15.282+0000] {processor.py:161} INFO - Started process (PID=2839) to work on /opt/airflow/dags/spotify_etl_dag.py
[2025-01-29T23:58:15.285+0000] {processor.py:830} INFO - Processing file /opt/airflow/dags/spotify_etl_dag.py for tasks to queue
[2025-01-29T23:58:15.289+0000] {logging_mixin.py:188} INFO - [2025-01-29T23:58:15.288+0000] {dagbag.py:538} INFO - Filling up the DagBag from /opt/airflow/dags/spotify_etl_dag.py
[2025-01-29T23:58:15.652+0000] {processor.py:840} INFO - DAG(s) 'spotify_etl' retrieved from /opt/airflow/dags/spotify_etl_dag.py
[2025-01-29T23:58:15.714+0000] {logging_mixin.py:188} INFO - [2025-01-29T23:58:15.713+0000] {dag.py:3036} INFO - Sync 1 DAGs
[2025-01-29T23:58:15.804+0000] {logging_mixin.py:188} INFO - [2025-01-29T23:58:15.803+0000] {dag.py:3823} INFO - Setting next_dagrun for spotify_etl to 2025-01-29 00:00:00+00:00, run_after=2025-01-30 00:00:00+00:00
[2025-01-29T23:58:15.864+0000] {processor.py:183} INFO - Processing /opt/airflow/dags/spotify_etl_dag.py took 0.591 seconds
[2025-01-29T23:58:47.700+0000] {processor.py:161} INFO - Started process (PID=2894) to work on /opt/airflow/dags/spotify_etl_dag.py
[2025-01-29T23:58:47.714+0000] {processor.py:830} INFO - Processing file /opt/airflow/dags/spotify_etl_dag.py for tasks to queue
[2025-01-29T23:58:47.717+0000] {logging_mixin.py:188} INFO - [2025-01-29T23:58:47.716+0000] {dagbag.py:538} INFO - Filling up the DagBag from /opt/airflow/dags/spotify_etl_dag.py
[2025-01-29T23:58:48.892+0000] {processor.py:840} INFO - DAG(s) 'spotify_etl' retrieved from /opt/airflow/dags/spotify_etl_dag.py
[2025-01-29T23:58:49.021+0000] {logging_mixin.py:188} INFO - [2025-01-29T23:58:49.020+0000] {dag.py:3036} INFO - Sync 1 DAGs
[2025-01-29T23:58:49.206+0000] {logging_mixin.py:188} INFO - [2025-01-29T23:58:49.205+0000] {dag.py:3823} INFO - Setting next_dagrun for spotify_etl to 2025-01-29 00:00:00+00:00, run_after=2025-01-30 00:00:00+00:00
[2025-01-29T23:58:49.343+0000] {processor.py:183} INFO - Processing /opt/airflow/dags/spotify_etl_dag.py took 1.650 seconds
[2025-01-29T23:59:19.875+0000] {processor.py:161} INFO - Started process (PID=2949) to work on /opt/airflow/dags/spotify_etl_dag.py
[2025-01-29T23:59:19.878+0000] {processor.py:830} INFO - Processing file /opt/airflow/dags/spotify_etl_dag.py for tasks to queue
[2025-01-29T23:59:19.889+0000] {logging_mixin.py:188} INFO - [2025-01-29T23:59:19.888+0000] {dagbag.py:538} INFO - Filling up the DagBag from /opt/airflow/dags/spotify_etl_dag.py
[2025-01-29T23:59:20.527+0000] {processor.py:840} INFO - DAG(s) 'spotify_etl' retrieved from /opt/airflow/dags/spotify_etl_dag.py
[2025-01-29T23:59:20.588+0000] {logging_mixin.py:188} INFO - [2025-01-29T23:59:20.588+0000] {dag.py:3036} INFO - Sync 1 DAGs
[2025-01-29T23:59:20.692+0000] {logging_mixin.py:188} INFO - [2025-01-29T23:59:20.691+0000] {dag.py:3823} INFO - Setting next_dagrun for spotify_etl to 2025-01-29 00:00:00+00:00, run_after=2025-01-30 00:00:00+00:00
[2025-01-29T23:59:20.784+0000] {processor.py:183} INFO - Processing /opt/airflow/dags/spotify_etl_dag.py took 0.928 seconds
[2025-01-29T23:59:50.998+0000] {processor.py:161} INFO - Started process (PID=3005) to work on /opt/airflow/dags/spotify_etl_dag.py
[2025-01-29T23:59:51.000+0000] {processor.py:830} INFO - Processing file /opt/airflow/dags/spotify_etl_dag.py for tasks to queue
[2025-01-29T23:59:51.002+0000] {logging_mixin.py:188} INFO - [2025-01-29T23:59:51.001+0000] {dagbag.py:538} INFO - Filling up the DagBag from /opt/airflow/dags/spotify_etl_dag.py
[2025-01-29T23:59:51.385+0000] {processor.py:840} INFO - DAG(s) 'spotify_etl' retrieved from /opt/airflow/dags/spotify_etl_dag.py
[2025-01-29T23:59:51.441+0000] {logging_mixin.py:188} INFO - [2025-01-29T23:59:51.440+0000] {dag.py:3036} INFO - Sync 1 DAGs
[2025-01-29T23:59:51.525+0000] {logging_mixin.py:188} INFO - [2025-01-29T23:59:51.524+0000] {dag.py:3823} INFO - Setting next_dagrun for spotify_etl to 2025-01-29 00:00:00+00:00, run_after=2025-01-30 00:00:00+00:00
[2025-01-29T23:59:51.583+0000] {processor.py:183} INFO - Processing /opt/airflow/dags/spotify_etl_dag.py took 0.595 seconds
